[2025-10-11T18:42:40.815+0000] {local_task_job_runner.py:120} INFO - ::group::Pre task execution logs
[2025-10-11T18:42:40.852+0000] {taskinstance.py:2073} INFO - Dependencies all met for dep_context=non-requeueable deps ti=<TaskInstance: OpenFlightsDataIngestion.group_airport_extended.truncate_table_airport_extended manual__2025-10-11T18:42:33.157168+00:00 [queued]>
[2025-10-11T18:42:40.864+0000] {taskinstance.py:2073} INFO - Dependencies all met for dep_context=requeueable deps ti=<TaskInstance: OpenFlightsDataIngestion.group_airport_extended.truncate_table_airport_extended manual__2025-10-11T18:42:33.157168+00:00 [queued]>
[2025-10-11T18:42:40.865+0000] {taskinstance.py:2303} INFO - Starting attempt 1 of 1
[2025-10-11T18:42:40.886+0000] {taskinstance.py:2327} INFO - Executing <Task(PythonOperator): group_airport_extended.truncate_table_airport_extended> on 2025-10-11 18:42:33.157168+00:00
[2025-10-11T18:42:40.895+0000] {warnings.py:110} WARNING - /home/***/.local/lib/python3.12/site-packages/***/task/task_runner/standard_task_runner.py:61: DeprecationWarning: This process (pid=243) is multi-threaded, use of fork() may lead to deadlocks in the child.
  pid = os.fork()

[2025-10-11T18:42:40.898+0000] {standard_task_runner.py:63} INFO - Started process 256 to run task
[2025-10-11T18:42:40.899+0000] {standard_task_runner.py:90} INFO - Running: ['***', 'tasks', 'run', 'OpenFlightsDataIngestion', 'group_airport_extended.truncate_table_airport_extended', 'manual__2025-10-11T18:42:33.157168+00:00', '--job-id', '126', '--raw', '--subdir', 'DAGS_FOLDER/openflights_dag.py', '--cfg-path', '/tmp/tmpvqh988zf']
[2025-10-11T18:42:40.904+0000] {standard_task_runner.py:91} INFO - Job 126: Subtask group_airport_extended.truncate_table_airport_extended
[2025-10-11T18:42:40.979+0000] {task_command.py:426} INFO - Running <TaskInstance: OpenFlightsDataIngestion.group_airport_extended.truncate_table_airport_extended manual__2025-10-11T18:42:33.157168+00:00 [running]> on host dc3f0ff817bf
[2025-10-11T18:42:41.124+0000] {taskinstance.py:2644} INFO - Exporting env vars: AIRFLOW_CTX_DAG_OWNER='***' AIRFLOW_CTX_DAG_ID='OpenFlightsDataIngestion' AIRFLOW_CTX_TASK_ID='group_airport_extended.truncate_table_airport_extended' AIRFLOW_CTX_EXECUTION_DATE='2025-10-11T18:42:33.157168+00:00' AIRFLOW_CTX_TRY_NUMBER='1' AIRFLOW_CTX_DAG_RUN_ID='manual__2025-10-11T18:42:33.157168+00:00'
[2025-10-11T18:42:41.127+0000] {taskinstance.py:430} INFO - ::endgroup::
[2025-10-11T18:42:41.143+0000] {base.py:84} INFO - Using connection ID 'maria_db_default' for task execution.
[2025-10-11T18:42:41.145+0000] {mariadb_hook.py:37} INFO - Connecting to MariaDB database: 
[2025-10-11T18:42:41.149+0000] {sql.py:457} INFO - Running statement: 
        SELECT COUNT(*) 
        FROM information_schema.tables 
        WHERE table_schema = 'open_flights_data' 
          AND table_name = 'airports_extended';
    , parameters: None
[2025-10-11T18:42:41.151+0000] {sql.py:466} INFO - Rows affected: 1
[2025-10-11T18:42:41.152+0000] {warnings.py:110} WARNING - /home/***/.local/lib/python3.12/site-packages/***/providers/common/sql/hooks/sql.py:407: AirflowProviderDeprecationWarning: Call to deprecated method _make_common_data_structure. (The `_make_serializable` method is deprecated and support will be removed in a future version of the common.sql provider. Please update the DbApiHook's provider to a version based on common.sql >= 1.9.1.)
  result = self._make_common_data_structure(handler(cur))

[2025-10-11T18:42:41.153+0000] {logging_mixin.py:188} INFO - Table `open_flights_data.airports_extended` does not exist. Skipping truncation.
[2025-10-11T18:42:41.154+0000] {python.py:237} INFO - Done. Returned value was: None
[2025-10-11T18:42:41.155+0000] {taskinstance.py:441} INFO - ::group::Post task execution logs
[2025-10-11T18:42:41.170+0000] {taskinstance.py:1205} INFO - Marking task as SUCCESS. dag_id=OpenFlightsDataIngestion, task_id=group_airport_extended.truncate_table_airport_extended, execution_date=20251011T184233, start_date=20251011T184240, end_date=20251011T184241
[2025-10-11T18:42:41.204+0000] {local_task_job_runner.py:240} INFO - Task exited with return code 0
[2025-10-11T18:42:41.298+0000] {taskinstance.py:3482} INFO - 1 downstream tasks scheduled from follow-on schedule check
[2025-10-11T18:42:41.300+0000] {local_task_job_runner.py:222} INFO - ::endgroup::
