[2025-10-13T12:13:44.881+0000] {local_task_job_runner.py:120} INFO - ::group::Pre task execution logs
[2025-10-13T12:13:44.932+0000] {taskinstance.py:2073} INFO - Dependencies all met for dep_context=non-requeueable deps ti=<TaskInstance: OpenFlightsDataIngestion_SFTP.group_routes.download_routes manual__2025-10-13T12:13:40.789273+00:00 [queued]>
[2025-10-13T12:13:44.951+0000] {taskinstance.py:2073} INFO - Dependencies all met for dep_context=requeueable deps ti=<TaskInstance: OpenFlightsDataIngestion_SFTP.group_routes.download_routes manual__2025-10-13T12:13:40.789273+00:00 [queued]>
[2025-10-13T12:13:44.952+0000] {taskinstance.py:2303} INFO - Starting attempt 1 of 4
[2025-10-13T12:13:44.995+0000] {taskinstance.py:2327} INFO - Executing <Task(PythonOperator): group_routes.download_routes> on 2025-10-13 12:13:40.789273+00:00
[2025-10-13T12:13:45.009+0000] {warnings.py:110} WARNING - /home/***/.local/lib/python3.12/site-packages/***/task/task_runner/standard_task_runner.py:61: DeprecationWarning: This process (pid=277) is multi-threaded, use of fork() may lead to deadlocks in the child.
  pid = os.fork()

[2025-10-13T12:13:45.014+0000] {standard_task_runner.py:63} INFO - Started process 284 to run task
[2025-10-13T12:13:45.012+0000] {standard_task_runner.py:90} INFO - Running: ['***', 'tasks', 'run', 'OpenFlightsDataIngestion_SFTP', 'group_routes.download_routes', 'manual__2025-10-13T12:13:40.789273+00:00', '--job-id', '71', '--raw', '--subdir', 'DAGS_FOLDER/openflights_dag.py', '--cfg-path', '/tmp/tmpz6u6cs8f']
[2025-10-13T12:13:45.017+0000] {standard_task_runner.py:91} INFO - Job 71: Subtask group_routes.download_routes
[2025-10-13T12:13:45.158+0000] {task_command.py:426} INFO - Running <TaskInstance: OpenFlightsDataIngestion_SFTP.group_routes.download_routes manual__2025-10-13T12:13:40.789273+00:00 [running]> on host 165b2a8d6d15
[2025-10-13T12:13:45.447+0000] {taskinstance.py:2644} INFO - Exporting env vars: AIRFLOW_CTX_DAG_OWNER='***' AIRFLOW_CTX_DAG_ID='OpenFlightsDataIngestion_SFTP' AIRFLOW_CTX_TASK_ID='group_routes.download_routes' AIRFLOW_CTX_EXECUTION_DATE='2025-10-13T12:13:40.789273+00:00' AIRFLOW_CTX_TRY_NUMBER='1' AIRFLOW_CTX_DAG_RUN_ID='manual__2025-10-13T12:13:40.789273+00:00'
[2025-10-13T12:13:45.451+0000] {taskinstance.py:430} INFO - ::endgroup::
[2025-10-13T12:13:46.131+0000] {logging_mixin.py:188} INFO - Downloaded https://raw.githubusercontent.com/jpatokal/openflights/master/data/routes.dat -> /opt/***/dags/data/routes.dat
[2025-10-13T12:13:46.134+0000] {python.py:237} INFO - Done. Returned value was: None
[2025-10-13T12:13:46.136+0000] {taskinstance.py:441} INFO - ::group::Post task execution logs
[2025-10-13T12:13:46.150+0000] {taskinstance.py:1205} INFO - Marking task as SUCCESS. dag_id=OpenFlightsDataIngestion_SFTP, task_id=group_routes.download_routes, execution_date=20251013T121340, start_date=20251013T121344, end_date=20251013T121346
[2025-10-13T12:13:46.183+0000] {local_task_job_runner.py:240} INFO - Task exited with return code 0
[2025-10-13T12:13:46.285+0000] {taskinstance.py:3482} INFO - 1 downstream tasks scheduled from follow-on schedule check
[2025-10-13T12:13:46.287+0000] {local_task_job_runner.py:222} INFO - ::endgroup::
