[2025-10-11T16:08:34.980+0000] {local_task_job_runner.py:120} INFO - ::group::Pre task execution logs
[2025-10-11T16:08:35.019+0000] {taskinstance.py:2073} INFO - Dependencies all met for dep_context=non-requeueable deps ti=<TaskInstance: OpenFlightsDataIngestion.group_airport_extended.download_airport_extended manual__2025-10-11T16:08:31.971167+00:00 [queued]>
[2025-10-11T16:08:35.032+0000] {taskinstance.py:2073} INFO - Dependencies all met for dep_context=requeueable deps ti=<TaskInstance: OpenFlightsDataIngestion.group_airport_extended.download_airport_extended manual__2025-10-11T16:08:31.971167+00:00 [queued]>
[2025-10-11T16:08:35.032+0000] {taskinstance.py:2303} INFO - Starting attempt 1 of 1
[2025-10-11T16:08:35.056+0000] {taskinstance.py:2327} INFO - Executing <Task(PythonOperator): group_airport_extended.download_airport_extended> on 2025-10-11 16:08:31.971167+00:00
[2025-10-11T16:08:35.066+0000] {warnings.py:110} WARNING - /home/***/.local/lib/python3.12/site-packages/***/task/task_runner/standard_task_runner.py:61: DeprecationWarning: This process (pid=203) is multi-threaded, use of fork() may lead to deadlocks in the child.
  pid = os.fork()

[2025-10-11T16:08:35.070+0000] {standard_task_runner.py:63} INFO - Started process 213 to run task
[2025-10-11T16:08:35.072+0000] {standard_task_runner.py:90} INFO - Running: ['***', 'tasks', 'run', 'OpenFlightsDataIngestion', 'group_airport_extended.download_airport_extended', 'manual__2025-10-11T16:08:31.971167+00:00', '--job-id', '63', '--raw', '--subdir', 'DAGS_FOLDER/openflights_dag.py', '--cfg-path', '/tmp/tmpn5kaftst']
[2025-10-11T16:08:35.078+0000] {standard_task_runner.py:91} INFO - Job 63: Subtask group_airport_extended.download_airport_extended
[2025-10-11T16:08:35.176+0000] {task_command.py:426} INFO - Running <TaskInstance: OpenFlightsDataIngestion.group_airport_extended.download_airport_extended manual__2025-10-11T16:08:31.971167+00:00 [running]> on host 74db4dd39b04
[2025-10-11T16:08:35.338+0000] {taskinstance.py:2644} INFO - Exporting env vars: AIRFLOW_CTX_DAG_OWNER='***' AIRFLOW_CTX_DAG_ID='OpenFlightsDataIngestion' AIRFLOW_CTX_TASK_ID='group_airport_extended.download_airport_extended' AIRFLOW_CTX_EXECUTION_DATE='2025-10-11T16:08:31.971167+00:00' AIRFLOW_CTX_TRY_NUMBER='1' AIRFLOW_CTX_DAG_RUN_ID='manual__2025-10-11T16:08:31.971167+00:00'
[2025-10-11T16:08:35.341+0000] {taskinstance.py:430} INFO - ::endgroup::
[2025-10-11T16:08:36.125+0000] {python.py:237} INFO - Done. Returned value was: None
[2025-10-11T16:08:36.127+0000] {taskinstance.py:441} INFO - ::group::Post task execution logs
[2025-10-11T16:08:36.139+0000] {taskinstance.py:1205} INFO - Marking task as SUCCESS. dag_id=OpenFlightsDataIngestion, task_id=group_airport_extended.download_airport_extended, execution_date=20251011T160831, start_date=20251011T160835, end_date=20251011T160836
[2025-10-11T16:08:36.196+0000] {local_task_job_runner.py:240} INFO - Task exited with return code 0
[2025-10-11T16:08:36.213+0000] {warnings.py:110} WARNING - /home/***/.local/lib/python3.12/site-packages/***/models/baseoperator.py:1296: AirflowProviderDeprecationWarning: Call to deprecated class MariaDBOperator. (Please use `***.providers.common.sql.operators.sql.SQLExecuteQueryOperator`.Also, you can provide `hook_params={'schema': <database>}`.)
  result = cls.__new__(cls)

[2025-10-11T16:08:36.244+0000] {taskinstance.py:3482} INFO - 1 downstream tasks scheduled from follow-on schedule check
[2025-10-11T16:08:36.246+0000] {local_task_job_runner.py:222} INFO - ::endgroup::
