[2025-10-11T15:59:52.177+0000] {local_task_job_runner.py:120} INFO - ::group::Pre task execution logs
[2025-10-11T15:59:52.220+0000] {taskinstance.py:2073} INFO - Dependencies all met for dep_context=non-requeueable deps ti=<TaskInstance: OpenFlightsDataIngestion.group_airport_extended.truncate_table_airport_extended manual__2025-10-11T15:59:44.458400+00:00 [queued]>
[2025-10-11T15:59:52.232+0000] {taskinstance.py:2073} INFO - Dependencies all met for dep_context=requeueable deps ti=<TaskInstance: OpenFlightsDataIngestion.group_airport_extended.truncate_table_airport_extended manual__2025-10-11T15:59:44.458400+00:00 [queued]>
[2025-10-11T15:59:52.233+0000] {taskinstance.py:2303} INFO - Starting attempt 1 of 1
[2025-10-11T15:59:52.255+0000] {taskinstance.py:2327} INFO - Executing <Task(MariaDBOperator): group_airport_extended.truncate_table_airport_extended> on 2025-10-11 15:59:44.458400+00:00
[2025-10-11T15:59:52.264+0000] {warnings.py:110} WARNING - /home/***/.local/lib/python3.12/site-packages/***/task/task_runner/standard_task_runner.py:61: DeprecationWarning: This process (pid=184) is multi-threaded, use of fork() may lead to deadlocks in the child.
  pid = os.fork()

[2025-10-11T15:59:52.267+0000] {standard_task_runner.py:63} INFO - Started process 192 to run task
[2025-10-11T15:59:52.268+0000] {standard_task_runner.py:90} INFO - Running: ['***', 'tasks', 'run', 'OpenFlightsDataIngestion', 'group_airport_extended.truncate_table_airport_extended', 'manual__2025-10-11T15:59:44.458400+00:00', '--job-id', '54', '--raw', '--subdir', 'DAGS_FOLDER/openflights_dag.py', '--cfg-path', '/tmp/tmpfn_09gcn']
[2025-10-11T15:59:52.274+0000] {standard_task_runner.py:91} INFO - Job 54: Subtask group_airport_extended.truncate_table_airport_extended
[2025-10-11T15:59:52.357+0000] {task_command.py:426} INFO - Running <TaskInstance: OpenFlightsDataIngestion.group_airport_extended.truncate_table_airport_extended manual__2025-10-11T15:59:44.458400+00:00 [running]> on host 74db4dd39b04
[2025-10-11T15:59:52.499+0000] {taskinstance.py:2644} INFO - Exporting env vars: AIRFLOW_CTX_DAG_OWNER='***' AIRFLOW_CTX_DAG_ID='OpenFlightsDataIngestion' AIRFLOW_CTX_TASK_ID='group_airport_extended.truncate_table_airport_extended' AIRFLOW_CTX_EXECUTION_DATE='2025-10-11T15:59:44.458400+00:00' AIRFLOW_CTX_TRY_NUMBER='1' AIRFLOW_CTX_DAG_RUN_ID='manual__2025-10-11T15:59:44.458400+00:00'
[2025-10-11T15:59:52.504+0000] {taskinstance.py:430} INFO - ::endgroup::
[2025-10-11T15:59:52.506+0000] {sql.py:276} INFO - Executing: 
                Truncate table open_flights_data.airports_extended
                
[2025-10-11T15:59:52.520+0000] {base.py:84} INFO - Using connection ID 'maria_db_default' for task execution.
[2025-10-11T15:59:52.532+0000] {base.py:84} INFO - Using connection ID 'maria_db_default' for task execution.
[2025-10-11T15:59:52.533+0000] {mariadb_hook.py:37} INFO - Connecting to MariaDB database: 
[2025-10-11T15:59:52.538+0000] {sql.py:457} INFO - Running statement: 
                Truncate table open_flights_data.airports_extended
                , parameters: None
[2025-10-11T15:59:52.539+0000] {taskinstance.py:441} INFO - ::group::Post task execution logs
[2025-10-11T15:59:52.540+0000] {taskinstance.py:2890} ERROR - Task failed with exception
Traceback (most recent call last):
  File "/home/airflow/.local/lib/python3.12/site-packages/airflow/models/taskinstance.py", line 465, in _execute_task
    result = _execute_callable(context=context, **execute_callable_kwargs)
             ^^^^^^^^^^^^^^^^^^^^^^^^^^^^^^^^^^^^^^^^^^^^^^^^^^^^^^^^^^^^^
  File "/home/airflow/.local/lib/python3.12/site-packages/airflow/models/taskinstance.py", line 432, in _execute_callable
    return execute_callable(context=context, **execute_callable_kwargs)
           ^^^^^^^^^^^^^^^^^^^^^^^^^^^^^^^^^^^^^^^^^^^^^^^^^^^^^^^^^^^^
  File "/home/airflow/.local/lib/python3.12/site-packages/airflow/models/baseoperator.py", line 400, in wrapper
    return func(self, *args, **kwargs)
           ^^^^^^^^^^^^^^^^^^^^^^^^^^^
  File "/home/airflow/.local/lib/python3.12/site-packages/airflow/providers/common/sql/operators/sql.py", line 282, in execute
    output = hook.run(
             ^^^^^^^^^
  File "/home/airflow/.local/lib/python3.12/site-packages/airflow/providers/common/sql/hooks/sql.py", line 404, in run
    self._run_command(cur, sql_statement, parameters)
  File "/home/airflow/.local/lib/python3.12/site-packages/airflow/providers/common/sql/hooks/sql.py", line 462, in _run_command
    cur.execute(sql_statement)
  File "/home/airflow/.local/lib/python3.12/site-packages/mariadb/cursors.py", line 351, in execute
    self._readresponse()
mariadb.OperationalError: DROP command denied to user 'myuser'@'172.18.0.6' for table `open_flights_data`.`airports_extended`
[2025-10-11T15:59:52.558+0000] {taskinstance.py:1205} INFO - Marking task as FAILED. dag_id=OpenFlightsDataIngestion, task_id=group_airport_extended.truncate_table_airport_extended, execution_date=20251011T155944, start_date=20251011T155952, end_date=20251011T155952
[2025-10-11T15:59:52.592+0000] {standard_task_runner.py:110} ERROR - Failed to execute job 54 for task group_airport_extended.truncate_table_airport_extended (DROP command denied to user 'myuser'@'172.18.0.6' for table `open_flights_data`.`airports_extended`; 192)
[2025-10-11T15:59:52.616+0000] {local_task_job_runner.py:240} INFO - Task exited with return code 1
[2025-10-11T15:59:52.630+0000] {warnings.py:110} WARNING - /home/***/.local/lib/python3.12/site-packages/***/models/baseoperator.py:1296: AirflowProviderDeprecationWarning: Call to deprecated class MariaDBOperator. (Please use `***.providers.common.sql.operators.sql.SQLExecuteQueryOperator`.Also, you can provide `hook_params={'schema': <database>}`.)
  result = cls.__new__(cls)

[2025-10-11T15:59:52.655+0000] {taskinstance.py:3482} INFO - 0 downstream tasks scheduled from follow-on schedule check
[2025-10-11T15:59:52.661+0000] {local_task_job_runner.py:222} INFO - ::endgroup::
