[2025-10-16T19:41:36.280+0000] {local_task_job_runner.py:120} INFO - ::group::Pre task execution logs
[2025-10-16T19:41:36.308+0000] {taskinstance.py:2073} INFO - Dependencies all met for dep_context=non-requeueable deps ti=<TaskInstance: OpenFlightsDataIngestion.group_countries.create_table_countries manual__2025-10-16T19:41:20.211787+00:00 [queued]>
[2025-10-16T19:41:36.321+0000] {taskinstance.py:2073} INFO - Dependencies all met for dep_context=requeueable deps ti=<TaskInstance: OpenFlightsDataIngestion.group_countries.create_table_countries manual__2025-10-16T19:41:20.211787+00:00 [queued]>
[2025-10-16T19:41:36.321+0000] {taskinstance.py:2303} INFO - Starting attempt 1 of 1
[2025-10-16T19:41:36.340+0000] {taskinstance.py:2327} INFO - Executing <Task(PythonOperator): group_countries.create_table_countries> on 2025-10-16 19:41:20.211787+00:00
[2025-10-16T19:41:36.350+0000] {warnings.py:110} WARNING - /home/***/.local/lib/python3.12/site-packages/***/task/task_runner/standard_task_runner.py:61: DeprecationWarning: This process (pid=885) is multi-threaded, use of fork() may lead to deadlocks in the child.
  pid = os.fork()

[2025-10-16T19:41:36.352+0000] {standard_task_runner.py:63} INFO - Started process 918 to run task
[2025-10-16T19:41:36.353+0000] {standard_task_runner.py:90} INFO - Running: ['***', 'tasks', 'run', 'OpenFlightsDataIngestion', 'group_countries.create_table_countries', 'manual__2025-10-16T19:41:20.211787+00:00', '--job-id', '218', '--raw', '--subdir', 'DAGS_FOLDER/openflights_dag.py', '--cfg-path', '/tmp/tmpym9x9qjm']
[2025-10-16T19:41:36.356+0000] {standard_task_runner.py:91} INFO - Job 218: Subtask group_countries.create_table_countries
[2025-10-16T19:41:36.423+0000] {task_command.py:426} INFO - Running <TaskInstance: OpenFlightsDataIngestion.group_countries.create_table_countries manual__2025-10-16T19:41:20.211787+00:00 [running]> on host e6b42f39be87
[2025-10-16T19:41:36.601+0000] {taskinstance.py:2644} INFO - Exporting env vars: AIRFLOW_CTX_DAG_OWNER='***' AIRFLOW_CTX_DAG_ID='OpenFlightsDataIngestion' AIRFLOW_CTX_TASK_ID='group_countries.create_table_countries' AIRFLOW_CTX_EXECUTION_DATE='2025-10-16T19:41:20.211787+00:00' AIRFLOW_CTX_TRY_NUMBER='1' AIRFLOW_CTX_DAG_RUN_ID='manual__2025-10-16T19:41:20.211787+00:00'
[2025-10-16T19:41:36.606+0000] {taskinstance.py:430} INFO - ::endgroup::
[2025-10-16T19:41:36.626+0000] {base.py:84} INFO - Using connection ID 'maria_db_default' for task execution.
[2025-10-16T19:41:36.628+0000] {mariadb_hook.py:38} INFO - Connecting to MariaDB database: open_flights_data
[2025-10-16T19:41:37.415+0000] {python.py:237} INFO - Done. Returned value was: None
[2025-10-16T19:41:37.419+0000] {taskinstance.py:441} INFO - ::group::Post task execution logs
[2025-10-16T19:41:37.438+0000] {taskinstance.py:1205} INFO - Marking task as SUCCESS. dag_id=OpenFlightsDataIngestion, task_id=group_countries.create_table_countries, execution_date=20251016T194120, start_date=20251016T194136, end_date=20251016T194137
[2025-10-16T19:41:37.477+0000] {local_task_job_runner.py:240} INFO - Task exited with return code 0
[2025-10-16T19:41:37.528+0000] {taskinstance.py:3482} INFO - 1 downstream tasks scheduled from follow-on schedule check
[2025-10-16T19:41:37.531+0000] {local_task_job_runner.py:222} INFO - ::endgroup::
