[2025-10-16T19:39:09.926+0000] {local_task_job_runner.py:120} INFO - ::group::Pre task execution logs
[2025-10-16T19:39:09.955+0000] {taskinstance.py:2073} INFO - Dependencies all met for dep_context=non-requeueable deps ti=<TaskInstance: OpenFlightsDataIngestion.group_airlines.drop_table_airlines manual__2025-10-16T19:38:58.167139+00:00 [queued]>
[2025-10-16T19:39:09.968+0000] {taskinstance.py:2073} INFO - Dependencies all met for dep_context=requeueable deps ti=<TaskInstance: OpenFlightsDataIngestion.group_airlines.drop_table_airlines manual__2025-10-16T19:38:58.167139+00:00 [queued]>
[2025-10-16T19:39:09.970+0000] {taskinstance.py:2303} INFO - Starting attempt 1 of 1
[2025-10-16T19:39:09.990+0000] {taskinstance.py:2327} INFO - Executing <Task(PythonOperator): group_airlines.drop_table_airlines> on 2025-10-16 19:38:58.167139+00:00
[2025-10-16T19:39:09.998+0000] {warnings.py:110} WARNING - /home/***/.local/lib/python3.12/site-packages/***/task/task_runner/standard_task_runner.py:61: DeprecationWarning: This process (pid=484) is multi-threaded, use of fork() may lead to deadlocks in the child.
  pid = os.fork()

[2025-10-16T19:39:10.001+0000] {standard_task_runner.py:63} INFO - Started process 549 to run task
[2025-10-16T19:39:10.002+0000] {standard_task_runner.py:90} INFO - Running: ['***', 'tasks', 'run', 'OpenFlightsDataIngestion', 'group_airlines.drop_table_airlines', 'manual__2025-10-16T19:38:58.167139+00:00', '--job-id', '188', '--raw', '--subdir', 'DAGS_FOLDER/openflights_dag.py', '--cfg-path', '/tmp/tmptn6sr1xy']
[2025-10-16T19:39:10.006+0000] {standard_task_runner.py:91} INFO - Job 188: Subtask group_airlines.drop_table_airlines
[2025-10-16T19:39:10.082+0000] {task_command.py:426} INFO - Running <TaskInstance: OpenFlightsDataIngestion.group_airlines.drop_table_airlines manual__2025-10-16T19:38:58.167139+00:00 [running]> on host e6b42f39be87
[2025-10-16T19:39:10.264+0000] {taskinstance.py:2644} INFO - Exporting env vars: AIRFLOW_CTX_DAG_OWNER='***' AIRFLOW_CTX_DAG_ID='OpenFlightsDataIngestion' AIRFLOW_CTX_TASK_ID='group_airlines.drop_table_airlines' AIRFLOW_CTX_EXECUTION_DATE='2025-10-16T19:38:58.167139+00:00' AIRFLOW_CTX_TRY_NUMBER='1' AIRFLOW_CTX_DAG_RUN_ID='manual__2025-10-16T19:38:58.167139+00:00'
[2025-10-16T19:39:10.268+0000] {taskinstance.py:430} INFO - ::endgroup::
[2025-10-16T19:39:10.288+0000] {base.py:84} INFO - Using connection ID 'maria_db_default' for task execution.
[2025-10-16T19:39:10.289+0000] {mariadb_hook.py:38} INFO - Connecting to MariaDB database: open_flights_data
[2025-10-16T19:39:10.375+0000] {python.py:237} INFO - Done. Returned value was: None
[2025-10-16T19:39:10.377+0000] {taskinstance.py:441} INFO - ::group::Post task execution logs
[2025-10-16T19:39:10.394+0000] {taskinstance.py:1205} INFO - Marking task as SUCCESS. dag_id=OpenFlightsDataIngestion, task_id=group_airlines.drop_table_airlines, execution_date=20251016T193858, start_date=20251016T193909, end_date=20251016T193910
[2025-10-16T19:39:10.468+0000] {local_task_job_runner.py:240} INFO - Task exited with return code 0
[2025-10-16T19:39:10.522+0000] {taskinstance.py:3482} INFO - 1 downstream tasks scheduled from follow-on schedule check
[2025-10-16T19:39:10.524+0000] {local_task_job_runner.py:222} INFO - ::endgroup::
