[2025-10-13T11:50:44.696+0000] {local_task_job_runner.py:120} INFO - ::group::Pre task execution logs
[2025-10-13T11:50:44.737+0000] {taskinstance.py:2073} INFO - Dependencies all met for dep_context=non-requeueable deps ti=<TaskInstance: OpenFlightsDataIngestion_SFTP.group_airports.sftp_upload_airports manual__2025-10-13T11:50:29.073841+00:00 [queued]>
[2025-10-13T11:50:44.751+0000] {taskinstance.py:2073} INFO - Dependencies all met for dep_context=requeueable deps ti=<TaskInstance: OpenFlightsDataIngestion_SFTP.group_airports.sftp_upload_airports manual__2025-10-13T11:50:29.073841+00:00 [queued]>
[2025-10-13T11:50:44.752+0000] {taskinstance.py:2303} INFO - Starting attempt 1 of 2
[2025-10-13T11:50:44.776+0000] {taskinstance.py:2327} INFO - Executing <Task(PythonOperator): group_airports.sftp_upload_airports> on 2025-10-13 11:50:29.073841+00:00
[2025-10-13T11:50:44.789+0000] {warnings.py:110} WARNING - /home/***/.local/lib/python3.12/site-packages/***/task/task_runner/standard_task_runner.py:61: DeprecationWarning: This process (pid=220) is multi-threaded, use of fork() may lead to deadlocks in the child.
  pid = os.fork()

[2025-10-13T11:50:44.793+0000] {standard_task_runner.py:63} INFO - Started process 232 to run task
[2025-10-13T11:50:44.794+0000] {standard_task_runner.py:90} INFO - Running: ['***', 'tasks', 'run', 'OpenFlightsDataIngestion_SFTP', 'group_airports.sftp_upload_airports', 'manual__2025-10-13T11:50:29.073841+00:00', '--job-id', '58', '--raw', '--subdir', 'DAGS_FOLDER/openflights_dag.py', '--cfg-path', '/tmp/tmpmiotl_ia']
[2025-10-13T11:50:44.801+0000] {standard_task_runner.py:91} INFO - Job 58: Subtask group_airports.sftp_upload_airports
[2025-10-13T11:50:44.890+0000] {task_command.py:426} INFO - Running <TaskInstance: OpenFlightsDataIngestion_SFTP.group_airports.sftp_upload_airports manual__2025-10-13T11:50:29.073841+00:00 [running]> on host 165b2a8d6d15
[2025-10-13T11:50:45.023+0000] {taskinstance.py:2644} INFO - Exporting env vars: AIRFLOW_CTX_DAG_OWNER='***' AIRFLOW_CTX_DAG_ID='OpenFlightsDataIngestion_SFTP' AIRFLOW_CTX_TASK_ID='group_airports.sftp_upload_airports' AIRFLOW_CTX_EXECUTION_DATE='2025-10-13T11:50:29.073841+00:00' AIRFLOW_CTX_TRY_NUMBER='1' AIRFLOW_CTX_DAG_RUN_ID='manual__2025-10-13T11:50:29.073841+00:00'
[2025-10-13T11:50:45.027+0000] {taskinstance.py:430} INFO - ::endgroup::
[2025-10-13T11:50:45.042+0000] {base.py:84} INFO - Using connection ID 'mariadb_ssh_connection' for task execution.
[2025-10-13T11:50:45.056+0000] {transport.py:1909} INFO - Connected (version 2.0, client OpenSSH_8.9p1)
[2025-10-13T11:50:45.214+0000] {transport.py:1909} INFO - Authentication (password) successful!
[2025-10-13T11:50:45.288+0000] {sftp.py:169} INFO - [chan 0] Opened sftp connection (server version 3)
[2025-10-13T11:50:45.291+0000] {logging_mixin.py:188} INFO - Uploading /opt/***/dags/data/airports.dat -> /var/openflights_data/airports.dat
[2025-10-13T11:50:45.341+0000] {sftp.py:169} INFO - [chan 0] sftp session closed.
[2025-10-13T11:50:45.343+0000] {python.py:237} INFO - Done. Returned value was: None
[2025-10-13T11:50:45.351+0000] {taskinstance.py:441} INFO - ::group::Post task execution logs
[2025-10-13T11:50:45.371+0000] {taskinstance.py:1205} INFO - Marking task as SUCCESS. dag_id=OpenFlightsDataIngestion_SFTP, task_id=group_airports.sftp_upload_airports, execution_date=20251013T115029, start_date=20251013T115044, end_date=20251013T115045
[2025-10-13T11:50:45.428+0000] {local_task_job_runner.py:240} INFO - Task exited with return code 0
[2025-10-13T11:50:45.533+0000] {taskinstance.py:3482} INFO - 1 downstream tasks scheduled from follow-on schedule check
[2025-10-13T11:50:45.536+0000] {local_task_job_runner.py:222} INFO - ::endgroup::
