[2025-10-13T12:13:44.906+0000] {local_task_job_runner.py:120} INFO - ::group::Pre task execution logs
[2025-10-13T12:13:44.957+0000] {taskinstance.py:2073} INFO - Dependencies all met for dep_context=non-requeueable deps ti=<TaskInstance: OpenFlightsDataIngestion_SFTP.group_airports.download_airports manual__2025-10-13T12:13:40.789273+00:00 [queued]>
[2025-10-13T12:13:44.974+0000] {taskinstance.py:2073} INFO - Dependencies all met for dep_context=requeueable deps ti=<TaskInstance: OpenFlightsDataIngestion_SFTP.group_airports.download_airports manual__2025-10-13T12:13:40.789273+00:00 [queued]>
[2025-10-13T12:13:44.976+0000] {taskinstance.py:2303} INFO - Starting attempt 1 of 4
[2025-10-13T12:13:45.020+0000] {taskinstance.py:2327} INFO - Executing <Task(PythonOperator): group_airports.download_airports> on 2025-10-13 12:13:40.789273+00:00
[2025-10-13T12:13:45.035+0000] {warnings.py:110} WARNING - /home/***/.local/lib/python3.12/site-packages/***/task/task_runner/standard_task_runner.py:61: DeprecationWarning: This process (pid=276) is multi-threaded, use of fork() may lead to deadlocks in the child.
  pid = os.fork()

[2025-10-13T12:13:45.039+0000] {standard_task_runner.py:63} INFO - Started process 286 to run task
[2025-10-13T12:13:45.039+0000] {standard_task_runner.py:90} INFO - Running: ['***', 'tasks', 'run', 'OpenFlightsDataIngestion_SFTP', 'group_airports.download_airports', 'manual__2025-10-13T12:13:40.789273+00:00', '--job-id', '72', '--raw', '--subdir', 'DAGS_FOLDER/openflights_dag.py', '--cfg-path', '/tmp/tmpci07a346']
[2025-10-13T12:13:45.045+0000] {standard_task_runner.py:91} INFO - Job 72: Subtask group_airports.download_airports
[2025-10-13T12:13:45.221+0000] {task_command.py:426} INFO - Running <TaskInstance: OpenFlightsDataIngestion_SFTP.group_airports.download_airports manual__2025-10-13T12:13:40.789273+00:00 [running]> on host 165b2a8d6d15
[2025-10-13T12:13:45.459+0000] {taskinstance.py:2644} INFO - Exporting env vars: AIRFLOW_CTX_DAG_OWNER='***' AIRFLOW_CTX_DAG_ID='OpenFlightsDataIngestion_SFTP' AIRFLOW_CTX_TASK_ID='group_airports.download_airports' AIRFLOW_CTX_EXECUTION_DATE='2025-10-13T12:13:40.789273+00:00' AIRFLOW_CTX_TRY_NUMBER='1' AIRFLOW_CTX_DAG_RUN_ID='manual__2025-10-13T12:13:40.789273+00:00'
[2025-10-13T12:13:45.464+0000] {taskinstance.py:430} INFO - ::endgroup::
[2025-10-13T12:13:46.085+0000] {logging_mixin.py:188} INFO - Downloaded https://raw.githubusercontent.com/jpatokal/openflights/master/data/airports.dat -> /opt/***/dags/data/airports.dat
[2025-10-13T12:13:46.088+0000] {python.py:237} INFO - Done. Returned value was: None
[2025-10-13T12:13:46.091+0000] {taskinstance.py:441} INFO - ::group::Post task execution logs
[2025-10-13T12:13:46.113+0000] {taskinstance.py:1205} INFO - Marking task as SUCCESS. dag_id=OpenFlightsDataIngestion_SFTP, task_id=group_airports.download_airports, execution_date=20251013T121340, start_date=20251013T121344, end_date=20251013T121346
[2025-10-13T12:13:46.169+0000] {local_task_job_runner.py:240} INFO - Task exited with return code 0
[2025-10-13T12:13:46.250+0000] {taskinstance.py:3482} INFO - 1 downstream tasks scheduled from follow-on schedule check
[2025-10-13T12:13:46.252+0000] {local_task_job_runner.py:222} INFO - ::endgroup::
