[2025-10-13T12:13:44.905+0000] {local_task_job_runner.py:120} INFO - ::group::Pre task execution logs
[2025-10-13T12:13:44.955+0000] {taskinstance.py:2073} INFO - Dependencies all met for dep_context=non-requeueable deps ti=<TaskInstance: OpenFlightsDataIngestion_SFTP.group_countries.download_countries manual__2025-10-13T12:13:40.789273+00:00 [queued]>
[2025-10-13T12:13:44.971+0000] {taskinstance.py:2073} INFO - Dependencies all met for dep_context=requeueable deps ti=<TaskInstance: OpenFlightsDataIngestion_SFTP.group_countries.download_countries manual__2025-10-13T12:13:40.789273+00:00 [queued]>
[2025-10-13T12:13:44.972+0000] {taskinstance.py:2303} INFO - Starting attempt 1 of 4
[2025-10-13T12:13:45.008+0000] {taskinstance.py:2327} INFO - Executing <Task(PythonOperator): group_countries.download_countries> on 2025-10-13 12:13:40.789273+00:00
[2025-10-13T12:13:45.021+0000] {warnings.py:110} WARNING - /home/***/.local/lib/python3.12/site-packages/***/task/task_runner/standard_task_runner.py:61: DeprecationWarning: This process (pid=274) is multi-threaded, use of fork() may lead to deadlocks in the child.
  pid = os.fork()

[2025-10-13T12:13:45.024+0000] {standard_task_runner.py:63} INFO - Started process 285 to run task
[2025-10-13T12:13:45.027+0000] {standard_task_runner.py:90} INFO - Running: ['***', 'tasks', 'run', 'OpenFlightsDataIngestion_SFTP', 'group_countries.download_countries', 'manual__2025-10-13T12:13:40.789273+00:00', '--job-id', '73', '--raw', '--subdir', 'DAGS_FOLDER/openflights_dag.py', '--cfg-path', '/tmp/tmp7ci6ab0b']
[2025-10-13T12:13:45.034+0000] {standard_task_runner.py:91} INFO - Job 73: Subtask group_countries.download_countries
[2025-10-13T12:13:45.211+0000] {task_command.py:426} INFO - Running <TaskInstance: OpenFlightsDataIngestion_SFTP.group_countries.download_countries manual__2025-10-13T12:13:40.789273+00:00 [running]> on host 165b2a8d6d15
[2025-10-13T12:13:45.453+0000] {taskinstance.py:2644} INFO - Exporting env vars: AIRFLOW_CTX_DAG_OWNER='***' AIRFLOW_CTX_DAG_ID='OpenFlightsDataIngestion_SFTP' AIRFLOW_CTX_TASK_ID='group_countries.download_countries' AIRFLOW_CTX_EXECUTION_DATE='2025-10-13T12:13:40.789273+00:00' AIRFLOW_CTX_TRY_NUMBER='1' AIRFLOW_CTX_DAG_RUN_ID='manual__2025-10-13T12:13:40.789273+00:00'
[2025-10-13T12:13:45.458+0000] {taskinstance.py:430} INFO - ::endgroup::
[2025-10-13T12:13:46.013+0000] {logging_mixin.py:188} INFO - Downloaded https://raw.githubusercontent.com/jpatokal/openflights/master/data/countries.dat -> /opt/***/dags/data/countries.dat
[2025-10-13T12:13:46.015+0000] {python.py:237} INFO - Done. Returned value was: None
[2025-10-13T12:13:46.016+0000] {taskinstance.py:441} INFO - ::group::Post task execution logs
[2025-10-13T12:13:46.031+0000] {taskinstance.py:1205} INFO - Marking task as SUCCESS. dag_id=OpenFlightsDataIngestion_SFTP, task_id=group_countries.download_countries, execution_date=20251013T121340, start_date=20251013T121344, end_date=20251013T121346
[2025-10-13T12:13:46.104+0000] {local_task_job_runner.py:240} INFO - Task exited with return code 0
[2025-10-13T12:13:46.180+0000] {taskinstance.py:3482} INFO - 1 downstream tasks scheduled from follow-on schedule check
[2025-10-13T12:13:46.183+0000] {local_task_job_runner.py:222} INFO - ::endgroup::
