[2025-10-16T17:08:22.232+0000] {local_task_job_runner.py:120} INFO - ::group::Pre task execution logs
[2025-10-16T17:08:22.277+0000] {taskinstance.py:2073} INFO - Dependencies all met for dep_context=non-requeueable deps ti=<TaskInstance: OpenFlightsDataIngestion.group_countries.create_table_countries manual__2025-10-16T17:08:02.480845+00:00 [queued]>
[2025-10-16T17:08:22.301+0000] {taskinstance.py:2073} INFO - Dependencies all met for dep_context=requeueable deps ti=<TaskInstance: OpenFlightsDataIngestion.group_countries.create_table_countries manual__2025-10-16T17:08:02.480845+00:00 [queued]>
[2025-10-16T17:08:22.304+0000] {taskinstance.py:2303} INFO - Starting attempt 1 of 1
[2025-10-16T17:08:22.342+0000] {taskinstance.py:2327} INFO - Executing <Task(PythonOperator): group_countries.create_table_countries> on 2025-10-16 17:08:02.480845+00:00
[2025-10-16T17:08:22.353+0000] {warnings.py:110} WARNING - /home/***/.local/lib/python3.12/site-packages/***/task/task_runner/standard_task_runner.py:61: DeprecationWarning: This process (pid=247) is multi-threaded, use of fork() may lead to deadlocks in the child.
  pid = os.fork()

[2025-10-16T17:08:22.357+0000] {standard_task_runner.py:63} INFO - Started process 314 to run task
[2025-10-16T17:08:22.358+0000] {standard_task_runner.py:90} INFO - Running: ['***', 'tasks', 'run', 'OpenFlightsDataIngestion', 'group_countries.create_table_countries', 'manual__2025-10-16T17:08:02.480845+00:00', '--job-id', '23', '--raw', '--subdir', 'DAGS_FOLDER/openflights_dag.py', '--cfg-path', '/tmp/tmpdxy7tr3b']
[2025-10-16T17:08:22.363+0000] {standard_task_runner.py:91} INFO - Job 23: Subtask group_countries.create_table_countries
[2025-10-16T17:08:22.470+0000] {task_command.py:426} INFO - Running <TaskInstance: OpenFlightsDataIngestion.group_countries.create_table_countries manual__2025-10-16T17:08:02.480845+00:00 [running]> on host 6c399496d1bd
[2025-10-16T17:08:22.613+0000] {taskinstance.py:2644} INFO - Exporting env vars: AIRFLOW_CTX_DAG_OWNER='***' AIRFLOW_CTX_DAG_ID='OpenFlightsDataIngestion' AIRFLOW_CTX_TASK_ID='group_countries.create_table_countries' AIRFLOW_CTX_EXECUTION_DATE='2025-10-16T17:08:02.480845+00:00' AIRFLOW_CTX_TRY_NUMBER='1' AIRFLOW_CTX_DAG_RUN_ID='manual__2025-10-16T17:08:02.480845+00:00'
[2025-10-16T17:08:22.616+0000] {taskinstance.py:430} INFO - ::endgroup::
[2025-10-16T17:08:22.632+0000] {base.py:84} INFO - Using connection ID 'maria_db_default' for task execution.
[2025-10-16T17:08:22.633+0000] {mariadb_hook.py:38} INFO - Connecting to MariaDB database: open_flights_data
[2025-10-16T17:08:24.770+0000] {python.py:237} INFO - Done. Returned value was: None
[2025-10-16T17:08:24.771+0000] {taskinstance.py:441} INFO - ::group::Post task execution logs
[2025-10-16T17:08:24.786+0000] {taskinstance.py:1205} INFO - Marking task as SUCCESS. dag_id=OpenFlightsDataIngestion, task_id=group_countries.create_table_countries, execution_date=20251016T170802, start_date=20251016T170822, end_date=20251016T170824
[2025-10-16T17:08:24.849+0000] {local_task_job_runner.py:240} INFO - Task exited with return code 0
[2025-10-16T17:08:24.893+0000] {taskinstance.py:3482} INFO - 1 downstream tasks scheduled from follow-on schedule check
[2025-10-16T17:08:24.895+0000] {local_task_job_runner.py:222} INFO - ::endgroup::
