[2025-10-11T19:17:50.490+0000] {local_task_job_runner.py:120} INFO - ::group::Pre task execution logs
[2025-10-11T19:17:50.553+0000] {taskinstance.py:2073} INFO - Dependencies all met for dep_context=non-requeueable deps ti=<TaskInstance: OpenFlightsDataIngestion.group_airports.truncate_table_airports manual__2025-10-11T19:17:42.055999+00:00 [queued]>
[2025-10-11T19:17:50.582+0000] {taskinstance.py:2073} INFO - Dependencies all met for dep_context=requeueable deps ti=<TaskInstance: OpenFlightsDataIngestion.group_airports.truncate_table_airports manual__2025-10-11T19:17:42.055999+00:00 [queued]>
[2025-10-11T19:17:50.586+0000] {taskinstance.py:2303} INFO - Starting attempt 1 of 1
[2025-10-11T19:17:50.697+0000] {taskinstance.py:2327} INFO - Executing <Task(PythonOperator): group_airports.truncate_table_airports> on 2025-10-11 19:17:42.055999+00:00
[2025-10-11T19:17:50.710+0000] {warnings.py:110} WARNING - /home/***/.local/lib/python3.12/site-packages/***/task/task_runner/standard_task_runner.py:61: DeprecationWarning: This process (pid=106) is multi-threaded, use of fork() may lead to deadlocks in the child.
  pid = os.fork()

[2025-10-11T19:17:50.713+0000] {standard_task_runner.py:63} INFO - Started process 122 to run task
[2025-10-11T19:17:50.715+0000] {standard_task_runner.py:90} INFO - Running: ['***', 'tasks', 'run', 'OpenFlightsDataIngestion', 'group_airports.truncate_table_airports', 'manual__2025-10-11T19:17:42.055999+00:00', '--job-id', '24', '--raw', '--subdir', 'DAGS_FOLDER/openflights_dag.py', '--cfg-path', '/tmp/tmpvm5ty8p0']
[2025-10-11T19:17:50.720+0000] {standard_task_runner.py:91} INFO - Job 24: Subtask group_airports.truncate_table_airports
[2025-10-11T19:17:50.826+0000] {task_command.py:426} INFO - Running <TaskInstance: OpenFlightsDataIngestion.group_airports.truncate_table_airports manual__2025-10-11T19:17:42.055999+00:00 [running]> on host 187d1545c280
[2025-10-11T19:17:51.018+0000] {taskinstance.py:2644} INFO - Exporting env vars: AIRFLOW_CTX_DAG_OWNER='***' AIRFLOW_CTX_DAG_ID='OpenFlightsDataIngestion' AIRFLOW_CTX_TASK_ID='group_airports.truncate_table_airports' AIRFLOW_CTX_EXECUTION_DATE='2025-10-11T19:17:42.055999+00:00' AIRFLOW_CTX_TRY_NUMBER='1' AIRFLOW_CTX_DAG_RUN_ID='manual__2025-10-11T19:17:42.055999+00:00'
[2025-10-11T19:17:51.021+0000] {taskinstance.py:430} INFO - ::endgroup::
[2025-10-11T19:17:51.040+0000] {base.py:84} INFO - Using connection ID 'maria_db_default' for task execution.
[2025-10-11T19:17:51.041+0000] {mariadb_hook.py:37} INFO - Connecting to MariaDB database: 
[2025-10-11T19:17:51.044+0000] {mariadb_hook.py:41} ERROR - Error connecting to MariaDB: Can't connect to local server through socket '/run/mysqld/mysqld.sock' (2)
[2025-10-11T19:17:51.045+0000] {taskinstance.py:441} INFO - ::group::Post task execution logs
[2025-10-11T19:17:51.046+0000] {taskinstance.py:2890} ERROR - Task failed with exception
Traceback (most recent call last):
  File "/home/airflow/.local/lib/python3.12/site-packages/airflow/models/taskinstance.py", line 465, in _execute_task
    result = _execute_callable(context=context, **execute_callable_kwargs)
             ^^^^^^^^^^^^^^^^^^^^^^^^^^^^^^^^^^^^^^^^^^^^^^^^^^^^^^^^^^^^^
  File "/home/airflow/.local/lib/python3.12/site-packages/airflow/models/taskinstance.py", line 432, in _execute_callable
    return execute_callable(context=context, **execute_callable_kwargs)
           ^^^^^^^^^^^^^^^^^^^^^^^^^^^^^^^^^^^^^^^^^^^^^^^^^^^^^^^^^^^^
  File "/home/airflow/.local/lib/python3.12/site-packages/airflow/models/baseoperator.py", line 400, in wrapper
    return func(self, *args, **kwargs)
           ^^^^^^^^^^^^^^^^^^^^^^^^^^^
  File "/home/airflow/.local/lib/python3.12/site-packages/airflow/operators/python.py", line 235, in execute
    return_value = self.execute_callable()
                   ^^^^^^^^^^^^^^^^^^^^^^^
  File "/home/airflow/.local/lib/python3.12/site-packages/airflow/operators/python.py", line 252, in execute_callable
    return self.python_callable(*self.op_args, **self.op_kwargs)
           ^^^^^^^^^^^^^^^^^^^^^^^^^^^^^^^^^^^^^^^^^^^^^^^^^^^^^
  File "/opt/airflow/dags/openflights_dag.py", line 33, in truncate_if_exists
    result = hook.get_first(sql_check)
             ^^^^^^^^^^^^^^^^^^^^^^^^^
  File "/home/airflow/.local/lib/python3.12/site-packages/airflow/providers/common/sql/hooks/sql.py", line 276, in get_first
    return self.run(sql=sql, parameters=parameters, handler=fetch_one_handler)
           ^^^^^^^^^^^^^^^^^^^^^^^^^^^^^^^^^^^^^^^^^^^^^^^^^^^^^^^^^^^^^^^^^^^
  File "/home/airflow/.local/lib/python3.12/site-packages/airflow/providers/common/sql/hooks/sql.py", line 397, in run
    with closing(self.get_conn()) as conn:
                 ^^^^^^^^^^^^^^^
  File "/opt/airflow/.local/src/airflow-mariadb-provider/airflow_mariadb_provider/hooks/mariadb_hook.py", line 42, in get_conn
    raise e
  File "/opt/airflow/.local/src/airflow-mariadb-provider/airflow_mariadb_provider/hooks/mariadb_hook.py", line 39, in get_conn
    return mariadb.connect(**conn_config)
           ^^^^^^^^^^^^^^^^^^^^^^^^^^^^^^
  File "/home/airflow/.local/lib/python3.12/site-packages/mariadb/__init__.py", line 147, in connect
    connection = connectionclass(*args, **kwargs)
                 ^^^^^^^^^^^^^^^^^^^^^^^^^^^^^^^^
  File "/home/airflow/.local/lib/python3.12/site-packages/mariadb/connections.py", line 85, in __init__
    super().__init__(*args, **kwargs)
mariadb.OperationalError: Can't connect to local server through socket '/run/mysqld/mysqld.sock' (2)
[2025-10-11T19:17:51.066+0000] {taskinstance.py:1205} INFO - Marking task as FAILED. dag_id=OpenFlightsDataIngestion, task_id=group_airports.truncate_table_airports, execution_date=20251011T191742, start_date=20251011T191750, end_date=20251011T191751
[2025-10-11T19:17:51.091+0000] {standard_task_runner.py:110} ERROR - Failed to execute job 24 for task group_airports.truncate_table_airports (Can't connect to local server through socket '/run/mysqld/mysqld.sock' (2); 122)
[2025-10-11T19:17:51.110+0000] {local_task_job_runner.py:240} INFO - Task exited with return code 1
[2025-10-11T19:17:51.291+0000] {taskinstance.py:3482} INFO - 0 downstream tasks scheduled from follow-on schedule check
[2025-10-11T19:17:51.296+0000] {local_task_job_runner.py:222} INFO - ::endgroup::
