[2025-10-26T19:10:31.137+0000] {local_task_job_runner.py:120} INFO - ::group::Pre task execution logs
[2025-10-26T19:10:31.177+0000] {taskinstance.py:2073} INFO - Dependencies all met for dep_context=non-requeueable deps ti=<TaskInstance: Dag_OpenFlightsDataIngestion.group_airlines.copy_via_ssh_airlines manual__2025-10-26T19:10:10.437987+00:00 [queued]>
[2025-10-26T19:10:31.197+0000] {taskinstance.py:2073} INFO - Dependencies all met for dep_context=requeueable deps ti=<TaskInstance: Dag_OpenFlightsDataIngestion.group_airlines.copy_via_ssh_airlines manual__2025-10-26T19:10:10.437987+00:00 [queued]>
[2025-10-26T19:10:31.198+0000] {taskinstance.py:2303} INFO - Starting attempt 1 of 1
[2025-10-26T19:10:31.222+0000] {taskinstance.py:2327} INFO - Executing <Task(SFTPOperator): group_airlines.copy_via_ssh_airlines> on 2025-10-26 19:10:10.437987+00:00
[2025-10-26T19:10:31.233+0000] {warnings.py:110} WARNING - /home/***/.local/lib/python3.12/site-packages/***/task/task_runner/standard_task_runner.py:61: DeprecationWarning: This process (pid=290) is multi-threaded, use of fork() may lead to deadlocks in the child.
  pid = os.fork()

[2025-10-26T19:10:31.236+0000] {standard_task_runner.py:63} INFO - Started process 355 to run task
[2025-10-26T19:10:31.236+0000] {standard_task_runner.py:90} INFO - Running: ['***', 'tasks', 'run', 'Dag_OpenFlightsDataIngestion', 'group_airlines.copy_via_ssh_airlines', 'manual__2025-10-26T19:10:10.437987+00:00', '--job-id', '21', '--raw', '--subdir', 'DAGS_FOLDER/openflights_dag.py', '--cfg-path', '/tmp/tmplmbb81_b']
[2025-10-26T19:10:31.241+0000] {standard_task_runner.py:91} INFO - Job 21: Subtask group_airlines.copy_via_ssh_airlines
[2025-10-26T19:10:31.319+0000] {task_command.py:426} INFO - Running <TaskInstance: Dag_OpenFlightsDataIngestion.group_airlines.copy_via_ssh_airlines manual__2025-10-26T19:10:10.437987+00:00 [running]> on host c8d58475e5b6
[2025-10-26T19:10:31.457+0000] {taskinstance.py:2644} INFO - Exporting env vars: AIRFLOW_CTX_DAG_OWNER='***' AIRFLOW_CTX_DAG_ID='Dag_OpenFlightsDataIngestion' AIRFLOW_CTX_TASK_ID='group_airlines.copy_via_ssh_airlines' AIRFLOW_CTX_EXECUTION_DATE='2025-10-26T19:10:10.437987+00:00' AIRFLOW_CTX_TRY_NUMBER='1' AIRFLOW_CTX_DAG_RUN_ID='manual__2025-10-26T19:10:10.437987+00:00'
[2025-10-26T19:10:31.460+0000] {taskinstance.py:430} INFO - ::endgroup::
[2025-10-26T19:10:31.461+0000] {sftp.py:158} INFO - sftp_hook/ssh_hook not provided or invalid. Trying ssh_conn_id to create SFTPHook.
[2025-10-26T19:10:31.478+0000] {base.py:84} INFO - Using connection ID 'mariadb_ssh_connection' for task execution.
[2025-10-26T19:10:31.485+0000] {ssh.py:301} WARNING - No Host Key Verification. This won't protect against Man-In-The-Middle attacks
[2025-10-26T19:10:31.488+0000] {ssh.py:343} INFO - Failed to connect. Sleeping before retry attempt 1
[2025-10-26T19:10:34.934+0000] {ssh.py:343} INFO - Failed to connect. Sleeping before retry attempt 2
[2025-10-26T19:10:38.606+0000] {taskinstance.py:441} INFO - ::group::Post task execution logs
[2025-10-26T19:10:38.621+0000] {taskinstance.py:2890} ERROR - Task failed with exception
Traceback (most recent call last):
  File "/home/airflow/.local/lib/python3.12/site-packages/airflow/providers/sftp/operators/sftp.py", line 185, in execute
    self.sftp_hook.create_directory(remote_folder)
  File "/home/airflow/.local/lib/python3.12/site-packages/airflow/providers/sftp/hooks/sftp.py", line 211, in create_directory
    conn = self.get_conn()
           ^^^^^^^^^^^^^^^
  File "/home/airflow/.local/lib/python3.12/site-packages/airflow/providers/sftp/hooks/sftp.py", line 126, in get_conn
    self.conn = super().get_conn().open_sftp()
                ^^^^^^^^^^^^^^^^^^
  File "/home/airflow/.local/lib/python3.12/site-packages/airflow/providers/ssh/hooks/ssh.py", line 347, in get_conn
    for attempt in Retrying(
  File "/home/airflow/.local/lib/python3.12/site-packages/tenacity/__init__.py", line 347, in __iter__
    do = self.iter(retry_state=retry_state)
         ^^^^^^^^^^^^^^^^^^^^^^^^^^^^^^^^^^
  File "/home/airflow/.local/lib/python3.12/site-packages/tenacity/__init__.py", line 325, in iter
    raise retry_exc.reraise()
          ^^^^^^^^^^^^^^^^^^^
  File "/home/airflow/.local/lib/python3.12/site-packages/tenacity/__init__.py", line 158, in reraise
    raise self.last_attempt.result()
          ^^^^^^^^^^^^^^^^^^^^^^^^^^
  File "/usr/local/lib/python3.12/concurrent/futures/_base.py", line 449, in result
    return self.__get_result()
           ^^^^^^^^^^^^^^^^^^^
  File "/usr/local/lib/python3.12/concurrent/futures/_base.py", line 401, in __get_result
    raise self._exception
  File "/home/airflow/.local/lib/python3.12/site-packages/airflow/providers/ssh/hooks/ssh.py", line 354, in get_conn
    client.connect(**connect_kwargs)
  File "/home/airflow/.local/lib/python3.12/site-packages/paramiko/client.py", line 409, in connect
    raise NoValidConnectionsError(errors)
paramiko.ssh_exception.NoValidConnectionsError: [Errno None] Unable to connect to port 22 on 172.18.0.4

During handling of the above exception, another exception occurred:

Traceback (most recent call last):
  File "/home/airflow/.local/lib/python3.12/site-packages/airflow/models/taskinstance.py", line 465, in _execute_task
    result = _execute_callable(context=context, **execute_callable_kwargs)
             ^^^^^^^^^^^^^^^^^^^^^^^^^^^^^^^^^^^^^^^^^^^^^^^^^^^^^^^^^^^^^
  File "/home/airflow/.local/lib/python3.12/site-packages/airflow/models/taskinstance.py", line 432, in _execute_callable
    return execute_callable(context=context, **execute_callable_kwargs)
           ^^^^^^^^^^^^^^^^^^^^^^^^^^^^^^^^^^^^^^^^^^^^^^^^^^^^^^^^^^^^
  File "/home/airflow/.local/lib/python3.12/site-packages/airflow/models/baseoperator.py", line 400, in wrapper
    return func(self, *args, **kwargs)
           ^^^^^^^^^^^^^^^^^^^^^^^^^^^
  File "/home/airflow/.local/lib/python3.12/site-packages/airflow/providers/sftp/operators/sftp.py", line 191, in execute
    raise AirflowException(f"Error while transferring {file_msg}, error: {e}")
airflow.exceptions.AirflowException: Error while transferring None, error: [Errno None] Unable to connect to port 22 on 172.18.0.4
[2025-10-26T19:10:38.633+0000] {taskinstance.py:1205} INFO - Marking task as FAILED. dag_id=Dag_OpenFlightsDataIngestion, task_id=group_airlines.copy_via_ssh_airlines, execution_date=20251026T191010, start_date=20251026T191031, end_date=20251026T191038
[2025-10-26T19:10:38.657+0000] {standard_task_runner.py:110} ERROR - Failed to execute job 21 for task group_airlines.copy_via_ssh_airlines (Error while transferring None, error: [Errno None] Unable to connect to port 22 on 172.18.0.4; 355)
[2025-10-26T19:10:38.679+0000] {local_task_job_runner.py:240} INFO - Task exited with return code 1
[2025-10-26T19:10:38.723+0000] {taskinstance.py:3482} INFO - 0 downstream tasks scheduled from follow-on schedule check
[2025-10-26T19:10:38.729+0000] {local_task_job_runner.py:222} INFO - ::endgroup::
