[2025-10-26T19:14:25.740+0000] {local_task_job_runner.py:120} INFO - ::group::Pre task execution logs
[2025-10-26T19:14:25.764+0000] {taskinstance.py:2073} INFO - Dependencies all met for dep_context=non-requeueable deps ti=<TaskInstance: Dag_OpenFlightsDataIngestion.group_countries.copy_via_ssh_countries manual__2025-10-26T19:14:08.334532+00:00 [queued]>
[2025-10-26T19:14:25.777+0000] {taskinstance.py:2073} INFO - Dependencies all met for dep_context=requeueable deps ti=<TaskInstance: Dag_OpenFlightsDataIngestion.group_countries.copy_via_ssh_countries manual__2025-10-26T19:14:08.334532+00:00 [queued]>
[2025-10-26T19:14:25.778+0000] {taskinstance.py:2303} INFO - Starting attempt 1 of 1
[2025-10-26T19:14:25.795+0000] {taskinstance.py:2327} INFO - Executing <Task(SFTPOperator): group_countries.copy_via_ssh_countries> on 2025-10-26 19:14:08.334532+00:00
[2025-10-26T19:14:25.803+0000] {warnings.py:110} WARNING - /home/***/.local/lib/python3.12/site-packages/***/task/task_runner/standard_task_runner.py:61: DeprecationWarning: This process (pid=597) is multi-threaded, use of fork() may lead to deadlocks in the child.
  pid = os.fork()

[2025-10-26T19:14:25.805+0000] {standard_task_runner.py:63} INFO - Started process 652 to run task
[2025-10-26T19:14:25.806+0000] {standard_task_runner.py:90} INFO - Running: ['***', 'tasks', 'run', 'Dag_OpenFlightsDataIngestion', 'group_countries.copy_via_ssh_countries', 'manual__2025-10-26T19:14:08.334532+00:00', '--job-id', '44', '--raw', '--subdir', 'DAGS_FOLDER/openflights_dag.py', '--cfg-path', '/tmp/tmps9vicvho']
[2025-10-26T19:14:25.810+0000] {standard_task_runner.py:91} INFO - Job 44: Subtask group_countries.copy_via_ssh_countries
[2025-10-26T19:14:25.879+0000] {task_command.py:426} INFO - Running <TaskInstance: Dag_OpenFlightsDataIngestion.group_countries.copy_via_ssh_countries manual__2025-10-26T19:14:08.334532+00:00 [running]> on host c8d58475e5b6
[2025-10-26T19:14:26.005+0000] {taskinstance.py:2644} INFO - Exporting env vars: AIRFLOW_CTX_DAG_OWNER='***' AIRFLOW_CTX_DAG_ID='Dag_OpenFlightsDataIngestion' AIRFLOW_CTX_TASK_ID='group_countries.copy_via_ssh_countries' AIRFLOW_CTX_EXECUTION_DATE='2025-10-26T19:14:08.334532+00:00' AIRFLOW_CTX_TRY_NUMBER='1' AIRFLOW_CTX_DAG_RUN_ID='manual__2025-10-26T19:14:08.334532+00:00'
[2025-10-26T19:14:26.009+0000] {taskinstance.py:430} INFO - ::endgroup::
[2025-10-26T19:14:26.010+0000] {sftp.py:158} INFO - sftp_hook/ssh_hook not provided or invalid. Trying ssh_conn_id to create SFTPHook.
[2025-10-26T19:14:26.023+0000] {base.py:84} INFO - Using connection ID 'mariadb_ssh_connection' for task execution.
[2025-10-26T19:14:26.025+0000] {ssh.py:301} WARNING - No Host Key Verification. This won't protect against Man-In-The-Middle attacks
[2025-10-26T19:14:26.038+0000] {transport.py:1909} INFO - Connected (version 2.0, client OpenSSH_8.0)
[2025-10-26T19:14:26.142+0000] {transport.py:1909} INFO - Authentication (password) successful!
[2025-10-26T19:14:26.263+0000] {sftp.py:169} INFO - [chan 0] Opened sftp connection (server version 3)
[2025-10-26T19:14:26.265+0000] {sftp.py:213} INFO - /root/***_ssh already exists
[2025-10-26T19:14:26.266+0000] {sftp.py:187} INFO - Starting to transfer file from /tmp/countries.dat to /root/***_ssh/countries.dat
[2025-10-26T19:14:26.270+0000] {taskinstance.py:441} INFO - ::group::Post task execution logs
[2025-10-26T19:14:26.306+0000] {taskinstance.py:1205} INFO - Marking task as SUCCESS. dag_id=Dag_OpenFlightsDataIngestion, task_id=group_countries.copy_via_ssh_countries, execution_date=20251026T191408, start_date=20251026T191425, end_date=20251026T191426
[2025-10-26T19:14:26.360+0000] {local_task_job_runner.py:240} INFO - Task exited with return code 0
[2025-10-26T19:14:26.402+0000] {taskinstance.py:3482} INFO - 1 downstream tasks scheduled from follow-on schedule check
[2025-10-26T19:14:26.405+0000] {local_task_job_runner.py:222} INFO - ::endgroup::
