[2025-10-13T11:50:33.645+0000] {local_task_job_runner.py:120} INFO - ::group::Pre task execution logs
[2025-10-13T11:50:33.683+0000] {taskinstance.py:2073} INFO - Dependencies all met for dep_context=non-requeueable deps ti=<TaskInstance: OpenFlightsDataIngestion_SFTP.group_countries.download_countries manual__2025-10-13T11:50:29.073841+00:00 [queued]>
[2025-10-13T11:50:33.695+0000] {taskinstance.py:2073} INFO - Dependencies all met for dep_context=requeueable deps ti=<TaskInstance: OpenFlightsDataIngestion_SFTP.group_countries.download_countries manual__2025-10-13T11:50:29.073841+00:00 [queued]>
[2025-10-13T11:50:33.696+0000] {taskinstance.py:2303} INFO - Starting attempt 1 of 4
[2025-10-13T11:50:33.719+0000] {taskinstance.py:2327} INFO - Executing <Task(PythonOperator): group_countries.download_countries> on 2025-10-13 11:50:29.073841+00:00
[2025-10-13T11:50:33.730+0000] {warnings.py:110} WARNING - /home/***/.local/lib/python3.12/site-packages/***/task/task_runner/standard_task_runner.py:61: DeprecationWarning: This process (pid=175) is multi-threaded, use of fork() may lead to deadlocks in the child.
  pid = os.fork()

[2025-10-13T11:50:33.735+0000] {standard_task_runner.py:63} INFO - Started process 184 to run task
[2025-10-13T11:50:33.738+0000] {standard_task_runner.py:90} INFO - Running: ['***', 'tasks', 'run', 'OpenFlightsDataIngestion_SFTP', 'group_countries.download_countries', 'manual__2025-10-13T11:50:29.073841+00:00', '--job-id', '40', '--raw', '--subdir', 'DAGS_FOLDER/openflights_dag.py', '--cfg-path', '/tmp/tmpj49icsj_']
[2025-10-13T11:50:33.745+0000] {standard_task_runner.py:91} INFO - Job 40: Subtask group_countries.download_countries
[2025-10-13T11:50:33.820+0000] {task_command.py:426} INFO - Running <TaskInstance: OpenFlightsDataIngestion_SFTP.group_countries.download_countries manual__2025-10-13T11:50:29.073841+00:00 [running]> on host 165b2a8d6d15
[2025-10-13T11:50:33.974+0000] {taskinstance.py:2644} INFO - Exporting env vars: AIRFLOW_CTX_DAG_OWNER='***' AIRFLOW_CTX_DAG_ID='OpenFlightsDataIngestion_SFTP' AIRFLOW_CTX_TASK_ID='group_countries.download_countries' AIRFLOW_CTX_EXECUTION_DATE='2025-10-13T11:50:29.073841+00:00' AIRFLOW_CTX_TRY_NUMBER='1' AIRFLOW_CTX_DAG_RUN_ID='manual__2025-10-13T11:50:29.073841+00:00'
[2025-10-13T11:50:33.979+0000] {taskinstance.py:430} INFO - ::endgroup::
[2025-10-13T11:50:34.500+0000] {logging_mixin.py:188} INFO - Downloaded https://raw.githubusercontent.com/jpatokal/openflights/master/data/countries.dat -> /opt/***/dags/data/countries.dat
[2025-10-13T11:50:34.502+0000] {python.py:237} INFO - Done. Returned value was: None
[2025-10-13T11:50:34.503+0000] {taskinstance.py:441} INFO - ::group::Post task execution logs
[2025-10-13T11:50:34.520+0000] {taskinstance.py:1205} INFO - Marking task as SUCCESS. dag_id=OpenFlightsDataIngestion_SFTP, task_id=group_countries.download_countries, execution_date=20251013T115029, start_date=20251013T115033, end_date=20251013T115034
[2025-10-13T11:50:34.577+0000] {local_task_job_runner.py:240} INFO - Task exited with return code 0
[2025-10-13T11:50:34.659+0000] {taskinstance.py:3482} INFO - 1 downstream tasks scheduled from follow-on schedule check
[2025-10-13T11:50:34.661+0000] {local_task_job_runner.py:222} INFO - ::endgroup::
