[2025-10-13T11:50:37.393+0000] {local_task_job_runner.py:120} INFO - ::group::Pre task execution logs
[2025-10-13T11:50:37.430+0000] {taskinstance.py:2073} INFO - Dependencies all met for dep_context=non-requeueable deps ti=<TaskInstance: OpenFlightsDataIngestion_SFTP.group_countries.drop_table_countries manual__2025-10-13T11:50:29.073841+00:00 [queued]>
[2025-10-13T11:50:37.442+0000] {taskinstance.py:2073} INFO - Dependencies all met for dep_context=requeueable deps ti=<TaskInstance: OpenFlightsDataIngestion_SFTP.group_countries.drop_table_countries manual__2025-10-13T11:50:29.073841+00:00 [queued]>
[2025-10-13T11:50:37.443+0000] {taskinstance.py:2303} INFO - Starting attempt 1 of 2
[2025-10-13T11:50:37.466+0000] {taskinstance.py:2327} INFO - Executing <Task(PythonOperator): group_countries.drop_table_countries> on 2025-10-13 11:50:29.073841+00:00
[2025-10-13T11:50:37.478+0000] {warnings.py:110} WARNING - /home/***/.local/lib/python3.12/site-packages/***/task/task_runner/standard_task_runner.py:61: DeprecationWarning: This process (pid=190) is multi-threaded, use of fork() may lead to deadlocks in the child.
  pid = os.fork()

[2025-10-13T11:50:37.481+0000] {standard_task_runner.py:63} INFO - Started process 202 to run task
[2025-10-13T11:50:37.482+0000] {standard_task_runner.py:90} INFO - Running: ['***', 'tasks', 'run', 'OpenFlightsDataIngestion_SFTP', 'group_countries.drop_table_countries', 'manual__2025-10-13T11:50:29.073841+00:00', '--job-id', '47', '--raw', '--subdir', 'DAGS_FOLDER/openflights_dag.py', '--cfg-path', '/tmp/tmp1n4etw2w']
[2025-10-13T11:50:37.486+0000] {standard_task_runner.py:91} INFO - Job 47: Subtask group_countries.drop_table_countries
[2025-10-13T11:50:37.560+0000] {task_command.py:426} INFO - Running <TaskInstance: OpenFlightsDataIngestion_SFTP.group_countries.drop_table_countries manual__2025-10-13T11:50:29.073841+00:00 [running]> on host 165b2a8d6d15
[2025-10-13T11:50:37.705+0000] {taskinstance.py:2644} INFO - Exporting env vars: AIRFLOW_CTX_DAG_OWNER='***' AIRFLOW_CTX_DAG_ID='OpenFlightsDataIngestion_SFTP' AIRFLOW_CTX_TASK_ID='group_countries.drop_table_countries' AIRFLOW_CTX_EXECUTION_DATE='2025-10-13T11:50:29.073841+00:00' AIRFLOW_CTX_TRY_NUMBER='1' AIRFLOW_CTX_DAG_RUN_ID='manual__2025-10-13T11:50:29.073841+00:00'
[2025-10-13T11:50:37.709+0000] {taskinstance.py:430} INFO - ::endgroup::
[2025-10-13T11:50:37.727+0000] {base.py:84} INFO - Using connection ID 'maria_db_default' for task execution.
[2025-10-13T11:50:37.730+0000] {mariadb_hook.py:37} INFO - Connecting to MariaDB database: 
[2025-10-13T11:50:37.751+0000] {python.py:237} INFO - Done. Returned value was: None
[2025-10-13T11:50:37.753+0000] {taskinstance.py:441} INFO - ::group::Post task execution logs
[2025-10-13T11:50:37.774+0000] {taskinstance.py:1205} INFO - Marking task as SUCCESS. dag_id=OpenFlightsDataIngestion_SFTP, task_id=group_countries.drop_table_countries, execution_date=20251013T115029, start_date=20251013T115037, end_date=20251013T115037
[2025-10-13T11:50:37.828+0000] {local_task_job_runner.py:240} INFO - Task exited with return code 0
[2025-10-13T11:50:37.987+0000] {taskinstance.py:3482} INFO - 1 downstream tasks scheduled from follow-on schedule check
[2025-10-13T11:50:37.989+0000] {local_task_job_runner.py:222} INFO - ::endgroup::
