[2025-10-11T16:48:06.247+0000] {local_task_job_runner.py:120} INFO - ::group::Pre task execution logs
[2025-10-11T16:48:06.287+0000] {taskinstance.py:2073} INFO - Dependencies all met for dep_context=non-requeueable deps ti=<TaskInstance: OpenFlightsDataIngestion.group_airlines.truncate_table_airlines manual__2025-10-11T16:47:58.331451+00:00 [queued]>
[2025-10-11T16:48:06.311+0000] {taskinstance.py:2073} INFO - Dependencies all met for dep_context=requeueable deps ti=<TaskInstance: OpenFlightsDataIngestion.group_airlines.truncate_table_airlines manual__2025-10-11T16:47:58.331451+00:00 [queued]>
[2025-10-11T16:48:06.315+0000] {taskinstance.py:2303} INFO - Starting attempt 1 of 1
[2025-10-11T16:48:06.364+0000] {taskinstance.py:2327} INFO - Executing <Task(MariaDBOperator): group_airlines.truncate_table_airlines> on 2025-10-11 16:47:58.331451+00:00
[2025-10-11T16:48:06.377+0000] {warnings.py:110} WARNING - /home/***/.local/lib/python3.12/site-packages/***/task/task_runner/standard_task_runner.py:61: DeprecationWarning: This process (pid=110) is multi-threaded, use of fork() may lead to deadlocks in the child.
  pid = os.fork()

[2025-10-11T16:48:06.381+0000] {standard_task_runner.py:63} INFO - Started process 122 to run task
[2025-10-11T16:48:06.382+0000] {standard_task_runner.py:90} INFO - Running: ['***', 'tasks', 'run', 'OpenFlightsDataIngestion', 'group_airlines.truncate_table_airlines', 'manual__2025-10-11T16:47:58.331451+00:00', '--job-id', '25', '--raw', '--subdir', 'DAGS_FOLDER/openflights_dag.py', '--cfg-path', '/tmp/tmpv2c7ujuf']
[2025-10-11T16:48:06.388+0000] {standard_task_runner.py:91} INFO - Job 25: Subtask group_airlines.truncate_table_airlines
[2025-10-11T16:48:06.554+0000] {task_command.py:426} INFO - Running <TaskInstance: OpenFlightsDataIngestion.group_airlines.truncate_table_airlines manual__2025-10-11T16:47:58.331451+00:00 [running]> on host 57acc0fdfd63
[2025-10-11T16:48:06.797+0000] {taskinstance.py:2644} INFO - Exporting env vars: AIRFLOW_CTX_DAG_OWNER='***' AIRFLOW_CTX_DAG_ID='OpenFlightsDataIngestion' AIRFLOW_CTX_TASK_ID='group_airlines.truncate_table_airlines' AIRFLOW_CTX_EXECUTION_DATE='2025-10-11T16:47:58.331451+00:00' AIRFLOW_CTX_TRY_NUMBER='1' AIRFLOW_CTX_DAG_RUN_ID='manual__2025-10-11T16:47:58.331451+00:00'
[2025-10-11T16:48:06.801+0000] {taskinstance.py:430} INFO - ::endgroup::
[2025-10-11T16:48:06.802+0000] {sql.py:276} INFO - Executing: 
                Truncate table open_flights_data.airlines
                
[2025-10-11T16:48:06.815+0000] {base.py:84} INFO - Using connection ID 'maria_db_default' for task execution.
[2025-10-11T16:48:06.828+0000] {base.py:84} INFO - Using connection ID 'maria_db_default' for task execution.
[2025-10-11T16:48:06.829+0000] {mariadb_hook.py:37} INFO - Connecting to MariaDB database: 
[2025-10-11T16:48:06.830+0000] {taskinstance.py:441} INFO - ::group::Post task execution logs
[2025-10-11T16:48:06.832+0000] {taskinstance.py:2890} ERROR - Task failed with exception
Traceback (most recent call last):
  File "/home/airflow/.local/lib/python3.12/site-packages/airflow/models/taskinstance.py", line 465, in _execute_task
    result = _execute_callable(context=context, **execute_callable_kwargs)
             ^^^^^^^^^^^^^^^^^^^^^^^^^^^^^^^^^^^^^^^^^^^^^^^^^^^^^^^^^^^^^
  File "/home/airflow/.local/lib/python3.12/site-packages/airflow/models/taskinstance.py", line 432, in _execute_callable
    return execute_callable(context=context, **execute_callable_kwargs)
           ^^^^^^^^^^^^^^^^^^^^^^^^^^^^^^^^^^^^^^^^^^^^^^^^^^^^^^^^^^^^
  File "/home/airflow/.local/lib/python3.12/site-packages/airflow/models/baseoperator.py", line 400, in wrapper
    return func(self, *args, **kwargs)
           ^^^^^^^^^^^^^^^^^^^^^^^^^^^
  File "/home/airflow/.local/lib/python3.12/site-packages/airflow/providers/common/sql/operators/sql.py", line 282, in execute
    output = hook.run(
             ^^^^^^^^^
  File "/home/airflow/.local/lib/python3.12/site-packages/airflow/providers/common/sql/hooks/sql.py", line 397, in run
    with closing(self.get_conn()) as conn:
                 ^^^^^^^^^^^^^^^
  File "/opt/airflow/.local/src/airflow-mariadb-provider/airflow_mariadb_provider/hooks/mariadb_hook.py", line 39, in get_conn
    return mariadb.connect(**conn_config)
           ^^^^^^^^^^^^^^^^^^^^^^^^^^^^^^
  File "/home/airflow/.local/lib/python3.12/site-packages/mariadb/__init__.py", line 147, in connect
    connection = connectionclass(*args, **kwargs)
                 ^^^^^^^^^^^^^^^^^^^^^^^^^^^^^^^^
  File "/home/airflow/.local/lib/python3.12/site-packages/mariadb/connections.py", line 85, in __init__
    super().__init__(*args, **kwargs)
TypeError: 'NoneType' object cannot be interpreted as an integer
[2025-10-11T16:48:06.847+0000] {taskinstance.py:1205} INFO - Marking task as FAILED. dag_id=OpenFlightsDataIngestion, task_id=group_airlines.truncate_table_airlines, execution_date=20251011T164758, start_date=20251011T164806, end_date=20251011T164806
[2025-10-11T16:48:06.863+0000] {standard_task_runner.py:110} ERROR - Failed to execute job 25 for task group_airlines.truncate_table_airlines ('NoneType' object cannot be interpreted as an integer; 122)
[2025-10-11T16:48:06.900+0000] {local_task_job_runner.py:240} INFO - Task exited with return code 1
[2025-10-11T16:48:07.038+0000] {warnings.py:110} WARNING - /home/***/.local/lib/python3.12/site-packages/***/models/baseoperator.py:1296: AirflowProviderDeprecationWarning: Call to deprecated class MariaDBOperator. (Please use `***.providers.common.sql.operators.sql.SQLExecuteQueryOperator`.Also, you can provide `hook_params={'schema': <database>}`.)
  result = cls.__new__(cls)

[2025-10-11T16:48:07.064+0000] {taskinstance.py:3482} INFO - 0 downstream tasks scheduled from follow-on schedule check
[2025-10-11T16:48:07.071+0000] {local_task_job_runner.py:222} INFO - ::endgroup::
