[2025-10-16T17:21:46.658+0000] {local_task_job_runner.py:120} INFO - ::group::Pre task execution logs
[2025-10-16T17:21:46.701+0000] {taskinstance.py:2073} INFO - Dependencies all met for dep_context=non-requeueable deps ti=<TaskInstance: OpenFlightsDataIngestion.group_planes.drop_table_planes manual__2025-10-16T17:21:26.859802+00:00 [queued]>
[2025-10-16T17:21:46.721+0000] {taskinstance.py:2073} INFO - Dependencies all met for dep_context=requeueable deps ti=<TaskInstance: OpenFlightsDataIngestion.group_planes.drop_table_planes manual__2025-10-16T17:21:26.859802+00:00 [queued]>
[2025-10-16T17:21:46.722+0000] {taskinstance.py:2303} INFO - Starting attempt 1 of 1
[2025-10-16T17:21:46.757+0000] {taskinstance.py:2327} INFO - Executing <Task(PythonOperator): group_planes.drop_table_planes> on 2025-10-16 17:21:26.859802+00:00
[2025-10-16T17:21:46.772+0000] {warnings.py:110} WARNING - /home/***/.local/lib/python3.12/site-packages/***/task/task_runner/standard_task_runner.py:61: DeprecationWarning: This process (pid=137) is multi-threaded, use of fork() may lead to deadlocks in the child.
  pid = os.fork()

[2025-10-16T17:21:46.776+0000] {standard_task_runner.py:63} INFO - Started process 203 to run task
[2025-10-16T17:21:46.778+0000] {standard_task_runner.py:90} INFO - Running: ['***', 'tasks', 'run', 'OpenFlightsDataIngestion', 'group_planes.drop_table_planes', 'manual__2025-10-16T17:21:26.859802+00:00', '--job-id', '40', '--raw', '--subdir', 'DAGS_FOLDER/openflights_dag.py', '--cfg-path', '/tmp/tmp49agzeen']
[2025-10-16T17:21:46.783+0000] {standard_task_runner.py:91} INFO - Job 40: Subtask group_planes.drop_table_planes
[2025-10-16T17:21:46.890+0000] {task_command.py:426} INFO - Running <TaskInstance: OpenFlightsDataIngestion.group_planes.drop_table_planes manual__2025-10-16T17:21:26.859802+00:00 [running]> on host e6b42f39be87
[2025-10-16T17:21:47.065+0000] {taskinstance.py:2644} INFO - Exporting env vars: AIRFLOW_CTX_DAG_OWNER='***' AIRFLOW_CTX_DAG_ID='OpenFlightsDataIngestion' AIRFLOW_CTX_TASK_ID='group_planes.drop_table_planes' AIRFLOW_CTX_EXECUTION_DATE='2025-10-16T17:21:26.859802+00:00' AIRFLOW_CTX_TRY_NUMBER='1' AIRFLOW_CTX_DAG_RUN_ID='manual__2025-10-16T17:21:26.859802+00:00'
[2025-10-16T17:21:47.070+0000] {taskinstance.py:430} INFO - ::endgroup::
[2025-10-16T17:21:47.086+0000] {base.py:84} INFO - Using connection ID 'maria_db_default' for task execution.
[2025-10-16T17:21:47.087+0000] {mariadb_hook.py:38} INFO - Connecting to MariaDB database: open_flights_data
[2025-10-16T17:21:49.991+0000] {python.py:237} INFO - Done. Returned value was: None
[2025-10-16T17:21:49.994+0000] {taskinstance.py:441} INFO - ::group::Post task execution logs
[2025-10-16T17:21:50.025+0000] {taskinstance.py:1205} INFO - Marking task as SUCCESS. dag_id=OpenFlightsDataIngestion, task_id=group_planes.drop_table_planes, execution_date=20251016T172126, start_date=20251016T172146, end_date=20251016T172150
[2025-10-16T17:21:50.135+0000] {local_task_job_runner.py:240} INFO - Task exited with return code 0
[2025-10-16T17:21:50.233+0000] {taskinstance.py:3482} INFO - 1 downstream tasks scheduled from follow-on schedule check
[2025-10-16T17:21:50.237+0000] {local_task_job_runner.py:222} INFO - ::endgroup::
