[2025-10-26T19:10:13.630+0000] {local_task_job_runner.py:120} INFO - ::group::Pre task execution logs
[2025-10-26T19:10:13.651+0000] {taskinstance.py:2073} INFO - Dependencies all met for dep_context=non-requeueable deps ti=<TaskInstance: Dag_OpenFlightsDataIngestion.create_database manual__2025-10-26T19:10:10.437987+00:00 [queued]>
[2025-10-26T19:10:13.661+0000] {taskinstance.py:2073} INFO - Dependencies all met for dep_context=requeueable deps ti=<TaskInstance: Dag_OpenFlightsDataIngestion.create_database manual__2025-10-26T19:10:10.437987+00:00 [queued]>
[2025-10-26T19:10:13.661+0000] {taskinstance.py:2303} INFO - Starting attempt 1 of 1
[2025-10-26T19:10:13.677+0000] {taskinstance.py:2327} INFO - Executing <Task(MariaDBOperator): create_database> on 2025-10-26 19:10:10.437987+00:00
[2025-10-26T19:10:13.685+0000] {warnings.py:110} WARNING - /home/***/.local/lib/python3.12/site-packages/***/task/task_runner/standard_task_runner.py:61: DeprecationWarning: This process (pid=66) is multi-threaded, use of fork() may lead to deadlocks in the child.
  pid = os.fork()

[2025-10-26T19:10:13.688+0000] {standard_task_runner.py:63} INFO - Started process 79 to run task
[2025-10-26T19:10:13.687+0000] {standard_task_runner.py:90} INFO - Running: ['***', 'tasks', 'run', 'Dag_OpenFlightsDataIngestion', 'create_database', 'manual__2025-10-26T19:10:10.437987+00:00', '--job-id', '5', '--raw', '--subdir', 'DAGS_FOLDER/openflights_dag.py', '--cfg-path', '/tmp/tmp73q2l2ui']
[2025-10-26T19:10:13.706+0000] {standard_task_runner.py:91} INFO - Job 5: Subtask create_database
[2025-10-26T19:10:13.776+0000] {task_command.py:426} INFO - Running <TaskInstance: Dag_OpenFlightsDataIngestion.create_database manual__2025-10-26T19:10:10.437987+00:00 [running]> on host c8d58475e5b6
[2025-10-26T19:10:13.884+0000] {taskinstance.py:2644} INFO - Exporting env vars: AIRFLOW_CTX_DAG_OWNER='***' AIRFLOW_CTX_DAG_ID='Dag_OpenFlightsDataIngestion' AIRFLOW_CTX_TASK_ID='create_database' AIRFLOW_CTX_EXECUTION_DATE='2025-10-26T19:10:10.437987+00:00' AIRFLOW_CTX_TRY_NUMBER='1' AIRFLOW_CTX_DAG_RUN_ID='manual__2025-10-26T19:10:10.437987+00:00'
[2025-10-26T19:10:13.891+0000] {taskinstance.py:430} INFO - ::endgroup::
[2025-10-26T19:10:13.892+0000] {sql.py:276} INFO - Executing: 
        CREATE DATABASE IF NOT EXISTS open_flights_data;
        
[2025-10-26T19:10:13.931+0000] {base.py:84} INFO - Using connection ID 'maria_db_default' for task execution.
[2025-10-26T19:10:13.941+0000] {base.py:84} INFO - Using connection ID 'maria_db_default' for task execution.
[2025-10-26T19:10:13.942+0000] {mariadb.py:94} INFO - Connecting to MariaDB database: 
[2025-10-26T19:10:14.190+0000] {sql.py:457} INFO - Running statement: 
        CREATE DATABASE IF NOT EXISTS open_flights_data;
        , parameters: None
[2025-10-26T19:10:14.206+0000] {sql.py:466} INFO - Rows affected: 0
[2025-10-26T19:10:14.207+0000] {warnings.py:110} WARNING - /home/***/.local/lib/python3.12/site-packages/***/providers/common/sql/hooks/sql.py:407: AirflowProviderDeprecationWarning: Call to deprecated method _make_common_data_structure. (The `_make_serializable` method is deprecated and support will be removed in a future version of the common.sql provider. Please update the DbApiHook's provider to a version based on common.sql >= 1.9.1.)
  result = self._make_common_data_structure(handler(cur))

[2025-10-26T19:10:14.209+0000] {taskinstance.py:441} INFO - ::group::Post task execution logs
[2025-10-26T19:10:14.222+0000] {taskinstance.py:1205} INFO - Marking task as SUCCESS. dag_id=Dag_OpenFlightsDataIngestion, task_id=create_database, execution_date=20251026T191010, start_date=20251026T191013, end_date=20251026T191014
[2025-10-26T19:10:14.284+0000] {local_task_job_runner.py:240} INFO - Task exited with return code 0
[2025-10-26T19:10:14.308+0000] {warnings.py:110} WARNING - /home/***/.local/lib/python3.12/site-packages/***/models/baseoperator.py:1296: AirflowProviderDeprecationWarning: Call to deprecated class MariaDBOperator. (Please use `***.providers.common.sql.operators.sql.SQLExecuteQueryOperator`.Also, you can provide `hook_params={'schema': <database>}`.)
  result = cls.__new__(cls)

[2025-10-26T19:10:14.341+0000] {taskinstance.py:3482} INFO - 5 downstream tasks scheduled from follow-on schedule check
[2025-10-26T19:10:14.344+0000] {local_task_job_runner.py:222} INFO - ::endgroup::
