[2025-10-11T15:38:52.351+0000] {local_task_job_runner.py:120} INFO - ::group::Pre task execution logs
[2025-10-11T15:38:52.410+0000] {taskinstance.py:2073} INFO - Dependencies all met for dep_context=non-requeueable deps ti=<TaskInstance: OpenFlightsDataIngestion.group_airports.download_airports manual__2025-10-11T15:38:47.410524+00:00 [queued]>
[2025-10-11T15:38:52.430+0000] {taskinstance.py:2073} INFO - Dependencies all met for dep_context=requeueable deps ti=<TaskInstance: OpenFlightsDataIngestion.group_airports.download_airports manual__2025-10-11T15:38:47.410524+00:00 [queued]>
[2025-10-11T15:38:52.431+0000] {taskinstance.py:2303} INFO - Starting attempt 1 of 1
[2025-10-11T15:38:52.465+0000] {taskinstance.py:2327} INFO - Executing <Task(PythonOperator): group_airports.download_airports> on 2025-10-11 15:38:47.410524+00:00
[2025-10-11T15:38:52.480+0000] {warnings.py:110} WARNING - /home/***/.local/lib/python3.12/site-packages/***/task/task_runner/standard_task_runner.py:61: DeprecationWarning: This process (pid=94) is multi-threaded, use of fork() may lead to deadlocks in the child.
  pid = os.fork()

[2025-10-11T15:38:52.493+0000] {standard_task_runner.py:63} INFO - Started process 105 to run task
[2025-10-11T15:38:52.493+0000] {standard_task_runner.py:90} INFO - Running: ['***', 'tasks', 'run', 'OpenFlightsDataIngestion', 'group_airports.download_airports', 'manual__2025-10-11T15:38:47.410524+00:00', '--job-id', '28', '--raw', '--subdir', 'DAGS_FOLDER/openflights_dag.py', '--cfg-path', '/tmp/tmplh_bpotb']
[2025-10-11T15:38:52.510+0000] {standard_task_runner.py:91} INFO - Job 28: Subtask group_airports.download_airports
[2025-10-11T15:38:52.629+0000] {task_command.py:426} INFO - Running <TaskInstance: OpenFlightsDataIngestion.group_airports.download_airports manual__2025-10-11T15:38:47.410524+00:00 [running]> on host 74db4dd39b04
[2025-10-11T15:38:52.809+0000] {taskinstance.py:2644} INFO - Exporting env vars: AIRFLOW_CTX_DAG_OWNER='***' AIRFLOW_CTX_DAG_ID='OpenFlightsDataIngestion' AIRFLOW_CTX_TASK_ID='group_airports.download_airports' AIRFLOW_CTX_EXECUTION_DATE='2025-10-11T15:38:47.410524+00:00' AIRFLOW_CTX_TRY_NUMBER='1' AIRFLOW_CTX_DAG_RUN_ID='manual__2025-10-11T15:38:47.410524+00:00'
[2025-10-11T15:38:52.812+0000] {taskinstance.py:430} INFO - ::endgroup::
[2025-10-11T15:38:53.394+0000] {python.py:237} INFO - Done. Returned value was: None
[2025-10-11T15:38:53.396+0000] {taskinstance.py:441} INFO - ::group::Post task execution logs
[2025-10-11T15:38:53.414+0000] {taskinstance.py:1205} INFO - Marking task as SUCCESS. dag_id=OpenFlightsDataIngestion, task_id=group_airports.download_airports, execution_date=20251011T153847, start_date=20251011T153852, end_date=20251011T153853
[2025-10-11T15:38:53.468+0000] {local_task_job_runner.py:240} INFO - Task exited with return code 0
[2025-10-11T15:38:53.588+0000] {warnings.py:110} WARNING - /home/***/.local/lib/python3.12/site-packages/***/models/baseoperator.py:1296: AirflowProviderDeprecationWarning: Call to deprecated class MariaDBOperator. (Please use `***.providers.common.sql.operators.sql.SQLExecuteQueryOperator`.Also, you can provide `hook_params={'schema': <database>}`.)
  result = cls.__new__(cls)

[2025-10-11T15:38:53.629+0000] {taskinstance.py:3482} INFO - 1 downstream tasks scheduled from follow-on schedule check
[2025-10-11T15:38:53.631+0000] {local_task_job_runner.py:222} INFO - ::endgroup::
