[2025-10-16T19:44:13.730+0000] {local_task_job_runner.py:120} INFO - ::group::Pre task execution logs
[2025-10-16T19:44:13.763+0000] {taskinstance.py:2073} INFO - Dependencies all met for dep_context=non-requeueable deps ti=<TaskInstance: OpenFlightsDataIngestion.group_planes.cpimport_planes manual__2025-10-16T19:43:50.755150+00:00 [queued]>
[2025-10-16T19:44:13.784+0000] {taskinstance.py:2073} INFO - Dependencies all met for dep_context=requeueable deps ti=<TaskInstance: OpenFlightsDataIngestion.group_planes.cpimport_planes manual__2025-10-16T19:43:50.755150+00:00 [queued]>
[2025-10-16T19:44:13.785+0000] {taskinstance.py:2303} INFO - Starting attempt 1 of 1
[2025-10-16T19:44:13.869+0000] {taskinstance.py:2327} INFO - Executing <Task(MariaDBCpImportOperator): group_planes.cpimport_planes> on 2025-10-16 19:43:50.755150+00:00
[2025-10-16T19:44:13.881+0000] {warnings.py:110} WARNING - /home/***/.local/lib/python3.12/site-packages/***/task/task_runner/standard_task_runner.py:61: DeprecationWarning: This process (pid=1304) is multi-threaded, use of fork() may lead to deadlocks in the child.
  pid = os.fork()

[2025-10-16T19:44:13.885+0000] {standard_task_runner.py:63} INFO - Started process 1335 to run task
[2025-10-16T19:44:13.885+0000] {standard_task_runner.py:90} INFO - Running: ['***', 'tasks', 'run', 'OpenFlightsDataIngestion', 'group_planes.cpimport_planes', 'manual__2025-10-16T19:43:50.755150+00:00', '--job-id', '247', '--raw', '--subdir', 'DAGS_FOLDER/openflights_dag.py', '--cfg-path', '/tmp/tmplitfwjdv']
[2025-10-16T19:44:13.888+0000] {standard_task_runner.py:91} INFO - Job 247: Subtask group_planes.cpimport_planes
[2025-10-16T19:44:13.965+0000] {task_command.py:426} INFO - Running <TaskInstance: OpenFlightsDataIngestion.group_planes.cpimport_planes manual__2025-10-16T19:43:50.755150+00:00 [running]> on host e6b42f39be87
[2025-10-16T19:44:14.120+0000] {taskinstance.py:2644} INFO - Exporting env vars: AIRFLOW_CTX_DAG_OWNER='***' AIRFLOW_CTX_DAG_ID='OpenFlightsDataIngestion' AIRFLOW_CTX_TASK_ID='group_planes.cpimport_planes' AIRFLOW_CTX_EXECUTION_DATE='2025-10-16T19:43:50.755150+00:00' AIRFLOW_CTX_TRY_NUMBER='1' AIRFLOW_CTX_DAG_RUN_ID='manual__2025-10-16T19:43:50.755150+00:00'
[2025-10-16T19:44:14.126+0000] {taskinstance.py:430} INFO - ::endgroup::
[2025-10-16T19:44:14.127+0000] {mariadb_cpimport_operator.py:86} INFO - Starting cpimport operation for table: planes
[2025-10-16T19:44:14.128+0000] {mariadb_cpimport_operator.py:87} INFO - Source file: /home/***_ssh/data_transfer/planes.dat
[2025-10-16T19:44:14.129+0000] {mariadb_cpimport_operator.py:95} INFO - Validating ColumnStore engine...
[2025-10-16T19:44:14.143+0000] {base.py:84} INFO - Using connection ID 'maria_db_default' for task execution.
[2025-10-16T19:44:14.144+0000] {mariadb_hook.py:38} INFO - Connecting to MariaDB database: open_flights_data
[2025-10-16T19:44:14.150+0000] {mariadb_hook.py:79} INFO - Table open_flights_data.planes uses engine: Columnstore
[2025-10-16T19:44:14.151+0000] {mariadb_hook.py:86} INFO - ✓ Table open_flights_data.planes uses ColumnStore engine
[2025-10-16T19:44:14.153+0000] {mariadb_cpimport_operator.py:97} INFO - ✓ ColumnStore engine validation passed
[2025-10-16T19:44:14.153+0000] {mariadb_cpimport_operator.py:102} INFO - Executing cpimport command...
[2025-10-16T19:44:14.165+0000] {base.py:84} INFO - Using connection ID 'maria_db_default' for task execution.
[2025-10-16T19:44:14.167+0000] {mariadb_hook.py:38} INFO - Connecting to MariaDB database: open_flights_data
[2025-10-16T19:44:14.172+0000] {mariadb_hook.py:79} INFO - Table open_flights_data.planes uses engine: Columnstore
[2025-10-16T19:44:14.172+0000] {mariadb_hook.py:86} INFO - ✓ Table open_flights_data.planes uses ColumnStore engine
[2025-10-16T19:44:14.188+0000] {base.py:84} INFO - Using connection ID 'mariadb_ssh_connection' for task execution.
[2025-10-16T19:44:14.189+0000] {mariadb_hook.py:156} INFO - Executing cpimport command via SSH: cpimport -s ',' -E \" -n \\N open_flights_data planes /home/***_ssh/data_transfer/planes.dat
[2025-10-16T19:44:14.190+0000] {ssh.py:301} WARNING - No Host Key Verification. This won't protect against Man-In-The-Middle attacks
[2025-10-16T19:44:14.203+0000] {transport.py:1909} INFO - Connected (version 2.0, client OpenSSH_8.0)
[2025-10-16T19:44:14.323+0000] {transport.py:1909} INFO - Authentication (password) successful!
[2025-10-16T19:44:15.635+0000] {mariadb_hook.py:168} INFO - cpimport completed successfully via SSH
[2025-10-16T19:44:15.636+0000] {mariadb_hook.py:170} INFO - Output: Locale = C.UTF-8Column delimiter : ,
Enclosed by Character : "

Using table OID 3205 as the default JOB ID
Input file(s) will be read from : /root
Job description file : /var/log/mariadb/columnstore/data/bulk/tmpjob/3205_D20251016_T194414_S557893_Job_3205.xml
Log file for this job: /var/log/mariadb/columnstore/cpimport/Job_3205.log
2025-10-16 19:44:14 (2267) INFO : successfully loaded job file /var/log/mariadb/columnstore/data/bulk/tmpjob/3205_D20251016_T194414_S557893_Job_3205.xml
2025-10-16 19:44:14 (2267) INFO : Job file loaded, run time for this step : 0.0392511 seconds
2025-10-16 19:44:14 (2267) INFO : PreProcessing check starts
2025-10-16 19:44:14 (2267) INFO : input data file /home/***_ssh/data_transfer/planes.dat
2025-10-16 19:44:14 (2267) INFO : PreProcessing check completed
2025-10-16 19:44:14 (2267) INFO : preProcess completed, run time for this step : 0.04019 seconds
2025-10-16 19:44:14 (2267) INFO : No of Read Threads Spawned = 1
2025-10-16 19:44:14 (2267) INFO : No of Parse Threads Spawned = 3
2025-10-16 19:44:14 (2267) INFO : For table open_flights_data.planes: 246 rows processed and 246 rows inserted.
2025-10-16 19:44:15 (2267) INFO : Bulk load completed, total run time : 1.08158 seconds


[2025-10-16T19:44:15.637+0000] {mariadb_cpimport_operator.py:112} INFO - ✅ Successfully imported data into planes
[2025-10-16T19:44:15.637+0000] {taskinstance.py:441} INFO - ::group::Post task execution logs
[2025-10-16T19:44:15.668+0000] {taskinstance.py:1205} INFO - Marking task as SUCCESS. dag_id=OpenFlightsDataIngestion, task_id=group_planes.cpimport_planes, execution_date=20251016T194350, start_date=20251016T194413, end_date=20251016T194415
[2025-10-16T19:44:15.708+0000] {local_task_job_runner.py:240} INFO - Task exited with return code 0
[2025-10-16T19:44:15.737+0000] {taskinstance.py:3482} INFO - 0 downstream tasks scheduled from follow-on schedule check
[2025-10-16T19:44:15.739+0000] {local_task_job_runner.py:222} INFO - ::endgroup::
