[2025-10-16T18:29:41.473+0000] {local_task_job_runner.py:120} INFO - ::group::Pre task execution logs
[2025-10-16T18:29:41.540+0000] {taskinstance.py:2073} INFO - Dependencies all met for dep_context=non-requeueable deps ti=<TaskInstance: OpenFlightsDataIngestion.create_database manual__2025-10-16T18:29:37.354327+00:00 [queued]>
[2025-10-16T18:29:41.569+0000] {taskinstance.py:2073} INFO - Dependencies all met for dep_context=requeueable deps ti=<TaskInstance: OpenFlightsDataIngestion.create_database manual__2025-10-16T18:29:37.354327+00:00 [queued]>
[2025-10-16T18:29:41.570+0000] {taskinstance.py:2303} INFO - Starting attempt 1 of 1
[2025-10-16T18:29:41.588+0000] {taskinstance.py:2327} INFO - Executing <Task(MariaDBOperator): create_database> on 2025-10-16 18:29:37.354327+00:00
[2025-10-16T18:29:41.596+0000] {warnings.py:110} WARNING - /home/***/.local/lib/python3.12/site-packages/***/task/task_runner/standard_task_runner.py:61: DeprecationWarning: This process (pid=52) is multi-threaded, use of fork() may lead to deadlocks in the child.
  pid = os.fork()

[2025-10-16T18:29:41.598+0000] {standard_task_runner.py:63} INFO - Started process 65 to run task
[2025-10-16T18:29:41.598+0000] {standard_task_runner.py:90} INFO - Running: ['***', 'tasks', 'run', 'OpenFlightsDataIngestion', 'create_database', 'manual__2025-10-16T18:29:37.354327+00:00', '--job-id', '117', '--raw', '--subdir', 'DAGS_FOLDER/openflights_dag.py', '--cfg-path', '/tmp/tmp43olebvk']
[2025-10-16T18:29:41.602+0000] {standard_task_runner.py:91} INFO - Job 117: Subtask create_database
[2025-10-16T18:29:41.670+0000] {task_command.py:426} INFO - Running <TaskInstance: OpenFlightsDataIngestion.create_database manual__2025-10-16T18:29:37.354327+00:00 [running]> on host e6b42f39be87
[2025-10-16T18:29:41.816+0000] {taskinstance.py:2644} INFO - Exporting env vars: AIRFLOW_CTX_DAG_OWNER='***' AIRFLOW_CTX_DAG_ID='OpenFlightsDataIngestion' AIRFLOW_CTX_TASK_ID='create_database' AIRFLOW_CTX_EXECUTION_DATE='2025-10-16T18:29:37.354327+00:00' AIRFLOW_CTX_TRY_NUMBER='1' AIRFLOW_CTX_DAG_RUN_ID='manual__2025-10-16T18:29:37.354327+00:00'
[2025-10-16T18:29:41.820+0000] {taskinstance.py:430} INFO - ::endgroup::
[2025-10-16T18:29:41.821+0000] {sql.py:276} INFO - Executing: 
        CREATE DATABASE IF NOT EXISTS open_flights_data;
        
[2025-10-16T18:29:41.837+0000] {base.py:84} INFO - Using connection ID 'maria_db_default' for task execution.
[2025-10-16T18:29:41.849+0000] {base.py:84} INFO - Using connection ID 'maria_db_default' for task execution.
[2025-10-16T18:29:41.850+0000] {mariadb_hook.py:38} INFO - Connecting to MariaDB database: open_flights_data
[2025-10-16T18:29:41.855+0000] {sql.py:457} INFO - Running statement: 
        CREATE DATABASE IF NOT EXISTS open_flights_data;
        , parameters: None
[2025-10-16T18:29:41.857+0000] {sql.py:466} INFO - Rows affected: 0
[2025-10-16T18:29:41.858+0000] {warnings.py:110} WARNING - /home/***/.local/lib/python3.12/site-packages/***/providers/common/sql/hooks/sql.py:407: AirflowProviderDeprecationWarning: Call to deprecated method _make_common_data_structure. (The `_make_serializable` method is deprecated and support will be removed in a future version of the common.sql provider. Please update the DbApiHook's provider to a version based on common.sql >= 1.9.1.)
  result = self._make_common_data_structure(handler(cur))

[2025-10-16T18:29:41.860+0000] {taskinstance.py:441} INFO - ::group::Post task execution logs
[2025-10-16T18:29:41.879+0000] {taskinstance.py:1205} INFO - Marking task as SUCCESS. dag_id=OpenFlightsDataIngestion, task_id=create_database, execution_date=20251016T182937, start_date=20251016T182941, end_date=20251016T182941
[2025-10-16T18:29:41.904+0000] {local_task_job_runner.py:240} INFO - Task exited with return code 0
[2025-10-16T18:29:41.923+0000] {warnings.py:110} WARNING - /home/***/.local/lib/python3.12/site-packages/***/models/baseoperator.py:1296: AirflowProviderDeprecationWarning: Call to deprecated class MariaDBOperator. (Please use `***.providers.common.sql.operators.sql.SQLExecuteQueryOperator`.Also, you can provide `hook_params={'schema': <database>}`.)
  result = cls.__new__(cls)

[2025-10-16T18:29:41.956+0000] {taskinstance.py:3482} INFO - 5 downstream tasks scheduled from follow-on schedule check
[2025-10-16T18:29:41.958+0000] {local_task_job_runner.py:222} INFO - ::endgroup::
