[2025-10-11T18:32:18.275+0000] {local_task_job_runner.py:120} INFO - ::group::Pre task execution logs
[2025-10-11T18:32:18.311+0000] {taskinstance.py:2073} INFO - Dependencies all met for dep_context=non-requeueable deps ti=<TaskInstance: OpenFlightsDataIngestion.group_airports.truncate_table_airports manual__2025-10-11T18:32:10.427037+00:00 [queued]>
[2025-10-11T18:32:18.325+0000] {taskinstance.py:2073} INFO - Dependencies all met for dep_context=requeueable deps ti=<TaskInstance: OpenFlightsDataIngestion.group_airports.truncate_table_airports manual__2025-10-11T18:32:10.427037+00:00 [queued]>
[2025-10-11T18:32:18.326+0000] {taskinstance.py:2303} INFO - Starting attempt 1 of 1
[2025-10-11T18:32:18.348+0000] {taskinstance.py:2327} INFO - Executing <Task(PythonOperator): group_airports.truncate_table_airports> on 2025-10-11 18:32:10.427037+00:00
[2025-10-11T18:32:18.358+0000] {warnings.py:110} WARNING - /home/***/.local/lib/python3.12/site-packages/***/task/task_runner/standard_task_runner.py:61: DeprecationWarning: This process (pid=106) is multi-threaded, use of fork() may lead to deadlocks in the child.
  pid = os.fork()

[2025-10-11T18:32:18.362+0000] {standard_task_runner.py:63} INFO - Started process 119 to run task
[2025-10-11T18:32:18.361+0000] {standard_task_runner.py:90} INFO - Running: ['***', 'tasks', 'run', 'OpenFlightsDataIngestion', 'group_airports.truncate_table_airports', 'manual__2025-10-11T18:32:10.427037+00:00', '--job-id', '89', '--raw', '--subdir', 'DAGS_FOLDER/openflights_dag.py', '--cfg-path', '/tmp/tmp6clb3glu']
[2025-10-11T18:32:18.366+0000] {standard_task_runner.py:91} INFO - Job 89: Subtask group_airports.truncate_table_airports
[2025-10-11T18:32:18.445+0000] {task_command.py:426} INFO - Running <TaskInstance: OpenFlightsDataIngestion.group_airports.truncate_table_airports manual__2025-10-11T18:32:10.427037+00:00 [running]> on host dc3f0ff817bf
[2025-10-11T18:32:18.583+0000] {taskinstance.py:2644} INFO - Exporting env vars: AIRFLOW_CTX_DAG_OWNER='***' AIRFLOW_CTX_DAG_ID='OpenFlightsDataIngestion' AIRFLOW_CTX_TASK_ID='group_airports.truncate_table_airports' AIRFLOW_CTX_EXECUTION_DATE='2025-10-11T18:32:10.427037+00:00' AIRFLOW_CTX_TRY_NUMBER='1' AIRFLOW_CTX_DAG_RUN_ID='manual__2025-10-11T18:32:10.427037+00:00'
[2025-10-11T18:32:18.586+0000] {taskinstance.py:430} INFO - ::endgroup::
[2025-10-11T18:32:18.588+0000] {taskinstance.py:441} INFO - ::group::Post task execution logs
[2025-10-11T18:32:18.589+0000] {taskinstance.py:2890} ERROR - Task failed with exception
Traceback (most recent call last):
  File "/home/airflow/.local/lib/python3.12/site-packages/airflow/models/taskinstance.py", line 465, in _execute_task
    result = _execute_callable(context=context, **execute_callable_kwargs)
             ^^^^^^^^^^^^^^^^^^^^^^^^^^^^^^^^^^^^^^^^^^^^^^^^^^^^^^^^^^^^^
  File "/home/airflow/.local/lib/python3.12/site-packages/airflow/models/taskinstance.py", line 432, in _execute_callable
    return execute_callable(context=context, **execute_callable_kwargs)
           ^^^^^^^^^^^^^^^^^^^^^^^^^^^^^^^^^^^^^^^^^^^^^^^^^^^^^^^^^^^^
  File "/home/airflow/.local/lib/python3.12/site-packages/airflow/models/baseoperator.py", line 400, in wrapper
    return func(self, *args, **kwargs)
           ^^^^^^^^^^^^^^^^^^^^^^^^^^^
  File "/home/airflow/.local/lib/python3.12/site-packages/airflow/operators/python.py", line 235, in execute
    return_value = self.execute_callable()
                   ^^^^^^^^^^^^^^^^^^^^^^^
  File "/home/airflow/.local/lib/python3.12/site-packages/airflow/operators/python.py", line 252, in execute_callable
    return self.python_callable(*self.op_args, **self.op_kwargs)
           ^^^^^^^^^^^^^^^^^^^^^^^^^^^^^^^^^^^^^^^^^^^^^^^^^^^^^
  File "/opt/airflow/dags/openflights_dag.py", line 17, in truncate_if_exists
    hook = MariaDBHook(mariadb_conn_id=mariadb_conn_id)
           ^^^^^^^^^^^
NameError: name 'MariaDBHook' is not defined
[2025-10-11T18:32:18.611+0000] {taskinstance.py:1205} INFO - Marking task as FAILED. dag_id=OpenFlightsDataIngestion, task_id=group_airports.truncate_table_airports, execution_date=20251011T183210, start_date=20251011T183218, end_date=20251011T183218
[2025-10-11T18:32:18.633+0000] {standard_task_runner.py:110} ERROR - Failed to execute job 89 for task group_airports.truncate_table_airports (name 'MariaDBHook' is not defined; 119)
[2025-10-11T18:32:18.667+0000] {local_task_job_runner.py:240} INFO - Task exited with return code 1
[2025-10-11T18:32:18.708+0000] {taskinstance.py:3482} INFO - 0 downstream tasks scheduled from follow-on schedule check
[2025-10-11T18:32:18.713+0000] {local_task_job_runner.py:222} INFO - ::endgroup::
