[2025-10-16T19:38:34.687+0000] {local_task_job_runner.py:120} INFO - ::group::Pre task execution logs
[2025-10-16T19:38:34.721+0000] {taskinstance.py:2073} INFO - Dependencies all met for dep_context=non-requeueable deps ti=<TaskInstance: OpenFlightsDataIngestion.create_database manual__2025-10-16T19:38:31.009187+00:00 [queued]>
[2025-10-16T19:38:34.734+0000] {taskinstance.py:2073} INFO - Dependencies all met for dep_context=requeueable deps ti=<TaskInstance: OpenFlightsDataIngestion.create_database manual__2025-10-16T19:38:31.009187+00:00 [queued]>
[2025-10-16T19:38:34.735+0000] {taskinstance.py:2303} INFO - Starting attempt 1 of 1
[2025-10-16T19:38:34.757+0000] {taskinstance.py:2327} INFO - Executing <Task(MariaDBOperator): create_database> on 2025-10-16 19:38:31.009187+00:00
[2025-10-16T19:38:34.765+0000] {warnings.py:110} WARNING - /home/***/.local/lib/python3.12/site-packages/***/task/task_runner/standard_task_runner.py:61: DeprecationWarning: This process (pid=386) is multi-threaded, use of fork() may lead to deadlocks in the child.
  pid = os.fork()

[2025-10-16T19:38:34.767+0000] {standard_task_runner.py:63} INFO - Started process 399 to run task
[2025-10-16T19:38:34.768+0000] {standard_task_runner.py:90} INFO - Running: ['***', 'tasks', 'run', 'OpenFlightsDataIngestion', 'create_database', 'manual__2025-10-16T19:38:31.009187+00:00', '--job-id', '181', '--raw', '--subdir', 'DAGS_FOLDER/openflights_dag.py', '--cfg-path', '/tmp/tmp6gjf_oh1']
[2025-10-16T19:38:34.772+0000] {standard_task_runner.py:91} INFO - Job 181: Subtask create_database
[2025-10-16T19:38:34.852+0000] {task_command.py:426} INFO - Running <TaskInstance: OpenFlightsDataIngestion.create_database manual__2025-10-16T19:38:31.009187+00:00 [running]> on host e6b42f39be87
[2025-10-16T19:38:34.991+0000] {taskinstance.py:2644} INFO - Exporting env vars: AIRFLOW_CTX_DAG_OWNER='***' AIRFLOW_CTX_DAG_ID='OpenFlightsDataIngestion' AIRFLOW_CTX_TASK_ID='create_database' AIRFLOW_CTX_EXECUTION_DATE='2025-10-16T19:38:31.009187+00:00' AIRFLOW_CTX_TRY_NUMBER='1' AIRFLOW_CTX_DAG_RUN_ID='manual__2025-10-16T19:38:31.009187+00:00'
[2025-10-16T19:38:34.994+0000] {taskinstance.py:430} INFO - ::endgroup::
[2025-10-16T19:38:34.995+0000] {sql.py:276} INFO - Executing: 
        CREATE DATABASE IF NOT EXISTS open_flights_data;
        
[2025-10-16T19:38:35.008+0000] {base.py:84} INFO - Using connection ID 'maria_db_default' for task execution.
[2025-10-16T19:38:35.018+0000] {base.py:84} INFO - Using connection ID 'maria_db_default' for task execution.
[2025-10-16T19:38:35.019+0000] {mariadb_hook.py:38} INFO - Connecting to MariaDB database: open_flights_data
[2025-10-16T19:38:35.023+0000] {mariadb_hook.py:42} ERROR - Error connecting to MariaDB: Unknown database 'open_flights_data'
[2025-10-16T19:38:35.023+0000] {taskinstance.py:441} INFO - ::group::Post task execution logs
[2025-10-16T19:38:35.024+0000] {taskinstance.py:2890} ERROR - Task failed with exception
Traceback (most recent call last):
  File "/home/airflow/.local/lib/python3.12/site-packages/airflow/models/taskinstance.py", line 465, in _execute_task
    result = _execute_callable(context=context, **execute_callable_kwargs)
             ^^^^^^^^^^^^^^^^^^^^^^^^^^^^^^^^^^^^^^^^^^^^^^^^^^^^^^^^^^^^^
  File "/home/airflow/.local/lib/python3.12/site-packages/airflow/models/taskinstance.py", line 432, in _execute_callable
    return execute_callable(context=context, **execute_callable_kwargs)
           ^^^^^^^^^^^^^^^^^^^^^^^^^^^^^^^^^^^^^^^^^^^^^^^^^^^^^^^^^^^^
  File "/home/airflow/.local/lib/python3.12/site-packages/airflow/models/baseoperator.py", line 400, in wrapper
    return func(self, *args, **kwargs)
           ^^^^^^^^^^^^^^^^^^^^^^^^^^^
  File "/home/airflow/.local/lib/python3.12/site-packages/airflow/providers/common/sql/operators/sql.py", line 282, in execute
    output = hook.run(
             ^^^^^^^^^
  File "/home/airflow/.local/lib/python3.12/site-packages/airflow/providers/common/sql/hooks/sql.py", line 397, in run
    with closing(self.get_conn()) as conn:
                 ^^^^^^^^^^^^^^^
  File "/opt/airflow/.local/src/airflow-mariadb-provider/airflow_mariadb_provider/hooks/mariadb_hook.py", line 43, in get_conn
    raise e
  File "/opt/airflow/.local/src/airflow-mariadb-provider/airflow_mariadb_provider/hooks/mariadb_hook.py", line 40, in get_conn
    return mariadb.connect(**conn_config)
           ^^^^^^^^^^^^^^^^^^^^^^^^^^^^^^
  File "/home/airflow/.local/lib/python3.12/site-packages/mariadb/__init__.py", line 94, in connect
    connection = connectionclass(*args, **kwargs)
                 ^^^^^^^^^^^^^^^^^^^^^^^^^^^^^^^^
  File "/home/airflow/.local/lib/python3.12/site-packages/mariadb/connections.py", line 85, in __init__
    super().__init__(*args, **kwargs)
mariadb.ProgrammingError: Unknown database 'open_flights_data'
[2025-10-16T19:38:35.040+0000] {taskinstance.py:1205} INFO - Marking task as FAILED. dag_id=OpenFlightsDataIngestion, task_id=create_database, execution_date=20251016T193831, start_date=20251016T193834, end_date=20251016T193835
[2025-10-16T19:38:35.055+0000] {standard_task_runner.py:110} ERROR - Failed to execute job 181 for task create_database (Unknown database 'open_flights_data'; 399)
[2025-10-16T19:38:35.072+0000] {local_task_job_runner.py:240} INFO - Task exited with return code 1
[2025-10-16T19:38:35.093+0000] {warnings.py:110} WARNING - /home/***/.local/lib/python3.12/site-packages/***/models/baseoperator.py:1296: AirflowProviderDeprecationWarning: Call to deprecated class MariaDBOperator. (Please use `***.providers.common.sql.operators.sql.SQLExecuteQueryOperator`.Also, you can provide `hook_params={'schema': <database>}`.)
  result = cls.__new__(cls)

[2025-10-16T19:38:35.120+0000] {taskinstance.py:3482} INFO - 0 downstream tasks scheduled from follow-on schedule check
[2025-10-16T19:38:35.127+0000] {local_task_job_runner.py:222} INFO - ::endgroup::
