[2025-10-16T19:49:10.673+0000] {local_task_job_runner.py:120} INFO - ::group::Pre task execution logs
[2025-10-16T19:49:10.701+0000] {taskinstance.py:2073} INFO - Dependencies all met for dep_context=non-requeueable deps ti=<TaskInstance: OpenFlightsDataIngestion.group_airlines.copy_via_ssh_airlines manual__2025-10-16T19:48:49.166871+00:00 [queued]>
[2025-10-16T19:49:10.715+0000] {taskinstance.py:2073} INFO - Dependencies all met for dep_context=requeueable deps ti=<TaskInstance: OpenFlightsDataIngestion.group_airlines.copy_via_ssh_airlines manual__2025-10-16T19:48:49.166871+00:00 [queued]>
[2025-10-16T19:49:10.716+0000] {taskinstance.py:2303} INFO - Starting attempt 1 of 1
[2025-10-16T19:49:10.742+0000] {taskinstance.py:2327} INFO - Executing <Task(SFTPOperator): group_airlines.copy_via_ssh_airlines> on 2025-10-16 19:48:49.166871+00:00
[2025-10-16T19:49:10.751+0000] {warnings.py:110} WARNING - /home/***/.local/lib/python3.12/site-packages/***/task/task_runner/standard_task_runner.py:61: DeprecationWarning: This process (pid=1601) is multi-threaded, use of fork() may lead to deadlocks in the child.
  pid = os.fork()

[2025-10-16T19:49:10.754+0000] {standard_task_runner.py:63} INFO - Started process 1641 to run task
[2025-10-16T19:49:10.755+0000] {standard_task_runner.py:90} INFO - Running: ['***', 'tasks', 'run', 'OpenFlightsDataIngestion', 'group_airlines.copy_via_ssh_airlines', 'manual__2025-10-16T19:48:49.166871+00:00', '--job-id', '269', '--raw', '--subdir', 'DAGS_FOLDER/openflights_dag.py', '--cfg-path', '/tmp/tmphfhp0vdn']
[2025-10-16T19:49:10.760+0000] {standard_task_runner.py:91} INFO - Job 269: Subtask group_airlines.copy_via_ssh_airlines
[2025-10-16T19:49:10.845+0000] {task_command.py:426} INFO - Running <TaskInstance: OpenFlightsDataIngestion.group_airlines.copy_via_ssh_airlines manual__2025-10-16T19:48:49.166871+00:00 [running]> on host e6b42f39be87
[2025-10-16T19:49:10.996+0000] {taskinstance.py:2644} INFO - Exporting env vars: AIRFLOW_CTX_DAG_OWNER='***' AIRFLOW_CTX_DAG_ID='OpenFlightsDataIngestion' AIRFLOW_CTX_TASK_ID='group_airlines.copy_via_ssh_airlines' AIRFLOW_CTX_EXECUTION_DATE='2025-10-16T19:48:49.166871+00:00' AIRFLOW_CTX_TRY_NUMBER='1' AIRFLOW_CTX_DAG_RUN_ID='manual__2025-10-16T19:48:49.166871+00:00'
[2025-10-16T19:49:10.999+0000] {taskinstance.py:430} INFO - ::endgroup::
[2025-10-16T19:49:11.000+0000] {sftp.py:158} INFO - sftp_hook/ssh_hook not provided or invalid. Trying ssh_conn_id to create SFTPHook.
[2025-10-16T19:49:11.016+0000] {base.py:84} INFO - Using connection ID 'mariadb_ssh_connection' for task execution.
[2025-10-16T19:49:11.017+0000] {ssh.py:301} WARNING - No Host Key Verification. This won't protect against Man-In-The-Middle attacks
[2025-10-16T19:49:11.031+0000] {transport.py:1909} INFO - Connected (version 2.0, client OpenSSH_8.0)
[2025-10-16T19:49:11.150+0000] {transport.py:1909} INFO - Authentication (password) successful!
[2025-10-16T19:49:11.268+0000] {sftp.py:169} INFO - [chan 0] Opened sftp connection (server version 3)
[2025-10-16T19:49:11.270+0000] {sftp.py:213} INFO - /root/***_ssh already exists
[2025-10-16T19:49:11.270+0000] {sftp.py:187} INFO - Starting to transfer file from /tmp/airlines.dat to /root/***_ssh/airlines.dat
[2025-10-16T19:49:11.303+0000] {taskinstance.py:441} INFO - ::group::Post task execution logs
[2025-10-16T19:49:11.338+0000] {taskinstance.py:1205} INFO - Marking task as SUCCESS. dag_id=OpenFlightsDataIngestion, task_id=group_airlines.copy_via_ssh_airlines, execution_date=20251016T194849, start_date=20251016T194910, end_date=20251016T194911
[2025-10-16T19:49:11.391+0000] {local_task_job_runner.py:240} INFO - Task exited with return code 0
[2025-10-16T19:49:11.478+0000] {taskinstance.py:3482} INFO - 1 downstream tasks scheduled from follow-on schedule check
[2025-10-16T19:49:11.481+0000] {local_task_job_runner.py:222} INFO - ::endgroup::
