[2025-10-11T19:40:36.785+0000] {local_task_job_runner.py:120} INFO - ::group::Pre task execution logs
[2025-10-11T19:40:36.847+0000] {taskinstance.py:2073} INFO - Dependencies all met for dep_context=non-requeueable deps ti=<TaskInstance: OpenFlightsDataIngestion.group_airport_extended.truncate_table_airport_extended manual__2025-10-11T19:40:28.376840+00:00 [queued]>
[2025-10-11T19:40:36.869+0000] {taskinstance.py:2073} INFO - Dependencies all met for dep_context=requeueable deps ti=<TaskInstance: OpenFlightsDataIngestion.group_airport_extended.truncate_table_airport_extended manual__2025-10-11T19:40:28.376840+00:00 [queued]>
[2025-10-11T19:40:36.870+0000] {taskinstance.py:2303} INFO - Starting attempt 1 of 1
[2025-10-11T19:40:36.903+0000] {taskinstance.py:2327} INFO - Executing <Task(PythonOperator): group_airport_extended.truncate_table_airport_extended> on 2025-10-11 19:40:28.376840+00:00
[2025-10-11T19:40:36.919+0000] {warnings.py:110} WARNING - /home/***/.local/lib/python3.12/site-packages/***/task/task_runner/standard_task_runner.py:61: DeprecationWarning: This process (pid=178) is multi-threaded, use of fork() may lead to deadlocks in the child.
  pid = os.fork()

[2025-10-11T19:40:36.923+0000] {standard_task_runner.py:63} INFO - Started process 193 to run task
[2025-10-11T19:40:36.924+0000] {standard_task_runner.py:90} INFO - Running: ['***', 'tasks', 'run', 'OpenFlightsDataIngestion', 'group_airport_extended.truncate_table_airport_extended', 'manual__2025-10-11T19:40:28.376840+00:00', '--job-id', '48', '--raw', '--subdir', 'DAGS_FOLDER/openflights_dag.py', '--cfg-path', '/tmp/tmpny1gqy1l']
[2025-10-11T19:40:36.929+0000] {standard_task_runner.py:91} INFO - Job 48: Subtask group_airport_extended.truncate_table_airport_extended
[2025-10-11T19:40:37.033+0000] {task_command.py:426} INFO - Running <TaskInstance: OpenFlightsDataIngestion.group_airport_extended.truncate_table_airport_extended manual__2025-10-11T19:40:28.376840+00:00 [running]> on host 187d1545c280
[2025-10-11T19:40:37.179+0000] {taskinstance.py:2644} INFO - Exporting env vars: AIRFLOW_CTX_DAG_OWNER='***' AIRFLOW_CTX_DAG_ID='OpenFlightsDataIngestion' AIRFLOW_CTX_TASK_ID='group_airport_extended.truncate_table_airport_extended' AIRFLOW_CTX_EXECUTION_DATE='2025-10-11T19:40:28.376840+00:00' AIRFLOW_CTX_TRY_NUMBER='1' AIRFLOW_CTX_DAG_RUN_ID='manual__2025-10-11T19:40:28.376840+00:00'
[2025-10-11T19:40:37.184+0000] {taskinstance.py:430} INFO - ::endgroup::
[2025-10-11T19:40:37.202+0000] {base.py:84} INFO - Using connection ID 'maria_db_default' for task execution.
[2025-10-11T19:40:37.205+0000] {mariadb_hook.py:37} INFO - Connecting to MariaDB database: 
[2025-10-11T19:40:37.210+0000] {mariadb_hook.py:41} ERROR - Error connecting to MariaDB: Access denied for user 'myuser'@'172.18.0.5' (using password: YES)
[2025-10-11T19:40:37.214+0000] {taskinstance.py:441} INFO - ::group::Post task execution logs
[2025-10-11T19:40:37.215+0000] {taskinstance.py:2890} ERROR - Task failed with exception
Traceback (most recent call last):
  File "/home/airflow/.local/lib/python3.12/site-packages/airflow/models/taskinstance.py", line 465, in _execute_task
    result = _execute_callable(context=context, **execute_callable_kwargs)
             ^^^^^^^^^^^^^^^^^^^^^^^^^^^^^^^^^^^^^^^^^^^^^^^^^^^^^^^^^^^^^
  File "/home/airflow/.local/lib/python3.12/site-packages/airflow/models/taskinstance.py", line 432, in _execute_callable
    return execute_callable(context=context, **execute_callable_kwargs)
           ^^^^^^^^^^^^^^^^^^^^^^^^^^^^^^^^^^^^^^^^^^^^^^^^^^^^^^^^^^^^
  File "/home/airflow/.local/lib/python3.12/site-packages/airflow/models/baseoperator.py", line 400, in wrapper
    return func(self, *args, **kwargs)
           ^^^^^^^^^^^^^^^^^^^^^^^^^^^
  File "/home/airflow/.local/lib/python3.12/site-packages/airflow/operators/python.py", line 235, in execute
    return_value = self.execute_callable()
                   ^^^^^^^^^^^^^^^^^^^^^^^
  File "/home/airflow/.local/lib/python3.12/site-packages/airflow/operators/python.py", line 252, in execute_callable
    return self.python_callable(*self.op_args, **self.op_kwargs)
           ^^^^^^^^^^^^^^^^^^^^^^^^^^^^^^^^^^^^^^^^^^^^^^^^^^^^^
  File "/opt/airflow/dags/openflights_dag.py", line 33, in truncate_if_exists
    result = hook.get_first(sql_check)
             ^^^^^^^^^^^^^^^^^^^^^^^^^
  File "/home/airflow/.local/lib/python3.12/site-packages/airflow/providers/common/sql/hooks/sql.py", line 276, in get_first
    return self.run(sql=sql, parameters=parameters, handler=fetch_one_handler)
           ^^^^^^^^^^^^^^^^^^^^^^^^^^^^^^^^^^^^^^^^^^^^^^^^^^^^^^^^^^^^^^^^^^^
  File "/home/airflow/.local/lib/python3.12/site-packages/airflow/providers/common/sql/hooks/sql.py", line 397, in run
    with closing(self.get_conn()) as conn:
                 ^^^^^^^^^^^^^^^
  File "/opt/airflow/.local/src/airflow-mariadb-provider/airflow_mariadb_provider/hooks/mariadb_hook.py", line 42, in get_conn
    raise e
  File "/opt/airflow/.local/src/airflow-mariadb-provider/airflow_mariadb_provider/hooks/mariadb_hook.py", line 39, in get_conn
    return mariadb.connect(**conn_config)
           ^^^^^^^^^^^^^^^^^^^^^^^^^^^^^^
  File "/home/airflow/.local/lib/python3.12/site-packages/mariadb/__init__.py", line 147, in connect
    connection = connectionclass(*args, **kwargs)
                 ^^^^^^^^^^^^^^^^^^^^^^^^^^^^^^^^
  File "/home/airflow/.local/lib/python3.12/site-packages/mariadb/connections.py", line 85, in __init__
    super().__init__(*args, **kwargs)
mariadb.OperationalError: Access denied for user 'myuser'@'172.18.0.5' (using password: YES)
[2025-10-11T19:40:37.236+0000] {taskinstance.py:1205} INFO - Marking task as FAILED. dag_id=OpenFlightsDataIngestion, task_id=group_airport_extended.truncate_table_airport_extended, execution_date=20251011T194028, start_date=20251011T194036, end_date=20251011T194037
[2025-10-11T19:40:37.283+0000] {standard_task_runner.py:110} ERROR - Failed to execute job 48 for task group_airport_extended.truncate_table_airport_extended (Access denied for user 'myuser'@'172.18.0.5' (using password: YES); 193)
[2025-10-11T19:40:37.311+0000] {local_task_job_runner.py:240} INFO - Task exited with return code 1
[2025-10-11T19:40:37.491+0000] {taskinstance.py:3482} INFO - 0 downstream tasks scheduled from follow-on schedule check
[2025-10-11T19:40:37.496+0000] {local_task_job_runner.py:222} INFO - ::endgroup::
