[2025-10-11T17:28:16.892+0000] {local_task_job_runner.py:120} INFO - ::group::Pre task execution logs
[2025-10-11T17:28:16.939+0000] {taskinstance.py:2073} INFO - Dependencies all met for dep_context=non-requeueable deps ti=<TaskInstance: OpenFlightsDataIngestion.group_routes.truncate_table_routes manual__2025-10-11T17:28:08.845122+00:00 [queued]>
[2025-10-11T17:28:16.955+0000] {taskinstance.py:2073} INFO - Dependencies all met for dep_context=requeueable deps ti=<TaskInstance: OpenFlightsDataIngestion.group_routes.truncate_table_routes manual__2025-10-11T17:28:08.845122+00:00 [queued]>
[2025-10-11T17:28:16.956+0000] {taskinstance.py:2303} INFO - Starting attempt 1 of 1
[2025-10-11T17:28:16.983+0000] {taskinstance.py:2327} INFO - Executing <Task(MariaDBOperator): group_routes.truncate_table_routes> on 2025-10-11 17:28:08.845122+00:00
[2025-10-11T17:28:16.992+0000] {warnings.py:110} WARNING - /home/***/.local/lib/python3.12/site-packages/***/task/task_runner/standard_task_runner.py:61: DeprecationWarning: This process (pid=157) is multi-threaded, use of fork() may lead to deadlocks in the child.
  pid = os.fork()

[2025-10-11T17:28:16.995+0000] {standard_task_runner.py:63} INFO - Started process 169 to run task
[2025-10-11T17:28:16.996+0000] {standard_task_runner.py:90} INFO - Running: ['***', 'tasks', 'run', 'OpenFlightsDataIngestion', 'group_routes.truncate_table_routes', 'manual__2025-10-11T17:28:08.845122+00:00', '--job-id', '40', '--raw', '--subdir', 'DAGS_FOLDER/openflights_dag.py', '--cfg-path', '/tmp/tmpx6cle3hf']
[2025-10-11T17:28:17.000+0000] {standard_task_runner.py:91} INFO - Job 40: Subtask group_routes.truncate_table_routes
[2025-10-11T17:28:17.071+0000] {task_command.py:426} INFO - Running <TaskInstance: OpenFlightsDataIngestion.group_routes.truncate_table_routes manual__2025-10-11T17:28:08.845122+00:00 [running]> on host 57acc0fdfd63
[2025-10-11T17:28:17.208+0000] {taskinstance.py:2644} INFO - Exporting env vars: AIRFLOW_CTX_DAG_OWNER='***' AIRFLOW_CTX_DAG_ID='OpenFlightsDataIngestion' AIRFLOW_CTX_TASK_ID='group_routes.truncate_table_routes' AIRFLOW_CTX_EXECUTION_DATE='2025-10-11T17:28:08.845122+00:00' AIRFLOW_CTX_TRY_NUMBER='1' AIRFLOW_CTX_DAG_RUN_ID='manual__2025-10-11T17:28:08.845122+00:00'
[2025-10-11T17:28:17.210+0000] {taskinstance.py:430} INFO - ::endgroup::
[2025-10-11T17:28:17.211+0000] {sql.py:276} INFO - Executing: 
                Truncate table open_flights_data.routes
                
[2025-10-11T17:28:17.228+0000] {base.py:84} INFO - Using connection ID 'maria_db_default' for task execution.
[2025-10-11T17:28:17.238+0000] {base.py:84} INFO - Using connection ID 'maria_db_default' for task execution.
[2025-10-11T17:28:17.239+0000] {mariadb_hook.py:37} INFO - Connecting to MariaDB database: 
[2025-10-11T17:28:17.243+0000] {sql.py:457} INFO - Running statement: 
                Truncate table open_flights_data.routes
                , parameters: None
[2025-10-11T17:28:17.244+0000] {taskinstance.py:441} INFO - ::group::Post task execution logs
[2025-10-11T17:28:17.245+0000] {taskinstance.py:2890} ERROR - Task failed with exception
Traceback (most recent call last):
  File "/home/airflow/.local/lib/python3.12/site-packages/airflow/models/taskinstance.py", line 465, in _execute_task
    result = _execute_callable(context=context, **execute_callable_kwargs)
             ^^^^^^^^^^^^^^^^^^^^^^^^^^^^^^^^^^^^^^^^^^^^^^^^^^^^^^^^^^^^^
  File "/home/airflow/.local/lib/python3.12/site-packages/airflow/models/taskinstance.py", line 432, in _execute_callable
    return execute_callable(context=context, **execute_callable_kwargs)
           ^^^^^^^^^^^^^^^^^^^^^^^^^^^^^^^^^^^^^^^^^^^^^^^^^^^^^^^^^^^^
  File "/home/airflow/.local/lib/python3.12/site-packages/airflow/models/baseoperator.py", line 400, in wrapper
    return func(self, *args, **kwargs)
           ^^^^^^^^^^^^^^^^^^^^^^^^^^^
  File "/home/airflow/.local/lib/python3.12/site-packages/airflow/providers/common/sql/operators/sql.py", line 282, in execute
    output = hook.run(
             ^^^^^^^^^
  File "/home/airflow/.local/lib/python3.12/site-packages/airflow/providers/common/sql/hooks/sql.py", line 404, in run
    self._run_command(cur, sql_statement, parameters)
  File "/home/airflow/.local/lib/python3.12/site-packages/airflow/providers/common/sql/hooks/sql.py", line 462, in _run_command
    cur.execute(sql_statement)
  File "/home/airflow/.local/lib/python3.12/site-packages/mariadb/cursors.py", line 351, in execute
    self._readresponse()
mariadb.OperationalError: DROP command denied to user 'myuser'@'172.18.0.7' for table `open_flights_data`.`routes`
[2025-10-11T17:28:17.258+0000] {taskinstance.py:1205} INFO - Marking task as FAILED. dag_id=OpenFlightsDataIngestion, task_id=group_routes.truncate_table_routes, execution_date=20251011T172808, start_date=20251011T172816, end_date=20251011T172817
[2025-10-11T17:28:17.303+0000] {standard_task_runner.py:110} ERROR - Failed to execute job 40 for task group_routes.truncate_table_routes (DROP command denied to user 'myuser'@'172.18.0.7' for table `open_flights_data`.`routes`; 169)
[2025-10-11T17:28:17.343+0000] {local_task_job_runner.py:240} INFO - Task exited with return code 1
[2025-10-11T17:28:17.372+0000] {warnings.py:110} WARNING - /home/***/.local/lib/python3.12/site-packages/***/models/baseoperator.py:1296: AirflowProviderDeprecationWarning: Call to deprecated class MariaDBOperator. (Please use `***.providers.common.sql.operators.sql.SQLExecuteQueryOperator`.Also, you can provide `hook_params={'schema': <database>}`.)
  result = cls.__new__(cls)

[2025-10-11T17:28:17.395+0000] {taskinstance.py:3482} INFO - 0 downstream tasks scheduled from follow-on schedule check
[2025-10-11T17:28:17.400+0000] {local_task_job_runner.py:222} INFO - ::endgroup::
