[2025-10-26T19:14:27.118+0000] {local_task_job_runner.py:120} INFO - ::group::Pre task execution logs
[2025-10-26T19:14:27.146+0000] {taskinstance.py:2073} INFO - Dependencies all met for dep_context=non-requeueable deps ti=<TaskInstance: Dag_OpenFlightsDataIngestion.group_airlines.copy_via_ssh_airlines manual__2025-10-26T19:14:08.334532+00:00 [queued]>
[2025-10-26T19:14:27.161+0000] {taskinstance.py:2073} INFO - Dependencies all met for dep_context=requeueable deps ti=<TaskInstance: Dag_OpenFlightsDataIngestion.group_airlines.copy_via_ssh_airlines manual__2025-10-26T19:14:08.334532+00:00 [queued]>
[2025-10-26T19:14:27.164+0000] {taskinstance.py:2303} INFO - Starting attempt 1 of 1
[2025-10-26T19:14:27.184+0000] {taskinstance.py:2327} INFO - Executing <Task(SFTPOperator): group_airlines.copy_via_ssh_airlines> on 2025-10-26 19:14:08.334532+00:00
[2025-10-26T19:14:27.194+0000] {warnings.py:110} WARNING - /home/***/.local/lib/python3.12/site-packages/***/task/task_runner/standard_task_runner.py:61: DeprecationWarning: This process (pid=625) is multi-threaded, use of fork() may lead to deadlocks in the child.
  pid = os.fork()

[2025-10-26T19:14:27.197+0000] {standard_task_runner.py:63} INFO - Started process 696 to run task
[2025-10-26T19:14:27.197+0000] {standard_task_runner.py:90} INFO - Running: ['***', 'tasks', 'run', 'Dag_OpenFlightsDataIngestion', 'group_airlines.copy_via_ssh_airlines', 'manual__2025-10-26T19:14:08.334532+00:00', '--job-id', '46', '--raw', '--subdir', 'DAGS_FOLDER/openflights_dag.py', '--cfg-path', '/tmp/tmpwckahmxb']
[2025-10-26T19:14:27.201+0000] {standard_task_runner.py:91} INFO - Job 46: Subtask group_airlines.copy_via_ssh_airlines
[2025-10-26T19:14:27.279+0000] {task_command.py:426} INFO - Running <TaskInstance: Dag_OpenFlightsDataIngestion.group_airlines.copy_via_ssh_airlines manual__2025-10-26T19:14:08.334532+00:00 [running]> on host c8d58475e5b6
[2025-10-26T19:14:27.428+0000] {taskinstance.py:2644} INFO - Exporting env vars: AIRFLOW_CTX_DAG_OWNER='***' AIRFLOW_CTX_DAG_ID='Dag_OpenFlightsDataIngestion' AIRFLOW_CTX_TASK_ID='group_airlines.copy_via_ssh_airlines' AIRFLOW_CTX_EXECUTION_DATE='2025-10-26T19:14:08.334532+00:00' AIRFLOW_CTX_TRY_NUMBER='1' AIRFLOW_CTX_DAG_RUN_ID='manual__2025-10-26T19:14:08.334532+00:00'
[2025-10-26T19:14:27.432+0000] {taskinstance.py:430} INFO - ::endgroup::
[2025-10-26T19:14:27.432+0000] {sftp.py:158} INFO - sftp_hook/ssh_hook not provided or invalid. Trying ssh_conn_id to create SFTPHook.
[2025-10-26T19:14:27.446+0000] {base.py:84} INFO - Using connection ID 'mariadb_ssh_connection' for task execution.
[2025-10-26T19:14:27.448+0000] {ssh.py:301} WARNING - No Host Key Verification. This won't protect against Man-In-The-Middle attacks
[2025-10-26T19:14:27.463+0000] {transport.py:1909} INFO - Connected (version 2.0, client OpenSSH_8.0)
[2025-10-26T19:14:27.583+0000] {transport.py:1909} INFO - Authentication (password) successful!
[2025-10-26T19:14:27.714+0000] {sftp.py:169} INFO - [chan 0] Opened sftp connection (server version 3)
[2025-10-26T19:14:27.717+0000] {sftp.py:213} INFO - /root/***_ssh already exists
[2025-10-26T19:14:27.718+0000] {sftp.py:187} INFO - Starting to transfer file from /tmp/airlines.dat to /root/***_ssh/airlines.dat
[2025-10-26T19:14:27.753+0000] {taskinstance.py:441} INFO - ::group::Post task execution logs
[2025-10-26T19:14:27.799+0000] {taskinstance.py:1205} INFO - Marking task as SUCCESS. dag_id=Dag_OpenFlightsDataIngestion, task_id=group_airlines.copy_via_ssh_airlines, execution_date=20251026T191408, start_date=20251026T191427, end_date=20251026T191427
[2025-10-26T19:14:27.835+0000] {local_task_job_runner.py:240} INFO - Task exited with return code 0
[2025-10-26T19:14:27.920+0000] {taskinstance.py:3482} INFO - 1 downstream tasks scheduled from follow-on schedule check
[2025-10-26T19:14:27.924+0000] {local_task_job_runner.py:222} INFO - ::endgroup::
