[2025-10-13T11:46:06.689+0000] {local_task_job_runner.py:120} INFO - ::group::Pre task execution logs
[2025-10-13T11:46:06.725+0000] {taskinstance.py:2073} INFO - Dependencies all met for dep_context=non-requeueable deps ti=<TaskInstance: OpenFlightsDataIngestion_SFTP.group_airlines.drop_table_airlines manual__2025-10-13T11:45:58.348392+00:00 [queued]>
[2025-10-13T11:46:06.738+0000] {taskinstance.py:2073} INFO - Dependencies all met for dep_context=requeueable deps ti=<TaskInstance: OpenFlightsDataIngestion_SFTP.group_airlines.drop_table_airlines manual__2025-10-13T11:45:58.348392+00:00 [queued]>
[2025-10-13T11:46:06.739+0000] {taskinstance.py:2303} INFO - Starting attempt 1 of 1
[2025-10-13T11:46:06.760+0000] {taskinstance.py:2327} INFO - Executing <Task(PythonOperator): group_airlines.drop_table_airlines> on 2025-10-13 11:45:58.348392+00:00
[2025-10-13T11:46:06.769+0000] {warnings.py:110} WARNING - /home/***/.local/lib/python3.12/site-packages/***/task/task_runner/standard_task_runner.py:61: DeprecationWarning: This process (pid=121) is multi-threaded, use of fork() may lead to deadlocks in the child.
  pid = os.fork()

[2025-10-13T11:46:06.772+0000] {standard_task_runner.py:63} INFO - Started process 132 to run task
[2025-10-13T11:46:06.772+0000] {standard_task_runner.py:90} INFO - Running: ['***', 'tasks', 'run', 'OpenFlightsDataIngestion_SFTP', 'group_airlines.drop_table_airlines', 'manual__2025-10-13T11:45:58.348392+00:00', '--job-id', '27', '--raw', '--subdir', 'DAGS_FOLDER/openflights_dag.py', '--cfg-path', '/tmp/tmpb2u9vl99']
[2025-10-13T11:46:06.777+0000] {standard_task_runner.py:91} INFO - Job 27: Subtask group_airlines.drop_table_airlines
[2025-10-13T11:46:06.848+0000] {task_command.py:426} INFO - Running <TaskInstance: OpenFlightsDataIngestion_SFTP.group_airlines.drop_table_airlines manual__2025-10-13T11:45:58.348392+00:00 [running]> on host 165b2a8d6d15
[2025-10-13T11:46:06.974+0000] {taskinstance.py:2644} INFO - Exporting env vars: AIRFLOW_CTX_DAG_OWNER='***' AIRFLOW_CTX_DAG_ID='OpenFlightsDataIngestion_SFTP' AIRFLOW_CTX_TASK_ID='group_airlines.drop_table_airlines' AIRFLOW_CTX_EXECUTION_DATE='2025-10-13T11:45:58.348392+00:00' AIRFLOW_CTX_TRY_NUMBER='1' AIRFLOW_CTX_DAG_RUN_ID='manual__2025-10-13T11:45:58.348392+00:00'
[2025-10-13T11:46:06.977+0000] {taskinstance.py:430} INFO - ::endgroup::
[2025-10-13T11:46:06.990+0000] {base.py:84} INFO - Using connection ID 'maria_db_default' for task execution.
[2025-10-13T11:46:06.993+0000] {mariadb_hook.py:37} INFO - Connecting to MariaDB database: 
[2025-10-13T11:46:07.002+0000] {python.py:237} INFO - Done. Returned value was: None
[2025-10-13T11:46:07.003+0000] {taskinstance.py:441} INFO - ::group::Post task execution logs
[2025-10-13T11:46:07.020+0000] {taskinstance.py:1205} INFO - Marking task as SUCCESS. dag_id=OpenFlightsDataIngestion_SFTP, task_id=group_airlines.drop_table_airlines, execution_date=20251013T114558, start_date=20251013T114606, end_date=20251013T114607
[2025-10-13T11:46:07.079+0000] {local_task_job_runner.py:240} INFO - Task exited with return code 0
[2025-10-13T11:46:07.115+0000] {taskinstance.py:3482} INFO - 1 downstream tasks scheduled from follow-on schedule check
[2025-10-13T11:46:07.117+0000] {local_task_job_runner.py:222} INFO - ::endgroup::
