[2025-09-24T16:37:19.783+0000] {processor.py:161} INFO - Started process (PID=111) to work on /home/airflow/.local/lib/python3.12/site-packages/airflow/example_dags/example_branch_labels.py
[2025-09-24T16:37:19.785+0000] {processor.py:830} INFO - Processing file /home/airflow/.local/lib/python3.12/site-packages/airflow/example_dags/example_branch_labels.py for tasks to queue
[2025-09-24T16:37:19.787+0000] {logging_mixin.py:188} INFO - [2025-09-24T16:37:19.787+0000] {dagbag.py:540} INFO - Filling up the DagBag from /home/airflow/.local/lib/python3.12/site-packages/airflow/example_dags/example_branch_labels.py
[2025-09-24T16:37:19.799+0000] {processor.py:840} INFO - DAG(s) 'example_branch_labels' retrieved from /home/airflow/.local/lib/python3.12/site-packages/airflow/example_dags/example_branch_labels.py
[2025-09-24T16:37:19.927+0000] {logging_mixin.py:188} INFO - [2025-09-24T16:37:19.926+0000] {dag.py:3096} INFO - Sync 1 DAGs
[2025-09-24T16:37:19.952+0000] {logging_mixin.py:188} INFO - [2025-09-24T16:37:19.952+0000] {dag.py:3954} INFO - Setting next_dagrun for example_branch_labels to 2025-09-23 00:00:00+00:00, run_after=2025-09-24 00:00:00+00:00
[2025-09-24T16:37:19.975+0000] {processor.py:183} INFO - Processing /home/airflow/.local/lib/python3.12/site-packages/airflow/example_dags/example_branch_labels.py took 0.199 seconds
[2025-09-24T16:37:51.008+0000] {processor.py:161} INFO - Started process (PID=169) to work on /home/airflow/.local/lib/python3.12/site-packages/airflow/example_dags/example_branch_labels.py
[2025-09-24T16:37:51.009+0000] {processor.py:830} INFO - Processing file /home/airflow/.local/lib/python3.12/site-packages/airflow/example_dags/example_branch_labels.py for tasks to queue
[2025-09-24T16:37:51.012+0000] {logging_mixin.py:188} INFO - [2025-09-24T16:37:51.011+0000] {dagbag.py:540} INFO - Filling up the DagBag from /home/airflow/.local/lib/python3.12/site-packages/airflow/example_dags/example_branch_labels.py
[2025-09-24T16:37:51.023+0000] {processor.py:840} INFO - DAG(s) 'example_branch_labels' retrieved from /home/airflow/.local/lib/python3.12/site-packages/airflow/example_dags/example_branch_labels.py
[2025-09-24T16:37:51.052+0000] {logging_mixin.py:188} INFO - [2025-09-24T16:37:51.052+0000] {dag.py:3096} INFO - Sync 1 DAGs
[2025-09-24T16:37:51.082+0000] {logging_mixin.py:188} INFO - [2025-09-24T16:37:51.082+0000] {dag.py:3954} INFO - Setting next_dagrun for example_branch_labels to 2025-09-23 00:00:00+00:00, run_after=2025-09-24 00:00:00+00:00
[2025-09-24T16:37:51.105+0000] {processor.py:183} INFO - Processing /home/airflow/.local/lib/python3.12/site-packages/airflow/example_dags/example_branch_labels.py took 0.106 seconds
[2025-09-24T16:38:21.205+0000] {processor.py:161} INFO - Started process (PID=227) to work on /home/airflow/.local/lib/python3.12/site-packages/airflow/example_dags/example_branch_labels.py
[2025-09-24T16:38:21.206+0000] {processor.py:830} INFO - Processing file /home/airflow/.local/lib/python3.12/site-packages/airflow/example_dags/example_branch_labels.py for tasks to queue
[2025-09-24T16:38:21.208+0000] {logging_mixin.py:188} INFO - [2025-09-24T16:38:21.208+0000] {dagbag.py:540} INFO - Filling up the DagBag from /home/airflow/.local/lib/python3.12/site-packages/airflow/example_dags/example_branch_labels.py
[2025-09-24T16:38:21.217+0000] {processor.py:840} INFO - DAG(s) 'example_branch_labels' retrieved from /home/airflow/.local/lib/python3.12/site-packages/airflow/example_dags/example_branch_labels.py
[2025-09-24T16:38:21.244+0000] {logging_mixin.py:188} INFO - [2025-09-24T16:38:21.244+0000] {dag.py:3096} INFO - Sync 1 DAGs
[2025-09-24T16:38:21.274+0000] {logging_mixin.py:188} INFO - [2025-09-24T16:38:21.274+0000] {dag.py:3954} INFO - Setting next_dagrun for example_branch_labels to 2025-09-23 00:00:00+00:00, run_after=2025-09-24 00:00:00+00:00
[2025-09-24T16:38:21.296+0000] {processor.py:183} INFO - Processing /home/airflow/.local/lib/python3.12/site-packages/airflow/example_dags/example_branch_labels.py took 0.098 seconds
[2025-09-24T16:38:51.576+0000] {processor.py:161} INFO - Started process (PID=285) to work on /home/airflow/.local/lib/python3.12/site-packages/airflow/example_dags/example_branch_labels.py
[2025-09-24T16:38:51.577+0000] {processor.py:830} INFO - Processing file /home/airflow/.local/lib/python3.12/site-packages/airflow/example_dags/example_branch_labels.py for tasks to queue
[2025-09-24T16:38:51.580+0000] {logging_mixin.py:188} INFO - [2025-09-24T16:38:51.579+0000] {dagbag.py:540} INFO - Filling up the DagBag from /home/airflow/.local/lib/python3.12/site-packages/airflow/example_dags/example_branch_labels.py
[2025-09-24T16:38:51.589+0000] {processor.py:840} INFO - DAG(s) 'example_branch_labels' retrieved from /home/airflow/.local/lib/python3.12/site-packages/airflow/example_dags/example_branch_labels.py
[2025-09-24T16:38:51.616+0000] {logging_mixin.py:188} INFO - [2025-09-24T16:38:51.615+0000] {dag.py:3096} INFO - Sync 1 DAGs
[2025-09-24T16:38:51.643+0000] {logging_mixin.py:188} INFO - [2025-09-24T16:38:51.643+0000] {dag.py:3954} INFO - Setting next_dagrun for example_branch_labels to 2025-09-23 00:00:00+00:00, run_after=2025-09-24 00:00:00+00:00
[2025-09-24T16:38:51.663+0000] {processor.py:183} INFO - Processing /home/airflow/.local/lib/python3.12/site-packages/airflow/example_dags/example_branch_labels.py took 0.095 seconds
[2025-09-24T16:39:21.945+0000] {processor.py:161} INFO - Started process (PID=343) to work on /home/airflow/.local/lib/python3.12/site-packages/airflow/example_dags/example_branch_labels.py
[2025-09-24T16:39:21.946+0000] {processor.py:830} INFO - Processing file /home/airflow/.local/lib/python3.12/site-packages/airflow/example_dags/example_branch_labels.py for tasks to queue
[2025-09-24T16:39:21.948+0000] {logging_mixin.py:188} INFO - [2025-09-24T16:39:21.948+0000] {dagbag.py:540} INFO - Filling up the DagBag from /home/airflow/.local/lib/python3.12/site-packages/airflow/example_dags/example_branch_labels.py
[2025-09-24T16:39:21.957+0000] {processor.py:840} INFO - DAG(s) 'example_branch_labels' retrieved from /home/airflow/.local/lib/python3.12/site-packages/airflow/example_dags/example_branch_labels.py
[2025-09-24T16:39:21.982+0000] {logging_mixin.py:188} INFO - [2025-09-24T16:39:21.982+0000] {dag.py:3096} INFO - Sync 1 DAGs
[2025-09-24T16:39:22.009+0000] {logging_mixin.py:188} INFO - [2025-09-24T16:39:22.008+0000] {dag.py:3954} INFO - Setting next_dagrun for example_branch_labels to 2025-09-23 00:00:00+00:00, run_after=2025-09-24 00:00:00+00:00
[2025-09-24T16:39:22.028+0000] {processor.py:183} INFO - Processing /home/airflow/.local/lib/python3.12/site-packages/airflow/example_dags/example_branch_labels.py took 0.091 seconds
[2025-09-24T16:39:52.626+0000] {processor.py:161} INFO - Started process (PID=401) to work on /home/airflow/.local/lib/python3.12/site-packages/airflow/example_dags/example_branch_labels.py
[2025-09-24T16:39:52.627+0000] {processor.py:830} INFO - Processing file /home/airflow/.local/lib/python3.12/site-packages/airflow/example_dags/example_branch_labels.py for tasks to queue
[2025-09-24T16:39:52.629+0000] {logging_mixin.py:188} INFO - [2025-09-24T16:39:52.628+0000] {dagbag.py:540} INFO - Filling up the DagBag from /home/airflow/.local/lib/python3.12/site-packages/airflow/example_dags/example_branch_labels.py
[2025-09-24T16:39:52.638+0000] {processor.py:840} INFO - DAG(s) 'example_branch_labels' retrieved from /home/airflow/.local/lib/python3.12/site-packages/airflow/example_dags/example_branch_labels.py
[2025-09-24T16:39:52.664+0000] {logging_mixin.py:188} INFO - [2025-09-24T16:39:52.664+0000] {dag.py:3096} INFO - Sync 1 DAGs
[2025-09-24T16:39:52.692+0000] {logging_mixin.py:188} INFO - [2025-09-24T16:39:52.691+0000] {dag.py:3954} INFO - Setting next_dagrun for example_branch_labels to 2025-09-23 00:00:00+00:00, run_after=2025-09-24 00:00:00+00:00
[2025-09-24T16:39:52.713+0000] {processor.py:183} INFO - Processing /home/airflow/.local/lib/python3.12/site-packages/airflow/example_dags/example_branch_labels.py took 0.094 seconds
[2025-09-24T16:40:23.063+0000] {processor.py:161} INFO - Started process (PID=459) to work on /home/airflow/.local/lib/python3.12/site-packages/airflow/example_dags/example_branch_labels.py
[2025-09-24T16:40:23.065+0000] {processor.py:830} INFO - Processing file /home/airflow/.local/lib/python3.12/site-packages/airflow/example_dags/example_branch_labels.py for tasks to queue
[2025-09-24T16:40:23.068+0000] {logging_mixin.py:188} INFO - [2025-09-24T16:40:23.067+0000] {dagbag.py:540} INFO - Filling up the DagBag from /home/airflow/.local/lib/python3.12/site-packages/airflow/example_dags/example_branch_labels.py
[2025-09-24T16:40:23.079+0000] {processor.py:840} INFO - DAG(s) 'example_branch_labels' retrieved from /home/airflow/.local/lib/python3.12/site-packages/airflow/example_dags/example_branch_labels.py
[2025-09-24T16:40:23.108+0000] {logging_mixin.py:188} INFO - [2025-09-24T16:40:23.108+0000] {dag.py:3096} INFO - Sync 1 DAGs
[2025-09-24T16:40:23.136+0000] {logging_mixin.py:188} INFO - [2025-09-24T16:40:23.136+0000] {dag.py:3954} INFO - Setting next_dagrun for example_branch_labels to 2025-09-23 00:00:00+00:00, run_after=2025-09-24 00:00:00+00:00
[2025-09-24T16:40:23.159+0000] {processor.py:183} INFO - Processing /home/airflow/.local/lib/python3.12/site-packages/airflow/example_dags/example_branch_labels.py took 0.104 seconds
[2025-09-24T16:40:53.409+0000] {processor.py:161} INFO - Started process (PID=517) to work on /home/airflow/.local/lib/python3.12/site-packages/airflow/example_dags/example_branch_labels.py
[2025-09-24T16:40:53.410+0000] {processor.py:830} INFO - Processing file /home/airflow/.local/lib/python3.12/site-packages/airflow/example_dags/example_branch_labels.py for tasks to queue
[2025-09-24T16:40:53.412+0000] {logging_mixin.py:188} INFO - [2025-09-24T16:40:53.412+0000] {dagbag.py:540} INFO - Filling up the DagBag from /home/airflow/.local/lib/python3.12/site-packages/airflow/example_dags/example_branch_labels.py
[2025-09-24T16:40:53.421+0000] {processor.py:840} INFO - DAG(s) 'example_branch_labels' retrieved from /home/airflow/.local/lib/python3.12/site-packages/airflow/example_dags/example_branch_labels.py
[2025-09-24T16:40:53.447+0000] {logging_mixin.py:188} INFO - [2025-09-24T16:40:53.447+0000] {dag.py:3096} INFO - Sync 1 DAGs
[2025-09-24T16:40:53.475+0000] {logging_mixin.py:188} INFO - [2025-09-24T16:40:53.475+0000] {dag.py:3954} INFO - Setting next_dagrun for example_branch_labels to 2025-09-23 00:00:00+00:00, run_after=2025-09-24 00:00:00+00:00
[2025-09-24T16:40:53.496+0000] {processor.py:183} INFO - Processing /home/airflow/.local/lib/python3.12/site-packages/airflow/example_dags/example_branch_labels.py took 0.094 seconds
[2025-09-24T16:41:23.772+0000] {processor.py:161} INFO - Started process (PID=575) to work on /home/airflow/.local/lib/python3.12/site-packages/airflow/example_dags/example_branch_labels.py
[2025-09-24T16:41:23.773+0000] {processor.py:830} INFO - Processing file /home/airflow/.local/lib/python3.12/site-packages/airflow/example_dags/example_branch_labels.py for tasks to queue
[2025-09-24T16:41:23.775+0000] {logging_mixin.py:188} INFO - [2025-09-24T16:41:23.775+0000] {dagbag.py:540} INFO - Filling up the DagBag from /home/airflow/.local/lib/python3.12/site-packages/airflow/example_dags/example_branch_labels.py
[2025-09-24T16:41:23.784+0000] {processor.py:840} INFO - DAG(s) 'example_branch_labels' retrieved from /home/airflow/.local/lib/python3.12/site-packages/airflow/example_dags/example_branch_labels.py
[2025-09-24T16:41:23.809+0000] {logging_mixin.py:188} INFO - [2025-09-24T16:41:23.809+0000] {dag.py:3096} INFO - Sync 1 DAGs
[2025-09-24T16:41:23.836+0000] {logging_mixin.py:188} INFO - [2025-09-24T16:41:23.835+0000] {dag.py:3954} INFO - Setting next_dagrun for example_branch_labels to 2025-09-23 00:00:00+00:00, run_after=2025-09-24 00:00:00+00:00
[2025-09-24T16:41:23.856+0000] {processor.py:183} INFO - Processing /home/airflow/.local/lib/python3.12/site-packages/airflow/example_dags/example_branch_labels.py took 0.092 seconds
[2025-09-24T16:41:54.278+0000] {processor.py:161} INFO - Started process (PID=633) to work on /home/airflow/.local/lib/python3.12/site-packages/airflow/example_dags/example_branch_labels.py
[2025-09-24T16:41:54.279+0000] {processor.py:830} INFO - Processing file /home/airflow/.local/lib/python3.12/site-packages/airflow/example_dags/example_branch_labels.py for tasks to queue
[2025-09-24T16:41:54.282+0000] {logging_mixin.py:188} INFO - [2025-09-24T16:41:54.281+0000] {dagbag.py:540} INFO - Filling up the DagBag from /home/airflow/.local/lib/python3.12/site-packages/airflow/example_dags/example_branch_labels.py
[2025-09-24T16:41:54.291+0000] {processor.py:840} INFO - DAG(s) 'example_branch_labels' retrieved from /home/airflow/.local/lib/python3.12/site-packages/airflow/example_dags/example_branch_labels.py
[2025-09-24T16:41:54.318+0000] {logging_mixin.py:188} INFO - [2025-09-24T16:41:54.317+0000] {dag.py:3096} INFO - Sync 1 DAGs
[2025-09-24T16:41:54.346+0000] {logging_mixin.py:188} INFO - [2025-09-24T16:41:54.346+0000] {dag.py:3954} INFO - Setting next_dagrun for example_branch_labels to 2025-09-23 00:00:00+00:00, run_after=2025-09-24 00:00:00+00:00
[2025-09-24T16:41:54.367+0000] {processor.py:183} INFO - Processing /home/airflow/.local/lib/python3.12/site-packages/airflow/example_dags/example_branch_labels.py took 0.096 seconds
[2025-09-24T16:42:24.573+0000] {processor.py:161} INFO - Started process (PID=691) to work on /home/airflow/.local/lib/python3.12/site-packages/airflow/example_dags/example_branch_labels.py
[2025-09-24T16:42:24.574+0000] {processor.py:830} INFO - Processing file /home/airflow/.local/lib/python3.12/site-packages/airflow/example_dags/example_branch_labels.py for tasks to queue
[2025-09-24T16:42:24.576+0000] {logging_mixin.py:188} INFO - [2025-09-24T16:42:24.576+0000] {dagbag.py:540} INFO - Filling up the DagBag from /home/airflow/.local/lib/python3.12/site-packages/airflow/example_dags/example_branch_labels.py
[2025-09-24T16:42:24.585+0000] {processor.py:840} INFO - DAG(s) 'example_branch_labels' retrieved from /home/airflow/.local/lib/python3.12/site-packages/airflow/example_dags/example_branch_labels.py
[2025-09-24T16:42:24.611+0000] {logging_mixin.py:188} INFO - [2025-09-24T16:42:24.610+0000] {dag.py:3096} INFO - Sync 1 DAGs
[2025-09-24T16:42:24.638+0000] {logging_mixin.py:188} INFO - [2025-09-24T16:42:24.638+0000] {dag.py:3954} INFO - Setting next_dagrun for example_branch_labels to 2025-09-23 00:00:00+00:00, run_after=2025-09-24 00:00:00+00:00
[2025-09-24T16:42:24.660+0000] {processor.py:183} INFO - Processing /home/airflow/.local/lib/python3.12/site-packages/airflow/example_dags/example_branch_labels.py took 0.095 seconds
[2025-09-24T16:42:55.046+0000] {processor.py:161} INFO - Started process (PID=749) to work on /home/airflow/.local/lib/python3.12/site-packages/airflow/example_dags/example_branch_labels.py
[2025-09-24T16:42:55.047+0000] {processor.py:830} INFO - Processing file /home/airflow/.local/lib/python3.12/site-packages/airflow/example_dags/example_branch_labels.py for tasks to queue
[2025-09-24T16:42:55.049+0000] {logging_mixin.py:188} INFO - [2025-09-24T16:42:55.049+0000] {dagbag.py:540} INFO - Filling up the DagBag from /home/airflow/.local/lib/python3.12/site-packages/airflow/example_dags/example_branch_labels.py
[2025-09-24T16:42:55.058+0000] {processor.py:840} INFO - DAG(s) 'example_branch_labels' retrieved from /home/airflow/.local/lib/python3.12/site-packages/airflow/example_dags/example_branch_labels.py
[2025-09-24T16:42:55.084+0000] {logging_mixin.py:188} INFO - [2025-09-24T16:42:55.083+0000] {dag.py:3096} INFO - Sync 1 DAGs
[2025-09-24T16:42:55.110+0000] {logging_mixin.py:188} INFO - [2025-09-24T16:42:55.110+0000] {dag.py:3954} INFO - Setting next_dagrun for example_branch_labels to 2025-09-23 00:00:00+00:00, run_after=2025-09-24 00:00:00+00:00
[2025-09-24T16:42:55.131+0000] {processor.py:183} INFO - Processing /home/airflow/.local/lib/python3.12/site-packages/airflow/example_dags/example_branch_labels.py took 0.093 seconds
[2025-09-24T16:43:25.370+0000] {processor.py:161} INFO - Started process (PID=807) to work on /home/airflow/.local/lib/python3.12/site-packages/airflow/example_dags/example_branch_labels.py
[2025-09-24T16:43:25.371+0000] {processor.py:830} INFO - Processing file /home/airflow/.local/lib/python3.12/site-packages/airflow/example_dags/example_branch_labels.py for tasks to queue
[2025-09-24T16:43:25.374+0000] {logging_mixin.py:188} INFO - [2025-09-24T16:43:25.373+0000] {dagbag.py:540} INFO - Filling up the DagBag from /home/airflow/.local/lib/python3.12/site-packages/airflow/example_dags/example_branch_labels.py
[2025-09-24T16:43:25.383+0000] {processor.py:840} INFO - DAG(s) 'example_branch_labels' retrieved from /home/airflow/.local/lib/python3.12/site-packages/airflow/example_dags/example_branch_labels.py
[2025-09-24T16:43:25.409+0000] {logging_mixin.py:188} INFO - [2025-09-24T16:43:25.409+0000] {dag.py:3096} INFO - Sync 1 DAGs
[2025-09-24T16:43:25.436+0000] {logging_mixin.py:188} INFO - [2025-09-24T16:43:25.436+0000] {dag.py:3954} INFO - Setting next_dagrun for example_branch_labels to 2025-09-23 00:00:00+00:00, run_after=2025-09-24 00:00:00+00:00
[2025-09-24T16:43:25.457+0000] {processor.py:183} INFO - Processing /home/airflow/.local/lib/python3.12/site-packages/airflow/example_dags/example_branch_labels.py took 0.094 seconds
[2025-09-24T16:43:55.779+0000] {processor.py:161} INFO - Started process (PID=865) to work on /home/airflow/.local/lib/python3.12/site-packages/airflow/example_dags/example_branch_labels.py
[2025-09-24T16:43:55.780+0000] {processor.py:830} INFO - Processing file /home/airflow/.local/lib/python3.12/site-packages/airflow/example_dags/example_branch_labels.py for tasks to queue
[2025-09-24T16:43:55.783+0000] {logging_mixin.py:188} INFO - [2025-09-24T16:43:55.783+0000] {dagbag.py:540} INFO - Filling up the DagBag from /home/airflow/.local/lib/python3.12/site-packages/airflow/example_dags/example_branch_labels.py
[2025-09-24T16:43:55.794+0000] {processor.py:840} INFO - DAG(s) 'example_branch_labels' retrieved from /home/airflow/.local/lib/python3.12/site-packages/airflow/example_dags/example_branch_labels.py
[2025-09-24T16:43:55.823+0000] {logging_mixin.py:188} INFO - [2025-09-24T16:43:55.822+0000] {dag.py:3096} INFO - Sync 1 DAGs
[2025-09-24T16:43:55.853+0000] {logging_mixin.py:188} INFO - [2025-09-24T16:43:55.852+0000] {dag.py:3954} INFO - Setting next_dagrun for example_branch_labels to 2025-09-23 00:00:00+00:00, run_after=2025-09-24 00:00:00+00:00
[2025-09-24T16:43:55.876+0000] {processor.py:183} INFO - Processing /home/airflow/.local/lib/python3.12/site-packages/airflow/example_dags/example_branch_labels.py took 0.105 seconds
[2025-09-24T16:44:26.127+0000] {processor.py:161} INFO - Started process (PID=923) to work on /home/airflow/.local/lib/python3.12/site-packages/airflow/example_dags/example_branch_labels.py
[2025-09-24T16:44:26.129+0000] {processor.py:830} INFO - Processing file /home/airflow/.local/lib/python3.12/site-packages/airflow/example_dags/example_branch_labels.py for tasks to queue
[2025-09-24T16:44:26.132+0000] {logging_mixin.py:188} INFO - [2025-09-24T16:44:26.131+0000] {dagbag.py:540} INFO - Filling up the DagBag from /home/airflow/.local/lib/python3.12/site-packages/airflow/example_dags/example_branch_labels.py
[2025-09-24T16:44:26.144+0000] {processor.py:840} INFO - DAG(s) 'example_branch_labels' retrieved from /home/airflow/.local/lib/python3.12/site-packages/airflow/example_dags/example_branch_labels.py
[2025-09-24T16:44:26.171+0000] {logging_mixin.py:188} INFO - [2025-09-24T16:44:26.171+0000] {dag.py:3096} INFO - Sync 1 DAGs
[2025-09-24T16:44:26.200+0000] {logging_mixin.py:188} INFO - [2025-09-24T16:44:26.200+0000] {dag.py:3954} INFO - Setting next_dagrun for example_branch_labels to 2025-09-23 00:00:00+00:00, run_after=2025-09-24 00:00:00+00:00
[2025-09-24T16:44:26.221+0000] {processor.py:183} INFO - Processing /home/airflow/.local/lib/python3.12/site-packages/airflow/example_dags/example_branch_labels.py took 0.105 seconds
[2025-09-24T16:44:56.967+0000] {processor.py:161} INFO - Started process (PID=981) to work on /home/airflow/.local/lib/python3.12/site-packages/airflow/example_dags/example_branch_labels.py
[2025-09-24T16:44:56.968+0000] {processor.py:830} INFO - Processing file /home/airflow/.local/lib/python3.12/site-packages/airflow/example_dags/example_branch_labels.py for tasks to queue
[2025-09-24T16:44:56.971+0000] {logging_mixin.py:188} INFO - [2025-09-24T16:44:56.970+0000] {dagbag.py:540} INFO - Filling up the DagBag from /home/airflow/.local/lib/python3.12/site-packages/airflow/example_dags/example_branch_labels.py
[2025-09-24T16:44:56.980+0000] {processor.py:840} INFO - DAG(s) 'example_branch_labels' retrieved from /home/airflow/.local/lib/python3.12/site-packages/airflow/example_dags/example_branch_labels.py
[2025-09-24T16:44:57.007+0000] {logging_mixin.py:188} INFO - [2025-09-24T16:44:57.007+0000] {dag.py:3096} INFO - Sync 1 DAGs
[2025-09-24T16:44:57.034+0000] {logging_mixin.py:188} INFO - [2025-09-24T16:44:57.034+0000] {dag.py:3954} INFO - Setting next_dagrun for example_branch_labels to 2025-09-23 00:00:00+00:00, run_after=2025-09-24 00:00:00+00:00
[2025-09-24T16:44:57.057+0000] {processor.py:183} INFO - Processing /home/airflow/.local/lib/python3.12/site-packages/airflow/example_dags/example_branch_labels.py took 0.097 seconds
[2025-09-24T16:45:27.256+0000] {processor.py:161} INFO - Started process (PID=1039) to work on /home/airflow/.local/lib/python3.12/site-packages/airflow/example_dags/example_branch_labels.py
[2025-09-24T16:45:27.258+0000] {processor.py:830} INFO - Processing file /home/airflow/.local/lib/python3.12/site-packages/airflow/example_dags/example_branch_labels.py for tasks to queue
[2025-09-24T16:45:27.260+0000] {logging_mixin.py:188} INFO - [2025-09-24T16:45:27.260+0000] {dagbag.py:540} INFO - Filling up the DagBag from /home/airflow/.local/lib/python3.12/site-packages/airflow/example_dags/example_branch_labels.py
[2025-09-24T16:45:27.271+0000] {processor.py:840} INFO - DAG(s) 'example_branch_labels' retrieved from /home/airflow/.local/lib/python3.12/site-packages/airflow/example_dags/example_branch_labels.py
[2025-09-24T16:45:27.301+0000] {logging_mixin.py:188} INFO - [2025-09-24T16:45:27.300+0000] {dag.py:3096} INFO - Sync 1 DAGs
[2025-09-24T16:45:27.331+0000] {logging_mixin.py:188} INFO - [2025-09-24T16:45:27.331+0000] {dag.py:3954} INFO - Setting next_dagrun for example_branch_labels to 2025-09-23 00:00:00+00:00, run_after=2025-09-24 00:00:00+00:00
[2025-09-24T16:45:27.355+0000] {processor.py:183} INFO - Processing /home/airflow/.local/lib/python3.12/site-packages/airflow/example_dags/example_branch_labels.py took 0.107 seconds
[2025-09-24T16:45:57.827+0000] {processor.py:161} INFO - Started process (PID=1097) to work on /home/airflow/.local/lib/python3.12/site-packages/airflow/example_dags/example_branch_labels.py
[2025-09-24T16:45:57.828+0000] {processor.py:830} INFO - Processing file /home/airflow/.local/lib/python3.12/site-packages/airflow/example_dags/example_branch_labels.py for tasks to queue
[2025-09-24T16:45:57.831+0000] {logging_mixin.py:188} INFO - [2025-09-24T16:45:57.830+0000] {dagbag.py:540} INFO - Filling up the DagBag from /home/airflow/.local/lib/python3.12/site-packages/airflow/example_dags/example_branch_labels.py
[2025-09-24T16:45:57.842+0000] {processor.py:840} INFO - DAG(s) 'example_branch_labels' retrieved from /home/airflow/.local/lib/python3.12/site-packages/airflow/example_dags/example_branch_labels.py
[2025-09-24T16:45:57.874+0000] {logging_mixin.py:188} INFO - [2025-09-24T16:45:57.874+0000] {dag.py:3096} INFO - Sync 1 DAGs
[2025-09-24T16:45:57.906+0000] {logging_mixin.py:188} INFO - [2025-09-24T16:45:57.906+0000] {dag.py:3954} INFO - Setting next_dagrun for example_branch_labels to 2025-09-23 00:00:00+00:00, run_after=2025-09-24 00:00:00+00:00
[2025-09-24T16:45:57.931+0000] {processor.py:183} INFO - Processing /home/airflow/.local/lib/python3.12/site-packages/airflow/example_dags/example_branch_labels.py took 0.113 seconds
[2025-09-24T16:46:28.688+0000] {processor.py:161} INFO - Started process (PID=1155) to work on /home/airflow/.local/lib/python3.12/site-packages/airflow/example_dags/example_branch_labels.py
[2025-09-24T16:46:28.689+0000] {processor.py:830} INFO - Processing file /home/airflow/.local/lib/python3.12/site-packages/airflow/example_dags/example_branch_labels.py for tasks to queue
[2025-09-24T16:46:28.693+0000] {logging_mixin.py:188} INFO - [2025-09-24T16:46:28.692+0000] {dagbag.py:540} INFO - Filling up the DagBag from /home/airflow/.local/lib/python3.12/site-packages/airflow/example_dags/example_branch_labels.py
[2025-09-24T16:46:28.704+0000] {processor.py:840} INFO - DAG(s) 'example_branch_labels' retrieved from /home/airflow/.local/lib/python3.12/site-packages/airflow/example_dags/example_branch_labels.py
[2025-09-24T16:46:28.732+0000] {logging_mixin.py:188} INFO - [2025-09-24T16:46:28.732+0000] {dag.py:3096} INFO - Sync 1 DAGs
[2025-09-24T16:46:28.763+0000] {logging_mixin.py:188} INFO - [2025-09-24T16:46:28.763+0000] {dag.py:3954} INFO - Setting next_dagrun for example_branch_labels to 2025-09-23 00:00:00+00:00, run_after=2025-09-24 00:00:00+00:00
[2025-09-24T16:46:28.936+0000] {processor.py:183} INFO - Processing /home/airflow/.local/lib/python3.12/site-packages/airflow/example_dags/example_branch_labels.py took 0.256 seconds
[2025-09-24T16:46:59.424+0000] {processor.py:161} INFO - Started process (PID=1213) to work on /home/airflow/.local/lib/python3.12/site-packages/airflow/example_dags/example_branch_labels.py
[2025-09-24T16:46:59.425+0000] {processor.py:830} INFO - Processing file /home/airflow/.local/lib/python3.12/site-packages/airflow/example_dags/example_branch_labels.py for tasks to queue
[2025-09-24T16:46:59.428+0000] {logging_mixin.py:188} INFO - [2025-09-24T16:46:59.427+0000] {dagbag.py:540} INFO - Filling up the DagBag from /home/airflow/.local/lib/python3.12/site-packages/airflow/example_dags/example_branch_labels.py
[2025-09-24T16:46:59.437+0000] {processor.py:840} INFO - DAG(s) 'example_branch_labels' retrieved from /home/airflow/.local/lib/python3.12/site-packages/airflow/example_dags/example_branch_labels.py
[2025-09-24T16:46:59.462+0000] {logging_mixin.py:188} INFO - [2025-09-24T16:46:59.462+0000] {dag.py:3096} INFO - Sync 1 DAGs
[2025-09-24T16:46:59.489+0000] {logging_mixin.py:188} INFO - [2025-09-24T16:46:59.489+0000] {dag.py:3954} INFO - Setting next_dagrun for example_branch_labels to 2025-09-23 00:00:00+00:00, run_after=2025-09-24 00:00:00+00:00
[2025-09-24T16:46:59.510+0000] {processor.py:183} INFO - Processing /home/airflow/.local/lib/python3.12/site-packages/airflow/example_dags/example_branch_labels.py took 0.093 seconds
[2025-09-24T16:47:29.978+0000] {processor.py:161} INFO - Started process (PID=1271) to work on /home/airflow/.local/lib/python3.12/site-packages/airflow/example_dags/example_branch_labels.py
[2025-09-24T16:47:29.979+0000] {processor.py:830} INFO - Processing file /home/airflow/.local/lib/python3.12/site-packages/airflow/example_dags/example_branch_labels.py for tasks to queue
[2025-09-24T16:47:29.981+0000] {logging_mixin.py:188} INFO - [2025-09-24T16:47:29.981+0000] {dagbag.py:540} INFO - Filling up the DagBag from /home/airflow/.local/lib/python3.12/site-packages/airflow/example_dags/example_branch_labels.py
[2025-09-24T16:47:29.991+0000] {processor.py:840} INFO - DAG(s) 'example_branch_labels' retrieved from /home/airflow/.local/lib/python3.12/site-packages/airflow/example_dags/example_branch_labels.py
[2025-09-24T16:47:30.019+0000] {logging_mixin.py:188} INFO - [2025-09-24T16:47:30.018+0000] {dag.py:3096} INFO - Sync 1 DAGs
[2025-09-24T16:47:30.047+0000] {logging_mixin.py:188} INFO - [2025-09-24T16:47:30.047+0000] {dag.py:3954} INFO - Setting next_dagrun for example_branch_labels to 2025-09-23 00:00:00+00:00, run_after=2025-09-24 00:00:00+00:00
[2025-09-24T16:47:30.073+0000] {processor.py:183} INFO - Processing /home/airflow/.local/lib/python3.12/site-packages/airflow/example_dags/example_branch_labels.py took 0.102 seconds
[2025-09-24T16:48:00.628+0000] {processor.py:161} INFO - Started process (PID=1329) to work on /home/airflow/.local/lib/python3.12/site-packages/airflow/example_dags/example_branch_labels.py
[2025-09-24T16:48:00.629+0000] {processor.py:830} INFO - Processing file /home/airflow/.local/lib/python3.12/site-packages/airflow/example_dags/example_branch_labels.py for tasks to queue
[2025-09-24T16:48:00.632+0000] {logging_mixin.py:188} INFO - [2025-09-24T16:48:00.631+0000] {dagbag.py:540} INFO - Filling up the DagBag from /home/airflow/.local/lib/python3.12/site-packages/airflow/example_dags/example_branch_labels.py
[2025-09-24T16:48:00.642+0000] {processor.py:840} INFO - DAG(s) 'example_branch_labels' retrieved from /home/airflow/.local/lib/python3.12/site-packages/airflow/example_dags/example_branch_labels.py
[2025-09-24T16:48:00.821+0000] {logging_mixin.py:188} INFO - [2025-09-24T16:48:00.820+0000] {dag.py:3096} INFO - Sync 1 DAGs
[2025-09-24T16:48:00.848+0000] {logging_mixin.py:188} INFO - [2025-09-24T16:48:00.848+0000] {dag.py:3954} INFO - Setting next_dagrun for example_branch_labels to 2025-09-23 00:00:00+00:00, run_after=2025-09-24 00:00:00+00:00
[2025-09-24T16:48:00.873+0000] {processor.py:183} INFO - Processing /home/airflow/.local/lib/python3.12/site-packages/airflow/example_dags/example_branch_labels.py took 0.254 seconds
[2025-09-24T16:48:31.519+0000] {processor.py:161} INFO - Started process (PID=1387) to work on /home/airflow/.local/lib/python3.12/site-packages/airflow/example_dags/example_branch_labels.py
[2025-09-24T16:48:31.520+0000] {processor.py:830} INFO - Processing file /home/airflow/.local/lib/python3.12/site-packages/airflow/example_dags/example_branch_labels.py for tasks to queue
[2025-09-24T16:48:31.522+0000] {logging_mixin.py:188} INFO - [2025-09-24T16:48:31.522+0000] {dagbag.py:540} INFO - Filling up the DagBag from /home/airflow/.local/lib/python3.12/site-packages/airflow/example_dags/example_branch_labels.py
[2025-09-24T16:48:31.533+0000] {processor.py:840} INFO - DAG(s) 'example_branch_labels' retrieved from /home/airflow/.local/lib/python3.12/site-packages/airflow/example_dags/example_branch_labels.py
[2025-09-24T16:48:31.562+0000] {logging_mixin.py:188} INFO - [2025-09-24T16:48:31.562+0000] {dag.py:3096} INFO - Sync 1 DAGs
[2025-09-24T16:48:31.592+0000] {logging_mixin.py:188} INFO - [2025-09-24T16:48:31.592+0000] {dag.py:3954} INFO - Setting next_dagrun for example_branch_labels to 2025-09-23 00:00:00+00:00, run_after=2025-09-24 00:00:00+00:00
[2025-09-24T16:48:31.615+0000] {processor.py:183} INFO - Processing /home/airflow/.local/lib/python3.12/site-packages/airflow/example_dags/example_branch_labels.py took 0.104 seconds
[2025-09-24T16:49:01.796+0000] {processor.py:161} INFO - Started process (PID=1445) to work on /home/airflow/.local/lib/python3.12/site-packages/airflow/example_dags/example_branch_labels.py
[2025-09-24T16:49:01.797+0000] {processor.py:830} INFO - Processing file /home/airflow/.local/lib/python3.12/site-packages/airflow/example_dags/example_branch_labels.py for tasks to queue
[2025-09-24T16:49:01.799+0000] {logging_mixin.py:188} INFO - [2025-09-24T16:49:01.799+0000] {dagbag.py:540} INFO - Filling up the DagBag from /home/airflow/.local/lib/python3.12/site-packages/airflow/example_dags/example_branch_labels.py
[2025-09-24T16:49:01.809+0000] {processor.py:840} INFO - DAG(s) 'example_branch_labels' retrieved from /home/airflow/.local/lib/python3.12/site-packages/airflow/example_dags/example_branch_labels.py
[2025-09-24T16:49:01.839+0000] {logging_mixin.py:188} INFO - [2025-09-24T16:49:01.839+0000] {dag.py:3096} INFO - Sync 1 DAGs
[2025-09-24T16:49:01.872+0000] {logging_mixin.py:188} INFO - [2025-09-24T16:49:01.871+0000] {dag.py:3954} INFO - Setting next_dagrun for example_branch_labels to 2025-09-23 00:00:00+00:00, run_after=2025-09-24 00:00:00+00:00
[2025-09-24T16:49:01.896+0000] {processor.py:183} INFO - Processing /home/airflow/.local/lib/python3.12/site-packages/airflow/example_dags/example_branch_labels.py took 0.108 seconds
[2025-09-24T16:49:32.262+0000] {processor.py:161} INFO - Started process (PID=1503) to work on /home/airflow/.local/lib/python3.12/site-packages/airflow/example_dags/example_branch_labels.py
[2025-09-24T16:49:32.263+0000] {processor.py:830} INFO - Processing file /home/airflow/.local/lib/python3.12/site-packages/airflow/example_dags/example_branch_labels.py for tasks to queue
[2025-09-24T16:49:32.265+0000] {logging_mixin.py:188} INFO - [2025-09-24T16:49:32.265+0000] {dagbag.py:540} INFO - Filling up the DagBag from /home/airflow/.local/lib/python3.12/site-packages/airflow/example_dags/example_branch_labels.py
[2025-09-24T16:49:32.276+0000] {processor.py:840} INFO - DAG(s) 'example_branch_labels' retrieved from /home/airflow/.local/lib/python3.12/site-packages/airflow/example_dags/example_branch_labels.py
[2025-09-24T16:49:32.304+0000] {logging_mixin.py:188} INFO - [2025-09-24T16:49:32.304+0000] {dag.py:3096} INFO - Sync 1 DAGs
[2025-09-24T16:49:32.336+0000] {logging_mixin.py:188} INFO - [2025-09-24T16:49:32.336+0000] {dag.py:3954} INFO - Setting next_dagrun for example_branch_labels to 2025-09-23 00:00:00+00:00, run_after=2025-09-24 00:00:00+00:00
[2025-09-24T16:49:32.360+0000] {processor.py:183} INFO - Processing /home/airflow/.local/lib/python3.12/site-packages/airflow/example_dags/example_branch_labels.py took 0.106 seconds
[2025-09-24T16:50:02.592+0000] {processor.py:161} INFO - Started process (PID=1562) to work on /home/airflow/.local/lib/python3.12/site-packages/airflow/example_dags/example_branch_labels.py
[2025-09-24T16:50:02.593+0000] {processor.py:830} INFO - Processing file /home/airflow/.local/lib/python3.12/site-packages/airflow/example_dags/example_branch_labels.py for tasks to queue
[2025-09-24T16:50:02.595+0000] {logging_mixin.py:188} INFO - [2025-09-24T16:50:02.595+0000] {dagbag.py:540} INFO - Filling up the DagBag from /home/airflow/.local/lib/python3.12/site-packages/airflow/example_dags/example_branch_labels.py
[2025-09-24T16:50:02.605+0000] {processor.py:840} INFO - DAG(s) 'example_branch_labels' retrieved from /home/airflow/.local/lib/python3.12/site-packages/airflow/example_dags/example_branch_labels.py
[2025-09-24T16:50:02.634+0000] {logging_mixin.py:188} INFO - [2025-09-24T16:50:02.634+0000] {dag.py:3096} INFO - Sync 1 DAGs
[2025-09-24T16:50:02.664+0000] {logging_mixin.py:188} INFO - [2025-09-24T16:50:02.664+0000] {dag.py:3954} INFO - Setting next_dagrun for example_branch_labels to 2025-09-23 00:00:00+00:00, run_after=2025-09-24 00:00:00+00:00
[2025-09-24T16:50:02.687+0000] {processor.py:183} INFO - Processing /home/airflow/.local/lib/python3.12/site-packages/airflow/example_dags/example_branch_labels.py took 0.103 seconds
[2025-09-24T16:50:33.104+0000] {processor.py:161} INFO - Started process (PID=1620) to work on /home/airflow/.local/lib/python3.12/site-packages/airflow/example_dags/example_branch_labels.py
[2025-09-24T16:50:33.106+0000] {processor.py:830} INFO - Processing file /home/airflow/.local/lib/python3.12/site-packages/airflow/example_dags/example_branch_labels.py for tasks to queue
[2025-09-24T16:50:33.108+0000] {logging_mixin.py:188} INFO - [2025-09-24T16:50:33.108+0000] {dagbag.py:540} INFO - Filling up the DagBag from /home/airflow/.local/lib/python3.12/site-packages/airflow/example_dags/example_branch_labels.py
[2025-09-24T16:50:33.119+0000] {processor.py:840} INFO - DAG(s) 'example_branch_labels' retrieved from /home/airflow/.local/lib/python3.12/site-packages/airflow/example_dags/example_branch_labels.py
[2025-09-24T16:50:33.151+0000] {logging_mixin.py:188} INFO - [2025-09-24T16:50:33.151+0000] {dag.py:3096} INFO - Sync 1 DAGs
[2025-09-24T16:50:33.184+0000] {logging_mixin.py:188} INFO - [2025-09-24T16:50:33.184+0000] {dag.py:3954} INFO - Setting next_dagrun for example_branch_labels to 2025-09-23 00:00:00+00:00, run_after=2025-09-24 00:00:00+00:00
[2025-09-24T16:50:33.208+0000] {processor.py:183} INFO - Processing /home/airflow/.local/lib/python3.12/site-packages/airflow/example_dags/example_branch_labels.py took 0.112 seconds
[2025-09-24T16:51:03.390+0000] {processor.py:161} INFO - Started process (PID=1678) to work on /home/airflow/.local/lib/python3.12/site-packages/airflow/example_dags/example_branch_labels.py
[2025-09-24T16:51:03.391+0000] {processor.py:830} INFO - Processing file /home/airflow/.local/lib/python3.12/site-packages/airflow/example_dags/example_branch_labels.py for tasks to queue
[2025-09-24T16:51:03.394+0000] {logging_mixin.py:188} INFO - [2025-09-24T16:51:03.394+0000] {dagbag.py:540} INFO - Filling up the DagBag from /home/airflow/.local/lib/python3.12/site-packages/airflow/example_dags/example_branch_labels.py
[2025-09-24T16:51:03.405+0000] {processor.py:840} INFO - DAG(s) 'example_branch_labels' retrieved from /home/airflow/.local/lib/python3.12/site-packages/airflow/example_dags/example_branch_labels.py
[2025-09-24T16:51:03.433+0000] {logging_mixin.py:188} INFO - [2025-09-24T16:51:03.433+0000] {dag.py:3096} INFO - Sync 1 DAGs
[2025-09-24T16:51:03.465+0000] {logging_mixin.py:188} INFO - [2025-09-24T16:51:03.464+0000] {dag.py:3954} INFO - Setting next_dagrun for example_branch_labels to 2025-09-23 00:00:00+00:00, run_after=2025-09-24 00:00:00+00:00
[2025-09-24T16:51:03.488+0000] {processor.py:183} INFO - Processing /home/airflow/.local/lib/python3.12/site-packages/airflow/example_dags/example_branch_labels.py took 0.106 seconds
[2025-09-24T16:51:33.928+0000] {processor.py:161} INFO - Started process (PID=1736) to work on /home/airflow/.local/lib/python3.12/site-packages/airflow/example_dags/example_branch_labels.py
[2025-09-24T16:51:33.929+0000] {processor.py:830} INFO - Processing file /home/airflow/.local/lib/python3.12/site-packages/airflow/example_dags/example_branch_labels.py for tasks to queue
[2025-09-24T16:51:33.932+0000] {logging_mixin.py:188} INFO - [2025-09-24T16:51:33.932+0000] {dagbag.py:540} INFO - Filling up the DagBag from /home/airflow/.local/lib/python3.12/site-packages/airflow/example_dags/example_branch_labels.py
[2025-09-24T16:51:33.944+0000] {processor.py:840} INFO - DAG(s) 'example_branch_labels' retrieved from /home/airflow/.local/lib/python3.12/site-packages/airflow/example_dags/example_branch_labels.py
[2025-09-24T16:51:33.973+0000] {logging_mixin.py:188} INFO - [2025-09-24T16:51:33.972+0000] {dag.py:3096} INFO - Sync 1 DAGs
[2025-09-24T16:51:34.004+0000] {logging_mixin.py:188} INFO - [2025-09-24T16:51:34.003+0000] {dag.py:3954} INFO - Setting next_dagrun for example_branch_labels to 2025-09-23 00:00:00+00:00, run_after=2025-09-24 00:00:00+00:00
[2025-09-24T16:51:34.027+0000] {processor.py:183} INFO - Processing /home/airflow/.local/lib/python3.12/site-packages/airflow/example_dags/example_branch_labels.py took 0.107 seconds
[2025-09-24T16:52:04.369+0000] {processor.py:161} INFO - Started process (PID=1794) to work on /home/airflow/.local/lib/python3.12/site-packages/airflow/example_dags/example_branch_labels.py
[2025-09-24T16:52:04.371+0000] {processor.py:830} INFO - Processing file /home/airflow/.local/lib/python3.12/site-packages/airflow/example_dags/example_branch_labels.py for tasks to queue
[2025-09-24T16:52:04.373+0000] {logging_mixin.py:188} INFO - [2025-09-24T16:52:04.373+0000] {dagbag.py:540} INFO - Filling up the DagBag from /home/airflow/.local/lib/python3.12/site-packages/airflow/example_dags/example_branch_labels.py
[2025-09-24T16:52:04.384+0000] {processor.py:840} INFO - DAG(s) 'example_branch_labels' retrieved from /home/airflow/.local/lib/python3.12/site-packages/airflow/example_dags/example_branch_labels.py
[2025-09-24T16:52:04.413+0000] {logging_mixin.py:188} INFO - [2025-09-24T16:52:04.412+0000] {dag.py:3096} INFO - Sync 1 DAGs
[2025-09-24T16:52:04.446+0000] {logging_mixin.py:188} INFO - [2025-09-24T16:52:04.445+0000] {dag.py:3954} INFO - Setting next_dagrun for example_branch_labels to 2025-09-23 00:00:00+00:00, run_after=2025-09-24 00:00:00+00:00
[2025-09-24T16:52:04.470+0000] {processor.py:183} INFO - Processing /home/airflow/.local/lib/python3.12/site-packages/airflow/example_dags/example_branch_labels.py took 0.109 seconds
[2025-09-24T16:52:34.901+0000] {processor.py:161} INFO - Started process (PID=1852) to work on /home/airflow/.local/lib/python3.12/site-packages/airflow/example_dags/example_branch_labels.py
[2025-09-24T16:52:34.903+0000] {processor.py:830} INFO - Processing file /home/airflow/.local/lib/python3.12/site-packages/airflow/example_dags/example_branch_labels.py for tasks to queue
[2025-09-24T16:52:34.907+0000] {logging_mixin.py:188} INFO - [2025-09-24T16:52:34.906+0000] {dagbag.py:540} INFO - Filling up the DagBag from /home/airflow/.local/lib/python3.12/site-packages/airflow/example_dags/example_branch_labels.py
[2025-09-24T16:52:34.923+0000] {processor.py:840} INFO - DAG(s) 'example_branch_labels' retrieved from /home/airflow/.local/lib/python3.12/site-packages/airflow/example_dags/example_branch_labels.py
[2025-09-24T16:52:34.972+0000] {logging_mixin.py:188} INFO - [2025-09-24T16:52:34.971+0000] {dag.py:3096} INFO - Sync 1 DAGs
[2025-09-24T16:52:35.020+0000] {logging_mixin.py:188} INFO - [2025-09-24T16:52:35.019+0000] {dag.py:3954} INFO - Setting next_dagrun for example_branch_labels to 2025-09-23 00:00:00+00:00, run_after=2025-09-24 00:00:00+00:00
[2025-09-24T16:52:35.056+0000] {processor.py:183} INFO - Processing /home/airflow/.local/lib/python3.12/site-packages/airflow/example_dags/example_branch_labels.py took 0.167 seconds
[2025-09-24T16:53:05.626+0000] {processor.py:161} INFO - Started process (PID=1910) to work on /home/airflow/.local/lib/python3.12/site-packages/airflow/example_dags/example_branch_labels.py
[2025-09-24T16:53:05.627+0000] {processor.py:830} INFO - Processing file /home/airflow/.local/lib/python3.12/site-packages/airflow/example_dags/example_branch_labels.py for tasks to queue
[2025-09-24T16:53:05.630+0000] {logging_mixin.py:188} INFO - [2025-09-24T16:53:05.629+0000] {dagbag.py:540} INFO - Filling up the DagBag from /home/airflow/.local/lib/python3.12/site-packages/airflow/example_dags/example_branch_labels.py
[2025-09-24T16:53:05.641+0000] {processor.py:840} INFO - DAG(s) 'example_branch_labels' retrieved from /home/airflow/.local/lib/python3.12/site-packages/airflow/example_dags/example_branch_labels.py
[2025-09-24T16:53:05.674+0000] {logging_mixin.py:188} INFO - [2025-09-24T16:53:05.674+0000] {dag.py:3096} INFO - Sync 1 DAGs
[2025-09-24T16:53:05.709+0000] {logging_mixin.py:188} INFO - [2025-09-24T16:53:05.709+0000] {dag.py:3954} INFO - Setting next_dagrun for example_branch_labels to 2025-09-23 00:00:00+00:00, run_after=2025-09-24 00:00:00+00:00
[2025-09-24T16:53:05.735+0000] {processor.py:183} INFO - Processing /home/airflow/.local/lib/python3.12/site-packages/airflow/example_dags/example_branch_labels.py took 0.118 seconds
[2025-09-24T16:53:35.919+0000] {processor.py:161} INFO - Started process (PID=1968) to work on /home/airflow/.local/lib/python3.12/site-packages/airflow/example_dags/example_branch_labels.py
[2025-09-24T16:53:35.920+0000] {processor.py:830} INFO - Processing file /home/airflow/.local/lib/python3.12/site-packages/airflow/example_dags/example_branch_labels.py for tasks to queue
[2025-09-24T16:53:35.922+0000] {logging_mixin.py:188} INFO - [2025-09-24T16:53:35.922+0000] {dagbag.py:540} INFO - Filling up the DagBag from /home/airflow/.local/lib/python3.12/site-packages/airflow/example_dags/example_branch_labels.py
[2025-09-24T16:53:35.932+0000] {processor.py:840} INFO - DAG(s) 'example_branch_labels' retrieved from /home/airflow/.local/lib/python3.12/site-packages/airflow/example_dags/example_branch_labels.py
[2025-09-24T16:53:35.961+0000] {logging_mixin.py:188} INFO - [2025-09-24T16:53:35.961+0000] {dag.py:3096} INFO - Sync 1 DAGs
[2025-09-24T16:53:35.993+0000] {logging_mixin.py:188} INFO - [2025-09-24T16:53:35.992+0000] {dag.py:3954} INFO - Setting next_dagrun for example_branch_labels to 2025-09-23 00:00:00+00:00, run_after=2025-09-24 00:00:00+00:00
[2025-09-24T16:53:36.015+0000] {processor.py:183} INFO - Processing /home/airflow/.local/lib/python3.12/site-packages/airflow/example_dags/example_branch_labels.py took 0.104 seconds
[2025-09-24T16:54:06.320+0000] {processor.py:161} INFO - Started process (PID=2025) to work on /home/airflow/.local/lib/python3.12/site-packages/airflow/example_dags/example_branch_labels.py
[2025-09-24T16:54:06.321+0000] {processor.py:830} INFO - Processing file /home/airflow/.local/lib/python3.12/site-packages/airflow/example_dags/example_branch_labels.py for tasks to queue
[2025-09-24T16:54:06.324+0000] {logging_mixin.py:188} INFO - [2025-09-24T16:54:06.324+0000] {dagbag.py:540} INFO - Filling up the DagBag from /home/airflow/.local/lib/python3.12/site-packages/airflow/example_dags/example_branch_labels.py
[2025-09-24T16:54:06.336+0000] {processor.py:840} INFO - DAG(s) 'example_branch_labels' retrieved from /home/airflow/.local/lib/python3.12/site-packages/airflow/example_dags/example_branch_labels.py
[2025-09-24T16:54:06.370+0000] {logging_mixin.py:188} INFO - [2025-09-24T16:54:06.370+0000] {dag.py:3096} INFO - Sync 1 DAGs
[2025-09-24T16:54:06.407+0000] {logging_mixin.py:188} INFO - [2025-09-24T16:54:06.407+0000] {dag.py:3954} INFO - Setting next_dagrun for example_branch_labels to 2025-09-23 00:00:00+00:00, run_after=2025-09-24 00:00:00+00:00
[2025-09-24T16:54:06.435+0000] {processor.py:183} INFO - Processing /home/airflow/.local/lib/python3.12/site-packages/airflow/example_dags/example_branch_labels.py took 0.124 seconds
[2025-09-24T16:54:36.642+0000] {processor.py:161} INFO - Started process (PID=2083) to work on /home/airflow/.local/lib/python3.12/site-packages/airflow/example_dags/example_branch_labels.py
[2025-09-24T16:54:36.644+0000] {processor.py:830} INFO - Processing file /home/airflow/.local/lib/python3.12/site-packages/airflow/example_dags/example_branch_labels.py for tasks to queue
[2025-09-24T16:54:36.647+0000] {logging_mixin.py:188} INFO - [2025-09-24T16:54:36.646+0000] {dagbag.py:540} INFO - Filling up the DagBag from /home/airflow/.local/lib/python3.12/site-packages/airflow/example_dags/example_branch_labels.py
[2025-09-24T16:54:36.658+0000] {processor.py:840} INFO - DAG(s) 'example_branch_labels' retrieved from /home/airflow/.local/lib/python3.12/site-packages/airflow/example_dags/example_branch_labels.py
[2025-09-24T16:54:36.688+0000] {logging_mixin.py:188} INFO - [2025-09-24T16:54:36.687+0000] {dag.py:3096} INFO - Sync 1 DAGs
[2025-09-24T16:54:36.719+0000] {logging_mixin.py:188} INFO - [2025-09-24T16:54:36.719+0000] {dag.py:3954} INFO - Setting next_dagrun for example_branch_labels to 2025-09-23 00:00:00+00:00, run_after=2025-09-24 00:00:00+00:00
[2025-09-24T16:54:36.742+0000] {processor.py:183} INFO - Processing /home/airflow/.local/lib/python3.12/site-packages/airflow/example_dags/example_branch_labels.py took 0.109 seconds
[2025-09-24T16:55:15.605+0000] {processor.py:161} INFO - Started process (PID=2141) to work on /home/airflow/.local/lib/python3.12/site-packages/airflow/example_dags/example_branch_labels.py
[2025-09-24T16:55:15.610+0000] {processor.py:830} INFO - Processing file /home/airflow/.local/lib/python3.12/site-packages/airflow/example_dags/example_branch_labels.py for tasks to queue
[2025-09-24T16:55:15.617+0000] {logging_mixin.py:188} INFO - [2025-09-24T16:55:15.616+0000] {dagbag.py:540} INFO - Filling up the DagBag from /home/airflow/.local/lib/python3.12/site-packages/airflow/example_dags/example_branch_labels.py
[2025-09-24T16:55:15.649+0000] {processor.py:840} INFO - DAG(s) 'example_branch_labels' retrieved from /home/airflow/.local/lib/python3.12/site-packages/airflow/example_dags/example_branch_labels.py
[2025-09-24T16:55:15.969+0000] {logging_mixin.py:188} INFO - [2025-09-24T16:55:15.968+0000] {dag.py:3096} INFO - Sync 1 DAGs
[2025-09-24T16:55:16.207+0000] {logging_mixin.py:188} INFO - [2025-09-24T16:55:16.207+0000] {dag.py:3954} INFO - Setting next_dagrun for example_branch_labels to 2025-09-23 00:00:00+00:00, run_after=2025-09-24 00:00:00+00:00
[2025-09-24T16:55:16.355+0000] {processor.py:183} INFO - Processing /home/airflow/.local/lib/python3.12/site-packages/airflow/example_dags/example_branch_labels.py took 0.769 seconds
[2025-09-24T16:55:46.776+0000] {processor.py:161} INFO - Started process (PID=2199) to work on /home/airflow/.local/lib/python3.12/site-packages/airflow/example_dags/example_branch_labels.py
[2025-09-24T16:55:46.779+0000] {processor.py:830} INFO - Processing file /home/airflow/.local/lib/python3.12/site-packages/airflow/example_dags/example_branch_labels.py for tasks to queue
[2025-09-24T16:55:46.787+0000] {logging_mixin.py:188} INFO - [2025-09-24T16:55:46.786+0000] {dagbag.py:540} INFO - Filling up the DagBag from /home/airflow/.local/lib/python3.12/site-packages/airflow/example_dags/example_branch_labels.py
[2025-09-24T16:55:46.814+0000] {processor.py:840} INFO - DAG(s) 'example_branch_labels' retrieved from /home/airflow/.local/lib/python3.12/site-packages/airflow/example_dags/example_branch_labels.py
[2025-09-24T16:55:46.921+0000] {logging_mixin.py:188} INFO - [2025-09-24T16:55:46.921+0000] {dag.py:3096} INFO - Sync 1 DAGs
[2025-09-24T16:55:47.008+0000] {logging_mixin.py:188} INFO - [2025-09-24T16:55:47.008+0000] {dag.py:3954} INFO - Setting next_dagrun for example_branch_labels to 2025-09-23 00:00:00+00:00, run_after=2025-09-24 00:00:00+00:00
[2025-09-24T16:55:47.061+0000] {processor.py:183} INFO - Processing /home/airflow/.local/lib/python3.12/site-packages/airflow/example_dags/example_branch_labels.py took 0.304 seconds
[2025-09-24T16:56:17.326+0000] {processor.py:161} INFO - Started process (PID=2257) to work on /home/airflow/.local/lib/python3.12/site-packages/airflow/example_dags/example_branch_labels.py
[2025-09-24T16:56:17.330+0000] {processor.py:830} INFO - Processing file /home/airflow/.local/lib/python3.12/site-packages/airflow/example_dags/example_branch_labels.py for tasks to queue
[2025-09-24T16:56:17.333+0000] {logging_mixin.py:188} INFO - [2025-09-24T16:56:17.332+0000] {dagbag.py:540} INFO - Filling up the DagBag from /home/airflow/.local/lib/python3.12/site-packages/airflow/example_dags/example_branch_labels.py
[2025-09-24T16:56:17.343+0000] {processor.py:840} INFO - DAG(s) 'example_branch_labels' retrieved from /home/airflow/.local/lib/python3.12/site-packages/airflow/example_dags/example_branch_labels.py
[2025-09-24T16:56:17.384+0000] {logging_mixin.py:188} INFO - [2025-09-24T16:56:17.384+0000] {dag.py:3096} INFO - Sync 1 DAGs
[2025-09-24T16:56:17.417+0000] {logging_mixin.py:188} INFO - [2025-09-24T16:56:17.417+0000] {dag.py:3954} INFO - Setting next_dagrun for example_branch_labels to 2025-09-23 00:00:00+00:00, run_after=2025-09-24 00:00:00+00:00
[2025-09-24T16:56:17.445+0000] {processor.py:183} INFO - Processing /home/airflow/.local/lib/python3.12/site-packages/airflow/example_dags/example_branch_labels.py took 0.130 seconds
[2025-09-24T16:56:47.509+0000] {processor.py:161} INFO - Started process (PID=2315) to work on /home/airflow/.local/lib/python3.12/site-packages/airflow/example_dags/example_branch_labels.py
[2025-09-24T16:56:47.510+0000] {processor.py:830} INFO - Processing file /home/airflow/.local/lib/python3.12/site-packages/airflow/example_dags/example_branch_labels.py for tasks to queue
[2025-09-24T16:56:47.514+0000] {logging_mixin.py:188} INFO - [2025-09-24T16:56:47.514+0000] {dagbag.py:540} INFO - Filling up the DagBag from /home/airflow/.local/lib/python3.12/site-packages/airflow/example_dags/example_branch_labels.py
[2025-09-24T16:56:47.525+0000] {processor.py:840} INFO - DAG(s) 'example_branch_labels' retrieved from /home/airflow/.local/lib/python3.12/site-packages/airflow/example_dags/example_branch_labels.py
[2025-09-24T16:56:47.556+0000] {logging_mixin.py:188} INFO - [2025-09-24T16:56:47.555+0000] {dag.py:3096} INFO - Sync 1 DAGs
[2025-09-24T16:56:47.584+0000] {logging_mixin.py:188} INFO - [2025-09-24T16:56:47.584+0000] {dag.py:3954} INFO - Setting next_dagrun for example_branch_labels to 2025-09-23 00:00:00+00:00, run_after=2025-09-24 00:00:00+00:00
[2025-09-24T16:56:47.605+0000] {processor.py:183} INFO - Processing /home/airflow/.local/lib/python3.12/site-packages/airflow/example_dags/example_branch_labels.py took 0.105 seconds
[2025-09-24T16:57:17.712+0000] {processor.py:161} INFO - Started process (PID=2373) to work on /home/airflow/.local/lib/python3.12/site-packages/airflow/example_dags/example_branch_labels.py
[2025-09-24T16:57:17.713+0000] {processor.py:830} INFO - Processing file /home/airflow/.local/lib/python3.12/site-packages/airflow/example_dags/example_branch_labels.py for tasks to queue
[2025-09-24T16:57:17.716+0000] {logging_mixin.py:188} INFO - [2025-09-24T16:57:17.715+0000] {dagbag.py:540} INFO - Filling up the DagBag from /home/airflow/.local/lib/python3.12/site-packages/airflow/example_dags/example_branch_labels.py
[2025-09-24T16:57:17.726+0000] {processor.py:840} INFO - DAG(s) 'example_branch_labels' retrieved from /home/airflow/.local/lib/python3.12/site-packages/airflow/example_dags/example_branch_labels.py
[2025-09-24T16:57:17.762+0000] {logging_mixin.py:188} INFO - [2025-09-24T16:57:17.762+0000] {dag.py:3096} INFO - Sync 1 DAGs
[2025-09-24T16:57:17.796+0000] {logging_mixin.py:188} INFO - [2025-09-24T16:57:17.796+0000] {dag.py:3954} INFO - Setting next_dagrun for example_branch_labels to 2025-09-23 00:00:00+00:00, run_after=2025-09-24 00:00:00+00:00
[2025-09-24T16:57:17.827+0000] {processor.py:183} INFO - Processing /home/airflow/.local/lib/python3.12/site-packages/airflow/example_dags/example_branch_labels.py took 0.123 seconds
[2025-09-24T16:57:47.954+0000] {processor.py:161} INFO - Started process (PID=2431) to work on /home/airflow/.local/lib/python3.12/site-packages/airflow/example_dags/example_branch_labels.py
[2025-09-24T16:57:47.955+0000] {processor.py:830} INFO - Processing file /home/airflow/.local/lib/python3.12/site-packages/airflow/example_dags/example_branch_labels.py for tasks to queue
[2025-09-24T16:57:47.957+0000] {logging_mixin.py:188} INFO - [2025-09-24T16:57:47.957+0000] {dagbag.py:540} INFO - Filling up the DagBag from /home/airflow/.local/lib/python3.12/site-packages/airflow/example_dags/example_branch_labels.py
[2025-09-24T16:57:47.967+0000] {processor.py:840} INFO - DAG(s) 'example_branch_labels' retrieved from /home/airflow/.local/lib/python3.12/site-packages/airflow/example_dags/example_branch_labels.py
[2025-09-24T16:57:47.995+0000] {logging_mixin.py:188} INFO - [2025-09-24T16:57:47.994+0000] {dag.py:3096} INFO - Sync 1 DAGs
[2025-09-24T16:57:48.024+0000] {logging_mixin.py:188} INFO - [2025-09-24T16:57:48.023+0000] {dag.py:3954} INFO - Setting next_dagrun for example_branch_labels to 2025-09-23 00:00:00+00:00, run_after=2025-09-24 00:00:00+00:00
[2025-09-24T16:57:48.047+0000] {processor.py:183} INFO - Processing /home/airflow/.local/lib/python3.12/site-packages/airflow/example_dags/example_branch_labels.py took 0.102 seconds
[2025-09-24T16:58:19.067+0000] {processor.py:161} INFO - Started process (PID=2489) to work on /home/airflow/.local/lib/python3.12/site-packages/airflow/example_dags/example_branch_labels.py
[2025-09-24T16:58:19.068+0000] {processor.py:830} INFO - Processing file /home/airflow/.local/lib/python3.12/site-packages/airflow/example_dags/example_branch_labels.py for tasks to queue
[2025-09-24T16:58:19.070+0000] {logging_mixin.py:188} INFO - [2025-09-24T16:58:19.070+0000] {dagbag.py:540} INFO - Filling up the DagBag from /home/airflow/.local/lib/python3.12/site-packages/airflow/example_dags/example_branch_labels.py
[2025-09-24T16:58:19.081+0000] {processor.py:840} INFO - DAG(s) 'example_branch_labels' retrieved from /home/airflow/.local/lib/python3.12/site-packages/airflow/example_dags/example_branch_labels.py
[2025-09-24T16:58:19.108+0000] {logging_mixin.py:188} INFO - [2025-09-24T16:58:19.108+0000] {dag.py:3096} INFO - Sync 1 DAGs
[2025-09-24T16:58:19.142+0000] {logging_mixin.py:188} INFO - [2025-09-24T16:58:19.142+0000] {dag.py:3954} INFO - Setting next_dagrun for example_branch_labels to 2025-09-23 00:00:00+00:00, run_after=2025-09-24 00:00:00+00:00
[2025-09-24T16:58:19.164+0000] {processor.py:183} INFO - Processing /home/airflow/.local/lib/python3.12/site-packages/airflow/example_dags/example_branch_labels.py took 0.105 seconds
[2025-09-24T16:58:49.249+0000] {processor.py:161} INFO - Started process (PID=2547) to work on /home/airflow/.local/lib/python3.12/site-packages/airflow/example_dags/example_branch_labels.py
[2025-09-24T16:58:49.250+0000] {processor.py:830} INFO - Processing file /home/airflow/.local/lib/python3.12/site-packages/airflow/example_dags/example_branch_labels.py for tasks to queue
[2025-09-24T16:58:49.252+0000] {logging_mixin.py:188} INFO - [2025-09-24T16:58:49.252+0000] {dagbag.py:540} INFO - Filling up the DagBag from /home/airflow/.local/lib/python3.12/site-packages/airflow/example_dags/example_branch_labels.py
[2025-09-24T16:58:49.263+0000] {processor.py:840} INFO - DAG(s) 'example_branch_labels' retrieved from /home/airflow/.local/lib/python3.12/site-packages/airflow/example_dags/example_branch_labels.py
[2025-09-24T16:58:49.291+0000] {logging_mixin.py:188} INFO - [2025-09-24T16:58:49.291+0000] {dag.py:3096} INFO - Sync 1 DAGs
[2025-09-24T16:58:49.322+0000] {logging_mixin.py:188} INFO - [2025-09-24T16:58:49.322+0000] {dag.py:3954} INFO - Setting next_dagrun for example_branch_labels to 2025-09-23 00:00:00+00:00, run_after=2025-09-24 00:00:00+00:00
[2025-09-24T16:58:49.343+0000] {processor.py:183} INFO - Processing /home/airflow/.local/lib/python3.12/site-packages/airflow/example_dags/example_branch_labels.py took 0.103 seconds
[2025-09-24T16:59:19.716+0000] {processor.py:161} INFO - Started process (PID=2605) to work on /home/airflow/.local/lib/python3.12/site-packages/airflow/example_dags/example_branch_labels.py
[2025-09-24T16:59:19.718+0000] {processor.py:830} INFO - Processing file /home/airflow/.local/lib/python3.12/site-packages/airflow/example_dags/example_branch_labels.py for tasks to queue
[2025-09-24T16:59:19.721+0000] {logging_mixin.py:188} INFO - [2025-09-24T16:59:19.720+0000] {dagbag.py:540} INFO - Filling up the DagBag from /home/airflow/.local/lib/python3.12/site-packages/airflow/example_dags/example_branch_labels.py
[2025-09-24T16:59:19.732+0000] {processor.py:840} INFO - DAG(s) 'example_branch_labels' retrieved from /home/airflow/.local/lib/python3.12/site-packages/airflow/example_dags/example_branch_labels.py
[2025-09-24T16:59:19.763+0000] {logging_mixin.py:188} INFO - [2025-09-24T16:59:19.762+0000] {dag.py:3096} INFO - Sync 1 DAGs
[2025-09-24T16:59:19.795+0000] {logging_mixin.py:188} INFO - [2025-09-24T16:59:19.794+0000] {dag.py:3954} INFO - Setting next_dagrun for example_branch_labels to 2025-09-23 00:00:00+00:00, run_after=2025-09-24 00:00:00+00:00
[2025-09-24T16:59:19.819+0000] {processor.py:183} INFO - Processing /home/airflow/.local/lib/python3.12/site-packages/airflow/example_dags/example_branch_labels.py took 0.112 seconds
[2025-09-24T16:59:50.059+0000] {processor.py:161} INFO - Started process (PID=2663) to work on /home/airflow/.local/lib/python3.12/site-packages/airflow/example_dags/example_branch_labels.py
[2025-09-24T16:59:50.060+0000] {processor.py:830} INFO - Processing file /home/airflow/.local/lib/python3.12/site-packages/airflow/example_dags/example_branch_labels.py for tasks to queue
[2025-09-24T16:59:50.063+0000] {logging_mixin.py:188} INFO - [2025-09-24T16:59:50.062+0000] {dagbag.py:540} INFO - Filling up the DagBag from /home/airflow/.local/lib/python3.12/site-packages/airflow/example_dags/example_branch_labels.py
[2025-09-24T16:59:50.073+0000] {processor.py:840} INFO - DAG(s) 'example_branch_labels' retrieved from /home/airflow/.local/lib/python3.12/site-packages/airflow/example_dags/example_branch_labels.py
[2025-09-24T16:59:50.105+0000] {logging_mixin.py:188} INFO - [2025-09-24T16:59:50.104+0000] {dag.py:3096} INFO - Sync 1 DAGs
[2025-09-24T16:59:50.137+0000] {logging_mixin.py:188} INFO - [2025-09-24T16:59:50.137+0000] {dag.py:3954} INFO - Setting next_dagrun for example_branch_labels to 2025-09-23 00:00:00+00:00, run_after=2025-09-24 00:00:00+00:00
[2025-09-24T16:59:50.166+0000] {processor.py:183} INFO - Processing /home/airflow/.local/lib/python3.12/site-packages/airflow/example_dags/example_branch_labels.py took 0.115 seconds
[2025-09-24T17:00:20.717+0000] {processor.py:161} INFO - Started process (PID=2721) to work on /home/airflow/.local/lib/python3.12/site-packages/airflow/example_dags/example_branch_labels.py
[2025-09-24T17:00:20.718+0000] {processor.py:830} INFO - Processing file /home/airflow/.local/lib/python3.12/site-packages/airflow/example_dags/example_branch_labels.py for tasks to queue
[2025-09-24T17:00:20.720+0000] {logging_mixin.py:188} INFO - [2025-09-24T17:00:20.720+0000] {dagbag.py:540} INFO - Filling up the DagBag from /home/airflow/.local/lib/python3.12/site-packages/airflow/example_dags/example_branch_labels.py
[2025-09-24T17:00:20.731+0000] {processor.py:840} INFO - DAG(s) 'example_branch_labels' retrieved from /home/airflow/.local/lib/python3.12/site-packages/airflow/example_dags/example_branch_labels.py
[2025-09-24T17:00:20.766+0000] {logging_mixin.py:188} INFO - [2025-09-24T17:00:20.766+0000] {dag.py:3096} INFO - Sync 1 DAGs
[2025-09-24T17:00:20.796+0000] {logging_mixin.py:188} INFO - [2025-09-24T17:00:20.795+0000] {dag.py:3954} INFO - Setting next_dagrun for example_branch_labels to 2025-09-23 00:00:00+00:00, run_after=2025-09-24 00:00:00+00:00
[2025-09-24T17:00:20.819+0000] {processor.py:183} INFO - Processing /home/airflow/.local/lib/python3.12/site-packages/airflow/example_dags/example_branch_labels.py took 0.111 seconds
[2025-09-24T17:00:51.222+0000] {processor.py:161} INFO - Started process (PID=2779) to work on /home/airflow/.local/lib/python3.12/site-packages/airflow/example_dags/example_branch_labels.py
[2025-09-24T17:00:51.223+0000] {processor.py:830} INFO - Processing file /home/airflow/.local/lib/python3.12/site-packages/airflow/example_dags/example_branch_labels.py for tasks to queue
[2025-09-24T17:00:51.226+0000] {logging_mixin.py:188} INFO - [2025-09-24T17:00:51.225+0000] {dagbag.py:540} INFO - Filling up the DagBag from /home/airflow/.local/lib/python3.12/site-packages/airflow/example_dags/example_branch_labels.py
[2025-09-24T17:00:51.236+0000] {processor.py:840} INFO - DAG(s) 'example_branch_labels' retrieved from /home/airflow/.local/lib/python3.12/site-packages/airflow/example_dags/example_branch_labels.py
[2025-09-24T17:00:51.266+0000] {logging_mixin.py:188} INFO - [2025-09-24T17:00:51.266+0000] {dag.py:3096} INFO - Sync 1 DAGs
[2025-09-24T17:00:51.298+0000] {logging_mixin.py:188} INFO - [2025-09-24T17:00:51.298+0000] {dag.py:3954} INFO - Setting next_dagrun for example_branch_labels to 2025-09-23 00:00:00+00:00, run_after=2025-09-24 00:00:00+00:00
[2025-09-24T17:00:51.325+0000] {processor.py:183} INFO - Processing /home/airflow/.local/lib/python3.12/site-packages/airflow/example_dags/example_branch_labels.py took 0.111 seconds
[2025-09-24T17:01:21.790+0000] {processor.py:161} INFO - Started process (PID=2843) to work on /home/airflow/.local/lib/python3.12/site-packages/airflow/example_dags/example_branch_labels.py
[2025-09-24T17:01:21.792+0000] {processor.py:830} INFO - Processing file /home/airflow/.local/lib/python3.12/site-packages/airflow/example_dags/example_branch_labels.py for tasks to queue
[2025-09-24T17:01:21.794+0000] {logging_mixin.py:188} INFO - [2025-09-24T17:01:21.794+0000] {dagbag.py:540} INFO - Filling up the DagBag from /home/airflow/.local/lib/python3.12/site-packages/airflow/example_dags/example_branch_labels.py
[2025-09-24T17:01:21.808+0000] {processor.py:840} INFO - DAG(s) 'example_branch_labels' retrieved from /home/airflow/.local/lib/python3.12/site-packages/airflow/example_dags/example_branch_labels.py
[2025-09-24T17:01:21.839+0000] {logging_mixin.py:188} INFO - [2025-09-24T17:01:21.838+0000] {dag.py:3096} INFO - Sync 1 DAGs
[2025-09-24T17:01:21.873+0000] {logging_mixin.py:188} INFO - [2025-09-24T17:01:21.873+0000] {dag.py:3954} INFO - Setting next_dagrun for example_branch_labels to 2025-09-23 00:00:00+00:00, run_after=2025-09-24 00:00:00+00:00
[2025-09-24T17:01:21.896+0000] {processor.py:183} INFO - Processing /home/airflow/.local/lib/python3.12/site-packages/airflow/example_dags/example_branch_labels.py took 0.115 seconds
[2025-09-24T17:01:52.333+0000] {processor.py:161} INFO - Started process (PID=2901) to work on /home/airflow/.local/lib/python3.12/site-packages/airflow/example_dags/example_branch_labels.py
[2025-09-24T17:01:52.334+0000] {processor.py:830} INFO - Processing file /home/airflow/.local/lib/python3.12/site-packages/airflow/example_dags/example_branch_labels.py for tasks to queue
[2025-09-24T17:01:52.337+0000] {logging_mixin.py:188} INFO - [2025-09-24T17:01:52.336+0000] {dagbag.py:540} INFO - Filling up the DagBag from /home/airflow/.local/lib/python3.12/site-packages/airflow/example_dags/example_branch_labels.py
[2025-09-24T17:01:52.348+0000] {processor.py:840} INFO - DAG(s) 'example_branch_labels' retrieved from /home/airflow/.local/lib/python3.12/site-packages/airflow/example_dags/example_branch_labels.py
[2025-09-24T17:01:52.381+0000] {logging_mixin.py:188} INFO - [2025-09-24T17:01:52.380+0000] {dag.py:3096} INFO - Sync 1 DAGs
[2025-09-24T17:01:52.414+0000] {logging_mixin.py:188} INFO - [2025-09-24T17:01:52.413+0000] {dag.py:3954} INFO - Setting next_dagrun for example_branch_labels to 2025-09-23 00:00:00+00:00, run_after=2025-09-24 00:00:00+00:00
[2025-09-24T17:01:52.438+0000] {processor.py:183} INFO - Processing /home/airflow/.local/lib/python3.12/site-packages/airflow/example_dags/example_branch_labels.py took 0.114 seconds
[2025-09-24T17:02:22.801+0000] {processor.py:161} INFO - Started process (PID=2959) to work on /home/airflow/.local/lib/python3.12/site-packages/airflow/example_dags/example_branch_labels.py
[2025-09-24T17:02:22.803+0000] {processor.py:830} INFO - Processing file /home/airflow/.local/lib/python3.12/site-packages/airflow/example_dags/example_branch_labels.py for tasks to queue
[2025-09-24T17:02:22.806+0000] {logging_mixin.py:188} INFO - [2025-09-24T17:02:22.805+0000] {dagbag.py:540} INFO - Filling up the DagBag from /home/airflow/.local/lib/python3.12/site-packages/airflow/example_dags/example_branch_labels.py
[2025-09-24T17:02:22.818+0000] {processor.py:840} INFO - DAG(s) 'example_branch_labels' retrieved from /home/airflow/.local/lib/python3.12/site-packages/airflow/example_dags/example_branch_labels.py
[2025-09-24T17:02:22.850+0000] {logging_mixin.py:188} INFO - [2025-09-24T17:02:22.849+0000] {dag.py:3096} INFO - Sync 1 DAGs
[2025-09-24T17:02:22.883+0000] {logging_mixin.py:188} INFO - [2025-09-24T17:02:22.883+0000] {dag.py:3954} INFO - Setting next_dagrun for example_branch_labels to 2025-09-23 00:00:00+00:00, run_after=2025-09-24 00:00:00+00:00
[2025-09-24T17:02:22.908+0000] {processor.py:183} INFO - Processing /home/airflow/.local/lib/python3.12/site-packages/airflow/example_dags/example_branch_labels.py took 0.116 seconds
[2025-09-24T17:02:53.349+0000] {processor.py:161} INFO - Started process (PID=3017) to work on /home/airflow/.local/lib/python3.12/site-packages/airflow/example_dags/example_branch_labels.py
[2025-09-24T17:02:53.350+0000] {processor.py:830} INFO - Processing file /home/airflow/.local/lib/python3.12/site-packages/airflow/example_dags/example_branch_labels.py for tasks to queue
[2025-09-24T17:02:53.353+0000] {logging_mixin.py:188} INFO - [2025-09-24T17:02:53.352+0000] {dagbag.py:540} INFO - Filling up the DagBag from /home/airflow/.local/lib/python3.12/site-packages/airflow/example_dags/example_branch_labels.py
[2025-09-24T17:02:53.362+0000] {processor.py:840} INFO - DAG(s) 'example_branch_labels' retrieved from /home/airflow/.local/lib/python3.12/site-packages/airflow/example_dags/example_branch_labels.py
[2025-09-24T17:02:53.387+0000] {logging_mixin.py:188} INFO - [2025-09-24T17:02:53.387+0000] {dag.py:3096} INFO - Sync 1 DAGs
[2025-09-24T17:02:53.414+0000] {logging_mixin.py:188} INFO - [2025-09-24T17:02:53.414+0000] {dag.py:3954} INFO - Setting next_dagrun for example_branch_labels to 2025-09-23 00:00:00+00:00, run_after=2025-09-24 00:00:00+00:00
[2025-09-24T17:02:53.436+0000] {processor.py:183} INFO - Processing /home/airflow/.local/lib/python3.12/site-packages/airflow/example_dags/example_branch_labels.py took 0.094 seconds
[2025-09-24T17:03:23.861+0000] {processor.py:161} INFO - Started process (PID=3075) to work on /home/airflow/.local/lib/python3.12/site-packages/airflow/example_dags/example_branch_labels.py
[2025-09-24T17:03:23.862+0000] {processor.py:830} INFO - Processing file /home/airflow/.local/lib/python3.12/site-packages/airflow/example_dags/example_branch_labels.py for tasks to queue
[2025-09-24T17:03:23.864+0000] {logging_mixin.py:188} INFO - [2025-09-24T17:03:23.864+0000] {dagbag.py:540} INFO - Filling up the DagBag from /home/airflow/.local/lib/python3.12/site-packages/airflow/example_dags/example_branch_labels.py
[2025-09-24T17:03:23.876+0000] {processor.py:840} INFO - DAG(s) 'example_branch_labels' retrieved from /home/airflow/.local/lib/python3.12/site-packages/airflow/example_dags/example_branch_labels.py
[2025-09-24T17:03:23.904+0000] {logging_mixin.py:188} INFO - [2025-09-24T17:03:23.904+0000] {dag.py:3096} INFO - Sync 1 DAGs
[2025-09-24T17:03:23.935+0000] {logging_mixin.py:188} INFO - [2025-09-24T17:03:23.935+0000] {dag.py:3954} INFO - Setting next_dagrun for example_branch_labels to 2025-09-23 00:00:00+00:00, run_after=2025-09-24 00:00:00+00:00
[2025-09-24T17:03:23.958+0000] {processor.py:183} INFO - Processing /home/airflow/.local/lib/python3.12/site-packages/airflow/example_dags/example_branch_labels.py took 0.105 seconds
[2025-09-24T17:03:54.627+0000] {processor.py:161} INFO - Started process (PID=3133) to work on /home/airflow/.local/lib/python3.12/site-packages/airflow/example_dags/example_branch_labels.py
[2025-09-24T17:03:54.629+0000] {processor.py:830} INFO - Processing file /home/airflow/.local/lib/python3.12/site-packages/airflow/example_dags/example_branch_labels.py for tasks to queue
[2025-09-24T17:03:54.633+0000] {logging_mixin.py:188} INFO - [2025-09-24T17:03:54.632+0000] {dagbag.py:540} INFO - Filling up the DagBag from /home/airflow/.local/lib/python3.12/site-packages/airflow/example_dags/example_branch_labels.py
[2025-09-24T17:03:54.647+0000] {processor.py:840} INFO - DAG(s) 'example_branch_labels' retrieved from /home/airflow/.local/lib/python3.12/site-packages/airflow/example_dags/example_branch_labels.py
[2025-09-24T17:03:54.691+0000] {logging_mixin.py:188} INFO - [2025-09-24T17:03:54.690+0000] {dag.py:3096} INFO - Sync 1 DAGs
[2025-09-24T17:03:54.743+0000] {logging_mixin.py:188} INFO - [2025-09-24T17:03:54.742+0000] {dag.py:3954} INFO - Setting next_dagrun for example_branch_labels to 2025-09-23 00:00:00+00:00, run_after=2025-09-24 00:00:00+00:00
[2025-09-24T17:03:54.772+0000] {processor.py:183} INFO - Processing /home/airflow/.local/lib/python3.12/site-packages/airflow/example_dags/example_branch_labels.py took 0.161 seconds
[2025-09-24T17:04:25.403+0000] {processor.py:161} INFO - Started process (PID=3191) to work on /home/airflow/.local/lib/python3.12/site-packages/airflow/example_dags/example_branch_labels.py
[2025-09-24T17:04:25.404+0000] {processor.py:830} INFO - Processing file /home/airflow/.local/lib/python3.12/site-packages/airflow/example_dags/example_branch_labels.py for tasks to queue
[2025-09-24T17:04:25.407+0000] {logging_mixin.py:188} INFO - [2025-09-24T17:04:25.406+0000] {dagbag.py:540} INFO - Filling up the DagBag from /home/airflow/.local/lib/python3.12/site-packages/airflow/example_dags/example_branch_labels.py
[2025-09-24T17:04:25.418+0000] {processor.py:840} INFO - DAG(s) 'example_branch_labels' retrieved from /home/airflow/.local/lib/python3.12/site-packages/airflow/example_dags/example_branch_labels.py
[2025-09-24T17:04:25.452+0000] {logging_mixin.py:188} INFO - [2025-09-24T17:04:25.452+0000] {dag.py:3096} INFO - Sync 1 DAGs
[2025-09-24T17:04:25.489+0000] {logging_mixin.py:188} INFO - [2025-09-24T17:04:25.489+0000] {dag.py:3954} INFO - Setting next_dagrun for example_branch_labels to 2025-09-23 00:00:00+00:00, run_after=2025-09-24 00:00:00+00:00
[2025-09-24T17:04:25.514+0000] {processor.py:183} INFO - Processing /home/airflow/.local/lib/python3.12/site-packages/airflow/example_dags/example_branch_labels.py took 0.120 seconds
[2025-09-24T17:04:55.636+0000] {processor.py:161} INFO - Started process (PID=3249) to work on /home/airflow/.local/lib/python3.12/site-packages/airflow/example_dags/example_branch_labels.py
[2025-09-24T17:04:55.637+0000] {processor.py:830} INFO - Processing file /home/airflow/.local/lib/python3.12/site-packages/airflow/example_dags/example_branch_labels.py for tasks to queue
[2025-09-24T17:04:55.641+0000] {logging_mixin.py:188} INFO - [2025-09-24T17:04:55.640+0000] {dagbag.py:540} INFO - Filling up the DagBag from /home/airflow/.local/lib/python3.12/site-packages/airflow/example_dags/example_branch_labels.py
[2025-09-24T17:04:55.653+0000] {processor.py:840} INFO - DAG(s) 'example_branch_labels' retrieved from /home/airflow/.local/lib/python3.12/site-packages/airflow/example_dags/example_branch_labels.py
[2025-09-24T17:04:55.687+0000] {logging_mixin.py:188} INFO - [2025-09-24T17:04:55.686+0000] {dag.py:3096} INFO - Sync 1 DAGs
[2025-09-24T17:04:55.722+0000] {logging_mixin.py:188} INFO - [2025-09-24T17:04:55.722+0000] {dag.py:3954} INFO - Setting next_dagrun for example_branch_labels to 2025-09-23 00:00:00+00:00, run_after=2025-09-24 00:00:00+00:00
[2025-09-24T17:04:55.748+0000] {processor.py:183} INFO - Processing /home/airflow/.local/lib/python3.12/site-packages/airflow/example_dags/example_branch_labels.py took 0.121 seconds
[2025-09-24T17:05:26.501+0000] {processor.py:161} INFO - Started process (PID=3307) to work on /home/airflow/.local/lib/python3.12/site-packages/airflow/example_dags/example_branch_labels.py
[2025-09-24T17:05:26.502+0000] {processor.py:830} INFO - Processing file /home/airflow/.local/lib/python3.12/site-packages/airflow/example_dags/example_branch_labels.py for tasks to queue
[2025-09-24T17:05:26.505+0000] {logging_mixin.py:188} INFO - [2025-09-24T17:05:26.504+0000] {dagbag.py:540} INFO - Filling up the DagBag from /home/airflow/.local/lib/python3.12/site-packages/airflow/example_dags/example_branch_labels.py
[2025-09-24T17:05:26.516+0000] {processor.py:840} INFO - DAG(s) 'example_branch_labels' retrieved from /home/airflow/.local/lib/python3.12/site-packages/airflow/example_dags/example_branch_labels.py
[2025-09-24T17:05:26.549+0000] {logging_mixin.py:188} INFO - [2025-09-24T17:05:26.549+0000] {dag.py:3096} INFO - Sync 1 DAGs
[2025-09-24T17:05:26.583+0000] {logging_mixin.py:188} INFO - [2025-09-24T17:05:26.583+0000] {dag.py:3954} INFO - Setting next_dagrun for example_branch_labels to 2025-09-23 00:00:00+00:00, run_after=2025-09-24 00:00:00+00:00
[2025-09-24T17:05:26.610+0000] {processor.py:183} INFO - Processing /home/airflow/.local/lib/python3.12/site-packages/airflow/example_dags/example_branch_labels.py took 0.118 seconds
[2025-09-24T17:05:57.604+0000] {processor.py:161} INFO - Started process (PID=3365) to work on /home/airflow/.local/lib/python3.12/site-packages/airflow/example_dags/example_branch_labels.py
[2025-09-24T17:05:57.606+0000] {processor.py:830} INFO - Processing file /home/airflow/.local/lib/python3.12/site-packages/airflow/example_dags/example_branch_labels.py for tasks to queue
[2025-09-24T17:05:57.609+0000] {logging_mixin.py:188} INFO - [2025-09-24T17:05:57.608+0000] {dagbag.py:540} INFO - Filling up the DagBag from /home/airflow/.local/lib/python3.12/site-packages/airflow/example_dags/example_branch_labels.py
[2025-09-24T17:05:57.622+0000] {processor.py:840} INFO - DAG(s) 'example_branch_labels' retrieved from /home/airflow/.local/lib/python3.12/site-packages/airflow/example_dags/example_branch_labels.py
[2025-09-24T17:05:57.655+0000] {logging_mixin.py:188} INFO - [2025-09-24T17:05:57.655+0000] {dag.py:3096} INFO - Sync 1 DAGs
[2025-09-24T17:05:57.689+0000] {logging_mixin.py:188} INFO - [2025-09-24T17:05:57.689+0000] {dag.py:3954} INFO - Setting next_dagrun for example_branch_labels to 2025-09-23 00:00:00+00:00, run_after=2025-09-24 00:00:00+00:00
[2025-09-24T17:05:57.714+0000] {processor.py:183} INFO - Processing /home/airflow/.local/lib/python3.12/site-packages/airflow/example_dags/example_branch_labels.py took 0.120 seconds
[2025-09-24T17:06:27.878+0000] {processor.py:161} INFO - Started process (PID=3423) to work on /home/airflow/.local/lib/python3.12/site-packages/airflow/example_dags/example_branch_labels.py
[2025-09-24T17:06:27.879+0000] {processor.py:830} INFO - Processing file /home/airflow/.local/lib/python3.12/site-packages/airflow/example_dags/example_branch_labels.py for tasks to queue
[2025-09-24T17:06:27.882+0000] {logging_mixin.py:188} INFO - [2025-09-24T17:06:27.881+0000] {dagbag.py:540} INFO - Filling up the DagBag from /home/airflow/.local/lib/python3.12/site-packages/airflow/example_dags/example_branch_labels.py
[2025-09-24T17:06:27.894+0000] {processor.py:840} INFO - DAG(s) 'example_branch_labels' retrieved from /home/airflow/.local/lib/python3.12/site-packages/airflow/example_dags/example_branch_labels.py
[2025-09-24T17:06:27.936+0000] {logging_mixin.py:188} INFO - [2025-09-24T17:06:27.936+0000] {dag.py:3096} INFO - Sync 1 DAGs
[2025-09-24T17:06:27.982+0000] {logging_mixin.py:188} INFO - [2025-09-24T17:06:27.982+0000] {dag.py:3954} INFO - Setting next_dagrun for example_branch_labels to 2025-09-23 00:00:00+00:00, run_after=2025-09-24 00:00:00+00:00
[2025-09-24T17:06:28.016+0000] {processor.py:183} INFO - Processing /home/airflow/.local/lib/python3.12/site-packages/airflow/example_dags/example_branch_labels.py took 0.147 seconds
[2025-09-24T17:06:58.947+0000] {processor.py:161} INFO - Started process (PID=3481) to work on /home/airflow/.local/lib/python3.12/site-packages/airflow/example_dags/example_branch_labels.py
[2025-09-24T17:06:58.948+0000] {processor.py:830} INFO - Processing file /home/airflow/.local/lib/python3.12/site-packages/airflow/example_dags/example_branch_labels.py for tasks to queue
[2025-09-24T17:06:58.951+0000] {logging_mixin.py:188} INFO - [2025-09-24T17:06:58.950+0000] {dagbag.py:540} INFO - Filling up the DagBag from /home/airflow/.local/lib/python3.12/site-packages/airflow/example_dags/example_branch_labels.py
[2025-09-24T17:06:58.963+0000] {processor.py:840} INFO - DAG(s) 'example_branch_labels' retrieved from /home/airflow/.local/lib/python3.12/site-packages/airflow/example_dags/example_branch_labels.py
[2025-09-24T17:06:58.995+0000] {logging_mixin.py:188} INFO - [2025-09-24T17:06:58.994+0000] {dag.py:3096} INFO - Sync 1 DAGs
[2025-09-24T17:06:59.032+0000] {logging_mixin.py:188} INFO - [2025-09-24T17:06:59.031+0000] {dag.py:3954} INFO - Setting next_dagrun for example_branch_labels to 2025-09-23 00:00:00+00:00, run_after=2025-09-24 00:00:00+00:00
[2025-09-24T17:06:59.063+0000] {processor.py:183} INFO - Processing /home/airflow/.local/lib/python3.12/site-packages/airflow/example_dags/example_branch_labels.py took 0.125 seconds
[2025-09-24T17:07:29.132+0000] {processor.py:161} INFO - Started process (PID=3539) to work on /home/airflow/.local/lib/python3.12/site-packages/airflow/example_dags/example_branch_labels.py
[2025-09-24T17:07:29.133+0000] {processor.py:830} INFO - Processing file /home/airflow/.local/lib/python3.12/site-packages/airflow/example_dags/example_branch_labels.py for tasks to queue
[2025-09-24T17:07:29.136+0000] {logging_mixin.py:188} INFO - [2025-09-24T17:07:29.136+0000] {dagbag.py:540} INFO - Filling up the DagBag from /home/airflow/.local/lib/python3.12/site-packages/airflow/example_dags/example_branch_labels.py
[2025-09-24T17:07:29.149+0000] {processor.py:840} INFO - DAG(s) 'example_branch_labels' retrieved from /home/airflow/.local/lib/python3.12/site-packages/airflow/example_dags/example_branch_labels.py
[2025-09-24T17:07:29.180+0000] {logging_mixin.py:188} INFO - [2025-09-24T17:07:29.179+0000] {dag.py:3096} INFO - Sync 1 DAGs
[2025-09-24T17:07:29.214+0000] {logging_mixin.py:188} INFO - [2025-09-24T17:07:29.213+0000] {dag.py:3954} INFO - Setting next_dagrun for example_branch_labels to 2025-09-23 00:00:00+00:00, run_after=2025-09-24 00:00:00+00:00
[2025-09-24T17:07:29.238+0000] {processor.py:183} INFO - Processing /home/airflow/.local/lib/python3.12/site-packages/airflow/example_dags/example_branch_labels.py took 0.116 seconds
[2025-09-24T17:07:59.753+0000] {processor.py:161} INFO - Started process (PID=3597) to work on /home/airflow/.local/lib/python3.12/site-packages/airflow/example_dags/example_branch_labels.py
[2025-09-24T17:07:59.754+0000] {processor.py:830} INFO - Processing file /home/airflow/.local/lib/python3.12/site-packages/airflow/example_dags/example_branch_labels.py for tasks to queue
[2025-09-24T17:07:59.757+0000] {logging_mixin.py:188} INFO - [2025-09-24T17:07:59.757+0000] {dagbag.py:540} INFO - Filling up the DagBag from /home/airflow/.local/lib/python3.12/site-packages/airflow/example_dags/example_branch_labels.py
[2025-09-24T17:07:59.770+0000] {processor.py:840} INFO - DAG(s) 'example_branch_labels' retrieved from /home/airflow/.local/lib/python3.12/site-packages/airflow/example_dags/example_branch_labels.py
[2025-09-24T17:07:59.805+0000] {logging_mixin.py:188} INFO - [2025-09-24T17:07:59.804+0000] {dag.py:3096} INFO - Sync 1 DAGs
[2025-09-24T17:07:59.840+0000] {logging_mixin.py:188} INFO - [2025-09-24T17:07:59.840+0000] {dag.py:3954} INFO - Setting next_dagrun for example_branch_labels to 2025-09-23 00:00:00+00:00, run_after=2025-09-24 00:00:00+00:00
[2025-09-24T17:07:59.867+0000] {processor.py:183} INFO - Processing /home/airflow/.local/lib/python3.12/site-packages/airflow/example_dags/example_branch_labels.py took 0.124 seconds
[2025-09-24T17:08:30.150+0000] {processor.py:161} INFO - Started process (PID=3655) to work on /home/airflow/.local/lib/python3.12/site-packages/airflow/example_dags/example_branch_labels.py
[2025-09-24T17:08:30.151+0000] {processor.py:830} INFO - Processing file /home/airflow/.local/lib/python3.12/site-packages/airflow/example_dags/example_branch_labels.py for tasks to queue
[2025-09-24T17:08:30.154+0000] {logging_mixin.py:188} INFO - [2025-09-24T17:08:30.154+0000] {dagbag.py:540} INFO - Filling up the DagBag from /home/airflow/.local/lib/python3.12/site-packages/airflow/example_dags/example_branch_labels.py
[2025-09-24T17:08:30.167+0000] {processor.py:840} INFO - DAG(s) 'example_branch_labels' retrieved from /home/airflow/.local/lib/python3.12/site-packages/airflow/example_dags/example_branch_labels.py
[2025-09-24T17:08:30.199+0000] {logging_mixin.py:188} INFO - [2025-09-24T17:08:30.199+0000] {dag.py:3096} INFO - Sync 1 DAGs
[2025-09-24T17:08:30.233+0000] {logging_mixin.py:188} INFO - [2025-09-24T17:08:30.233+0000] {dag.py:3954} INFO - Setting next_dagrun for example_branch_labels to 2025-09-23 00:00:00+00:00, run_after=2025-09-24 00:00:00+00:00
[2025-09-24T17:08:30.260+0000] {processor.py:183} INFO - Processing /home/airflow/.local/lib/python3.12/site-packages/airflow/example_dags/example_branch_labels.py took 0.120 seconds
[2025-09-24T17:09:00.688+0000] {processor.py:161} INFO - Started process (PID=3713) to work on /home/airflow/.local/lib/python3.12/site-packages/airflow/example_dags/example_branch_labels.py
[2025-09-24T17:09:00.689+0000] {processor.py:830} INFO - Processing file /home/airflow/.local/lib/python3.12/site-packages/airflow/example_dags/example_branch_labels.py for tasks to queue
[2025-09-24T17:09:00.692+0000] {logging_mixin.py:188} INFO - [2025-09-24T17:09:00.692+0000] {dagbag.py:540} INFO - Filling up the DagBag from /home/airflow/.local/lib/python3.12/site-packages/airflow/example_dags/example_branch_labels.py
[2025-09-24T17:09:00.703+0000] {processor.py:840} INFO - DAG(s) 'example_branch_labels' retrieved from /home/airflow/.local/lib/python3.12/site-packages/airflow/example_dags/example_branch_labels.py
[2025-09-24T17:09:00.736+0000] {logging_mixin.py:188} INFO - [2025-09-24T17:09:00.736+0000] {dag.py:3096} INFO - Sync 1 DAGs
[2025-09-24T17:09:00.770+0000] {logging_mixin.py:188} INFO - [2025-09-24T17:09:00.769+0000] {dag.py:3954} INFO - Setting next_dagrun for example_branch_labels to 2025-09-23 00:00:00+00:00, run_after=2025-09-24 00:00:00+00:00
[2025-09-24T17:09:00.795+0000] {processor.py:183} INFO - Processing /home/airflow/.local/lib/python3.12/site-packages/airflow/example_dags/example_branch_labels.py took 0.115 seconds
[2025-09-24T17:09:30.955+0000] {processor.py:161} INFO - Started process (PID=3771) to work on /home/airflow/.local/lib/python3.12/site-packages/airflow/example_dags/example_branch_labels.py
[2025-09-24T17:09:30.956+0000] {processor.py:830} INFO - Processing file /home/airflow/.local/lib/python3.12/site-packages/airflow/example_dags/example_branch_labels.py for tasks to queue
[2025-09-24T17:09:30.959+0000] {logging_mixin.py:188} INFO - [2025-09-24T17:09:30.958+0000] {dagbag.py:540} INFO - Filling up the DagBag from /home/airflow/.local/lib/python3.12/site-packages/airflow/example_dags/example_branch_labels.py
[2025-09-24T17:09:30.970+0000] {processor.py:840} INFO - DAG(s) 'example_branch_labels' retrieved from /home/airflow/.local/lib/python3.12/site-packages/airflow/example_dags/example_branch_labels.py
[2025-09-24T17:09:31.001+0000] {logging_mixin.py:188} INFO - [2025-09-24T17:09:31.001+0000] {dag.py:3096} INFO - Sync 1 DAGs
[2025-09-24T17:09:31.037+0000] {logging_mixin.py:188} INFO - [2025-09-24T17:09:31.037+0000] {dag.py:3954} INFO - Setting next_dagrun for example_branch_labels to 2025-09-23 00:00:00+00:00, run_after=2025-09-24 00:00:00+00:00
[2025-09-24T17:09:31.066+0000] {processor.py:183} INFO - Processing /home/airflow/.local/lib/python3.12/site-packages/airflow/example_dags/example_branch_labels.py took 0.120 seconds
[2025-09-24T17:10:01.495+0000] {processor.py:161} INFO - Started process (PID=3829) to work on /home/airflow/.local/lib/python3.12/site-packages/airflow/example_dags/example_branch_labels.py
[2025-09-24T17:10:01.496+0000] {processor.py:830} INFO - Processing file /home/airflow/.local/lib/python3.12/site-packages/airflow/example_dags/example_branch_labels.py for tasks to queue
[2025-09-24T17:10:01.499+0000] {logging_mixin.py:188} INFO - [2025-09-24T17:10:01.498+0000] {dagbag.py:540} INFO - Filling up the DagBag from /home/airflow/.local/lib/python3.12/site-packages/airflow/example_dags/example_branch_labels.py
[2025-09-24T17:10:01.511+0000] {processor.py:840} INFO - DAG(s) 'example_branch_labels' retrieved from /home/airflow/.local/lib/python3.12/site-packages/airflow/example_dags/example_branch_labels.py
[2025-09-24T17:10:01.546+0000] {logging_mixin.py:188} INFO - [2025-09-24T17:10:01.545+0000] {dag.py:3096} INFO - Sync 1 DAGs
[2025-09-24T17:10:01.584+0000] {logging_mixin.py:188} INFO - [2025-09-24T17:10:01.584+0000] {dag.py:3954} INFO - Setting next_dagrun for example_branch_labels to 2025-09-23 00:00:00+00:00, run_after=2025-09-24 00:00:00+00:00
[2025-09-24T17:10:01.612+0000] {processor.py:183} INFO - Processing /home/airflow/.local/lib/python3.12/site-packages/airflow/example_dags/example_branch_labels.py took 0.127 seconds
[2025-09-24T17:10:32.575+0000] {processor.py:161} INFO - Started process (PID=3887) to work on /home/airflow/.local/lib/python3.12/site-packages/airflow/example_dags/example_branch_labels.py
[2025-09-24T17:10:32.576+0000] {processor.py:830} INFO - Processing file /home/airflow/.local/lib/python3.12/site-packages/airflow/example_dags/example_branch_labels.py for tasks to queue
[2025-09-24T17:10:32.579+0000] {logging_mixin.py:188} INFO - [2025-09-24T17:10:32.578+0000] {dagbag.py:540} INFO - Filling up the DagBag from /home/airflow/.local/lib/python3.12/site-packages/airflow/example_dags/example_branch_labels.py
[2025-09-24T17:10:32.591+0000] {processor.py:840} INFO - DAG(s) 'example_branch_labels' retrieved from /home/airflow/.local/lib/python3.12/site-packages/airflow/example_dags/example_branch_labels.py
[2025-09-24T17:10:32.623+0000] {logging_mixin.py:188} INFO - [2025-09-24T17:10:32.622+0000] {dag.py:3096} INFO - Sync 1 DAGs
[2025-09-24T17:10:32.657+0000] {logging_mixin.py:188} INFO - [2025-09-24T17:10:32.657+0000] {dag.py:3954} INFO - Setting next_dagrun for example_branch_labels to 2025-09-23 00:00:00+00:00, run_after=2025-09-24 00:00:00+00:00
[2025-09-24T17:10:32.683+0000] {processor.py:183} INFO - Processing /home/airflow/.local/lib/python3.12/site-packages/airflow/example_dags/example_branch_labels.py took 0.118 seconds
[2025-09-24T17:11:03.381+0000] {processor.py:161} INFO - Started process (PID=3945) to work on /home/airflow/.local/lib/python3.12/site-packages/airflow/example_dags/example_branch_labels.py
[2025-09-24T17:11:03.383+0000] {processor.py:830} INFO - Processing file /home/airflow/.local/lib/python3.12/site-packages/airflow/example_dags/example_branch_labels.py for tasks to queue
[2025-09-24T17:11:03.386+0000] {logging_mixin.py:188} INFO - [2025-09-24T17:11:03.386+0000] {dagbag.py:540} INFO - Filling up the DagBag from /home/airflow/.local/lib/python3.12/site-packages/airflow/example_dags/example_branch_labels.py
[2025-09-24T17:11:03.398+0000] {processor.py:840} INFO - DAG(s) 'example_branch_labels' retrieved from /home/airflow/.local/lib/python3.12/site-packages/airflow/example_dags/example_branch_labels.py
[2025-09-24T17:11:03.435+0000] {logging_mixin.py:188} INFO - [2025-09-24T17:11:03.435+0000] {dag.py:3096} INFO - Sync 1 DAGs
[2025-09-24T17:11:03.474+0000] {logging_mixin.py:188} INFO - [2025-09-24T17:11:03.473+0000] {dag.py:3954} INFO - Setting next_dagrun for example_branch_labels to 2025-09-23 00:00:00+00:00, run_after=2025-09-24 00:00:00+00:00
[2025-09-24T17:11:03.508+0000] {processor.py:183} INFO - Processing /home/airflow/.local/lib/python3.12/site-packages/airflow/example_dags/example_branch_labels.py took 0.137 seconds
[2025-09-24T17:11:33.819+0000] {processor.py:161} INFO - Started process (PID=4003) to work on /home/airflow/.local/lib/python3.12/site-packages/airflow/example_dags/example_branch_labels.py
[2025-09-24T17:11:33.820+0000] {processor.py:830} INFO - Processing file /home/airflow/.local/lib/python3.12/site-packages/airflow/example_dags/example_branch_labels.py for tasks to queue
[2025-09-24T17:11:33.823+0000] {logging_mixin.py:188} INFO - [2025-09-24T17:11:33.823+0000] {dagbag.py:540} INFO - Filling up the DagBag from /home/airflow/.local/lib/python3.12/site-packages/airflow/example_dags/example_branch_labels.py
[2025-09-24T17:11:33.835+0000] {processor.py:840} INFO - DAG(s) 'example_branch_labels' retrieved from /home/airflow/.local/lib/python3.12/site-packages/airflow/example_dags/example_branch_labels.py
[2025-09-24T17:11:33.869+0000] {logging_mixin.py:188} INFO - [2025-09-24T17:11:33.869+0000] {dag.py:3096} INFO - Sync 1 DAGs
[2025-09-24T17:11:33.911+0000] {logging_mixin.py:188} INFO - [2025-09-24T17:11:33.911+0000] {dag.py:3954} INFO - Setting next_dagrun for example_branch_labels to 2025-09-23 00:00:00+00:00, run_after=2025-09-24 00:00:00+00:00
[2025-09-24T17:11:33.945+0000] {processor.py:183} INFO - Processing /home/airflow/.local/lib/python3.12/site-packages/airflow/example_dags/example_branch_labels.py took 0.135 seconds
[2025-09-24T17:12:04.555+0000] {processor.py:161} INFO - Started process (PID=4061) to work on /home/airflow/.local/lib/python3.12/site-packages/airflow/example_dags/example_branch_labels.py
[2025-09-24T17:12:04.556+0000] {processor.py:830} INFO - Processing file /home/airflow/.local/lib/python3.12/site-packages/airflow/example_dags/example_branch_labels.py for tasks to queue
[2025-09-24T17:12:04.559+0000] {logging_mixin.py:188} INFO - [2025-09-24T17:12:04.559+0000] {dagbag.py:540} INFO - Filling up the DagBag from /home/airflow/.local/lib/python3.12/site-packages/airflow/example_dags/example_branch_labels.py
[2025-09-24T17:12:04.571+0000] {processor.py:840} INFO - DAG(s) 'example_branch_labels' retrieved from /home/airflow/.local/lib/python3.12/site-packages/airflow/example_dags/example_branch_labels.py
[2025-09-24T17:12:04.607+0000] {logging_mixin.py:188} INFO - [2025-09-24T17:12:04.607+0000] {dag.py:3096} INFO - Sync 1 DAGs
[2025-09-24T17:12:04.640+0000] {logging_mixin.py:188} INFO - [2025-09-24T17:12:04.640+0000] {dag.py:3954} INFO - Setting next_dagrun for example_branch_labels to 2025-09-23 00:00:00+00:00, run_after=2025-09-24 00:00:00+00:00
[2025-09-24T17:12:04.664+0000] {processor.py:183} INFO - Processing /home/airflow/.local/lib/python3.12/site-packages/airflow/example_dags/example_branch_labels.py took 0.117 seconds
[2025-09-24T17:12:35.020+0000] {processor.py:161} INFO - Started process (PID=4119) to work on /home/airflow/.local/lib/python3.12/site-packages/airflow/example_dags/example_branch_labels.py
[2025-09-24T17:12:35.021+0000] {processor.py:830} INFO - Processing file /home/airflow/.local/lib/python3.12/site-packages/airflow/example_dags/example_branch_labels.py for tasks to queue
[2025-09-24T17:12:35.025+0000] {logging_mixin.py:188} INFO - [2025-09-24T17:12:35.024+0000] {dagbag.py:540} INFO - Filling up the DagBag from /home/airflow/.local/lib/python3.12/site-packages/airflow/example_dags/example_branch_labels.py
[2025-09-24T17:12:35.036+0000] {processor.py:840} INFO - DAG(s) 'example_branch_labels' retrieved from /home/airflow/.local/lib/python3.12/site-packages/airflow/example_dags/example_branch_labels.py
[2025-09-24T17:12:35.071+0000] {logging_mixin.py:188} INFO - [2025-09-24T17:12:35.070+0000] {dag.py:3096} INFO - Sync 1 DAGs
[2025-09-24T17:12:35.111+0000] {logging_mixin.py:188} INFO - [2025-09-24T17:12:35.110+0000] {dag.py:3954} INFO - Setting next_dagrun for example_branch_labels to 2025-09-23 00:00:00+00:00, run_after=2025-09-24 00:00:00+00:00
[2025-09-24T17:12:35.146+0000] {processor.py:183} INFO - Processing /home/airflow/.local/lib/python3.12/site-packages/airflow/example_dags/example_branch_labels.py took 0.135 seconds
[2025-09-24T17:13:05.457+0000] {processor.py:161} INFO - Started process (PID=4177) to work on /home/airflow/.local/lib/python3.12/site-packages/airflow/example_dags/example_branch_labels.py
[2025-09-24T17:13:05.459+0000] {processor.py:830} INFO - Processing file /home/airflow/.local/lib/python3.12/site-packages/airflow/example_dags/example_branch_labels.py for tasks to queue
[2025-09-24T17:13:05.462+0000] {logging_mixin.py:188} INFO - [2025-09-24T17:13:05.461+0000] {dagbag.py:540} INFO - Filling up the DagBag from /home/airflow/.local/lib/python3.12/site-packages/airflow/example_dags/example_branch_labels.py
[2025-09-24T17:13:05.473+0000] {processor.py:840} INFO - DAG(s) 'example_branch_labels' retrieved from /home/airflow/.local/lib/python3.12/site-packages/airflow/example_dags/example_branch_labels.py
[2025-09-24T17:13:05.505+0000] {logging_mixin.py:188} INFO - [2025-09-24T17:13:05.504+0000] {dag.py:3096} INFO - Sync 1 DAGs
[2025-09-24T17:13:05.538+0000] {logging_mixin.py:188} INFO - [2025-09-24T17:13:05.538+0000] {dag.py:3954} INFO - Setting next_dagrun for example_branch_labels to 2025-09-23 00:00:00+00:00, run_after=2025-09-24 00:00:00+00:00
[2025-09-24T17:13:05.569+0000] {processor.py:183} INFO - Processing /home/airflow/.local/lib/python3.12/site-packages/airflow/example_dags/example_branch_labels.py took 0.123 seconds
[2025-09-24T17:13:36.139+0000] {processor.py:161} INFO - Started process (PID=4235) to work on /home/airflow/.local/lib/python3.12/site-packages/airflow/example_dags/example_branch_labels.py
[2025-09-24T17:13:36.140+0000] {processor.py:830} INFO - Processing file /home/airflow/.local/lib/python3.12/site-packages/airflow/example_dags/example_branch_labels.py for tasks to queue
[2025-09-24T17:13:36.143+0000] {logging_mixin.py:188} INFO - [2025-09-24T17:13:36.143+0000] {dagbag.py:540} INFO - Filling up the DagBag from /home/airflow/.local/lib/python3.12/site-packages/airflow/example_dags/example_branch_labels.py
[2025-09-24T17:13:36.154+0000] {processor.py:840} INFO - DAG(s) 'example_branch_labels' retrieved from /home/airflow/.local/lib/python3.12/site-packages/airflow/example_dags/example_branch_labels.py
[2025-09-24T17:13:36.191+0000] {logging_mixin.py:188} INFO - [2025-09-24T17:13:36.191+0000] {dag.py:3096} INFO - Sync 1 DAGs
[2025-09-24T17:13:36.227+0000] {logging_mixin.py:188} INFO - [2025-09-24T17:13:36.227+0000] {dag.py:3954} INFO - Setting next_dagrun for example_branch_labels to 2025-09-23 00:00:00+00:00, run_after=2025-09-24 00:00:00+00:00
[2025-09-24T17:13:36.252+0000] {processor.py:183} INFO - Processing /home/airflow/.local/lib/python3.12/site-packages/airflow/example_dags/example_branch_labels.py took 0.122 seconds
[2025-09-24T17:14:06.937+0000] {processor.py:161} INFO - Started process (PID=4291) to work on /home/airflow/.local/lib/python3.12/site-packages/airflow/example_dags/example_branch_labels.py
[2025-09-24T17:14:06.938+0000] {processor.py:830} INFO - Processing file /home/airflow/.local/lib/python3.12/site-packages/airflow/example_dags/example_branch_labels.py for tasks to queue
[2025-09-24T17:14:06.941+0000] {logging_mixin.py:188} INFO - [2025-09-24T17:14:06.941+0000] {dagbag.py:540} INFO - Filling up the DagBag from /home/airflow/.local/lib/python3.12/site-packages/airflow/example_dags/example_branch_labels.py
[2025-09-24T17:14:06.952+0000] {processor.py:840} INFO - DAG(s) 'example_branch_labels' retrieved from /home/airflow/.local/lib/python3.12/site-packages/airflow/example_dags/example_branch_labels.py
[2025-09-24T17:14:06.984+0000] {logging_mixin.py:188} INFO - [2025-09-24T17:14:06.983+0000] {dag.py:3096} INFO - Sync 1 DAGs
[2025-09-24T17:14:07.015+0000] {logging_mixin.py:188} INFO - [2025-09-24T17:14:07.015+0000] {dag.py:3954} INFO - Setting next_dagrun for example_branch_labels to 2025-09-23 00:00:00+00:00, run_after=2025-09-24 00:00:00+00:00
[2025-09-24T17:14:07.038+0000] {processor.py:183} INFO - Processing /home/airflow/.local/lib/python3.12/site-packages/airflow/example_dags/example_branch_labels.py took 0.110 seconds
