[2025-09-24T16:37:13.633+0000] {processor.py:161} INFO - Started process (PID=70) to work on /home/airflow/.local/lib/python3.12/site-packages/airflow/example_dags/example_latest_only.py
[2025-09-24T16:37:13.634+0000] {processor.py:830} INFO - Processing file /home/airflow/.local/lib/python3.12/site-packages/airflow/example_dags/example_latest_only.py for tasks to queue
[2025-09-24T16:37:13.637+0000] {logging_mixin.py:188} INFO - [2025-09-24T16:37:13.636+0000] {dagbag.py:540} INFO - Filling up the DagBag from /home/airflow/.local/lib/python3.12/site-packages/airflow/example_dags/example_latest_only.py
[2025-09-24T16:37:13.648+0000] {processor.py:840} INFO - DAG(s) 'latest_only' retrieved from /home/airflow/.local/lib/python3.12/site-packages/airflow/example_dags/example_latest_only.py
[2025-09-24T16:37:13.811+0000] {logging_mixin.py:188} INFO - [2025-09-24T16:37:13.810+0000] {dag.py:3096} INFO - Sync 1 DAGs
[2025-09-24T16:37:13.837+0000] {logging_mixin.py:188} INFO - [2025-09-24T16:37:13.836+0000] {dag.py:3954} INFO - Setting next_dagrun for latest_only to 2025-09-24 12:00:00+00:00, run_after=2025-09-24 16:00:00+00:00
[2025-09-24T16:37:13.865+0000] {processor.py:183} INFO - Processing /home/airflow/.local/lib/python3.12/site-packages/airflow/example_dags/example_latest_only.py took 0.239 seconds
[2025-09-24T16:37:44.448+0000] {processor.py:161} INFO - Started process (PID=128) to work on /home/airflow/.local/lib/python3.12/site-packages/airflow/example_dags/example_latest_only.py
[2025-09-24T16:37:44.449+0000] {processor.py:830} INFO - Processing file /home/airflow/.local/lib/python3.12/site-packages/airflow/example_dags/example_latest_only.py for tasks to queue
[2025-09-24T16:37:44.452+0000] {logging_mixin.py:188} INFO - [2025-09-24T16:37:44.451+0000] {dagbag.py:540} INFO - Filling up the DagBag from /home/airflow/.local/lib/python3.12/site-packages/airflow/example_dags/example_latest_only.py
[2025-09-24T16:37:44.458+0000] {processor.py:840} INFO - DAG(s) 'latest_only' retrieved from /home/airflow/.local/lib/python3.12/site-packages/airflow/example_dags/example_latest_only.py
[2025-09-24T16:37:44.487+0000] {logging_mixin.py:188} INFO - [2025-09-24T16:37:44.487+0000] {dag.py:3096} INFO - Sync 1 DAGs
[2025-09-24T16:37:44.516+0000] {logging_mixin.py:188} INFO - [2025-09-24T16:37:44.516+0000] {dag.py:3954} INFO - Setting next_dagrun for latest_only to 2025-09-24 12:00:00+00:00, run_after=2025-09-24 16:00:00+00:00
[2025-09-24T16:37:44.538+0000] {processor.py:183} INFO - Processing /home/airflow/.local/lib/python3.12/site-packages/airflow/example_dags/example_latest_only.py took 0.097 seconds
[2025-09-24T16:38:14.753+0000] {processor.py:161} INFO - Started process (PID=186) to work on /home/airflow/.local/lib/python3.12/site-packages/airflow/example_dags/example_latest_only.py
[2025-09-24T16:38:14.754+0000] {processor.py:830} INFO - Processing file /home/airflow/.local/lib/python3.12/site-packages/airflow/example_dags/example_latest_only.py for tasks to queue
[2025-09-24T16:38:14.756+0000] {logging_mixin.py:188} INFO - [2025-09-24T16:38:14.756+0000] {dagbag.py:540} INFO - Filling up the DagBag from /home/airflow/.local/lib/python3.12/site-packages/airflow/example_dags/example_latest_only.py
[2025-09-24T16:38:14.762+0000] {processor.py:840} INFO - DAG(s) 'latest_only' retrieved from /home/airflow/.local/lib/python3.12/site-packages/airflow/example_dags/example_latest_only.py
[2025-09-24T16:38:14.786+0000] {logging_mixin.py:188} INFO - [2025-09-24T16:38:14.786+0000] {dag.py:3096} INFO - Sync 1 DAGs
[2025-09-24T16:38:14.811+0000] {logging_mixin.py:188} INFO - [2025-09-24T16:38:14.811+0000] {dag.py:3954} INFO - Setting next_dagrun for latest_only to 2025-09-24 12:00:00+00:00, run_after=2025-09-24 16:00:00+00:00
[2025-09-24T16:38:14.832+0000] {processor.py:183} INFO - Processing /home/airflow/.local/lib/python3.12/site-packages/airflow/example_dags/example_latest_only.py took 0.086 seconds
[2025-09-24T16:38:45.227+0000] {processor.py:161} INFO - Started process (PID=244) to work on /home/airflow/.local/lib/python3.12/site-packages/airflow/example_dags/example_latest_only.py
[2025-09-24T16:38:45.228+0000] {processor.py:830} INFO - Processing file /home/airflow/.local/lib/python3.12/site-packages/airflow/example_dags/example_latest_only.py for tasks to queue
[2025-09-24T16:38:45.230+0000] {logging_mixin.py:188} INFO - [2025-09-24T16:38:45.230+0000] {dagbag.py:540} INFO - Filling up the DagBag from /home/airflow/.local/lib/python3.12/site-packages/airflow/example_dags/example_latest_only.py
[2025-09-24T16:38:45.236+0000] {processor.py:840} INFO - DAG(s) 'latest_only' retrieved from /home/airflow/.local/lib/python3.12/site-packages/airflow/example_dags/example_latest_only.py
[2025-09-24T16:38:45.259+0000] {logging_mixin.py:188} INFO - [2025-09-24T16:38:45.259+0000] {dag.py:3096} INFO - Sync 1 DAGs
[2025-09-24T16:38:45.285+0000] {logging_mixin.py:188} INFO - [2025-09-24T16:38:45.285+0000] {dag.py:3954} INFO - Setting next_dagrun for latest_only to 2025-09-24 12:00:00+00:00, run_after=2025-09-24 16:00:00+00:00
[2025-09-24T16:38:45.306+0000] {processor.py:183} INFO - Processing /home/airflow/.local/lib/python3.12/site-packages/airflow/example_dags/example_latest_only.py took 0.086 seconds
[2025-09-24T16:39:15.458+0000] {processor.py:161} INFO - Started process (PID=302) to work on /home/airflow/.local/lib/python3.12/site-packages/airflow/example_dags/example_latest_only.py
[2025-09-24T16:39:15.459+0000] {processor.py:830} INFO - Processing file /home/airflow/.local/lib/python3.12/site-packages/airflow/example_dags/example_latest_only.py for tasks to queue
[2025-09-24T16:39:15.462+0000] {logging_mixin.py:188} INFO - [2025-09-24T16:39:15.461+0000] {dagbag.py:540} INFO - Filling up the DagBag from /home/airflow/.local/lib/python3.12/site-packages/airflow/example_dags/example_latest_only.py
[2025-09-24T16:39:15.468+0000] {processor.py:840} INFO - DAG(s) 'latest_only' retrieved from /home/airflow/.local/lib/python3.12/site-packages/airflow/example_dags/example_latest_only.py
[2025-09-24T16:39:15.491+0000] {logging_mixin.py:188} INFO - [2025-09-24T16:39:15.491+0000] {dag.py:3096} INFO - Sync 1 DAGs
[2025-09-24T16:39:15.516+0000] {logging_mixin.py:188} INFO - [2025-09-24T16:39:15.516+0000] {dag.py:3954} INFO - Setting next_dagrun for latest_only to 2025-09-24 12:00:00+00:00, run_after=2025-09-24 16:00:00+00:00
[2025-09-24T16:39:15.537+0000] {processor.py:183} INFO - Processing /home/airflow/.local/lib/python3.12/site-packages/airflow/example_dags/example_latest_only.py took 0.087 seconds
[2025-09-24T16:39:46.008+0000] {processor.py:161} INFO - Started process (PID=360) to work on /home/airflow/.local/lib/python3.12/site-packages/airflow/example_dags/example_latest_only.py
[2025-09-24T16:39:46.009+0000] {processor.py:830} INFO - Processing file /home/airflow/.local/lib/python3.12/site-packages/airflow/example_dags/example_latest_only.py for tasks to queue
[2025-09-24T16:39:46.011+0000] {logging_mixin.py:188} INFO - [2025-09-24T16:39:46.011+0000] {dagbag.py:540} INFO - Filling up the DagBag from /home/airflow/.local/lib/python3.12/site-packages/airflow/example_dags/example_latest_only.py
[2025-09-24T16:39:46.017+0000] {processor.py:840} INFO - DAG(s) 'latest_only' retrieved from /home/airflow/.local/lib/python3.12/site-packages/airflow/example_dags/example_latest_only.py
[2025-09-24T16:39:46.044+0000] {logging_mixin.py:188} INFO - [2025-09-24T16:39:46.044+0000] {dag.py:3096} INFO - Sync 1 DAGs
[2025-09-24T16:39:46.070+0000] {logging_mixin.py:188} INFO - [2025-09-24T16:39:46.070+0000] {dag.py:3954} INFO - Setting next_dagrun for latest_only to 2025-09-24 12:00:00+00:00, run_after=2025-09-24 16:00:00+00:00
[2025-09-24T16:39:46.091+0000] {processor.py:183} INFO - Processing /home/airflow/.local/lib/python3.12/site-packages/airflow/example_dags/example_latest_only.py took 0.091 seconds
[2025-09-24T16:40:16.590+0000] {processor.py:161} INFO - Started process (PID=418) to work on /home/airflow/.local/lib/python3.12/site-packages/airflow/example_dags/example_latest_only.py
[2025-09-24T16:40:16.592+0000] {processor.py:830} INFO - Processing file /home/airflow/.local/lib/python3.12/site-packages/airflow/example_dags/example_latest_only.py for tasks to queue
[2025-09-24T16:40:16.594+0000] {logging_mixin.py:188} INFO - [2025-09-24T16:40:16.594+0000] {dagbag.py:540} INFO - Filling up the DagBag from /home/airflow/.local/lib/python3.12/site-packages/airflow/example_dags/example_latest_only.py
[2025-09-24T16:40:16.600+0000] {processor.py:840} INFO - DAG(s) 'latest_only' retrieved from /home/airflow/.local/lib/python3.12/site-packages/airflow/example_dags/example_latest_only.py
[2025-09-24T16:40:16.624+0000] {logging_mixin.py:188} INFO - [2025-09-24T16:40:16.624+0000] {dag.py:3096} INFO - Sync 1 DAGs
[2025-09-24T16:40:16.650+0000] {logging_mixin.py:188} INFO - [2025-09-24T16:40:16.650+0000] {dag.py:3954} INFO - Setting next_dagrun for latest_only to 2025-09-24 12:00:00+00:00, run_after=2025-09-24 16:00:00+00:00
[2025-09-24T16:40:16.670+0000] {processor.py:183} INFO - Processing /home/airflow/.local/lib/python3.12/site-packages/airflow/example_dags/example_latest_only.py took 0.087 seconds
[2025-09-24T16:40:46.979+0000] {processor.py:161} INFO - Started process (PID=476) to work on /home/airflow/.local/lib/python3.12/site-packages/airflow/example_dags/example_latest_only.py
[2025-09-24T16:40:46.980+0000] {processor.py:830} INFO - Processing file /home/airflow/.local/lib/python3.12/site-packages/airflow/example_dags/example_latest_only.py for tasks to queue
[2025-09-24T16:40:46.983+0000] {logging_mixin.py:188} INFO - [2025-09-24T16:40:46.982+0000] {dagbag.py:540} INFO - Filling up the DagBag from /home/airflow/.local/lib/python3.12/site-packages/airflow/example_dags/example_latest_only.py
[2025-09-24T16:40:46.989+0000] {processor.py:840} INFO - DAG(s) 'latest_only' retrieved from /home/airflow/.local/lib/python3.12/site-packages/airflow/example_dags/example_latest_only.py
[2025-09-24T16:40:47.012+0000] {logging_mixin.py:188} INFO - [2025-09-24T16:40:47.012+0000] {dag.py:3096} INFO - Sync 1 DAGs
[2025-09-24T16:40:47.037+0000] {logging_mixin.py:188} INFO - [2025-09-24T16:40:47.037+0000] {dag.py:3954} INFO - Setting next_dagrun for latest_only to 2025-09-24 12:00:00+00:00, run_after=2025-09-24 16:00:00+00:00
[2025-09-24T16:40:47.058+0000] {processor.py:183} INFO - Processing /home/airflow/.local/lib/python3.12/site-packages/airflow/example_dags/example_latest_only.py took 0.086 seconds
[2025-09-24T16:41:17.325+0000] {processor.py:161} INFO - Started process (PID=534) to work on /home/airflow/.local/lib/python3.12/site-packages/airflow/example_dags/example_latest_only.py
[2025-09-24T16:41:17.326+0000] {processor.py:830} INFO - Processing file /home/airflow/.local/lib/python3.12/site-packages/airflow/example_dags/example_latest_only.py for tasks to queue
[2025-09-24T16:41:17.329+0000] {logging_mixin.py:188} INFO - [2025-09-24T16:41:17.328+0000] {dagbag.py:540} INFO - Filling up the DagBag from /home/airflow/.local/lib/python3.12/site-packages/airflow/example_dags/example_latest_only.py
[2025-09-24T16:41:17.335+0000] {processor.py:840} INFO - DAG(s) 'latest_only' retrieved from /home/airflow/.local/lib/python3.12/site-packages/airflow/example_dags/example_latest_only.py
[2025-09-24T16:41:17.359+0000] {logging_mixin.py:188} INFO - [2025-09-24T16:41:17.359+0000] {dag.py:3096} INFO - Sync 1 DAGs
[2025-09-24T16:41:17.386+0000] {logging_mixin.py:188} INFO - [2025-09-24T16:41:17.385+0000] {dag.py:3954} INFO - Setting next_dagrun for latest_only to 2025-09-24 12:00:00+00:00, run_after=2025-09-24 16:00:00+00:00
[2025-09-24T16:41:17.407+0000] {processor.py:183} INFO - Processing /home/airflow/.local/lib/python3.12/site-packages/airflow/example_dags/example_latest_only.py took 0.090 seconds
[2025-09-24T16:41:47.817+0000] {processor.py:161} INFO - Started process (PID=598) to work on /home/airflow/.local/lib/python3.12/site-packages/airflow/example_dags/example_latest_only.py
[2025-09-24T16:41:47.818+0000] {processor.py:830} INFO - Processing file /home/airflow/.local/lib/python3.12/site-packages/airflow/example_dags/example_latest_only.py for tasks to queue
[2025-09-24T16:41:47.820+0000] {logging_mixin.py:188} INFO - [2025-09-24T16:41:47.820+0000] {dagbag.py:540} INFO - Filling up the DagBag from /home/airflow/.local/lib/python3.12/site-packages/airflow/example_dags/example_latest_only.py
[2025-09-24T16:41:47.827+0000] {processor.py:840} INFO - DAG(s) 'latest_only' retrieved from /home/airflow/.local/lib/python3.12/site-packages/airflow/example_dags/example_latest_only.py
[2025-09-24T16:41:47.855+0000] {logging_mixin.py:188} INFO - [2025-09-24T16:41:47.855+0000] {dag.py:3096} INFO - Sync 1 DAGs
[2025-09-24T16:41:47.882+0000] {logging_mixin.py:188} INFO - [2025-09-24T16:41:47.881+0000] {dag.py:3954} INFO - Setting next_dagrun for latest_only to 2025-09-24 12:00:00+00:00, run_after=2025-09-24 16:00:00+00:00
[2025-09-24T16:41:47.903+0000] {processor.py:183} INFO - Processing /home/airflow/.local/lib/python3.12/site-packages/airflow/example_dags/example_latest_only.py took 0.094 seconds
[2025-09-24T16:42:18.125+0000] {processor.py:161} INFO - Started process (PID=656) to work on /home/airflow/.local/lib/python3.12/site-packages/airflow/example_dags/example_latest_only.py
[2025-09-24T16:42:18.126+0000] {processor.py:830} INFO - Processing file /home/airflow/.local/lib/python3.12/site-packages/airflow/example_dags/example_latest_only.py for tasks to queue
[2025-09-24T16:42:18.128+0000] {logging_mixin.py:188} INFO - [2025-09-24T16:42:18.128+0000] {dagbag.py:540} INFO - Filling up the DagBag from /home/airflow/.local/lib/python3.12/site-packages/airflow/example_dags/example_latest_only.py
[2025-09-24T16:42:18.134+0000] {processor.py:840} INFO - DAG(s) 'latest_only' retrieved from /home/airflow/.local/lib/python3.12/site-packages/airflow/example_dags/example_latest_only.py
[2025-09-24T16:42:18.158+0000] {logging_mixin.py:188} INFO - [2025-09-24T16:42:18.158+0000] {dag.py:3096} INFO - Sync 1 DAGs
[2025-09-24T16:42:18.183+0000] {logging_mixin.py:188} INFO - [2025-09-24T16:42:18.183+0000] {dag.py:3954} INFO - Setting next_dagrun for latest_only to 2025-09-24 12:00:00+00:00, run_after=2025-09-24 16:00:00+00:00
[2025-09-24T16:42:18.204+0000] {processor.py:183} INFO - Processing /home/airflow/.local/lib/python3.12/site-packages/airflow/example_dags/example_latest_only.py took 0.086 seconds
[2025-09-24T16:42:48.538+0000] {processor.py:161} INFO - Started process (PID=714) to work on /home/airflow/.local/lib/python3.12/site-packages/airflow/example_dags/example_latest_only.py
[2025-09-24T16:42:48.540+0000] {processor.py:830} INFO - Processing file /home/airflow/.local/lib/python3.12/site-packages/airflow/example_dags/example_latest_only.py for tasks to queue
[2025-09-24T16:42:48.542+0000] {logging_mixin.py:188} INFO - [2025-09-24T16:42:48.542+0000] {dagbag.py:540} INFO - Filling up the DagBag from /home/airflow/.local/lib/python3.12/site-packages/airflow/example_dags/example_latest_only.py
[2025-09-24T16:42:48.550+0000] {processor.py:840} INFO - DAG(s) 'latest_only' retrieved from /home/airflow/.local/lib/python3.12/site-packages/airflow/example_dags/example_latest_only.py
[2025-09-24T16:42:48.581+0000] {logging_mixin.py:188} INFO - [2025-09-24T16:42:48.581+0000] {dag.py:3096} INFO - Sync 1 DAGs
[2025-09-24T16:42:48.614+0000] {logging_mixin.py:188} INFO - [2025-09-24T16:42:48.614+0000] {dag.py:3954} INFO - Setting next_dagrun for latest_only to 2025-09-24 12:00:00+00:00, run_after=2025-09-24 16:00:00+00:00
[2025-09-24T16:42:48.642+0000] {processor.py:183} INFO - Processing /home/airflow/.local/lib/python3.12/site-packages/airflow/example_dags/example_latest_only.py took 0.112 seconds
[2025-09-24T16:43:18.876+0000] {processor.py:161} INFO - Started process (PID=771) to work on /home/airflow/.local/lib/python3.12/site-packages/airflow/example_dags/example_latest_only.py
[2025-09-24T16:43:18.878+0000] {processor.py:830} INFO - Processing file /home/airflow/.local/lib/python3.12/site-packages/airflow/example_dags/example_latest_only.py for tasks to queue
[2025-09-24T16:43:18.880+0000] {logging_mixin.py:188} INFO - [2025-09-24T16:43:18.880+0000] {dagbag.py:540} INFO - Filling up the DagBag from /home/airflow/.local/lib/python3.12/site-packages/airflow/example_dags/example_latest_only.py
[2025-09-24T16:43:18.887+0000] {processor.py:840} INFO - DAG(s) 'latest_only' retrieved from /home/airflow/.local/lib/python3.12/site-packages/airflow/example_dags/example_latest_only.py
[2025-09-24T16:43:18.910+0000] {logging_mixin.py:188} INFO - [2025-09-24T16:43:18.910+0000] {dag.py:3096} INFO - Sync 1 DAGs
[2025-09-24T16:43:18.936+0000] {logging_mixin.py:188} INFO - [2025-09-24T16:43:18.936+0000] {dag.py:3954} INFO - Setting next_dagrun for latest_only to 2025-09-24 12:00:00+00:00, run_after=2025-09-24 16:00:00+00:00
[2025-09-24T16:43:18.958+0000] {processor.py:183} INFO - Processing /home/airflow/.local/lib/python3.12/site-packages/airflow/example_dags/example_latest_only.py took 0.090 seconds
[2025-09-24T16:43:49.096+0000] {processor.py:161} INFO - Started process (PID=829) to work on /home/airflow/.local/lib/python3.12/site-packages/airflow/example_dags/example_latest_only.py
[2025-09-24T16:43:49.097+0000] {processor.py:830} INFO - Processing file /home/airflow/.local/lib/python3.12/site-packages/airflow/example_dags/example_latest_only.py for tasks to queue
[2025-09-24T16:43:49.100+0000] {logging_mixin.py:188} INFO - [2025-09-24T16:43:49.100+0000] {dagbag.py:540} INFO - Filling up the DagBag from /home/airflow/.local/lib/python3.12/site-packages/airflow/example_dags/example_latest_only.py
[2025-09-24T16:43:49.108+0000] {processor.py:840} INFO - DAG(s) 'latest_only' retrieved from /home/airflow/.local/lib/python3.12/site-packages/airflow/example_dags/example_latest_only.py
[2025-09-24T16:43:49.141+0000] {logging_mixin.py:188} INFO - [2025-09-24T16:43:49.141+0000] {dag.py:3096} INFO - Sync 1 DAGs
[2025-09-24T16:43:49.174+0000] {logging_mixin.py:188} INFO - [2025-09-24T16:43:49.174+0000] {dag.py:3954} INFO - Setting next_dagrun for latest_only to 2025-09-24 12:00:00+00:00, run_after=2025-09-24 16:00:00+00:00
[2025-09-24T16:43:49.201+0000] {processor.py:183} INFO - Processing /home/airflow/.local/lib/python3.12/site-packages/airflow/example_dags/example_latest_only.py took 0.113 seconds
[2025-09-24T16:44:19.498+0000] {processor.py:161} INFO - Started process (PID=887) to work on /home/airflow/.local/lib/python3.12/site-packages/airflow/example_dags/example_latest_only.py
[2025-09-24T16:44:19.499+0000] {processor.py:830} INFO - Processing file /home/airflow/.local/lib/python3.12/site-packages/airflow/example_dags/example_latest_only.py for tasks to queue
[2025-09-24T16:44:19.501+0000] {logging_mixin.py:188} INFO - [2025-09-24T16:44:19.501+0000] {dagbag.py:540} INFO - Filling up the DagBag from /home/airflow/.local/lib/python3.12/site-packages/airflow/example_dags/example_latest_only.py
[2025-09-24T16:44:19.508+0000] {processor.py:840} INFO - DAG(s) 'latest_only' retrieved from /home/airflow/.local/lib/python3.12/site-packages/airflow/example_dags/example_latest_only.py
[2025-09-24T16:44:19.533+0000] {logging_mixin.py:188} INFO - [2025-09-24T16:44:19.532+0000] {dag.py:3096} INFO - Sync 1 DAGs
[2025-09-24T16:44:19.559+0000] {logging_mixin.py:188} INFO - [2025-09-24T16:44:19.559+0000] {dag.py:3954} INFO - Setting next_dagrun for latest_only to 2025-09-24 12:00:00+00:00, run_after=2025-09-24 16:00:00+00:00
[2025-09-24T16:44:19.581+0000] {processor.py:183} INFO - Processing /home/airflow/.local/lib/python3.12/site-packages/airflow/example_dags/example_latest_only.py took 0.092 seconds
[2025-09-24T16:44:50.019+0000] {processor.py:161} INFO - Started process (PID=945) to work on /home/airflow/.local/lib/python3.12/site-packages/airflow/example_dags/example_latest_only.py
[2025-09-24T16:44:50.020+0000] {processor.py:830} INFO - Processing file /home/airflow/.local/lib/python3.12/site-packages/airflow/example_dags/example_latest_only.py for tasks to queue
[2025-09-24T16:44:50.022+0000] {logging_mixin.py:188} INFO - [2025-09-24T16:44:50.022+0000] {dagbag.py:540} INFO - Filling up the DagBag from /home/airflow/.local/lib/python3.12/site-packages/airflow/example_dags/example_latest_only.py
[2025-09-24T16:44:50.029+0000] {processor.py:840} INFO - DAG(s) 'latest_only' retrieved from /home/airflow/.local/lib/python3.12/site-packages/airflow/example_dags/example_latest_only.py
[2025-09-24T16:44:50.053+0000] {logging_mixin.py:188} INFO - [2025-09-24T16:44:50.053+0000] {dag.py:3096} INFO - Sync 1 DAGs
[2025-09-24T16:44:50.080+0000] {logging_mixin.py:188} INFO - [2025-09-24T16:44:50.079+0000] {dag.py:3954} INFO - Setting next_dagrun for latest_only to 2025-09-24 12:00:00+00:00, run_after=2025-09-24 16:00:00+00:00
[2025-09-24T16:44:50.101+0000] {processor.py:183} INFO - Processing /home/airflow/.local/lib/python3.12/site-packages/airflow/example_dags/example_latest_only.py took 0.090 seconds
[2025-09-24T16:45:20.459+0000] {processor.py:161} INFO - Started process (PID=1003) to work on /home/airflow/.local/lib/python3.12/site-packages/airflow/example_dags/example_latest_only.py
[2025-09-24T16:45:20.461+0000] {processor.py:830} INFO - Processing file /home/airflow/.local/lib/python3.12/site-packages/airflow/example_dags/example_latest_only.py for tasks to queue
[2025-09-24T16:45:20.463+0000] {logging_mixin.py:188} INFO - [2025-09-24T16:45:20.463+0000] {dagbag.py:540} INFO - Filling up the DagBag from /home/airflow/.local/lib/python3.12/site-packages/airflow/example_dags/example_latest_only.py
[2025-09-24T16:45:20.470+0000] {processor.py:840} INFO - DAG(s) 'latest_only' retrieved from /home/airflow/.local/lib/python3.12/site-packages/airflow/example_dags/example_latest_only.py
[2025-09-24T16:45:20.497+0000] {logging_mixin.py:188} INFO - [2025-09-24T16:45:20.497+0000] {dag.py:3096} INFO - Sync 1 DAGs
[2025-09-24T16:45:20.523+0000] {logging_mixin.py:188} INFO - [2025-09-24T16:45:20.523+0000] {dag.py:3954} INFO - Setting next_dagrun for latest_only to 2025-09-24 12:00:00+00:00, run_after=2025-09-24 16:00:00+00:00
[2025-09-24T16:45:20.545+0000] {processor.py:183} INFO - Processing /home/airflow/.local/lib/python3.12/site-packages/airflow/example_dags/example_latest_only.py took 0.096 seconds
[2025-09-24T16:45:50.860+0000] {processor.py:161} INFO - Started process (PID=1061) to work on /home/airflow/.local/lib/python3.12/site-packages/airflow/example_dags/example_latest_only.py
[2025-09-24T16:45:50.861+0000] {processor.py:830} INFO - Processing file /home/airflow/.local/lib/python3.12/site-packages/airflow/example_dags/example_latest_only.py for tasks to queue
[2025-09-24T16:45:50.891+0000] {logging_mixin.py:188} INFO - [2025-09-24T16:45:50.891+0000] {dagbag.py:540} INFO - Filling up the DagBag from /home/airflow/.local/lib/python3.12/site-packages/airflow/example_dags/example_latest_only.py
[2025-09-24T16:45:50.898+0000] {processor.py:840} INFO - DAG(s) 'latest_only' retrieved from /home/airflow/.local/lib/python3.12/site-packages/airflow/example_dags/example_latest_only.py
[2025-09-24T16:45:50.928+0000] {logging_mixin.py:188} INFO - [2025-09-24T16:45:50.928+0000] {dag.py:3096} INFO - Sync 1 DAGs
[2025-09-24T16:45:50.963+0000] {logging_mixin.py:188} INFO - [2025-09-24T16:45:50.963+0000] {dag.py:3954} INFO - Setting next_dagrun for latest_only to 2025-09-24 12:00:00+00:00, run_after=2025-09-24 16:00:00+00:00
[2025-09-24T16:45:51.157+0000] {processor.py:183} INFO - Processing /home/airflow/.local/lib/python3.12/site-packages/airflow/example_dags/example_latest_only.py took 0.304 seconds
[2025-09-24T16:46:21.242+0000] {processor.py:161} INFO - Started process (PID=1119) to work on /home/airflow/.local/lib/python3.12/site-packages/airflow/example_dags/example_latest_only.py
[2025-09-24T16:46:21.243+0000] {processor.py:830} INFO - Processing file /home/airflow/.local/lib/python3.12/site-packages/airflow/example_dags/example_latest_only.py for tasks to queue
[2025-09-24T16:46:21.246+0000] {logging_mixin.py:188} INFO - [2025-09-24T16:46:21.245+0000] {dagbag.py:540} INFO - Filling up the DagBag from /home/airflow/.local/lib/python3.12/site-packages/airflow/example_dags/example_latest_only.py
[2025-09-24T16:46:21.252+0000] {processor.py:840} INFO - DAG(s) 'latest_only' retrieved from /home/airflow/.local/lib/python3.12/site-packages/airflow/example_dags/example_latest_only.py
[2025-09-24T16:46:21.277+0000] {logging_mixin.py:188} INFO - [2025-09-24T16:46:21.277+0000] {dag.py:3096} INFO - Sync 1 DAGs
[2025-09-24T16:46:21.305+0000] {logging_mixin.py:188} INFO - [2025-09-24T16:46:21.305+0000] {dag.py:3954} INFO - Setting next_dagrun for latest_only to 2025-09-24 12:00:00+00:00, run_after=2025-09-24 16:00:00+00:00
[2025-09-24T16:46:21.327+0000] {processor.py:183} INFO - Processing /home/airflow/.local/lib/python3.12/site-packages/airflow/example_dags/example_latest_only.py took 0.092 seconds
[2025-09-24T16:46:51.419+0000] {processor.py:161} INFO - Started process (PID=1177) to work on /home/airflow/.local/lib/python3.12/site-packages/airflow/example_dags/example_latest_only.py
[2025-09-24T16:46:51.420+0000] {processor.py:830} INFO - Processing file /home/airflow/.local/lib/python3.12/site-packages/airflow/example_dags/example_latest_only.py for tasks to queue
[2025-09-24T16:46:51.423+0000] {logging_mixin.py:188} INFO - [2025-09-24T16:46:51.422+0000] {dagbag.py:540} INFO - Filling up the DagBag from /home/airflow/.local/lib/python3.12/site-packages/airflow/example_dags/example_latest_only.py
[2025-09-24T16:46:51.429+0000] {processor.py:840} INFO - DAG(s) 'latest_only' retrieved from /home/airflow/.local/lib/python3.12/site-packages/airflow/example_dags/example_latest_only.py
[2025-09-24T16:46:51.454+0000] {logging_mixin.py:188} INFO - [2025-09-24T16:46:51.454+0000] {dag.py:3096} INFO - Sync 1 DAGs
[2025-09-24T16:46:51.481+0000] {logging_mixin.py:188} INFO - [2025-09-24T16:46:51.481+0000] {dag.py:3954} INFO - Setting next_dagrun for latest_only to 2025-09-24 12:00:00+00:00, run_after=2025-09-24 16:00:00+00:00
[2025-09-24T16:46:51.503+0000] {processor.py:183} INFO - Processing /home/airflow/.local/lib/python3.12/site-packages/airflow/example_dags/example_latest_only.py took 0.092 seconds
[2025-09-24T16:47:22.018+0000] {processor.py:161} INFO - Started process (PID=1235) to work on /home/airflow/.local/lib/python3.12/site-packages/airflow/example_dags/example_latest_only.py
[2025-09-24T16:47:22.020+0000] {processor.py:830} INFO - Processing file /home/airflow/.local/lib/python3.12/site-packages/airflow/example_dags/example_latest_only.py for tasks to queue
[2025-09-24T16:47:22.022+0000] {logging_mixin.py:188} INFO - [2025-09-24T16:47:22.022+0000] {dagbag.py:540} INFO - Filling up the DagBag from /home/airflow/.local/lib/python3.12/site-packages/airflow/example_dags/example_latest_only.py
[2025-09-24T16:47:22.029+0000] {processor.py:840} INFO - DAG(s) 'latest_only' retrieved from /home/airflow/.local/lib/python3.12/site-packages/airflow/example_dags/example_latest_only.py
[2025-09-24T16:47:22.058+0000] {logging_mixin.py:188} INFO - [2025-09-24T16:47:22.058+0000] {dag.py:3096} INFO - Sync 1 DAGs
[2025-09-24T16:47:22.241+0000] {logging_mixin.py:188} INFO - [2025-09-24T16:47:22.241+0000] {dag.py:3954} INFO - Setting next_dagrun for latest_only to 2025-09-24 12:00:00+00:00, run_after=2025-09-24 16:00:00+00:00
[2025-09-24T16:47:22.265+0000] {processor.py:183} INFO - Processing /home/airflow/.local/lib/python3.12/site-packages/airflow/example_dags/example_latest_only.py took 0.256 seconds
[2025-09-24T16:47:52.481+0000] {processor.py:161} INFO - Started process (PID=1293) to work on /home/airflow/.local/lib/python3.12/site-packages/airflow/example_dags/example_latest_only.py
[2025-09-24T16:47:52.482+0000] {processor.py:830} INFO - Processing file /home/airflow/.local/lib/python3.12/site-packages/airflow/example_dags/example_latest_only.py for tasks to queue
[2025-09-24T16:47:52.484+0000] {logging_mixin.py:188} INFO - [2025-09-24T16:47:52.484+0000] {dagbag.py:540} INFO - Filling up the DagBag from /home/airflow/.local/lib/python3.12/site-packages/airflow/example_dags/example_latest_only.py
[2025-09-24T16:47:52.491+0000] {processor.py:840} INFO - DAG(s) 'latest_only' retrieved from /home/airflow/.local/lib/python3.12/site-packages/airflow/example_dags/example_latest_only.py
[2025-09-24T16:47:52.519+0000] {logging_mixin.py:188} INFO - [2025-09-24T16:47:52.519+0000] {dag.py:3096} INFO - Sync 1 DAGs
[2025-09-24T16:47:52.552+0000] {logging_mixin.py:188} INFO - [2025-09-24T16:47:52.551+0000] {dag.py:3954} INFO - Setting next_dagrun for latest_only to 2025-09-24 12:00:00+00:00, run_after=2025-09-24 16:00:00+00:00
[2025-09-24T16:47:52.732+0000] {processor.py:183} INFO - Processing /home/airflow/.local/lib/python3.12/site-packages/airflow/example_dags/example_latest_only.py took 0.260 seconds
[2025-09-24T16:48:22.765+0000] {processor.py:161} INFO - Started process (PID=1351) to work on /home/airflow/.local/lib/python3.12/site-packages/airflow/example_dags/example_latest_only.py
[2025-09-24T16:48:22.767+0000] {processor.py:830} INFO - Processing file /home/airflow/.local/lib/python3.12/site-packages/airflow/example_dags/example_latest_only.py for tasks to queue
[2025-09-24T16:48:22.769+0000] {logging_mixin.py:188} INFO - [2025-09-24T16:48:22.769+0000] {dagbag.py:540} INFO - Filling up the DagBag from /home/airflow/.local/lib/python3.12/site-packages/airflow/example_dags/example_latest_only.py
[2025-09-24T16:48:22.776+0000] {processor.py:840} INFO - DAG(s) 'latest_only' retrieved from /home/airflow/.local/lib/python3.12/site-packages/airflow/example_dags/example_latest_only.py
[2025-09-24T16:48:22.801+0000] {logging_mixin.py:188} INFO - [2025-09-24T16:48:22.801+0000] {dag.py:3096} INFO - Sync 1 DAGs
[2025-09-24T16:48:22.829+0000] {logging_mixin.py:188} INFO - [2025-09-24T16:48:22.829+0000] {dag.py:3954} INFO - Setting next_dagrun for latest_only to 2025-09-24 12:00:00+00:00, run_after=2025-09-24 16:00:00+00:00
[2025-09-24T16:48:22.853+0000] {processor.py:183} INFO - Processing /home/airflow/.local/lib/python3.12/site-packages/airflow/example_dags/example_latest_only.py took 0.095 seconds
[2025-09-24T16:48:53.276+0000] {processor.py:161} INFO - Started process (PID=1409) to work on /home/airflow/.local/lib/python3.12/site-packages/airflow/example_dags/example_latest_only.py
[2025-09-24T16:48:53.277+0000] {processor.py:830} INFO - Processing file /home/airflow/.local/lib/python3.12/site-packages/airflow/example_dags/example_latest_only.py for tasks to queue
[2025-09-24T16:48:53.280+0000] {logging_mixin.py:188} INFO - [2025-09-24T16:48:53.279+0000] {dagbag.py:540} INFO - Filling up the DagBag from /home/airflow/.local/lib/python3.12/site-packages/airflow/example_dags/example_latest_only.py
[2025-09-24T16:48:53.286+0000] {processor.py:840} INFO - DAG(s) 'latest_only' retrieved from /home/airflow/.local/lib/python3.12/site-packages/airflow/example_dags/example_latest_only.py
[2025-09-24T16:48:53.311+0000] {logging_mixin.py:188} INFO - [2025-09-24T16:48:53.311+0000] {dag.py:3096} INFO - Sync 1 DAGs
[2025-09-24T16:48:53.338+0000] {logging_mixin.py:188} INFO - [2025-09-24T16:48:53.338+0000] {dag.py:3954} INFO - Setting next_dagrun for latest_only to 2025-09-24 12:00:00+00:00, run_after=2025-09-24 16:00:00+00:00
[2025-09-24T16:48:53.360+0000] {processor.py:183} INFO - Processing /home/airflow/.local/lib/python3.12/site-packages/airflow/example_dags/example_latest_only.py took 0.091 seconds
[2025-09-24T16:49:23.551+0000] {processor.py:161} INFO - Started process (PID=1467) to work on /home/airflow/.local/lib/python3.12/site-packages/airflow/example_dags/example_latest_only.py
[2025-09-24T16:49:23.552+0000] {processor.py:830} INFO - Processing file /home/airflow/.local/lib/python3.12/site-packages/airflow/example_dags/example_latest_only.py for tasks to queue
[2025-09-24T16:49:23.555+0000] {logging_mixin.py:188} INFO - [2025-09-24T16:49:23.554+0000] {dagbag.py:540} INFO - Filling up the DagBag from /home/airflow/.local/lib/python3.12/site-packages/airflow/example_dags/example_latest_only.py
[2025-09-24T16:49:23.561+0000] {processor.py:840} INFO - DAG(s) 'latest_only' retrieved from /home/airflow/.local/lib/python3.12/site-packages/airflow/example_dags/example_latest_only.py
[2025-09-24T16:49:23.586+0000] {logging_mixin.py:188} INFO - [2025-09-24T16:49:23.586+0000] {dag.py:3096} INFO - Sync 1 DAGs
[2025-09-24T16:49:23.613+0000] {logging_mixin.py:188} INFO - [2025-09-24T16:49:23.613+0000] {dag.py:3954} INFO - Setting next_dagrun for latest_only to 2025-09-24 12:00:00+00:00, run_after=2025-09-24 16:00:00+00:00
[2025-09-24T16:49:23.634+0000] {processor.py:183} INFO - Processing /home/airflow/.local/lib/python3.12/site-packages/airflow/example_dags/example_latest_only.py took 0.091 seconds
[2025-09-24T16:49:54.944+0000] {processor.py:161} INFO - Started process (PID=1526) to work on /home/airflow/.local/lib/python3.12/site-packages/airflow/example_dags/example_latest_only.py
[2025-09-24T16:49:54.945+0000] {processor.py:830} INFO - Processing file /home/airflow/.local/lib/python3.12/site-packages/airflow/example_dags/example_latest_only.py for tasks to queue
[2025-09-24T16:49:54.948+0000] {logging_mixin.py:188} INFO - [2025-09-24T16:49:54.947+0000] {dagbag.py:540} INFO - Filling up the DagBag from /home/airflow/.local/lib/python3.12/site-packages/airflow/example_dags/example_latest_only.py
[2025-09-24T16:49:54.955+0000] {processor.py:840} INFO - DAG(s) 'latest_only' retrieved from /home/airflow/.local/lib/python3.12/site-packages/airflow/example_dags/example_latest_only.py
[2025-09-24T16:49:54.984+0000] {logging_mixin.py:188} INFO - [2025-09-24T16:49:54.983+0000] {dag.py:3096} INFO - Sync 1 DAGs
[2025-09-24T16:49:55.015+0000] {logging_mixin.py:188} INFO - [2025-09-24T16:49:55.015+0000] {dag.py:3954} INFO - Setting next_dagrun for latest_only to 2025-09-24 12:00:00+00:00, run_after=2025-09-24 16:00:00+00:00
[2025-09-24T16:49:55.038+0000] {processor.py:183} INFO - Processing /home/airflow/.local/lib/python3.12/site-packages/airflow/example_dags/example_latest_only.py took 0.103 seconds
[2025-09-24T16:50:25.401+0000] {processor.py:161} INFO - Started process (PID=1584) to work on /home/airflow/.local/lib/python3.12/site-packages/airflow/example_dags/example_latest_only.py
[2025-09-24T16:50:25.402+0000] {processor.py:830} INFO - Processing file /home/airflow/.local/lib/python3.12/site-packages/airflow/example_dags/example_latest_only.py for tasks to queue
[2025-09-24T16:50:25.405+0000] {logging_mixin.py:188} INFO - [2025-09-24T16:50:25.404+0000] {dagbag.py:540} INFO - Filling up the DagBag from /home/airflow/.local/lib/python3.12/site-packages/airflow/example_dags/example_latest_only.py
[2025-09-24T16:50:25.412+0000] {processor.py:840} INFO - DAG(s) 'latest_only' retrieved from /home/airflow/.local/lib/python3.12/site-packages/airflow/example_dags/example_latest_only.py
[2025-09-24T16:50:25.442+0000] {logging_mixin.py:188} INFO - [2025-09-24T16:50:25.441+0000] {dag.py:3096} INFO - Sync 1 DAGs
[2025-09-24T16:50:25.474+0000] {logging_mixin.py:188} INFO - [2025-09-24T16:50:25.474+0000] {dag.py:3954} INFO - Setting next_dagrun for latest_only to 2025-09-24 12:00:00+00:00, run_after=2025-09-24 16:00:00+00:00
[2025-09-24T16:50:25.501+0000] {processor.py:183} INFO - Processing /home/airflow/.local/lib/python3.12/site-packages/airflow/example_dags/example_latest_only.py took 0.109 seconds
[2025-09-24T16:50:55.753+0000] {processor.py:161} INFO - Started process (PID=1642) to work on /home/airflow/.local/lib/python3.12/site-packages/airflow/example_dags/example_latest_only.py
[2025-09-24T16:50:55.754+0000] {processor.py:830} INFO - Processing file /home/airflow/.local/lib/python3.12/site-packages/airflow/example_dags/example_latest_only.py for tasks to queue
[2025-09-24T16:50:55.757+0000] {logging_mixin.py:188} INFO - [2025-09-24T16:50:55.757+0000] {dagbag.py:540} INFO - Filling up the DagBag from /home/airflow/.local/lib/python3.12/site-packages/airflow/example_dags/example_latest_only.py
[2025-09-24T16:50:55.764+0000] {processor.py:840} INFO - DAG(s) 'latest_only' retrieved from /home/airflow/.local/lib/python3.12/site-packages/airflow/example_dags/example_latest_only.py
[2025-09-24T16:50:55.794+0000] {logging_mixin.py:188} INFO - [2025-09-24T16:50:55.793+0000] {dag.py:3096} INFO - Sync 1 DAGs
[2025-09-24T16:50:55.827+0000] {logging_mixin.py:188} INFO - [2025-09-24T16:50:55.827+0000] {dag.py:3954} INFO - Setting next_dagrun for latest_only to 2025-09-24 12:00:00+00:00, run_after=2025-09-24 16:00:00+00:00
[2025-09-24T16:50:55.855+0000] {processor.py:183} INFO - Processing /home/airflow/.local/lib/python3.12/site-packages/airflow/example_dags/example_latest_only.py took 0.110 seconds
[2025-09-24T16:51:26.275+0000] {processor.py:161} INFO - Started process (PID=1700) to work on /home/airflow/.local/lib/python3.12/site-packages/airflow/example_dags/example_latest_only.py
[2025-09-24T16:51:26.276+0000] {processor.py:830} INFO - Processing file /home/airflow/.local/lib/python3.12/site-packages/airflow/example_dags/example_latest_only.py for tasks to queue
[2025-09-24T16:51:26.282+0000] {logging_mixin.py:188} INFO - [2025-09-24T16:51:26.281+0000] {dagbag.py:540} INFO - Filling up the DagBag from /home/airflow/.local/lib/python3.12/site-packages/airflow/example_dags/example_latest_only.py
[2025-09-24T16:51:26.290+0000] {processor.py:840} INFO - DAG(s) 'latest_only' retrieved from /home/airflow/.local/lib/python3.12/site-packages/airflow/example_dags/example_latest_only.py
[2025-09-24T16:51:26.316+0000] {logging_mixin.py:188} INFO - [2025-09-24T16:51:26.315+0000] {dag.py:3096} INFO - Sync 1 DAGs
[2025-09-24T16:51:26.343+0000] {logging_mixin.py:188} INFO - [2025-09-24T16:51:26.343+0000] {dag.py:3954} INFO - Setting next_dagrun for latest_only to 2025-09-24 12:00:00+00:00, run_after=2025-09-24 16:00:00+00:00
[2025-09-24T16:51:26.367+0000] {processor.py:183} INFO - Processing /home/airflow/.local/lib/python3.12/site-packages/airflow/example_dags/example_latest_only.py took 0.106 seconds
[2025-09-24T16:51:56.741+0000] {processor.py:161} INFO - Started process (PID=1758) to work on /home/airflow/.local/lib/python3.12/site-packages/airflow/example_dags/example_latest_only.py
[2025-09-24T16:51:56.742+0000] {processor.py:830} INFO - Processing file /home/airflow/.local/lib/python3.12/site-packages/airflow/example_dags/example_latest_only.py for tasks to queue
[2025-09-24T16:51:56.745+0000] {logging_mixin.py:188} INFO - [2025-09-24T16:51:56.744+0000] {dagbag.py:540} INFO - Filling up the DagBag from /home/airflow/.local/lib/python3.12/site-packages/airflow/example_dags/example_latest_only.py
[2025-09-24T16:51:56.752+0000] {processor.py:840} INFO - DAG(s) 'latest_only' retrieved from /home/airflow/.local/lib/python3.12/site-packages/airflow/example_dags/example_latest_only.py
[2025-09-24T16:51:56.784+0000] {logging_mixin.py:188} INFO - [2025-09-24T16:51:56.783+0000] {dag.py:3096} INFO - Sync 1 DAGs
[2025-09-24T16:51:56.816+0000] {logging_mixin.py:188} INFO - [2025-09-24T16:51:56.815+0000] {dag.py:3954} INFO - Setting next_dagrun for latest_only to 2025-09-24 12:00:00+00:00, run_after=2025-09-24 16:00:00+00:00
[2025-09-24T16:51:56.844+0000] {processor.py:183} INFO - Processing /home/airflow/.local/lib/python3.12/site-packages/airflow/example_dags/example_latest_only.py took 0.112 seconds
[2025-09-24T16:52:27.190+0000] {processor.py:161} INFO - Started process (PID=1816) to work on /home/airflow/.local/lib/python3.12/site-packages/airflow/example_dags/example_latest_only.py
[2025-09-24T16:52:27.192+0000] {processor.py:830} INFO - Processing file /home/airflow/.local/lib/python3.12/site-packages/airflow/example_dags/example_latest_only.py for tasks to queue
[2025-09-24T16:52:27.194+0000] {logging_mixin.py:188} INFO - [2025-09-24T16:52:27.194+0000] {dagbag.py:540} INFO - Filling up the DagBag from /home/airflow/.local/lib/python3.12/site-packages/airflow/example_dags/example_latest_only.py
[2025-09-24T16:52:27.202+0000] {processor.py:840} INFO - DAG(s) 'latest_only' retrieved from /home/airflow/.local/lib/python3.12/site-packages/airflow/example_dags/example_latest_only.py
[2025-09-24T16:52:27.231+0000] {logging_mixin.py:188} INFO - [2025-09-24T16:52:27.230+0000] {dag.py:3096} INFO - Sync 1 DAGs
[2025-09-24T16:52:27.260+0000] {logging_mixin.py:188} INFO - [2025-09-24T16:52:27.259+0000] {dag.py:3954} INFO - Setting next_dagrun for latest_only to 2025-09-24 12:00:00+00:00, run_after=2025-09-24 16:00:00+00:00
[2025-09-24T16:52:27.283+0000] {processor.py:183} INFO - Processing /home/airflow/.local/lib/python3.12/site-packages/airflow/example_dags/example_latest_only.py took 0.102 seconds
[2025-09-24T16:52:57.958+0000] {processor.py:161} INFO - Started process (PID=1874) to work on /home/airflow/.local/lib/python3.12/site-packages/airflow/example_dags/example_latest_only.py
[2025-09-24T16:52:57.959+0000] {processor.py:830} INFO - Processing file /home/airflow/.local/lib/python3.12/site-packages/airflow/example_dags/example_latest_only.py for tasks to queue
[2025-09-24T16:52:57.962+0000] {logging_mixin.py:188} INFO - [2025-09-24T16:52:57.962+0000] {dagbag.py:540} INFO - Filling up the DagBag from /home/airflow/.local/lib/python3.12/site-packages/airflow/example_dags/example_latest_only.py
[2025-09-24T16:52:57.969+0000] {processor.py:840} INFO - DAG(s) 'latest_only' retrieved from /home/airflow/.local/lib/python3.12/site-packages/airflow/example_dags/example_latest_only.py
[2025-09-24T16:52:57.999+0000] {logging_mixin.py:188} INFO - [2025-09-24T16:52:57.999+0000] {dag.py:3096} INFO - Sync 1 DAGs
[2025-09-24T16:52:58.032+0000] {logging_mixin.py:188} INFO - [2025-09-24T16:52:58.031+0000] {dag.py:3954} INFO - Setting next_dagrun for latest_only to 2025-09-24 12:00:00+00:00, run_after=2025-09-24 16:00:00+00:00
[2025-09-24T16:52:58.058+0000] {processor.py:183} INFO - Processing /home/airflow/.local/lib/python3.12/site-packages/airflow/example_dags/example_latest_only.py took 0.109 seconds
[2025-09-24T16:53:28.466+0000] {processor.py:161} INFO - Started process (PID=1932) to work on /home/airflow/.local/lib/python3.12/site-packages/airflow/example_dags/example_latest_only.py
[2025-09-24T16:53:28.467+0000] {processor.py:830} INFO - Processing file /home/airflow/.local/lib/python3.12/site-packages/airflow/example_dags/example_latest_only.py for tasks to queue
[2025-09-24T16:53:28.469+0000] {logging_mixin.py:188} INFO - [2025-09-24T16:53:28.469+0000] {dagbag.py:540} INFO - Filling up the DagBag from /home/airflow/.local/lib/python3.12/site-packages/airflow/example_dags/example_latest_only.py
[2025-09-24T16:53:28.476+0000] {processor.py:840} INFO - DAG(s) 'latest_only' retrieved from /home/airflow/.local/lib/python3.12/site-packages/airflow/example_dags/example_latest_only.py
[2025-09-24T16:53:28.505+0000] {logging_mixin.py:188} INFO - [2025-09-24T16:53:28.505+0000] {dag.py:3096} INFO - Sync 1 DAGs
[2025-09-24T16:53:28.536+0000] {logging_mixin.py:188} INFO - [2025-09-24T16:53:28.536+0000] {dag.py:3954} INFO - Setting next_dagrun for latest_only to 2025-09-24 12:00:00+00:00, run_after=2025-09-24 16:00:00+00:00
[2025-09-24T16:53:28.560+0000] {processor.py:183} INFO - Processing /home/airflow/.local/lib/python3.12/site-packages/airflow/example_dags/example_latest_only.py took 0.103 seconds
[2025-09-24T16:53:58.730+0000] {processor.py:161} INFO - Started process (PID=1989) to work on /home/airflow/.local/lib/python3.12/site-packages/airflow/example_dags/example_latest_only.py
[2025-09-24T16:53:58.732+0000] {processor.py:830} INFO - Processing file /home/airflow/.local/lib/python3.12/site-packages/airflow/example_dags/example_latest_only.py for tasks to queue
[2025-09-24T16:53:58.734+0000] {logging_mixin.py:188} INFO - [2025-09-24T16:53:58.734+0000] {dagbag.py:540} INFO - Filling up the DagBag from /home/airflow/.local/lib/python3.12/site-packages/airflow/example_dags/example_latest_only.py
[2025-09-24T16:53:58.741+0000] {processor.py:840} INFO - DAG(s) 'latest_only' retrieved from /home/airflow/.local/lib/python3.12/site-packages/airflow/example_dags/example_latest_only.py
[2025-09-24T16:53:58.769+0000] {logging_mixin.py:188} INFO - [2025-09-24T16:53:58.768+0000] {dag.py:3096} INFO - Sync 1 DAGs
[2025-09-24T16:53:58.800+0000] {logging_mixin.py:188} INFO - [2025-09-24T16:53:58.799+0000] {dag.py:3954} INFO - Setting next_dagrun for latest_only to 2025-09-24 12:00:00+00:00, run_after=2025-09-24 16:00:00+00:00
[2025-09-24T16:53:58.829+0000] {processor.py:183} INFO - Processing /home/airflow/.local/lib/python3.12/site-packages/airflow/example_dags/example_latest_only.py took 0.107 seconds
[2025-09-24T16:54:29.042+0000] {processor.py:161} INFO - Started process (PID=2047) to work on /home/airflow/.local/lib/python3.12/site-packages/airflow/example_dags/example_latest_only.py
[2025-09-24T16:54:29.044+0000] {processor.py:830} INFO - Processing file /home/airflow/.local/lib/python3.12/site-packages/airflow/example_dags/example_latest_only.py for tasks to queue
[2025-09-24T16:54:29.047+0000] {logging_mixin.py:188} INFO - [2025-09-24T16:54:29.047+0000] {dagbag.py:540} INFO - Filling up the DagBag from /home/airflow/.local/lib/python3.12/site-packages/airflow/example_dags/example_latest_only.py
[2025-09-24T16:54:29.055+0000] {processor.py:840} INFO - DAG(s) 'latest_only' retrieved from /home/airflow/.local/lib/python3.12/site-packages/airflow/example_dags/example_latest_only.py
[2025-09-24T16:54:29.086+0000] {logging_mixin.py:188} INFO - [2025-09-24T16:54:29.086+0000] {dag.py:3096} INFO - Sync 1 DAGs
[2025-09-24T16:54:29.118+0000] {logging_mixin.py:188} INFO - [2025-09-24T16:54:29.118+0000] {dag.py:3954} INFO - Setting next_dagrun for latest_only to 2025-09-24 12:00:00+00:00, run_after=2025-09-24 16:00:00+00:00
[2025-09-24T16:54:29.149+0000] {processor.py:183} INFO - Processing /home/airflow/.local/lib/python3.12/site-packages/airflow/example_dags/example_latest_only.py took 0.116 seconds
[2025-09-24T16:54:59.441+0000] {processor.py:161} INFO - Started process (PID=2105) to work on /home/airflow/.local/lib/python3.12/site-packages/airflow/example_dags/example_latest_only.py
[2025-09-24T16:54:59.442+0000] {processor.py:830} INFO - Processing file /home/airflow/.local/lib/python3.12/site-packages/airflow/example_dags/example_latest_only.py for tasks to queue
[2025-09-24T16:54:59.445+0000] {logging_mixin.py:188} INFO - [2025-09-24T16:54:59.444+0000] {dagbag.py:540} INFO - Filling up the DagBag from /home/airflow/.local/lib/python3.12/site-packages/airflow/example_dags/example_latest_only.py
[2025-09-24T16:54:59.452+0000] {processor.py:840} INFO - DAG(s) 'latest_only' retrieved from /home/airflow/.local/lib/python3.12/site-packages/airflow/example_dags/example_latest_only.py
[2025-09-24T16:54:59.480+0000] {logging_mixin.py:188} INFO - [2025-09-24T16:54:59.479+0000] {dag.py:3096} INFO - Sync 1 DAGs
[2025-09-24T16:54:59.513+0000] {logging_mixin.py:188} INFO - [2025-09-24T16:54:59.513+0000] {dag.py:3954} INFO - Setting next_dagrun for latest_only to 2025-09-24 12:00:00+00:00, run_after=2025-09-24 16:00:00+00:00
[2025-09-24T16:54:59.540+0000] {processor.py:183} INFO - Processing /home/airflow/.local/lib/python3.12/site-packages/airflow/example_dags/example_latest_only.py took 0.107 seconds
[2025-09-24T16:55:30.176+0000] {processor.py:161} INFO - Started process (PID=2163) to work on /home/airflow/.local/lib/python3.12/site-packages/airflow/example_dags/example_latest_only.py
[2025-09-24T16:55:30.189+0000] {processor.py:830} INFO - Processing file /home/airflow/.local/lib/python3.12/site-packages/airflow/example_dags/example_latest_only.py for tasks to queue
[2025-09-24T16:55:30.207+0000] {logging_mixin.py:188} INFO - [2025-09-24T16:55:30.204+0000] {dagbag.py:540} INFO - Filling up the DagBag from /home/airflow/.local/lib/python3.12/site-packages/airflow/example_dags/example_latest_only.py
[2025-09-24T16:55:30.233+0000] {processor.py:840} INFO - DAG(s) 'latest_only' retrieved from /home/airflow/.local/lib/python3.12/site-packages/airflow/example_dags/example_latest_only.py
[2025-09-24T16:55:30.346+0000] {logging_mixin.py:188} INFO - [2025-09-24T16:55:30.345+0000] {dag.py:3096} INFO - Sync 1 DAGs
[2025-09-24T16:55:30.550+0000] {logging_mixin.py:188} INFO - [2025-09-24T16:55:30.547+0000] {dag.py:3954} INFO - Setting next_dagrun for latest_only to 2025-09-24 12:00:00+00:00, run_after=2025-09-24 16:00:00+00:00
[2025-09-24T16:55:30.659+0000] {processor.py:183} INFO - Processing /home/airflow/.local/lib/python3.12/site-packages/airflow/example_dags/example_latest_only.py took 0.555 seconds
[2025-09-24T16:56:01.385+0000] {processor.py:161} INFO - Started process (PID=2219) to work on /home/airflow/.local/lib/python3.12/site-packages/airflow/example_dags/example_latest_only.py
[2025-09-24T16:56:01.386+0000] {processor.py:830} INFO - Processing file /home/airflow/.local/lib/python3.12/site-packages/airflow/example_dags/example_latest_only.py for tasks to queue
[2025-09-24T16:56:01.389+0000] {logging_mixin.py:188} INFO - [2025-09-24T16:56:01.389+0000] {dagbag.py:540} INFO - Filling up the DagBag from /home/airflow/.local/lib/python3.12/site-packages/airflow/example_dags/example_latest_only.py
[2025-09-24T16:56:01.398+0000] {processor.py:840} INFO - DAG(s) 'latest_only' retrieved from /home/airflow/.local/lib/python3.12/site-packages/airflow/example_dags/example_latest_only.py
[2025-09-24T16:56:01.435+0000] {logging_mixin.py:188} INFO - [2025-09-24T16:56:01.435+0000] {dag.py:3096} INFO - Sync 1 DAGs
[2025-09-24T16:56:01.475+0000] {logging_mixin.py:188} INFO - [2025-09-24T16:56:01.474+0000] {dag.py:3954} INFO - Setting next_dagrun for latest_only to 2025-09-24 12:00:00+00:00, run_after=2025-09-24 16:00:00+00:00
[2025-09-24T16:56:01.515+0000] {processor.py:183} INFO - Processing /home/airflow/.local/lib/python3.12/site-packages/airflow/example_dags/example_latest_only.py took 0.140 seconds
[2025-09-24T16:56:32.379+0000] {processor.py:161} INFO - Started process (PID=2277) to work on /home/airflow/.local/lib/python3.12/site-packages/airflow/example_dags/example_latest_only.py
[2025-09-24T16:56:32.380+0000] {processor.py:830} INFO - Processing file /home/airflow/.local/lib/python3.12/site-packages/airflow/example_dags/example_latest_only.py for tasks to queue
[2025-09-24T16:56:32.384+0000] {logging_mixin.py:188} INFO - [2025-09-24T16:56:32.384+0000] {dagbag.py:540} INFO - Filling up the DagBag from /home/airflow/.local/lib/python3.12/site-packages/airflow/example_dags/example_latest_only.py
[2025-09-24T16:56:32.392+0000] {processor.py:840} INFO - DAG(s) 'latest_only' retrieved from /home/airflow/.local/lib/python3.12/site-packages/airflow/example_dags/example_latest_only.py
[2025-09-24T16:56:32.421+0000] {logging_mixin.py:188} INFO - [2025-09-24T16:56:32.421+0000] {dag.py:3096} INFO - Sync 1 DAGs
[2025-09-24T16:56:32.459+0000] {logging_mixin.py:188} INFO - [2025-09-24T16:56:32.459+0000] {dag.py:3954} INFO - Setting next_dagrun for latest_only to 2025-09-24 12:00:00+00:00, run_after=2025-09-24 16:00:00+00:00
[2025-09-24T16:56:32.491+0000] {processor.py:183} INFO - Processing /home/airflow/.local/lib/python3.12/site-packages/airflow/example_dags/example_latest_only.py took 0.120 seconds
[2025-09-24T16:57:02.623+0000] {processor.py:161} INFO - Started process (PID=2335) to work on /home/airflow/.local/lib/python3.12/site-packages/airflow/example_dags/example_latest_only.py
[2025-09-24T16:57:02.625+0000] {processor.py:830} INFO - Processing file /home/airflow/.local/lib/python3.12/site-packages/airflow/example_dags/example_latest_only.py for tasks to queue
[2025-09-24T16:57:02.627+0000] {logging_mixin.py:188} INFO - [2025-09-24T16:57:02.627+0000] {dagbag.py:540} INFO - Filling up the DagBag from /home/airflow/.local/lib/python3.12/site-packages/airflow/example_dags/example_latest_only.py
[2025-09-24T16:57:02.634+0000] {processor.py:840} INFO - DAG(s) 'latest_only' retrieved from /home/airflow/.local/lib/python3.12/site-packages/airflow/example_dags/example_latest_only.py
[2025-09-24T16:57:02.660+0000] {logging_mixin.py:188} INFO - [2025-09-24T16:57:02.660+0000] {dag.py:3096} INFO - Sync 1 DAGs
[2025-09-24T16:57:02.694+0000] {logging_mixin.py:188} INFO - [2025-09-24T16:57:02.694+0000] {dag.py:3954} INFO - Setting next_dagrun for latest_only to 2025-09-24 12:00:00+00:00, run_after=2025-09-24 16:00:00+00:00
[2025-09-24T16:57:02.717+0000] {processor.py:183} INFO - Processing /home/airflow/.local/lib/python3.12/site-packages/airflow/example_dags/example_latest_only.py took 0.101 seconds
[2025-09-24T16:57:32.801+0000] {processor.py:161} INFO - Started process (PID=2393) to work on /home/airflow/.local/lib/python3.12/site-packages/airflow/example_dags/example_latest_only.py
[2025-09-24T16:57:32.803+0000] {processor.py:830} INFO - Processing file /home/airflow/.local/lib/python3.12/site-packages/airflow/example_dags/example_latest_only.py for tasks to queue
[2025-09-24T16:57:32.805+0000] {logging_mixin.py:188} INFO - [2025-09-24T16:57:32.804+0000] {dagbag.py:540} INFO - Filling up the DagBag from /home/airflow/.local/lib/python3.12/site-packages/airflow/example_dags/example_latest_only.py
[2025-09-24T16:57:32.811+0000] {processor.py:840} INFO - DAG(s) 'latest_only' retrieved from /home/airflow/.local/lib/python3.12/site-packages/airflow/example_dags/example_latest_only.py
[2025-09-24T16:57:32.836+0000] {logging_mixin.py:188} INFO - [2025-09-24T16:57:32.836+0000] {dag.py:3096} INFO - Sync 1 DAGs
[2025-09-24T16:57:32.866+0000] {logging_mixin.py:188} INFO - [2025-09-24T16:57:32.866+0000] {dag.py:3954} INFO - Setting next_dagrun for latest_only to 2025-09-24 12:00:00+00:00, run_after=2025-09-24 16:00:00+00:00
[2025-09-24T16:57:32.888+0000] {processor.py:183} INFO - Processing /home/airflow/.local/lib/python3.12/site-packages/airflow/example_dags/example_latest_only.py took 0.094 seconds
[2025-09-24T16:58:02.941+0000] {processor.py:161} INFO - Started process (PID=2451) to work on /home/airflow/.local/lib/python3.12/site-packages/airflow/example_dags/example_latest_only.py
[2025-09-24T16:58:02.942+0000] {processor.py:830} INFO - Processing file /home/airflow/.local/lib/python3.12/site-packages/airflow/example_dags/example_latest_only.py for tasks to queue
[2025-09-24T16:58:02.948+0000] {logging_mixin.py:188} INFO - [2025-09-24T16:58:02.947+0000] {dagbag.py:540} INFO - Filling up the DagBag from /home/airflow/.local/lib/python3.12/site-packages/airflow/example_dags/example_latest_only.py
[2025-09-24T16:58:02.953+0000] {processor.py:840} INFO - DAG(s) 'latest_only' retrieved from /home/airflow/.local/lib/python3.12/site-packages/airflow/example_dags/example_latest_only.py
[2025-09-24T16:58:02.981+0000] {logging_mixin.py:188} INFO - [2025-09-24T16:58:02.980+0000] {dag.py:3096} INFO - Sync 1 DAGs
[2025-09-24T16:58:03.007+0000] {logging_mixin.py:188} INFO - [2025-09-24T16:58:03.007+0000] {dag.py:3954} INFO - Setting next_dagrun for latest_only to 2025-09-24 12:00:00+00:00, run_after=2025-09-24 16:00:00+00:00
[2025-09-24T16:58:03.032+0000] {processor.py:183} INFO - Processing /home/airflow/.local/lib/python3.12/site-packages/airflow/example_dags/example_latest_only.py took 0.099 seconds
[2025-09-24T16:58:33.952+0000] {processor.py:161} INFO - Started process (PID=2509) to work on /home/airflow/.local/lib/python3.12/site-packages/airflow/example_dags/example_latest_only.py
[2025-09-24T16:58:33.953+0000] {processor.py:830} INFO - Processing file /home/airflow/.local/lib/python3.12/site-packages/airflow/example_dags/example_latest_only.py for tasks to queue
[2025-09-24T16:58:33.955+0000] {logging_mixin.py:188} INFO - [2025-09-24T16:58:33.955+0000] {dagbag.py:540} INFO - Filling up the DagBag from /home/airflow/.local/lib/python3.12/site-packages/airflow/example_dags/example_latest_only.py
[2025-09-24T16:58:33.962+0000] {processor.py:840} INFO - DAG(s) 'latest_only' retrieved from /home/airflow/.local/lib/python3.12/site-packages/airflow/example_dags/example_latest_only.py
[2025-09-24T16:58:33.986+0000] {logging_mixin.py:188} INFO - [2025-09-24T16:58:33.986+0000] {dag.py:3096} INFO - Sync 1 DAGs
[2025-09-24T16:58:34.014+0000] {logging_mixin.py:188} INFO - [2025-09-24T16:58:34.014+0000] {dag.py:3954} INFO - Setting next_dagrun for latest_only to 2025-09-24 12:00:00+00:00, run_after=2025-09-24 16:00:00+00:00
[2025-09-24T16:58:34.038+0000] {processor.py:183} INFO - Processing /home/airflow/.local/lib/python3.12/site-packages/airflow/example_dags/example_latest_only.py took 0.094 seconds
[2025-09-24T16:59:04.210+0000] {processor.py:161} INFO - Started process (PID=2567) to work on /home/airflow/.local/lib/python3.12/site-packages/airflow/example_dags/example_latest_only.py
[2025-09-24T16:59:04.211+0000] {processor.py:830} INFO - Processing file /home/airflow/.local/lib/python3.12/site-packages/airflow/example_dags/example_latest_only.py for tasks to queue
[2025-09-24T16:59:04.214+0000] {logging_mixin.py:188} INFO - [2025-09-24T16:59:04.213+0000] {dagbag.py:540} INFO - Filling up the DagBag from /home/airflow/.local/lib/python3.12/site-packages/airflow/example_dags/example_latest_only.py
[2025-09-24T16:59:04.220+0000] {processor.py:840} INFO - DAG(s) 'latest_only' retrieved from /home/airflow/.local/lib/python3.12/site-packages/airflow/example_dags/example_latest_only.py
[2025-09-24T16:59:04.247+0000] {logging_mixin.py:188} INFO - [2025-09-24T16:59:04.246+0000] {dag.py:3096} INFO - Sync 1 DAGs
[2025-09-24T16:59:04.273+0000] {logging_mixin.py:188} INFO - [2025-09-24T16:59:04.273+0000] {dag.py:3954} INFO - Setting next_dagrun for latest_only to 2025-09-24 12:00:00+00:00, run_after=2025-09-24 16:00:00+00:00
[2025-09-24T16:59:04.301+0000] {processor.py:183} INFO - Processing /home/airflow/.local/lib/python3.12/site-packages/airflow/example_dags/example_latest_only.py took 0.098 seconds
[2025-09-24T16:59:34.615+0000] {processor.py:161} INFO - Started process (PID=2625) to work on /home/airflow/.local/lib/python3.12/site-packages/airflow/example_dags/example_latest_only.py
[2025-09-24T16:59:34.617+0000] {processor.py:830} INFO - Processing file /home/airflow/.local/lib/python3.12/site-packages/airflow/example_dags/example_latest_only.py for tasks to queue
[2025-09-24T16:59:34.619+0000] {logging_mixin.py:188} INFO - [2025-09-24T16:59:34.619+0000] {dagbag.py:540} INFO - Filling up the DagBag from /home/airflow/.local/lib/python3.12/site-packages/airflow/example_dags/example_latest_only.py
[2025-09-24T16:59:34.625+0000] {processor.py:840} INFO - DAG(s) 'latest_only' retrieved from /home/airflow/.local/lib/python3.12/site-packages/airflow/example_dags/example_latest_only.py
[2025-09-24T16:59:34.652+0000] {logging_mixin.py:188} INFO - [2025-09-24T16:59:34.652+0000] {dag.py:3096} INFO - Sync 1 DAGs
[2025-09-24T16:59:34.681+0000] {logging_mixin.py:188} INFO - [2025-09-24T16:59:34.681+0000] {dag.py:3954} INFO - Setting next_dagrun for latest_only to 2025-09-24 12:00:00+00:00, run_after=2025-09-24 16:00:00+00:00
[2025-09-24T16:59:34.705+0000] {processor.py:183} INFO - Processing /home/airflow/.local/lib/python3.12/site-packages/airflow/example_dags/example_latest_only.py took 0.098 seconds
[2025-09-24T17:00:05.159+0000] {processor.py:161} INFO - Started process (PID=2683) to work on /home/airflow/.local/lib/python3.12/site-packages/airflow/example_dags/example_latest_only.py
[2025-09-24T17:00:05.160+0000] {processor.py:830} INFO - Processing file /home/airflow/.local/lib/python3.12/site-packages/airflow/example_dags/example_latest_only.py for tasks to queue
[2025-09-24T17:00:05.163+0000] {logging_mixin.py:188} INFO - [2025-09-24T17:00:05.163+0000] {dagbag.py:540} INFO - Filling up the DagBag from /home/airflow/.local/lib/python3.12/site-packages/airflow/example_dags/example_latest_only.py
[2025-09-24T17:00:05.169+0000] {processor.py:840} INFO - DAG(s) 'latest_only' retrieved from /home/airflow/.local/lib/python3.12/site-packages/airflow/example_dags/example_latest_only.py
[2025-09-24T17:00:05.199+0000] {logging_mixin.py:188} INFO - [2025-09-24T17:00:05.199+0000] {dag.py:3096} INFO - Sync 1 DAGs
[2025-09-24T17:00:05.230+0000] {logging_mixin.py:188} INFO - [2025-09-24T17:00:05.230+0000] {dag.py:3954} INFO - Setting next_dagrun for latest_only to 2025-09-24 12:00:00+00:00, run_after=2025-09-24 16:00:00+00:00
[2025-09-24T17:00:05.261+0000] {processor.py:183} INFO - Processing /home/airflow/.local/lib/python3.12/site-packages/airflow/example_dags/example_latest_only.py took 0.111 seconds
[2025-09-24T17:00:35.628+0000] {processor.py:161} INFO - Started process (PID=2741) to work on /home/airflow/.local/lib/python3.12/site-packages/airflow/example_dags/example_latest_only.py
[2025-09-24T17:00:35.629+0000] {processor.py:830} INFO - Processing file /home/airflow/.local/lib/python3.12/site-packages/airflow/example_dags/example_latest_only.py for tasks to queue
[2025-09-24T17:00:35.631+0000] {logging_mixin.py:188} INFO - [2025-09-24T17:00:35.631+0000] {dagbag.py:540} INFO - Filling up the DagBag from /home/airflow/.local/lib/python3.12/site-packages/airflow/example_dags/example_latest_only.py
[2025-09-24T17:00:35.637+0000] {processor.py:840} INFO - DAG(s) 'latest_only' retrieved from /home/airflow/.local/lib/python3.12/site-packages/airflow/example_dags/example_latest_only.py
[2025-09-24T17:00:35.665+0000] {logging_mixin.py:188} INFO - [2025-09-24T17:00:35.665+0000] {dag.py:3096} INFO - Sync 1 DAGs
[2025-09-24T17:00:35.694+0000] {logging_mixin.py:188} INFO - [2025-09-24T17:00:35.694+0000] {dag.py:3954} INFO - Setting next_dagrun for latest_only to 2025-09-24 12:00:00+00:00, run_after=2025-09-24 16:00:00+00:00
[2025-09-24T17:00:35.721+0000] {processor.py:183} INFO - Processing /home/airflow/.local/lib/python3.12/site-packages/airflow/example_dags/example_latest_only.py took 0.102 seconds
[2025-09-24T17:01:06.112+0000] {processor.py:161} INFO - Started process (PID=2799) to work on /home/airflow/.local/lib/python3.12/site-packages/airflow/example_dags/example_latest_only.py
[2025-09-24T17:01:06.113+0000] {processor.py:830} INFO - Processing file /home/airflow/.local/lib/python3.12/site-packages/airflow/example_dags/example_latest_only.py for tasks to queue
[2025-09-24T17:01:06.116+0000] {logging_mixin.py:188} INFO - [2025-09-24T17:01:06.116+0000] {dagbag.py:540} INFO - Filling up the DagBag from /home/airflow/.local/lib/python3.12/site-packages/airflow/example_dags/example_latest_only.py
[2025-09-24T17:01:06.122+0000] {processor.py:840} INFO - DAG(s) 'latest_only' retrieved from /home/airflow/.local/lib/python3.12/site-packages/airflow/example_dags/example_latest_only.py
[2025-09-24T17:01:06.149+0000] {logging_mixin.py:188} INFO - [2025-09-24T17:01:06.149+0000] {dag.py:3096} INFO - Sync 1 DAGs
[2025-09-24T17:01:06.177+0000] {logging_mixin.py:188} INFO - [2025-09-24T17:01:06.177+0000] {dag.py:3954} INFO - Setting next_dagrun for latest_only to 2025-09-24 12:00:00+00:00, run_after=2025-09-24 16:00:00+00:00
[2025-09-24T17:01:06.205+0000] {processor.py:183} INFO - Processing /home/airflow/.local/lib/python3.12/site-packages/airflow/example_dags/example_latest_only.py took 0.101 seconds
[2025-09-24T17:01:36.712+0000] {processor.py:161} INFO - Started process (PID=2857) to work on /home/airflow/.local/lib/python3.12/site-packages/airflow/example_dags/example_latest_only.py
[2025-09-24T17:01:36.713+0000] {processor.py:830} INFO - Processing file /home/airflow/.local/lib/python3.12/site-packages/airflow/example_dags/example_latest_only.py for tasks to queue
[2025-09-24T17:01:36.716+0000] {logging_mixin.py:188} INFO - [2025-09-24T17:01:36.715+0000] {dagbag.py:540} INFO - Filling up the DagBag from /home/airflow/.local/lib/python3.12/site-packages/airflow/example_dags/example_latest_only.py
[2025-09-24T17:01:36.722+0000] {processor.py:840} INFO - DAG(s) 'latest_only' retrieved from /home/airflow/.local/lib/python3.12/site-packages/airflow/example_dags/example_latest_only.py
[2025-09-24T17:01:36.750+0000] {logging_mixin.py:188} INFO - [2025-09-24T17:01:36.750+0000] {dag.py:3096} INFO - Sync 1 DAGs
[2025-09-24T17:01:36.779+0000] {logging_mixin.py:188} INFO - [2025-09-24T17:01:36.778+0000] {dag.py:3954} INFO - Setting next_dagrun for latest_only to 2025-09-24 12:00:00+00:00, run_after=2025-09-24 16:00:00+00:00
[2025-09-24T17:01:36.804+0000] {processor.py:183} INFO - Processing /home/airflow/.local/lib/python3.12/site-packages/airflow/example_dags/example_latest_only.py took 0.100 seconds
[2025-09-24T17:02:07.237+0000] {processor.py:161} INFO - Started process (PID=2915) to work on /home/airflow/.local/lib/python3.12/site-packages/airflow/example_dags/example_latest_only.py
[2025-09-24T17:02:07.238+0000] {processor.py:830} INFO - Processing file /home/airflow/.local/lib/python3.12/site-packages/airflow/example_dags/example_latest_only.py for tasks to queue
[2025-09-24T17:02:07.241+0000] {logging_mixin.py:188} INFO - [2025-09-24T17:02:07.240+0000] {dagbag.py:540} INFO - Filling up the DagBag from /home/airflow/.local/lib/python3.12/site-packages/airflow/example_dags/example_latest_only.py
[2025-09-24T17:02:07.246+0000] {processor.py:840} INFO - DAG(s) 'latest_only' retrieved from /home/airflow/.local/lib/python3.12/site-packages/airflow/example_dags/example_latest_only.py
[2025-09-24T17:02:07.273+0000] {logging_mixin.py:188} INFO - [2025-09-24T17:02:07.272+0000] {dag.py:3096} INFO - Sync 1 DAGs
[2025-09-24T17:02:07.304+0000] {logging_mixin.py:188} INFO - [2025-09-24T17:02:07.304+0000] {dag.py:3954} INFO - Setting next_dagrun for latest_only to 2025-09-24 12:00:00+00:00, run_after=2025-09-24 16:00:00+00:00
[2025-09-24T17:02:07.326+0000] {processor.py:183} INFO - Processing /home/airflow/.local/lib/python3.12/site-packages/airflow/example_dags/example_latest_only.py took 0.097 seconds
[2025-09-24T17:02:37.717+0000] {processor.py:161} INFO - Started process (PID=2973) to work on /home/airflow/.local/lib/python3.12/site-packages/airflow/example_dags/example_latest_only.py
[2025-09-24T17:02:37.718+0000] {processor.py:830} INFO - Processing file /home/airflow/.local/lib/python3.12/site-packages/airflow/example_dags/example_latest_only.py for tasks to queue
[2025-09-24T17:02:37.720+0000] {logging_mixin.py:188} INFO - [2025-09-24T17:02:37.720+0000] {dagbag.py:540} INFO - Filling up the DagBag from /home/airflow/.local/lib/python3.12/site-packages/airflow/example_dags/example_latest_only.py
[2025-09-24T17:02:37.727+0000] {processor.py:840} INFO - DAG(s) 'latest_only' retrieved from /home/airflow/.local/lib/python3.12/site-packages/airflow/example_dags/example_latest_only.py
[2025-09-24T17:02:37.756+0000] {logging_mixin.py:188} INFO - [2025-09-24T17:02:37.756+0000] {dag.py:3096} INFO - Sync 1 DAGs
[2025-09-24T17:02:37.786+0000] {logging_mixin.py:188} INFO - [2025-09-24T17:02:37.785+0000] {dag.py:3954} INFO - Setting next_dagrun for latest_only to 2025-09-24 12:00:00+00:00, run_after=2025-09-24 16:00:00+00:00
[2025-09-24T17:02:37.811+0000] {processor.py:183} INFO - Processing /home/airflow/.local/lib/python3.12/site-packages/airflow/example_dags/example_latest_only.py took 0.103 seconds
[2025-09-24T17:03:08.254+0000] {processor.py:161} INFO - Started process (PID=3031) to work on /home/airflow/.local/lib/python3.12/site-packages/airflow/example_dags/example_latest_only.py
[2025-09-24T17:03:08.255+0000] {processor.py:830} INFO - Processing file /home/airflow/.local/lib/python3.12/site-packages/airflow/example_dags/example_latest_only.py for tasks to queue
[2025-09-24T17:03:08.257+0000] {logging_mixin.py:188} INFO - [2025-09-24T17:03:08.257+0000] {dagbag.py:540} INFO - Filling up the DagBag from /home/airflow/.local/lib/python3.12/site-packages/airflow/example_dags/example_latest_only.py
[2025-09-24T17:03:08.263+0000] {processor.py:840} INFO - DAG(s) 'latest_only' retrieved from /home/airflow/.local/lib/python3.12/site-packages/airflow/example_dags/example_latest_only.py
[2025-09-24T17:03:08.290+0000] {logging_mixin.py:188} INFO - [2025-09-24T17:03:08.289+0000] {dag.py:3096} INFO - Sync 1 DAGs
[2025-09-24T17:03:08.322+0000] {logging_mixin.py:188} INFO - [2025-09-24T17:03:08.322+0000] {dag.py:3954} INFO - Setting next_dagrun for latest_only to 2025-09-24 12:00:00+00:00, run_after=2025-09-24 16:00:00+00:00
[2025-09-24T17:03:08.348+0000] {processor.py:183} INFO - Processing /home/airflow/.local/lib/python3.12/site-packages/airflow/example_dags/example_latest_only.py took 0.101 seconds
[2025-09-24T17:03:38.759+0000] {processor.py:161} INFO - Started process (PID=3089) to work on /home/airflow/.local/lib/python3.12/site-packages/airflow/example_dags/example_latest_only.py
[2025-09-24T17:03:38.760+0000] {processor.py:830} INFO - Processing file /home/airflow/.local/lib/python3.12/site-packages/airflow/example_dags/example_latest_only.py for tasks to queue
[2025-09-24T17:03:38.766+0000] {logging_mixin.py:188} INFO - [2025-09-24T17:03:38.766+0000] {dagbag.py:540} INFO - Filling up the DagBag from /home/airflow/.local/lib/python3.12/site-packages/airflow/example_dags/example_latest_only.py
[2025-09-24T17:03:38.774+0000] {processor.py:840} INFO - DAG(s) 'latest_only' retrieved from /home/airflow/.local/lib/python3.12/site-packages/airflow/example_dags/example_latest_only.py
[2025-09-24T17:03:38.807+0000] {logging_mixin.py:188} INFO - [2025-09-24T17:03:38.806+0000] {dag.py:3096} INFO - Sync 1 DAGs
[2025-09-24T17:03:38.841+0000] {logging_mixin.py:188} INFO - [2025-09-24T17:03:38.841+0000] {dag.py:3954} INFO - Setting next_dagrun for latest_only to 2025-09-24 12:00:00+00:00, run_after=2025-09-24 16:00:00+00:00
[2025-09-24T17:03:38.872+0000] {processor.py:183} INFO - Processing /home/airflow/.local/lib/python3.12/site-packages/airflow/example_dags/example_latest_only.py took 0.122 seconds
[2025-09-24T17:04:09.836+0000] {processor.py:161} INFO - Started process (PID=3147) to work on /home/airflow/.local/lib/python3.12/site-packages/airflow/example_dags/example_latest_only.py
[2025-09-24T17:04:09.839+0000] {processor.py:830} INFO - Processing file /home/airflow/.local/lib/python3.12/site-packages/airflow/example_dags/example_latest_only.py for tasks to queue
[2025-09-24T17:04:09.842+0000] {logging_mixin.py:188} INFO - [2025-09-24T17:04:09.842+0000] {dagbag.py:540} INFO - Filling up the DagBag from /home/airflow/.local/lib/python3.12/site-packages/airflow/example_dags/example_latest_only.py
[2025-09-24T17:04:09.849+0000] {processor.py:840} INFO - DAG(s) 'latest_only' retrieved from /home/airflow/.local/lib/python3.12/site-packages/airflow/example_dags/example_latest_only.py
[2025-09-24T17:04:09.884+0000] {logging_mixin.py:188} INFO - [2025-09-24T17:04:09.884+0000] {dag.py:3096} INFO - Sync 1 DAGs
[2025-09-24T17:04:09.922+0000] {logging_mixin.py:188} INFO - [2025-09-24T17:04:09.921+0000] {dag.py:3954} INFO - Setting next_dagrun for latest_only to 2025-09-24 12:00:00+00:00, run_after=2025-09-24 16:00:00+00:00
[2025-09-24T17:04:09.958+0000] {processor.py:183} INFO - Processing /home/airflow/.local/lib/python3.12/site-packages/airflow/example_dags/example_latest_only.py took 0.130 seconds
[2025-09-24T17:04:40.389+0000] {processor.py:161} INFO - Started process (PID=3205) to work on /home/airflow/.local/lib/python3.12/site-packages/airflow/example_dags/example_latest_only.py
[2025-09-24T17:04:40.390+0000] {processor.py:830} INFO - Processing file /home/airflow/.local/lib/python3.12/site-packages/airflow/example_dags/example_latest_only.py for tasks to queue
[2025-09-24T17:04:40.393+0000] {logging_mixin.py:188} INFO - [2025-09-24T17:04:40.393+0000] {dagbag.py:540} INFO - Filling up the DagBag from /home/airflow/.local/lib/python3.12/site-packages/airflow/example_dags/example_latest_only.py
[2025-09-24T17:04:40.405+0000] {processor.py:840} INFO - DAG(s) 'latest_only' retrieved from /home/airflow/.local/lib/python3.12/site-packages/airflow/example_dags/example_latest_only.py
[2025-09-24T17:04:40.435+0000] {logging_mixin.py:188} INFO - [2025-09-24T17:04:40.434+0000] {dag.py:3096} INFO - Sync 1 DAGs
[2025-09-24T17:04:40.468+0000] {logging_mixin.py:188} INFO - [2025-09-24T17:04:40.468+0000] {dag.py:3954} INFO - Setting next_dagrun for latest_only to 2025-09-24 12:00:00+00:00, run_after=2025-09-24 16:00:00+00:00
[2025-09-24T17:04:40.500+0000] {processor.py:183} INFO - Processing /home/airflow/.local/lib/python3.12/site-packages/airflow/example_dags/example_latest_only.py took 0.121 seconds
[2025-09-24T17:05:10.728+0000] {processor.py:161} INFO - Started process (PID=3263) to work on /home/airflow/.local/lib/python3.12/site-packages/airflow/example_dags/example_latest_only.py
[2025-09-24T17:05:10.729+0000] {processor.py:830} INFO - Processing file /home/airflow/.local/lib/python3.12/site-packages/airflow/example_dags/example_latest_only.py for tasks to queue
[2025-09-24T17:05:10.732+0000] {logging_mixin.py:188} INFO - [2025-09-24T17:05:10.732+0000] {dagbag.py:540} INFO - Filling up the DagBag from /home/airflow/.local/lib/python3.12/site-packages/airflow/example_dags/example_latest_only.py
[2025-09-24T17:05:10.739+0000] {processor.py:840} INFO - DAG(s) 'latest_only' retrieved from /home/airflow/.local/lib/python3.12/site-packages/airflow/example_dags/example_latest_only.py
[2025-09-24T17:05:10.768+0000] {logging_mixin.py:188} INFO - [2025-09-24T17:05:10.767+0000] {dag.py:3096} INFO - Sync 1 DAGs
[2025-09-24T17:05:10.798+0000] {logging_mixin.py:188} INFO - [2025-09-24T17:05:10.797+0000] {dag.py:3954} INFO - Setting next_dagrun for latest_only to 2025-09-24 12:00:00+00:00, run_after=2025-09-24 16:00:00+00:00
[2025-09-24T17:05:10.831+0000] {processor.py:183} INFO - Processing /home/airflow/.local/lib/python3.12/site-packages/airflow/example_dags/example_latest_only.py took 0.111 seconds
[2025-09-24T17:05:41.431+0000] {processor.py:161} INFO - Started process (PID=3321) to work on /home/airflow/.local/lib/python3.12/site-packages/airflow/example_dags/example_latest_only.py
[2025-09-24T17:05:41.433+0000] {processor.py:830} INFO - Processing file /home/airflow/.local/lib/python3.12/site-packages/airflow/example_dags/example_latest_only.py for tasks to queue
[2025-09-24T17:05:41.436+0000] {logging_mixin.py:188} INFO - [2025-09-24T17:05:41.435+0000] {dagbag.py:540} INFO - Filling up the DagBag from /home/airflow/.local/lib/python3.12/site-packages/airflow/example_dags/example_latest_only.py
[2025-09-24T17:05:41.443+0000] {processor.py:840} INFO - DAG(s) 'latest_only' retrieved from /home/airflow/.local/lib/python3.12/site-packages/airflow/example_dags/example_latest_only.py
[2025-09-24T17:05:41.472+0000] {logging_mixin.py:188} INFO - [2025-09-24T17:05:41.471+0000] {dag.py:3096} INFO - Sync 1 DAGs
[2025-09-24T17:05:41.503+0000] {logging_mixin.py:188} INFO - [2025-09-24T17:05:41.503+0000] {dag.py:3954} INFO - Setting next_dagrun for latest_only to 2025-09-24 12:00:00+00:00, run_after=2025-09-24 16:00:00+00:00
[2025-09-24T17:05:41.531+0000] {processor.py:183} INFO - Processing /home/airflow/.local/lib/python3.12/site-packages/airflow/example_dags/example_latest_only.py took 0.109 seconds
[2025-09-24T17:06:11.618+0000] {processor.py:161} INFO - Started process (PID=3379) to work on /home/airflow/.local/lib/python3.12/site-packages/airflow/example_dags/example_latest_only.py
[2025-09-24T17:06:11.621+0000] {processor.py:830} INFO - Processing file /home/airflow/.local/lib/python3.12/site-packages/airflow/example_dags/example_latest_only.py for tasks to queue
[2025-09-24T17:06:11.624+0000] {logging_mixin.py:188} INFO - [2025-09-24T17:06:11.623+0000] {dagbag.py:540} INFO - Filling up the DagBag from /home/airflow/.local/lib/python3.12/site-packages/airflow/example_dags/example_latest_only.py
[2025-09-24T17:06:11.630+0000] {processor.py:840} INFO - DAG(s) 'latest_only' retrieved from /home/airflow/.local/lib/python3.12/site-packages/airflow/example_dags/example_latest_only.py
[2025-09-24T17:06:11.664+0000] {logging_mixin.py:188} INFO - [2025-09-24T17:06:11.664+0000] {dag.py:3096} INFO - Sync 1 DAGs
[2025-09-24T17:06:11.700+0000] {logging_mixin.py:188} INFO - [2025-09-24T17:06:11.700+0000] {dag.py:3954} INFO - Setting next_dagrun for latest_only to 2025-09-24 12:00:00+00:00, run_after=2025-09-24 16:00:00+00:00
[2025-09-24T17:06:11.728+0000] {processor.py:183} INFO - Processing /home/airflow/.local/lib/python3.12/site-packages/airflow/example_dags/example_latest_only.py took 0.118 seconds
[2025-09-24T17:06:41.908+0000] {processor.py:161} INFO - Started process (PID=3437) to work on /home/airflow/.local/lib/python3.12/site-packages/airflow/example_dags/example_latest_only.py
[2025-09-24T17:06:41.909+0000] {processor.py:830} INFO - Processing file /home/airflow/.local/lib/python3.12/site-packages/airflow/example_dags/example_latest_only.py for tasks to queue
[2025-09-24T17:06:41.911+0000] {logging_mixin.py:188} INFO - [2025-09-24T17:06:41.911+0000] {dagbag.py:540} INFO - Filling up the DagBag from /home/airflow/.local/lib/python3.12/site-packages/airflow/example_dags/example_latest_only.py
[2025-09-24T17:06:41.918+0000] {processor.py:840} INFO - DAG(s) 'latest_only' retrieved from /home/airflow/.local/lib/python3.12/site-packages/airflow/example_dags/example_latest_only.py
[2025-09-24T17:06:41.949+0000] {logging_mixin.py:188} INFO - [2025-09-24T17:06:41.949+0000] {dag.py:3096} INFO - Sync 1 DAGs
[2025-09-24T17:06:41.983+0000] {logging_mixin.py:188} INFO - [2025-09-24T17:06:41.983+0000] {dag.py:3954} INFO - Setting next_dagrun for latest_only to 2025-09-24 12:00:00+00:00, run_after=2025-09-24 16:00:00+00:00
[2025-09-24T17:06:42.015+0000] {processor.py:183} INFO - Processing /home/airflow/.local/lib/python3.12/site-packages/airflow/example_dags/example_latest_only.py took 0.117 seconds
[2025-09-24T17:07:12.959+0000] {processor.py:161} INFO - Started process (PID=3495) to work on /home/airflow/.local/lib/python3.12/site-packages/airflow/example_dags/example_latest_only.py
[2025-09-24T17:07:12.961+0000] {processor.py:830} INFO - Processing file /home/airflow/.local/lib/python3.12/site-packages/airflow/example_dags/example_latest_only.py for tasks to queue
[2025-09-24T17:07:12.963+0000] {logging_mixin.py:188} INFO - [2025-09-24T17:07:12.963+0000] {dagbag.py:540} INFO - Filling up the DagBag from /home/airflow/.local/lib/python3.12/site-packages/airflow/example_dags/example_latest_only.py
[2025-09-24T17:07:12.970+0000] {processor.py:840} INFO - DAG(s) 'latest_only' retrieved from /home/airflow/.local/lib/python3.12/site-packages/airflow/example_dags/example_latest_only.py
[2025-09-24T17:07:12.999+0000] {logging_mixin.py:188} INFO - [2025-09-24T17:07:12.999+0000] {dag.py:3096} INFO - Sync 1 DAGs
[2025-09-24T17:07:13.033+0000] {logging_mixin.py:188} INFO - [2025-09-24T17:07:13.033+0000] {dag.py:3954} INFO - Setting next_dagrun for latest_only to 2025-09-24 12:00:00+00:00, run_after=2025-09-24 16:00:00+00:00
[2025-09-24T17:07:13.062+0000] {processor.py:183} INFO - Processing /home/airflow/.local/lib/python3.12/site-packages/airflow/example_dags/example_latest_only.py took 0.112 seconds
[2025-09-24T17:07:43.140+0000] {processor.py:161} INFO - Started process (PID=3553) to work on /home/airflow/.local/lib/python3.12/site-packages/airflow/example_dags/example_latest_only.py
[2025-09-24T17:07:43.141+0000] {processor.py:830} INFO - Processing file /home/airflow/.local/lib/python3.12/site-packages/airflow/example_dags/example_latest_only.py for tasks to queue
[2025-09-24T17:07:43.145+0000] {logging_mixin.py:188} INFO - [2025-09-24T17:07:43.144+0000] {dagbag.py:540} INFO - Filling up the DagBag from /home/airflow/.local/lib/python3.12/site-packages/airflow/example_dags/example_latest_only.py
[2025-09-24T17:07:43.153+0000] {processor.py:840} INFO - DAG(s) 'latest_only' retrieved from /home/airflow/.local/lib/python3.12/site-packages/airflow/example_dags/example_latest_only.py
[2025-09-24T17:07:43.186+0000] {logging_mixin.py:188} INFO - [2025-09-24T17:07:43.186+0000] {dag.py:3096} INFO - Sync 1 DAGs
[2025-09-24T17:07:43.225+0000] {logging_mixin.py:188} INFO - [2025-09-24T17:07:43.224+0000] {dag.py:3954} INFO - Setting next_dagrun for latest_only to 2025-09-24 12:00:00+00:00, run_after=2025-09-24 16:00:00+00:00
[2025-09-24T17:07:43.254+0000] {processor.py:183} INFO - Processing /home/airflow/.local/lib/python3.12/site-packages/airflow/example_dags/example_latest_only.py took 0.123 seconds
[2025-09-24T17:08:13.863+0000] {processor.py:161} INFO - Started process (PID=3611) to work on /home/airflow/.local/lib/python3.12/site-packages/airflow/example_dags/example_latest_only.py
[2025-09-24T17:08:13.864+0000] {processor.py:830} INFO - Processing file /home/airflow/.local/lib/python3.12/site-packages/airflow/example_dags/example_latest_only.py for tasks to queue
[2025-09-24T17:08:13.868+0000] {logging_mixin.py:188} INFO - [2025-09-24T17:08:13.867+0000] {dagbag.py:540} INFO - Filling up the DagBag from /home/airflow/.local/lib/python3.12/site-packages/airflow/example_dags/example_latest_only.py
[2025-09-24T17:08:13.874+0000] {processor.py:840} INFO - DAG(s) 'latest_only' retrieved from /home/airflow/.local/lib/python3.12/site-packages/airflow/example_dags/example_latest_only.py
[2025-09-24T17:08:13.909+0000] {logging_mixin.py:188} INFO - [2025-09-24T17:08:13.908+0000] {dag.py:3096} INFO - Sync 1 DAGs
[2025-09-24T17:08:13.948+0000] {logging_mixin.py:188} INFO - [2025-09-24T17:08:13.948+0000] {dag.py:3954} INFO - Setting next_dagrun for latest_only to 2025-09-24 12:00:00+00:00, run_after=2025-09-24 16:00:00+00:00
[2025-09-24T17:08:13.978+0000] {processor.py:183} INFO - Processing /home/airflow/.local/lib/python3.12/site-packages/airflow/example_dags/example_latest_only.py took 0.124 seconds
[2025-09-24T17:08:44.396+0000] {processor.py:161} INFO - Started process (PID=3669) to work on /home/airflow/.local/lib/python3.12/site-packages/airflow/example_dags/example_latest_only.py
[2025-09-24T17:08:44.398+0000] {processor.py:830} INFO - Processing file /home/airflow/.local/lib/python3.12/site-packages/airflow/example_dags/example_latest_only.py for tasks to queue
[2025-09-24T17:08:44.401+0000] {logging_mixin.py:188} INFO - [2025-09-24T17:08:44.401+0000] {dagbag.py:540} INFO - Filling up the DagBag from /home/airflow/.local/lib/python3.12/site-packages/airflow/example_dags/example_latest_only.py
[2025-09-24T17:08:44.412+0000] {processor.py:840} INFO - DAG(s) 'latest_only' retrieved from /home/airflow/.local/lib/python3.12/site-packages/airflow/example_dags/example_latest_only.py
[2025-09-24T17:08:44.443+0000] {logging_mixin.py:188} INFO - [2025-09-24T17:08:44.443+0000] {dag.py:3096} INFO - Sync 1 DAGs
[2025-09-24T17:08:44.475+0000] {logging_mixin.py:188} INFO - [2025-09-24T17:08:44.475+0000] {dag.py:3954} INFO - Setting next_dagrun for latest_only to 2025-09-24 12:00:00+00:00, run_after=2025-09-24 16:00:00+00:00
[2025-09-24T17:08:44.509+0000] {processor.py:183} INFO - Processing /home/airflow/.local/lib/python3.12/site-packages/airflow/example_dags/example_latest_only.py took 0.122 seconds
[2025-09-24T17:09:14.643+0000] {processor.py:161} INFO - Started process (PID=3727) to work on /home/airflow/.local/lib/python3.12/site-packages/airflow/example_dags/example_latest_only.py
[2025-09-24T17:09:14.644+0000] {processor.py:830} INFO - Processing file /home/airflow/.local/lib/python3.12/site-packages/airflow/example_dags/example_latest_only.py for tasks to queue
[2025-09-24T17:09:14.647+0000] {logging_mixin.py:188} INFO - [2025-09-24T17:09:14.646+0000] {dagbag.py:540} INFO - Filling up the DagBag from /home/airflow/.local/lib/python3.12/site-packages/airflow/example_dags/example_latest_only.py
[2025-09-24T17:09:14.654+0000] {processor.py:840} INFO - DAG(s) 'latest_only' retrieved from /home/airflow/.local/lib/python3.12/site-packages/airflow/example_dags/example_latest_only.py
[2025-09-24T17:09:14.685+0000] {logging_mixin.py:188} INFO - [2025-09-24T17:09:14.685+0000] {dag.py:3096} INFO - Sync 1 DAGs
[2025-09-24T17:09:14.719+0000] {logging_mixin.py:188} INFO - [2025-09-24T17:09:14.719+0000] {dag.py:3954} INFO - Setting next_dagrun for latest_only to 2025-09-24 12:00:00+00:00, run_after=2025-09-24 16:00:00+00:00
[2025-09-24T17:09:14.749+0000] {processor.py:183} INFO - Processing /home/airflow/.local/lib/python3.12/site-packages/airflow/example_dags/example_latest_only.py took 0.116 seconds
[2025-09-24T17:09:44.953+0000] {processor.py:161} INFO - Started process (PID=3785) to work on /home/airflow/.local/lib/python3.12/site-packages/airflow/example_dags/example_latest_only.py
[2025-09-24T17:09:44.954+0000] {processor.py:830} INFO - Processing file /home/airflow/.local/lib/python3.12/site-packages/airflow/example_dags/example_latest_only.py for tasks to queue
[2025-09-24T17:09:44.957+0000] {logging_mixin.py:188} INFO - [2025-09-24T17:09:44.956+0000] {dagbag.py:540} INFO - Filling up the DagBag from /home/airflow/.local/lib/python3.12/site-packages/airflow/example_dags/example_latest_only.py
[2025-09-24T17:09:44.964+0000] {processor.py:840} INFO - DAG(s) 'latest_only' retrieved from /home/airflow/.local/lib/python3.12/site-packages/airflow/example_dags/example_latest_only.py
[2025-09-24T17:09:44.993+0000] {logging_mixin.py:188} INFO - [2025-09-24T17:09:44.992+0000] {dag.py:3096} INFO - Sync 1 DAGs
[2025-09-24T17:09:45.023+0000] {logging_mixin.py:188} INFO - [2025-09-24T17:09:45.022+0000] {dag.py:3954} INFO - Setting next_dagrun for latest_only to 2025-09-24 12:00:00+00:00, run_after=2025-09-24 16:00:00+00:00
[2025-09-24T17:09:45.057+0000] {processor.py:183} INFO - Processing /home/airflow/.local/lib/python3.12/site-packages/airflow/example_dags/example_latest_only.py took 0.113 seconds
[2025-09-24T17:10:15.460+0000] {processor.py:161} INFO - Started process (PID=3843) to work on /home/airflow/.local/lib/python3.12/site-packages/airflow/example_dags/example_latest_only.py
[2025-09-24T17:10:15.461+0000] {processor.py:830} INFO - Processing file /home/airflow/.local/lib/python3.12/site-packages/airflow/example_dags/example_latest_only.py for tasks to queue
[2025-09-24T17:10:15.464+0000] {logging_mixin.py:188} INFO - [2025-09-24T17:10:15.463+0000] {dagbag.py:540} INFO - Filling up the DagBag from /home/airflow/.local/lib/python3.12/site-packages/airflow/example_dags/example_latest_only.py
[2025-09-24T17:10:15.470+0000] {processor.py:840} INFO - DAG(s) 'latest_only' retrieved from /home/airflow/.local/lib/python3.12/site-packages/airflow/example_dags/example_latest_only.py
[2025-09-24T17:10:15.503+0000] {logging_mixin.py:188} INFO - [2025-09-24T17:10:15.503+0000] {dag.py:3096} INFO - Sync 1 DAGs
[2025-09-24T17:10:15.535+0000] {logging_mixin.py:188} INFO - [2025-09-24T17:10:15.535+0000] {dag.py:3954} INFO - Setting next_dagrun for latest_only to 2025-09-24 12:00:00+00:00, run_after=2025-09-24 16:00:00+00:00
[2025-09-24T17:10:15.563+0000] {processor.py:183} INFO - Processing /home/airflow/.local/lib/python3.12/site-packages/airflow/example_dags/example_latest_only.py took 0.111 seconds
[2025-09-24T17:10:45.614+0000] {processor.py:161} INFO - Started process (PID=3901) to work on /home/airflow/.local/lib/python3.12/site-packages/airflow/example_dags/example_latest_only.py
[2025-09-24T17:10:45.615+0000] {processor.py:830} INFO - Processing file /home/airflow/.local/lib/python3.12/site-packages/airflow/example_dags/example_latest_only.py for tasks to queue
[2025-09-24T17:10:45.618+0000] {logging_mixin.py:188} INFO - [2025-09-24T17:10:45.618+0000] {dagbag.py:540} INFO - Filling up the DagBag from /home/airflow/.local/lib/python3.12/site-packages/airflow/example_dags/example_latest_only.py
[2025-09-24T17:10:45.625+0000] {processor.py:840} INFO - DAG(s) 'latest_only' retrieved from /home/airflow/.local/lib/python3.12/site-packages/airflow/example_dags/example_latest_only.py
[2025-09-24T17:10:45.657+0000] {logging_mixin.py:188} INFO - [2025-09-24T17:10:45.656+0000] {dag.py:3096} INFO - Sync 1 DAGs
[2025-09-24T17:10:45.689+0000] {logging_mixin.py:188} INFO - [2025-09-24T17:10:45.689+0000] {dag.py:3954} INFO - Setting next_dagrun for latest_only to 2025-09-24 12:00:00+00:00, run_after=2025-09-24 16:00:00+00:00
[2025-09-24T17:10:45.715+0000] {processor.py:183} INFO - Processing /home/airflow/.local/lib/python3.12/site-packages/airflow/example_dags/example_latest_only.py took 0.112 seconds
[2025-09-24T17:11:16.429+0000] {processor.py:161} INFO - Started process (PID=3959) to work on /home/airflow/.local/lib/python3.12/site-packages/airflow/example_dags/example_latest_only.py
[2025-09-24T17:11:16.432+0000] {processor.py:830} INFO - Processing file /home/airflow/.local/lib/python3.12/site-packages/airflow/example_dags/example_latest_only.py for tasks to queue
[2025-09-24T17:11:16.434+0000] {logging_mixin.py:188} INFO - [2025-09-24T17:11:16.434+0000] {dagbag.py:540} INFO - Filling up the DagBag from /home/airflow/.local/lib/python3.12/site-packages/airflow/example_dags/example_latest_only.py
[2025-09-24T17:11:16.441+0000] {processor.py:840} INFO - DAG(s) 'latest_only' retrieved from /home/airflow/.local/lib/python3.12/site-packages/airflow/example_dags/example_latest_only.py
[2025-09-24T17:11:16.474+0000] {logging_mixin.py:188} INFO - [2025-09-24T17:11:16.474+0000] {dag.py:3096} INFO - Sync 1 DAGs
[2025-09-24T17:11:16.509+0000] {logging_mixin.py:188} INFO - [2025-09-24T17:11:16.509+0000] {dag.py:3954} INFO - Setting next_dagrun for latest_only to 2025-09-24 12:00:00+00:00, run_after=2025-09-24 16:00:00+00:00
[2025-09-24T17:11:16.540+0000] {processor.py:183} INFO - Processing /home/airflow/.local/lib/python3.12/site-packages/airflow/example_dags/example_latest_only.py took 0.120 seconds
[2025-09-24T17:11:46.906+0000] {processor.py:161} INFO - Started process (PID=4017) to work on /home/airflow/.local/lib/python3.12/site-packages/airflow/example_dags/example_latest_only.py
[2025-09-24T17:11:46.907+0000] {processor.py:830} INFO - Processing file /home/airflow/.local/lib/python3.12/site-packages/airflow/example_dags/example_latest_only.py for tasks to queue
[2025-09-24T17:11:46.910+0000] {logging_mixin.py:188} INFO - [2025-09-24T17:11:46.910+0000] {dagbag.py:540} INFO - Filling up the DagBag from /home/airflow/.local/lib/python3.12/site-packages/airflow/example_dags/example_latest_only.py
[2025-09-24T17:11:46.917+0000] {processor.py:840} INFO - DAG(s) 'latest_only' retrieved from /home/airflow/.local/lib/python3.12/site-packages/airflow/example_dags/example_latest_only.py
[2025-09-24T17:11:46.948+0000] {logging_mixin.py:188} INFO - [2025-09-24T17:11:46.947+0000] {dag.py:3096} INFO - Sync 1 DAGs
[2025-09-24T17:11:46.981+0000] {logging_mixin.py:188} INFO - [2025-09-24T17:11:46.981+0000] {dag.py:3954} INFO - Setting next_dagrun for latest_only to 2025-09-24 12:00:00+00:00, run_after=2025-09-24 16:00:00+00:00
[2025-09-24T17:11:47.010+0000] {processor.py:183} INFO - Processing /home/airflow/.local/lib/python3.12/site-packages/airflow/example_dags/example_latest_only.py took 0.114 seconds
[2025-09-24T17:12:17.577+0000] {processor.py:161} INFO - Started process (PID=4075) to work on /home/airflow/.local/lib/python3.12/site-packages/airflow/example_dags/example_latest_only.py
[2025-09-24T17:12:17.579+0000] {processor.py:830} INFO - Processing file /home/airflow/.local/lib/python3.12/site-packages/airflow/example_dags/example_latest_only.py for tasks to queue
[2025-09-24T17:12:17.581+0000] {logging_mixin.py:188} INFO - [2025-09-24T17:12:17.581+0000] {dagbag.py:540} INFO - Filling up the DagBag from /home/airflow/.local/lib/python3.12/site-packages/airflow/example_dags/example_latest_only.py
[2025-09-24T17:12:17.588+0000] {processor.py:840} INFO - DAG(s) 'latest_only' retrieved from /home/airflow/.local/lib/python3.12/site-packages/airflow/example_dags/example_latest_only.py
[2025-09-24T17:12:17.620+0000] {logging_mixin.py:188} INFO - [2025-09-24T17:12:17.620+0000] {dag.py:3096} INFO - Sync 1 DAGs
[2025-09-24T17:12:17.655+0000] {logging_mixin.py:188} INFO - [2025-09-24T17:12:17.655+0000] {dag.py:3954} INFO - Setting next_dagrun for latest_only to 2025-09-24 12:00:00+00:00, run_after=2025-09-24 16:00:00+00:00
[2025-09-24T17:12:17.686+0000] {processor.py:183} INFO - Processing /home/airflow/.local/lib/python3.12/site-packages/airflow/example_dags/example_latest_only.py took 0.118 seconds
[2025-09-24T17:12:48.128+0000] {processor.py:161} INFO - Started process (PID=4133) to work on /home/airflow/.local/lib/python3.12/site-packages/airflow/example_dags/example_latest_only.py
[2025-09-24T17:12:48.129+0000] {processor.py:830} INFO - Processing file /home/airflow/.local/lib/python3.12/site-packages/airflow/example_dags/example_latest_only.py for tasks to queue
[2025-09-24T17:12:48.132+0000] {logging_mixin.py:188} INFO - [2025-09-24T17:12:48.131+0000] {dagbag.py:540} INFO - Filling up the DagBag from /home/airflow/.local/lib/python3.12/site-packages/airflow/example_dags/example_latest_only.py
[2025-09-24T17:12:48.140+0000] {processor.py:840} INFO - DAG(s) 'latest_only' retrieved from /home/airflow/.local/lib/python3.12/site-packages/airflow/example_dags/example_latest_only.py
[2025-09-24T17:12:48.190+0000] {logging_mixin.py:188} INFO - [2025-09-24T17:12:48.189+0000] {dag.py:3096} INFO - Sync 1 DAGs
[2025-09-24T17:12:48.240+0000] {logging_mixin.py:188} INFO - [2025-09-24T17:12:48.239+0000] {dag.py:3954} INFO - Setting next_dagrun for latest_only to 2025-09-24 12:00:00+00:00, run_after=2025-09-24 16:00:00+00:00
[2025-09-24T17:12:48.272+0000] {processor.py:183} INFO - Processing /home/airflow/.local/lib/python3.12/site-packages/airflow/example_dags/example_latest_only.py took 0.154 seconds
[2025-09-24T17:13:18.663+0000] {processor.py:161} INFO - Started process (PID=4191) to work on /home/airflow/.local/lib/python3.12/site-packages/airflow/example_dags/example_latest_only.py
[2025-09-24T17:13:18.664+0000] {processor.py:830} INFO - Processing file /home/airflow/.local/lib/python3.12/site-packages/airflow/example_dags/example_latest_only.py for tasks to queue
[2025-09-24T17:13:18.667+0000] {logging_mixin.py:188} INFO - [2025-09-24T17:13:18.667+0000] {dagbag.py:540} INFO - Filling up the DagBag from /home/airflow/.local/lib/python3.12/site-packages/airflow/example_dags/example_latest_only.py
[2025-09-24T17:13:18.674+0000] {processor.py:840} INFO - DAG(s) 'latest_only' retrieved from /home/airflow/.local/lib/python3.12/site-packages/airflow/example_dags/example_latest_only.py
[2025-09-24T17:13:18.706+0000] {logging_mixin.py:188} INFO - [2025-09-24T17:13:18.705+0000] {dag.py:3096} INFO - Sync 1 DAGs
[2025-09-24T17:13:18.739+0000] {logging_mixin.py:188} INFO - [2025-09-24T17:13:18.739+0000] {dag.py:3954} INFO - Setting next_dagrun for latest_only to 2025-09-24 12:00:00+00:00, run_after=2025-09-24 16:00:00+00:00
[2025-09-24T17:13:18.767+0000] {processor.py:183} INFO - Processing /home/airflow/.local/lib/python3.12/site-packages/airflow/example_dags/example_latest_only.py took 0.113 seconds
[2025-09-24T17:13:49.209+0000] {processor.py:161} INFO - Started process (PID=4249) to work on /home/airflow/.local/lib/python3.12/site-packages/airflow/example_dags/example_latest_only.py
[2025-09-24T17:13:49.211+0000] {processor.py:830} INFO - Processing file /home/airflow/.local/lib/python3.12/site-packages/airflow/example_dags/example_latest_only.py for tasks to queue
[2025-09-24T17:13:49.214+0000] {logging_mixin.py:188} INFO - [2025-09-24T17:13:49.213+0000] {dagbag.py:540} INFO - Filling up the DagBag from /home/airflow/.local/lib/python3.12/site-packages/airflow/example_dags/example_latest_only.py
[2025-09-24T17:13:49.223+0000] {processor.py:840} INFO - DAG(s) 'latest_only' retrieved from /home/airflow/.local/lib/python3.12/site-packages/airflow/example_dags/example_latest_only.py
[2025-09-24T17:13:49.260+0000] {logging_mixin.py:188} INFO - [2025-09-24T17:13:49.260+0000] {dag.py:3096} INFO - Sync 1 DAGs
[2025-09-24T17:13:49.299+0000] {logging_mixin.py:188} INFO - [2025-09-24T17:13:49.298+0000] {dag.py:3954} INFO - Setting next_dagrun for latest_only to 2025-09-24 12:00:00+00:00, run_after=2025-09-24 16:00:00+00:00
[2025-09-24T17:13:49.331+0000] {processor.py:183} INFO - Processing /home/airflow/.local/lib/python3.12/site-packages/airflow/example_dags/example_latest_only.py took 0.132 seconds
[2025-09-24T17:14:19.407+0000] {processor.py:161} INFO - Started process (PID=4307) to work on /home/airflow/.local/lib/python3.12/site-packages/airflow/example_dags/example_latest_only.py
[2025-09-24T17:14:19.409+0000] {processor.py:830} INFO - Processing file /home/airflow/.local/lib/python3.12/site-packages/airflow/example_dags/example_latest_only.py for tasks to queue
[2025-09-24T17:14:19.415+0000] {logging_mixin.py:188} INFO - [2025-09-24T17:14:19.414+0000] {dagbag.py:540} INFO - Filling up the DagBag from /home/airflow/.local/lib/python3.12/site-packages/airflow/example_dags/example_latest_only.py
[2025-09-24T17:14:19.421+0000] {processor.py:840} INFO - DAG(s) 'latest_only' retrieved from /home/airflow/.local/lib/python3.12/site-packages/airflow/example_dags/example_latest_only.py
[2025-09-24T17:14:19.453+0000] {logging_mixin.py:188} INFO - [2025-09-24T17:14:19.453+0000] {dag.py:3096} INFO - Sync 1 DAGs
[2025-09-24T17:14:19.482+0000] {logging_mixin.py:188} INFO - [2025-09-24T17:14:19.482+0000] {dag.py:3954} INFO - Setting next_dagrun for latest_only to 2025-09-24 12:00:00+00:00, run_after=2025-09-24 16:00:00+00:00
[2025-09-24T17:14:19.509+0000] {processor.py:183} INFO - Processing /home/airflow/.local/lib/python3.12/site-packages/airflow/example_dags/example_latest_only.py took 0.110 seconds
[2025-09-24T17:18:11.116+0000] {processor.py:161} INFO - Started process (PID=4323) to work on /home/airflow/.local/lib/python3.12/site-packages/airflow/example_dags/example_latest_only.py
[2025-09-24T17:18:11.119+0000] {processor.py:830} INFO - Processing file /home/airflow/.local/lib/python3.12/site-packages/airflow/example_dags/example_latest_only.py for tasks to queue
[2025-09-24T17:18:11.124+0000] {logging_mixin.py:188} INFO - [2025-09-24T17:18:11.123+0000] {dagbag.py:540} INFO - Filling up the DagBag from /home/airflow/.local/lib/python3.12/site-packages/airflow/example_dags/example_latest_only.py
[2025-09-24T17:18:11.142+0000] {processor.py:840} INFO - DAG(s) 'latest_only' retrieved from /home/airflow/.local/lib/python3.12/site-packages/airflow/example_dags/example_latest_only.py
[2025-09-24T17:18:11.200+0000] {logging_mixin.py:188} INFO - [2025-09-24T17:18:11.199+0000] {dag.py:3096} INFO - Sync 1 DAGs
[2025-09-24T17:18:11.274+0000] {logging_mixin.py:188} INFO - [2025-09-24T17:18:11.273+0000] {dag.py:3954} INFO - Setting next_dagrun for latest_only to 2025-09-24 12:00:00+00:00, run_after=2025-09-24 16:00:00+00:00
[2025-09-24T17:18:11.346+0000] {processor.py:183} INFO - Processing /home/airflow/.local/lib/python3.12/site-packages/airflow/example_dags/example_latest_only.py took 0.253 seconds
