[2025-09-24T16:37:17.974+0000] {processor.py:161} INFO - Started process (PID=98) to work on /home/airflow/.local/lib/python3.12/site-packages/airflow/example_dags/example_display_name.py
[2025-09-24T16:37:17.975+0000] {processor.py:830} INFO - Processing file /home/airflow/.local/lib/python3.12/site-packages/airflow/example_dags/example_display_name.py for tasks to queue
[2025-09-24T16:37:17.978+0000] {logging_mixin.py:188} INFO - [2025-09-24T16:37:17.977+0000] {dagbag.py:540} INFO - Filling up the DagBag from /home/airflow/.local/lib/python3.12/site-packages/airflow/example_dags/example_display_name.py
[2025-09-24T16:37:17.985+0000] {processor.py:840} INFO - DAG(s) 'example_display_name' retrieved from /home/airflow/.local/lib/python3.12/site-packages/airflow/example_dags/example_display_name.py
[2025-09-24T16:37:18.111+0000] {logging_mixin.py:188} INFO - [2025-09-24T16:37:18.110+0000] {dag.py:3096} INFO - Sync 1 DAGs
[2025-09-24T16:37:18.125+0000] {logging_mixin.py:188} INFO - [2025-09-24T16:37:18.124+0000] {dag.py:3954} INFO - Setting next_dagrun for example_display_name to None, run_after=None
[2025-09-24T16:37:18.155+0000] {processor.py:183} INFO - Processing /home/airflow/.local/lib/python3.12/site-packages/airflow/example_dags/example_display_name.py took 0.189 seconds
[2025-09-24T16:37:48.976+0000] {processor.py:161} INFO - Started process (PID=156) to work on /home/airflow/.local/lib/python3.12/site-packages/airflow/example_dags/example_display_name.py
[2025-09-24T16:37:48.977+0000] {processor.py:830} INFO - Processing file /home/airflow/.local/lib/python3.12/site-packages/airflow/example_dags/example_display_name.py for tasks to queue
[2025-09-24T16:37:48.980+0000] {logging_mixin.py:188} INFO - [2025-09-24T16:37:48.980+0000] {dagbag.py:540} INFO - Filling up the DagBag from /home/airflow/.local/lib/python3.12/site-packages/airflow/example_dags/example_display_name.py
[2025-09-24T16:37:48.997+0000] {processor.py:840} INFO - DAG(s) 'example_display_name' retrieved from /home/airflow/.local/lib/python3.12/site-packages/airflow/example_dags/example_display_name.py
[2025-09-24T16:37:49.024+0000] {logging_mixin.py:188} INFO - [2025-09-24T16:37:49.024+0000] {dag.py:3096} INFO - Sync 1 DAGs
[2025-09-24T16:37:49.043+0000] {logging_mixin.py:188} INFO - [2025-09-24T16:37:49.043+0000] {dag.py:3954} INFO - Setting next_dagrun for example_display_name to None, run_after=None
[2025-09-24T16:37:49.071+0000] {processor.py:183} INFO - Processing /home/airflow/.local/lib/python3.12/site-packages/airflow/example_dags/example_display_name.py took 0.105 seconds
[2025-09-24T16:38:19.256+0000] {processor.py:161} INFO - Started process (PID=214) to work on /home/airflow/.local/lib/python3.12/site-packages/airflow/example_dags/example_display_name.py
[2025-09-24T16:38:19.257+0000] {processor.py:830} INFO - Processing file /home/airflow/.local/lib/python3.12/site-packages/airflow/example_dags/example_display_name.py for tasks to queue
[2025-09-24T16:38:19.260+0000] {logging_mixin.py:188} INFO - [2025-09-24T16:38:19.259+0000] {dagbag.py:540} INFO - Filling up the DagBag from /home/airflow/.local/lib/python3.12/site-packages/airflow/example_dags/example_display_name.py
[2025-09-24T16:38:19.267+0000] {processor.py:840} INFO - DAG(s) 'example_display_name' retrieved from /home/airflow/.local/lib/python3.12/site-packages/airflow/example_dags/example_display_name.py
[2025-09-24T16:38:19.290+0000] {logging_mixin.py:188} INFO - [2025-09-24T16:38:19.290+0000] {dag.py:3096} INFO - Sync 1 DAGs
[2025-09-24T16:38:19.305+0000] {logging_mixin.py:188} INFO - [2025-09-24T16:38:19.305+0000] {dag.py:3954} INFO - Setting next_dagrun for example_display_name to None, run_after=None
[2025-09-24T16:38:19.327+0000] {processor.py:183} INFO - Processing /home/airflow/.local/lib/python3.12/site-packages/airflow/example_dags/example_display_name.py took 0.078 seconds
[2025-09-24T16:38:49.695+0000] {processor.py:161} INFO - Started process (PID=272) to work on /home/airflow/.local/lib/python3.12/site-packages/airflow/example_dags/example_display_name.py
[2025-09-24T16:38:49.696+0000] {processor.py:830} INFO - Processing file /home/airflow/.local/lib/python3.12/site-packages/airflow/example_dags/example_display_name.py for tasks to queue
[2025-09-24T16:38:49.699+0000] {logging_mixin.py:188} INFO - [2025-09-24T16:38:49.699+0000] {dagbag.py:540} INFO - Filling up the DagBag from /home/airflow/.local/lib/python3.12/site-packages/airflow/example_dags/example_display_name.py
[2025-09-24T16:38:49.706+0000] {processor.py:840} INFO - DAG(s) 'example_display_name' retrieved from /home/airflow/.local/lib/python3.12/site-packages/airflow/example_dags/example_display_name.py
[2025-09-24T16:38:49.730+0000] {logging_mixin.py:188} INFO - [2025-09-24T16:38:49.730+0000] {dag.py:3096} INFO - Sync 1 DAGs
[2025-09-24T16:38:49.746+0000] {logging_mixin.py:188} INFO - [2025-09-24T16:38:49.746+0000] {dag.py:3954} INFO - Setting next_dagrun for example_display_name to None, run_after=None
[2025-09-24T16:38:49.768+0000] {processor.py:183} INFO - Processing /home/airflow/.local/lib/python3.12/site-packages/airflow/example_dags/example_display_name.py took 0.081 seconds
[2025-09-24T16:39:19.963+0000] {processor.py:161} INFO - Started process (PID=330) to work on /home/airflow/.local/lib/python3.12/site-packages/airflow/example_dags/example_display_name.py
[2025-09-24T16:39:19.964+0000] {processor.py:830} INFO - Processing file /home/airflow/.local/lib/python3.12/site-packages/airflow/example_dags/example_display_name.py for tasks to queue
[2025-09-24T16:39:19.967+0000] {logging_mixin.py:188} INFO - [2025-09-24T16:39:19.966+0000] {dagbag.py:540} INFO - Filling up the DagBag from /home/airflow/.local/lib/python3.12/site-packages/airflow/example_dags/example_display_name.py
[2025-09-24T16:39:19.973+0000] {processor.py:840} INFO - DAG(s) 'example_display_name' retrieved from /home/airflow/.local/lib/python3.12/site-packages/airflow/example_dags/example_display_name.py
[2025-09-24T16:39:19.996+0000] {logging_mixin.py:188} INFO - [2025-09-24T16:39:19.996+0000] {dag.py:3096} INFO - Sync 1 DAGs
[2025-09-24T16:39:20.011+0000] {logging_mixin.py:188} INFO - [2025-09-24T16:39:20.011+0000] {dag.py:3954} INFO - Setting next_dagrun for example_display_name to None, run_after=None
[2025-09-24T16:39:20.032+0000] {processor.py:183} INFO - Processing /home/airflow/.local/lib/python3.12/site-packages/airflow/example_dags/example_display_name.py took 0.076 seconds
[2025-09-24T16:39:50.722+0000] {processor.py:161} INFO - Started process (PID=388) to work on /home/airflow/.local/lib/python3.12/site-packages/airflow/example_dags/example_display_name.py
[2025-09-24T16:39:50.723+0000] {processor.py:830} INFO - Processing file /home/airflow/.local/lib/python3.12/site-packages/airflow/example_dags/example_display_name.py for tasks to queue
[2025-09-24T16:39:50.726+0000] {logging_mixin.py:188} INFO - [2025-09-24T16:39:50.725+0000] {dagbag.py:540} INFO - Filling up the DagBag from /home/airflow/.local/lib/python3.12/site-packages/airflow/example_dags/example_display_name.py
[2025-09-24T16:39:50.733+0000] {processor.py:840} INFO - DAG(s) 'example_display_name' retrieved from /home/airflow/.local/lib/python3.12/site-packages/airflow/example_dags/example_display_name.py
[2025-09-24T16:39:50.759+0000] {logging_mixin.py:188} INFO - [2025-09-24T16:39:50.758+0000] {dag.py:3096} INFO - Sync 1 DAGs
[2025-09-24T16:39:50.779+0000] {logging_mixin.py:188} INFO - [2025-09-24T16:39:50.778+0000] {dag.py:3954} INFO - Setting next_dagrun for example_display_name to None, run_after=None
[2025-09-24T16:39:50.806+0000] {processor.py:183} INFO - Processing /home/airflow/.local/lib/python3.12/site-packages/airflow/example_dags/example_display_name.py took 0.092 seconds
[2025-09-24T16:40:21.059+0000] {processor.py:161} INFO - Started process (PID=446) to work on /home/airflow/.local/lib/python3.12/site-packages/airflow/example_dags/example_display_name.py
[2025-09-24T16:40:21.060+0000] {processor.py:830} INFO - Processing file /home/airflow/.local/lib/python3.12/site-packages/airflow/example_dags/example_display_name.py for tasks to queue
[2025-09-24T16:40:21.063+0000] {logging_mixin.py:188} INFO - [2025-09-24T16:40:21.062+0000] {dagbag.py:540} INFO - Filling up the DagBag from /home/airflow/.local/lib/python3.12/site-packages/airflow/example_dags/example_display_name.py
[2025-09-24T16:40:21.070+0000] {processor.py:840} INFO - DAG(s) 'example_display_name' retrieved from /home/airflow/.local/lib/python3.12/site-packages/airflow/example_dags/example_display_name.py
[2025-09-24T16:40:21.095+0000] {logging_mixin.py:188} INFO - [2025-09-24T16:40:21.094+0000] {dag.py:3096} INFO - Sync 1 DAGs
[2025-09-24T16:40:21.110+0000] {logging_mixin.py:188} INFO - [2025-09-24T16:40:21.110+0000] {dag.py:3954} INFO - Setting next_dagrun for example_display_name to None, run_after=None
[2025-09-24T16:40:21.133+0000] {processor.py:183} INFO - Processing /home/airflow/.local/lib/python3.12/site-packages/airflow/example_dags/example_display_name.py took 0.082 seconds
[2025-09-24T16:40:51.430+0000] {processor.py:161} INFO - Started process (PID=504) to work on /home/airflow/.local/lib/python3.12/site-packages/airflow/example_dags/example_display_name.py
[2025-09-24T16:40:51.432+0000] {processor.py:830} INFO - Processing file /home/airflow/.local/lib/python3.12/site-packages/airflow/example_dags/example_display_name.py for tasks to queue
[2025-09-24T16:40:51.434+0000] {logging_mixin.py:188} INFO - [2025-09-24T16:40:51.433+0000] {dagbag.py:540} INFO - Filling up the DagBag from /home/airflow/.local/lib/python3.12/site-packages/airflow/example_dags/example_display_name.py
[2025-09-24T16:40:51.441+0000] {processor.py:840} INFO - DAG(s) 'example_display_name' retrieved from /home/airflow/.local/lib/python3.12/site-packages/airflow/example_dags/example_display_name.py
[2025-09-24T16:40:51.471+0000] {logging_mixin.py:188} INFO - [2025-09-24T16:40:51.471+0000] {dag.py:3096} INFO - Sync 1 DAGs
[2025-09-24T16:40:51.487+0000] {logging_mixin.py:188} INFO - [2025-09-24T16:40:51.486+0000] {dag.py:3954} INFO - Setting next_dagrun for example_display_name to None, run_after=None
[2025-09-24T16:40:51.509+0000] {processor.py:183} INFO - Processing /home/airflow/.local/lib/python3.12/site-packages/airflow/example_dags/example_display_name.py took 0.086 seconds
[2025-09-24T16:41:21.842+0000] {processor.py:161} INFO - Started process (PID=562) to work on /home/airflow/.local/lib/python3.12/site-packages/airflow/example_dags/example_display_name.py
[2025-09-24T16:41:21.843+0000] {processor.py:830} INFO - Processing file /home/airflow/.local/lib/python3.12/site-packages/airflow/example_dags/example_display_name.py for tasks to queue
[2025-09-24T16:41:21.846+0000] {logging_mixin.py:188} INFO - [2025-09-24T16:41:21.845+0000] {dagbag.py:540} INFO - Filling up the DagBag from /home/airflow/.local/lib/python3.12/site-packages/airflow/example_dags/example_display_name.py
[2025-09-24T16:41:21.853+0000] {processor.py:840} INFO - DAG(s) 'example_display_name' retrieved from /home/airflow/.local/lib/python3.12/site-packages/airflow/example_dags/example_display_name.py
[2025-09-24T16:41:21.878+0000] {logging_mixin.py:188} INFO - [2025-09-24T16:41:21.878+0000] {dag.py:3096} INFO - Sync 1 DAGs
[2025-09-24T16:41:21.894+0000] {logging_mixin.py:188} INFO - [2025-09-24T16:41:21.894+0000] {dag.py:3954} INFO - Setting next_dagrun for example_display_name to None, run_after=None
[2025-09-24T16:41:21.917+0000] {processor.py:183} INFO - Processing /home/airflow/.local/lib/python3.12/site-packages/airflow/example_dags/example_display_name.py took 0.082 seconds
[2025-09-24T16:41:52.431+0000] {processor.py:161} INFO - Started process (PID=620) to work on /home/airflow/.local/lib/python3.12/site-packages/airflow/example_dags/example_display_name.py
[2025-09-24T16:41:52.432+0000] {processor.py:830} INFO - Processing file /home/airflow/.local/lib/python3.12/site-packages/airflow/example_dags/example_display_name.py for tasks to queue
[2025-09-24T16:41:52.434+0000] {logging_mixin.py:188} INFO - [2025-09-24T16:41:52.434+0000] {dagbag.py:540} INFO - Filling up the DagBag from /home/airflow/.local/lib/python3.12/site-packages/airflow/example_dags/example_display_name.py
[2025-09-24T16:41:52.441+0000] {processor.py:840} INFO - DAG(s) 'example_display_name' retrieved from /home/airflow/.local/lib/python3.12/site-packages/airflow/example_dags/example_display_name.py
[2025-09-24T16:41:52.466+0000] {logging_mixin.py:188} INFO - [2025-09-24T16:41:52.466+0000] {dag.py:3096} INFO - Sync 1 DAGs
[2025-09-24T16:41:52.483+0000] {logging_mixin.py:188} INFO - [2025-09-24T16:41:52.483+0000] {dag.py:3954} INFO - Setting next_dagrun for example_display_name to None, run_after=None
[2025-09-24T16:41:52.505+0000] {processor.py:183} INFO - Processing /home/airflow/.local/lib/python3.12/site-packages/airflow/example_dags/example_display_name.py took 0.082 seconds
[2025-09-24T16:42:22.610+0000] {processor.py:161} INFO - Started process (PID=678) to work on /home/airflow/.local/lib/python3.12/site-packages/airflow/example_dags/example_display_name.py
[2025-09-24T16:42:22.611+0000] {processor.py:830} INFO - Processing file /home/airflow/.local/lib/python3.12/site-packages/airflow/example_dags/example_display_name.py for tasks to queue
[2025-09-24T16:42:22.613+0000] {logging_mixin.py:188} INFO - [2025-09-24T16:42:22.613+0000] {dagbag.py:540} INFO - Filling up the DagBag from /home/airflow/.local/lib/python3.12/site-packages/airflow/example_dags/example_display_name.py
[2025-09-24T16:42:22.621+0000] {processor.py:840} INFO - DAG(s) 'example_display_name' retrieved from /home/airflow/.local/lib/python3.12/site-packages/airflow/example_dags/example_display_name.py
[2025-09-24T16:42:22.645+0000] {logging_mixin.py:188} INFO - [2025-09-24T16:42:22.645+0000] {dag.py:3096} INFO - Sync 1 DAGs
[2025-09-24T16:42:22.661+0000] {logging_mixin.py:188} INFO - [2025-09-24T16:42:22.661+0000] {dag.py:3954} INFO - Setting next_dagrun for example_display_name to None, run_after=None
[2025-09-24T16:42:22.683+0000] {processor.py:183} INFO - Processing /home/airflow/.local/lib/python3.12/site-packages/airflow/example_dags/example_display_name.py took 0.080 seconds
[2025-09-24T16:42:53.109+0000] {processor.py:161} INFO - Started process (PID=736) to work on /home/airflow/.local/lib/python3.12/site-packages/airflow/example_dags/example_display_name.py
[2025-09-24T16:42:53.110+0000] {processor.py:830} INFO - Processing file /home/airflow/.local/lib/python3.12/site-packages/airflow/example_dags/example_display_name.py for tasks to queue
[2025-09-24T16:42:53.113+0000] {logging_mixin.py:188} INFO - [2025-09-24T16:42:53.113+0000] {dagbag.py:540} INFO - Filling up the DagBag from /home/airflow/.local/lib/python3.12/site-packages/airflow/example_dags/example_display_name.py
[2025-09-24T16:42:53.121+0000] {processor.py:840} INFO - DAG(s) 'example_display_name' retrieved from /home/airflow/.local/lib/python3.12/site-packages/airflow/example_dags/example_display_name.py
[2025-09-24T16:42:53.145+0000] {logging_mixin.py:188} INFO - [2025-09-24T16:42:53.145+0000] {dag.py:3096} INFO - Sync 1 DAGs
[2025-09-24T16:42:53.160+0000] {logging_mixin.py:188} INFO - [2025-09-24T16:42:53.160+0000] {dag.py:3954} INFO - Setting next_dagrun for example_display_name to None, run_after=None
[2025-09-24T16:42:53.183+0000] {processor.py:183} INFO - Processing /home/airflow/.local/lib/python3.12/site-packages/airflow/example_dags/example_display_name.py took 0.081 seconds
[2025-09-24T16:43:23.540+0000] {processor.py:161} INFO - Started process (PID=794) to work on /home/airflow/.local/lib/python3.12/site-packages/airflow/example_dags/example_display_name.py
[2025-09-24T16:43:23.541+0000] {processor.py:830} INFO - Processing file /home/airflow/.local/lib/python3.12/site-packages/airflow/example_dags/example_display_name.py for tasks to queue
[2025-09-24T16:43:23.543+0000] {logging_mixin.py:188} INFO - [2025-09-24T16:43:23.543+0000] {dagbag.py:540} INFO - Filling up the DagBag from /home/airflow/.local/lib/python3.12/site-packages/airflow/example_dags/example_display_name.py
[2025-09-24T16:43:23.550+0000] {processor.py:840} INFO - DAG(s) 'example_display_name' retrieved from /home/airflow/.local/lib/python3.12/site-packages/airflow/example_dags/example_display_name.py
[2025-09-24T16:43:23.574+0000] {logging_mixin.py:188} INFO - [2025-09-24T16:43:23.574+0000] {dag.py:3096} INFO - Sync 1 DAGs
[2025-09-24T16:43:23.590+0000] {logging_mixin.py:188} INFO - [2025-09-24T16:43:23.590+0000] {dag.py:3954} INFO - Setting next_dagrun for example_display_name to None, run_after=None
[2025-09-24T16:43:23.612+0000] {processor.py:183} INFO - Processing /home/airflow/.local/lib/python3.12/site-packages/airflow/example_dags/example_display_name.py took 0.080 seconds
[2025-09-24T16:43:53.755+0000] {processor.py:161} INFO - Started process (PID=852) to work on /home/airflow/.local/lib/python3.12/site-packages/airflow/example_dags/example_display_name.py
[2025-09-24T16:43:53.757+0000] {processor.py:830} INFO - Processing file /home/airflow/.local/lib/python3.12/site-packages/airflow/example_dags/example_display_name.py for tasks to queue
[2025-09-24T16:43:53.759+0000] {logging_mixin.py:188} INFO - [2025-09-24T16:43:53.759+0000] {dagbag.py:540} INFO - Filling up the DagBag from /home/airflow/.local/lib/python3.12/site-packages/airflow/example_dags/example_display_name.py
[2025-09-24T16:43:53.767+0000] {processor.py:840} INFO - DAG(s) 'example_display_name' retrieved from /home/airflow/.local/lib/python3.12/site-packages/airflow/example_dags/example_display_name.py
[2025-09-24T16:43:53.794+0000] {logging_mixin.py:188} INFO - [2025-09-24T16:43:53.794+0000] {dag.py:3096} INFO - Sync 1 DAGs
[2025-09-24T16:43:53.811+0000] {logging_mixin.py:188} INFO - [2025-09-24T16:43:53.811+0000] {dag.py:3954} INFO - Setting next_dagrun for example_display_name to None, run_after=None
[2025-09-24T16:43:53.835+0000] {processor.py:183} INFO - Processing /home/airflow/.local/lib/python3.12/site-packages/airflow/example_dags/example_display_name.py took 0.088 seconds
[2025-09-24T16:44:24.319+0000] {processor.py:161} INFO - Started process (PID=910) to work on /home/airflow/.local/lib/python3.12/site-packages/airflow/example_dags/example_display_name.py
[2025-09-24T16:44:24.320+0000] {processor.py:830} INFO - Processing file /home/airflow/.local/lib/python3.12/site-packages/airflow/example_dags/example_display_name.py for tasks to queue
[2025-09-24T16:44:24.322+0000] {logging_mixin.py:188} INFO - [2025-09-24T16:44:24.322+0000] {dagbag.py:540} INFO - Filling up the DagBag from /home/airflow/.local/lib/python3.12/site-packages/airflow/example_dags/example_display_name.py
[2025-09-24T16:44:24.329+0000] {processor.py:840} INFO - DAG(s) 'example_display_name' retrieved from /home/airflow/.local/lib/python3.12/site-packages/airflow/example_dags/example_display_name.py
[2025-09-24T16:44:24.353+0000] {logging_mixin.py:188} INFO - [2025-09-24T16:44:24.353+0000] {dag.py:3096} INFO - Sync 1 DAGs
[2025-09-24T16:44:24.369+0000] {logging_mixin.py:188} INFO - [2025-09-24T16:44:24.369+0000] {dag.py:3954} INFO - Setting next_dagrun for example_display_name to None, run_after=None
[2025-09-24T16:44:24.393+0000] {processor.py:183} INFO - Processing /home/airflow/.local/lib/python3.12/site-packages/airflow/example_dags/example_display_name.py took 0.083 seconds
[2025-09-24T16:44:54.905+0000] {processor.py:161} INFO - Started process (PID=968) to work on /home/airflow/.local/lib/python3.12/site-packages/airflow/example_dags/example_display_name.py
[2025-09-24T16:44:54.906+0000] {processor.py:830} INFO - Processing file /home/airflow/.local/lib/python3.12/site-packages/airflow/example_dags/example_display_name.py for tasks to queue
[2025-09-24T16:44:54.909+0000] {logging_mixin.py:188} INFO - [2025-09-24T16:44:54.909+0000] {dagbag.py:540} INFO - Filling up the DagBag from /home/airflow/.local/lib/python3.12/site-packages/airflow/example_dags/example_display_name.py
[2025-09-24T16:44:54.918+0000] {processor.py:840} INFO - DAG(s) 'example_display_name' retrieved from /home/airflow/.local/lib/python3.12/site-packages/airflow/example_dags/example_display_name.py
[2025-09-24T16:44:54.947+0000] {logging_mixin.py:188} INFO - [2025-09-24T16:44:54.947+0000] {dag.py:3096} INFO - Sync 1 DAGs
[2025-09-24T16:44:54.967+0000] {logging_mixin.py:188} INFO - [2025-09-24T16:44:54.966+0000] {dag.py:3954} INFO - Setting next_dagrun for example_display_name to None, run_after=None
[2025-09-24T16:44:54.996+0000] {processor.py:183} INFO - Processing /home/airflow/.local/lib/python3.12/site-packages/airflow/example_dags/example_display_name.py took 0.100 seconds
[2025-09-24T16:45:25.128+0000] {processor.py:161} INFO - Started process (PID=1026) to work on /home/airflow/.local/lib/python3.12/site-packages/airflow/example_dags/example_display_name.py
[2025-09-24T16:45:25.129+0000] {processor.py:830} INFO - Processing file /home/airflow/.local/lib/python3.12/site-packages/airflow/example_dags/example_display_name.py for tasks to queue
[2025-09-24T16:45:25.131+0000] {logging_mixin.py:188} INFO - [2025-09-24T16:45:25.131+0000] {dagbag.py:540} INFO - Filling up the DagBag from /home/airflow/.local/lib/python3.12/site-packages/airflow/example_dags/example_display_name.py
[2025-09-24T16:45:25.141+0000] {processor.py:840} INFO - DAG(s) 'example_display_name' retrieved from /home/airflow/.local/lib/python3.12/site-packages/airflow/example_dags/example_display_name.py
[2025-09-24T16:45:25.169+0000] {logging_mixin.py:188} INFO - [2025-09-24T16:45:25.168+0000] {dag.py:3096} INFO - Sync 1 DAGs
[2025-09-24T16:45:25.187+0000] {logging_mixin.py:188} INFO - [2025-09-24T16:45:25.186+0000] {dag.py:3954} INFO - Setting next_dagrun for example_display_name to None, run_after=None
[2025-09-24T16:45:25.213+0000] {processor.py:183} INFO - Processing /home/airflow/.local/lib/python3.12/site-packages/airflow/example_dags/example_display_name.py took 0.093 seconds
[2025-09-24T16:45:55.673+0000] {processor.py:161} INFO - Started process (PID=1084) to work on /home/airflow/.local/lib/python3.12/site-packages/airflow/example_dags/example_display_name.py
[2025-09-24T16:45:55.674+0000] {processor.py:830} INFO - Processing file /home/airflow/.local/lib/python3.12/site-packages/airflow/example_dags/example_display_name.py for tasks to queue
[2025-09-24T16:45:55.676+0000] {logging_mixin.py:188} INFO - [2025-09-24T16:45:55.676+0000] {dagbag.py:540} INFO - Filling up the DagBag from /home/airflow/.local/lib/python3.12/site-packages/airflow/example_dags/example_display_name.py
[2025-09-24T16:45:55.683+0000] {processor.py:840} INFO - DAG(s) 'example_display_name' retrieved from /home/airflow/.local/lib/python3.12/site-packages/airflow/example_dags/example_display_name.py
[2025-09-24T16:45:55.708+0000] {logging_mixin.py:188} INFO - [2025-09-24T16:45:55.707+0000] {dag.py:3096} INFO - Sync 1 DAGs
[2025-09-24T16:45:55.723+0000] {logging_mixin.py:188} INFO - [2025-09-24T16:45:55.723+0000] {dag.py:3954} INFO - Setting next_dagrun for example_display_name to None, run_after=None
[2025-09-24T16:45:55.747+0000] {processor.py:183} INFO - Processing /home/airflow/.local/lib/python3.12/site-packages/airflow/example_dags/example_display_name.py took 0.082 seconds
[2025-09-24T16:46:26.341+0000] {processor.py:161} INFO - Started process (PID=1142) to work on /home/airflow/.local/lib/python3.12/site-packages/airflow/example_dags/example_display_name.py
[2025-09-24T16:46:26.342+0000] {processor.py:830} INFO - Processing file /home/airflow/.local/lib/python3.12/site-packages/airflow/example_dags/example_display_name.py for tasks to queue
[2025-09-24T16:46:26.344+0000] {logging_mixin.py:188} INFO - [2025-09-24T16:46:26.344+0000] {dagbag.py:540} INFO - Filling up the DagBag from /home/airflow/.local/lib/python3.12/site-packages/airflow/example_dags/example_display_name.py
[2025-09-24T16:46:26.352+0000] {processor.py:840} INFO - DAG(s) 'example_display_name' retrieved from /home/airflow/.local/lib/python3.12/site-packages/airflow/example_dags/example_display_name.py
[2025-09-24T16:46:26.378+0000] {logging_mixin.py:188} INFO - [2025-09-24T16:46:26.378+0000] {dag.py:3096} INFO - Sync 1 DAGs
[2025-09-24T16:46:26.396+0000] {logging_mixin.py:188} INFO - [2025-09-24T16:46:26.395+0000] {dag.py:3954} INFO - Setting next_dagrun for example_display_name to None, run_after=None
[2025-09-24T16:46:26.421+0000] {processor.py:183} INFO - Processing /home/airflow/.local/lib/python3.12/site-packages/airflow/example_dags/example_display_name.py took 0.088 seconds
[2025-09-24T16:46:56.475+0000] {processor.py:161} INFO - Started process (PID=1200) to work on /home/airflow/.local/lib/python3.12/site-packages/airflow/example_dags/example_display_name.py
[2025-09-24T16:46:56.476+0000] {processor.py:830} INFO - Processing file /home/airflow/.local/lib/python3.12/site-packages/airflow/example_dags/example_display_name.py for tasks to queue
[2025-09-24T16:46:56.479+0000] {logging_mixin.py:188} INFO - [2025-09-24T16:46:56.478+0000] {dagbag.py:540} INFO - Filling up the DagBag from /home/airflow/.local/lib/python3.12/site-packages/airflow/example_dags/example_display_name.py
[2025-09-24T16:46:56.486+0000] {processor.py:840} INFO - DAG(s) 'example_display_name' retrieved from /home/airflow/.local/lib/python3.12/site-packages/airflow/example_dags/example_display_name.py
[2025-09-24T16:46:56.511+0000] {logging_mixin.py:188} INFO - [2025-09-24T16:46:56.510+0000] {dag.py:3096} INFO - Sync 1 DAGs
[2025-09-24T16:46:56.526+0000] {logging_mixin.py:188} INFO - [2025-09-24T16:46:56.526+0000] {dag.py:3954} INFO - Setting next_dagrun for example_display_name to None, run_after=None
[2025-09-24T16:46:56.549+0000] {processor.py:183} INFO - Processing /home/airflow/.local/lib/python3.12/site-packages/airflow/example_dags/example_display_name.py took 0.081 seconds
[2025-09-24T16:47:27.037+0000] {processor.py:161} INFO - Started process (PID=1258) to work on /home/airflow/.local/lib/python3.12/site-packages/airflow/example_dags/example_display_name.py
[2025-09-24T16:47:27.039+0000] {processor.py:830} INFO - Processing file /home/airflow/.local/lib/python3.12/site-packages/airflow/example_dags/example_display_name.py for tasks to queue
[2025-09-24T16:47:27.041+0000] {logging_mixin.py:188} INFO - [2025-09-24T16:47:27.041+0000] {dagbag.py:540} INFO - Filling up the DagBag from /home/airflow/.local/lib/python3.12/site-packages/airflow/example_dags/example_display_name.py
[2025-09-24T16:47:27.049+0000] {processor.py:840} INFO - DAG(s) 'example_display_name' retrieved from /home/airflow/.local/lib/python3.12/site-packages/airflow/example_dags/example_display_name.py
[2025-09-24T16:47:27.076+0000] {logging_mixin.py:188} INFO - [2025-09-24T16:47:27.075+0000] {dag.py:3096} INFO - Sync 1 DAGs
[2025-09-24T16:47:27.093+0000] {logging_mixin.py:188} INFO - [2025-09-24T16:47:27.092+0000] {dag.py:3954} INFO - Setting next_dagrun for example_display_name to None, run_after=None
[2025-09-24T16:47:27.117+0000] {processor.py:183} INFO - Processing /home/airflow/.local/lib/python3.12/site-packages/airflow/example_dags/example_display_name.py took 0.088 seconds
[2025-09-24T16:47:57.831+0000] {processor.py:161} INFO - Started process (PID=1316) to work on /home/airflow/.local/lib/python3.12/site-packages/airflow/example_dags/example_display_name.py
[2025-09-24T16:47:57.833+0000] {processor.py:830} INFO - Processing file /home/airflow/.local/lib/python3.12/site-packages/airflow/example_dags/example_display_name.py for tasks to queue
[2025-09-24T16:47:57.836+0000] {logging_mixin.py:188} INFO - [2025-09-24T16:47:57.835+0000] {dagbag.py:540} INFO - Filling up the DagBag from /home/airflow/.local/lib/python3.12/site-packages/airflow/example_dags/example_display_name.py
[2025-09-24T16:47:57.844+0000] {processor.py:840} INFO - DAG(s) 'example_display_name' retrieved from /home/airflow/.local/lib/python3.12/site-packages/airflow/example_dags/example_display_name.py
[2025-09-24T16:47:57.872+0000] {logging_mixin.py:188} INFO - [2025-09-24T16:47:57.872+0000] {dag.py:3096} INFO - Sync 1 DAGs
[2025-09-24T16:47:58.030+0000] {logging_mixin.py:188} INFO - [2025-09-24T16:47:58.029+0000] {dag.py:3954} INFO - Setting next_dagrun for example_display_name to None, run_after=None
[2025-09-24T16:47:58.053+0000] {processor.py:183} INFO - Processing /home/airflow/.local/lib/python3.12/site-packages/airflow/example_dags/example_display_name.py took 0.231 seconds
[2025-09-24T16:48:28.571+0000] {processor.py:161} INFO - Started process (PID=1374) to work on /home/airflow/.local/lib/python3.12/site-packages/airflow/example_dags/example_display_name.py
[2025-09-24T16:48:28.573+0000] {processor.py:830} INFO - Processing file /home/airflow/.local/lib/python3.12/site-packages/airflow/example_dags/example_display_name.py for tasks to queue
[2025-09-24T16:48:28.575+0000] {logging_mixin.py:188} INFO - [2025-09-24T16:48:28.575+0000] {dagbag.py:540} INFO - Filling up the DagBag from /home/airflow/.local/lib/python3.12/site-packages/airflow/example_dags/example_display_name.py
[2025-09-24T16:48:28.582+0000] {processor.py:840} INFO - DAG(s) 'example_display_name' retrieved from /home/airflow/.local/lib/python3.12/site-packages/airflow/example_dags/example_display_name.py
[2025-09-24T16:48:28.607+0000] {logging_mixin.py:188} INFO - [2025-09-24T16:48:28.606+0000] {dag.py:3096} INFO - Sync 1 DAGs
[2025-09-24T16:48:28.622+0000] {logging_mixin.py:188} INFO - [2025-09-24T16:48:28.622+0000] {dag.py:3954} INFO - Setting next_dagrun for example_display_name to None, run_after=None
[2025-09-24T16:48:28.644+0000] {processor.py:183} INFO - Processing /home/airflow/.local/lib/python3.12/site-packages/airflow/example_dags/example_display_name.py took 0.080 seconds
[2025-09-24T16:48:58.905+0000] {processor.py:161} INFO - Started process (PID=1432) to work on /home/airflow/.local/lib/python3.12/site-packages/airflow/example_dags/example_display_name.py
[2025-09-24T16:48:58.906+0000] {processor.py:830} INFO - Processing file /home/airflow/.local/lib/python3.12/site-packages/airflow/example_dags/example_display_name.py for tasks to queue
[2025-09-24T16:48:58.908+0000] {logging_mixin.py:188} INFO - [2025-09-24T16:48:58.908+0000] {dagbag.py:540} INFO - Filling up the DagBag from /home/airflow/.local/lib/python3.12/site-packages/airflow/example_dags/example_display_name.py
[2025-09-24T16:48:58.915+0000] {processor.py:840} INFO - DAG(s) 'example_display_name' retrieved from /home/airflow/.local/lib/python3.12/site-packages/airflow/example_dags/example_display_name.py
[2025-09-24T16:48:58.940+0000] {logging_mixin.py:188} INFO - [2025-09-24T16:48:58.939+0000] {dag.py:3096} INFO - Sync 1 DAGs
[2025-09-24T16:48:58.956+0000] {logging_mixin.py:188} INFO - [2025-09-24T16:48:58.956+0000] {dag.py:3954} INFO - Setting next_dagrun for example_display_name to None, run_after=None
[2025-09-24T16:48:58.977+0000] {processor.py:183} INFO - Processing /home/airflow/.local/lib/python3.12/site-packages/airflow/example_dags/example_display_name.py took 0.079 seconds
[2025-09-24T16:49:29.370+0000] {processor.py:161} INFO - Started process (PID=1490) to work on /home/airflow/.local/lib/python3.12/site-packages/airflow/example_dags/example_display_name.py
[2025-09-24T16:49:29.371+0000] {processor.py:830} INFO - Processing file /home/airflow/.local/lib/python3.12/site-packages/airflow/example_dags/example_display_name.py for tasks to queue
[2025-09-24T16:49:29.374+0000] {logging_mixin.py:188} INFO - [2025-09-24T16:49:29.373+0000] {dagbag.py:540} INFO - Filling up the DagBag from /home/airflow/.local/lib/python3.12/site-packages/airflow/example_dags/example_display_name.py
[2025-09-24T16:49:29.381+0000] {processor.py:840} INFO - DAG(s) 'example_display_name' retrieved from /home/airflow/.local/lib/python3.12/site-packages/airflow/example_dags/example_display_name.py
[2025-09-24T16:49:29.405+0000] {logging_mixin.py:188} INFO - [2025-09-24T16:49:29.405+0000] {dag.py:3096} INFO - Sync 1 DAGs
[2025-09-24T16:49:29.421+0000] {logging_mixin.py:188} INFO - [2025-09-24T16:49:29.420+0000] {dag.py:3954} INFO - Setting next_dagrun for example_display_name to None, run_after=None
[2025-09-24T16:49:29.444+0000] {processor.py:183} INFO - Processing /home/airflow/.local/lib/python3.12/site-packages/airflow/example_dags/example_display_name.py took 0.081 seconds
[2025-09-24T16:49:59.609+0000] {processor.py:161} INFO - Started process (PID=1549) to work on /home/airflow/.local/lib/python3.12/site-packages/airflow/example_dags/example_display_name.py
[2025-09-24T16:49:59.610+0000] {processor.py:830} INFO - Processing file /home/airflow/.local/lib/python3.12/site-packages/airflow/example_dags/example_display_name.py for tasks to queue
[2025-09-24T16:49:59.612+0000] {logging_mixin.py:188} INFO - [2025-09-24T16:49:59.612+0000] {dagbag.py:540} INFO - Filling up the DagBag from /home/airflow/.local/lib/python3.12/site-packages/airflow/example_dags/example_display_name.py
[2025-09-24T16:49:59.619+0000] {processor.py:840} INFO - DAG(s) 'example_display_name' retrieved from /home/airflow/.local/lib/python3.12/site-packages/airflow/example_dags/example_display_name.py
[2025-09-24T16:49:59.643+0000] {logging_mixin.py:188} INFO - [2025-09-24T16:49:59.643+0000] {dag.py:3096} INFO - Sync 1 DAGs
[2025-09-24T16:49:59.659+0000] {logging_mixin.py:188} INFO - [2025-09-24T16:49:59.659+0000] {dag.py:3954} INFO - Setting next_dagrun for example_display_name to None, run_after=None
[2025-09-24T16:49:59.683+0000] {processor.py:183} INFO - Processing /home/airflow/.local/lib/python3.12/site-packages/airflow/example_dags/example_display_name.py took 0.082 seconds
[2025-09-24T16:50:30.171+0000] {processor.py:161} INFO - Started process (PID=1607) to work on /home/airflow/.local/lib/python3.12/site-packages/airflow/example_dags/example_display_name.py
[2025-09-24T16:50:30.172+0000] {processor.py:830} INFO - Processing file /home/airflow/.local/lib/python3.12/site-packages/airflow/example_dags/example_display_name.py for tasks to queue
[2025-09-24T16:50:30.175+0000] {logging_mixin.py:188} INFO - [2025-09-24T16:50:30.174+0000] {dagbag.py:540} INFO - Filling up the DagBag from /home/airflow/.local/lib/python3.12/site-packages/airflow/example_dags/example_display_name.py
[2025-09-24T16:50:30.183+0000] {processor.py:840} INFO - DAG(s) 'example_display_name' retrieved from /home/airflow/.local/lib/python3.12/site-packages/airflow/example_dags/example_display_name.py
[2025-09-24T16:50:30.207+0000] {logging_mixin.py:188} INFO - [2025-09-24T16:50:30.207+0000] {dag.py:3096} INFO - Sync 1 DAGs
[2025-09-24T16:50:30.224+0000] {logging_mixin.py:188} INFO - [2025-09-24T16:50:30.224+0000] {dag.py:3954} INFO - Setting next_dagrun for example_display_name to None, run_after=None
[2025-09-24T16:50:30.248+0000] {processor.py:183} INFO - Processing /home/airflow/.local/lib/python3.12/site-packages/airflow/example_dags/example_display_name.py took 0.086 seconds
[2025-09-24T16:51:00.443+0000] {processor.py:161} INFO - Started process (PID=1665) to work on /home/airflow/.local/lib/python3.12/site-packages/airflow/example_dags/example_display_name.py
[2025-09-24T16:51:00.444+0000] {processor.py:830} INFO - Processing file /home/airflow/.local/lib/python3.12/site-packages/airflow/example_dags/example_display_name.py for tasks to queue
[2025-09-24T16:51:00.447+0000] {logging_mixin.py:188} INFO - [2025-09-24T16:51:00.446+0000] {dagbag.py:540} INFO - Filling up the DagBag from /home/airflow/.local/lib/python3.12/site-packages/airflow/example_dags/example_display_name.py
[2025-09-24T16:51:00.454+0000] {processor.py:840} INFO - DAG(s) 'example_display_name' retrieved from /home/airflow/.local/lib/python3.12/site-packages/airflow/example_dags/example_display_name.py
[2025-09-24T16:51:00.478+0000] {logging_mixin.py:188} INFO - [2025-09-24T16:51:00.478+0000] {dag.py:3096} INFO - Sync 1 DAGs
[2025-09-24T16:51:00.493+0000] {logging_mixin.py:188} INFO - [2025-09-24T16:51:00.493+0000] {dag.py:3954} INFO - Setting next_dagrun for example_display_name to None, run_after=None
[2025-09-24T16:51:00.515+0000] {processor.py:183} INFO - Processing /home/airflow/.local/lib/python3.12/site-packages/airflow/example_dags/example_display_name.py took 0.080 seconds
[2025-09-24T16:51:30.999+0000] {processor.py:161} INFO - Started process (PID=1723) to work on /home/airflow/.local/lib/python3.12/site-packages/airflow/example_dags/example_display_name.py
[2025-09-24T16:51:31.000+0000] {processor.py:830} INFO - Processing file /home/airflow/.local/lib/python3.12/site-packages/airflow/example_dags/example_display_name.py for tasks to queue
[2025-09-24T16:51:31.003+0000] {logging_mixin.py:188} INFO - [2025-09-24T16:51:31.003+0000] {dagbag.py:540} INFO - Filling up the DagBag from /home/airflow/.local/lib/python3.12/site-packages/airflow/example_dags/example_display_name.py
[2025-09-24T16:51:31.011+0000] {processor.py:840} INFO - DAG(s) 'example_display_name' retrieved from /home/airflow/.local/lib/python3.12/site-packages/airflow/example_dags/example_display_name.py
[2025-09-24T16:51:31.036+0000] {logging_mixin.py:188} INFO - [2025-09-24T16:51:31.035+0000] {dag.py:3096} INFO - Sync 1 DAGs
[2025-09-24T16:51:31.051+0000] {logging_mixin.py:188} INFO - [2025-09-24T16:51:31.051+0000] {dag.py:3954} INFO - Setting next_dagrun for example_display_name to None, run_after=None
[2025-09-24T16:51:31.074+0000] {processor.py:183} INFO - Processing /home/airflow/.local/lib/python3.12/site-packages/airflow/example_dags/example_display_name.py took 0.083 seconds
[2025-09-24T16:52:01.557+0000] {processor.py:161} INFO - Started process (PID=1781) to work on /home/airflow/.local/lib/python3.12/site-packages/airflow/example_dags/example_display_name.py
[2025-09-24T16:52:01.558+0000] {processor.py:830} INFO - Processing file /home/airflow/.local/lib/python3.12/site-packages/airflow/example_dags/example_display_name.py for tasks to queue
[2025-09-24T16:52:01.560+0000] {logging_mixin.py:188} INFO - [2025-09-24T16:52:01.560+0000] {dagbag.py:540} INFO - Filling up the DagBag from /home/airflow/.local/lib/python3.12/site-packages/airflow/example_dags/example_display_name.py
[2025-09-24T16:52:01.569+0000] {processor.py:840} INFO - DAG(s) 'example_display_name' retrieved from /home/airflow/.local/lib/python3.12/site-packages/airflow/example_dags/example_display_name.py
[2025-09-24T16:52:01.597+0000] {logging_mixin.py:188} INFO - [2025-09-24T16:52:01.597+0000] {dag.py:3096} INFO - Sync 1 DAGs
[2025-09-24T16:52:01.616+0000] {logging_mixin.py:188} INFO - [2025-09-24T16:52:01.616+0000] {dag.py:3954} INFO - Setting next_dagrun for example_display_name to None, run_after=None
[2025-09-24T16:52:01.642+0000] {processor.py:183} INFO - Processing /home/airflow/.local/lib/python3.12/site-packages/airflow/example_dags/example_display_name.py took 0.092 seconds
[2025-09-24T16:52:31.853+0000] {processor.py:161} INFO - Started process (PID=1839) to work on /home/airflow/.local/lib/python3.12/site-packages/airflow/example_dags/example_display_name.py
[2025-09-24T16:52:31.854+0000] {processor.py:830} INFO - Processing file /home/airflow/.local/lib/python3.12/site-packages/airflow/example_dags/example_display_name.py for tasks to queue
[2025-09-24T16:52:31.857+0000] {logging_mixin.py:188} INFO - [2025-09-24T16:52:31.856+0000] {dagbag.py:540} INFO - Filling up the DagBag from /home/airflow/.local/lib/python3.12/site-packages/airflow/example_dags/example_display_name.py
[2025-09-24T16:52:31.865+0000] {processor.py:840} INFO - DAG(s) 'example_display_name' retrieved from /home/airflow/.local/lib/python3.12/site-packages/airflow/example_dags/example_display_name.py
[2025-09-24T16:52:31.894+0000] {logging_mixin.py:188} INFO - [2025-09-24T16:52:31.894+0000] {dag.py:3096} INFO - Sync 1 DAGs
[2025-09-24T16:52:31.913+0000] {logging_mixin.py:188} INFO - [2025-09-24T16:52:31.913+0000] {dag.py:3954} INFO - Setting next_dagrun for example_display_name to None, run_after=None
[2025-09-24T16:52:31.940+0000] {processor.py:183} INFO - Processing /home/airflow/.local/lib/python3.12/site-packages/airflow/example_dags/example_display_name.py took 0.096 seconds
[2025-09-24T16:53:02.700+0000] {processor.py:161} INFO - Started process (PID=1897) to work on /home/airflow/.local/lib/python3.12/site-packages/airflow/example_dags/example_display_name.py
[2025-09-24T16:53:02.701+0000] {processor.py:830} INFO - Processing file /home/airflow/.local/lib/python3.12/site-packages/airflow/example_dags/example_display_name.py for tasks to queue
[2025-09-24T16:53:02.704+0000] {logging_mixin.py:188} INFO - [2025-09-24T16:53:02.703+0000] {dagbag.py:540} INFO - Filling up the DagBag from /home/airflow/.local/lib/python3.12/site-packages/airflow/example_dags/example_display_name.py
[2025-09-24T16:53:02.712+0000] {processor.py:840} INFO - DAG(s) 'example_display_name' retrieved from /home/airflow/.local/lib/python3.12/site-packages/airflow/example_dags/example_display_name.py
[2025-09-24T16:53:02.739+0000] {logging_mixin.py:188} INFO - [2025-09-24T16:53:02.739+0000] {dag.py:3096} INFO - Sync 1 DAGs
[2025-09-24T16:53:02.757+0000] {logging_mixin.py:188} INFO - [2025-09-24T16:53:02.756+0000] {dag.py:3954} INFO - Setting next_dagrun for example_display_name to None, run_after=None
[2025-09-24T16:53:02.781+0000] {processor.py:183} INFO - Processing /home/airflow/.local/lib/python3.12/site-packages/airflow/example_dags/example_display_name.py took 0.091 seconds
[2025-09-24T16:53:33.053+0000] {processor.py:161} INFO - Started process (PID=1955) to work on /home/airflow/.local/lib/python3.12/site-packages/airflow/example_dags/example_display_name.py
[2025-09-24T16:53:33.054+0000] {processor.py:830} INFO - Processing file /home/airflow/.local/lib/python3.12/site-packages/airflow/example_dags/example_display_name.py for tasks to queue
[2025-09-24T16:53:33.056+0000] {logging_mixin.py:188} INFO - [2025-09-24T16:53:33.056+0000] {dagbag.py:540} INFO - Filling up the DagBag from /home/airflow/.local/lib/python3.12/site-packages/airflow/example_dags/example_display_name.py
[2025-09-24T16:53:33.063+0000] {processor.py:840} INFO - DAG(s) 'example_display_name' retrieved from /home/airflow/.local/lib/python3.12/site-packages/airflow/example_dags/example_display_name.py
[2025-09-24T16:53:33.087+0000] {logging_mixin.py:188} INFO - [2025-09-24T16:53:33.086+0000] {dag.py:3096} INFO - Sync 1 DAGs
[2025-09-24T16:53:33.102+0000] {logging_mixin.py:188} INFO - [2025-09-24T16:53:33.102+0000] {dag.py:3954} INFO - Setting next_dagrun for example_display_name to None, run_after=None
[2025-09-24T16:53:33.122+0000] {processor.py:183} INFO - Processing /home/airflow/.local/lib/python3.12/site-packages/airflow/example_dags/example_display_name.py took 0.077 seconds
[2025-09-24T16:54:03.395+0000] {processor.py:161} INFO - Started process (PID=2012) to work on /home/airflow/.local/lib/python3.12/site-packages/airflow/example_dags/example_display_name.py
[2025-09-24T16:54:03.396+0000] {processor.py:830} INFO - Processing file /home/airflow/.local/lib/python3.12/site-packages/airflow/example_dags/example_display_name.py for tasks to queue
[2025-09-24T16:54:03.398+0000] {logging_mixin.py:188} INFO - [2025-09-24T16:54:03.398+0000] {dagbag.py:540} INFO - Filling up the DagBag from /home/airflow/.local/lib/python3.12/site-packages/airflow/example_dags/example_display_name.py
[2025-09-24T16:54:03.407+0000] {processor.py:840} INFO - DAG(s) 'example_display_name' retrieved from /home/airflow/.local/lib/python3.12/site-packages/airflow/example_dags/example_display_name.py
[2025-09-24T16:54:03.437+0000] {logging_mixin.py:188} INFO - [2025-09-24T16:54:03.436+0000] {dag.py:3096} INFO - Sync 1 DAGs
[2025-09-24T16:54:03.458+0000] {logging_mixin.py:188} INFO - [2025-09-24T16:54:03.458+0000] {dag.py:3954} INFO - Setting next_dagrun for example_display_name to None, run_after=None
[2025-09-24T16:54:03.490+0000] {processor.py:183} INFO - Processing /home/airflow/.local/lib/python3.12/site-packages/airflow/example_dags/example_display_name.py took 0.103 seconds
[2025-09-24T16:54:33.733+0000] {processor.py:161} INFO - Started process (PID=2070) to work on /home/airflow/.local/lib/python3.12/site-packages/airflow/example_dags/example_display_name.py
[2025-09-24T16:54:33.734+0000] {processor.py:830} INFO - Processing file /home/airflow/.local/lib/python3.12/site-packages/airflow/example_dags/example_display_name.py for tasks to queue
[2025-09-24T16:54:33.737+0000] {logging_mixin.py:188} INFO - [2025-09-24T16:54:33.736+0000] {dagbag.py:540} INFO - Filling up the DagBag from /home/airflow/.local/lib/python3.12/site-packages/airflow/example_dags/example_display_name.py
[2025-09-24T16:54:33.745+0000] {processor.py:840} INFO - DAG(s) 'example_display_name' retrieved from /home/airflow/.local/lib/python3.12/site-packages/airflow/example_dags/example_display_name.py
[2025-09-24T16:54:33.771+0000] {logging_mixin.py:188} INFO - [2025-09-24T16:54:33.771+0000] {dag.py:3096} INFO - Sync 1 DAGs
[2025-09-24T16:54:33.788+0000] {logging_mixin.py:188} INFO - [2025-09-24T16:54:33.788+0000] {dag.py:3954} INFO - Setting next_dagrun for example_display_name to None, run_after=None
[2025-09-24T16:54:33.812+0000] {processor.py:183} INFO - Processing /home/airflow/.local/lib/python3.12/site-packages/airflow/example_dags/example_display_name.py took 0.088 seconds
[2025-09-24T16:55:12.908+0000] {processor.py:161} INFO - Started process (PID=2128) to work on /home/airflow/.local/lib/python3.12/site-packages/airflow/example_dags/example_display_name.py
[2025-09-24T16:55:12.910+0000] {processor.py:830} INFO - Processing file /home/airflow/.local/lib/python3.12/site-packages/airflow/example_dags/example_display_name.py for tasks to queue
[2025-09-24T16:55:12.915+0000] {logging_mixin.py:188} INFO - [2025-09-24T16:55:12.914+0000] {dagbag.py:540} INFO - Filling up the DagBag from /home/airflow/.local/lib/python3.12/site-packages/airflow/example_dags/example_display_name.py
[2025-09-24T16:55:12.940+0000] {processor.py:840} INFO - DAG(s) 'example_display_name' retrieved from /home/airflow/.local/lib/python3.12/site-packages/airflow/example_dags/example_display_name.py
[2025-09-24T16:55:12.993+0000] {logging_mixin.py:188} INFO - [2025-09-24T16:55:12.993+0000] {dag.py:3096} INFO - Sync 1 DAGs
[2025-09-24T16:55:13.028+0000] {logging_mixin.py:188} INFO - [2025-09-24T16:55:13.028+0000] {dag.py:3954} INFO - Setting next_dagrun for example_display_name to None, run_after=None
[2025-09-24T16:55:13.088+0000] {processor.py:183} INFO - Processing /home/airflow/.local/lib/python3.12/site-packages/airflow/example_dags/example_display_name.py took 0.198 seconds
[2025-09-24T16:55:43.923+0000] {processor.py:161} INFO - Started process (PID=2186) to work on /home/airflow/.local/lib/python3.12/site-packages/airflow/example_dags/example_display_name.py
[2025-09-24T16:55:43.926+0000] {processor.py:830} INFO - Processing file /home/airflow/.local/lib/python3.12/site-packages/airflow/example_dags/example_display_name.py for tasks to queue
[2025-09-24T16:55:43.943+0000] {logging_mixin.py:188} INFO - [2025-09-24T16:55:43.940+0000] {dagbag.py:540} INFO - Filling up the DagBag from /home/airflow/.local/lib/python3.12/site-packages/airflow/example_dags/example_display_name.py
[2025-09-24T16:55:43.977+0000] {processor.py:840} INFO - DAG(s) 'example_display_name' retrieved from /home/airflow/.local/lib/python3.12/site-packages/airflow/example_dags/example_display_name.py
[2025-09-24T16:55:44.035+0000] {logging_mixin.py:188} INFO - [2025-09-24T16:55:44.035+0000] {dag.py:3096} INFO - Sync 1 DAGs
[2025-09-24T16:55:44.081+0000] {logging_mixin.py:188} INFO - [2025-09-24T16:55:44.080+0000] {dag.py:3954} INFO - Setting next_dagrun for example_display_name to None, run_after=None
[2025-09-24T16:55:44.150+0000] {processor.py:183} INFO - Processing /home/airflow/.local/lib/python3.12/site-packages/airflow/example_dags/example_display_name.py took 0.246 seconds
[2025-09-24T16:56:14.275+0000] {processor.py:161} INFO - Started process (PID=2244) to work on /home/airflow/.local/lib/python3.12/site-packages/airflow/example_dags/example_display_name.py
[2025-09-24T16:56:14.276+0000] {processor.py:830} INFO - Processing file /home/airflow/.local/lib/python3.12/site-packages/airflow/example_dags/example_display_name.py for tasks to queue
[2025-09-24T16:56:14.279+0000] {logging_mixin.py:188} INFO - [2025-09-24T16:56:14.278+0000] {dagbag.py:540} INFO - Filling up the DagBag from /home/airflow/.local/lib/python3.12/site-packages/airflow/example_dags/example_display_name.py
[2025-09-24T16:56:14.291+0000] {processor.py:840} INFO - DAG(s) 'example_display_name' retrieved from /home/airflow/.local/lib/python3.12/site-packages/airflow/example_dags/example_display_name.py
[2025-09-24T16:56:14.317+0000] {logging_mixin.py:188} INFO - [2025-09-24T16:56:14.316+0000] {dag.py:3096} INFO - Sync 1 DAGs
[2025-09-24T16:56:14.334+0000] {logging_mixin.py:188} INFO - [2025-09-24T16:56:14.333+0000] {dag.py:3954} INFO - Setting next_dagrun for example_display_name to None, run_after=None
[2025-09-24T16:56:14.358+0000] {processor.py:183} INFO - Processing /home/airflow/.local/lib/python3.12/site-packages/airflow/example_dags/example_display_name.py took 0.092 seconds
[2025-09-24T16:56:44.487+0000] {processor.py:161} INFO - Started process (PID=2302) to work on /home/airflow/.local/lib/python3.12/site-packages/airflow/example_dags/example_display_name.py
[2025-09-24T16:56:44.488+0000] {processor.py:830} INFO - Processing file /home/airflow/.local/lib/python3.12/site-packages/airflow/example_dags/example_display_name.py for tasks to queue
[2025-09-24T16:56:44.490+0000] {logging_mixin.py:188} INFO - [2025-09-24T16:56:44.490+0000] {dagbag.py:540} INFO - Filling up the DagBag from /home/airflow/.local/lib/python3.12/site-packages/airflow/example_dags/example_display_name.py
[2025-09-24T16:56:44.498+0000] {processor.py:840} INFO - DAG(s) 'example_display_name' retrieved from /home/airflow/.local/lib/python3.12/site-packages/airflow/example_dags/example_display_name.py
[2025-09-24T16:56:44.527+0000] {logging_mixin.py:188} INFO - [2025-09-24T16:56:44.526+0000] {dag.py:3096} INFO - Sync 1 DAGs
[2025-09-24T16:56:44.543+0000] {logging_mixin.py:188} INFO - [2025-09-24T16:56:44.543+0000] {dag.py:3954} INFO - Setting next_dagrun for example_display_name to None, run_after=None
[2025-09-24T16:56:44.578+0000] {processor.py:183} INFO - Processing /home/airflow/.local/lib/python3.12/site-packages/airflow/example_dags/example_display_name.py took 0.099 seconds
[2025-09-24T16:57:14.729+0000] {processor.py:161} INFO - Started process (PID=2360) to work on /home/airflow/.local/lib/python3.12/site-packages/airflow/example_dags/example_display_name.py
[2025-09-24T16:57:14.730+0000] {processor.py:830} INFO - Processing file /home/airflow/.local/lib/python3.12/site-packages/airflow/example_dags/example_display_name.py for tasks to queue
[2025-09-24T16:57:14.733+0000] {logging_mixin.py:188} INFO - [2025-09-24T16:57:14.732+0000] {dagbag.py:540} INFO - Filling up the DagBag from /home/airflow/.local/lib/python3.12/site-packages/airflow/example_dags/example_display_name.py
[2025-09-24T16:57:14.742+0000] {processor.py:840} INFO - DAG(s) 'example_display_name' retrieved from /home/airflow/.local/lib/python3.12/site-packages/airflow/example_dags/example_display_name.py
[2025-09-24T16:57:14.770+0000] {logging_mixin.py:188} INFO - [2025-09-24T16:57:14.770+0000] {dag.py:3096} INFO - Sync 1 DAGs
[2025-09-24T16:57:14.789+0000] {logging_mixin.py:188} INFO - [2025-09-24T16:57:14.789+0000] {dag.py:3954} INFO - Setting next_dagrun for example_display_name to None, run_after=None
[2025-09-24T16:57:14.815+0000] {processor.py:183} INFO - Processing /home/airflow/.local/lib/python3.12/site-packages/airflow/example_dags/example_display_name.py took 0.095 seconds
[2025-09-24T16:57:44.858+0000] {processor.py:161} INFO - Started process (PID=2418) to work on /home/airflow/.local/lib/python3.12/site-packages/airflow/example_dags/example_display_name.py
[2025-09-24T16:57:44.859+0000] {processor.py:830} INFO - Processing file /home/airflow/.local/lib/python3.12/site-packages/airflow/example_dags/example_display_name.py for tasks to queue
[2025-09-24T16:57:44.862+0000] {logging_mixin.py:188} INFO - [2025-09-24T16:57:44.861+0000] {dagbag.py:540} INFO - Filling up the DagBag from /home/airflow/.local/lib/python3.12/site-packages/airflow/example_dags/example_display_name.py
[2025-09-24T16:57:44.869+0000] {processor.py:840} INFO - DAG(s) 'example_display_name' retrieved from /home/airflow/.local/lib/python3.12/site-packages/airflow/example_dags/example_display_name.py
[2025-09-24T16:57:44.893+0000] {logging_mixin.py:188} INFO - [2025-09-24T16:57:44.892+0000] {dag.py:3096} INFO - Sync 1 DAGs
[2025-09-24T16:57:44.910+0000] {logging_mixin.py:188} INFO - [2025-09-24T16:57:44.909+0000] {dag.py:3954} INFO - Setting next_dagrun for example_display_name to None, run_after=None
[2025-09-24T16:57:44.936+0000] {processor.py:183} INFO - Processing /home/airflow/.local/lib/python3.12/site-packages/airflow/example_dags/example_display_name.py took 0.086 seconds
[2025-09-24T16:58:15.071+0000] {processor.py:161} INFO - Started process (PID=2476) to work on /home/airflow/.local/lib/python3.12/site-packages/airflow/example_dags/example_display_name.py
[2025-09-24T16:58:15.072+0000] {processor.py:830} INFO - Processing file /home/airflow/.local/lib/python3.12/site-packages/airflow/example_dags/example_display_name.py for tasks to queue
[2025-09-24T16:58:15.074+0000] {logging_mixin.py:188} INFO - [2025-09-24T16:58:15.074+0000] {dagbag.py:540} INFO - Filling up the DagBag from /home/airflow/.local/lib/python3.12/site-packages/airflow/example_dags/example_display_name.py
[2025-09-24T16:58:15.082+0000] {processor.py:840} INFO - DAG(s) 'example_display_name' retrieved from /home/airflow/.local/lib/python3.12/site-packages/airflow/example_dags/example_display_name.py
[2025-09-24T16:58:15.108+0000] {logging_mixin.py:188} INFO - [2025-09-24T16:58:15.108+0000] {dag.py:3096} INFO - Sync 1 DAGs
[2025-09-24T16:58:15.124+0000] {logging_mixin.py:188} INFO - [2025-09-24T16:58:15.124+0000] {dag.py:3954} INFO - Setting next_dagrun for example_display_name to None, run_after=None
[2025-09-24T16:58:15.151+0000] {processor.py:183} INFO - Processing /home/airflow/.local/lib/python3.12/site-packages/airflow/example_dags/example_display_name.py took 0.088 seconds
[2025-09-24T16:58:45.342+0000] {processor.py:161} INFO - Started process (PID=2534) to work on /home/airflow/.local/lib/python3.12/site-packages/airflow/example_dags/example_display_name.py
[2025-09-24T16:58:45.343+0000] {processor.py:830} INFO - Processing file /home/airflow/.local/lib/python3.12/site-packages/airflow/example_dags/example_display_name.py for tasks to queue
[2025-09-24T16:58:45.345+0000] {logging_mixin.py:188} INFO - [2025-09-24T16:58:45.345+0000] {dagbag.py:540} INFO - Filling up the DagBag from /home/airflow/.local/lib/python3.12/site-packages/airflow/example_dags/example_display_name.py
[2025-09-24T16:58:45.353+0000] {processor.py:840} INFO - DAG(s) 'example_display_name' retrieved from /home/airflow/.local/lib/python3.12/site-packages/airflow/example_dags/example_display_name.py
[2025-09-24T16:58:45.379+0000] {logging_mixin.py:188} INFO - [2025-09-24T16:58:45.378+0000] {dag.py:3096} INFO - Sync 1 DAGs
[2025-09-24T16:58:45.395+0000] {logging_mixin.py:188} INFO - [2025-09-24T16:58:45.395+0000] {dag.py:3954} INFO - Setting next_dagrun for example_display_name to None, run_after=None
[2025-09-24T16:58:45.420+0000] {processor.py:183} INFO - Processing /home/airflow/.local/lib/python3.12/site-packages/airflow/example_dags/example_display_name.py took 0.086 seconds
[2025-09-24T16:59:15.800+0000] {processor.py:161} INFO - Started process (PID=2592) to work on /home/airflow/.local/lib/python3.12/site-packages/airflow/example_dags/example_display_name.py
[2025-09-24T16:59:15.803+0000] {processor.py:830} INFO - Processing file /home/airflow/.local/lib/python3.12/site-packages/airflow/example_dags/example_display_name.py for tasks to queue
[2025-09-24T16:59:15.805+0000] {logging_mixin.py:188} INFO - [2025-09-24T16:59:15.805+0000] {dagbag.py:540} INFO - Filling up the DagBag from /home/airflow/.local/lib/python3.12/site-packages/airflow/example_dags/example_display_name.py
[2025-09-24T16:59:15.814+0000] {processor.py:840} INFO - DAG(s) 'example_display_name' retrieved from /home/airflow/.local/lib/python3.12/site-packages/airflow/example_dags/example_display_name.py
[2025-09-24T16:59:15.841+0000] {logging_mixin.py:188} INFO - [2025-09-24T16:59:15.841+0000] {dag.py:3096} INFO - Sync 1 DAGs
[2025-09-24T16:59:15.860+0000] {logging_mixin.py:188} INFO - [2025-09-24T16:59:15.860+0000] {dag.py:3954} INFO - Setting next_dagrun for example_display_name to None, run_after=None
[2025-09-24T16:59:15.890+0000] {processor.py:183} INFO - Processing /home/airflow/.local/lib/python3.12/site-packages/airflow/example_dags/example_display_name.py took 0.098 seconds
[2025-09-24T16:59:46.245+0000] {processor.py:161} INFO - Started process (PID=2650) to work on /home/airflow/.local/lib/python3.12/site-packages/airflow/example_dags/example_display_name.py
[2025-09-24T16:59:46.246+0000] {processor.py:830} INFO - Processing file /home/airflow/.local/lib/python3.12/site-packages/airflow/example_dags/example_display_name.py for tasks to queue
[2025-09-24T16:59:46.248+0000] {logging_mixin.py:188} INFO - [2025-09-24T16:59:46.248+0000] {dagbag.py:540} INFO - Filling up the DagBag from /home/airflow/.local/lib/python3.12/site-packages/airflow/example_dags/example_display_name.py
[2025-09-24T16:59:46.256+0000] {processor.py:840} INFO - DAG(s) 'example_display_name' retrieved from /home/airflow/.local/lib/python3.12/site-packages/airflow/example_dags/example_display_name.py
[2025-09-24T16:59:46.284+0000] {logging_mixin.py:188} INFO - [2025-09-24T16:59:46.284+0000] {dag.py:3096} INFO - Sync 1 DAGs
[2025-09-24T16:59:46.301+0000] {logging_mixin.py:188} INFO - [2025-09-24T16:59:46.301+0000] {dag.py:3954} INFO - Setting next_dagrun for example_display_name to None, run_after=None
[2025-09-24T16:59:46.327+0000] {processor.py:183} INFO - Processing /home/airflow/.local/lib/python3.12/site-packages/airflow/example_dags/example_display_name.py took 0.090 seconds
[2025-09-24T17:00:16.803+0000] {processor.py:161} INFO - Started process (PID=2708) to work on /home/airflow/.local/lib/python3.12/site-packages/airflow/example_dags/example_display_name.py
[2025-09-24T17:00:16.805+0000] {processor.py:830} INFO - Processing file /home/airflow/.local/lib/python3.12/site-packages/airflow/example_dags/example_display_name.py for tasks to queue
[2025-09-24T17:00:16.807+0000] {logging_mixin.py:188} INFO - [2025-09-24T17:00:16.807+0000] {dagbag.py:540} INFO - Filling up the DagBag from /home/airflow/.local/lib/python3.12/site-packages/airflow/example_dags/example_display_name.py
[2025-09-24T17:00:16.815+0000] {processor.py:840} INFO - DAG(s) 'example_display_name' retrieved from /home/airflow/.local/lib/python3.12/site-packages/airflow/example_dags/example_display_name.py
[2025-09-24T17:00:16.841+0000] {logging_mixin.py:188} INFO - [2025-09-24T17:00:16.840+0000] {dag.py:3096} INFO - Sync 1 DAGs
[2025-09-24T17:00:16.859+0000] {logging_mixin.py:188} INFO - [2025-09-24T17:00:16.858+0000] {dag.py:3954} INFO - Setting next_dagrun for example_display_name to None, run_after=None
[2025-09-24T17:00:16.884+0000] {processor.py:183} INFO - Processing /home/airflow/.local/lib/python3.12/site-packages/airflow/example_dags/example_display_name.py took 0.089 seconds
[2025-09-24T17:00:47.334+0000] {processor.py:161} INFO - Started process (PID=2766) to work on /home/airflow/.local/lib/python3.12/site-packages/airflow/example_dags/example_display_name.py
[2025-09-24T17:00:47.335+0000] {processor.py:830} INFO - Processing file /home/airflow/.local/lib/python3.12/site-packages/airflow/example_dags/example_display_name.py for tasks to queue
[2025-09-24T17:00:47.338+0000] {logging_mixin.py:188} INFO - [2025-09-24T17:00:47.337+0000] {dagbag.py:540} INFO - Filling up the DagBag from /home/airflow/.local/lib/python3.12/site-packages/airflow/example_dags/example_display_name.py
[2025-09-24T17:00:47.345+0000] {processor.py:840} INFO - DAG(s) 'example_display_name' retrieved from /home/airflow/.local/lib/python3.12/site-packages/airflow/example_dags/example_display_name.py
[2025-09-24T17:00:47.371+0000] {logging_mixin.py:188} INFO - [2025-09-24T17:00:47.371+0000] {dag.py:3096} INFO - Sync 1 DAGs
[2025-09-24T17:00:47.388+0000] {logging_mixin.py:188} INFO - [2025-09-24T17:00:47.387+0000] {dag.py:3954} INFO - Setting next_dagrun for example_display_name to None, run_after=None
[2025-09-24T17:00:47.414+0000] {processor.py:183} INFO - Processing /home/airflow/.local/lib/python3.12/site-packages/airflow/example_dags/example_display_name.py took 0.087 seconds
[2025-09-24T17:01:17.854+0000] {processor.py:161} INFO - Started process (PID=2824) to work on /home/airflow/.local/lib/python3.12/site-packages/airflow/example_dags/example_display_name.py
[2025-09-24T17:01:17.856+0000] {processor.py:830} INFO - Processing file /home/airflow/.local/lib/python3.12/site-packages/airflow/example_dags/example_display_name.py for tasks to queue
[2025-09-24T17:01:17.858+0000] {logging_mixin.py:188} INFO - [2025-09-24T17:01:17.858+0000] {dagbag.py:540} INFO - Filling up the DagBag from /home/airflow/.local/lib/python3.12/site-packages/airflow/example_dags/example_display_name.py
[2025-09-24T17:01:17.867+0000] {processor.py:840} INFO - DAG(s) 'example_display_name' retrieved from /home/airflow/.local/lib/python3.12/site-packages/airflow/example_dags/example_display_name.py
[2025-09-24T17:01:17.896+0000] {logging_mixin.py:188} INFO - [2025-09-24T17:01:17.896+0000] {dag.py:3096} INFO - Sync 1 DAGs
[2025-09-24T17:01:17.914+0000] {logging_mixin.py:188} INFO - [2025-09-24T17:01:17.914+0000] {dag.py:3954} INFO - Setting next_dagrun for example_display_name to None, run_after=None
[2025-09-24T17:01:17.941+0000] {processor.py:183} INFO - Processing /home/airflow/.local/lib/python3.12/site-packages/airflow/example_dags/example_display_name.py took 0.095 seconds
[2025-09-24T17:01:48.411+0000] {processor.py:161} INFO - Started process (PID=2882) to work on /home/airflow/.local/lib/python3.12/site-packages/airflow/example_dags/example_display_name.py
[2025-09-24T17:01:48.413+0000] {processor.py:830} INFO - Processing file /home/airflow/.local/lib/python3.12/site-packages/airflow/example_dags/example_display_name.py for tasks to queue
[2025-09-24T17:01:48.415+0000] {logging_mixin.py:188} INFO - [2025-09-24T17:01:48.415+0000] {dagbag.py:540} INFO - Filling up the DagBag from /home/airflow/.local/lib/python3.12/site-packages/airflow/example_dags/example_display_name.py
[2025-09-24T17:01:48.423+0000] {processor.py:840} INFO - DAG(s) 'example_display_name' retrieved from /home/airflow/.local/lib/python3.12/site-packages/airflow/example_dags/example_display_name.py
[2025-09-24T17:01:48.450+0000] {logging_mixin.py:188} INFO - [2025-09-24T17:01:48.450+0000] {dag.py:3096} INFO - Sync 1 DAGs
[2025-09-24T17:01:48.467+0000] {logging_mixin.py:188} INFO - [2025-09-24T17:01:48.467+0000] {dag.py:3954} INFO - Setting next_dagrun for example_display_name to None, run_after=None
[2025-09-24T17:01:48.494+0000] {processor.py:183} INFO - Processing /home/airflow/.local/lib/python3.12/site-packages/airflow/example_dags/example_display_name.py took 0.092 seconds
[2025-09-24T17:02:18.855+0000] {processor.py:161} INFO - Started process (PID=2940) to work on /home/airflow/.local/lib/python3.12/site-packages/airflow/example_dags/example_display_name.py
[2025-09-24T17:02:18.856+0000] {processor.py:830} INFO - Processing file /home/airflow/.local/lib/python3.12/site-packages/airflow/example_dags/example_display_name.py for tasks to queue
[2025-09-24T17:02:18.859+0000] {logging_mixin.py:188} INFO - [2025-09-24T17:02:18.859+0000] {dagbag.py:540} INFO - Filling up the DagBag from /home/airflow/.local/lib/python3.12/site-packages/airflow/example_dags/example_display_name.py
[2025-09-24T17:02:18.867+0000] {processor.py:840} INFO - DAG(s) 'example_display_name' retrieved from /home/airflow/.local/lib/python3.12/site-packages/airflow/example_dags/example_display_name.py
[2025-09-24T17:02:18.894+0000] {logging_mixin.py:188} INFO - [2025-09-24T17:02:18.894+0000] {dag.py:3096} INFO - Sync 1 DAGs
[2025-09-24T17:02:18.911+0000] {logging_mixin.py:188} INFO - [2025-09-24T17:02:18.911+0000] {dag.py:3954} INFO - Setting next_dagrun for example_display_name to None, run_after=None
[2025-09-24T17:02:18.937+0000] {processor.py:183} INFO - Processing /home/airflow/.local/lib/python3.12/site-packages/airflow/example_dags/example_display_name.py took 0.090 seconds
[2025-09-24T17:02:49.440+0000] {processor.py:161} INFO - Started process (PID=2998) to work on /home/airflow/.local/lib/python3.12/site-packages/airflow/example_dags/example_display_name.py
[2025-09-24T17:02:49.441+0000] {processor.py:830} INFO - Processing file /home/airflow/.local/lib/python3.12/site-packages/airflow/example_dags/example_display_name.py for tasks to queue
[2025-09-24T17:02:49.444+0000] {logging_mixin.py:188} INFO - [2025-09-24T17:02:49.443+0000] {dagbag.py:540} INFO - Filling up the DagBag from /home/airflow/.local/lib/python3.12/site-packages/airflow/example_dags/example_display_name.py
[2025-09-24T17:02:49.453+0000] {processor.py:840} INFO - DAG(s) 'example_display_name' retrieved from /home/airflow/.local/lib/python3.12/site-packages/airflow/example_dags/example_display_name.py
[2025-09-24T17:02:49.479+0000] {logging_mixin.py:188} INFO - [2025-09-24T17:02:49.478+0000] {dag.py:3096} INFO - Sync 1 DAGs
[2025-09-24T17:02:49.497+0000] {logging_mixin.py:188} INFO - [2025-09-24T17:02:49.497+0000] {dag.py:3954} INFO - Setting next_dagrun for example_display_name to None, run_after=None
[2025-09-24T17:02:49.521+0000] {processor.py:183} INFO - Processing /home/airflow/.local/lib/python3.12/site-packages/airflow/example_dags/example_display_name.py took 0.089 seconds
[2025-09-24T17:03:19.917+0000] {processor.py:161} INFO - Started process (PID=3056) to work on /home/airflow/.local/lib/python3.12/site-packages/airflow/example_dags/example_display_name.py
[2025-09-24T17:03:19.918+0000] {processor.py:830} INFO - Processing file /home/airflow/.local/lib/python3.12/site-packages/airflow/example_dags/example_display_name.py for tasks to queue
[2025-09-24T17:03:19.921+0000] {logging_mixin.py:188} INFO - [2025-09-24T17:03:19.920+0000] {dagbag.py:540} INFO - Filling up the DagBag from /home/airflow/.local/lib/python3.12/site-packages/airflow/example_dags/example_display_name.py
[2025-09-24T17:03:19.930+0000] {processor.py:840} INFO - DAG(s) 'example_display_name' retrieved from /home/airflow/.local/lib/python3.12/site-packages/airflow/example_dags/example_display_name.py
[2025-09-24T17:03:19.962+0000] {logging_mixin.py:188} INFO - [2025-09-24T17:03:19.962+0000] {dag.py:3096} INFO - Sync 1 DAGs
[2025-09-24T17:03:19.980+0000] {logging_mixin.py:188} INFO - [2025-09-24T17:03:19.980+0000] {dag.py:3954} INFO - Setting next_dagrun for example_display_name to None, run_after=None
[2025-09-24T17:03:20.005+0000] {processor.py:183} INFO - Processing /home/airflow/.local/lib/python3.12/site-packages/airflow/example_dags/example_display_name.py took 0.097 seconds
[2025-09-24T17:03:50.603+0000] {processor.py:161} INFO - Started process (PID=3114) to work on /home/airflow/.local/lib/python3.12/site-packages/airflow/example_dags/example_display_name.py
[2025-09-24T17:03:50.604+0000] {processor.py:830} INFO - Processing file /home/airflow/.local/lib/python3.12/site-packages/airflow/example_dags/example_display_name.py for tasks to queue
[2025-09-24T17:03:50.607+0000] {logging_mixin.py:188} INFO - [2025-09-24T17:03:50.606+0000] {dagbag.py:540} INFO - Filling up the DagBag from /home/airflow/.local/lib/python3.12/site-packages/airflow/example_dags/example_display_name.py
[2025-09-24T17:03:50.615+0000] {processor.py:840} INFO - DAG(s) 'example_display_name' retrieved from /home/airflow/.local/lib/python3.12/site-packages/airflow/example_dags/example_display_name.py
[2025-09-24T17:03:50.644+0000] {logging_mixin.py:188} INFO - [2025-09-24T17:03:50.643+0000] {dag.py:3096} INFO - Sync 1 DAGs
[2025-09-24T17:03:50.662+0000] {logging_mixin.py:188} INFO - [2025-09-24T17:03:50.662+0000] {dag.py:3954} INFO - Setting next_dagrun for example_display_name to None, run_after=None
[2025-09-24T17:03:50.687+0000] {processor.py:183} INFO - Processing /home/airflow/.local/lib/python3.12/site-packages/airflow/example_dags/example_display_name.py took 0.093 seconds
[2025-09-24T17:04:21.292+0000] {processor.py:161} INFO - Started process (PID=3172) to work on /home/airflow/.local/lib/python3.12/site-packages/airflow/example_dags/example_display_name.py
[2025-09-24T17:04:21.294+0000] {processor.py:830} INFO - Processing file /home/airflow/.local/lib/python3.12/site-packages/airflow/example_dags/example_display_name.py for tasks to queue
[2025-09-24T17:04:21.299+0000] {logging_mixin.py:188} INFO - [2025-09-24T17:04:21.298+0000] {dagbag.py:540} INFO - Filling up the DagBag from /home/airflow/.local/lib/python3.12/site-packages/airflow/example_dags/example_display_name.py
[2025-09-24T17:04:21.314+0000] {processor.py:840} INFO - DAG(s) 'example_display_name' retrieved from /home/airflow/.local/lib/python3.12/site-packages/airflow/example_dags/example_display_name.py
[2025-09-24T17:04:21.359+0000] {logging_mixin.py:188} INFO - [2025-09-24T17:04:21.359+0000] {dag.py:3096} INFO - Sync 1 DAGs
[2025-09-24T17:04:21.384+0000] {logging_mixin.py:188} INFO - [2025-09-24T17:04:21.384+0000] {dag.py:3954} INFO - Setting next_dagrun for example_display_name to None, run_after=None
[2025-09-24T17:04:21.422+0000] {processor.py:183} INFO - Processing /home/airflow/.local/lib/python3.12/site-packages/airflow/example_dags/example_display_name.py took 0.141 seconds
[2025-09-24T17:04:51.759+0000] {processor.py:161} INFO - Started process (PID=3230) to work on /home/airflow/.local/lib/python3.12/site-packages/airflow/example_dags/example_display_name.py
[2025-09-24T17:04:51.760+0000] {processor.py:830} INFO - Processing file /home/airflow/.local/lib/python3.12/site-packages/airflow/example_dags/example_display_name.py for tasks to queue
[2025-09-24T17:04:51.762+0000] {logging_mixin.py:188} INFO - [2025-09-24T17:04:51.762+0000] {dagbag.py:540} INFO - Filling up the DagBag from /home/airflow/.local/lib/python3.12/site-packages/airflow/example_dags/example_display_name.py
[2025-09-24T17:04:51.771+0000] {processor.py:840} INFO - DAG(s) 'example_display_name' retrieved from /home/airflow/.local/lib/python3.12/site-packages/airflow/example_dags/example_display_name.py
[2025-09-24T17:04:51.796+0000] {logging_mixin.py:188} INFO - [2025-09-24T17:04:51.796+0000] {dag.py:3096} INFO - Sync 1 DAGs
[2025-09-24T17:04:51.816+0000] {logging_mixin.py:188} INFO - [2025-09-24T17:04:51.816+0000] {dag.py:3954} INFO - Setting next_dagrun for example_display_name to None, run_after=None
[2025-09-24T17:04:51.841+0000] {processor.py:183} INFO - Processing /home/airflow/.local/lib/python3.12/site-packages/airflow/example_dags/example_display_name.py took 0.091 seconds
[2025-09-24T17:05:22.562+0000] {processor.py:161} INFO - Started process (PID=3294) to work on /home/airflow/.local/lib/python3.12/site-packages/airflow/example_dags/example_display_name.py
[2025-09-24T17:05:22.564+0000] {processor.py:830} INFO - Processing file /home/airflow/.local/lib/python3.12/site-packages/airflow/example_dags/example_display_name.py for tasks to queue
[2025-09-24T17:05:22.567+0000] {logging_mixin.py:188} INFO - [2025-09-24T17:05:22.566+0000] {dagbag.py:540} INFO - Filling up the DagBag from /home/airflow/.local/lib/python3.12/site-packages/airflow/example_dags/example_display_name.py
[2025-09-24T17:05:22.576+0000] {processor.py:840} INFO - DAG(s) 'example_display_name' retrieved from /home/airflow/.local/lib/python3.12/site-packages/airflow/example_dags/example_display_name.py
[2025-09-24T17:05:22.606+0000] {logging_mixin.py:188} INFO - [2025-09-24T17:05:22.606+0000] {dag.py:3096} INFO - Sync 1 DAGs
[2025-09-24T17:05:22.628+0000] {logging_mixin.py:188} INFO - [2025-09-24T17:05:22.627+0000] {dag.py:3954} INFO - Setting next_dagrun for example_display_name to None, run_after=None
[2025-09-24T17:05:22.658+0000] {processor.py:183} INFO - Processing /home/airflow/.local/lib/python3.12/site-packages/airflow/example_dags/example_display_name.py took 0.106 seconds
[2025-09-24T17:05:53.549+0000] {processor.py:161} INFO - Started process (PID=3352) to work on /home/airflow/.local/lib/python3.12/site-packages/airflow/example_dags/example_display_name.py
[2025-09-24T17:05:53.550+0000] {processor.py:830} INFO - Processing file /home/airflow/.local/lib/python3.12/site-packages/airflow/example_dags/example_display_name.py for tasks to queue
[2025-09-24T17:05:53.554+0000] {logging_mixin.py:188} INFO - [2025-09-24T17:05:53.553+0000] {dagbag.py:540} INFO - Filling up the DagBag from /home/airflow/.local/lib/python3.12/site-packages/airflow/example_dags/example_display_name.py
[2025-09-24T17:05:53.564+0000] {processor.py:840} INFO - DAG(s) 'example_display_name' retrieved from /home/airflow/.local/lib/python3.12/site-packages/airflow/example_dags/example_display_name.py
[2025-09-24T17:05:53.595+0000] {logging_mixin.py:188} INFO - [2025-09-24T17:05:53.595+0000] {dag.py:3096} INFO - Sync 1 DAGs
[2025-09-24T17:05:53.615+0000] {logging_mixin.py:188} INFO - [2025-09-24T17:05:53.615+0000] {dag.py:3954} INFO - Setting next_dagrun for example_display_name to None, run_after=None
[2025-09-24T17:05:53.640+0000] {processor.py:183} INFO - Processing /home/airflow/.local/lib/python3.12/site-packages/airflow/example_dags/example_display_name.py took 0.100 seconds
[2025-09-24T17:06:23.881+0000] {processor.py:161} INFO - Started process (PID=3410) to work on /home/airflow/.local/lib/python3.12/site-packages/airflow/example_dags/example_display_name.py
[2025-09-24T17:06:23.883+0000] {processor.py:830} INFO - Processing file /home/airflow/.local/lib/python3.12/site-packages/airflow/example_dags/example_display_name.py for tasks to queue
[2025-09-24T17:06:23.886+0000] {logging_mixin.py:188} INFO - [2025-09-24T17:06:23.885+0000] {dagbag.py:540} INFO - Filling up the DagBag from /home/airflow/.local/lib/python3.12/site-packages/airflow/example_dags/example_display_name.py
[2025-09-24T17:06:23.895+0000] {processor.py:840} INFO - DAG(s) 'example_display_name' retrieved from /home/airflow/.local/lib/python3.12/site-packages/airflow/example_dags/example_display_name.py
[2025-09-24T17:06:23.923+0000] {logging_mixin.py:188} INFO - [2025-09-24T17:06:23.923+0000] {dag.py:3096} INFO - Sync 1 DAGs
[2025-09-24T17:06:23.941+0000] {logging_mixin.py:188} INFO - [2025-09-24T17:06:23.941+0000] {dag.py:3954} INFO - Setting next_dagrun for example_display_name to None, run_after=None
[2025-09-24T17:06:23.966+0000] {processor.py:183} INFO - Processing /home/airflow/.local/lib/python3.12/site-packages/airflow/example_dags/example_display_name.py took 0.093 seconds
[2025-09-24T17:06:54.896+0000] {processor.py:161} INFO - Started process (PID=3468) to work on /home/airflow/.local/lib/python3.12/site-packages/airflow/example_dags/example_display_name.py
[2025-09-24T17:06:54.898+0000] {processor.py:830} INFO - Processing file /home/airflow/.local/lib/python3.12/site-packages/airflow/example_dags/example_display_name.py for tasks to queue
[2025-09-24T17:06:54.901+0000] {logging_mixin.py:188} INFO - [2025-09-24T17:06:54.900+0000] {dagbag.py:540} INFO - Filling up the DagBag from /home/airflow/.local/lib/python3.12/site-packages/airflow/example_dags/example_display_name.py
[2025-09-24T17:06:54.910+0000] {processor.py:840} INFO - DAG(s) 'example_display_name' retrieved from /home/airflow/.local/lib/python3.12/site-packages/airflow/example_dags/example_display_name.py
[2025-09-24T17:06:54.941+0000] {logging_mixin.py:188} INFO - [2025-09-24T17:06:54.940+0000] {dag.py:3096} INFO - Sync 1 DAGs
[2025-09-24T17:06:54.960+0000] {logging_mixin.py:188} INFO - [2025-09-24T17:06:54.960+0000] {dag.py:3954} INFO - Setting next_dagrun for example_display_name to None, run_after=None
[2025-09-24T17:06:54.995+0000] {processor.py:183} INFO - Processing /home/airflow/.local/lib/python3.12/site-packages/airflow/example_dags/example_display_name.py took 0.108 seconds
[2025-09-24T17:07:25.121+0000] {processor.py:161} INFO - Started process (PID=3526) to work on /home/airflow/.local/lib/python3.12/site-packages/airflow/example_dags/example_display_name.py
[2025-09-24T17:07:25.123+0000] {processor.py:830} INFO - Processing file /home/airflow/.local/lib/python3.12/site-packages/airflow/example_dags/example_display_name.py for tasks to queue
[2025-09-24T17:07:25.126+0000] {logging_mixin.py:188} INFO - [2025-09-24T17:07:25.125+0000] {dagbag.py:540} INFO - Filling up the DagBag from /home/airflow/.local/lib/python3.12/site-packages/airflow/example_dags/example_display_name.py
[2025-09-24T17:07:25.135+0000] {processor.py:840} INFO - DAG(s) 'example_display_name' retrieved from /home/airflow/.local/lib/python3.12/site-packages/airflow/example_dags/example_display_name.py
[2025-09-24T17:07:25.164+0000] {logging_mixin.py:188} INFO - [2025-09-24T17:07:25.163+0000] {dag.py:3096} INFO - Sync 1 DAGs
[2025-09-24T17:07:25.182+0000] {logging_mixin.py:188} INFO - [2025-09-24T17:07:25.182+0000] {dag.py:3954} INFO - Setting next_dagrun for example_display_name to None, run_after=None
[2025-09-24T17:07:25.212+0000] {processor.py:183} INFO - Processing /home/airflow/.local/lib/python3.12/site-packages/airflow/example_dags/example_display_name.py took 0.099 seconds
[2025-09-24T17:07:55.576+0000] {processor.py:161} INFO - Started process (PID=3584) to work on /home/airflow/.local/lib/python3.12/site-packages/airflow/example_dags/example_display_name.py
[2025-09-24T17:07:55.577+0000] {processor.py:830} INFO - Processing file /home/airflow/.local/lib/python3.12/site-packages/airflow/example_dags/example_display_name.py for tasks to queue
[2025-09-24T17:07:55.580+0000] {logging_mixin.py:188} INFO - [2025-09-24T17:07:55.579+0000] {dagbag.py:540} INFO - Filling up the DagBag from /home/airflow/.local/lib/python3.12/site-packages/airflow/example_dags/example_display_name.py
[2025-09-24T17:07:55.589+0000] {processor.py:840} INFO - DAG(s) 'example_display_name' retrieved from /home/airflow/.local/lib/python3.12/site-packages/airflow/example_dags/example_display_name.py
[2025-09-24T17:07:55.620+0000] {logging_mixin.py:188} INFO - [2025-09-24T17:07:55.619+0000] {dag.py:3096} INFO - Sync 1 DAGs
[2025-09-24T17:07:55.639+0000] {logging_mixin.py:188} INFO - [2025-09-24T17:07:55.638+0000] {dag.py:3954} INFO - Setting next_dagrun for example_display_name to None, run_after=None
[2025-09-24T17:07:55.665+0000] {processor.py:183} INFO - Processing /home/airflow/.local/lib/python3.12/site-packages/airflow/example_dags/example_display_name.py took 0.098 seconds
[2025-09-24T17:08:26.104+0000] {processor.py:161} INFO - Started process (PID=3642) to work on /home/airflow/.local/lib/python3.12/site-packages/airflow/example_dags/example_display_name.py
[2025-09-24T17:08:26.105+0000] {processor.py:830} INFO - Processing file /home/airflow/.local/lib/python3.12/site-packages/airflow/example_dags/example_display_name.py for tasks to queue
[2025-09-24T17:08:26.108+0000] {logging_mixin.py:188} INFO - [2025-09-24T17:08:26.107+0000] {dagbag.py:540} INFO - Filling up the DagBag from /home/airflow/.local/lib/python3.12/site-packages/airflow/example_dags/example_display_name.py
[2025-09-24T17:08:26.116+0000] {processor.py:840} INFO - DAG(s) 'example_display_name' retrieved from /home/airflow/.local/lib/python3.12/site-packages/airflow/example_dags/example_display_name.py
[2025-09-24T17:08:26.145+0000] {logging_mixin.py:188} INFO - [2025-09-24T17:08:26.144+0000] {dag.py:3096} INFO - Sync 1 DAGs
[2025-09-24T17:08:26.163+0000] {logging_mixin.py:188} INFO - [2025-09-24T17:08:26.163+0000] {dag.py:3954} INFO - Setting next_dagrun for example_display_name to None, run_after=None
[2025-09-24T17:08:26.192+0000] {processor.py:183} INFO - Processing /home/airflow/.local/lib/python3.12/site-packages/airflow/example_dags/example_display_name.py took 0.097 seconds
[2025-09-24T17:08:56.630+0000] {processor.py:161} INFO - Started process (PID=3700) to work on /home/airflow/.local/lib/python3.12/site-packages/airflow/example_dags/example_display_name.py
[2025-09-24T17:08:56.632+0000] {processor.py:830} INFO - Processing file /home/airflow/.local/lib/python3.12/site-packages/airflow/example_dags/example_display_name.py for tasks to queue
[2025-09-24T17:08:56.634+0000] {logging_mixin.py:188} INFO - [2025-09-24T17:08:56.634+0000] {dagbag.py:540} INFO - Filling up the DagBag from /home/airflow/.local/lib/python3.12/site-packages/airflow/example_dags/example_display_name.py
[2025-09-24T17:08:56.643+0000] {processor.py:840} INFO - DAG(s) 'example_display_name' retrieved from /home/airflow/.local/lib/python3.12/site-packages/airflow/example_dags/example_display_name.py
[2025-09-24T17:08:56.671+0000] {logging_mixin.py:188} INFO - [2025-09-24T17:08:56.670+0000] {dag.py:3096} INFO - Sync 1 DAGs
[2025-09-24T17:08:56.690+0000] {logging_mixin.py:188} INFO - [2025-09-24T17:08:56.690+0000] {dag.py:3954} INFO - Setting next_dagrun for example_display_name to None, run_after=None
[2025-09-24T17:08:56.717+0000] {processor.py:183} INFO - Processing /home/airflow/.local/lib/python3.12/site-packages/airflow/example_dags/example_display_name.py took 0.095 seconds
[2025-09-24T17:09:26.998+0000] {processor.py:161} INFO - Started process (PID=3758) to work on /home/airflow/.local/lib/python3.12/site-packages/airflow/example_dags/example_display_name.py
[2025-09-24T17:09:26.999+0000] {processor.py:830} INFO - Processing file /home/airflow/.local/lib/python3.12/site-packages/airflow/example_dags/example_display_name.py for tasks to queue
[2025-09-24T17:09:27.002+0000] {logging_mixin.py:188} INFO - [2025-09-24T17:09:27.002+0000] {dagbag.py:540} INFO - Filling up the DagBag from /home/airflow/.local/lib/python3.12/site-packages/airflow/example_dags/example_display_name.py
[2025-09-24T17:09:27.011+0000] {processor.py:840} INFO - DAG(s) 'example_display_name' retrieved from /home/airflow/.local/lib/python3.12/site-packages/airflow/example_dags/example_display_name.py
[2025-09-24T17:09:27.044+0000] {logging_mixin.py:188} INFO - [2025-09-24T17:09:27.044+0000] {dag.py:3096} INFO - Sync 1 DAGs
[2025-09-24T17:09:27.065+0000] {logging_mixin.py:188} INFO - [2025-09-24T17:09:27.065+0000] {dag.py:3954} INFO - Setting next_dagrun for example_display_name to None, run_after=None
[2025-09-24T17:09:27.099+0000] {processor.py:183} INFO - Processing /home/airflow/.local/lib/python3.12/site-packages/airflow/example_dags/example_display_name.py took 0.112 seconds
[2025-09-24T17:09:57.986+0000] {processor.py:161} INFO - Started process (PID=3814) to work on /home/airflow/.local/lib/python3.12/site-packages/airflow/example_dags/example_display_name.py
[2025-09-24T17:09:57.988+0000] {processor.py:830} INFO - Processing file /home/airflow/.local/lib/python3.12/site-packages/airflow/example_dags/example_display_name.py for tasks to queue
[2025-09-24T17:09:57.991+0000] {logging_mixin.py:188} INFO - [2025-09-24T17:09:57.991+0000] {dagbag.py:540} INFO - Filling up the DagBag from /home/airflow/.local/lib/python3.12/site-packages/airflow/example_dags/example_display_name.py
[2025-09-24T17:09:58.002+0000] {processor.py:840} INFO - DAG(s) 'example_display_name' retrieved from /home/airflow/.local/lib/python3.12/site-packages/airflow/example_dags/example_display_name.py
[2025-09-24T17:09:58.036+0000] {logging_mixin.py:188} INFO - [2025-09-24T17:09:58.035+0000] {dag.py:3096} INFO - Sync 1 DAGs
[2025-09-24T17:09:58.064+0000] {logging_mixin.py:188} INFO - [2025-09-24T17:09:58.063+0000] {dag.py:3954} INFO - Setting next_dagrun for example_display_name to None, run_after=None
[2025-09-24T17:09:58.098+0000] {processor.py:183} INFO - Processing /home/airflow/.local/lib/python3.12/site-packages/airflow/example_dags/example_display_name.py took 0.122 seconds
[2025-09-24T17:10:28.425+0000] {processor.py:161} INFO - Started process (PID=3872) to work on /home/airflow/.local/lib/python3.12/site-packages/airflow/example_dags/example_display_name.py
[2025-09-24T17:10:28.426+0000] {processor.py:830} INFO - Processing file /home/airflow/.local/lib/python3.12/site-packages/airflow/example_dags/example_display_name.py for tasks to queue
[2025-09-24T17:10:28.429+0000] {logging_mixin.py:188} INFO - [2025-09-24T17:10:28.429+0000] {dagbag.py:540} INFO - Filling up the DagBag from /home/airflow/.local/lib/python3.12/site-packages/airflow/example_dags/example_display_name.py
[2025-09-24T17:10:28.438+0000] {processor.py:840} INFO - DAG(s) 'example_display_name' retrieved from /home/airflow/.local/lib/python3.12/site-packages/airflow/example_dags/example_display_name.py
[2025-09-24T17:10:28.466+0000] {logging_mixin.py:188} INFO - [2025-09-24T17:10:28.466+0000] {dag.py:3096} INFO - Sync 1 DAGs
[2025-09-24T17:10:28.485+0000] {logging_mixin.py:188} INFO - [2025-09-24T17:10:28.484+0000] {dag.py:3954} INFO - Setting next_dagrun for example_display_name to None, run_after=None
[2025-09-24T17:10:28.514+0000] {processor.py:183} INFO - Processing /home/airflow/.local/lib/python3.12/site-packages/airflow/example_dags/example_display_name.py took 0.098 seconds
[2025-09-24T17:10:59.400+0000] {processor.py:161} INFO - Started process (PID=3930) to work on /home/airflow/.local/lib/python3.12/site-packages/airflow/example_dags/example_display_name.py
[2025-09-24T17:10:59.402+0000] {processor.py:830} INFO - Processing file /home/airflow/.local/lib/python3.12/site-packages/airflow/example_dags/example_display_name.py for tasks to queue
[2025-09-24T17:10:59.408+0000] {logging_mixin.py:188} INFO - [2025-09-24T17:10:59.407+0000] {dagbag.py:540} INFO - Filling up the DagBag from /home/airflow/.local/lib/python3.12/site-packages/airflow/example_dags/example_display_name.py
[2025-09-24T17:10:59.426+0000] {processor.py:840} INFO - DAG(s) 'example_display_name' retrieved from /home/airflow/.local/lib/python3.12/site-packages/airflow/example_dags/example_display_name.py
[2025-09-24T17:10:59.491+0000] {logging_mixin.py:188} INFO - [2025-09-24T17:10:59.490+0000] {dag.py:3096} INFO - Sync 1 DAGs
[2025-09-24T17:10:59.534+0000] {logging_mixin.py:188} INFO - [2025-09-24T17:10:59.534+0000] {dag.py:3954} INFO - Setting next_dagrun for example_display_name to None, run_after=None
[2025-09-24T17:10:59.689+0000] {processor.py:183} INFO - Processing /home/airflow/.local/lib/python3.12/site-packages/airflow/example_dags/example_display_name.py took 0.305 seconds
[2025-09-24T17:11:30.523+0000] {processor.py:161} INFO - Started process (PID=3988) to work on /home/airflow/.local/lib/python3.12/site-packages/airflow/example_dags/example_display_name.py
[2025-09-24T17:11:30.525+0000] {processor.py:830} INFO - Processing file /home/airflow/.local/lib/python3.12/site-packages/airflow/example_dags/example_display_name.py for tasks to queue
[2025-09-24T17:11:30.527+0000] {logging_mixin.py:188} INFO - [2025-09-24T17:11:30.527+0000] {dagbag.py:540} INFO - Filling up the DagBag from /home/airflow/.local/lib/python3.12/site-packages/airflow/example_dags/example_display_name.py
[2025-09-24T17:11:30.537+0000] {processor.py:840} INFO - DAG(s) 'example_display_name' retrieved from /home/airflow/.local/lib/python3.12/site-packages/airflow/example_dags/example_display_name.py
[2025-09-24T17:11:30.570+0000] {logging_mixin.py:188} INFO - [2025-09-24T17:11:30.570+0000] {dag.py:3096} INFO - Sync 1 DAGs
[2025-09-24T17:11:30.594+0000] {logging_mixin.py:188} INFO - [2025-09-24T17:11:30.594+0000] {dag.py:3954} INFO - Setting next_dagrun for example_display_name to None, run_after=None
[2025-09-24T17:11:30.623+0000] {processor.py:183} INFO - Processing /home/airflow/.local/lib/python3.12/site-packages/airflow/example_dags/example_display_name.py took 0.109 seconds
[2025-09-24T17:12:00.801+0000] {processor.py:161} INFO - Started process (PID=4046) to work on /home/airflow/.local/lib/python3.12/site-packages/airflow/example_dags/example_display_name.py
[2025-09-24T17:12:00.802+0000] {processor.py:830} INFO - Processing file /home/airflow/.local/lib/python3.12/site-packages/airflow/example_dags/example_display_name.py for tasks to queue
[2025-09-24T17:12:00.805+0000] {logging_mixin.py:188} INFO - [2025-09-24T17:12:00.805+0000] {dagbag.py:540} INFO - Filling up the DagBag from /home/airflow/.local/lib/python3.12/site-packages/airflow/example_dags/example_display_name.py
[2025-09-24T17:12:00.814+0000] {processor.py:840} INFO - DAG(s) 'example_display_name' retrieved from /home/airflow/.local/lib/python3.12/site-packages/airflow/example_dags/example_display_name.py
[2025-09-24T17:12:00.847+0000] {logging_mixin.py:188} INFO - [2025-09-24T17:12:00.847+0000] {dag.py:3096} INFO - Sync 1 DAGs
[2025-09-24T17:12:00.866+0000] {logging_mixin.py:188} INFO - [2025-09-24T17:12:00.866+0000] {dag.py:3954} INFO - Setting next_dagrun for example_display_name to None, run_after=None
[2025-09-24T17:12:00.900+0000] {processor.py:183} INFO - Processing /home/airflow/.local/lib/python3.12/site-packages/airflow/example_dags/example_display_name.py took 0.108 seconds
[2025-09-24T17:12:31.408+0000] {processor.py:161} INFO - Started process (PID=4104) to work on /home/airflow/.local/lib/python3.12/site-packages/airflow/example_dags/example_display_name.py
[2025-09-24T17:12:31.410+0000] {processor.py:830} INFO - Processing file /home/airflow/.local/lib/python3.12/site-packages/airflow/example_dags/example_display_name.py for tasks to queue
[2025-09-24T17:12:31.412+0000] {logging_mixin.py:188} INFO - [2025-09-24T17:12:31.412+0000] {dagbag.py:540} INFO - Filling up the DagBag from /home/airflow/.local/lib/python3.12/site-packages/airflow/example_dags/example_display_name.py
[2025-09-24T17:12:31.423+0000] {processor.py:840} INFO - DAG(s) 'example_display_name' retrieved from /home/airflow/.local/lib/python3.12/site-packages/airflow/example_dags/example_display_name.py
[2025-09-24T17:12:31.452+0000] {logging_mixin.py:188} INFO - [2025-09-24T17:12:31.452+0000] {dag.py:3096} INFO - Sync 1 DAGs
[2025-09-24T17:12:31.472+0000] {logging_mixin.py:188} INFO - [2025-09-24T17:12:31.471+0000] {dag.py:3954} INFO - Setting next_dagrun for example_display_name to None, run_after=None
[2025-09-24T17:12:31.501+0000] {processor.py:183} INFO - Processing /home/airflow/.local/lib/python3.12/site-packages/airflow/example_dags/example_display_name.py took 0.102 seconds
[2025-09-24T17:13:01.886+0000] {processor.py:161} INFO - Started process (PID=4162) to work on /home/airflow/.local/lib/python3.12/site-packages/airflow/example_dags/example_display_name.py
[2025-09-24T17:13:01.887+0000] {processor.py:830} INFO - Processing file /home/airflow/.local/lib/python3.12/site-packages/airflow/example_dags/example_display_name.py for tasks to queue
[2025-09-24T17:13:01.890+0000] {logging_mixin.py:188} INFO - [2025-09-24T17:13:01.890+0000] {dagbag.py:540} INFO - Filling up the DagBag from /home/airflow/.local/lib/python3.12/site-packages/airflow/example_dags/example_display_name.py
[2025-09-24T17:13:01.899+0000] {processor.py:840} INFO - DAG(s) 'example_display_name' retrieved from /home/airflow/.local/lib/python3.12/site-packages/airflow/example_dags/example_display_name.py
[2025-09-24T17:13:01.930+0000] {logging_mixin.py:188} INFO - [2025-09-24T17:13:01.930+0000] {dag.py:3096} INFO - Sync 1 DAGs
[2025-09-24T17:13:01.950+0000] {logging_mixin.py:188} INFO - [2025-09-24T17:13:01.949+0000] {dag.py:3954} INFO - Setting next_dagrun for example_display_name to None, run_after=None
[2025-09-24T17:13:01.979+0000] {processor.py:183} INFO - Processing /home/airflow/.local/lib/python3.12/site-packages/airflow/example_dags/example_display_name.py took 0.102 seconds
[2025-09-24T17:13:32.559+0000] {processor.py:161} INFO - Started process (PID=4220) to work on /home/airflow/.local/lib/python3.12/site-packages/airflow/example_dags/example_display_name.py
[2025-09-24T17:13:32.560+0000] {processor.py:830} INFO - Processing file /home/airflow/.local/lib/python3.12/site-packages/airflow/example_dags/example_display_name.py for tasks to queue
[2025-09-24T17:13:32.563+0000] {logging_mixin.py:188} INFO - [2025-09-24T17:13:32.563+0000] {dagbag.py:540} INFO - Filling up the DagBag from /home/airflow/.local/lib/python3.12/site-packages/airflow/example_dags/example_display_name.py
[2025-09-24T17:13:32.572+0000] {processor.py:840} INFO - DAG(s) 'example_display_name' retrieved from /home/airflow/.local/lib/python3.12/site-packages/airflow/example_dags/example_display_name.py
[2025-09-24T17:13:32.603+0000] {logging_mixin.py:188} INFO - [2025-09-24T17:13:32.602+0000] {dag.py:3096} INFO - Sync 1 DAGs
[2025-09-24T17:13:32.625+0000] {logging_mixin.py:188} INFO - [2025-09-24T17:13:32.625+0000] {dag.py:3954} INFO - Setting next_dagrun for example_display_name to None, run_after=None
[2025-09-24T17:13:32.653+0000] {processor.py:183} INFO - Processing /home/airflow/.local/lib/python3.12/site-packages/airflow/example_dags/example_display_name.py took 0.103 seconds
[2025-09-24T17:14:02.997+0000] {processor.py:161} INFO - Started process (PID=4278) to work on /home/airflow/.local/lib/python3.12/site-packages/airflow/example_dags/example_display_name.py
[2025-09-24T17:14:02.998+0000] {processor.py:830} INFO - Processing file /home/airflow/.local/lib/python3.12/site-packages/airflow/example_dags/example_display_name.py for tasks to queue
[2025-09-24T17:14:03.001+0000] {logging_mixin.py:188} INFO - [2025-09-24T17:14:03.001+0000] {dagbag.py:540} INFO - Filling up the DagBag from /home/airflow/.local/lib/python3.12/site-packages/airflow/example_dags/example_display_name.py
[2025-09-24T17:14:03.011+0000] {processor.py:840} INFO - DAG(s) 'example_display_name' retrieved from /home/airflow/.local/lib/python3.12/site-packages/airflow/example_dags/example_display_name.py
[2025-09-24T17:14:03.041+0000] {logging_mixin.py:188} INFO - [2025-09-24T17:14:03.040+0000] {dag.py:3096} INFO - Sync 1 DAGs
[2025-09-24T17:14:03.059+0000] {logging_mixin.py:188} INFO - [2025-09-24T17:14:03.059+0000] {dag.py:3954} INFO - Setting next_dagrun for example_display_name to None, run_after=None
[2025-09-24T17:14:03.085+0000] {processor.py:183} INFO - Processing /home/airflow/.local/lib/python3.12/site-packages/airflow/example_dags/example_display_name.py took 0.097 seconds
