[2025-09-24T16:37:19.251+0000] {processor.py:161} INFO - Started process (PID=106) to work on /home/airflow/.local/lib/python3.12/site-packages/airflow/example_dags/example_branch_operator.py
[2025-09-24T16:37:19.252+0000] {processor.py:830} INFO - Processing file /home/airflow/.local/lib/python3.12/site-packages/airflow/example_dags/example_branch_operator.py for tasks to queue
[2025-09-24T16:37:19.255+0000] {logging_mixin.py:188} INFO - [2025-09-24T16:37:19.255+0000] {dagbag.py:540} INFO - Filling up the DagBag from /home/airflow/.local/lib/python3.12/site-packages/airflow/example_dags/example_branch_operator.py
[2025-09-24T16:37:19.282+0000] {processor.py:840} INFO - DAG(s) 'example_branch_operator' retrieved from /home/airflow/.local/lib/python3.12/site-packages/airflow/example_dags/example_branch_operator.py
[2025-09-24T16:37:19.425+0000] {logging_mixin.py:188} INFO - [2025-09-24T16:37:19.424+0000] {dag.py:3096} INFO - Sync 1 DAGs
[2025-09-24T16:37:19.449+0000] {logging_mixin.py:188} INFO - [2025-09-24T16:37:19.449+0000] {dag.py:3954} INFO - Setting next_dagrun for example_branch_operator to 2025-09-23 00:00:00+00:00, run_after=2025-09-24 00:00:00+00:00
[2025-09-24T16:37:19.473+0000] {processor.py:183} INFO - Processing /home/airflow/.local/lib/python3.12/site-packages/airflow/example_dags/example_branch_operator.py took 0.230 seconds
[2025-09-24T16:37:49.552+0000] {processor.py:161} INFO - Started process (PID=164) to work on /home/airflow/.local/lib/python3.12/site-packages/airflow/example_dags/example_branch_operator.py
[2025-09-24T16:37:49.553+0000] {processor.py:830} INFO - Processing file /home/airflow/.local/lib/python3.12/site-packages/airflow/example_dags/example_branch_operator.py for tasks to queue
[2025-09-24T16:37:49.555+0000] {logging_mixin.py:188} INFO - [2025-09-24T16:37:49.555+0000] {dagbag.py:540} INFO - Filling up the DagBag from /home/airflow/.local/lib/python3.12/site-packages/airflow/example_dags/example_branch_operator.py
[2025-09-24T16:37:49.575+0000] {processor.py:840} INFO - DAG(s) 'example_branch_operator' retrieved from /home/airflow/.local/lib/python3.12/site-packages/airflow/example_dags/example_branch_operator.py
[2025-09-24T16:37:49.627+0000] {logging_mixin.py:188} INFO - [2025-09-24T16:37:49.626+0000] {dag.py:3096} INFO - Sync 1 DAGs
[2025-09-24T16:37:49.656+0000] {logging_mixin.py:188} INFO - [2025-09-24T16:37:49.656+0000] {dag.py:3954} INFO - Setting next_dagrun for example_branch_operator to 2025-09-23 00:00:00+00:00, run_after=2025-09-24 00:00:00+00:00
[2025-09-24T16:37:49.678+0000] {processor.py:183} INFO - Processing /home/airflow/.local/lib/python3.12/site-packages/airflow/example_dags/example_branch_operator.py took 0.134 seconds
[2025-09-24T16:38:19.808+0000] {processor.py:161} INFO - Started process (PID=222) to work on /home/airflow/.local/lib/python3.12/site-packages/airflow/example_dags/example_branch_operator.py
[2025-09-24T16:38:19.810+0000] {processor.py:830} INFO - Processing file /home/airflow/.local/lib/python3.12/site-packages/airflow/example_dags/example_branch_operator.py for tasks to queue
[2025-09-24T16:38:19.812+0000] {logging_mixin.py:188} INFO - [2025-09-24T16:38:19.812+0000] {dagbag.py:540} INFO - Filling up the DagBag from /home/airflow/.local/lib/python3.12/site-packages/airflow/example_dags/example_branch_operator.py
[2025-09-24T16:38:19.833+0000] {processor.py:840} INFO - DAG(s) 'example_branch_operator' retrieved from /home/airflow/.local/lib/python3.12/site-packages/airflow/example_dags/example_branch_operator.py
[2025-09-24T16:38:19.872+0000] {logging_mixin.py:188} INFO - [2025-09-24T16:38:19.871+0000] {dag.py:3096} INFO - Sync 1 DAGs
[2025-09-24T16:38:19.900+0000] {logging_mixin.py:188} INFO - [2025-09-24T16:38:19.900+0000] {dag.py:3954} INFO - Setting next_dagrun for example_branch_operator to 2025-09-23 00:00:00+00:00, run_after=2025-09-24 00:00:00+00:00
[2025-09-24T16:38:19.923+0000] {processor.py:183} INFO - Processing /home/airflow/.local/lib/python3.12/site-packages/airflow/example_dags/example_branch_operator.py took 0.122 seconds
[2025-09-24T16:38:50.135+0000] {processor.py:161} INFO - Started process (PID=280) to work on /home/airflow/.local/lib/python3.12/site-packages/airflow/example_dags/example_branch_operator.py
[2025-09-24T16:38:50.136+0000] {processor.py:830} INFO - Processing file /home/airflow/.local/lib/python3.12/site-packages/airflow/example_dags/example_branch_operator.py for tasks to queue
[2025-09-24T16:38:50.139+0000] {logging_mixin.py:188} INFO - [2025-09-24T16:38:50.138+0000] {dagbag.py:540} INFO - Filling up the DagBag from /home/airflow/.local/lib/python3.12/site-packages/airflow/example_dags/example_branch_operator.py
[2025-09-24T16:38:50.163+0000] {processor.py:840} INFO - DAG(s) 'example_branch_operator' retrieved from /home/airflow/.local/lib/python3.12/site-packages/airflow/example_dags/example_branch_operator.py
[2025-09-24T16:38:50.205+0000] {logging_mixin.py:188} INFO - [2025-09-24T16:38:50.205+0000] {dag.py:3096} INFO - Sync 1 DAGs
[2025-09-24T16:38:50.236+0000] {logging_mixin.py:188} INFO - [2025-09-24T16:38:50.236+0000] {dag.py:3954} INFO - Setting next_dagrun for example_branch_operator to 2025-09-23 00:00:00+00:00, run_after=2025-09-24 00:00:00+00:00
[2025-09-24T16:38:50.262+0000] {processor.py:183} INFO - Processing /home/airflow/.local/lib/python3.12/site-packages/airflow/example_dags/example_branch_operator.py took 0.136 seconds
[2025-09-24T16:39:20.543+0000] {processor.py:161} INFO - Started process (PID=338) to work on /home/airflow/.local/lib/python3.12/site-packages/airflow/example_dags/example_branch_operator.py
[2025-09-24T16:39:20.544+0000] {processor.py:830} INFO - Processing file /home/airflow/.local/lib/python3.12/site-packages/airflow/example_dags/example_branch_operator.py for tasks to queue
[2025-09-24T16:39:20.546+0000] {logging_mixin.py:188} INFO - [2025-09-24T16:39:20.546+0000] {dagbag.py:540} INFO - Filling up the DagBag from /home/airflow/.local/lib/python3.12/site-packages/airflow/example_dags/example_branch_operator.py
[2025-09-24T16:39:20.567+0000] {processor.py:840} INFO - DAG(s) 'example_branch_operator' retrieved from /home/airflow/.local/lib/python3.12/site-packages/airflow/example_dags/example_branch_operator.py
[2025-09-24T16:39:20.603+0000] {logging_mixin.py:188} INFO - [2025-09-24T16:39:20.603+0000] {dag.py:3096} INFO - Sync 1 DAGs
[2025-09-24T16:39:20.632+0000] {logging_mixin.py:188} INFO - [2025-09-24T16:39:20.631+0000] {dag.py:3954} INFO - Setting next_dagrun for example_branch_operator to 2025-09-23 00:00:00+00:00, run_after=2025-09-24 00:00:00+00:00
[2025-09-24T16:39:20.653+0000] {processor.py:183} INFO - Processing /home/airflow/.local/lib/python3.12/site-packages/airflow/example_dags/example_branch_operator.py took 0.118 seconds
[2025-09-24T16:39:51.221+0000] {processor.py:161} INFO - Started process (PID=396) to work on /home/airflow/.local/lib/python3.12/site-packages/airflow/example_dags/example_branch_operator.py
[2025-09-24T16:39:51.222+0000] {processor.py:830} INFO - Processing file /home/airflow/.local/lib/python3.12/site-packages/airflow/example_dags/example_branch_operator.py for tasks to queue
[2025-09-24T16:39:51.224+0000] {logging_mixin.py:188} INFO - [2025-09-24T16:39:51.224+0000] {dagbag.py:540} INFO - Filling up the DagBag from /home/airflow/.local/lib/python3.12/site-packages/airflow/example_dags/example_branch_operator.py
[2025-09-24T16:39:51.245+0000] {processor.py:840} INFO - DAG(s) 'example_branch_operator' retrieved from /home/airflow/.local/lib/python3.12/site-packages/airflow/example_dags/example_branch_operator.py
[2025-09-24T16:39:51.284+0000] {logging_mixin.py:188} INFO - [2025-09-24T16:39:51.283+0000] {dag.py:3096} INFO - Sync 1 DAGs
[2025-09-24T16:39:51.311+0000] {logging_mixin.py:188} INFO - [2025-09-24T16:39:51.311+0000] {dag.py:3954} INFO - Setting next_dagrun for example_branch_operator to 2025-09-23 00:00:00+00:00, run_after=2025-09-24 00:00:00+00:00
[2025-09-24T16:39:51.333+0000] {processor.py:183} INFO - Processing /home/airflow/.local/lib/python3.12/site-packages/airflow/example_dags/example_branch_operator.py took 0.120 seconds
[2025-09-24T16:40:21.654+0000] {processor.py:161} INFO - Started process (PID=454) to work on /home/airflow/.local/lib/python3.12/site-packages/airflow/example_dags/example_branch_operator.py
[2025-09-24T16:40:21.656+0000] {processor.py:830} INFO - Processing file /home/airflow/.local/lib/python3.12/site-packages/airflow/example_dags/example_branch_operator.py for tasks to queue
[2025-09-24T16:40:21.658+0000] {logging_mixin.py:188} INFO - [2025-09-24T16:40:21.658+0000] {dagbag.py:540} INFO - Filling up the DagBag from /home/airflow/.local/lib/python3.12/site-packages/airflow/example_dags/example_branch_operator.py
[2025-09-24T16:40:21.679+0000] {processor.py:840} INFO - DAG(s) 'example_branch_operator' retrieved from /home/airflow/.local/lib/python3.12/site-packages/airflow/example_dags/example_branch_operator.py
[2025-09-24T16:40:21.718+0000] {logging_mixin.py:188} INFO - [2025-09-24T16:40:21.718+0000] {dag.py:3096} INFO - Sync 1 DAGs
[2025-09-24T16:40:21.747+0000] {logging_mixin.py:188} INFO - [2025-09-24T16:40:21.747+0000] {dag.py:3954} INFO - Setting next_dagrun for example_branch_operator to 2025-09-23 00:00:00+00:00, run_after=2025-09-24 00:00:00+00:00
[2025-09-24T16:40:21.770+0000] {processor.py:183} INFO - Processing /home/airflow/.local/lib/python3.12/site-packages/airflow/example_dags/example_branch_operator.py took 0.123 seconds
[2025-09-24T16:40:52.009+0000] {processor.py:161} INFO - Started process (PID=512) to work on /home/airflow/.local/lib/python3.12/site-packages/airflow/example_dags/example_branch_operator.py
[2025-09-24T16:40:52.010+0000] {processor.py:830} INFO - Processing file /home/airflow/.local/lib/python3.12/site-packages/airflow/example_dags/example_branch_operator.py for tasks to queue
[2025-09-24T16:40:52.012+0000] {logging_mixin.py:188} INFO - [2025-09-24T16:40:52.012+0000] {dagbag.py:540} INFO - Filling up the DagBag from /home/airflow/.local/lib/python3.12/site-packages/airflow/example_dags/example_branch_operator.py
[2025-09-24T16:40:52.033+0000] {processor.py:840} INFO - DAG(s) 'example_branch_operator' retrieved from /home/airflow/.local/lib/python3.12/site-packages/airflow/example_dags/example_branch_operator.py
[2025-09-24T16:40:52.068+0000] {logging_mixin.py:188} INFO - [2025-09-24T16:40:52.068+0000] {dag.py:3096} INFO - Sync 1 DAGs
[2025-09-24T16:40:52.097+0000] {logging_mixin.py:188} INFO - [2025-09-24T16:40:52.097+0000] {dag.py:3954} INFO - Setting next_dagrun for example_branch_operator to 2025-09-23 00:00:00+00:00, run_after=2025-09-24 00:00:00+00:00
[2025-09-24T16:40:52.119+0000] {processor.py:183} INFO - Processing /home/airflow/.local/lib/python3.12/site-packages/airflow/example_dags/example_branch_operator.py took 0.117 seconds
[2025-09-24T16:41:22.378+0000] {processor.py:161} INFO - Started process (PID=570) to work on /home/airflow/.local/lib/python3.12/site-packages/airflow/example_dags/example_branch_operator.py
[2025-09-24T16:41:22.379+0000] {processor.py:830} INFO - Processing file /home/airflow/.local/lib/python3.12/site-packages/airflow/example_dags/example_branch_operator.py for tasks to queue
[2025-09-24T16:41:22.381+0000] {logging_mixin.py:188} INFO - [2025-09-24T16:41:22.381+0000] {dagbag.py:540} INFO - Filling up the DagBag from /home/airflow/.local/lib/python3.12/site-packages/airflow/example_dags/example_branch_operator.py
[2025-09-24T16:41:22.403+0000] {processor.py:840} INFO - DAG(s) 'example_branch_operator' retrieved from /home/airflow/.local/lib/python3.12/site-packages/airflow/example_dags/example_branch_operator.py
[2025-09-24T16:41:22.441+0000] {logging_mixin.py:188} INFO - [2025-09-24T16:41:22.440+0000] {dag.py:3096} INFO - Sync 1 DAGs
[2025-09-24T16:41:22.470+0000] {logging_mixin.py:188} INFO - [2025-09-24T16:41:22.470+0000] {dag.py:3954} INFO - Setting next_dagrun for example_branch_operator to 2025-09-23 00:00:00+00:00, run_after=2025-09-24 00:00:00+00:00
[2025-09-24T16:41:22.492+0000] {processor.py:183} INFO - Processing /home/airflow/.local/lib/python3.12/site-packages/airflow/example_dags/example_branch_operator.py took 0.122 seconds
[2025-09-24T16:41:52.866+0000] {processor.py:161} INFO - Started process (PID=628) to work on /home/airflow/.local/lib/python3.12/site-packages/airflow/example_dags/example_branch_operator.py
[2025-09-24T16:41:52.870+0000] {processor.py:830} INFO - Processing file /home/airflow/.local/lib/python3.12/site-packages/airflow/example_dags/example_branch_operator.py for tasks to queue
[2025-09-24T16:41:52.872+0000] {logging_mixin.py:188} INFO - [2025-09-24T16:41:52.872+0000] {dagbag.py:540} INFO - Filling up the DagBag from /home/airflow/.local/lib/python3.12/site-packages/airflow/example_dags/example_branch_operator.py
[2025-09-24T16:41:52.896+0000] {processor.py:840} INFO - DAG(s) 'example_branch_operator' retrieved from /home/airflow/.local/lib/python3.12/site-packages/airflow/example_dags/example_branch_operator.py
[2025-09-24T16:41:52.934+0000] {logging_mixin.py:188} INFO - [2025-09-24T16:41:52.933+0000] {dag.py:3096} INFO - Sync 1 DAGs
[2025-09-24T16:41:52.961+0000] {logging_mixin.py:188} INFO - [2025-09-24T16:41:52.961+0000] {dag.py:3954} INFO - Setting next_dagrun for example_branch_operator to 2025-09-23 00:00:00+00:00, run_after=2025-09-24 00:00:00+00:00
[2025-09-24T16:41:52.983+0000] {processor.py:183} INFO - Processing /home/airflow/.local/lib/python3.12/site-packages/airflow/example_dags/example_branch_operator.py took 0.125 seconds
[2025-09-24T16:42:23.290+0000] {processor.py:161} INFO - Started process (PID=686) to work on /home/airflow/.local/lib/python3.12/site-packages/airflow/example_dags/example_branch_operator.py
[2025-09-24T16:42:23.292+0000] {processor.py:830} INFO - Processing file /home/airflow/.local/lib/python3.12/site-packages/airflow/example_dags/example_branch_operator.py for tasks to queue
[2025-09-24T16:42:23.294+0000] {logging_mixin.py:188} INFO - [2025-09-24T16:42:23.294+0000] {dagbag.py:540} INFO - Filling up the DagBag from /home/airflow/.local/lib/python3.12/site-packages/airflow/example_dags/example_branch_operator.py
[2025-09-24T16:42:23.318+0000] {processor.py:840} INFO - DAG(s) 'example_branch_operator' retrieved from /home/airflow/.local/lib/python3.12/site-packages/airflow/example_dags/example_branch_operator.py
[2025-09-24T16:42:23.354+0000] {logging_mixin.py:188} INFO - [2025-09-24T16:42:23.353+0000] {dag.py:3096} INFO - Sync 1 DAGs
[2025-09-24T16:42:23.381+0000] {logging_mixin.py:188} INFO - [2025-09-24T16:42:23.381+0000] {dag.py:3954} INFO - Setting next_dagrun for example_branch_operator to 2025-09-23 00:00:00+00:00, run_after=2025-09-24 00:00:00+00:00
[2025-09-24T16:42:23.404+0000] {processor.py:183} INFO - Processing /home/airflow/.local/lib/python3.12/site-packages/airflow/example_dags/example_branch_operator.py took 0.122 seconds
[2025-09-24T16:42:53.639+0000] {processor.py:161} INFO - Started process (PID=744) to work on /home/airflow/.local/lib/python3.12/site-packages/airflow/example_dags/example_branch_operator.py
[2025-09-24T16:42:53.641+0000] {processor.py:830} INFO - Processing file /home/airflow/.local/lib/python3.12/site-packages/airflow/example_dags/example_branch_operator.py for tasks to queue
[2025-09-24T16:42:53.643+0000] {logging_mixin.py:188} INFO - [2025-09-24T16:42:53.643+0000] {dagbag.py:540} INFO - Filling up the DagBag from /home/airflow/.local/lib/python3.12/site-packages/airflow/example_dags/example_branch_operator.py
[2025-09-24T16:42:53.664+0000] {processor.py:840} INFO - DAG(s) 'example_branch_operator' retrieved from /home/airflow/.local/lib/python3.12/site-packages/airflow/example_dags/example_branch_operator.py
[2025-09-24T16:42:53.702+0000] {logging_mixin.py:188} INFO - [2025-09-24T16:42:53.701+0000] {dag.py:3096} INFO - Sync 1 DAGs
[2025-09-24T16:42:53.729+0000] {logging_mixin.py:188} INFO - [2025-09-24T16:42:53.729+0000] {dag.py:3954} INFO - Setting next_dagrun for example_branch_operator to 2025-09-23 00:00:00+00:00, run_after=2025-09-24 00:00:00+00:00
[2025-09-24T16:42:53.751+0000] {processor.py:183} INFO - Processing /home/airflow/.local/lib/python3.12/site-packages/airflow/example_dags/example_branch_operator.py took 0.120 seconds
[2025-09-24T16:43:23.967+0000] {processor.py:161} INFO - Started process (PID=802) to work on /home/airflow/.local/lib/python3.12/site-packages/airflow/example_dags/example_branch_operator.py
[2025-09-24T16:43:23.968+0000] {processor.py:830} INFO - Processing file /home/airflow/.local/lib/python3.12/site-packages/airflow/example_dags/example_branch_operator.py for tasks to queue
[2025-09-24T16:43:23.971+0000] {logging_mixin.py:188} INFO - [2025-09-24T16:43:23.970+0000] {dagbag.py:540} INFO - Filling up the DagBag from /home/airflow/.local/lib/python3.12/site-packages/airflow/example_dags/example_branch_operator.py
[2025-09-24T16:43:23.992+0000] {processor.py:840} INFO - DAG(s) 'example_branch_operator' retrieved from /home/airflow/.local/lib/python3.12/site-packages/airflow/example_dags/example_branch_operator.py
[2025-09-24T16:43:24.029+0000] {logging_mixin.py:188} INFO - [2025-09-24T16:43:24.028+0000] {dag.py:3096} INFO - Sync 1 DAGs
[2025-09-24T16:43:24.057+0000] {logging_mixin.py:188} INFO - [2025-09-24T16:43:24.057+0000] {dag.py:3954} INFO - Setting next_dagrun for example_branch_operator to 2025-09-23 00:00:00+00:00, run_after=2025-09-24 00:00:00+00:00
[2025-09-24T16:43:24.080+0000] {processor.py:183} INFO - Processing /home/airflow/.local/lib/python3.12/site-packages/airflow/example_dags/example_branch_operator.py took 0.120 seconds
[2025-09-24T16:43:54.363+0000] {processor.py:161} INFO - Started process (PID=860) to work on /home/airflow/.local/lib/python3.12/site-packages/airflow/example_dags/example_branch_operator.py
[2025-09-24T16:43:54.364+0000] {processor.py:830} INFO - Processing file /home/airflow/.local/lib/python3.12/site-packages/airflow/example_dags/example_branch_operator.py for tasks to queue
[2025-09-24T16:43:54.366+0000] {logging_mixin.py:188} INFO - [2025-09-24T16:43:54.366+0000] {dagbag.py:540} INFO - Filling up the DagBag from /home/airflow/.local/lib/python3.12/site-packages/airflow/example_dags/example_branch_operator.py
[2025-09-24T16:43:54.387+0000] {processor.py:840} INFO - DAG(s) 'example_branch_operator' retrieved from /home/airflow/.local/lib/python3.12/site-packages/airflow/example_dags/example_branch_operator.py
[2025-09-24T16:43:54.424+0000] {logging_mixin.py:188} INFO - [2025-09-24T16:43:54.423+0000] {dag.py:3096} INFO - Sync 1 DAGs
[2025-09-24T16:43:54.453+0000] {logging_mixin.py:188} INFO - [2025-09-24T16:43:54.453+0000] {dag.py:3954} INFO - Setting next_dagrun for example_branch_operator to 2025-09-23 00:00:00+00:00, run_after=2025-09-24 00:00:00+00:00
[2025-09-24T16:43:54.475+0000] {processor.py:183} INFO - Processing /home/airflow/.local/lib/python3.12/site-packages/airflow/example_dags/example_branch_operator.py took 0.119 seconds
[2025-09-24T16:44:24.857+0000] {processor.py:161} INFO - Started process (PID=918) to work on /home/airflow/.local/lib/python3.12/site-packages/airflow/example_dags/example_branch_operator.py
[2025-09-24T16:44:24.858+0000] {processor.py:830} INFO - Processing file /home/airflow/.local/lib/python3.12/site-packages/airflow/example_dags/example_branch_operator.py for tasks to queue
[2025-09-24T16:44:24.860+0000] {logging_mixin.py:188} INFO - [2025-09-24T16:44:24.860+0000] {dagbag.py:540} INFO - Filling up the DagBag from /home/airflow/.local/lib/python3.12/site-packages/airflow/example_dags/example_branch_operator.py
[2025-09-24T16:44:24.882+0000] {processor.py:840} INFO - DAG(s) 'example_branch_operator' retrieved from /home/airflow/.local/lib/python3.12/site-packages/airflow/example_dags/example_branch_operator.py
[2025-09-24T16:44:24.919+0000] {logging_mixin.py:188} INFO - [2025-09-24T16:44:24.919+0000] {dag.py:3096} INFO - Sync 1 DAGs
[2025-09-24T16:44:24.948+0000] {logging_mixin.py:188} INFO - [2025-09-24T16:44:24.948+0000] {dag.py:3954} INFO - Setting next_dagrun for example_branch_operator to 2025-09-23 00:00:00+00:00, run_after=2025-09-24 00:00:00+00:00
[2025-09-24T16:44:24.970+0000] {processor.py:183} INFO - Processing /home/airflow/.local/lib/python3.12/site-packages/airflow/example_dags/example_branch_operator.py took 0.121 seconds
[2025-09-24T16:44:55.515+0000] {processor.py:161} INFO - Started process (PID=976) to work on /home/airflow/.local/lib/python3.12/site-packages/airflow/example_dags/example_branch_operator.py
[2025-09-24T16:44:55.516+0000] {processor.py:830} INFO - Processing file /home/airflow/.local/lib/python3.12/site-packages/airflow/example_dags/example_branch_operator.py for tasks to queue
[2025-09-24T16:44:55.519+0000] {logging_mixin.py:188} INFO - [2025-09-24T16:44:55.519+0000] {dagbag.py:540} INFO - Filling up the DagBag from /home/airflow/.local/lib/python3.12/site-packages/airflow/example_dags/example_branch_operator.py
[2025-09-24T16:44:55.542+0000] {processor.py:840} INFO - DAG(s) 'example_branch_operator' retrieved from /home/airflow/.local/lib/python3.12/site-packages/airflow/example_dags/example_branch_operator.py
[2025-09-24T16:44:55.584+0000] {logging_mixin.py:188} INFO - [2025-09-24T16:44:55.584+0000] {dag.py:3096} INFO - Sync 1 DAGs
[2025-09-24T16:44:55.614+0000] {logging_mixin.py:188} INFO - [2025-09-24T16:44:55.614+0000] {dag.py:3954} INFO - Setting next_dagrun for example_branch_operator to 2025-09-23 00:00:00+00:00, run_after=2025-09-24 00:00:00+00:00
[2025-09-24T16:44:55.789+0000] {processor.py:183} INFO - Processing /home/airflow/.local/lib/python3.12/site-packages/airflow/example_dags/example_branch_operator.py took 0.282 seconds
[2025-09-24T16:45:25.900+0000] {processor.py:161} INFO - Started process (PID=1035) to work on /home/airflow/.local/lib/python3.12/site-packages/airflow/example_dags/example_branch_operator.py
[2025-09-24T16:45:25.901+0000] {processor.py:830} INFO - Processing file /home/airflow/.local/lib/python3.12/site-packages/airflow/example_dags/example_branch_operator.py for tasks to queue
[2025-09-24T16:45:25.903+0000] {logging_mixin.py:188} INFO - [2025-09-24T16:45:25.903+0000] {dagbag.py:540} INFO - Filling up the DagBag from /home/airflow/.local/lib/python3.12/site-packages/airflow/example_dags/example_branch_operator.py
[2025-09-24T16:45:25.926+0000] {processor.py:840} INFO - DAG(s) 'example_branch_operator' retrieved from /home/airflow/.local/lib/python3.12/site-packages/airflow/example_dags/example_branch_operator.py
[2025-09-24T16:45:25.963+0000] {logging_mixin.py:188} INFO - [2025-09-24T16:45:25.962+0000] {dag.py:3096} INFO - Sync 1 DAGs
[2025-09-24T16:45:25.990+0000] {logging_mixin.py:188} INFO - [2025-09-24T16:45:25.990+0000] {dag.py:3954} INFO - Setting next_dagrun for example_branch_operator to 2025-09-23 00:00:00+00:00, run_after=2025-09-24 00:00:00+00:00
[2025-09-24T16:45:26.011+0000] {processor.py:183} INFO - Processing /home/airflow/.local/lib/python3.12/site-packages/airflow/example_dags/example_branch_operator.py took 0.119 seconds
[2025-09-24T16:45:56.291+0000] {processor.py:161} INFO - Started process (PID=1092) to work on /home/airflow/.local/lib/python3.12/site-packages/airflow/example_dags/example_branch_operator.py
[2025-09-24T16:45:56.293+0000] {processor.py:830} INFO - Processing file /home/airflow/.local/lib/python3.12/site-packages/airflow/example_dags/example_branch_operator.py for tasks to queue
[2025-09-24T16:45:56.296+0000] {logging_mixin.py:188} INFO - [2025-09-24T16:45:56.295+0000] {dagbag.py:540} INFO - Filling up the DagBag from /home/airflow/.local/lib/python3.12/site-packages/airflow/example_dags/example_branch_operator.py
[2025-09-24T16:45:56.320+0000] {processor.py:840} INFO - DAG(s) 'example_branch_operator' retrieved from /home/airflow/.local/lib/python3.12/site-packages/airflow/example_dags/example_branch_operator.py
[2025-09-24T16:45:56.360+0000] {logging_mixin.py:188} INFO - [2025-09-24T16:45:56.359+0000] {dag.py:3096} INFO - Sync 1 DAGs
[2025-09-24T16:45:56.389+0000] {logging_mixin.py:188} INFO - [2025-09-24T16:45:56.389+0000] {dag.py:3954} INFO - Setting next_dagrun for example_branch_operator to 2025-09-23 00:00:00+00:00, run_after=2025-09-24 00:00:00+00:00
[2025-09-24T16:45:56.415+0000] {processor.py:183} INFO - Processing /home/airflow/.local/lib/python3.12/site-packages/airflow/example_dags/example_branch_operator.py took 0.133 seconds
[2025-09-24T16:46:27.040+0000] {processor.py:161} INFO - Started process (PID=1150) to work on /home/airflow/.local/lib/python3.12/site-packages/airflow/example_dags/example_branch_operator.py
[2025-09-24T16:46:27.042+0000] {processor.py:830} INFO - Processing file /home/airflow/.local/lib/python3.12/site-packages/airflow/example_dags/example_branch_operator.py for tasks to queue
[2025-09-24T16:46:27.044+0000] {logging_mixin.py:188} INFO - [2025-09-24T16:46:27.044+0000] {dagbag.py:540} INFO - Filling up the DagBag from /home/airflow/.local/lib/python3.12/site-packages/airflow/example_dags/example_branch_operator.py
[2025-09-24T16:46:27.066+0000] {processor.py:840} INFO - DAG(s) 'example_branch_operator' retrieved from /home/airflow/.local/lib/python3.12/site-packages/airflow/example_dags/example_branch_operator.py
[2025-09-24T16:46:27.107+0000] {logging_mixin.py:188} INFO - [2025-09-24T16:46:27.107+0000] {dag.py:3096} INFO - Sync 1 DAGs
[2025-09-24T16:46:27.309+0000] {logging_mixin.py:188} INFO - [2025-09-24T16:46:27.309+0000] {dag.py:3954} INFO - Setting next_dagrun for example_branch_operator to 2025-09-23 00:00:00+00:00, run_after=2025-09-24 00:00:00+00:00
[2025-09-24T16:46:27.336+0000] {processor.py:183} INFO - Processing /home/airflow/.local/lib/python3.12/site-packages/airflow/example_dags/example_branch_operator.py took 0.309 seconds
[2025-09-24T16:46:57.992+0000] {processor.py:161} INFO - Started process (PID=1208) to work on /home/airflow/.local/lib/python3.12/site-packages/airflow/example_dags/example_branch_operator.py
[2025-09-24T16:46:57.993+0000] {processor.py:830} INFO - Processing file /home/airflow/.local/lib/python3.12/site-packages/airflow/example_dags/example_branch_operator.py for tasks to queue
[2025-09-24T16:46:57.995+0000] {logging_mixin.py:188} INFO - [2025-09-24T16:46:57.995+0000] {dagbag.py:540} INFO - Filling up the DagBag from /home/airflow/.local/lib/python3.12/site-packages/airflow/example_dags/example_branch_operator.py
[2025-09-24T16:46:58.019+0000] {processor.py:840} INFO - DAG(s) 'example_branch_operator' retrieved from /home/airflow/.local/lib/python3.12/site-packages/airflow/example_dags/example_branch_operator.py
[2025-09-24T16:46:58.058+0000] {logging_mixin.py:188} INFO - [2025-09-24T16:46:58.058+0000] {dag.py:3096} INFO - Sync 1 DAGs
[2025-09-24T16:46:58.088+0000] {logging_mixin.py:188} INFO - [2025-09-24T16:46:58.088+0000] {dag.py:3954} INFO - Setting next_dagrun for example_branch_operator to 2025-09-23 00:00:00+00:00, run_after=2025-09-24 00:00:00+00:00
[2025-09-24T16:46:58.113+0000] {processor.py:183} INFO - Processing /home/airflow/.local/lib/python3.12/site-packages/airflow/example_dags/example_branch_operator.py took 0.130 seconds
[2025-09-24T16:47:28.552+0000] {processor.py:161} INFO - Started process (PID=1266) to work on /home/airflow/.local/lib/python3.12/site-packages/airflow/example_dags/example_branch_operator.py
[2025-09-24T16:47:28.554+0000] {processor.py:830} INFO - Processing file /home/airflow/.local/lib/python3.12/site-packages/airflow/example_dags/example_branch_operator.py for tasks to queue
[2025-09-24T16:47:28.556+0000] {logging_mixin.py:188} INFO - [2025-09-24T16:47:28.556+0000] {dagbag.py:540} INFO - Filling up the DagBag from /home/airflow/.local/lib/python3.12/site-packages/airflow/example_dags/example_branch_operator.py
[2025-09-24T16:47:28.579+0000] {processor.py:840} INFO - DAG(s) 'example_branch_operator' retrieved from /home/airflow/.local/lib/python3.12/site-packages/airflow/example_dags/example_branch_operator.py
[2025-09-24T16:47:28.619+0000] {logging_mixin.py:188} INFO - [2025-09-24T16:47:28.619+0000] {dag.py:3096} INFO - Sync 1 DAGs
[2025-09-24T16:47:28.649+0000] {logging_mixin.py:188} INFO - [2025-09-24T16:47:28.648+0000] {dag.py:3954} INFO - Setting next_dagrun for example_branch_operator to 2025-09-23 00:00:00+00:00, run_after=2025-09-24 00:00:00+00:00
[2025-09-24T16:47:28.674+0000] {processor.py:183} INFO - Processing /home/airflow/.local/lib/python3.12/site-packages/airflow/example_dags/example_branch_operator.py took 0.129 seconds
[2025-09-24T16:47:59.965+0000] {processor.py:161} INFO - Started process (PID=1324) to work on /home/airflow/.local/lib/python3.12/site-packages/airflow/example_dags/example_branch_operator.py
[2025-09-24T16:47:59.966+0000] {processor.py:830} INFO - Processing file /home/airflow/.local/lib/python3.12/site-packages/airflow/example_dags/example_branch_operator.py for tasks to queue
[2025-09-24T16:47:59.969+0000] {logging_mixin.py:188} INFO - [2025-09-24T16:47:59.968+0000] {dagbag.py:540} INFO - Filling up the DagBag from /home/airflow/.local/lib/python3.12/site-packages/airflow/example_dags/example_branch_operator.py
[2025-09-24T16:48:00.158+0000] {processor.py:840} INFO - DAG(s) 'example_branch_operator' retrieved from /home/airflow/.local/lib/python3.12/site-packages/airflow/example_dags/example_branch_operator.py
[2025-09-24T16:48:00.199+0000] {logging_mixin.py:188} INFO - [2025-09-24T16:48:00.199+0000] {dag.py:3096} INFO - Sync 1 DAGs
[2025-09-24T16:48:00.226+0000] {logging_mixin.py:188} INFO - [2025-09-24T16:48:00.226+0000] {dag.py:3954} INFO - Setting next_dagrun for example_branch_operator to 2025-09-23 00:00:00+00:00, run_after=2025-09-24 00:00:00+00:00
[2025-09-24T16:48:00.256+0000] {processor.py:183} INFO - Processing /home/airflow/.local/lib/python3.12/site-packages/airflow/example_dags/example_branch_operator.py took 0.300 seconds
[2025-09-24T16:48:31.129+0000] {processor.py:161} INFO - Started process (PID=1382) to work on /home/airflow/.local/lib/python3.12/site-packages/airflow/example_dags/example_branch_operator.py
[2025-09-24T16:48:31.130+0000] {processor.py:830} INFO - Processing file /home/airflow/.local/lib/python3.12/site-packages/airflow/example_dags/example_branch_operator.py for tasks to queue
[2025-09-24T16:48:31.133+0000] {logging_mixin.py:188} INFO - [2025-09-24T16:48:31.132+0000] {dagbag.py:540} INFO - Filling up the DagBag from /home/airflow/.local/lib/python3.12/site-packages/airflow/example_dags/example_branch_operator.py
[2025-09-24T16:48:31.156+0000] {processor.py:840} INFO - DAG(s) 'example_branch_operator' retrieved from /home/airflow/.local/lib/python3.12/site-packages/airflow/example_dags/example_branch_operator.py
[2025-09-24T16:48:31.198+0000] {logging_mixin.py:188} INFO - [2025-09-24T16:48:31.198+0000] {dag.py:3096} INFO - Sync 1 DAGs
[2025-09-24T16:48:31.227+0000] {logging_mixin.py:188} INFO - [2025-09-24T16:48:31.227+0000] {dag.py:3954} INFO - Setting next_dagrun for example_branch_operator to 2025-09-23 00:00:00+00:00, run_after=2025-09-24 00:00:00+00:00
[2025-09-24T16:48:31.255+0000] {processor.py:183} INFO - Processing /home/airflow/.local/lib/python3.12/site-packages/airflow/example_dags/example_branch_operator.py took 0.135 seconds
[2025-09-24T16:49:01.418+0000] {processor.py:161} INFO - Started process (PID=1440) to work on /home/airflow/.local/lib/python3.12/site-packages/airflow/example_dags/example_branch_operator.py
[2025-09-24T16:49:01.419+0000] {processor.py:830} INFO - Processing file /home/airflow/.local/lib/python3.12/site-packages/airflow/example_dags/example_branch_operator.py for tasks to queue
[2025-09-24T16:49:01.422+0000] {logging_mixin.py:188} INFO - [2025-09-24T16:49:01.421+0000] {dagbag.py:540} INFO - Filling up the DagBag from /home/airflow/.local/lib/python3.12/site-packages/airflow/example_dags/example_branch_operator.py
[2025-09-24T16:49:01.444+0000] {processor.py:840} INFO - DAG(s) 'example_branch_operator' retrieved from /home/airflow/.local/lib/python3.12/site-packages/airflow/example_dags/example_branch_operator.py
[2025-09-24T16:49:01.490+0000] {logging_mixin.py:188} INFO - [2025-09-24T16:49:01.490+0000] {dag.py:3096} INFO - Sync 1 DAGs
[2025-09-24T16:49:01.522+0000] {logging_mixin.py:188} INFO - [2025-09-24T16:49:01.521+0000] {dag.py:3954} INFO - Setting next_dagrun for example_branch_operator to 2025-09-23 00:00:00+00:00, run_after=2025-09-24 00:00:00+00:00
[2025-09-24T16:49:01.547+0000] {processor.py:183} INFO - Processing /home/airflow/.local/lib/python3.12/site-packages/airflow/example_dags/example_branch_operator.py took 0.139 seconds
[2025-09-24T16:49:31.868+0000] {processor.py:161} INFO - Started process (PID=1498) to work on /home/airflow/.local/lib/python3.12/site-packages/airflow/example_dags/example_branch_operator.py
[2025-09-24T16:49:31.869+0000] {processor.py:830} INFO - Processing file /home/airflow/.local/lib/python3.12/site-packages/airflow/example_dags/example_branch_operator.py for tasks to queue
[2025-09-24T16:49:31.872+0000] {logging_mixin.py:188} INFO - [2025-09-24T16:49:31.871+0000] {dagbag.py:540} INFO - Filling up the DagBag from /home/airflow/.local/lib/python3.12/site-packages/airflow/example_dags/example_branch_operator.py
[2025-09-24T16:49:31.895+0000] {processor.py:840} INFO - DAG(s) 'example_branch_operator' retrieved from /home/airflow/.local/lib/python3.12/site-packages/airflow/example_dags/example_branch_operator.py
[2025-09-24T16:49:31.945+0000] {logging_mixin.py:188} INFO - [2025-09-24T16:49:31.944+0000] {dag.py:3096} INFO - Sync 1 DAGs
[2025-09-24T16:49:31.978+0000] {logging_mixin.py:188} INFO - [2025-09-24T16:49:31.978+0000] {dag.py:3954} INFO - Setting next_dagrun for example_branch_operator to 2025-09-23 00:00:00+00:00, run_after=2025-09-24 00:00:00+00:00
[2025-09-24T16:49:32.004+0000] {processor.py:183} INFO - Processing /home/airflow/.local/lib/python3.12/site-packages/airflow/example_dags/example_branch_operator.py took 0.145 seconds
[2025-09-24T16:50:02.186+0000] {processor.py:161} INFO - Started process (PID=1557) to work on /home/airflow/.local/lib/python3.12/site-packages/airflow/example_dags/example_branch_operator.py
[2025-09-24T16:50:02.187+0000] {processor.py:830} INFO - Processing file /home/airflow/.local/lib/python3.12/site-packages/airflow/example_dags/example_branch_operator.py for tasks to queue
[2025-09-24T16:50:02.189+0000] {logging_mixin.py:188} INFO - [2025-09-24T16:50:02.189+0000] {dagbag.py:540} INFO - Filling up the DagBag from /home/airflow/.local/lib/python3.12/site-packages/airflow/example_dags/example_branch_operator.py
[2025-09-24T16:50:02.213+0000] {processor.py:840} INFO - DAG(s) 'example_branch_operator' retrieved from /home/airflow/.local/lib/python3.12/site-packages/airflow/example_dags/example_branch_operator.py
[2025-09-24T16:50:02.258+0000] {logging_mixin.py:188} INFO - [2025-09-24T16:50:02.258+0000] {dag.py:3096} INFO - Sync 1 DAGs
[2025-09-24T16:50:02.299+0000] {logging_mixin.py:188} INFO - [2025-09-24T16:50:02.298+0000] {dag.py:3954} INFO - Setting next_dagrun for example_branch_operator to 2025-09-23 00:00:00+00:00, run_after=2025-09-24 00:00:00+00:00
[2025-09-24T16:50:02.331+0000] {processor.py:183} INFO - Processing /home/airflow/.local/lib/python3.12/site-packages/airflow/example_dags/example_branch_operator.py took 0.155 seconds
[2025-09-24T16:50:32.689+0000] {processor.py:161} INFO - Started process (PID=1615) to work on /home/airflow/.local/lib/python3.12/site-packages/airflow/example_dags/example_branch_operator.py
[2025-09-24T16:50:32.690+0000] {processor.py:830} INFO - Processing file /home/airflow/.local/lib/python3.12/site-packages/airflow/example_dags/example_branch_operator.py for tasks to queue
[2025-09-24T16:50:32.693+0000] {logging_mixin.py:188} INFO - [2025-09-24T16:50:32.693+0000] {dagbag.py:540} INFO - Filling up the DagBag from /home/airflow/.local/lib/python3.12/site-packages/airflow/example_dags/example_branch_operator.py
[2025-09-24T16:50:32.716+0000] {processor.py:840} INFO - DAG(s) 'example_branch_operator' retrieved from /home/airflow/.local/lib/python3.12/site-packages/airflow/example_dags/example_branch_operator.py
[2025-09-24T16:50:32.766+0000] {logging_mixin.py:188} INFO - [2025-09-24T16:50:32.766+0000] {dag.py:3096} INFO - Sync 1 DAGs
[2025-09-24T16:50:32.808+0000] {logging_mixin.py:188} INFO - [2025-09-24T16:50:32.808+0000] {dag.py:3954} INFO - Setting next_dagrun for example_branch_operator to 2025-09-23 00:00:00+00:00, run_after=2025-09-24 00:00:00+00:00
[2025-09-24T16:50:32.840+0000] {processor.py:183} INFO - Processing /home/airflow/.local/lib/python3.12/site-packages/airflow/example_dags/example_branch_operator.py took 0.161 seconds
[2025-09-24T16:51:03.002+0000] {processor.py:161} INFO - Started process (PID=1673) to work on /home/airflow/.local/lib/python3.12/site-packages/airflow/example_dags/example_branch_operator.py
[2025-09-24T16:51:03.003+0000] {processor.py:830} INFO - Processing file /home/airflow/.local/lib/python3.12/site-packages/airflow/example_dags/example_branch_operator.py for tasks to queue
[2025-09-24T16:51:03.006+0000] {logging_mixin.py:188} INFO - [2025-09-24T16:51:03.005+0000] {dagbag.py:540} INFO - Filling up the DagBag from /home/airflow/.local/lib/python3.12/site-packages/airflow/example_dags/example_branch_operator.py
[2025-09-24T16:51:03.028+0000] {processor.py:840} INFO - DAG(s) 'example_branch_operator' retrieved from /home/airflow/.local/lib/python3.12/site-packages/airflow/example_dags/example_branch_operator.py
[2025-09-24T16:51:03.071+0000] {logging_mixin.py:188} INFO - [2025-09-24T16:51:03.070+0000] {dag.py:3096} INFO - Sync 1 DAGs
[2025-09-24T16:51:03.098+0000] {logging_mixin.py:188} INFO - [2025-09-24T16:51:03.098+0000] {dag.py:3954} INFO - Setting next_dagrun for example_branch_operator to 2025-09-23 00:00:00+00:00, run_after=2025-09-24 00:00:00+00:00
[2025-09-24T16:51:03.124+0000] {processor.py:183} INFO - Processing /home/airflow/.local/lib/python3.12/site-packages/airflow/example_dags/example_branch_operator.py took 0.131 seconds
[2025-09-24T16:51:33.518+0000] {processor.py:161} INFO - Started process (PID=1731) to work on /home/airflow/.local/lib/python3.12/site-packages/airflow/example_dags/example_branch_operator.py
[2025-09-24T16:51:33.519+0000] {processor.py:830} INFO - Processing file /home/airflow/.local/lib/python3.12/site-packages/airflow/example_dags/example_branch_operator.py for tasks to queue
[2025-09-24T16:51:33.522+0000] {logging_mixin.py:188} INFO - [2025-09-24T16:51:33.521+0000] {dagbag.py:540} INFO - Filling up the DagBag from /home/airflow/.local/lib/python3.12/site-packages/airflow/example_dags/example_branch_operator.py
[2025-09-24T16:51:33.546+0000] {processor.py:840} INFO - DAG(s) 'example_branch_operator' retrieved from /home/airflow/.local/lib/python3.12/site-packages/airflow/example_dags/example_branch_operator.py
[2025-09-24T16:51:33.595+0000] {logging_mixin.py:188} INFO - [2025-09-24T16:51:33.595+0000] {dag.py:3096} INFO - Sync 1 DAGs
[2025-09-24T16:51:33.632+0000] {logging_mixin.py:188} INFO - [2025-09-24T16:51:33.632+0000] {dag.py:3954} INFO - Setting next_dagrun for example_branch_operator to 2025-09-23 00:00:00+00:00, run_after=2025-09-24 00:00:00+00:00
[2025-09-24T16:51:33.658+0000] {processor.py:183} INFO - Processing /home/airflow/.local/lib/python3.12/site-packages/airflow/example_dags/example_branch_operator.py took 0.149 seconds
[2025-09-24T16:52:03.987+0000] {processor.py:161} INFO - Started process (PID=1789) to work on /home/airflow/.local/lib/python3.12/site-packages/airflow/example_dags/example_branch_operator.py
[2025-09-24T16:52:03.988+0000] {processor.py:830} INFO - Processing file /home/airflow/.local/lib/python3.12/site-packages/airflow/example_dags/example_branch_operator.py for tasks to queue
[2025-09-24T16:52:03.991+0000] {logging_mixin.py:188} INFO - [2025-09-24T16:52:03.990+0000] {dagbag.py:540} INFO - Filling up the DagBag from /home/airflow/.local/lib/python3.12/site-packages/airflow/example_dags/example_branch_operator.py
[2025-09-24T16:52:04.014+0000] {processor.py:840} INFO - DAG(s) 'example_branch_operator' retrieved from /home/airflow/.local/lib/python3.12/site-packages/airflow/example_dags/example_branch_operator.py
[2025-09-24T16:52:04.052+0000] {logging_mixin.py:188} INFO - [2025-09-24T16:52:04.052+0000] {dag.py:3096} INFO - Sync 1 DAGs
[2025-09-24T16:52:04.085+0000] {logging_mixin.py:188} INFO - [2025-09-24T16:52:04.085+0000] {dag.py:3954} INFO - Setting next_dagrun for example_branch_operator to 2025-09-23 00:00:00+00:00, run_after=2025-09-24 00:00:00+00:00
[2025-09-24T16:52:04.110+0000] {processor.py:183} INFO - Processing /home/airflow/.local/lib/python3.12/site-packages/airflow/example_dags/example_branch_operator.py took 0.132 seconds
[2025-09-24T16:52:34.367+0000] {processor.py:161} INFO - Started process (PID=1847) to work on /home/airflow/.local/lib/python3.12/site-packages/airflow/example_dags/example_branch_operator.py
[2025-09-24T16:52:34.368+0000] {processor.py:830} INFO - Processing file /home/airflow/.local/lib/python3.12/site-packages/airflow/example_dags/example_branch_operator.py for tasks to queue
[2025-09-24T16:52:34.371+0000] {logging_mixin.py:188} INFO - [2025-09-24T16:52:34.370+0000] {dagbag.py:540} INFO - Filling up the DagBag from /home/airflow/.local/lib/python3.12/site-packages/airflow/example_dags/example_branch_operator.py
[2025-09-24T16:52:34.390+0000] {processor.py:840} INFO - DAG(s) 'example_branch_operator' retrieved from /home/airflow/.local/lib/python3.12/site-packages/airflow/example_dags/example_branch_operator.py
[2025-09-24T16:52:34.434+0000] {logging_mixin.py:188} INFO - [2025-09-24T16:52:34.434+0000] {dag.py:3096} INFO - Sync 1 DAGs
[2025-09-24T16:52:34.495+0000] {logging_mixin.py:188} INFO - [2025-09-24T16:52:34.494+0000] {dag.py:3954} INFO - Setting next_dagrun for example_branch_operator to 2025-09-23 00:00:00+00:00, run_after=2025-09-24 00:00:00+00:00
[2025-09-24T16:52:34.544+0000] {processor.py:183} INFO - Processing /home/airflow/.local/lib/python3.12/site-packages/airflow/example_dags/example_branch_operator.py took 0.185 seconds
[2025-09-24T16:53:05.225+0000] {processor.py:161} INFO - Started process (PID=1905) to work on /home/airflow/.local/lib/python3.12/site-packages/airflow/example_dags/example_branch_operator.py
[2025-09-24T16:53:05.233+0000] {processor.py:830} INFO - Processing file /home/airflow/.local/lib/python3.12/site-packages/airflow/example_dags/example_branch_operator.py for tasks to queue
[2025-09-24T16:53:05.235+0000] {logging_mixin.py:188} INFO - [2025-09-24T16:53:05.235+0000] {dagbag.py:540} INFO - Filling up the DagBag from /home/airflow/.local/lib/python3.12/site-packages/airflow/example_dags/example_branch_operator.py
[2025-09-24T16:53:05.263+0000] {processor.py:840} INFO - DAG(s) 'example_branch_operator' retrieved from /home/airflow/.local/lib/python3.12/site-packages/airflow/example_dags/example_branch_operator.py
[2025-09-24T16:53:05.308+0000] {logging_mixin.py:188} INFO - [2025-09-24T16:53:05.307+0000] {dag.py:3096} INFO - Sync 1 DAGs
[2025-09-24T16:53:05.336+0000] {logging_mixin.py:188} INFO - [2025-09-24T16:53:05.335+0000] {dag.py:3954} INFO - Setting next_dagrun for example_branch_operator to 2025-09-23 00:00:00+00:00, run_after=2025-09-24 00:00:00+00:00
[2025-09-24T16:53:05.361+0000] {processor.py:183} INFO - Processing /home/airflow/.local/lib/python3.12/site-packages/airflow/example_dags/example_branch_operator.py took 0.150 seconds
[2025-09-24T16:53:35.543+0000] {processor.py:161} INFO - Started process (PID=1963) to work on /home/airflow/.local/lib/python3.12/site-packages/airflow/example_dags/example_branch_operator.py
[2025-09-24T16:53:35.548+0000] {processor.py:830} INFO - Processing file /home/airflow/.local/lib/python3.12/site-packages/airflow/example_dags/example_branch_operator.py for tasks to queue
[2025-09-24T16:53:35.553+0000] {logging_mixin.py:188} INFO - [2025-09-24T16:53:35.553+0000] {dagbag.py:540} INFO - Filling up the DagBag from /home/airflow/.local/lib/python3.12/site-packages/airflow/example_dags/example_branch_operator.py
[2025-09-24T16:53:35.573+0000] {processor.py:840} INFO - DAG(s) 'example_branch_operator' retrieved from /home/airflow/.local/lib/python3.12/site-packages/airflow/example_dags/example_branch_operator.py
[2025-09-24T16:53:35.619+0000] {logging_mixin.py:188} INFO - [2025-09-24T16:53:35.619+0000] {dag.py:3096} INFO - Sync 1 DAGs
[2025-09-24T16:53:35.648+0000] {logging_mixin.py:188} INFO - [2025-09-24T16:53:35.648+0000] {dag.py:3954} INFO - Setting next_dagrun for example_branch_operator to 2025-09-23 00:00:00+00:00, run_after=2025-09-24 00:00:00+00:00
[2025-09-24T16:53:35.673+0000] {processor.py:183} INFO - Processing /home/airflow/.local/lib/python3.12/site-packages/airflow/example_dags/example_branch_operator.py took 0.141 seconds
[2025-09-24T16:54:05.912+0000] {processor.py:161} INFO - Started process (PID=2020) to work on /home/airflow/.local/lib/python3.12/site-packages/airflow/example_dags/example_branch_operator.py
[2025-09-24T16:54:05.913+0000] {processor.py:830} INFO - Processing file /home/airflow/.local/lib/python3.12/site-packages/airflow/example_dags/example_branch_operator.py for tasks to queue
[2025-09-24T16:54:05.916+0000] {logging_mixin.py:188} INFO - [2025-09-24T16:54:05.915+0000] {dagbag.py:540} INFO - Filling up the DagBag from /home/airflow/.local/lib/python3.12/site-packages/airflow/example_dags/example_branch_operator.py
[2025-09-24T16:54:05.940+0000] {processor.py:840} INFO - DAG(s) 'example_branch_operator' retrieved from /home/airflow/.local/lib/python3.12/site-packages/airflow/example_dags/example_branch_operator.py
[2025-09-24T16:54:05.990+0000] {logging_mixin.py:188} INFO - [2025-09-24T16:54:05.990+0000] {dag.py:3096} INFO - Sync 1 DAGs
[2025-09-24T16:54:06.020+0000] {logging_mixin.py:188} INFO - [2025-09-24T16:54:06.020+0000] {dag.py:3954} INFO - Setting next_dagrun for example_branch_operator to 2025-09-23 00:00:00+00:00, run_after=2025-09-24 00:00:00+00:00
[2025-09-24T16:54:06.049+0000] {processor.py:183} INFO - Processing /home/airflow/.local/lib/python3.12/site-packages/airflow/example_dags/example_branch_operator.py took 0.147 seconds
[2025-09-24T16:54:36.228+0000] {processor.py:161} INFO - Started process (PID=2078) to work on /home/airflow/.local/lib/python3.12/site-packages/airflow/example_dags/example_branch_operator.py
[2025-09-24T16:54:36.229+0000] {processor.py:830} INFO - Processing file /home/airflow/.local/lib/python3.12/site-packages/airflow/example_dags/example_branch_operator.py for tasks to queue
[2025-09-24T16:54:36.232+0000] {logging_mixin.py:188} INFO - [2025-09-24T16:54:36.231+0000] {dagbag.py:540} INFO - Filling up the DagBag from /home/airflow/.local/lib/python3.12/site-packages/airflow/example_dags/example_branch_operator.py
[2025-09-24T16:54:36.255+0000] {processor.py:840} INFO - DAG(s) 'example_branch_operator' retrieved from /home/airflow/.local/lib/python3.12/site-packages/airflow/example_dags/example_branch_operator.py
[2025-09-24T16:54:36.309+0000] {logging_mixin.py:188} INFO - [2025-09-24T16:54:36.308+0000] {dag.py:3096} INFO - Sync 1 DAGs
[2025-09-24T16:54:36.343+0000] {logging_mixin.py:188} INFO - [2025-09-24T16:54:36.342+0000] {dag.py:3954} INFO - Setting next_dagrun for example_branch_operator to 2025-09-23 00:00:00+00:00, run_after=2025-09-24 00:00:00+00:00
[2025-09-24T16:54:36.371+0000] {processor.py:183} INFO - Processing /home/airflow/.local/lib/python3.12/site-packages/airflow/example_dags/example_branch_operator.py took 0.152 seconds
[2025-09-24T16:55:14.338+0000] {processor.py:161} INFO - Started process (PID=2136) to work on /home/airflow/.local/lib/python3.12/site-packages/airflow/example_dags/example_branch_operator.py
[2025-09-24T16:55:14.341+0000] {processor.py:830} INFO - Processing file /home/airflow/.local/lib/python3.12/site-packages/airflow/example_dags/example_branch_operator.py for tasks to queue
[2025-09-24T16:55:14.350+0000] {logging_mixin.py:188} INFO - [2025-09-24T16:55:14.348+0000] {dagbag.py:540} INFO - Filling up the DagBag from /home/airflow/.local/lib/python3.12/site-packages/airflow/example_dags/example_branch_operator.py
[2025-09-24T16:55:14.604+0000] {processor.py:840} INFO - DAG(s) 'example_branch_operator' retrieved from /home/airflow/.local/lib/python3.12/site-packages/airflow/example_dags/example_branch_operator.py
[2025-09-24T16:55:14.855+0000] {logging_mixin.py:188} INFO - [2025-09-24T16:55:14.855+0000] {dag.py:3096} INFO - Sync 1 DAGs
[2025-09-24T16:55:14.970+0000] {logging_mixin.py:188} INFO - [2025-09-24T16:55:14.970+0000] {dag.py:3954} INFO - Setting next_dagrun for example_branch_operator to 2025-09-23 00:00:00+00:00, run_after=2025-09-24 00:00:00+00:00
[2025-09-24T16:55:15.104+0000] {processor.py:183} INFO - Processing /home/airflow/.local/lib/python3.12/site-packages/airflow/example_dags/example_branch_operator.py took 0.722 seconds
[2025-09-24T16:55:45.551+0000] {processor.py:161} INFO - Started process (PID=2194) to work on /home/airflow/.local/lib/python3.12/site-packages/airflow/example_dags/example_branch_operator.py
[2025-09-24T16:55:45.554+0000] {processor.py:830} INFO - Processing file /home/airflow/.local/lib/python3.12/site-packages/airflow/example_dags/example_branch_operator.py for tasks to queue
[2025-09-24T16:55:45.559+0000] {logging_mixin.py:188} INFO - [2025-09-24T16:55:45.558+0000] {dagbag.py:540} INFO - Filling up the DagBag from /home/airflow/.local/lib/python3.12/site-packages/airflow/example_dags/example_branch_operator.py
[2025-09-24T16:55:45.655+0000] {processor.py:840} INFO - DAG(s) 'example_branch_operator' retrieved from /home/airflow/.local/lib/python3.12/site-packages/airflow/example_dags/example_branch_operator.py
[2025-09-24T16:55:45.805+0000] {logging_mixin.py:188} INFO - [2025-09-24T16:55:45.804+0000] {dag.py:3096} INFO - Sync 1 DAGs
[2025-09-24T16:55:45.916+0000] {logging_mixin.py:188} INFO - [2025-09-24T16:55:45.915+0000] {dag.py:3954} INFO - Setting next_dagrun for example_branch_operator to 2025-09-23 00:00:00+00:00, run_after=2025-09-24 00:00:00+00:00
[2025-09-24T16:55:46.016+0000] {processor.py:183} INFO - Processing /home/airflow/.local/lib/python3.12/site-packages/airflow/example_dags/example_branch_operator.py took 0.480 seconds
[2025-09-24T16:56:16.950+0000] {processor.py:161} INFO - Started process (PID=2252) to work on /home/airflow/.local/lib/python3.12/site-packages/airflow/example_dags/example_branch_operator.py
[2025-09-24T16:56:16.951+0000] {processor.py:830} INFO - Processing file /home/airflow/.local/lib/python3.12/site-packages/airflow/example_dags/example_branch_operator.py for tasks to queue
[2025-09-24T16:56:16.954+0000] {logging_mixin.py:188} INFO - [2025-09-24T16:56:16.953+0000] {dagbag.py:540} INFO - Filling up the DagBag from /home/airflow/.local/lib/python3.12/site-packages/airflow/example_dags/example_branch_operator.py
[2025-09-24T16:56:16.979+0000] {processor.py:840} INFO - DAG(s) 'example_branch_operator' retrieved from /home/airflow/.local/lib/python3.12/site-packages/airflow/example_dags/example_branch_operator.py
[2025-09-24T16:56:17.025+0000] {logging_mixin.py:188} INFO - [2025-09-24T16:56:17.025+0000] {dag.py:3096} INFO - Sync 1 DAGs
[2025-09-24T16:56:17.054+0000] {logging_mixin.py:188} INFO - [2025-09-24T16:56:17.054+0000] {dag.py:3954} INFO - Setting next_dagrun for example_branch_operator to 2025-09-23 00:00:00+00:00, run_after=2025-09-24 00:00:00+00:00
[2025-09-24T16:56:17.081+0000] {processor.py:183} INFO - Processing /home/airflow/.local/lib/python3.12/site-packages/airflow/example_dags/example_branch_operator.py took 0.140 seconds
[2025-09-24T16:56:47.128+0000] {processor.py:161} INFO - Started process (PID=2310) to work on /home/airflow/.local/lib/python3.12/site-packages/airflow/example_dags/example_branch_operator.py
[2025-09-24T16:56:47.129+0000] {processor.py:830} INFO - Processing file /home/airflow/.local/lib/python3.12/site-packages/airflow/example_dags/example_branch_operator.py for tasks to queue
[2025-09-24T16:56:47.132+0000] {logging_mixin.py:188} INFO - [2025-09-24T16:56:47.132+0000] {dagbag.py:540} INFO - Filling up the DagBag from /home/airflow/.local/lib/python3.12/site-packages/airflow/example_dags/example_branch_operator.py
[2025-09-24T16:56:47.163+0000] {processor.py:840} INFO - DAG(s) 'example_branch_operator' retrieved from /home/airflow/.local/lib/python3.12/site-packages/airflow/example_dags/example_branch_operator.py
[2025-09-24T16:56:47.207+0000] {logging_mixin.py:188} INFO - [2025-09-24T16:56:47.207+0000] {dag.py:3096} INFO - Sync 1 DAGs
[2025-09-24T16:56:47.235+0000] {logging_mixin.py:188} INFO - [2025-09-24T16:56:47.235+0000] {dag.py:3954} INFO - Setting next_dagrun for example_branch_operator to 2025-09-23 00:00:00+00:00, run_after=2025-09-24 00:00:00+00:00
[2025-09-24T16:56:47.262+0000] {processor.py:183} INFO - Processing /home/airflow/.local/lib/python3.12/site-packages/airflow/example_dags/example_branch_operator.py took 0.144 seconds
[2025-09-24T16:57:17.315+0000] {processor.py:161} INFO - Started process (PID=2368) to work on /home/airflow/.local/lib/python3.12/site-packages/airflow/example_dags/example_branch_operator.py
[2025-09-24T16:57:17.316+0000] {processor.py:830} INFO - Processing file /home/airflow/.local/lib/python3.12/site-packages/airflow/example_dags/example_branch_operator.py for tasks to queue
[2025-09-24T16:57:17.319+0000] {logging_mixin.py:188} INFO - [2025-09-24T16:57:17.319+0000] {dagbag.py:540} INFO - Filling up the DagBag from /home/airflow/.local/lib/python3.12/site-packages/airflow/example_dags/example_branch_operator.py
[2025-09-24T16:57:17.342+0000] {processor.py:840} INFO - DAG(s) 'example_branch_operator' retrieved from /home/airflow/.local/lib/python3.12/site-packages/airflow/example_dags/example_branch_operator.py
[2025-09-24T16:57:17.384+0000] {logging_mixin.py:188} INFO - [2025-09-24T16:57:17.384+0000] {dag.py:3096} INFO - Sync 1 DAGs
[2025-09-24T16:57:17.413+0000] {logging_mixin.py:188} INFO - [2025-09-24T16:57:17.413+0000] {dag.py:3954} INFO - Setting next_dagrun for example_branch_operator to 2025-09-23 00:00:00+00:00, run_after=2025-09-24 00:00:00+00:00
[2025-09-24T16:57:17.443+0000] {processor.py:183} INFO - Processing /home/airflow/.local/lib/python3.12/site-packages/airflow/example_dags/example_branch_operator.py took 0.136 seconds
[2025-09-24T16:57:47.568+0000] {processor.py:161} INFO - Started process (PID=2426) to work on /home/airflow/.local/lib/python3.12/site-packages/airflow/example_dags/example_branch_operator.py
[2025-09-24T16:57:47.569+0000] {processor.py:830} INFO - Processing file /home/airflow/.local/lib/python3.12/site-packages/airflow/example_dags/example_branch_operator.py for tasks to queue
[2025-09-24T16:57:47.572+0000] {logging_mixin.py:188} INFO - [2025-09-24T16:57:47.571+0000] {dagbag.py:540} INFO - Filling up the DagBag from /home/airflow/.local/lib/python3.12/site-packages/airflow/example_dags/example_branch_operator.py
[2025-09-24T16:57:47.597+0000] {processor.py:840} INFO - DAG(s) 'example_branch_operator' retrieved from /home/airflow/.local/lib/python3.12/site-packages/airflow/example_dags/example_branch_operator.py
[2025-09-24T16:57:47.637+0000] {logging_mixin.py:188} INFO - [2025-09-24T16:57:47.637+0000] {dag.py:3096} INFO - Sync 1 DAGs
[2025-09-24T16:57:47.668+0000] {logging_mixin.py:188} INFO - [2025-09-24T16:57:47.668+0000] {dag.py:3954} INFO - Setting next_dagrun for example_branch_operator to 2025-09-23 00:00:00+00:00, run_after=2025-09-24 00:00:00+00:00
[2025-09-24T16:57:47.695+0000] {processor.py:183} INFO - Processing /home/airflow/.local/lib/python3.12/site-packages/airflow/example_dags/example_branch_operator.py took 0.136 seconds
[2025-09-24T16:58:18.695+0000] {processor.py:161} INFO - Started process (PID=2484) to work on /home/airflow/.local/lib/python3.12/site-packages/airflow/example_dags/example_branch_operator.py
[2025-09-24T16:58:18.696+0000] {processor.py:830} INFO - Processing file /home/airflow/.local/lib/python3.12/site-packages/airflow/example_dags/example_branch_operator.py for tasks to queue
[2025-09-24T16:58:18.699+0000] {logging_mixin.py:188} INFO - [2025-09-24T16:58:18.698+0000] {dagbag.py:540} INFO - Filling up the DagBag from /home/airflow/.local/lib/python3.12/site-packages/airflow/example_dags/example_branch_operator.py
[2025-09-24T16:58:18.722+0000] {processor.py:840} INFO - DAG(s) 'example_branch_operator' retrieved from /home/airflow/.local/lib/python3.12/site-packages/airflow/example_dags/example_branch_operator.py
[2025-09-24T16:58:18.765+0000] {logging_mixin.py:188} INFO - [2025-09-24T16:58:18.765+0000] {dag.py:3096} INFO - Sync 1 DAGs
[2025-09-24T16:58:18.794+0000] {logging_mixin.py:188} INFO - [2025-09-24T16:58:18.794+0000] {dag.py:3954} INFO - Setting next_dagrun for example_branch_operator to 2025-09-23 00:00:00+00:00, run_after=2025-09-24 00:00:00+00:00
[2025-09-24T16:58:18.818+0000] {processor.py:183} INFO - Processing /home/airflow/.local/lib/python3.12/site-packages/airflow/example_dags/example_branch_operator.py took 0.131 seconds
[2025-09-24T16:58:48.885+0000] {processor.py:161} INFO - Started process (PID=2542) to work on /home/airflow/.local/lib/python3.12/site-packages/airflow/example_dags/example_branch_operator.py
[2025-09-24T16:58:48.886+0000] {processor.py:830} INFO - Processing file /home/airflow/.local/lib/python3.12/site-packages/airflow/example_dags/example_branch_operator.py for tasks to queue
[2025-09-24T16:58:48.890+0000] {logging_mixin.py:188} INFO - [2025-09-24T16:58:48.890+0000] {dagbag.py:540} INFO - Filling up the DagBag from /home/airflow/.local/lib/python3.12/site-packages/airflow/example_dags/example_branch_operator.py
[2025-09-24T16:58:48.912+0000] {processor.py:840} INFO - DAG(s) 'example_branch_operator' retrieved from /home/airflow/.local/lib/python3.12/site-packages/airflow/example_dags/example_branch_operator.py
[2025-09-24T16:58:48.949+0000] {logging_mixin.py:188} INFO - [2025-09-24T16:58:48.948+0000] {dag.py:3096} INFO - Sync 1 DAGs
[2025-09-24T16:58:48.976+0000] {logging_mixin.py:188} INFO - [2025-09-24T16:58:48.976+0000] {dag.py:3954} INFO - Setting next_dagrun for example_branch_operator to 2025-09-23 00:00:00+00:00, run_after=2025-09-24 00:00:00+00:00
[2025-09-24T16:58:49.000+0000] {processor.py:183} INFO - Processing /home/airflow/.local/lib/python3.12/site-packages/airflow/example_dags/example_branch_operator.py took 0.124 seconds
[2025-09-24T16:59:19.341+0000] {processor.py:161} INFO - Started process (PID=2600) to work on /home/airflow/.local/lib/python3.12/site-packages/airflow/example_dags/example_branch_operator.py
[2025-09-24T16:59:19.343+0000] {processor.py:830} INFO - Processing file /home/airflow/.local/lib/python3.12/site-packages/airflow/example_dags/example_branch_operator.py for tasks to queue
[2025-09-24T16:59:19.346+0000] {logging_mixin.py:188} INFO - [2025-09-24T16:59:19.346+0000] {dagbag.py:540} INFO - Filling up the DagBag from /home/airflow/.local/lib/python3.12/site-packages/airflow/example_dags/example_branch_operator.py
[2025-09-24T16:59:19.369+0000] {processor.py:840} INFO - DAG(s) 'example_branch_operator' retrieved from /home/airflow/.local/lib/python3.12/site-packages/airflow/example_dags/example_branch_operator.py
[2025-09-24T16:59:19.407+0000] {logging_mixin.py:188} INFO - [2025-09-24T16:59:19.407+0000] {dag.py:3096} INFO - Sync 1 DAGs
[2025-09-24T16:59:19.434+0000] {logging_mixin.py:188} INFO - [2025-09-24T16:59:19.434+0000] {dag.py:3954} INFO - Setting next_dagrun for example_branch_operator to 2025-09-23 00:00:00+00:00, run_after=2025-09-24 00:00:00+00:00
[2025-09-24T16:59:19.461+0000] {processor.py:183} INFO - Processing /home/airflow/.local/lib/python3.12/site-packages/airflow/example_dags/example_branch_operator.py took 0.128 seconds
[2025-09-24T16:59:49.776+0000] {processor.py:161} INFO - Started process (PID=2658) to work on /home/airflow/.local/lib/python3.12/site-packages/airflow/example_dags/example_branch_operator.py
[2025-09-24T16:59:49.777+0000] {processor.py:830} INFO - Processing file /home/airflow/.local/lib/python3.12/site-packages/airflow/example_dags/example_branch_operator.py for tasks to queue
[2025-09-24T16:59:49.779+0000] {logging_mixin.py:188} INFO - [2025-09-24T16:59:49.779+0000] {dagbag.py:540} INFO - Filling up the DagBag from /home/airflow/.local/lib/python3.12/site-packages/airflow/example_dags/example_branch_operator.py
[2025-09-24T16:59:49.800+0000] {processor.py:840} INFO - DAG(s) 'example_branch_operator' retrieved from /home/airflow/.local/lib/python3.12/site-packages/airflow/example_dags/example_branch_operator.py
[2025-09-24T16:59:49.836+0000] {logging_mixin.py:188} INFO - [2025-09-24T16:59:49.836+0000] {dag.py:3096} INFO - Sync 1 DAGs
[2025-09-24T16:59:49.866+0000] {logging_mixin.py:188} INFO - [2025-09-24T16:59:49.866+0000] {dag.py:3954} INFO - Setting next_dagrun for example_branch_operator to 2025-09-23 00:00:00+00:00, run_after=2025-09-24 00:00:00+00:00
[2025-09-24T16:59:49.892+0000] {processor.py:183} INFO - Processing /home/airflow/.local/lib/python3.12/site-packages/airflow/example_dags/example_branch_operator.py took 0.124 seconds
[2025-09-24T17:00:20.305+0000] {processor.py:161} INFO - Started process (PID=2716) to work on /home/airflow/.local/lib/python3.12/site-packages/airflow/example_dags/example_branch_operator.py
[2025-09-24T17:00:20.306+0000] {processor.py:830} INFO - Processing file /home/airflow/.local/lib/python3.12/site-packages/airflow/example_dags/example_branch_operator.py for tasks to queue
[2025-09-24T17:00:20.308+0000] {logging_mixin.py:188} INFO - [2025-09-24T17:00:20.308+0000] {dagbag.py:540} INFO - Filling up the DagBag from /home/airflow/.local/lib/python3.12/site-packages/airflow/example_dags/example_branch_operator.py
[2025-09-24T17:00:20.329+0000] {processor.py:840} INFO - DAG(s) 'example_branch_operator' retrieved from /home/airflow/.local/lib/python3.12/site-packages/airflow/example_dags/example_branch_operator.py
[2025-09-24T17:00:20.371+0000] {logging_mixin.py:188} INFO - [2025-09-24T17:00:20.371+0000] {dag.py:3096} INFO - Sync 1 DAGs
[2025-09-24T17:00:20.404+0000] {logging_mixin.py:188} INFO - [2025-09-24T17:00:20.404+0000] {dag.py:3954} INFO - Setting next_dagrun for example_branch_operator to 2025-09-23 00:00:00+00:00, run_after=2025-09-24 00:00:00+00:00
[2025-09-24T17:00:20.434+0000] {processor.py:183} INFO - Processing /home/airflow/.local/lib/python3.12/site-packages/airflow/example_dags/example_branch_operator.py took 0.137 seconds
[2025-09-24T17:00:50.814+0000] {processor.py:161} INFO - Started process (PID=2774) to work on /home/airflow/.local/lib/python3.12/site-packages/airflow/example_dags/example_branch_operator.py
[2025-09-24T17:00:50.816+0000] {processor.py:830} INFO - Processing file /home/airflow/.local/lib/python3.12/site-packages/airflow/example_dags/example_branch_operator.py for tasks to queue
[2025-09-24T17:00:50.818+0000] {logging_mixin.py:188} INFO - [2025-09-24T17:00:50.818+0000] {dagbag.py:540} INFO - Filling up the DagBag from /home/airflow/.local/lib/python3.12/site-packages/airflow/example_dags/example_branch_operator.py
[2025-09-24T17:00:50.842+0000] {processor.py:840} INFO - DAG(s) 'example_branch_operator' retrieved from /home/airflow/.local/lib/python3.12/site-packages/airflow/example_dags/example_branch_operator.py
[2025-09-24T17:00:50.880+0000] {logging_mixin.py:188} INFO - [2025-09-24T17:00:50.880+0000] {dag.py:3096} INFO - Sync 1 DAGs
[2025-09-24T17:00:50.908+0000] {logging_mixin.py:188} INFO - [2025-09-24T17:00:50.908+0000] {dag.py:3954} INFO - Setting next_dagrun for example_branch_operator to 2025-09-23 00:00:00+00:00, run_after=2025-09-24 00:00:00+00:00
[2025-09-24T17:00:50.934+0000] {processor.py:183} INFO - Processing /home/airflow/.local/lib/python3.12/site-packages/airflow/example_dags/example_branch_operator.py took 0.128 seconds
[2025-09-24T17:01:21.391+0000] {processor.py:161} INFO - Started process (PID=2832) to work on /home/airflow/.local/lib/python3.12/site-packages/airflow/example_dags/example_branch_operator.py
[2025-09-24T17:01:21.393+0000] {processor.py:830} INFO - Processing file /home/airflow/.local/lib/python3.12/site-packages/airflow/example_dags/example_branch_operator.py for tasks to queue
[2025-09-24T17:01:21.395+0000] {logging_mixin.py:188} INFO - [2025-09-24T17:01:21.395+0000] {dagbag.py:540} INFO - Filling up the DagBag from /home/airflow/.local/lib/python3.12/site-packages/airflow/example_dags/example_branch_operator.py
[2025-09-24T17:01:21.416+0000] {processor.py:840} INFO - DAG(s) 'example_branch_operator' retrieved from /home/airflow/.local/lib/python3.12/site-packages/airflow/example_dags/example_branch_operator.py
[2025-09-24T17:01:21.455+0000] {logging_mixin.py:188} INFO - [2025-09-24T17:01:21.455+0000] {dag.py:3096} INFO - Sync 1 DAGs
[2025-09-24T17:01:21.484+0000] {logging_mixin.py:188} INFO - [2025-09-24T17:01:21.484+0000] {dag.py:3954} INFO - Setting next_dagrun for example_branch_operator to 2025-09-23 00:00:00+00:00, run_after=2025-09-24 00:00:00+00:00
[2025-09-24T17:01:21.514+0000] {processor.py:183} INFO - Processing /home/airflow/.local/lib/python3.12/site-packages/airflow/example_dags/example_branch_operator.py took 0.131 seconds
[2025-09-24T17:01:51.932+0000] {processor.py:161} INFO - Started process (PID=2896) to work on /home/airflow/.local/lib/python3.12/site-packages/airflow/example_dags/example_branch_operator.py
[2025-09-24T17:01:51.934+0000] {processor.py:830} INFO - Processing file /home/airflow/.local/lib/python3.12/site-packages/airflow/example_dags/example_branch_operator.py for tasks to queue
[2025-09-24T17:01:51.937+0000] {logging_mixin.py:188} INFO - [2025-09-24T17:01:51.937+0000] {dagbag.py:540} INFO - Filling up the DagBag from /home/airflow/.local/lib/python3.12/site-packages/airflow/example_dags/example_branch_operator.py
[2025-09-24T17:01:51.961+0000] {processor.py:840} INFO - DAG(s) 'example_branch_operator' retrieved from /home/airflow/.local/lib/python3.12/site-packages/airflow/example_dags/example_branch_operator.py
[2025-09-24T17:01:52.000+0000] {logging_mixin.py:188} INFO - [2025-09-24T17:01:52.000+0000] {dag.py:3096} INFO - Sync 1 DAGs
[2025-09-24T17:01:52.028+0000] {logging_mixin.py:188} INFO - [2025-09-24T17:01:52.028+0000] {dag.py:3954} INFO - Setting next_dagrun for example_branch_operator to 2025-09-23 00:00:00+00:00, run_after=2025-09-24 00:00:00+00:00
[2025-09-24T17:01:52.055+0000] {processor.py:183} INFO - Processing /home/airflow/.local/lib/python3.12/site-packages/airflow/example_dags/example_branch_operator.py took 0.132 seconds
[2025-09-24T17:02:22.405+0000] {processor.py:161} INFO - Started process (PID=2954) to work on /home/airflow/.local/lib/python3.12/site-packages/airflow/example_dags/example_branch_operator.py
[2025-09-24T17:02:22.406+0000] {processor.py:830} INFO - Processing file /home/airflow/.local/lib/python3.12/site-packages/airflow/example_dags/example_branch_operator.py for tasks to queue
[2025-09-24T17:02:22.409+0000] {logging_mixin.py:188} INFO - [2025-09-24T17:02:22.408+0000] {dagbag.py:540} INFO - Filling up the DagBag from /home/airflow/.local/lib/python3.12/site-packages/airflow/example_dags/example_branch_operator.py
[2025-09-24T17:02:22.433+0000] {processor.py:840} INFO - DAG(s) 'example_branch_operator' retrieved from /home/airflow/.local/lib/python3.12/site-packages/airflow/example_dags/example_branch_operator.py
[2025-09-24T17:02:22.474+0000] {logging_mixin.py:188} INFO - [2025-09-24T17:02:22.473+0000] {dag.py:3096} INFO - Sync 1 DAGs
[2025-09-24T17:02:22.503+0000] {logging_mixin.py:188} INFO - [2025-09-24T17:02:22.503+0000] {dag.py:3954} INFO - Setting next_dagrun for example_branch_operator to 2025-09-23 00:00:00+00:00, run_after=2025-09-24 00:00:00+00:00
[2025-09-24T17:02:22.526+0000] {processor.py:183} INFO - Processing /home/airflow/.local/lib/python3.12/site-packages/airflow/example_dags/example_branch_operator.py took 0.130 seconds
[2025-09-24T17:02:52.938+0000] {processor.py:161} INFO - Started process (PID=3012) to work on /home/airflow/.local/lib/python3.12/site-packages/airflow/example_dags/example_branch_operator.py
[2025-09-24T17:02:52.939+0000] {processor.py:830} INFO - Processing file /home/airflow/.local/lib/python3.12/site-packages/airflow/example_dags/example_branch_operator.py for tasks to queue
[2025-09-24T17:02:52.942+0000] {logging_mixin.py:188} INFO - [2025-09-24T17:02:52.941+0000] {dagbag.py:540} INFO - Filling up the DagBag from /home/airflow/.local/lib/python3.12/site-packages/airflow/example_dags/example_branch_operator.py
[2025-09-24T17:02:52.966+0000] {processor.py:840} INFO - DAG(s) 'example_branch_operator' retrieved from /home/airflow/.local/lib/python3.12/site-packages/airflow/example_dags/example_branch_operator.py
[2025-09-24T17:02:53.007+0000] {logging_mixin.py:188} INFO - [2025-09-24T17:02:53.007+0000] {dag.py:3096} INFO - Sync 1 DAGs
[2025-09-24T17:02:53.036+0000] {logging_mixin.py:188} INFO - [2025-09-24T17:02:53.035+0000] {dag.py:3954} INFO - Setting next_dagrun for example_branch_operator to 2025-09-23 00:00:00+00:00, run_after=2025-09-24 00:00:00+00:00
[2025-09-24T17:02:53.064+0000] {processor.py:183} INFO - Processing /home/airflow/.local/lib/python3.12/site-packages/airflow/example_dags/example_branch_operator.py took 0.134 seconds
[2025-09-24T17:03:23.482+0000] {processor.py:161} INFO - Started process (PID=3070) to work on /home/airflow/.local/lib/python3.12/site-packages/airflow/example_dags/example_branch_operator.py
[2025-09-24T17:03:23.484+0000] {processor.py:830} INFO - Processing file /home/airflow/.local/lib/python3.12/site-packages/airflow/example_dags/example_branch_operator.py for tasks to queue
[2025-09-24T17:03:23.486+0000] {logging_mixin.py:188} INFO - [2025-09-24T17:03:23.486+0000] {dagbag.py:540} INFO - Filling up the DagBag from /home/airflow/.local/lib/python3.12/site-packages/airflow/example_dags/example_branch_operator.py
[2025-09-24T17:03:23.510+0000] {processor.py:840} INFO - DAG(s) 'example_branch_operator' retrieved from /home/airflow/.local/lib/python3.12/site-packages/airflow/example_dags/example_branch_operator.py
[2025-09-24T17:03:23.550+0000] {logging_mixin.py:188} INFO - [2025-09-24T17:03:23.550+0000] {dag.py:3096} INFO - Sync 1 DAGs
[2025-09-24T17:03:23.583+0000] {logging_mixin.py:188} INFO - [2025-09-24T17:03:23.583+0000] {dag.py:3954} INFO - Setting next_dagrun for example_branch_operator to 2025-09-23 00:00:00+00:00, run_after=2025-09-24 00:00:00+00:00
[2025-09-24T17:03:23.608+0000] {processor.py:183} INFO - Processing /home/airflow/.local/lib/python3.12/site-packages/airflow/example_dags/example_branch_operator.py took 0.134 seconds
[2025-09-24T17:03:54.177+0000] {processor.py:161} INFO - Started process (PID=3128) to work on /home/airflow/.local/lib/python3.12/site-packages/airflow/example_dags/example_branch_operator.py
[2025-09-24T17:03:54.178+0000] {processor.py:830} INFO - Processing file /home/airflow/.local/lib/python3.12/site-packages/airflow/example_dags/example_branch_operator.py for tasks to queue
[2025-09-24T17:03:54.182+0000] {logging_mixin.py:188} INFO - [2025-09-24T17:03:54.181+0000] {dagbag.py:540} INFO - Filling up the DagBag from /home/airflow/.local/lib/python3.12/site-packages/airflow/example_dags/example_branch_operator.py
[2025-09-24T17:03:54.208+0000] {processor.py:840} INFO - DAG(s) 'example_branch_operator' retrieved from /home/airflow/.local/lib/python3.12/site-packages/airflow/example_dags/example_branch_operator.py
[2025-09-24T17:03:54.258+0000] {logging_mixin.py:188} INFO - [2025-09-24T17:03:54.257+0000] {dag.py:3096} INFO - Sync 1 DAGs
[2025-09-24T17:03:54.296+0000] {logging_mixin.py:188} INFO - [2025-09-24T17:03:54.296+0000] {dag.py:3954} INFO - Setting next_dagrun for example_branch_operator to 2025-09-23 00:00:00+00:00, run_after=2025-09-24 00:00:00+00:00
[2025-09-24T17:03:54.327+0000] {processor.py:183} INFO - Processing /home/airflow/.local/lib/python3.12/site-packages/airflow/example_dags/example_branch_operator.py took 0.160 seconds
[2025-09-24T17:04:24.999+0000] {processor.py:161} INFO - Started process (PID=3186) to work on /home/airflow/.local/lib/python3.12/site-packages/airflow/example_dags/example_branch_operator.py
[2025-09-24T17:04:25.001+0000] {processor.py:830} INFO - Processing file /home/airflow/.local/lib/python3.12/site-packages/airflow/example_dags/example_branch_operator.py for tasks to queue
[2025-09-24T17:04:25.003+0000] {logging_mixin.py:188} INFO - [2025-09-24T17:04:25.003+0000] {dagbag.py:540} INFO - Filling up the DagBag from /home/airflow/.local/lib/python3.12/site-packages/airflow/example_dags/example_branch_operator.py
[2025-09-24T17:04:25.028+0000] {processor.py:840} INFO - DAG(s) 'example_branch_operator' retrieved from /home/airflow/.local/lib/python3.12/site-packages/airflow/example_dags/example_branch_operator.py
[2025-09-24T17:04:25.069+0000] {logging_mixin.py:188} INFO - [2025-09-24T17:04:25.068+0000] {dag.py:3096} INFO - Sync 1 DAGs
[2025-09-24T17:04:25.099+0000] {logging_mixin.py:188} INFO - [2025-09-24T17:04:25.099+0000] {dag.py:3954} INFO - Setting next_dagrun for example_branch_operator to 2025-09-23 00:00:00+00:00, run_after=2025-09-24 00:00:00+00:00
[2025-09-24T17:04:25.124+0000] {processor.py:183} INFO - Processing /home/airflow/.local/lib/python3.12/site-packages/airflow/example_dags/example_branch_operator.py took 0.134 seconds
[2025-09-24T17:04:55.308+0000] {processor.py:161} INFO - Started process (PID=3244) to work on /home/airflow/.local/lib/python3.12/site-packages/airflow/example_dags/example_branch_operator.py
[2025-09-24T17:04:55.309+0000] {processor.py:830} INFO - Processing file /home/airflow/.local/lib/python3.12/site-packages/airflow/example_dags/example_branch_operator.py for tasks to queue
[2025-09-24T17:04:55.312+0000] {logging_mixin.py:188} INFO - [2025-09-24T17:04:55.312+0000] {dagbag.py:540} INFO - Filling up the DagBag from /home/airflow/.local/lib/python3.12/site-packages/airflow/example_dags/example_branch_operator.py
[2025-09-24T17:04:55.338+0000] {processor.py:840} INFO - DAG(s) 'example_branch_operator' retrieved from /home/airflow/.local/lib/python3.12/site-packages/airflow/example_dags/example_branch_operator.py
[2025-09-24T17:04:55.386+0000] {logging_mixin.py:188} INFO - [2025-09-24T17:04:55.385+0000] {dag.py:3096} INFO - Sync 1 DAGs
[2025-09-24T17:04:55.427+0000] {logging_mixin.py:188} INFO - [2025-09-24T17:04:55.427+0000] {dag.py:3954} INFO - Setting next_dagrun for example_branch_operator to 2025-09-23 00:00:00+00:00, run_after=2025-09-24 00:00:00+00:00
[2025-09-24T17:04:55.454+0000] {processor.py:183} INFO - Processing /home/airflow/.local/lib/python3.12/site-packages/airflow/example_dags/example_branch_operator.py took 0.155 seconds
[2025-09-24T17:05:26.091+0000] {processor.py:161} INFO - Started process (PID=3302) to work on /home/airflow/.local/lib/python3.12/site-packages/airflow/example_dags/example_branch_operator.py
[2025-09-24T17:05:26.092+0000] {processor.py:830} INFO - Processing file /home/airflow/.local/lib/python3.12/site-packages/airflow/example_dags/example_branch_operator.py for tasks to queue
[2025-09-24T17:05:26.095+0000] {logging_mixin.py:188} INFO - [2025-09-24T17:05:26.095+0000] {dagbag.py:540} INFO - Filling up the DagBag from /home/airflow/.local/lib/python3.12/site-packages/airflow/example_dags/example_branch_operator.py
[2025-09-24T17:05:26.119+0000] {processor.py:840} INFO - DAG(s) 'example_branch_operator' retrieved from /home/airflow/.local/lib/python3.12/site-packages/airflow/example_dags/example_branch_operator.py
[2025-09-24T17:05:26.159+0000] {logging_mixin.py:188} INFO - [2025-09-24T17:05:26.158+0000] {dag.py:3096} INFO - Sync 1 DAGs
[2025-09-24T17:05:26.189+0000] {logging_mixin.py:188} INFO - [2025-09-24T17:05:26.189+0000] {dag.py:3954} INFO - Setting next_dagrun for example_branch_operator to 2025-09-23 00:00:00+00:00, run_after=2025-09-24 00:00:00+00:00
[2025-09-24T17:05:26.220+0000] {processor.py:183} INFO - Processing /home/airflow/.local/lib/python3.12/site-packages/airflow/example_dags/example_branch_operator.py took 0.138 seconds
[2025-09-24T17:05:57.169+0000] {processor.py:161} INFO - Started process (PID=3360) to work on /home/airflow/.local/lib/python3.12/site-packages/airflow/example_dags/example_branch_operator.py
[2025-09-24T17:05:57.170+0000] {processor.py:830} INFO - Processing file /home/airflow/.local/lib/python3.12/site-packages/airflow/example_dags/example_branch_operator.py for tasks to queue
[2025-09-24T17:05:57.173+0000] {logging_mixin.py:188} INFO - [2025-09-24T17:05:57.172+0000] {dagbag.py:540} INFO - Filling up the DagBag from /home/airflow/.local/lib/python3.12/site-packages/airflow/example_dags/example_branch_operator.py
[2025-09-24T17:05:57.198+0000] {processor.py:840} INFO - DAG(s) 'example_branch_operator' retrieved from /home/airflow/.local/lib/python3.12/site-packages/airflow/example_dags/example_branch_operator.py
[2025-09-24T17:05:57.246+0000] {logging_mixin.py:188} INFO - [2025-09-24T17:05:57.245+0000] {dag.py:3096} INFO - Sync 1 DAGs
[2025-09-24T17:05:57.280+0000] {logging_mixin.py:188} INFO - [2025-09-24T17:05:57.279+0000] {dag.py:3954} INFO - Setting next_dagrun for example_branch_operator to 2025-09-23 00:00:00+00:00, run_after=2025-09-24 00:00:00+00:00
[2025-09-24T17:05:57.310+0000] {processor.py:183} INFO - Processing /home/airflow/.local/lib/python3.12/site-packages/airflow/example_dags/example_branch_operator.py took 0.152 seconds
[2025-09-24T17:06:27.450+0000] {processor.py:161} INFO - Started process (PID=3418) to work on /home/airflow/.local/lib/python3.12/site-packages/airflow/example_dags/example_branch_operator.py
[2025-09-24T17:06:27.451+0000] {processor.py:830} INFO - Processing file /home/airflow/.local/lib/python3.12/site-packages/airflow/example_dags/example_branch_operator.py for tasks to queue
[2025-09-24T17:06:27.454+0000] {logging_mixin.py:188} INFO - [2025-09-24T17:06:27.454+0000] {dagbag.py:540} INFO - Filling up the DagBag from /home/airflow/.local/lib/python3.12/site-packages/airflow/example_dags/example_branch_operator.py
[2025-09-24T17:06:27.482+0000] {processor.py:840} INFO - DAG(s) 'example_branch_operator' retrieved from /home/airflow/.local/lib/python3.12/site-packages/airflow/example_dags/example_branch_operator.py
[2025-09-24T17:06:27.525+0000] {logging_mixin.py:188} INFO - [2025-09-24T17:06:27.525+0000] {dag.py:3096} INFO - Sync 1 DAGs
[2025-09-24T17:06:27.561+0000] {logging_mixin.py:188} INFO - [2025-09-24T17:06:27.560+0000] {dag.py:3954} INFO - Setting next_dagrun for example_branch_operator to 2025-09-23 00:00:00+00:00, run_after=2025-09-24 00:00:00+00:00
[2025-09-24T17:06:27.592+0000] {processor.py:183} INFO - Processing /home/airflow/.local/lib/python3.12/site-packages/airflow/example_dags/example_branch_operator.py took 0.149 seconds
[2025-09-24T17:06:58.508+0000] {processor.py:161} INFO - Started process (PID=3476) to work on /home/airflow/.local/lib/python3.12/site-packages/airflow/example_dags/example_branch_operator.py
[2025-09-24T17:06:58.509+0000] {processor.py:830} INFO - Processing file /home/airflow/.local/lib/python3.12/site-packages/airflow/example_dags/example_branch_operator.py for tasks to queue
[2025-09-24T17:06:58.512+0000] {logging_mixin.py:188} INFO - [2025-09-24T17:06:58.511+0000] {dagbag.py:540} INFO - Filling up the DagBag from /home/airflow/.local/lib/python3.12/site-packages/airflow/example_dags/example_branch_operator.py
[2025-09-24T17:06:58.537+0000] {processor.py:840} INFO - DAG(s) 'example_branch_operator' retrieved from /home/airflow/.local/lib/python3.12/site-packages/airflow/example_dags/example_branch_operator.py
[2025-09-24T17:06:58.584+0000] {logging_mixin.py:188} INFO - [2025-09-24T17:06:58.584+0000] {dag.py:3096} INFO - Sync 1 DAGs
[2025-09-24T17:06:58.626+0000] {logging_mixin.py:188} INFO - [2025-09-24T17:06:58.625+0000] {dag.py:3954} INFO - Setting next_dagrun for example_branch_operator to 2025-09-23 00:00:00+00:00, run_after=2025-09-24 00:00:00+00:00
[2025-09-24T17:06:58.656+0000] {processor.py:183} INFO - Processing /home/airflow/.local/lib/python3.12/site-packages/airflow/example_dags/example_branch_operator.py took 0.157 seconds
[2025-09-24T17:07:28.726+0000] {processor.py:161} INFO - Started process (PID=3534) to work on /home/airflow/.local/lib/python3.12/site-packages/airflow/example_dags/example_branch_operator.py
[2025-09-24T17:07:28.728+0000] {processor.py:830} INFO - Processing file /home/airflow/.local/lib/python3.12/site-packages/airflow/example_dags/example_branch_operator.py for tasks to queue
[2025-09-24T17:07:28.731+0000] {logging_mixin.py:188} INFO - [2025-09-24T17:07:28.730+0000] {dagbag.py:540} INFO - Filling up the DagBag from /home/airflow/.local/lib/python3.12/site-packages/airflow/example_dags/example_branch_operator.py
[2025-09-24T17:07:28.754+0000] {processor.py:840} INFO - DAG(s) 'example_branch_operator' retrieved from /home/airflow/.local/lib/python3.12/site-packages/airflow/example_dags/example_branch_operator.py
[2025-09-24T17:07:28.797+0000] {logging_mixin.py:188} INFO - [2025-09-24T17:07:28.797+0000] {dag.py:3096} INFO - Sync 1 DAGs
[2025-09-24T17:07:28.828+0000] {logging_mixin.py:188} INFO - [2025-09-24T17:07:28.827+0000] {dag.py:3954} INFO - Setting next_dagrun for example_branch_operator to 2025-09-23 00:00:00+00:00, run_after=2025-09-24 00:00:00+00:00
[2025-09-24T17:07:28.855+0000] {processor.py:183} INFO - Processing /home/airflow/.local/lib/python3.12/site-packages/airflow/example_dags/example_branch_operator.py took 0.137 seconds
[2025-09-24T17:07:59.301+0000] {processor.py:161} INFO - Started process (PID=3592) to work on /home/airflow/.local/lib/python3.12/site-packages/airflow/example_dags/example_branch_operator.py
[2025-09-24T17:07:59.303+0000] {processor.py:830} INFO - Processing file /home/airflow/.local/lib/python3.12/site-packages/airflow/example_dags/example_branch_operator.py for tasks to queue
[2025-09-24T17:07:59.306+0000] {logging_mixin.py:188} INFO - [2025-09-24T17:07:59.305+0000] {dagbag.py:540} INFO - Filling up the DagBag from /home/airflow/.local/lib/python3.12/site-packages/airflow/example_dags/example_branch_operator.py
[2025-09-24T17:07:59.330+0000] {processor.py:840} INFO - DAG(s) 'example_branch_operator' retrieved from /home/airflow/.local/lib/python3.12/site-packages/airflow/example_dags/example_branch_operator.py
[2025-09-24T17:07:59.381+0000] {logging_mixin.py:188} INFO - [2025-09-24T17:07:59.381+0000] {dag.py:3096} INFO - Sync 1 DAGs
[2025-09-24T17:07:59.416+0000] {logging_mixin.py:188} INFO - [2025-09-24T17:07:59.416+0000] {dag.py:3954} INFO - Setting next_dagrun for example_branch_operator to 2025-09-23 00:00:00+00:00, run_after=2025-09-24 00:00:00+00:00
[2025-09-24T17:07:59.444+0000] {processor.py:183} INFO - Processing /home/airflow/.local/lib/python3.12/site-packages/airflow/example_dags/example_branch_operator.py took 0.152 seconds
[2025-09-24T17:08:29.682+0000] {processor.py:161} INFO - Started process (PID=3650) to work on /home/airflow/.local/lib/python3.12/site-packages/airflow/example_dags/example_branch_operator.py
[2025-09-24T17:08:29.684+0000] {processor.py:830} INFO - Processing file /home/airflow/.local/lib/python3.12/site-packages/airflow/example_dags/example_branch_operator.py for tasks to queue
[2025-09-24T17:08:29.686+0000] {logging_mixin.py:188} INFO - [2025-09-24T17:08:29.686+0000] {dagbag.py:540} INFO - Filling up the DagBag from /home/airflow/.local/lib/python3.12/site-packages/airflow/example_dags/example_branch_operator.py
[2025-09-24T17:08:29.710+0000] {processor.py:840} INFO - DAG(s) 'example_branch_operator' retrieved from /home/airflow/.local/lib/python3.12/site-packages/airflow/example_dags/example_branch_operator.py
[2025-09-24T17:08:29.754+0000] {logging_mixin.py:188} INFO - [2025-09-24T17:08:29.754+0000] {dag.py:3096} INFO - Sync 1 DAGs
[2025-09-24T17:08:29.796+0000] {logging_mixin.py:188} INFO - [2025-09-24T17:08:29.796+0000] {dag.py:3954} INFO - Setting next_dagrun for example_branch_operator to 2025-09-23 00:00:00+00:00, run_after=2025-09-24 00:00:00+00:00
[2025-09-24T17:08:29.829+0000] {processor.py:183} INFO - Processing /home/airflow/.local/lib/python3.12/site-packages/airflow/example_dags/example_branch_operator.py took 0.155 seconds
[2025-09-24T17:09:00.277+0000] {processor.py:161} INFO - Started process (PID=3708) to work on /home/airflow/.local/lib/python3.12/site-packages/airflow/example_dags/example_branch_operator.py
[2025-09-24T17:09:00.278+0000] {processor.py:830} INFO - Processing file /home/airflow/.local/lib/python3.12/site-packages/airflow/example_dags/example_branch_operator.py for tasks to queue
[2025-09-24T17:09:00.281+0000] {logging_mixin.py:188} INFO - [2025-09-24T17:09:00.281+0000] {dagbag.py:540} INFO - Filling up the DagBag from /home/airflow/.local/lib/python3.12/site-packages/airflow/example_dags/example_branch_operator.py
[2025-09-24T17:09:00.309+0000] {processor.py:840} INFO - DAG(s) 'example_branch_operator' retrieved from /home/airflow/.local/lib/python3.12/site-packages/airflow/example_dags/example_branch_operator.py
[2025-09-24T17:09:00.351+0000] {logging_mixin.py:188} INFO - [2025-09-24T17:09:00.351+0000] {dag.py:3096} INFO - Sync 1 DAGs
[2025-09-24T17:09:00.382+0000] {logging_mixin.py:188} INFO - [2025-09-24T17:09:00.381+0000] {dag.py:3954} INFO - Setting next_dagrun for example_branch_operator to 2025-09-23 00:00:00+00:00, run_after=2025-09-24 00:00:00+00:00
[2025-09-24T17:09:00.410+0000] {processor.py:183} INFO - Processing /home/airflow/.local/lib/python3.12/site-packages/airflow/example_dags/example_branch_operator.py took 0.143 seconds
[2025-09-24T17:09:30.541+0000] {processor.py:161} INFO - Started process (PID=3766) to work on /home/airflow/.local/lib/python3.12/site-packages/airflow/example_dags/example_branch_operator.py
[2025-09-24T17:09:30.543+0000] {processor.py:830} INFO - Processing file /home/airflow/.local/lib/python3.12/site-packages/airflow/example_dags/example_branch_operator.py for tasks to queue
[2025-09-24T17:09:30.545+0000] {logging_mixin.py:188} INFO - [2025-09-24T17:09:30.545+0000] {dagbag.py:540} INFO - Filling up the DagBag from /home/airflow/.local/lib/python3.12/site-packages/airflow/example_dags/example_branch_operator.py
[2025-09-24T17:09:30.569+0000] {processor.py:840} INFO - DAG(s) 'example_branch_operator' retrieved from /home/airflow/.local/lib/python3.12/site-packages/airflow/example_dags/example_branch_operator.py
[2025-09-24T17:09:30.612+0000] {logging_mixin.py:188} INFO - [2025-09-24T17:09:30.612+0000] {dag.py:3096} INFO - Sync 1 DAGs
[2025-09-24T17:09:30.646+0000] {logging_mixin.py:188} INFO - [2025-09-24T17:09:30.646+0000] {dag.py:3954} INFO - Setting next_dagrun for example_branch_operator to 2025-09-23 00:00:00+00:00, run_after=2025-09-24 00:00:00+00:00
[2025-09-24T17:09:30.676+0000] {processor.py:183} INFO - Processing /home/airflow/.local/lib/python3.12/site-packages/airflow/example_dags/example_branch_operator.py took 0.144 seconds
[2025-09-24T17:10:01.034+0000] {processor.py:161} INFO - Started process (PID=3824) to work on /home/airflow/.local/lib/python3.12/site-packages/airflow/example_dags/example_branch_operator.py
[2025-09-24T17:10:01.036+0000] {processor.py:830} INFO - Processing file /home/airflow/.local/lib/python3.12/site-packages/airflow/example_dags/example_branch_operator.py for tasks to queue
[2025-09-24T17:10:01.040+0000] {logging_mixin.py:188} INFO - [2025-09-24T17:10:01.039+0000] {dagbag.py:540} INFO - Filling up the DagBag from /home/airflow/.local/lib/python3.12/site-packages/airflow/example_dags/example_branch_operator.py
[2025-09-24T17:10:01.069+0000] {processor.py:840} INFO - DAG(s) 'example_branch_operator' retrieved from /home/airflow/.local/lib/python3.12/site-packages/airflow/example_dags/example_branch_operator.py
[2025-09-24T17:10:01.115+0000] {logging_mixin.py:188} INFO - [2025-09-24T17:10:01.114+0000] {dag.py:3096} INFO - Sync 1 DAGs
[2025-09-24T17:10:01.150+0000] {logging_mixin.py:188} INFO - [2025-09-24T17:10:01.149+0000] {dag.py:3954} INFO - Setting next_dagrun for example_branch_operator to 2025-09-23 00:00:00+00:00, run_after=2025-09-24 00:00:00+00:00
[2025-09-24T17:10:01.180+0000] {processor.py:183} INFO - Processing /home/airflow/.local/lib/python3.12/site-packages/airflow/example_dags/example_branch_operator.py took 0.156 seconds
[2025-09-24T17:10:32.082+0000] {processor.py:161} INFO - Started process (PID=3882) to work on /home/airflow/.local/lib/python3.12/site-packages/airflow/example_dags/example_branch_operator.py
[2025-09-24T17:10:32.084+0000] {processor.py:830} INFO - Processing file /home/airflow/.local/lib/python3.12/site-packages/airflow/example_dags/example_branch_operator.py for tasks to queue
[2025-09-24T17:10:32.087+0000] {logging_mixin.py:188} INFO - [2025-09-24T17:10:32.086+0000] {dagbag.py:540} INFO - Filling up the DagBag from /home/airflow/.local/lib/python3.12/site-packages/airflow/example_dags/example_branch_operator.py
[2025-09-24T17:10:32.112+0000] {processor.py:840} INFO - DAG(s) 'example_branch_operator' retrieved from /home/airflow/.local/lib/python3.12/site-packages/airflow/example_dags/example_branch_operator.py
[2025-09-24T17:10:32.167+0000] {logging_mixin.py:188} INFO - [2025-09-24T17:10:32.167+0000] {dag.py:3096} INFO - Sync 1 DAGs
[2025-09-24T17:10:32.205+0000] {logging_mixin.py:188} INFO - [2025-09-24T17:10:32.204+0000] {dag.py:3954} INFO - Setting next_dagrun for example_branch_operator to 2025-09-23 00:00:00+00:00, run_after=2025-09-24 00:00:00+00:00
[2025-09-24T17:10:32.236+0000] {processor.py:183} INFO - Processing /home/airflow/.local/lib/python3.12/site-packages/airflow/example_dags/example_branch_operator.py took 0.163 seconds
[2025-09-24T17:11:02.895+0000] {processor.py:161} INFO - Started process (PID=3940) to work on /home/airflow/.local/lib/python3.12/site-packages/airflow/example_dags/example_branch_operator.py
[2025-09-24T17:11:02.897+0000] {processor.py:830} INFO - Processing file /home/airflow/.local/lib/python3.12/site-packages/airflow/example_dags/example_branch_operator.py for tasks to queue
[2025-09-24T17:11:02.900+0000] {logging_mixin.py:188} INFO - [2025-09-24T17:11:02.899+0000] {dagbag.py:540} INFO - Filling up the DagBag from /home/airflow/.local/lib/python3.12/site-packages/airflow/example_dags/example_branch_operator.py
[2025-09-24T17:11:02.929+0000] {processor.py:840} INFO - DAG(s) 'example_branch_operator' retrieved from /home/airflow/.local/lib/python3.12/site-packages/airflow/example_dags/example_branch_operator.py
[2025-09-24T17:11:02.983+0000] {logging_mixin.py:188} INFO - [2025-09-24T17:11:02.982+0000] {dag.py:3096} INFO - Sync 1 DAGs
[2025-09-24T17:11:03.022+0000] {logging_mixin.py:188} INFO - [2025-09-24T17:11:03.021+0000] {dag.py:3954} INFO - Setting next_dagrun for example_branch_operator to 2025-09-23 00:00:00+00:00, run_after=2025-09-24 00:00:00+00:00
[2025-09-24T17:11:03.058+0000] {processor.py:183} INFO - Processing /home/airflow/.local/lib/python3.12/site-packages/airflow/example_dags/example_branch_operator.py took 0.173 seconds
[2025-09-24T17:11:33.323+0000] {processor.py:161} INFO - Started process (PID=3998) to work on /home/airflow/.local/lib/python3.12/site-packages/airflow/example_dags/example_branch_operator.py
[2025-09-24T17:11:33.325+0000] {processor.py:830} INFO - Processing file /home/airflow/.local/lib/python3.12/site-packages/airflow/example_dags/example_branch_operator.py for tasks to queue
[2025-09-24T17:11:33.328+0000] {logging_mixin.py:188} INFO - [2025-09-24T17:11:33.328+0000] {dagbag.py:540} INFO - Filling up the DagBag from /home/airflow/.local/lib/python3.12/site-packages/airflow/example_dags/example_branch_operator.py
[2025-09-24T17:11:33.356+0000] {processor.py:840} INFO - DAG(s) 'example_branch_operator' retrieved from /home/airflow/.local/lib/python3.12/site-packages/airflow/example_dags/example_branch_operator.py
[2025-09-24T17:11:33.410+0000] {logging_mixin.py:188} INFO - [2025-09-24T17:11:33.409+0000] {dag.py:3096} INFO - Sync 1 DAGs
[2025-09-24T17:11:33.456+0000] {logging_mixin.py:188} INFO - [2025-09-24T17:11:33.455+0000] {dag.py:3954} INFO - Setting next_dagrun for example_branch_operator to 2025-09-23 00:00:00+00:00, run_after=2025-09-24 00:00:00+00:00
[2025-09-24T17:11:33.501+0000] {processor.py:183} INFO - Processing /home/airflow/.local/lib/python3.12/site-packages/airflow/example_dags/example_branch_operator.py took 0.188 seconds
[2025-09-24T17:12:04.137+0000] {processor.py:161} INFO - Started process (PID=4056) to work on /home/airflow/.local/lib/python3.12/site-packages/airflow/example_dags/example_branch_operator.py
[2025-09-24T17:12:04.138+0000] {processor.py:830} INFO - Processing file /home/airflow/.local/lib/python3.12/site-packages/airflow/example_dags/example_branch_operator.py for tasks to queue
[2025-09-24T17:12:04.141+0000] {logging_mixin.py:188} INFO - [2025-09-24T17:12:04.140+0000] {dagbag.py:540} INFO - Filling up the DagBag from /home/airflow/.local/lib/python3.12/site-packages/airflow/example_dags/example_branch_operator.py
[2025-09-24T17:12:04.164+0000] {processor.py:840} INFO - DAG(s) 'example_branch_operator' retrieved from /home/airflow/.local/lib/python3.12/site-packages/airflow/example_dags/example_branch_operator.py
[2025-09-24T17:12:04.210+0000] {logging_mixin.py:188} INFO - [2025-09-24T17:12:04.209+0000] {dag.py:3096} INFO - Sync 1 DAGs
[2025-09-24T17:12:04.242+0000] {logging_mixin.py:188} INFO - [2025-09-24T17:12:04.242+0000] {dag.py:3954} INFO - Setting next_dagrun for example_branch_operator to 2025-09-23 00:00:00+00:00, run_after=2025-09-24 00:00:00+00:00
[2025-09-24T17:12:04.271+0000] {processor.py:183} INFO - Processing /home/airflow/.local/lib/python3.12/site-packages/airflow/example_dags/example_branch_operator.py took 0.143 seconds
[2025-09-24T17:12:34.563+0000] {processor.py:161} INFO - Started process (PID=4114) to work on /home/airflow/.local/lib/python3.12/site-packages/airflow/example_dags/example_branch_operator.py
[2025-09-24T17:12:34.565+0000] {processor.py:830} INFO - Processing file /home/airflow/.local/lib/python3.12/site-packages/airflow/example_dags/example_branch_operator.py for tasks to queue
[2025-09-24T17:12:34.567+0000] {logging_mixin.py:188} INFO - [2025-09-24T17:12:34.567+0000] {dagbag.py:540} INFO - Filling up the DagBag from /home/airflow/.local/lib/python3.12/site-packages/airflow/example_dags/example_branch_operator.py
[2025-09-24T17:12:34.592+0000] {processor.py:840} INFO - DAG(s) 'example_branch_operator' retrieved from /home/airflow/.local/lib/python3.12/site-packages/airflow/example_dags/example_branch_operator.py
[2025-09-24T17:12:34.634+0000] {logging_mixin.py:188} INFO - [2025-09-24T17:12:34.634+0000] {dag.py:3096} INFO - Sync 1 DAGs
[2025-09-24T17:12:34.670+0000] {logging_mixin.py:188} INFO - [2025-09-24T17:12:34.670+0000] {dag.py:3954} INFO - Setting next_dagrun for example_branch_operator to 2025-09-23 00:00:00+00:00, run_after=2025-09-24 00:00:00+00:00
[2025-09-24T17:12:34.708+0000] {processor.py:183} INFO - Processing /home/airflow/.local/lib/python3.12/site-packages/airflow/example_dags/example_branch_operator.py took 0.153 seconds
[2025-09-24T17:13:05.046+0000] {processor.py:161} INFO - Started process (PID=4172) to work on /home/airflow/.local/lib/python3.12/site-packages/airflow/example_dags/example_branch_operator.py
[2025-09-24T17:13:05.049+0000] {processor.py:830} INFO - Processing file /home/airflow/.local/lib/python3.12/site-packages/airflow/example_dags/example_branch_operator.py for tasks to queue
[2025-09-24T17:13:05.052+0000] {logging_mixin.py:188} INFO - [2025-09-24T17:13:05.051+0000] {dagbag.py:540} INFO - Filling up the DagBag from /home/airflow/.local/lib/python3.12/site-packages/airflow/example_dags/example_branch_operator.py
[2025-09-24T17:13:05.076+0000] {processor.py:840} INFO - DAG(s) 'example_branch_operator' retrieved from /home/airflow/.local/lib/python3.12/site-packages/airflow/example_dags/example_branch_operator.py
[2025-09-24T17:13:05.119+0000] {logging_mixin.py:188} INFO - [2025-09-24T17:13:05.118+0000] {dag.py:3096} INFO - Sync 1 DAGs
[2025-09-24T17:13:05.154+0000] {logging_mixin.py:188} INFO - [2025-09-24T17:13:05.153+0000] {dag.py:3954} INFO - Setting next_dagrun for example_branch_operator to 2025-09-23 00:00:00+00:00, run_after=2025-09-24 00:00:00+00:00
[2025-09-24T17:13:05.181+0000] {processor.py:183} INFO - Processing /home/airflow/.local/lib/python3.12/site-packages/airflow/example_dags/example_branch_operator.py took 0.145 seconds
[2025-09-24T17:13:35.702+0000] {processor.py:161} INFO - Started process (PID=4230) to work on /home/airflow/.local/lib/python3.12/site-packages/airflow/example_dags/example_branch_operator.py
[2025-09-24T17:13:35.703+0000] {processor.py:830} INFO - Processing file /home/airflow/.local/lib/python3.12/site-packages/airflow/example_dags/example_branch_operator.py for tasks to queue
[2025-09-24T17:13:35.706+0000] {logging_mixin.py:188} INFO - [2025-09-24T17:13:35.705+0000] {dagbag.py:540} INFO - Filling up the DagBag from /home/airflow/.local/lib/python3.12/site-packages/airflow/example_dags/example_branch_operator.py
[2025-09-24T17:13:35.730+0000] {processor.py:840} INFO - DAG(s) 'example_branch_operator' retrieved from /home/airflow/.local/lib/python3.12/site-packages/airflow/example_dags/example_branch_operator.py
[2025-09-24T17:13:35.772+0000] {logging_mixin.py:188} INFO - [2025-09-24T17:13:35.772+0000] {dag.py:3096} INFO - Sync 1 DAGs
[2025-09-24T17:13:35.806+0000] {logging_mixin.py:188} INFO - [2025-09-24T17:13:35.805+0000] {dag.py:3954} INFO - Setting next_dagrun for example_branch_operator to 2025-09-23 00:00:00+00:00, run_after=2025-09-24 00:00:00+00:00
[2025-09-24T17:13:35.835+0000] {processor.py:183} INFO - Processing /home/airflow/.local/lib/python3.12/site-packages/airflow/example_dags/example_branch_operator.py took 0.141 seconds
[2025-09-24T17:14:06.536+0000] {processor.py:161} INFO - Started process (PID=4286) to work on /home/airflow/.local/lib/python3.12/site-packages/airflow/example_dags/example_branch_operator.py
[2025-09-24T17:14:06.538+0000] {processor.py:830} INFO - Processing file /home/airflow/.local/lib/python3.12/site-packages/airflow/example_dags/example_branch_operator.py for tasks to queue
[2025-09-24T17:14:06.541+0000] {logging_mixin.py:188} INFO - [2025-09-24T17:14:06.540+0000] {dagbag.py:540} INFO - Filling up the DagBag from /home/airflow/.local/lib/python3.12/site-packages/airflow/example_dags/example_branch_operator.py
[2025-09-24T17:14:06.566+0000] {processor.py:840} INFO - DAG(s) 'example_branch_operator' retrieved from /home/airflow/.local/lib/python3.12/site-packages/airflow/example_dags/example_branch_operator.py
[2025-09-24T17:14:06.605+0000] {logging_mixin.py:188} INFO - [2025-09-24T17:14:06.605+0000] {dag.py:3096} INFO - Sync 1 DAGs
[2025-09-24T17:14:06.635+0000] {logging_mixin.py:188} INFO - [2025-09-24T17:14:06.635+0000] {dag.py:3954} INFO - Setting next_dagrun for example_branch_operator to 2025-09-23 00:00:00+00:00, run_after=2025-09-24 00:00:00+00:00
[2025-09-24T17:14:06.661+0000] {processor.py:183} INFO - Processing /home/airflow/.local/lib/python3.12/site-packages/airflow/example_dags/example_branch_operator.py took 0.133 seconds
