[2025-09-24T16:37:17.751+0000] {processor.py:161} INFO - Started process (PID=96) to work on /home/airflow/.local/lib/python3.12/site-packages/airflow/example_dags/example_skip_dag.py
[2025-09-24T16:37:17.753+0000] {processor.py:830} INFO - Processing file /home/airflow/.local/lib/python3.12/site-packages/airflow/example_dags/example_skip_dag.py for tasks to queue
[2025-09-24T16:37:17.756+0000] {logging_mixin.py:188} INFO - [2025-09-24T16:37:17.756+0000] {dagbag.py:540} INFO - Filling up the DagBag from /home/airflow/.local/lib/python3.12/site-packages/airflow/example_dags/example_skip_dag.py
[2025-09-24T16:37:17.765+0000] {processor.py:840} INFO - DAG(s) 'example_skip_dag' retrieved from /home/airflow/.local/lib/python3.12/site-packages/airflow/example_dags/example_skip_dag.py
[2025-09-24T16:37:17.894+0000] {logging_mixin.py:188} INFO - [2025-09-24T16:37:17.894+0000] {dag.py:3096} INFO - Sync 1 DAGs
[2025-09-24T16:37:17.920+0000] {logging_mixin.py:188} INFO - [2025-09-24T16:37:17.919+0000] {dag.py:3954} INFO - Setting next_dagrun for example_skip_dag to 2025-09-23 00:00:00+00:00, run_after=2025-09-24 00:00:00+00:00
[2025-09-24T16:37:17.942+0000] {processor.py:183} INFO - Processing /home/airflow/.local/lib/python3.12/site-packages/airflow/example_dags/example_skip_dag.py took 0.198 seconds
[2025-09-24T16:37:48.838+0000] {processor.py:161} INFO - Started process (PID=154) to work on /home/airflow/.local/lib/python3.12/site-packages/airflow/example_dags/example_skip_dag.py
[2025-09-24T16:37:48.839+0000] {processor.py:830} INFO - Processing file /home/airflow/.local/lib/python3.12/site-packages/airflow/example_dags/example_skip_dag.py for tasks to queue
[2025-09-24T16:37:48.842+0000] {logging_mixin.py:188} INFO - [2025-09-24T16:37:48.841+0000] {dagbag.py:540} INFO - Filling up the DagBag from /home/airflow/.local/lib/python3.12/site-packages/airflow/example_dags/example_skip_dag.py
[2025-09-24T16:37:48.850+0000] {processor.py:840} INFO - DAG(s) 'example_skip_dag' retrieved from /home/airflow/.local/lib/python3.12/site-packages/airflow/example_dags/example_skip_dag.py
[2025-09-24T16:37:48.881+0000] {logging_mixin.py:188} INFO - [2025-09-24T16:37:48.881+0000] {dag.py:3096} INFO - Sync 1 DAGs
[2025-09-24T16:37:48.914+0000] {logging_mixin.py:188} INFO - [2025-09-24T16:37:48.914+0000] {dag.py:3954} INFO - Setting next_dagrun for example_skip_dag to 2025-09-23 00:00:00+00:00, run_after=2025-09-24 00:00:00+00:00
[2025-09-24T16:37:48.942+0000] {processor.py:183} INFO - Processing /home/airflow/.local/lib/python3.12/site-packages/airflow/example_dags/example_skip_dag.py took 0.111 seconds
[2025-09-24T16:38:19.139+0000] {processor.py:161} INFO - Started process (PID=212) to work on /home/airflow/.local/lib/python3.12/site-packages/airflow/example_dags/example_skip_dag.py
[2025-09-24T16:38:19.141+0000] {processor.py:830} INFO - Processing file /home/airflow/.local/lib/python3.12/site-packages/airflow/example_dags/example_skip_dag.py for tasks to queue
[2025-09-24T16:38:19.143+0000] {logging_mixin.py:188} INFO - [2025-09-24T16:38:19.142+0000] {dagbag.py:540} INFO - Filling up the DagBag from /home/airflow/.local/lib/python3.12/site-packages/airflow/example_dags/example_skip_dag.py
[2025-09-24T16:38:19.151+0000] {processor.py:840} INFO - DAG(s) 'example_skip_dag' retrieved from /home/airflow/.local/lib/python3.12/site-packages/airflow/example_dags/example_skip_dag.py
[2025-09-24T16:38:19.180+0000] {logging_mixin.py:188} INFO - [2025-09-24T16:38:19.180+0000] {dag.py:3096} INFO - Sync 1 DAGs
[2025-09-24T16:38:19.207+0000] {logging_mixin.py:188} INFO - [2025-09-24T16:38:19.207+0000] {dag.py:3954} INFO - Setting next_dagrun for example_skip_dag to 2025-09-23 00:00:00+00:00, run_after=2025-09-24 00:00:00+00:00
[2025-09-24T16:38:19.231+0000] {processor.py:183} INFO - Processing /home/airflow/.local/lib/python3.12/site-packages/airflow/example_dags/example_skip_dag.py took 0.099 seconds
[2025-09-24T16:38:49.573+0000] {processor.py:161} INFO - Started process (PID=270) to work on /home/airflow/.local/lib/python3.12/site-packages/airflow/example_dags/example_skip_dag.py
[2025-09-24T16:38:49.576+0000] {processor.py:830} INFO - Processing file /home/airflow/.local/lib/python3.12/site-packages/airflow/example_dags/example_skip_dag.py for tasks to queue
[2025-09-24T16:38:49.580+0000] {logging_mixin.py:188} INFO - [2025-09-24T16:38:49.580+0000] {dagbag.py:540} INFO - Filling up the DagBag from /home/airflow/.local/lib/python3.12/site-packages/airflow/example_dags/example_skip_dag.py
[2025-09-24T16:38:49.594+0000] {processor.py:840} INFO - DAG(s) 'example_skip_dag' retrieved from /home/airflow/.local/lib/python3.12/site-packages/airflow/example_dags/example_skip_dag.py
[2025-09-24T16:38:49.621+0000] {logging_mixin.py:188} INFO - [2025-09-24T16:38:49.621+0000] {dag.py:3096} INFO - Sync 1 DAGs
[2025-09-24T16:38:49.647+0000] {logging_mixin.py:188} INFO - [2025-09-24T16:38:49.647+0000] {dag.py:3954} INFO - Setting next_dagrun for example_skip_dag to 2025-09-23 00:00:00+00:00, run_after=2025-09-24 00:00:00+00:00
[2025-09-24T16:38:49.669+0000] {processor.py:183} INFO - Processing /home/airflow/.local/lib/python3.12/site-packages/airflow/example_dags/example_skip_dag.py took 0.103 seconds
[2025-09-24T16:39:19.852+0000] {processor.py:161} INFO - Started process (PID=328) to work on /home/airflow/.local/lib/python3.12/site-packages/airflow/example_dags/example_skip_dag.py
[2025-09-24T16:39:19.853+0000] {processor.py:830} INFO - Processing file /home/airflow/.local/lib/python3.12/site-packages/airflow/example_dags/example_skip_dag.py for tasks to queue
[2025-09-24T16:39:19.856+0000] {logging_mixin.py:188} INFO - [2025-09-24T16:39:19.856+0000] {dagbag.py:540} INFO - Filling up the DagBag from /home/airflow/.local/lib/python3.12/site-packages/airflow/example_dags/example_skip_dag.py
[2025-09-24T16:39:19.864+0000] {processor.py:840} INFO - DAG(s) 'example_skip_dag' retrieved from /home/airflow/.local/lib/python3.12/site-packages/airflow/example_dags/example_skip_dag.py
[2025-09-24T16:39:19.891+0000] {logging_mixin.py:188} INFO - [2025-09-24T16:39:19.891+0000] {dag.py:3096} INFO - Sync 1 DAGs
[2025-09-24T16:39:19.917+0000] {logging_mixin.py:188} INFO - [2025-09-24T16:39:19.917+0000] {dag.py:3954} INFO - Setting next_dagrun for example_skip_dag to 2025-09-23 00:00:00+00:00, run_after=2025-09-24 00:00:00+00:00
[2025-09-24T16:39:19.939+0000] {processor.py:183} INFO - Processing /home/airflow/.local/lib/python3.12/site-packages/airflow/example_dags/example_skip_dag.py took 0.094 seconds
[2025-09-24T16:39:50.489+0000] {processor.py:161} INFO - Started process (PID=386) to work on /home/airflow/.local/lib/python3.12/site-packages/airflow/example_dags/example_skip_dag.py
[2025-09-24T16:39:50.490+0000] {processor.py:830} INFO - Processing file /home/airflow/.local/lib/python3.12/site-packages/airflow/example_dags/example_skip_dag.py for tasks to queue
[2025-09-24T16:39:50.493+0000] {logging_mixin.py:188} INFO - [2025-09-24T16:39:50.492+0000] {dagbag.py:540} INFO - Filling up the DagBag from /home/airflow/.local/lib/python3.12/site-packages/airflow/example_dags/example_skip_dag.py
[2025-09-24T16:39:50.504+0000] {processor.py:840} INFO - DAG(s) 'example_skip_dag' retrieved from /home/airflow/.local/lib/python3.12/site-packages/airflow/example_dags/example_skip_dag.py
[2025-09-24T16:39:50.532+0000] {logging_mixin.py:188} INFO - [2025-09-24T16:39:50.531+0000] {dag.py:3096} INFO - Sync 1 DAGs
[2025-09-24T16:39:50.563+0000] {logging_mixin.py:188} INFO - [2025-09-24T16:39:50.563+0000] {dag.py:3954} INFO - Setting next_dagrun for example_skip_dag to 2025-09-23 00:00:00+00:00, run_after=2025-09-24 00:00:00+00:00
[2025-09-24T16:39:50.586+0000] {processor.py:183} INFO - Processing /home/airflow/.local/lib/python3.12/site-packages/airflow/example_dags/example_skip_dag.py took 0.105 seconds
[2025-09-24T16:40:20.945+0000] {processor.py:161} INFO - Started process (PID=444) to work on /home/airflow/.local/lib/python3.12/site-packages/airflow/example_dags/example_skip_dag.py
[2025-09-24T16:40:20.946+0000] {processor.py:830} INFO - Processing file /home/airflow/.local/lib/python3.12/site-packages/airflow/example_dags/example_skip_dag.py for tasks to queue
[2025-09-24T16:40:20.949+0000] {logging_mixin.py:188} INFO - [2025-09-24T16:40:20.949+0000] {dagbag.py:540} INFO - Filling up the DagBag from /home/airflow/.local/lib/python3.12/site-packages/airflow/example_dags/example_skip_dag.py
[2025-09-24T16:40:20.957+0000] {processor.py:840} INFO - DAG(s) 'example_skip_dag' retrieved from /home/airflow/.local/lib/python3.12/site-packages/airflow/example_dags/example_skip_dag.py
[2025-09-24T16:40:20.983+0000] {logging_mixin.py:188} INFO - [2025-09-24T16:40:20.983+0000] {dag.py:3096} INFO - Sync 1 DAGs
[2025-09-24T16:40:21.008+0000] {logging_mixin.py:188} INFO - [2025-09-24T16:40:21.007+0000] {dag.py:3954} INFO - Setting next_dagrun for example_skip_dag to 2025-09-23 00:00:00+00:00, run_after=2025-09-24 00:00:00+00:00
[2025-09-24T16:40:21.029+0000] {processor.py:183} INFO - Processing /home/airflow/.local/lib/python3.12/site-packages/airflow/example_dags/example_skip_dag.py took 0.091 seconds
[2025-09-24T16:40:51.319+0000] {processor.py:161} INFO - Started process (PID=502) to work on /home/airflow/.local/lib/python3.12/site-packages/airflow/example_dags/example_skip_dag.py
[2025-09-24T16:40:51.320+0000] {processor.py:830} INFO - Processing file /home/airflow/.local/lib/python3.12/site-packages/airflow/example_dags/example_skip_dag.py for tasks to queue
[2025-09-24T16:40:51.322+0000] {logging_mixin.py:188} INFO - [2025-09-24T16:40:51.322+0000] {dagbag.py:540} INFO - Filling up the DagBag from /home/airflow/.local/lib/python3.12/site-packages/airflow/example_dags/example_skip_dag.py
[2025-09-24T16:40:51.330+0000] {processor.py:840} INFO - DAG(s) 'example_skip_dag' retrieved from /home/airflow/.local/lib/python3.12/site-packages/airflow/example_dags/example_skip_dag.py
[2025-09-24T16:40:51.355+0000] {logging_mixin.py:188} INFO - [2025-09-24T16:40:51.355+0000] {dag.py:3096} INFO - Sync 1 DAGs
[2025-09-24T16:40:51.380+0000] {logging_mixin.py:188} INFO - [2025-09-24T16:40:51.380+0000] {dag.py:3954} INFO - Setting next_dagrun for example_skip_dag to 2025-09-23 00:00:00+00:00, run_after=2025-09-24 00:00:00+00:00
[2025-09-24T16:40:51.401+0000] {processor.py:183} INFO - Processing /home/airflow/.local/lib/python3.12/site-packages/airflow/example_dags/example_skip_dag.py took 0.090 seconds
[2025-09-24T16:41:21.727+0000] {processor.py:161} INFO - Started process (PID=560) to work on /home/airflow/.local/lib/python3.12/site-packages/airflow/example_dags/example_skip_dag.py
[2025-09-24T16:41:21.728+0000] {processor.py:830} INFO - Processing file /home/airflow/.local/lib/python3.12/site-packages/airflow/example_dags/example_skip_dag.py for tasks to queue
[2025-09-24T16:41:21.730+0000] {logging_mixin.py:188} INFO - [2025-09-24T16:41:21.730+0000] {dagbag.py:540} INFO - Filling up the DagBag from /home/airflow/.local/lib/python3.12/site-packages/airflow/example_dags/example_skip_dag.py
[2025-09-24T16:41:21.739+0000] {processor.py:840} INFO - DAG(s) 'example_skip_dag' retrieved from /home/airflow/.local/lib/python3.12/site-packages/airflow/example_dags/example_skip_dag.py
[2025-09-24T16:41:21.764+0000] {logging_mixin.py:188} INFO - [2025-09-24T16:41:21.764+0000] {dag.py:3096} INFO - Sync 1 DAGs
[2025-09-24T16:41:21.789+0000] {logging_mixin.py:188} INFO - [2025-09-24T16:41:21.789+0000] {dag.py:3954} INFO - Setting next_dagrun for example_skip_dag to 2025-09-23 00:00:00+00:00, run_after=2025-09-24 00:00:00+00:00
[2025-09-24T16:41:21.812+0000] {processor.py:183} INFO - Processing /home/airflow/.local/lib/python3.12/site-packages/airflow/example_dags/example_skip_dag.py took 0.093 seconds
[2025-09-24T16:41:52.217+0000] {processor.py:161} INFO - Started process (PID=618) to work on /home/airflow/.local/lib/python3.12/site-packages/airflow/example_dags/example_skip_dag.py
[2025-09-24T16:41:52.219+0000] {processor.py:830} INFO - Processing file /home/airflow/.local/lib/python3.12/site-packages/airflow/example_dags/example_skip_dag.py for tasks to queue
[2025-09-24T16:41:52.221+0000] {logging_mixin.py:188} INFO - [2025-09-24T16:41:52.220+0000] {dagbag.py:540} INFO - Filling up the DagBag from /home/airflow/.local/lib/python3.12/site-packages/airflow/example_dags/example_skip_dag.py
[2025-09-24T16:41:52.229+0000] {processor.py:840} INFO - DAG(s) 'example_skip_dag' retrieved from /home/airflow/.local/lib/python3.12/site-packages/airflow/example_dags/example_skip_dag.py
[2025-09-24T16:41:52.255+0000] {logging_mixin.py:188} INFO - [2025-09-24T16:41:52.255+0000] {dag.py:3096} INFO - Sync 1 DAGs
[2025-09-24T16:41:52.281+0000] {logging_mixin.py:188} INFO - [2025-09-24T16:41:52.281+0000] {dag.py:3954} INFO - Setting next_dagrun for example_skip_dag to 2025-09-23 00:00:00+00:00, run_after=2025-09-24 00:00:00+00:00
[2025-09-24T16:41:52.304+0000] {processor.py:183} INFO - Processing /home/airflow/.local/lib/python3.12/site-packages/airflow/example_dags/example_skip_dag.py took 0.094 seconds
[2025-09-24T16:42:22.495+0000] {processor.py:161} INFO - Started process (PID=676) to work on /home/airflow/.local/lib/python3.12/site-packages/airflow/example_dags/example_skip_dag.py
[2025-09-24T16:42:22.496+0000] {processor.py:830} INFO - Processing file /home/airflow/.local/lib/python3.12/site-packages/airflow/example_dags/example_skip_dag.py for tasks to queue
[2025-09-24T16:42:22.499+0000] {logging_mixin.py:188} INFO - [2025-09-24T16:42:22.499+0000] {dagbag.py:540} INFO - Filling up the DagBag from /home/airflow/.local/lib/python3.12/site-packages/airflow/example_dags/example_skip_dag.py
[2025-09-24T16:42:22.507+0000] {processor.py:840} INFO - DAG(s) 'example_skip_dag' retrieved from /home/airflow/.local/lib/python3.12/site-packages/airflow/example_dags/example_skip_dag.py
[2025-09-24T16:42:22.534+0000] {logging_mixin.py:188} INFO - [2025-09-24T16:42:22.533+0000] {dag.py:3096} INFO - Sync 1 DAGs
[2025-09-24T16:42:22.559+0000] {logging_mixin.py:188} INFO - [2025-09-24T16:42:22.558+0000] {dag.py:3954} INFO - Setting next_dagrun for example_skip_dag to 2025-09-23 00:00:00+00:00, run_after=2025-09-24 00:00:00+00:00
[2025-09-24T16:42:22.580+0000] {processor.py:183} INFO - Processing /home/airflow/.local/lib/python3.12/site-packages/airflow/example_dags/example_skip_dag.py took 0.092 seconds
[2025-09-24T16:42:52.980+0000] {processor.py:161} INFO - Started process (PID=734) to work on /home/airflow/.local/lib/python3.12/site-packages/airflow/example_dags/example_skip_dag.py
[2025-09-24T16:42:52.981+0000] {processor.py:830} INFO - Processing file /home/airflow/.local/lib/python3.12/site-packages/airflow/example_dags/example_skip_dag.py for tasks to queue
[2025-09-24T16:42:52.983+0000] {logging_mixin.py:188} INFO - [2025-09-24T16:42:52.983+0000] {dagbag.py:540} INFO - Filling up the DagBag from /home/airflow/.local/lib/python3.12/site-packages/airflow/example_dags/example_skip_dag.py
[2025-09-24T16:42:52.991+0000] {processor.py:840} INFO - DAG(s) 'example_skip_dag' retrieved from /home/airflow/.local/lib/python3.12/site-packages/airflow/example_dags/example_skip_dag.py
[2025-09-24T16:42:53.019+0000] {logging_mixin.py:188} INFO - [2025-09-24T16:42:53.019+0000] {dag.py:3096} INFO - Sync 1 DAGs
[2025-09-24T16:42:53.051+0000] {logging_mixin.py:188} INFO - [2025-09-24T16:42:53.051+0000] {dag.py:3954} INFO - Setting next_dagrun for example_skip_dag to 2025-09-23 00:00:00+00:00, run_after=2025-09-24 00:00:00+00:00
[2025-09-24T16:42:53.079+0000] {processor.py:183} INFO - Processing /home/airflow/.local/lib/python3.12/site-packages/airflow/example_dags/example_skip_dag.py took 0.106 seconds
[2025-09-24T16:43:23.327+0000] {processor.py:161} INFO - Started process (PID=792) to work on /home/airflow/.local/lib/python3.12/site-packages/airflow/example_dags/example_skip_dag.py
[2025-09-24T16:43:23.329+0000] {processor.py:830} INFO - Processing file /home/airflow/.local/lib/python3.12/site-packages/airflow/example_dags/example_skip_dag.py for tasks to queue
[2025-09-24T16:43:23.331+0000] {logging_mixin.py:188} INFO - [2025-09-24T16:43:23.330+0000] {dagbag.py:540} INFO - Filling up the DagBag from /home/airflow/.local/lib/python3.12/site-packages/airflow/example_dags/example_skip_dag.py
[2025-09-24T16:43:23.339+0000] {processor.py:840} INFO - DAG(s) 'example_skip_dag' retrieved from /home/airflow/.local/lib/python3.12/site-packages/airflow/example_dags/example_skip_dag.py
[2025-09-24T16:43:23.365+0000] {logging_mixin.py:188} INFO - [2025-09-24T16:43:23.364+0000] {dag.py:3096} INFO - Sync 1 DAGs
[2025-09-24T16:43:23.391+0000] {logging_mixin.py:188} INFO - [2025-09-24T16:43:23.390+0000] {dag.py:3954} INFO - Setting next_dagrun for example_skip_dag to 2025-09-23 00:00:00+00:00, run_after=2025-09-24 00:00:00+00:00
[2025-09-24T16:43:23.413+0000] {processor.py:183} INFO - Processing /home/airflow/.local/lib/python3.12/site-packages/airflow/example_dags/example_skip_dag.py took 0.093 seconds
[2025-09-24T16:43:53.631+0000] {processor.py:161} INFO - Started process (PID=850) to work on /home/airflow/.local/lib/python3.12/site-packages/airflow/example_dags/example_skip_dag.py
[2025-09-24T16:43:53.632+0000] {processor.py:830} INFO - Processing file /home/airflow/.local/lib/python3.12/site-packages/airflow/example_dags/example_skip_dag.py for tasks to queue
[2025-09-24T16:43:53.635+0000] {logging_mixin.py:188} INFO - [2025-09-24T16:43:53.634+0000] {dagbag.py:540} INFO - Filling up the DagBag from /home/airflow/.local/lib/python3.12/site-packages/airflow/example_dags/example_skip_dag.py
[2025-09-24T16:43:53.644+0000] {processor.py:840} INFO - DAG(s) 'example_skip_dag' retrieved from /home/airflow/.local/lib/python3.12/site-packages/airflow/example_dags/example_skip_dag.py
[2025-09-24T16:43:53.671+0000] {logging_mixin.py:188} INFO - [2025-09-24T16:43:53.671+0000] {dag.py:3096} INFO - Sync 1 DAGs
[2025-09-24T16:43:53.699+0000] {logging_mixin.py:188} INFO - [2025-09-24T16:43:53.698+0000] {dag.py:3954} INFO - Setting next_dagrun for example_skip_dag to 2025-09-23 00:00:00+00:00, run_after=2025-09-24 00:00:00+00:00
[2025-09-24T16:43:53.722+0000] {processor.py:183} INFO - Processing /home/airflow/.local/lib/python3.12/site-packages/airflow/example_dags/example_skip_dag.py took 0.099 seconds
[2025-09-24T16:44:24.196+0000] {processor.py:161} INFO - Started process (PID=908) to work on /home/airflow/.local/lib/python3.12/site-packages/airflow/example_dags/example_skip_dag.py
[2025-09-24T16:44:24.198+0000] {processor.py:830} INFO - Processing file /home/airflow/.local/lib/python3.12/site-packages/airflow/example_dags/example_skip_dag.py for tasks to queue
[2025-09-24T16:44:24.200+0000] {logging_mixin.py:188} INFO - [2025-09-24T16:44:24.200+0000] {dagbag.py:540} INFO - Filling up the DagBag from /home/airflow/.local/lib/python3.12/site-packages/airflow/example_dags/example_skip_dag.py
[2025-09-24T16:44:24.209+0000] {processor.py:840} INFO - DAG(s) 'example_skip_dag' retrieved from /home/airflow/.local/lib/python3.12/site-packages/airflow/example_dags/example_skip_dag.py
[2025-09-24T16:44:24.239+0000] {logging_mixin.py:188} INFO - [2025-09-24T16:44:24.238+0000] {dag.py:3096} INFO - Sync 1 DAGs
[2025-09-24T16:44:24.267+0000] {logging_mixin.py:188} INFO - [2025-09-24T16:44:24.267+0000] {dag.py:3954} INFO - Setting next_dagrun for example_skip_dag to 2025-09-23 00:00:00+00:00, run_after=2025-09-24 00:00:00+00:00
[2025-09-24T16:44:24.292+0000] {processor.py:183} INFO - Processing /home/airflow/.local/lib/python3.12/site-packages/airflow/example_dags/example_skip_dag.py took 0.105 seconds
[2025-09-24T16:44:54.657+0000] {processor.py:161} INFO - Started process (PID=966) to work on /home/airflow/.local/lib/python3.12/site-packages/airflow/example_dags/example_skip_dag.py
[2025-09-24T16:44:54.658+0000] {processor.py:830} INFO - Processing file /home/airflow/.local/lib/python3.12/site-packages/airflow/example_dags/example_skip_dag.py for tasks to queue
[2025-09-24T16:44:54.660+0000] {logging_mixin.py:188} INFO - [2025-09-24T16:44:54.660+0000] {dagbag.py:540} INFO - Filling up the DagBag from /home/airflow/.local/lib/python3.12/site-packages/airflow/example_dags/example_skip_dag.py
[2025-09-24T16:44:54.669+0000] {processor.py:840} INFO - DAG(s) 'example_skip_dag' retrieved from /home/airflow/.local/lib/python3.12/site-packages/airflow/example_dags/example_skip_dag.py
[2025-09-24T16:44:54.697+0000] {logging_mixin.py:188} INFO - [2025-09-24T16:44:54.697+0000] {dag.py:3096} INFO - Sync 1 DAGs
[2025-09-24T16:44:54.724+0000] {logging_mixin.py:188} INFO - [2025-09-24T16:44:54.724+0000] {dag.py:3954} INFO - Setting next_dagrun for example_skip_dag to 2025-09-23 00:00:00+00:00, run_after=2025-09-24 00:00:00+00:00
[2025-09-24T16:44:54.750+0000] {processor.py:183} INFO - Processing /home/airflow/.local/lib/python3.12/site-packages/airflow/example_dags/example_skip_dag.py took 0.101 seconds
[2025-09-24T16:45:25.006+0000] {processor.py:161} INFO - Started process (PID=1024) to work on /home/airflow/.local/lib/python3.12/site-packages/airflow/example_dags/example_skip_dag.py
[2025-09-24T16:45:25.007+0000] {processor.py:830} INFO - Processing file /home/airflow/.local/lib/python3.12/site-packages/airflow/example_dags/example_skip_dag.py for tasks to queue
[2025-09-24T16:45:25.010+0000] {logging_mixin.py:188} INFO - [2025-09-24T16:45:25.009+0000] {dagbag.py:540} INFO - Filling up the DagBag from /home/airflow/.local/lib/python3.12/site-packages/airflow/example_dags/example_skip_dag.py
[2025-09-24T16:45:25.018+0000] {processor.py:840} INFO - DAG(s) 'example_skip_dag' retrieved from /home/airflow/.local/lib/python3.12/site-packages/airflow/example_dags/example_skip_dag.py
[2025-09-24T16:45:25.045+0000] {logging_mixin.py:188} INFO - [2025-09-24T16:45:25.045+0000] {dag.py:3096} INFO - Sync 1 DAGs
[2025-09-24T16:45:25.072+0000] {logging_mixin.py:188} INFO - [2025-09-24T16:45:25.072+0000] {dag.py:3954} INFO - Setting next_dagrun for example_skip_dag to 2025-09-23 00:00:00+00:00, run_after=2025-09-24 00:00:00+00:00
[2025-09-24T16:45:25.096+0000] {processor.py:183} INFO - Processing /home/airflow/.local/lib/python3.12/site-packages/airflow/example_dags/example_skip_dag.py took 0.097 seconds
[2025-09-24T16:45:55.554+0000] {processor.py:161} INFO - Started process (PID=1082) to work on /home/airflow/.local/lib/python3.12/site-packages/airflow/example_dags/example_skip_dag.py
[2025-09-24T16:45:55.556+0000] {processor.py:830} INFO - Processing file /home/airflow/.local/lib/python3.12/site-packages/airflow/example_dags/example_skip_dag.py for tasks to queue
[2025-09-24T16:45:55.559+0000] {logging_mixin.py:188} INFO - [2025-09-24T16:45:55.558+0000] {dagbag.py:540} INFO - Filling up the DagBag from /home/airflow/.local/lib/python3.12/site-packages/airflow/example_dags/example_skip_dag.py
[2025-09-24T16:45:55.569+0000] {processor.py:840} INFO - DAG(s) 'example_skip_dag' retrieved from /home/airflow/.local/lib/python3.12/site-packages/airflow/example_dags/example_skip_dag.py
[2025-09-24T16:45:55.597+0000] {logging_mixin.py:188} INFO - [2025-09-24T16:45:55.597+0000] {dag.py:3096} INFO - Sync 1 DAGs
[2025-09-24T16:45:55.624+0000] {logging_mixin.py:188} INFO - [2025-09-24T16:45:55.624+0000] {dag.py:3954} INFO - Setting next_dagrun for example_skip_dag to 2025-09-23 00:00:00+00:00, run_after=2025-09-24 00:00:00+00:00
[2025-09-24T16:45:55.647+0000] {processor.py:183} INFO - Processing /home/airflow/.local/lib/python3.12/site-packages/airflow/example_dags/example_skip_dag.py took 0.101 seconds
[2025-09-24T16:46:26.183+0000] {processor.py:161} INFO - Started process (PID=1140) to work on /home/airflow/.local/lib/python3.12/site-packages/airflow/example_dags/example_skip_dag.py
[2025-09-24T16:46:26.186+0000] {processor.py:830} INFO - Processing file /home/airflow/.local/lib/python3.12/site-packages/airflow/example_dags/example_skip_dag.py for tasks to queue
[2025-09-24T16:46:26.189+0000] {logging_mixin.py:188} INFO - [2025-09-24T16:46:26.189+0000] {dagbag.py:540} INFO - Filling up the DagBag from /home/airflow/.local/lib/python3.12/site-packages/airflow/example_dags/example_skip_dag.py
[2025-09-24T16:46:26.200+0000] {processor.py:840} INFO - DAG(s) 'example_skip_dag' retrieved from /home/airflow/.local/lib/python3.12/site-packages/airflow/example_dags/example_skip_dag.py
[2025-09-24T16:46:26.243+0000] {logging_mixin.py:188} INFO - [2025-09-24T16:46:26.243+0000] {dag.py:3096} INFO - Sync 1 DAGs
[2025-09-24T16:46:26.282+0000] {logging_mixin.py:188} INFO - [2025-09-24T16:46:26.282+0000] {dag.py:3954} INFO - Setting next_dagrun for example_skip_dag to 2025-09-23 00:00:00+00:00, run_after=2025-09-24 00:00:00+00:00
[2025-09-24T16:46:26.311+0000] {processor.py:183} INFO - Processing /home/airflow/.local/lib/python3.12/site-packages/airflow/example_dags/example_skip_dag.py took 0.139 seconds
[2025-09-24T16:46:56.359+0000] {processor.py:161} INFO - Started process (PID=1198) to work on /home/airflow/.local/lib/python3.12/site-packages/airflow/example_dags/example_skip_dag.py
[2025-09-24T16:46:56.360+0000] {processor.py:830} INFO - Processing file /home/airflow/.local/lib/python3.12/site-packages/airflow/example_dags/example_skip_dag.py for tasks to queue
[2025-09-24T16:46:56.362+0000] {logging_mixin.py:188} INFO - [2025-09-24T16:46:56.362+0000] {dagbag.py:540} INFO - Filling up the DagBag from /home/airflow/.local/lib/python3.12/site-packages/airflow/example_dags/example_skip_dag.py
[2025-09-24T16:46:56.371+0000] {processor.py:840} INFO - DAG(s) 'example_skip_dag' retrieved from /home/airflow/.local/lib/python3.12/site-packages/airflow/example_dags/example_skip_dag.py
[2025-09-24T16:46:56.398+0000] {logging_mixin.py:188} INFO - [2025-09-24T16:46:56.398+0000] {dag.py:3096} INFO - Sync 1 DAGs
[2025-09-24T16:46:56.425+0000] {logging_mixin.py:188} INFO - [2025-09-24T16:46:56.424+0000] {dag.py:3954} INFO - Setting next_dagrun for example_skip_dag to 2025-09-23 00:00:00+00:00, run_after=2025-09-24 00:00:00+00:00
[2025-09-24T16:46:56.447+0000] {processor.py:183} INFO - Processing /home/airflow/.local/lib/python3.12/site-packages/airflow/example_dags/example_skip_dag.py took 0.097 seconds
[2025-09-24T16:47:26.904+0000] {processor.py:161} INFO - Started process (PID=1256) to work on /home/airflow/.local/lib/python3.12/site-packages/airflow/example_dags/example_skip_dag.py
[2025-09-24T16:47:26.906+0000] {processor.py:830} INFO - Processing file /home/airflow/.local/lib/python3.12/site-packages/airflow/example_dags/example_skip_dag.py for tasks to queue
[2025-09-24T16:47:26.908+0000] {logging_mixin.py:188} INFO - [2025-09-24T16:47:26.908+0000] {dagbag.py:540} INFO - Filling up the DagBag from /home/airflow/.local/lib/python3.12/site-packages/airflow/example_dags/example_skip_dag.py
[2025-09-24T16:47:26.917+0000] {processor.py:840} INFO - DAG(s) 'example_skip_dag' retrieved from /home/airflow/.local/lib/python3.12/site-packages/airflow/example_dags/example_skip_dag.py
[2025-09-24T16:47:26.948+0000] {logging_mixin.py:188} INFO - [2025-09-24T16:47:26.948+0000] {dag.py:3096} INFO - Sync 1 DAGs
[2025-09-24T16:47:26.978+0000] {logging_mixin.py:188} INFO - [2025-09-24T16:47:26.978+0000] {dag.py:3954} INFO - Setting next_dagrun for example_skip_dag to 2025-09-23 00:00:00+00:00, run_after=2025-09-24 00:00:00+00:00
[2025-09-24T16:47:27.008+0000] {processor.py:183} INFO - Processing /home/airflow/.local/lib/python3.12/site-packages/airflow/example_dags/example_skip_dag.py took 0.112 seconds
[2025-09-24T16:47:57.521+0000] {processor.py:161} INFO - Started process (PID=1314) to work on /home/airflow/.local/lib/python3.12/site-packages/airflow/example_dags/example_skip_dag.py
[2025-09-24T16:47:57.522+0000] {processor.py:830} INFO - Processing file /home/airflow/.local/lib/python3.12/site-packages/airflow/example_dags/example_skip_dag.py for tasks to queue
[2025-09-24T16:47:57.526+0000] {logging_mixin.py:188} INFO - [2025-09-24T16:47:57.525+0000] {dagbag.py:540} INFO - Filling up the DagBag from /home/airflow/.local/lib/python3.12/site-packages/airflow/example_dags/example_skip_dag.py
[2025-09-24T16:47:57.539+0000] {processor.py:840} INFO - DAG(s) 'example_skip_dag' retrieved from /home/airflow/.local/lib/python3.12/site-packages/airflow/example_dags/example_skip_dag.py
[2025-09-24T16:47:57.577+0000] {logging_mixin.py:188} INFO - [2025-09-24T16:47:57.577+0000] {dag.py:3096} INFO - Sync 1 DAGs
[2025-09-24T16:47:57.775+0000] {logging_mixin.py:188} INFO - [2025-09-24T16:47:57.775+0000] {dag.py:3954} INFO - Setting next_dagrun for example_skip_dag to 2025-09-23 00:00:00+00:00, run_after=2025-09-24 00:00:00+00:00
[2025-09-24T16:47:57.798+0000] {processor.py:183} INFO - Processing /home/airflow/.local/lib/python3.12/site-packages/airflow/example_dags/example_skip_dag.py took 0.286 seconds
[2025-09-24T16:48:28.446+0000] {processor.py:161} INFO - Started process (PID=1372) to work on /home/airflow/.local/lib/python3.12/site-packages/airflow/example_dags/example_skip_dag.py
[2025-09-24T16:48:28.448+0000] {processor.py:830} INFO - Processing file /home/airflow/.local/lib/python3.12/site-packages/airflow/example_dags/example_skip_dag.py for tasks to queue
[2025-09-24T16:48:28.450+0000] {logging_mixin.py:188} INFO - [2025-09-24T16:48:28.450+0000] {dagbag.py:540} INFO - Filling up the DagBag from /home/airflow/.local/lib/python3.12/site-packages/airflow/example_dags/example_skip_dag.py
[2025-09-24T16:48:28.460+0000] {processor.py:840} INFO - DAG(s) 'example_skip_dag' retrieved from /home/airflow/.local/lib/python3.12/site-packages/airflow/example_dags/example_skip_dag.py
[2025-09-24T16:48:28.489+0000] {logging_mixin.py:188} INFO - [2025-09-24T16:48:28.489+0000] {dag.py:3096} INFO - Sync 1 DAGs
[2025-09-24T16:48:28.516+0000] {logging_mixin.py:188} INFO - [2025-09-24T16:48:28.516+0000] {dag.py:3954} INFO - Setting next_dagrun for example_skip_dag to 2025-09-23 00:00:00+00:00, run_after=2025-09-24 00:00:00+00:00
[2025-09-24T16:48:28.541+0000] {processor.py:183} INFO - Processing /home/airflow/.local/lib/python3.12/site-packages/airflow/example_dags/example_skip_dag.py took 0.102 seconds
[2025-09-24T16:48:58.782+0000] {processor.py:161} INFO - Started process (PID=1430) to work on /home/airflow/.local/lib/python3.12/site-packages/airflow/example_dags/example_skip_dag.py
[2025-09-24T16:48:58.783+0000] {processor.py:830} INFO - Processing file /home/airflow/.local/lib/python3.12/site-packages/airflow/example_dags/example_skip_dag.py for tasks to queue
[2025-09-24T16:48:58.786+0000] {logging_mixin.py:188} INFO - [2025-09-24T16:48:58.785+0000] {dagbag.py:540} INFO - Filling up the DagBag from /home/airflow/.local/lib/python3.12/site-packages/airflow/example_dags/example_skip_dag.py
[2025-09-24T16:48:58.794+0000] {processor.py:840} INFO - DAG(s) 'example_skip_dag' retrieved from /home/airflow/.local/lib/python3.12/site-packages/airflow/example_dags/example_skip_dag.py
[2025-09-24T16:48:58.822+0000] {logging_mixin.py:188} INFO - [2025-09-24T16:48:58.822+0000] {dag.py:3096} INFO - Sync 1 DAGs
[2025-09-24T16:48:58.849+0000] {logging_mixin.py:188} INFO - [2025-09-24T16:48:58.849+0000] {dag.py:3954} INFO - Setting next_dagrun for example_skip_dag to 2025-09-23 00:00:00+00:00, run_after=2025-09-24 00:00:00+00:00
[2025-09-24T16:48:58.875+0000] {processor.py:183} INFO - Processing /home/airflow/.local/lib/python3.12/site-packages/airflow/example_dags/example_skip_dag.py took 0.102 seconds
[2025-09-24T16:49:29.127+0000] {processor.py:161} INFO - Started process (PID=1488) to work on /home/airflow/.local/lib/python3.12/site-packages/airflow/example_dags/example_skip_dag.py
[2025-09-24T16:49:29.128+0000] {processor.py:830} INFO - Processing file /home/airflow/.local/lib/python3.12/site-packages/airflow/example_dags/example_skip_dag.py for tasks to queue
[2025-09-24T16:49:29.131+0000] {logging_mixin.py:188} INFO - [2025-09-24T16:49:29.130+0000] {dagbag.py:540} INFO - Filling up the DagBag from /home/airflow/.local/lib/python3.12/site-packages/airflow/example_dags/example_skip_dag.py
[2025-09-24T16:49:29.143+0000] {processor.py:840} INFO - DAG(s) 'example_skip_dag' retrieved from /home/airflow/.local/lib/python3.12/site-packages/airflow/example_dags/example_skip_dag.py
[2025-09-24T16:49:29.178+0000] {logging_mixin.py:188} INFO - [2025-09-24T16:49:29.178+0000] {dag.py:3096} INFO - Sync 1 DAGs
[2025-09-24T16:49:29.208+0000] {logging_mixin.py:188} INFO - [2025-09-24T16:49:29.207+0000] {dag.py:3954} INFO - Setting next_dagrun for example_skip_dag to 2025-09-23 00:00:00+00:00, run_after=2025-09-24 00:00:00+00:00
[2025-09-24T16:49:29.235+0000] {processor.py:183} INFO - Processing /home/airflow/.local/lib/python3.12/site-packages/airflow/example_dags/example_skip_dag.py took 0.118 seconds
[2025-09-24T16:49:59.493+0000] {processor.py:161} INFO - Started process (PID=1547) to work on /home/airflow/.local/lib/python3.12/site-packages/airflow/example_dags/example_skip_dag.py
[2025-09-24T16:49:59.494+0000] {processor.py:830} INFO - Processing file /home/airflow/.local/lib/python3.12/site-packages/airflow/example_dags/example_skip_dag.py for tasks to queue
[2025-09-24T16:49:59.497+0000] {logging_mixin.py:188} INFO - [2025-09-24T16:49:59.496+0000] {dagbag.py:540} INFO - Filling up the DagBag from /home/airflow/.local/lib/python3.12/site-packages/airflow/example_dags/example_skip_dag.py
[2025-09-24T16:49:59.505+0000] {processor.py:840} INFO - DAG(s) 'example_skip_dag' retrieved from /home/airflow/.local/lib/python3.12/site-packages/airflow/example_dags/example_skip_dag.py
[2025-09-24T16:49:59.530+0000] {logging_mixin.py:188} INFO - [2025-09-24T16:49:59.530+0000] {dag.py:3096} INFO - Sync 1 DAGs
[2025-09-24T16:49:59.555+0000] {logging_mixin.py:188} INFO - [2025-09-24T16:49:59.555+0000] {dag.py:3954} INFO - Setting next_dagrun for example_skip_dag to 2025-09-23 00:00:00+00:00, run_after=2025-09-24 00:00:00+00:00
[2025-09-24T16:49:59.577+0000] {processor.py:183} INFO - Processing /home/airflow/.local/lib/python3.12/site-packages/airflow/example_dags/example_skip_dag.py took 0.090 seconds
[2025-09-24T16:50:30.043+0000] {processor.py:161} INFO - Started process (PID=1605) to work on /home/airflow/.local/lib/python3.12/site-packages/airflow/example_dags/example_skip_dag.py
[2025-09-24T16:50:30.044+0000] {processor.py:830} INFO - Processing file /home/airflow/.local/lib/python3.12/site-packages/airflow/example_dags/example_skip_dag.py for tasks to queue
[2025-09-24T16:50:30.046+0000] {logging_mixin.py:188} INFO - [2025-09-24T16:50:30.046+0000] {dagbag.py:540} INFO - Filling up the DagBag from /home/airflow/.local/lib/python3.12/site-packages/airflow/example_dags/example_skip_dag.py
[2025-09-24T16:50:30.055+0000] {processor.py:840} INFO - DAG(s) 'example_skip_dag' retrieved from /home/airflow/.local/lib/python3.12/site-packages/airflow/example_dags/example_skip_dag.py
[2025-09-24T16:50:30.085+0000] {logging_mixin.py:188} INFO - [2025-09-24T16:50:30.084+0000] {dag.py:3096} INFO - Sync 1 DAGs
[2025-09-24T16:50:30.113+0000] {logging_mixin.py:188} INFO - [2025-09-24T16:50:30.113+0000] {dag.py:3954} INFO - Setting next_dagrun for example_skip_dag to 2025-09-23 00:00:00+00:00, run_after=2025-09-24 00:00:00+00:00
[2025-09-24T16:50:30.140+0000] {processor.py:183} INFO - Processing /home/airflow/.local/lib/python3.12/site-packages/airflow/example_dags/example_skip_dag.py took 0.106 seconds
[2025-09-24T16:51:00.310+0000] {processor.py:161} INFO - Started process (PID=1663) to work on /home/airflow/.local/lib/python3.12/site-packages/airflow/example_dags/example_skip_dag.py
[2025-09-24T16:51:00.311+0000] {processor.py:830} INFO - Processing file /home/airflow/.local/lib/python3.12/site-packages/airflow/example_dags/example_skip_dag.py for tasks to queue
[2025-09-24T16:51:00.314+0000] {logging_mixin.py:188} INFO - [2025-09-24T16:51:00.314+0000] {dagbag.py:540} INFO - Filling up the DagBag from /home/airflow/.local/lib/python3.12/site-packages/airflow/example_dags/example_skip_dag.py
[2025-09-24T16:51:00.324+0000] {processor.py:840} INFO - DAG(s) 'example_skip_dag' retrieved from /home/airflow/.local/lib/python3.12/site-packages/airflow/example_dags/example_skip_dag.py
[2025-09-24T16:51:00.353+0000] {logging_mixin.py:188} INFO - [2025-09-24T16:51:00.353+0000] {dag.py:3096} INFO - Sync 1 DAGs
[2025-09-24T16:51:00.385+0000] {logging_mixin.py:188} INFO - [2025-09-24T16:51:00.384+0000] {dag.py:3954} INFO - Setting next_dagrun for example_skip_dag to 2025-09-23 00:00:00+00:00, run_after=2025-09-24 00:00:00+00:00
[2025-09-24T16:51:00.416+0000] {processor.py:183} INFO - Processing /home/airflow/.local/lib/python3.12/site-packages/airflow/example_dags/example_skip_dag.py took 0.114 seconds
[2025-09-24T16:51:30.868+0000] {processor.py:161} INFO - Started process (PID=1721) to work on /home/airflow/.local/lib/python3.12/site-packages/airflow/example_dags/example_skip_dag.py
[2025-09-24T16:51:30.870+0000] {processor.py:830} INFO - Processing file /home/airflow/.local/lib/python3.12/site-packages/airflow/example_dags/example_skip_dag.py for tasks to queue
[2025-09-24T16:51:30.872+0000] {logging_mixin.py:188} INFO - [2025-09-24T16:51:30.872+0000] {dagbag.py:540} INFO - Filling up the DagBag from /home/airflow/.local/lib/python3.12/site-packages/airflow/example_dags/example_skip_dag.py
[2025-09-24T16:51:30.881+0000] {processor.py:840} INFO - DAG(s) 'example_skip_dag' retrieved from /home/airflow/.local/lib/python3.12/site-packages/airflow/example_dags/example_skip_dag.py
[2025-09-24T16:51:30.913+0000] {logging_mixin.py:188} INFO - [2025-09-24T16:51:30.913+0000] {dag.py:3096} INFO - Sync 1 DAGs
[2025-09-24T16:51:30.942+0000] {logging_mixin.py:188} INFO - [2025-09-24T16:51:30.942+0000] {dag.py:3954} INFO - Setting next_dagrun for example_skip_dag to 2025-09-23 00:00:00+00:00, run_after=2025-09-24 00:00:00+00:00
[2025-09-24T16:51:30.968+0000] {processor.py:183} INFO - Processing /home/airflow/.local/lib/python3.12/site-packages/airflow/example_dags/example_skip_dag.py took 0.108 seconds
[2025-09-24T16:52:01.300+0000] {processor.py:161} INFO - Started process (PID=1779) to work on /home/airflow/.local/lib/python3.12/site-packages/airflow/example_dags/example_skip_dag.py
[2025-09-24T16:52:01.302+0000] {processor.py:830} INFO - Processing file /home/airflow/.local/lib/python3.12/site-packages/airflow/example_dags/example_skip_dag.py for tasks to queue
[2025-09-24T16:52:01.305+0000] {logging_mixin.py:188} INFO - [2025-09-24T16:52:01.304+0000] {dagbag.py:540} INFO - Filling up the DagBag from /home/airflow/.local/lib/python3.12/site-packages/airflow/example_dags/example_skip_dag.py
[2025-09-24T16:52:01.314+0000] {processor.py:840} INFO - DAG(s) 'example_skip_dag' retrieved from /home/airflow/.local/lib/python3.12/site-packages/airflow/example_dags/example_skip_dag.py
[2025-09-24T16:52:01.343+0000] {logging_mixin.py:188} INFO - [2025-09-24T16:52:01.342+0000] {dag.py:3096} INFO - Sync 1 DAGs
[2025-09-24T16:52:01.370+0000] {logging_mixin.py:188} INFO - [2025-09-24T16:52:01.370+0000] {dag.py:3954} INFO - Setting next_dagrun for example_skip_dag to 2025-09-23 00:00:00+00:00, run_after=2025-09-24 00:00:00+00:00
[2025-09-24T16:52:01.401+0000] {processor.py:183} INFO - Processing /home/airflow/.local/lib/python3.12/site-packages/airflow/example_dags/example_skip_dag.py took 0.112 seconds
[2025-09-24T16:52:31.594+0000] {processor.py:161} INFO - Started process (PID=1837) to work on /home/airflow/.local/lib/python3.12/site-packages/airflow/example_dags/example_skip_dag.py
[2025-09-24T16:52:31.596+0000] {processor.py:830} INFO - Processing file /home/airflow/.local/lib/python3.12/site-packages/airflow/example_dags/example_skip_dag.py for tasks to queue
[2025-09-24T16:52:31.599+0000] {logging_mixin.py:188} INFO - [2025-09-24T16:52:31.598+0000] {dagbag.py:540} INFO - Filling up the DagBag from /home/airflow/.local/lib/python3.12/site-packages/airflow/example_dags/example_skip_dag.py
[2025-09-24T16:52:31.608+0000] {processor.py:840} INFO - DAG(s) 'example_skip_dag' retrieved from /home/airflow/.local/lib/python3.12/site-packages/airflow/example_dags/example_skip_dag.py
[2025-09-24T16:52:31.636+0000] {logging_mixin.py:188} INFO - [2025-09-24T16:52:31.636+0000] {dag.py:3096} INFO - Sync 1 DAGs
[2025-09-24T16:52:31.664+0000] {logging_mixin.py:188} INFO - [2025-09-24T16:52:31.664+0000] {dag.py:3954} INFO - Setting next_dagrun for example_skip_dag to 2025-09-23 00:00:00+00:00, run_after=2025-09-24 00:00:00+00:00
[2025-09-24T16:52:31.689+0000] {processor.py:183} INFO - Processing /home/airflow/.local/lib/python3.12/site-packages/airflow/example_dags/example_skip_dag.py took 0.106 seconds
[2025-09-24T16:53:02.560+0000] {processor.py:161} INFO - Started process (PID=1895) to work on /home/airflow/.local/lib/python3.12/site-packages/airflow/example_dags/example_skip_dag.py
[2025-09-24T16:53:02.562+0000] {processor.py:830} INFO - Processing file /home/airflow/.local/lib/python3.12/site-packages/airflow/example_dags/example_skip_dag.py for tasks to queue
[2025-09-24T16:53:02.565+0000] {logging_mixin.py:188} INFO - [2025-09-24T16:53:02.564+0000] {dagbag.py:540} INFO - Filling up the DagBag from /home/airflow/.local/lib/python3.12/site-packages/airflow/example_dags/example_skip_dag.py
[2025-09-24T16:53:02.574+0000] {processor.py:840} INFO - DAG(s) 'example_skip_dag' retrieved from /home/airflow/.local/lib/python3.12/site-packages/airflow/example_dags/example_skip_dag.py
[2025-09-24T16:53:02.607+0000] {logging_mixin.py:188} INFO - [2025-09-24T16:53:02.606+0000] {dag.py:3096} INFO - Sync 1 DAGs
[2025-09-24T16:53:02.639+0000] {logging_mixin.py:188} INFO - [2025-09-24T16:53:02.639+0000] {dag.py:3954} INFO - Setting next_dagrun for example_skip_dag to 2025-09-23 00:00:00+00:00, run_after=2025-09-24 00:00:00+00:00
[2025-09-24T16:53:02.668+0000] {processor.py:183} INFO - Processing /home/airflow/.local/lib/python3.12/site-packages/airflow/example_dags/example_skip_dag.py took 0.116 seconds
[2025-09-24T16:53:32.828+0000] {processor.py:161} INFO - Started process (PID=1953) to work on /home/airflow/.local/lib/python3.12/site-packages/airflow/example_dags/example_skip_dag.py
[2025-09-24T16:53:32.829+0000] {processor.py:830} INFO - Processing file /home/airflow/.local/lib/python3.12/site-packages/airflow/example_dags/example_skip_dag.py for tasks to queue
[2025-09-24T16:53:32.832+0000] {logging_mixin.py:188} INFO - [2025-09-24T16:53:32.831+0000] {dagbag.py:540} INFO - Filling up the DagBag from /home/airflow/.local/lib/python3.12/site-packages/airflow/example_dags/example_skip_dag.py
[2025-09-24T16:53:32.840+0000] {processor.py:840} INFO - DAG(s) 'example_skip_dag' retrieved from /home/airflow/.local/lib/python3.12/site-packages/airflow/example_dags/example_skip_dag.py
[2025-09-24T16:53:32.865+0000] {logging_mixin.py:188} INFO - [2025-09-24T16:53:32.865+0000] {dag.py:3096} INFO - Sync 1 DAGs
[2025-09-24T16:53:32.892+0000] {logging_mixin.py:188} INFO - [2025-09-24T16:53:32.892+0000] {dag.py:3954} INFO - Setting next_dagrun for example_skip_dag to 2025-09-23 00:00:00+00:00, run_after=2025-09-24 00:00:00+00:00
[2025-09-24T16:53:32.915+0000] {processor.py:183} INFO - Processing /home/airflow/.local/lib/python3.12/site-packages/airflow/example_dags/example_skip_dag.py took 0.094 seconds
[2025-09-24T16:54:03.263+0000] {processor.py:161} INFO - Started process (PID=2010) to work on /home/airflow/.local/lib/python3.12/site-packages/airflow/example_dags/example_skip_dag.py
[2025-09-24T16:54:03.264+0000] {processor.py:830} INFO - Processing file /home/airflow/.local/lib/python3.12/site-packages/airflow/example_dags/example_skip_dag.py for tasks to queue
[2025-09-24T16:54:03.267+0000] {logging_mixin.py:188} INFO - [2025-09-24T16:54:03.267+0000] {dagbag.py:540} INFO - Filling up the DagBag from /home/airflow/.local/lib/python3.12/site-packages/airflow/example_dags/example_skip_dag.py
[2025-09-24T16:54:03.276+0000] {processor.py:840} INFO - DAG(s) 'example_skip_dag' retrieved from /home/airflow/.local/lib/python3.12/site-packages/airflow/example_dags/example_skip_dag.py
[2025-09-24T16:54:03.306+0000] {logging_mixin.py:188} INFO - [2025-09-24T16:54:03.306+0000] {dag.py:3096} INFO - Sync 1 DAGs
[2025-09-24T16:54:03.335+0000] {logging_mixin.py:188} INFO - [2025-09-24T16:54:03.335+0000] {dag.py:3954} INFO - Setting next_dagrun for example_skip_dag to 2025-09-23 00:00:00+00:00, run_after=2025-09-24 00:00:00+00:00
[2025-09-24T16:54:03.359+0000] {processor.py:183} INFO - Processing /home/airflow/.local/lib/python3.12/site-packages/airflow/example_dags/example_skip_dag.py took 0.105 seconds
[2025-09-24T16:54:33.584+0000] {processor.py:161} INFO - Started process (PID=2068) to work on /home/airflow/.local/lib/python3.12/site-packages/airflow/example_dags/example_skip_dag.py
[2025-09-24T16:54:33.585+0000] {processor.py:830} INFO - Processing file /home/airflow/.local/lib/python3.12/site-packages/airflow/example_dags/example_skip_dag.py for tasks to queue
[2025-09-24T16:54:33.589+0000] {logging_mixin.py:188} INFO - [2025-09-24T16:54:33.588+0000] {dagbag.py:540} INFO - Filling up the DagBag from /home/airflow/.local/lib/python3.12/site-packages/airflow/example_dags/example_skip_dag.py
[2025-09-24T16:54:33.599+0000] {processor.py:840} INFO - DAG(s) 'example_skip_dag' retrieved from /home/airflow/.local/lib/python3.12/site-packages/airflow/example_dags/example_skip_dag.py
[2025-09-24T16:54:33.632+0000] {logging_mixin.py:188} INFO - [2025-09-24T16:54:33.632+0000] {dag.py:3096} INFO - Sync 1 DAGs
[2025-09-24T16:54:33.669+0000] {logging_mixin.py:188} INFO - [2025-09-24T16:54:33.668+0000] {dag.py:3954} INFO - Setting next_dagrun for example_skip_dag to 2025-09-23 00:00:00+00:00, run_after=2025-09-24 00:00:00+00:00
[2025-09-24T16:54:33.698+0000] {processor.py:183} INFO - Processing /home/airflow/.local/lib/python3.12/site-packages/airflow/example_dags/example_skip_dag.py took 0.124 seconds
[2025-09-24T16:55:12.391+0000] {processor.py:161} INFO - Started process (PID=2126) to work on /home/airflow/.local/lib/python3.12/site-packages/airflow/example_dags/example_skip_dag.py
[2025-09-24T16:55:12.395+0000] {processor.py:830} INFO - Processing file /home/airflow/.local/lib/python3.12/site-packages/airflow/example_dags/example_skip_dag.py for tasks to queue
[2025-09-24T16:55:12.402+0000] {logging_mixin.py:188} INFO - [2025-09-24T16:55:12.401+0000] {dagbag.py:540} INFO - Filling up the DagBag from /home/airflow/.local/lib/python3.12/site-packages/airflow/example_dags/example_skip_dag.py
[2025-09-24T16:55:12.453+0000] {processor.py:840} INFO - DAG(s) 'example_skip_dag' retrieved from /home/airflow/.local/lib/python3.12/site-packages/airflow/example_dags/example_skip_dag.py
[2025-09-24T16:55:12.566+0000] {logging_mixin.py:188} INFO - [2025-09-24T16:55:12.563+0000] {dag.py:3096} INFO - Sync 1 DAGs
[2025-09-24T16:55:12.642+0000] {logging_mixin.py:188} INFO - [2025-09-24T16:55:12.642+0000] {dag.py:3954} INFO - Setting next_dagrun for example_skip_dag to 2025-09-23 00:00:00+00:00, run_after=2025-09-24 00:00:00+00:00
[2025-09-24T16:55:12.844+0000] {processor.py:183} INFO - Processing /home/airflow/.local/lib/python3.12/site-packages/airflow/example_dags/example_skip_dag.py took 0.476 seconds
[2025-09-24T16:55:43.204+0000] {processor.py:161} INFO - Started process (PID=2184) to work on /home/airflow/.local/lib/python3.12/site-packages/airflow/example_dags/example_skip_dag.py
[2025-09-24T16:55:43.211+0000] {processor.py:830} INFO - Processing file /home/airflow/.local/lib/python3.12/site-packages/airflow/example_dags/example_skip_dag.py for tasks to queue
[2025-09-24T16:55:43.231+0000] {logging_mixin.py:188} INFO - [2025-09-24T16:55:43.230+0000] {dagbag.py:540} INFO - Filling up the DagBag from /home/airflow/.local/lib/python3.12/site-packages/airflow/example_dags/example_skip_dag.py
[2025-09-24T16:55:43.519+0000] {processor.py:840} INFO - DAG(s) 'example_skip_dag' retrieved from /home/airflow/.local/lib/python3.12/site-packages/airflow/example_dags/example_skip_dag.py
[2025-09-24T16:55:43.653+0000] {logging_mixin.py:188} INFO - [2025-09-24T16:55:43.652+0000] {dag.py:3096} INFO - Sync 1 DAGs
[2025-09-24T16:55:43.759+0000] {logging_mixin.py:188} INFO - [2025-09-24T16:55:43.758+0000] {dag.py:3954} INFO - Setting next_dagrun for example_skip_dag to 2025-09-23 00:00:00+00:00, run_after=2025-09-24 00:00:00+00:00
[2025-09-24T16:55:43.853+0000] {processor.py:183} INFO - Processing /home/airflow/.local/lib/python3.12/site-packages/airflow/example_dags/example_skip_dag.py took 0.673 seconds
[2025-09-24T16:56:14.135+0000] {processor.py:161} INFO - Started process (PID=2242) to work on /home/airflow/.local/lib/python3.12/site-packages/airflow/example_dags/example_skip_dag.py
[2025-09-24T16:56:14.136+0000] {processor.py:830} INFO - Processing file /home/airflow/.local/lib/python3.12/site-packages/airflow/example_dags/example_skip_dag.py for tasks to queue
[2025-09-24T16:56:14.140+0000] {logging_mixin.py:188} INFO - [2025-09-24T16:56:14.139+0000] {dagbag.py:540} INFO - Filling up the DagBag from /home/airflow/.local/lib/python3.12/site-packages/airflow/example_dags/example_skip_dag.py
[2025-09-24T16:56:14.150+0000] {processor.py:840} INFO - DAG(s) 'example_skip_dag' retrieved from /home/airflow/.local/lib/python3.12/site-packages/airflow/example_dags/example_skip_dag.py
[2025-09-24T16:56:14.181+0000] {logging_mixin.py:188} INFO - [2025-09-24T16:56:14.181+0000] {dag.py:3096} INFO - Sync 1 DAGs
[2025-09-24T16:56:14.217+0000] {logging_mixin.py:188} INFO - [2025-09-24T16:56:14.217+0000] {dag.py:3954} INFO - Setting next_dagrun for example_skip_dag to 2025-09-23 00:00:00+00:00, run_after=2025-09-24 00:00:00+00:00
[2025-09-24T16:56:14.243+0000] {processor.py:183} INFO - Processing /home/airflow/.local/lib/python3.12/site-packages/airflow/example_dags/example_skip_dag.py took 0.116 seconds
[2025-09-24T16:56:44.365+0000] {processor.py:161} INFO - Started process (PID=2300) to work on /home/airflow/.local/lib/python3.12/site-packages/airflow/example_dags/example_skip_dag.py
[2025-09-24T16:56:44.366+0000] {processor.py:830} INFO - Processing file /home/airflow/.local/lib/python3.12/site-packages/airflow/example_dags/example_skip_dag.py for tasks to queue
[2025-09-24T16:56:44.368+0000] {logging_mixin.py:188} INFO - [2025-09-24T16:56:44.368+0000] {dagbag.py:540} INFO - Filling up the DagBag from /home/airflow/.local/lib/python3.12/site-packages/airflow/example_dags/example_skip_dag.py
[2025-09-24T16:56:44.377+0000] {processor.py:840} INFO - DAG(s) 'example_skip_dag' retrieved from /home/airflow/.local/lib/python3.12/site-packages/airflow/example_dags/example_skip_dag.py
[2025-09-24T16:56:44.408+0000] {logging_mixin.py:188} INFO - [2025-09-24T16:56:44.408+0000] {dag.py:3096} INFO - Sync 1 DAGs
[2025-09-24T16:56:44.436+0000] {logging_mixin.py:188} INFO - [2025-09-24T16:56:44.436+0000] {dag.py:3954} INFO - Setting next_dagrun for example_skip_dag to 2025-09-23 00:00:00+00:00, run_after=2025-09-24 00:00:00+00:00
[2025-09-24T16:56:44.459+0000] {processor.py:183} INFO - Processing /home/airflow/.local/lib/python3.12/site-packages/airflow/example_dags/example_skip_dag.py took 0.102 seconds
[2025-09-24T16:57:14.595+0000] {processor.py:161} INFO - Started process (PID=2358) to work on /home/airflow/.local/lib/python3.12/site-packages/airflow/example_dags/example_skip_dag.py
[2025-09-24T16:57:14.596+0000] {processor.py:830} INFO - Processing file /home/airflow/.local/lib/python3.12/site-packages/airflow/example_dags/example_skip_dag.py for tasks to queue
[2025-09-24T16:57:14.598+0000] {logging_mixin.py:188} INFO - [2025-09-24T16:57:14.598+0000] {dagbag.py:540} INFO - Filling up the DagBag from /home/airflow/.local/lib/python3.12/site-packages/airflow/example_dags/example_skip_dag.py
[2025-09-24T16:57:14.607+0000] {processor.py:840} INFO - DAG(s) 'example_skip_dag' retrieved from /home/airflow/.local/lib/python3.12/site-packages/airflow/example_dags/example_skip_dag.py
[2025-09-24T16:57:14.637+0000] {logging_mixin.py:188} INFO - [2025-09-24T16:57:14.637+0000] {dag.py:3096} INFO - Sync 1 DAGs
[2025-09-24T16:57:14.670+0000] {logging_mixin.py:188} INFO - [2025-09-24T16:57:14.670+0000] {dag.py:3954} INFO - Setting next_dagrun for example_skip_dag to 2025-09-23 00:00:00+00:00, run_after=2025-09-24 00:00:00+00:00
[2025-09-24T16:57:14.699+0000] {processor.py:183} INFO - Processing /home/airflow/.local/lib/python3.12/site-packages/airflow/example_dags/example_skip_dag.py took 0.112 seconds
[2025-09-24T16:57:44.736+0000] {processor.py:161} INFO - Started process (PID=2416) to work on /home/airflow/.local/lib/python3.12/site-packages/airflow/example_dags/example_skip_dag.py
[2025-09-24T16:57:44.737+0000] {processor.py:830} INFO - Processing file /home/airflow/.local/lib/python3.12/site-packages/airflow/example_dags/example_skip_dag.py for tasks to queue
[2025-09-24T16:57:44.739+0000] {logging_mixin.py:188} INFO - [2025-09-24T16:57:44.739+0000] {dagbag.py:540} INFO - Filling up the DagBag from /home/airflow/.local/lib/python3.12/site-packages/airflow/example_dags/example_skip_dag.py
[2025-09-24T16:57:44.748+0000] {processor.py:840} INFO - DAG(s) 'example_skip_dag' retrieved from /home/airflow/.local/lib/python3.12/site-packages/airflow/example_dags/example_skip_dag.py
[2025-09-24T16:57:44.775+0000] {logging_mixin.py:188} INFO - [2025-09-24T16:57:44.774+0000] {dag.py:3096} INFO - Sync 1 DAGs
[2025-09-24T16:57:44.803+0000] {logging_mixin.py:188} INFO - [2025-09-24T16:57:44.803+0000] {dag.py:3954} INFO - Setting next_dagrun for example_skip_dag to 2025-09-23 00:00:00+00:00, run_after=2025-09-24 00:00:00+00:00
[2025-09-24T16:57:44.829+0000] {processor.py:183} INFO - Processing /home/airflow/.local/lib/python3.12/site-packages/airflow/example_dags/example_skip_dag.py took 0.100 seconds
[2025-09-24T16:58:14.948+0000] {processor.py:161} INFO - Started process (PID=2474) to work on /home/airflow/.local/lib/python3.12/site-packages/airflow/example_dags/example_skip_dag.py
[2025-09-24T16:58:14.949+0000] {processor.py:830} INFO - Processing file /home/airflow/.local/lib/python3.12/site-packages/airflow/example_dags/example_skip_dag.py for tasks to queue
[2025-09-24T16:58:14.952+0000] {logging_mixin.py:188} INFO - [2025-09-24T16:58:14.951+0000] {dagbag.py:540} INFO - Filling up the DagBag from /home/airflow/.local/lib/python3.12/site-packages/airflow/example_dags/example_skip_dag.py
[2025-09-24T16:58:14.960+0000] {processor.py:840} INFO - DAG(s) 'example_skip_dag' retrieved from /home/airflow/.local/lib/python3.12/site-packages/airflow/example_dags/example_skip_dag.py
[2025-09-24T16:58:14.989+0000] {logging_mixin.py:188} INFO - [2025-09-24T16:58:14.989+0000] {dag.py:3096} INFO - Sync 1 DAGs
[2025-09-24T16:58:15.018+0000] {logging_mixin.py:188} INFO - [2025-09-24T16:58:15.018+0000] {dag.py:3954} INFO - Setting next_dagrun for example_skip_dag to 2025-09-23 00:00:00+00:00, run_after=2025-09-24 00:00:00+00:00
[2025-09-24T16:58:15.042+0000] {processor.py:183} INFO - Processing /home/airflow/.local/lib/python3.12/site-packages/airflow/example_dags/example_skip_dag.py took 0.102 seconds
[2025-09-24T16:58:45.219+0000] {processor.py:161} INFO - Started process (PID=2532) to work on /home/airflow/.local/lib/python3.12/site-packages/airflow/example_dags/example_skip_dag.py
[2025-09-24T16:58:45.220+0000] {processor.py:830} INFO - Processing file /home/airflow/.local/lib/python3.12/site-packages/airflow/example_dags/example_skip_dag.py for tasks to queue
[2025-09-24T16:58:45.223+0000] {logging_mixin.py:188} INFO - [2025-09-24T16:58:45.222+0000] {dagbag.py:540} INFO - Filling up the DagBag from /home/airflow/.local/lib/python3.12/site-packages/airflow/example_dags/example_skip_dag.py
[2025-09-24T16:58:45.232+0000] {processor.py:840} INFO - DAG(s) 'example_skip_dag' retrieved from /home/airflow/.local/lib/python3.12/site-packages/airflow/example_dags/example_skip_dag.py
[2025-09-24T16:58:45.260+0000] {logging_mixin.py:188} INFO - [2025-09-24T16:58:45.260+0000] {dag.py:3096} INFO - Sync 1 DAGs
[2025-09-24T16:58:45.292+0000] {logging_mixin.py:188} INFO - [2025-09-24T16:58:45.292+0000] {dag.py:3954} INFO - Setting next_dagrun for example_skip_dag to 2025-09-23 00:00:00+00:00, run_after=2025-09-24 00:00:00+00:00
[2025-09-24T16:58:45.315+0000] {processor.py:183} INFO - Processing /home/airflow/.local/lib/python3.12/site-packages/airflow/example_dags/example_skip_dag.py took 0.105 seconds
[2025-09-24T16:59:15.674+0000] {processor.py:161} INFO - Started process (PID=2590) to work on /home/airflow/.local/lib/python3.12/site-packages/airflow/example_dags/example_skip_dag.py
[2025-09-24T16:59:15.676+0000] {processor.py:830} INFO - Processing file /home/airflow/.local/lib/python3.12/site-packages/airflow/example_dags/example_skip_dag.py for tasks to queue
[2025-09-24T16:59:15.678+0000] {logging_mixin.py:188} INFO - [2025-09-24T16:59:15.678+0000] {dagbag.py:540} INFO - Filling up the DagBag from /home/airflow/.local/lib/python3.12/site-packages/airflow/example_dags/example_skip_dag.py
[2025-09-24T16:59:15.687+0000] {processor.py:840} INFO - DAG(s) 'example_skip_dag' retrieved from /home/airflow/.local/lib/python3.12/site-packages/airflow/example_dags/example_skip_dag.py
[2025-09-24T16:59:15.718+0000] {logging_mixin.py:188} INFO - [2025-09-24T16:59:15.718+0000] {dag.py:3096} INFO - Sync 1 DAGs
[2025-09-24T16:59:15.747+0000] {logging_mixin.py:188} INFO - [2025-09-24T16:59:15.747+0000] {dag.py:3954} INFO - Setting next_dagrun for example_skip_dag to 2025-09-23 00:00:00+00:00, run_after=2025-09-24 00:00:00+00:00
[2025-09-24T16:59:15.771+0000] {processor.py:183} INFO - Processing /home/airflow/.local/lib/python3.12/site-packages/airflow/example_dags/example_skip_dag.py took 0.105 seconds
[2025-09-24T16:59:46.125+0000] {processor.py:161} INFO - Started process (PID=2648) to work on /home/airflow/.local/lib/python3.12/site-packages/airflow/example_dags/example_skip_dag.py
[2025-09-24T16:59:46.126+0000] {processor.py:830} INFO - Processing file /home/airflow/.local/lib/python3.12/site-packages/airflow/example_dags/example_skip_dag.py for tasks to queue
[2025-09-24T16:59:46.128+0000] {logging_mixin.py:188} INFO - [2025-09-24T16:59:46.128+0000] {dagbag.py:540} INFO - Filling up the DagBag from /home/airflow/.local/lib/python3.12/site-packages/airflow/example_dags/example_skip_dag.py
[2025-09-24T16:59:46.138+0000] {processor.py:840} INFO - DAG(s) 'example_skip_dag' retrieved from /home/airflow/.local/lib/python3.12/site-packages/airflow/example_dags/example_skip_dag.py
[2025-09-24T16:59:46.167+0000] {logging_mixin.py:188} INFO - [2025-09-24T16:59:46.166+0000] {dag.py:3096} INFO - Sync 1 DAGs
[2025-09-24T16:59:46.195+0000] {logging_mixin.py:188} INFO - [2025-09-24T16:59:46.194+0000] {dag.py:3954} INFO - Setting next_dagrun for example_skip_dag to 2025-09-23 00:00:00+00:00, run_after=2025-09-24 00:00:00+00:00
[2025-09-24T16:59:46.217+0000] {processor.py:183} INFO - Processing /home/airflow/.local/lib/python3.12/site-packages/airflow/example_dags/example_skip_dag.py took 0.103 seconds
[2025-09-24T17:00:16.683+0000] {processor.py:161} INFO - Started process (PID=2706) to work on /home/airflow/.local/lib/python3.12/site-packages/airflow/example_dags/example_skip_dag.py
[2025-09-24T17:00:16.684+0000] {processor.py:830} INFO - Processing file /home/airflow/.local/lib/python3.12/site-packages/airflow/example_dags/example_skip_dag.py for tasks to queue
[2025-09-24T17:00:16.687+0000] {logging_mixin.py:188} INFO - [2025-09-24T17:00:16.686+0000] {dagbag.py:540} INFO - Filling up the DagBag from /home/airflow/.local/lib/python3.12/site-packages/airflow/example_dags/example_skip_dag.py
[2025-09-24T17:00:16.696+0000] {processor.py:840} INFO - DAG(s) 'example_skip_dag' retrieved from /home/airflow/.local/lib/python3.12/site-packages/airflow/example_dags/example_skip_dag.py
[2025-09-24T17:00:16.724+0000] {logging_mixin.py:188} INFO - [2025-09-24T17:00:16.724+0000] {dag.py:3096} INFO - Sync 1 DAGs
[2025-09-24T17:00:16.752+0000] {logging_mixin.py:188} INFO - [2025-09-24T17:00:16.752+0000] {dag.py:3954} INFO - Setting next_dagrun for example_skip_dag to 2025-09-23 00:00:00+00:00, run_after=2025-09-24 00:00:00+00:00
[2025-09-24T17:00:16.775+0000] {processor.py:183} INFO - Processing /home/airflow/.local/lib/python3.12/site-packages/airflow/example_dags/example_skip_dag.py took 0.100 seconds
[2025-09-24T17:00:47.209+0000] {processor.py:161} INFO - Started process (PID=2764) to work on /home/airflow/.local/lib/python3.12/site-packages/airflow/example_dags/example_skip_dag.py
[2025-09-24T17:00:47.210+0000] {processor.py:830} INFO - Processing file /home/airflow/.local/lib/python3.12/site-packages/airflow/example_dags/example_skip_dag.py for tasks to queue
[2025-09-24T17:00:47.212+0000] {logging_mixin.py:188} INFO - [2025-09-24T17:00:47.212+0000] {dagbag.py:540} INFO - Filling up the DagBag from /home/airflow/.local/lib/python3.12/site-packages/airflow/example_dags/example_skip_dag.py
[2025-09-24T17:00:47.221+0000] {processor.py:840} INFO - DAG(s) 'example_skip_dag' retrieved from /home/airflow/.local/lib/python3.12/site-packages/airflow/example_dags/example_skip_dag.py
[2025-09-24T17:00:47.251+0000] {logging_mixin.py:188} INFO - [2025-09-24T17:00:47.250+0000] {dag.py:3096} INFO - Sync 1 DAGs
[2025-09-24T17:00:47.280+0000] {logging_mixin.py:188} INFO - [2025-09-24T17:00:47.280+0000] {dag.py:3954} INFO - Setting next_dagrun for example_skip_dag to 2025-09-23 00:00:00+00:00, run_after=2025-09-24 00:00:00+00:00
[2025-09-24T17:00:47.306+0000] {processor.py:183} INFO - Processing /home/airflow/.local/lib/python3.12/site-packages/airflow/example_dags/example_skip_dag.py took 0.105 seconds
[2025-09-24T17:01:17.724+0000] {processor.py:161} INFO - Started process (PID=2822) to work on /home/airflow/.local/lib/python3.12/site-packages/airflow/example_dags/example_skip_dag.py
[2025-09-24T17:01:17.725+0000] {processor.py:830} INFO - Processing file /home/airflow/.local/lib/python3.12/site-packages/airflow/example_dags/example_skip_dag.py for tasks to queue
[2025-09-24T17:01:17.727+0000] {logging_mixin.py:188} INFO - [2025-09-24T17:01:17.727+0000] {dagbag.py:540} INFO - Filling up the DagBag from /home/airflow/.local/lib/python3.12/site-packages/airflow/example_dags/example_skip_dag.py
[2025-09-24T17:01:17.736+0000] {processor.py:840} INFO - DAG(s) 'example_skip_dag' retrieved from /home/airflow/.local/lib/python3.12/site-packages/airflow/example_dags/example_skip_dag.py
[2025-09-24T17:01:17.766+0000] {logging_mixin.py:188} INFO - [2025-09-24T17:01:17.765+0000] {dag.py:3096} INFO - Sync 1 DAGs
[2025-09-24T17:01:17.795+0000] {logging_mixin.py:188} INFO - [2025-09-24T17:01:17.795+0000] {dag.py:3954} INFO - Setting next_dagrun for example_skip_dag to 2025-09-23 00:00:00+00:00, run_after=2025-09-24 00:00:00+00:00
[2025-09-24T17:01:17.822+0000] {processor.py:183} INFO - Processing /home/airflow/.local/lib/python3.12/site-packages/airflow/example_dags/example_skip_dag.py took 0.106 seconds
[2025-09-24T17:01:48.274+0000] {processor.py:161} INFO - Started process (PID=2880) to work on /home/airflow/.local/lib/python3.12/site-packages/airflow/example_dags/example_skip_dag.py
[2025-09-24T17:01:48.275+0000] {processor.py:830} INFO - Processing file /home/airflow/.local/lib/python3.12/site-packages/airflow/example_dags/example_skip_dag.py for tasks to queue
[2025-09-24T17:01:48.278+0000] {logging_mixin.py:188} INFO - [2025-09-24T17:01:48.278+0000] {dagbag.py:540} INFO - Filling up the DagBag from /home/airflow/.local/lib/python3.12/site-packages/airflow/example_dags/example_skip_dag.py
[2025-09-24T17:01:48.289+0000] {processor.py:840} INFO - DAG(s) 'example_skip_dag' retrieved from /home/airflow/.local/lib/python3.12/site-packages/airflow/example_dags/example_skip_dag.py
[2025-09-24T17:01:48.323+0000] {logging_mixin.py:188} INFO - [2025-09-24T17:01:48.323+0000] {dag.py:3096} INFO - Sync 1 DAGs
[2025-09-24T17:01:48.356+0000] {logging_mixin.py:188} INFO - [2025-09-24T17:01:48.356+0000] {dag.py:3954} INFO - Setting next_dagrun for example_skip_dag to 2025-09-23 00:00:00+00:00, run_after=2025-09-24 00:00:00+00:00
[2025-09-24T17:01:48.381+0000] {processor.py:183} INFO - Processing /home/airflow/.local/lib/python3.12/site-packages/airflow/example_dags/example_skip_dag.py took 0.116 seconds
[2025-09-24T17:02:18.734+0000] {processor.py:161} INFO - Started process (PID=2938) to work on /home/airflow/.local/lib/python3.12/site-packages/airflow/example_dags/example_skip_dag.py
[2025-09-24T17:02:18.735+0000] {processor.py:830} INFO - Processing file /home/airflow/.local/lib/python3.12/site-packages/airflow/example_dags/example_skip_dag.py for tasks to queue
[2025-09-24T17:02:18.738+0000] {logging_mixin.py:188} INFO - [2025-09-24T17:02:18.737+0000] {dagbag.py:540} INFO - Filling up the DagBag from /home/airflow/.local/lib/python3.12/site-packages/airflow/example_dags/example_skip_dag.py
[2025-09-24T17:02:18.747+0000] {processor.py:840} INFO - DAG(s) 'example_skip_dag' retrieved from /home/airflow/.local/lib/python3.12/site-packages/airflow/example_dags/example_skip_dag.py
[2025-09-24T17:02:18.776+0000] {logging_mixin.py:188} INFO - [2025-09-24T17:02:18.776+0000] {dag.py:3096} INFO - Sync 1 DAGs
[2025-09-24T17:02:18.804+0000] {logging_mixin.py:188} INFO - [2025-09-24T17:02:18.804+0000] {dag.py:3954} INFO - Setting next_dagrun for example_skip_dag to 2025-09-23 00:00:00+00:00, run_after=2025-09-24 00:00:00+00:00
[2025-09-24T17:02:18.826+0000] {processor.py:183} INFO - Processing /home/airflow/.local/lib/python3.12/site-packages/airflow/example_dags/example_skip_dag.py took 0.100 seconds
[2025-09-24T17:02:49.313+0000] {processor.py:161} INFO - Started process (PID=2996) to work on /home/airflow/.local/lib/python3.12/site-packages/airflow/example_dags/example_skip_dag.py
[2025-09-24T17:02:49.315+0000] {processor.py:830} INFO - Processing file /home/airflow/.local/lib/python3.12/site-packages/airflow/example_dags/example_skip_dag.py for tasks to queue
[2025-09-24T17:02:49.317+0000] {logging_mixin.py:188} INFO - [2025-09-24T17:02:49.317+0000] {dagbag.py:540} INFO - Filling up the DagBag from /home/airflow/.local/lib/python3.12/site-packages/airflow/example_dags/example_skip_dag.py
[2025-09-24T17:02:49.327+0000] {processor.py:840} INFO - DAG(s) 'example_skip_dag' retrieved from /home/airflow/.local/lib/python3.12/site-packages/airflow/example_dags/example_skip_dag.py
[2025-09-24T17:02:49.357+0000] {logging_mixin.py:188} INFO - [2025-09-24T17:02:49.357+0000] {dag.py:3096} INFO - Sync 1 DAGs
[2025-09-24T17:02:49.388+0000] {logging_mixin.py:188} INFO - [2025-09-24T17:02:49.388+0000] {dag.py:3954} INFO - Setting next_dagrun for example_skip_dag to 2025-09-23 00:00:00+00:00, run_after=2025-09-24 00:00:00+00:00
[2025-09-24T17:02:49.412+0000] {processor.py:183} INFO - Processing /home/airflow/.local/lib/python3.12/site-packages/airflow/example_dags/example_skip_dag.py took 0.107 seconds
[2025-09-24T17:03:19.785+0000] {processor.py:161} INFO - Started process (PID=3054) to work on /home/airflow/.local/lib/python3.12/site-packages/airflow/example_dags/example_skip_dag.py
[2025-09-24T17:03:19.787+0000] {processor.py:830} INFO - Processing file /home/airflow/.local/lib/python3.12/site-packages/airflow/example_dags/example_skip_dag.py for tasks to queue
[2025-09-24T17:03:19.790+0000] {logging_mixin.py:188} INFO - [2025-09-24T17:03:19.790+0000] {dagbag.py:540} INFO - Filling up the DagBag from /home/airflow/.local/lib/python3.12/site-packages/airflow/example_dags/example_skip_dag.py
[2025-09-24T17:03:19.801+0000] {processor.py:840} INFO - DAG(s) 'example_skip_dag' retrieved from /home/airflow/.local/lib/python3.12/site-packages/airflow/example_dags/example_skip_dag.py
[2025-09-24T17:03:19.831+0000] {logging_mixin.py:188} INFO - [2025-09-24T17:03:19.830+0000] {dag.py:3096} INFO - Sync 1 DAGs
[2025-09-24T17:03:19.861+0000] {logging_mixin.py:188} INFO - [2025-09-24T17:03:19.861+0000] {dag.py:3954} INFO - Setting next_dagrun for example_skip_dag to 2025-09-23 00:00:00+00:00, run_after=2025-09-24 00:00:00+00:00
[2025-09-24T17:03:19.886+0000] {processor.py:183} INFO - Processing /home/airflow/.local/lib/python3.12/site-packages/airflow/example_dags/example_skip_dag.py took 0.108 seconds
[2025-09-24T17:03:50.455+0000] {processor.py:161} INFO - Started process (PID=3112) to work on /home/airflow/.local/lib/python3.12/site-packages/airflow/example_dags/example_skip_dag.py
[2025-09-24T17:03:50.457+0000] {processor.py:830} INFO - Processing file /home/airflow/.local/lib/python3.12/site-packages/airflow/example_dags/example_skip_dag.py for tasks to queue
[2025-09-24T17:03:50.460+0000] {logging_mixin.py:188} INFO - [2025-09-24T17:03:50.459+0000] {dagbag.py:540} INFO - Filling up the DagBag from /home/airflow/.local/lib/python3.12/site-packages/airflow/example_dags/example_skip_dag.py
[2025-09-24T17:03:50.470+0000] {processor.py:840} INFO - DAG(s) 'example_skip_dag' retrieved from /home/airflow/.local/lib/python3.12/site-packages/airflow/example_dags/example_skip_dag.py
[2025-09-24T17:03:50.503+0000] {logging_mixin.py:188} INFO - [2025-09-24T17:03:50.503+0000] {dag.py:3096} INFO - Sync 1 DAGs
[2025-09-24T17:03:50.541+0000] {logging_mixin.py:188} INFO - [2025-09-24T17:03:50.540+0000] {dag.py:3954} INFO - Setting next_dagrun for example_skip_dag to 2025-09-23 00:00:00+00:00, run_after=2025-09-24 00:00:00+00:00
[2025-09-24T17:03:50.571+0000] {processor.py:183} INFO - Processing /home/airflow/.local/lib/python3.12/site-packages/airflow/example_dags/example_skip_dag.py took 0.125 seconds
[2025-09-24T17:04:21.147+0000] {processor.py:161} INFO - Started process (PID=3170) to work on /home/airflow/.local/lib/python3.12/site-packages/airflow/example_dags/example_skip_dag.py
[2025-09-24T17:04:21.148+0000] {processor.py:830} INFO - Processing file /home/airflow/.local/lib/python3.12/site-packages/airflow/example_dags/example_skip_dag.py for tasks to queue
[2025-09-24T17:04:21.151+0000] {logging_mixin.py:188} INFO - [2025-09-24T17:04:21.151+0000] {dagbag.py:540} INFO - Filling up the DagBag from /home/airflow/.local/lib/python3.12/site-packages/airflow/example_dags/example_skip_dag.py
[2025-09-24T17:04:21.161+0000] {processor.py:840} INFO - DAG(s) 'example_skip_dag' retrieved from /home/airflow/.local/lib/python3.12/site-packages/airflow/example_dags/example_skip_dag.py
[2025-09-24T17:04:21.193+0000] {logging_mixin.py:188} INFO - [2025-09-24T17:04:21.192+0000] {dag.py:3096} INFO - Sync 1 DAGs
[2025-09-24T17:04:21.227+0000] {logging_mixin.py:188} INFO - [2025-09-24T17:04:21.227+0000] {dag.py:3954} INFO - Setting next_dagrun for example_skip_dag to 2025-09-23 00:00:00+00:00, run_after=2025-09-24 00:00:00+00:00
[2025-09-24T17:04:21.259+0000] {processor.py:183} INFO - Processing /home/airflow/.local/lib/python3.12/site-packages/airflow/example_dags/example_skip_dag.py took 0.121 seconds
[2025-09-24T17:04:51.618+0000] {processor.py:161} INFO - Started process (PID=3228) to work on /home/airflow/.local/lib/python3.12/site-packages/airflow/example_dags/example_skip_dag.py
[2025-09-24T17:04:51.619+0000] {processor.py:830} INFO - Processing file /home/airflow/.local/lib/python3.12/site-packages/airflow/example_dags/example_skip_dag.py for tasks to queue
[2025-09-24T17:04:51.622+0000] {logging_mixin.py:188} INFO - [2025-09-24T17:04:51.622+0000] {dagbag.py:540} INFO - Filling up the DagBag from /home/airflow/.local/lib/python3.12/site-packages/airflow/example_dags/example_skip_dag.py
[2025-09-24T17:04:51.634+0000] {processor.py:840} INFO - DAG(s) 'example_skip_dag' retrieved from /home/airflow/.local/lib/python3.12/site-packages/airflow/example_dags/example_skip_dag.py
[2025-09-24T17:04:51.667+0000] {logging_mixin.py:188} INFO - [2025-09-24T17:04:51.667+0000] {dag.py:3096} INFO - Sync 1 DAGs
[2025-09-24T17:04:51.700+0000] {logging_mixin.py:188} INFO - [2025-09-24T17:04:51.699+0000] {dag.py:3954} INFO - Setting next_dagrun for example_skip_dag to 2025-09-23 00:00:00+00:00, run_after=2025-09-24 00:00:00+00:00
[2025-09-24T17:04:51.726+0000] {processor.py:183} INFO - Processing /home/airflow/.local/lib/python3.12/site-packages/airflow/example_dags/example_skip_dag.py took 0.118 seconds
[2025-09-24T17:05:22.377+0000] {processor.py:161} INFO - Started process (PID=3286) to work on /home/airflow/.local/lib/python3.12/site-packages/airflow/example_dags/example_skip_dag.py
[2025-09-24T17:05:22.379+0000] {processor.py:830} INFO - Processing file /home/airflow/.local/lib/python3.12/site-packages/airflow/example_dags/example_skip_dag.py for tasks to queue
[2025-09-24T17:05:22.382+0000] {logging_mixin.py:188} INFO - [2025-09-24T17:05:22.381+0000] {dagbag.py:540} INFO - Filling up the DagBag from /home/airflow/.local/lib/python3.12/site-packages/airflow/example_dags/example_skip_dag.py
[2025-09-24T17:05:22.393+0000] {processor.py:840} INFO - DAG(s) 'example_skip_dag' retrieved from /home/airflow/.local/lib/python3.12/site-packages/airflow/example_dags/example_skip_dag.py
[2025-09-24T17:05:22.440+0000] {logging_mixin.py:188} INFO - [2025-09-24T17:05:22.440+0000] {dag.py:3096} INFO - Sync 1 DAGs
[2025-09-24T17:05:22.486+0000] {logging_mixin.py:188} INFO - [2025-09-24T17:05:22.486+0000] {dag.py:3954} INFO - Setting next_dagrun for example_skip_dag to 2025-09-23 00:00:00+00:00, run_after=2025-09-24 00:00:00+00:00
[2025-09-24T17:05:22.518+0000] {processor.py:183} INFO - Processing /home/airflow/.local/lib/python3.12/site-packages/airflow/example_dags/example_skip_dag.py took 0.151 seconds
[2025-09-24T17:05:53.393+0000] {processor.py:161} INFO - Started process (PID=3350) to work on /home/airflow/.local/lib/python3.12/site-packages/airflow/example_dags/example_skip_dag.py
[2025-09-24T17:05:53.395+0000] {processor.py:830} INFO - Processing file /home/airflow/.local/lib/python3.12/site-packages/airflow/example_dags/example_skip_dag.py for tasks to queue
[2025-09-24T17:05:53.398+0000] {logging_mixin.py:188} INFO - [2025-09-24T17:05:53.397+0000] {dagbag.py:540} INFO - Filling up the DagBag from /home/airflow/.local/lib/python3.12/site-packages/airflow/example_dags/example_skip_dag.py
[2025-09-24T17:05:53.408+0000] {processor.py:840} INFO - DAG(s) 'example_skip_dag' retrieved from /home/airflow/.local/lib/python3.12/site-packages/airflow/example_dags/example_skip_dag.py
[2025-09-24T17:05:53.442+0000] {logging_mixin.py:188} INFO - [2025-09-24T17:05:53.442+0000] {dag.py:3096} INFO - Sync 1 DAGs
[2025-09-24T17:05:53.483+0000] {logging_mixin.py:188} INFO - [2025-09-24T17:05:53.483+0000] {dag.py:3954} INFO - Setting next_dagrun for example_skip_dag to 2025-09-23 00:00:00+00:00, run_after=2025-09-24 00:00:00+00:00
[2025-09-24T17:05:53.514+0000] {processor.py:183} INFO - Processing /home/airflow/.local/lib/python3.12/site-packages/airflow/example_dags/example_skip_dag.py took 0.130 seconds
[2025-09-24T17:06:23.745+0000] {processor.py:161} INFO - Started process (PID=3408) to work on /home/airflow/.local/lib/python3.12/site-packages/airflow/example_dags/example_skip_dag.py
[2025-09-24T17:06:23.746+0000] {processor.py:830} INFO - Processing file /home/airflow/.local/lib/python3.12/site-packages/airflow/example_dags/example_skip_dag.py for tasks to queue
[2025-09-24T17:06:23.749+0000] {logging_mixin.py:188} INFO - [2025-09-24T17:06:23.748+0000] {dagbag.py:540} INFO - Filling up the DagBag from /home/airflow/.local/lib/python3.12/site-packages/airflow/example_dags/example_skip_dag.py
[2025-09-24T17:06:23.759+0000] {processor.py:840} INFO - DAG(s) 'example_skip_dag' retrieved from /home/airflow/.local/lib/python3.12/site-packages/airflow/example_dags/example_skip_dag.py
[2025-09-24T17:06:23.790+0000] {logging_mixin.py:188} INFO - [2025-09-24T17:06:23.789+0000] {dag.py:3096} INFO - Sync 1 DAGs
[2025-09-24T17:06:23.821+0000] {logging_mixin.py:188} INFO - [2025-09-24T17:06:23.820+0000] {dag.py:3954} INFO - Setting next_dagrun for example_skip_dag to 2025-09-23 00:00:00+00:00, run_after=2025-09-24 00:00:00+00:00
[2025-09-24T17:06:23.849+0000] {processor.py:183} INFO - Processing /home/airflow/.local/lib/python3.12/site-packages/airflow/example_dags/example_skip_dag.py took 0.112 seconds
[2025-09-24T17:06:54.752+0000] {processor.py:161} INFO - Started process (PID=3466) to work on /home/airflow/.local/lib/python3.12/site-packages/airflow/example_dags/example_skip_dag.py
[2025-09-24T17:06:54.754+0000] {processor.py:830} INFO - Processing file /home/airflow/.local/lib/python3.12/site-packages/airflow/example_dags/example_skip_dag.py for tasks to queue
[2025-09-24T17:06:54.757+0000] {logging_mixin.py:188} INFO - [2025-09-24T17:06:54.757+0000] {dagbag.py:540} INFO - Filling up the DagBag from /home/airflow/.local/lib/python3.12/site-packages/airflow/example_dags/example_skip_dag.py
[2025-09-24T17:06:54.768+0000] {processor.py:840} INFO - DAG(s) 'example_skip_dag' retrieved from /home/airflow/.local/lib/python3.12/site-packages/airflow/example_dags/example_skip_dag.py
[2025-09-24T17:06:54.801+0000] {logging_mixin.py:188} INFO - [2025-09-24T17:06:54.800+0000] {dag.py:3096} INFO - Sync 1 DAGs
[2025-09-24T17:06:54.833+0000] {logging_mixin.py:188} INFO - [2025-09-24T17:06:54.833+0000] {dag.py:3954} INFO - Setting next_dagrun for example_skip_dag to 2025-09-23 00:00:00+00:00, run_after=2025-09-24 00:00:00+00:00
[2025-09-24T17:06:54.862+0000] {processor.py:183} INFO - Processing /home/airflow/.local/lib/python3.12/site-packages/airflow/example_dags/example_skip_dag.py took 0.119 seconds
[2025-09-24T17:07:24.987+0000] {processor.py:161} INFO - Started process (PID=3524) to work on /home/airflow/.local/lib/python3.12/site-packages/airflow/example_dags/example_skip_dag.py
[2025-09-24T17:07:24.989+0000] {processor.py:830} INFO - Processing file /home/airflow/.local/lib/python3.12/site-packages/airflow/example_dags/example_skip_dag.py for tasks to queue
[2025-09-24T17:07:24.992+0000] {logging_mixin.py:188} INFO - [2025-09-24T17:07:24.992+0000] {dagbag.py:540} INFO - Filling up the DagBag from /home/airflow/.local/lib/python3.12/site-packages/airflow/example_dags/example_skip_dag.py
[2025-09-24T17:07:25.003+0000] {processor.py:840} INFO - DAG(s) 'example_skip_dag' retrieved from /home/airflow/.local/lib/python3.12/site-packages/airflow/example_dags/example_skip_dag.py
[2025-09-24T17:07:25.033+0000] {logging_mixin.py:188} INFO - [2025-09-24T17:07:25.032+0000] {dag.py:3096} INFO - Sync 1 DAGs
[2025-09-24T17:07:25.065+0000] {logging_mixin.py:188} INFO - [2025-09-24T17:07:25.064+0000] {dag.py:3954} INFO - Setting next_dagrun for example_skip_dag to 2025-09-23 00:00:00+00:00, run_after=2025-09-24 00:00:00+00:00
[2025-09-24T17:07:25.090+0000] {processor.py:183} INFO - Processing /home/airflow/.local/lib/python3.12/site-packages/airflow/example_dags/example_skip_dag.py took 0.111 seconds
[2025-09-24T17:07:55.443+0000] {processor.py:161} INFO - Started process (PID=3582) to work on /home/airflow/.local/lib/python3.12/site-packages/airflow/example_dags/example_skip_dag.py
[2025-09-24T17:07:55.445+0000] {processor.py:830} INFO - Processing file /home/airflow/.local/lib/python3.12/site-packages/airflow/example_dags/example_skip_dag.py for tasks to queue
[2025-09-24T17:07:55.447+0000] {logging_mixin.py:188} INFO - [2025-09-24T17:07:55.447+0000] {dagbag.py:540} INFO - Filling up the DagBag from /home/airflow/.local/lib/python3.12/site-packages/airflow/example_dags/example_skip_dag.py
[2025-09-24T17:07:55.457+0000] {processor.py:840} INFO - DAG(s) 'example_skip_dag' retrieved from /home/airflow/.local/lib/python3.12/site-packages/airflow/example_dags/example_skip_dag.py
[2025-09-24T17:07:55.489+0000] {logging_mixin.py:188} INFO - [2025-09-24T17:07:55.489+0000] {dag.py:3096} INFO - Sync 1 DAGs
[2025-09-24T17:07:55.521+0000] {logging_mixin.py:188} INFO - [2025-09-24T17:07:55.520+0000] {dag.py:3954} INFO - Setting next_dagrun for example_skip_dag to 2025-09-23 00:00:00+00:00, run_after=2025-09-24 00:00:00+00:00
[2025-09-24T17:07:55.545+0000] {processor.py:183} INFO - Processing /home/airflow/.local/lib/python3.12/site-packages/airflow/example_dags/example_skip_dag.py took 0.111 seconds
[2025-09-24T17:08:25.966+0000] {processor.py:161} INFO - Started process (PID=3640) to work on /home/airflow/.local/lib/python3.12/site-packages/airflow/example_dags/example_skip_dag.py
[2025-09-24T17:08:25.968+0000] {processor.py:830} INFO - Processing file /home/airflow/.local/lib/python3.12/site-packages/airflow/example_dags/example_skip_dag.py for tasks to queue
[2025-09-24T17:08:25.971+0000] {logging_mixin.py:188} INFO - [2025-09-24T17:08:25.970+0000] {dagbag.py:540} INFO - Filling up the DagBag from /home/airflow/.local/lib/python3.12/site-packages/airflow/example_dags/example_skip_dag.py
[2025-09-24T17:08:25.981+0000] {processor.py:840} INFO - DAG(s) 'example_skip_dag' retrieved from /home/airflow/.local/lib/python3.12/site-packages/airflow/example_dags/example_skip_dag.py
[2025-09-24T17:08:26.012+0000] {logging_mixin.py:188} INFO - [2025-09-24T17:08:26.012+0000] {dag.py:3096} INFO - Sync 1 DAGs
[2025-09-24T17:08:26.046+0000] {logging_mixin.py:188} INFO - [2025-09-24T17:08:26.046+0000] {dag.py:3954} INFO - Setting next_dagrun for example_skip_dag to 2025-09-23 00:00:00+00:00, run_after=2025-09-24 00:00:00+00:00
[2025-09-24T17:08:26.072+0000] {processor.py:183} INFO - Processing /home/airflow/.local/lib/python3.12/site-packages/airflow/example_dags/example_skip_dag.py took 0.114 seconds
[2025-09-24T17:08:56.492+0000] {processor.py:161} INFO - Started process (PID=3698) to work on /home/airflow/.local/lib/python3.12/site-packages/airflow/example_dags/example_skip_dag.py
[2025-09-24T17:08:56.494+0000] {processor.py:830} INFO - Processing file /home/airflow/.local/lib/python3.12/site-packages/airflow/example_dags/example_skip_dag.py for tasks to queue
[2025-09-24T17:08:56.497+0000] {logging_mixin.py:188} INFO - [2025-09-24T17:08:56.496+0000] {dagbag.py:540} INFO - Filling up the DagBag from /home/airflow/.local/lib/python3.12/site-packages/airflow/example_dags/example_skip_dag.py
[2025-09-24T17:08:56.507+0000] {processor.py:840} INFO - DAG(s) 'example_skip_dag' retrieved from /home/airflow/.local/lib/python3.12/site-packages/airflow/example_dags/example_skip_dag.py
[2025-09-24T17:08:56.541+0000] {logging_mixin.py:188} INFO - [2025-09-24T17:08:56.540+0000] {dag.py:3096} INFO - Sync 1 DAGs
[2025-09-24T17:08:56.574+0000] {logging_mixin.py:188} INFO - [2025-09-24T17:08:56.574+0000] {dag.py:3954} INFO - Setting next_dagrun for example_skip_dag to 2025-09-23 00:00:00+00:00, run_after=2025-09-24 00:00:00+00:00
[2025-09-24T17:08:56.600+0000] {processor.py:183} INFO - Processing /home/airflow/.local/lib/python3.12/site-packages/airflow/example_dags/example_skip_dag.py took 0.119 seconds
[2025-09-24T17:09:26.858+0000] {processor.py:161} INFO - Started process (PID=3756) to work on /home/airflow/.local/lib/python3.12/site-packages/airflow/example_dags/example_skip_dag.py
[2025-09-24T17:09:26.859+0000] {processor.py:830} INFO - Processing file /home/airflow/.local/lib/python3.12/site-packages/airflow/example_dags/example_skip_dag.py for tasks to queue
[2025-09-24T17:09:26.862+0000] {logging_mixin.py:188} INFO - [2025-09-24T17:09:26.861+0000] {dagbag.py:540} INFO - Filling up the DagBag from /home/airflow/.local/lib/python3.12/site-packages/airflow/example_dags/example_skip_dag.py
[2025-09-24T17:09:26.871+0000] {processor.py:840} INFO - DAG(s) 'example_skip_dag' retrieved from /home/airflow/.local/lib/python3.12/site-packages/airflow/example_dags/example_skip_dag.py
[2025-09-24T17:09:26.903+0000] {logging_mixin.py:188} INFO - [2025-09-24T17:09:26.902+0000] {dag.py:3096} INFO - Sync 1 DAGs
[2025-09-24T17:09:26.934+0000] {logging_mixin.py:188} INFO - [2025-09-24T17:09:26.934+0000] {dag.py:3954} INFO - Setting next_dagrun for example_skip_dag to 2025-09-23 00:00:00+00:00, run_after=2025-09-24 00:00:00+00:00
[2025-09-24T17:09:26.964+0000] {processor.py:183} INFO - Processing /home/airflow/.local/lib/python3.12/site-packages/airflow/example_dags/example_skip_dag.py took 0.114 seconds
[2025-09-24T17:09:57.831+0000] {processor.py:161} INFO - Started process (PID=3812) to work on /home/airflow/.local/lib/python3.12/site-packages/airflow/example_dags/example_skip_dag.py
[2025-09-24T17:09:57.832+0000] {processor.py:830} INFO - Processing file /home/airflow/.local/lib/python3.12/site-packages/airflow/example_dags/example_skip_dag.py for tasks to queue
[2025-09-24T17:09:57.835+0000] {logging_mixin.py:188} INFO - [2025-09-24T17:09:57.835+0000] {dagbag.py:540} INFO - Filling up the DagBag from /home/airflow/.local/lib/python3.12/site-packages/airflow/example_dags/example_skip_dag.py
[2025-09-24T17:09:57.846+0000] {processor.py:840} INFO - DAG(s) 'example_skip_dag' retrieved from /home/airflow/.local/lib/python3.12/site-packages/airflow/example_dags/example_skip_dag.py
[2025-09-24T17:09:57.877+0000] {logging_mixin.py:188} INFO - [2025-09-24T17:09:57.877+0000] {dag.py:3096} INFO - Sync 1 DAGs
[2025-09-24T17:09:57.917+0000] {logging_mixin.py:188} INFO - [2025-09-24T17:09:57.917+0000] {dag.py:3954} INFO - Setting next_dagrun for example_skip_dag to 2025-09-23 00:00:00+00:00, run_after=2025-09-24 00:00:00+00:00
[2025-09-24T17:09:57.950+0000] {processor.py:183} INFO - Processing /home/airflow/.local/lib/python3.12/site-packages/airflow/example_dags/example_skip_dag.py took 0.129 seconds
[2025-09-24T17:10:28.279+0000] {processor.py:161} INFO - Started process (PID=3870) to work on /home/airflow/.local/lib/python3.12/site-packages/airflow/example_dags/example_skip_dag.py
[2025-09-24T17:10:28.280+0000] {processor.py:830} INFO - Processing file /home/airflow/.local/lib/python3.12/site-packages/airflow/example_dags/example_skip_dag.py for tasks to queue
[2025-09-24T17:10:28.283+0000] {logging_mixin.py:188} INFO - [2025-09-24T17:10:28.283+0000] {dagbag.py:540} INFO - Filling up the DagBag from /home/airflow/.local/lib/python3.12/site-packages/airflow/example_dags/example_skip_dag.py
[2025-09-24T17:10:28.295+0000] {processor.py:840} INFO - DAG(s) 'example_skip_dag' retrieved from /home/airflow/.local/lib/python3.12/site-packages/airflow/example_dags/example_skip_dag.py
[2025-09-24T17:10:28.334+0000] {logging_mixin.py:188} INFO - [2025-09-24T17:10:28.334+0000] {dag.py:3096} INFO - Sync 1 DAGs
[2025-09-24T17:10:28.366+0000] {logging_mixin.py:188} INFO - [2025-09-24T17:10:28.366+0000] {dag.py:3954} INFO - Setting next_dagrun for example_skip_dag to 2025-09-23 00:00:00+00:00, run_after=2025-09-24 00:00:00+00:00
[2025-09-24T17:10:28.394+0000] {processor.py:183} INFO - Processing /home/airflow/.local/lib/python3.12/site-packages/airflow/example_dags/example_skip_dag.py took 0.125 seconds
[2025-09-24T17:10:59.105+0000] {processor.py:161} INFO - Started process (PID=3928) to work on /home/airflow/.local/lib/python3.12/site-packages/airflow/example_dags/example_skip_dag.py
[2025-09-24T17:10:59.107+0000] {processor.py:830} INFO - Processing file /home/airflow/.local/lib/python3.12/site-packages/airflow/example_dags/example_skip_dag.py for tasks to queue
[2025-09-24T17:10:59.113+0000] {logging_mixin.py:188} INFO - [2025-09-24T17:10:59.112+0000] {dagbag.py:540} INFO - Filling up the DagBag from /home/airflow/.local/lib/python3.12/site-packages/airflow/example_dags/example_skip_dag.py
[2025-09-24T17:10:59.132+0000] {processor.py:840} INFO - DAG(s) 'example_skip_dag' retrieved from /home/airflow/.local/lib/python3.12/site-packages/airflow/example_dags/example_skip_dag.py
[2025-09-24T17:10:59.192+0000] {logging_mixin.py:188} INFO - [2025-09-24T17:10:59.192+0000] {dag.py:3096} INFO - Sync 1 DAGs
[2025-09-24T17:10:59.268+0000] {logging_mixin.py:188} INFO - [2025-09-24T17:10:59.267+0000] {dag.py:3954} INFO - Setting next_dagrun for example_skip_dag to 2025-09-23 00:00:00+00:00, run_after=2025-09-24 00:00:00+00:00
[2025-09-24T17:10:59.330+0000] {processor.py:183} INFO - Processing /home/airflow/.local/lib/python3.12/site-packages/airflow/example_dags/example_skip_dag.py took 0.244 seconds
[2025-09-24T17:11:29.376+0000] {processor.py:161} INFO - Started process (PID=3986) to work on /home/airflow/.local/lib/python3.12/site-packages/airflow/example_dags/example_skip_dag.py
[2025-09-24T17:11:29.377+0000] {processor.py:830} INFO - Processing file /home/airflow/.local/lib/python3.12/site-packages/airflow/example_dags/example_skip_dag.py for tasks to queue
[2025-09-24T17:11:29.380+0000] {logging_mixin.py:188} INFO - [2025-09-24T17:11:29.379+0000] {dagbag.py:540} INFO - Filling up the DagBag from /home/airflow/.local/lib/python3.12/site-packages/airflow/example_dags/example_skip_dag.py
[2025-09-24T17:11:29.391+0000] {processor.py:840} INFO - DAG(s) 'example_skip_dag' retrieved from /home/airflow/.local/lib/python3.12/site-packages/airflow/example_dags/example_skip_dag.py
[2025-09-24T17:11:29.422+0000] {logging_mixin.py:188} INFO - [2025-09-24T17:11:29.422+0000] {dag.py:3096} INFO - Sync 1 DAGs
[2025-09-24T17:11:29.453+0000] {logging_mixin.py:188} INFO - [2025-09-24T17:11:29.453+0000] {dag.py:3954} INFO - Setting next_dagrun for example_skip_dag to 2025-09-23 00:00:00+00:00, run_after=2025-09-24 00:00:00+00:00
[2025-09-24T17:11:29.481+0000] {processor.py:183} INFO - Processing /home/airflow/.local/lib/python3.12/site-packages/airflow/example_dags/example_skip_dag.py took 0.114 seconds
[2025-09-24T17:11:59.652+0000] {processor.py:161} INFO - Started process (PID=4044) to work on /home/airflow/.local/lib/python3.12/site-packages/airflow/example_dags/example_skip_dag.py
[2025-09-24T17:11:59.653+0000] {processor.py:830} INFO - Processing file /home/airflow/.local/lib/python3.12/site-packages/airflow/example_dags/example_skip_dag.py for tasks to queue
[2025-09-24T17:11:59.656+0000] {logging_mixin.py:188} INFO - [2025-09-24T17:11:59.655+0000] {dagbag.py:540} INFO - Filling up the DagBag from /home/airflow/.local/lib/python3.12/site-packages/airflow/example_dags/example_skip_dag.py
[2025-09-24T17:11:59.666+0000] {processor.py:840} INFO - DAG(s) 'example_skip_dag' retrieved from /home/airflow/.local/lib/python3.12/site-packages/airflow/example_dags/example_skip_dag.py
[2025-09-24T17:11:59.697+0000] {logging_mixin.py:188} INFO - [2025-09-24T17:11:59.697+0000] {dag.py:3096} INFO - Sync 1 DAGs
[2025-09-24T17:11:59.730+0000] {logging_mixin.py:188} INFO - [2025-09-24T17:11:59.730+0000] {dag.py:3954} INFO - Setting next_dagrun for example_skip_dag to 2025-09-23 00:00:00+00:00, run_after=2025-09-24 00:00:00+00:00
[2025-09-24T17:11:59.758+0000] {processor.py:183} INFO - Processing /home/airflow/.local/lib/python3.12/site-packages/airflow/example_dags/example_skip_dag.py took 0.115 seconds
[2025-09-24T17:12:30.258+0000] {processor.py:161} INFO - Started process (PID=4102) to work on /home/airflow/.local/lib/python3.12/site-packages/airflow/example_dags/example_skip_dag.py
[2025-09-24T17:12:30.259+0000] {processor.py:830} INFO - Processing file /home/airflow/.local/lib/python3.12/site-packages/airflow/example_dags/example_skip_dag.py for tasks to queue
[2025-09-24T17:12:30.262+0000] {logging_mixin.py:188} INFO - [2025-09-24T17:12:30.261+0000] {dagbag.py:540} INFO - Filling up the DagBag from /home/airflow/.local/lib/python3.12/site-packages/airflow/example_dags/example_skip_dag.py
[2025-09-24T17:12:30.272+0000] {processor.py:840} INFO - DAG(s) 'example_skip_dag' retrieved from /home/airflow/.local/lib/python3.12/site-packages/airflow/example_dags/example_skip_dag.py
[2025-09-24T17:12:30.304+0000] {logging_mixin.py:188} INFO - [2025-09-24T17:12:30.304+0000] {dag.py:3096} INFO - Sync 1 DAGs
[2025-09-24T17:12:30.338+0000] {logging_mixin.py:188} INFO - [2025-09-24T17:12:30.338+0000] {dag.py:3954} INFO - Setting next_dagrun for example_skip_dag to 2025-09-23 00:00:00+00:00, run_after=2025-09-24 00:00:00+00:00
[2025-09-24T17:12:30.367+0000] {processor.py:183} INFO - Processing /home/airflow/.local/lib/python3.12/site-packages/airflow/example_dags/example_skip_dag.py took 0.118 seconds
[2025-09-24T17:13:00.746+0000] {processor.py:161} INFO - Started process (PID=4160) to work on /home/airflow/.local/lib/python3.12/site-packages/airflow/example_dags/example_skip_dag.py
[2025-09-24T17:13:00.747+0000] {processor.py:830} INFO - Processing file /home/airflow/.local/lib/python3.12/site-packages/airflow/example_dags/example_skip_dag.py for tasks to queue
[2025-09-24T17:13:00.749+0000] {logging_mixin.py:188} INFO - [2025-09-24T17:13:00.749+0000] {dagbag.py:540} INFO - Filling up the DagBag from /home/airflow/.local/lib/python3.12/site-packages/airflow/example_dags/example_skip_dag.py
[2025-09-24T17:13:00.759+0000] {processor.py:840} INFO - DAG(s) 'example_skip_dag' retrieved from /home/airflow/.local/lib/python3.12/site-packages/airflow/example_dags/example_skip_dag.py
[2025-09-24T17:13:00.790+0000] {logging_mixin.py:188} INFO - [2025-09-24T17:13:00.790+0000] {dag.py:3096} INFO - Sync 1 DAGs
[2025-09-24T17:13:00.821+0000] {logging_mixin.py:188} INFO - [2025-09-24T17:13:00.820+0000] {dag.py:3954} INFO - Setting next_dagrun for example_skip_dag to 2025-09-23 00:00:00+00:00, run_after=2025-09-24 00:00:00+00:00
[2025-09-24T17:13:00.847+0000] {processor.py:183} INFO - Processing /home/airflow/.local/lib/python3.12/site-packages/airflow/example_dags/example_skip_dag.py took 0.110 seconds
[2025-09-24T17:13:31.410+0000] {processor.py:161} INFO - Started process (PID=4218) to work on /home/airflow/.local/lib/python3.12/site-packages/airflow/example_dags/example_skip_dag.py
[2025-09-24T17:13:31.412+0000] {processor.py:830} INFO - Processing file /home/airflow/.local/lib/python3.12/site-packages/airflow/example_dags/example_skip_dag.py for tasks to queue
[2025-09-24T17:13:31.414+0000] {logging_mixin.py:188} INFO - [2025-09-24T17:13:31.414+0000] {dagbag.py:540} INFO - Filling up the DagBag from /home/airflow/.local/lib/python3.12/site-packages/airflow/example_dags/example_skip_dag.py
[2025-09-24T17:13:31.424+0000] {processor.py:840} INFO - DAG(s) 'example_skip_dag' retrieved from /home/airflow/.local/lib/python3.12/site-packages/airflow/example_dags/example_skip_dag.py
[2025-09-24T17:13:31.456+0000] {logging_mixin.py:188} INFO - [2025-09-24T17:13:31.455+0000] {dag.py:3096} INFO - Sync 1 DAGs
[2025-09-24T17:13:31.491+0000] {logging_mixin.py:188} INFO - [2025-09-24T17:13:31.491+0000] {dag.py:3954} INFO - Setting next_dagrun for example_skip_dag to 2025-09-23 00:00:00+00:00, run_after=2025-09-24 00:00:00+00:00
[2025-09-24T17:13:31.519+0000] {processor.py:183} INFO - Processing /home/airflow/.local/lib/python3.12/site-packages/airflow/example_dags/example_skip_dag.py took 0.118 seconds
[2025-09-24T17:14:01.844+0000] {processor.py:161} INFO - Started process (PID=4276) to work on /home/airflow/.local/lib/python3.12/site-packages/airflow/example_dags/example_skip_dag.py
[2025-09-24T17:14:01.846+0000] {processor.py:830} INFO - Processing file /home/airflow/.local/lib/python3.12/site-packages/airflow/example_dags/example_skip_dag.py for tasks to queue
[2025-09-24T17:14:01.848+0000] {logging_mixin.py:188} INFO - [2025-09-24T17:14:01.848+0000] {dagbag.py:540} INFO - Filling up the DagBag from /home/airflow/.local/lib/python3.12/site-packages/airflow/example_dags/example_skip_dag.py
[2025-09-24T17:14:01.860+0000] {processor.py:840} INFO - DAG(s) 'example_skip_dag' retrieved from /home/airflow/.local/lib/python3.12/site-packages/airflow/example_dags/example_skip_dag.py
[2025-09-24T17:14:01.892+0000] {logging_mixin.py:188} INFO - [2025-09-24T17:14:01.892+0000] {dag.py:3096} INFO - Sync 1 DAGs
[2025-09-24T17:14:01.926+0000] {logging_mixin.py:188} INFO - [2025-09-24T17:14:01.926+0000] {dag.py:3954} INFO - Setting next_dagrun for example_skip_dag to 2025-09-23 00:00:00+00:00, run_after=2025-09-24 00:00:00+00:00
[2025-09-24T17:14:01.957+0000] {processor.py:183} INFO - Processing /home/airflow/.local/lib/python3.12/site-packages/airflow/example_dags/example_skip_dag.py took 0.123 seconds
