[2025-09-24T16:37:19.077+0000] {processor.py:161} INFO - Started process (PID=105) to work on /home/airflow/.local/lib/python3.12/site-packages/airflow/example_dags/example_task_group.py
[2025-09-24T16:37:19.078+0000] {processor.py:830} INFO - Processing file /home/airflow/.local/lib/python3.12/site-packages/airflow/example_dags/example_task_group.py for tasks to queue
[2025-09-24T16:37:19.081+0000] {logging_mixin.py:188} INFO - [2025-09-24T16:37:19.080+0000] {dagbag.py:540} INFO - Filling up the DagBag from /home/airflow/.local/lib/python3.12/site-packages/airflow/example_dags/example_task_group.py
[2025-09-24T16:37:19.091+0000] {processor.py:840} INFO - DAG(s) 'example_task_group' retrieved from /home/airflow/.local/lib/python3.12/site-packages/airflow/example_dags/example_task_group.py
[2025-09-24T16:37:19.223+0000] {logging_mixin.py:188} INFO - [2025-09-24T16:37:19.223+0000] {dag.py:3096} INFO - Sync 1 DAGs
[2025-09-24T16:37:19.249+0000] {logging_mixin.py:188} INFO - [2025-09-24T16:37:19.249+0000] {dag.py:3954} INFO - Setting next_dagrun for example_task_group to 2025-09-23 00:00:00+00:00, run_after=2025-09-24 00:00:00+00:00
[2025-09-24T16:37:19.275+0000] {processor.py:183} INFO - Processing /home/airflow/.local/lib/python3.12/site-packages/airflow/example_dags/example_task_group.py took 0.207 seconds
[2025-09-24T16:37:49.440+0000] {processor.py:161} INFO - Started process (PID=163) to work on /home/airflow/.local/lib/python3.12/site-packages/airflow/example_dags/example_task_group.py
[2025-09-24T16:37:49.441+0000] {processor.py:830} INFO - Processing file /home/airflow/.local/lib/python3.12/site-packages/airflow/example_dags/example_task_group.py for tasks to queue
[2025-09-24T16:37:49.444+0000] {logging_mixin.py:188} INFO - [2025-09-24T16:37:49.443+0000] {dagbag.py:540} INFO - Filling up the DagBag from /home/airflow/.local/lib/python3.12/site-packages/airflow/example_dags/example_task_group.py
[2025-09-24T16:37:49.453+0000] {processor.py:840} INFO - DAG(s) 'example_task_group' retrieved from /home/airflow/.local/lib/python3.12/site-packages/airflow/example_dags/example_task_group.py
[2025-09-24T16:37:49.481+0000] {logging_mixin.py:188} INFO - [2025-09-24T16:37:49.480+0000] {dag.py:3096} INFO - Sync 1 DAGs
[2025-09-24T16:37:49.506+0000] {logging_mixin.py:188} INFO - [2025-09-24T16:37:49.506+0000] {dag.py:3954} INFO - Setting next_dagrun for example_task_group to 2025-09-23 00:00:00+00:00, run_after=2025-09-24 00:00:00+00:00
[2025-09-24T16:37:49.528+0000] {processor.py:183} INFO - Processing /home/airflow/.local/lib/python3.12/site-packages/airflow/example_dags/example_task_group.py took 0.095 seconds
[2025-09-24T16:38:19.745+0000] {processor.py:161} INFO - Started process (PID=221) to work on /home/airflow/.local/lib/python3.12/site-packages/airflow/example_dags/example_task_group.py
[2025-09-24T16:38:19.746+0000] {processor.py:830} INFO - Processing file /home/airflow/.local/lib/python3.12/site-packages/airflow/example_dags/example_task_group.py for tasks to queue
[2025-09-24T16:38:19.748+0000] {logging_mixin.py:188} INFO - [2025-09-24T16:38:19.748+0000] {dagbag.py:540} INFO - Filling up the DagBag from /home/airflow/.local/lib/python3.12/site-packages/airflow/example_dags/example_task_group.py
[2025-09-24T16:38:19.757+0000] {processor.py:840} INFO - DAG(s) 'example_task_group' retrieved from /home/airflow/.local/lib/python3.12/site-packages/airflow/example_dags/example_task_group.py
[2025-09-24T16:38:19.786+0000] {logging_mixin.py:188} INFO - [2025-09-24T16:38:19.786+0000] {dag.py:3096} INFO - Sync 1 DAGs
[2025-09-24T16:38:19.815+0000] {logging_mixin.py:188} INFO - [2025-09-24T16:38:19.815+0000] {dag.py:3954} INFO - Setting next_dagrun for example_task_group to 2025-09-23 00:00:00+00:00, run_after=2025-09-24 00:00:00+00:00
[2025-09-24T16:38:19.838+0000] {processor.py:183} INFO - Processing /home/airflow/.local/lib/python3.12/site-packages/airflow/example_dags/example_task_group.py took 0.101 seconds
[2025-09-24T16:38:50.082+0000] {processor.py:161} INFO - Started process (PID=279) to work on /home/airflow/.local/lib/python3.12/site-packages/airflow/example_dags/example_task_group.py
[2025-09-24T16:38:50.083+0000] {processor.py:830} INFO - Processing file /home/airflow/.local/lib/python3.12/site-packages/airflow/example_dags/example_task_group.py for tasks to queue
[2025-09-24T16:38:50.086+0000] {logging_mixin.py:188} INFO - [2025-09-24T16:38:50.086+0000] {dagbag.py:540} INFO - Filling up the DagBag from /home/airflow/.local/lib/python3.12/site-packages/airflow/example_dags/example_task_group.py
[2025-09-24T16:38:50.096+0000] {processor.py:840} INFO - DAG(s) 'example_task_group' retrieved from /home/airflow/.local/lib/python3.12/site-packages/airflow/example_dags/example_task_group.py
[2025-09-24T16:38:50.129+0000] {logging_mixin.py:188} INFO - [2025-09-24T16:38:50.129+0000] {dag.py:3096} INFO - Sync 1 DAGs
[2025-09-24T16:38:50.159+0000] {logging_mixin.py:188} INFO - [2025-09-24T16:38:50.159+0000] {dag.py:3954} INFO - Setting next_dagrun for example_task_group to 2025-09-23 00:00:00+00:00, run_after=2025-09-24 00:00:00+00:00
[2025-09-24T16:38:50.186+0000] {processor.py:183} INFO - Processing /home/airflow/.local/lib/python3.12/site-packages/airflow/example_dags/example_task_group.py took 0.112 seconds
[2025-09-24T16:39:20.503+0000] {processor.py:161} INFO - Started process (PID=337) to work on /home/airflow/.local/lib/python3.12/site-packages/airflow/example_dags/example_task_group.py
[2025-09-24T16:39:20.504+0000] {processor.py:830} INFO - Processing file /home/airflow/.local/lib/python3.12/site-packages/airflow/example_dags/example_task_group.py for tasks to queue
[2025-09-24T16:39:20.506+0000] {logging_mixin.py:188} INFO - [2025-09-24T16:39:20.506+0000] {dagbag.py:540} INFO - Filling up the DagBag from /home/airflow/.local/lib/python3.12/site-packages/airflow/example_dags/example_task_group.py
[2025-09-24T16:39:20.515+0000] {processor.py:840} INFO - DAG(s) 'example_task_group' retrieved from /home/airflow/.local/lib/python3.12/site-packages/airflow/example_dags/example_task_group.py
[2025-09-24T16:39:20.542+0000] {logging_mixin.py:188} INFO - [2025-09-24T16:39:20.542+0000] {dag.py:3096} INFO - Sync 1 DAGs
[2025-09-24T16:39:20.569+0000] {logging_mixin.py:188} INFO - [2025-09-24T16:39:20.568+0000] {dag.py:3954} INFO - Setting next_dagrun for example_task_group to 2025-09-23 00:00:00+00:00, run_after=2025-09-24 00:00:00+00:00
[2025-09-24T16:39:20.590+0000] {processor.py:183} INFO - Processing /home/airflow/.local/lib/python3.12/site-packages/airflow/example_dags/example_task_group.py took 0.095 seconds
[2025-09-24T16:39:51.171+0000] {processor.py:161} INFO - Started process (PID=395) to work on /home/airflow/.local/lib/python3.12/site-packages/airflow/example_dags/example_task_group.py
[2025-09-24T16:39:51.172+0000] {processor.py:830} INFO - Processing file /home/airflow/.local/lib/python3.12/site-packages/airflow/example_dags/example_task_group.py for tasks to queue
[2025-09-24T16:39:51.175+0000] {logging_mixin.py:188} INFO - [2025-09-24T16:39:51.174+0000] {dagbag.py:540} INFO - Filling up the DagBag from /home/airflow/.local/lib/python3.12/site-packages/airflow/example_dags/example_task_group.py
[2025-09-24T16:39:51.185+0000] {processor.py:840} INFO - DAG(s) 'example_task_group' retrieved from /home/airflow/.local/lib/python3.12/site-packages/airflow/example_dags/example_task_group.py
[2025-09-24T16:39:51.213+0000] {logging_mixin.py:188} INFO - [2025-09-24T16:39:51.213+0000] {dag.py:3096} INFO - Sync 1 DAGs
[2025-09-24T16:39:51.239+0000] {logging_mixin.py:188} INFO - [2025-09-24T16:39:51.239+0000] {dag.py:3954} INFO - Setting next_dagrun for example_task_group to 2025-09-23 00:00:00+00:00, run_after=2025-09-24 00:00:00+00:00
[2025-09-24T16:39:51.264+0000] {processor.py:183} INFO - Processing /home/airflow/.local/lib/python3.12/site-packages/airflow/example_dags/example_task_group.py took 0.100 seconds
[2025-09-24T16:40:21.613+0000] {processor.py:161} INFO - Started process (PID=453) to work on /home/airflow/.local/lib/python3.12/site-packages/airflow/example_dags/example_task_group.py
[2025-09-24T16:40:21.614+0000] {processor.py:830} INFO - Processing file /home/airflow/.local/lib/python3.12/site-packages/airflow/example_dags/example_task_group.py for tasks to queue
[2025-09-24T16:40:21.617+0000] {logging_mixin.py:188} INFO - [2025-09-24T16:40:21.616+0000] {dagbag.py:540} INFO - Filling up the DagBag from /home/airflow/.local/lib/python3.12/site-packages/airflow/example_dags/example_task_group.py
[2025-09-24T16:40:21.626+0000] {processor.py:840} INFO - DAG(s) 'example_task_group' retrieved from /home/airflow/.local/lib/python3.12/site-packages/airflow/example_dags/example_task_group.py
[2025-09-24T16:40:21.655+0000] {logging_mixin.py:188} INFO - [2025-09-24T16:40:21.654+0000] {dag.py:3096} INFO - Sync 1 DAGs
[2025-09-24T16:40:21.682+0000] {logging_mixin.py:188} INFO - [2025-09-24T16:40:21.682+0000] {dag.py:3954} INFO - Setting next_dagrun for example_task_group to 2025-09-23 00:00:00+00:00, run_after=2025-09-24 00:00:00+00:00
[2025-09-24T16:40:21.706+0000] {processor.py:183} INFO - Processing /home/airflow/.local/lib/python3.12/site-packages/airflow/example_dags/example_task_group.py took 0.101 seconds
[2025-09-24T16:40:51.970+0000] {processor.py:161} INFO - Started process (PID=511) to work on /home/airflow/.local/lib/python3.12/site-packages/airflow/example_dags/example_task_group.py
[2025-09-24T16:40:51.972+0000] {processor.py:830} INFO - Processing file /home/airflow/.local/lib/python3.12/site-packages/airflow/example_dags/example_task_group.py for tasks to queue
[2025-09-24T16:40:51.974+0000] {logging_mixin.py:188} INFO - [2025-09-24T16:40:51.973+0000] {dagbag.py:540} INFO - Filling up the DagBag from /home/airflow/.local/lib/python3.12/site-packages/airflow/example_dags/example_task_group.py
[2025-09-24T16:40:51.983+0000] {processor.py:840} INFO - DAG(s) 'example_task_group' retrieved from /home/airflow/.local/lib/python3.12/site-packages/airflow/example_dags/example_task_group.py
[2025-09-24T16:40:52.011+0000] {logging_mixin.py:188} INFO - [2025-09-24T16:40:52.011+0000] {dag.py:3096} INFO - Sync 1 DAGs
[2025-09-24T16:40:52.038+0000] {logging_mixin.py:188} INFO - [2025-09-24T16:40:52.038+0000] {dag.py:3954} INFO - Setting next_dagrun for example_task_group to 2025-09-23 00:00:00+00:00, run_after=2025-09-24 00:00:00+00:00
[2025-09-24T16:40:52.060+0000] {processor.py:183} INFO - Processing /home/airflow/.local/lib/python3.12/site-packages/airflow/example_dags/example_task_group.py took 0.097 seconds
[2025-09-24T16:41:22.320+0000] {processor.py:161} INFO - Started process (PID=569) to work on /home/airflow/.local/lib/python3.12/site-packages/airflow/example_dags/example_task_group.py
[2025-09-24T16:41:22.321+0000] {processor.py:830} INFO - Processing file /home/airflow/.local/lib/python3.12/site-packages/airflow/example_dags/example_task_group.py for tasks to queue
[2025-09-24T16:41:22.324+0000] {logging_mixin.py:188} INFO - [2025-09-24T16:41:22.323+0000] {dagbag.py:540} INFO - Filling up the DagBag from /home/airflow/.local/lib/python3.12/site-packages/airflow/example_dags/example_task_group.py
[2025-09-24T16:41:22.333+0000] {processor.py:840} INFO - DAG(s) 'example_task_group' retrieved from /home/airflow/.local/lib/python3.12/site-packages/airflow/example_dags/example_task_group.py
[2025-09-24T16:41:22.360+0000] {logging_mixin.py:188} INFO - [2025-09-24T16:41:22.360+0000] {dag.py:3096} INFO - Sync 1 DAGs
[2025-09-24T16:41:22.389+0000] {logging_mixin.py:188} INFO - [2025-09-24T16:41:22.388+0000] {dag.py:3954} INFO - Setting next_dagrun for example_task_group to 2025-09-23 00:00:00+00:00, run_after=2025-09-24 00:00:00+00:00
[2025-09-24T16:41:22.410+0000] {processor.py:183} INFO - Processing /home/airflow/.local/lib/python3.12/site-packages/airflow/example_dags/example_task_group.py took 0.097 seconds
[2025-09-24T16:41:52.816+0000] {processor.py:161} INFO - Started process (PID=627) to work on /home/airflow/.local/lib/python3.12/site-packages/airflow/example_dags/example_task_group.py
[2025-09-24T16:41:52.817+0000] {processor.py:830} INFO - Processing file /home/airflow/.local/lib/python3.12/site-packages/airflow/example_dags/example_task_group.py for tasks to queue
[2025-09-24T16:41:52.820+0000] {logging_mixin.py:188} INFO - [2025-09-24T16:41:52.819+0000] {dagbag.py:540} INFO - Filling up the DagBag from /home/airflow/.local/lib/python3.12/site-packages/airflow/example_dags/example_task_group.py
[2025-09-24T16:41:52.829+0000] {processor.py:840} INFO - DAG(s) 'example_task_group' retrieved from /home/airflow/.local/lib/python3.12/site-packages/airflow/example_dags/example_task_group.py
[2025-09-24T16:41:52.858+0000] {logging_mixin.py:188} INFO - [2025-09-24T16:41:52.858+0000] {dag.py:3096} INFO - Sync 1 DAGs
[2025-09-24T16:41:52.886+0000] {logging_mixin.py:188} INFO - [2025-09-24T16:41:52.886+0000] {dag.py:3954} INFO - Setting next_dagrun for example_task_group to 2025-09-23 00:00:00+00:00, run_after=2025-09-24 00:00:00+00:00
[2025-09-24T16:41:52.909+0000] {processor.py:183} INFO - Processing /home/airflow/.local/lib/python3.12/site-packages/airflow/example_dags/example_task_group.py took 0.100 seconds
[2025-09-24T16:42:23.195+0000] {processor.py:161} INFO - Started process (PID=685) to work on /home/airflow/.local/lib/python3.12/site-packages/airflow/example_dags/example_task_group.py
[2025-09-24T16:42:23.196+0000] {processor.py:830} INFO - Processing file /home/airflow/.local/lib/python3.12/site-packages/airflow/example_dags/example_task_group.py for tasks to queue
[2025-09-24T16:42:23.199+0000] {logging_mixin.py:188} INFO - [2025-09-24T16:42:23.198+0000] {dagbag.py:540} INFO - Filling up the DagBag from /home/airflow/.local/lib/python3.12/site-packages/airflow/example_dags/example_task_group.py
[2025-09-24T16:42:23.208+0000] {processor.py:840} INFO - DAG(s) 'example_task_group' retrieved from /home/airflow/.local/lib/python3.12/site-packages/airflow/example_dags/example_task_group.py
[2025-09-24T16:42:23.236+0000] {logging_mixin.py:188} INFO - [2025-09-24T16:42:23.235+0000] {dag.py:3096} INFO - Sync 1 DAGs
[2025-09-24T16:42:23.262+0000] {logging_mixin.py:188} INFO - [2025-09-24T16:42:23.261+0000] {dag.py:3954} INFO - Setting next_dagrun for example_task_group to 2025-09-23 00:00:00+00:00, run_after=2025-09-24 00:00:00+00:00
[2025-09-24T16:42:23.287+0000] {processor.py:183} INFO - Processing /home/airflow/.local/lib/python3.12/site-packages/airflow/example_dags/example_task_group.py took 0.100 seconds
[2025-09-24T16:42:53.573+0000] {processor.py:161} INFO - Started process (PID=743) to work on /home/airflow/.local/lib/python3.12/site-packages/airflow/example_dags/example_task_group.py
[2025-09-24T16:42:53.574+0000] {processor.py:830} INFO - Processing file /home/airflow/.local/lib/python3.12/site-packages/airflow/example_dags/example_task_group.py for tasks to queue
[2025-09-24T16:42:53.576+0000] {logging_mixin.py:188} INFO - [2025-09-24T16:42:53.576+0000] {dagbag.py:540} INFO - Filling up the DagBag from /home/airflow/.local/lib/python3.12/site-packages/airflow/example_dags/example_task_group.py
[2025-09-24T16:42:53.586+0000] {processor.py:840} INFO - DAG(s) 'example_task_group' retrieved from /home/airflow/.local/lib/python3.12/site-packages/airflow/example_dags/example_task_group.py
[2025-09-24T16:42:53.614+0000] {logging_mixin.py:188} INFO - [2025-09-24T16:42:53.613+0000] {dag.py:3096} INFO - Sync 1 DAGs
[2025-09-24T16:42:53.643+0000] {logging_mixin.py:188} INFO - [2025-09-24T16:42:53.643+0000] {dag.py:3954} INFO - Setting next_dagrun for example_task_group to 2025-09-23 00:00:00+00:00, run_after=2025-09-24 00:00:00+00:00
[2025-09-24T16:42:53.666+0000] {processor.py:183} INFO - Processing /home/airflow/.local/lib/python3.12/site-packages/airflow/example_dags/example_task_group.py took 0.100 seconds
[2025-09-24T16:43:23.920+0000] {processor.py:161} INFO - Started process (PID=801) to work on /home/airflow/.local/lib/python3.12/site-packages/airflow/example_dags/example_task_group.py
[2025-09-24T16:43:23.921+0000] {processor.py:830} INFO - Processing file /home/airflow/.local/lib/python3.12/site-packages/airflow/example_dags/example_task_group.py for tasks to queue
[2025-09-24T16:43:23.923+0000] {logging_mixin.py:188} INFO - [2025-09-24T16:43:23.923+0000] {dagbag.py:540} INFO - Filling up the DagBag from /home/airflow/.local/lib/python3.12/site-packages/airflow/example_dags/example_task_group.py
[2025-09-24T16:43:23.933+0000] {processor.py:840} INFO - DAG(s) 'example_task_group' retrieved from /home/airflow/.local/lib/python3.12/site-packages/airflow/example_dags/example_task_group.py
[2025-09-24T16:43:23.961+0000] {logging_mixin.py:188} INFO - [2025-09-24T16:43:23.961+0000] {dag.py:3096} INFO - Sync 1 DAGs
[2025-09-24T16:43:23.988+0000] {logging_mixin.py:188} INFO - [2025-09-24T16:43:23.988+0000] {dag.py:3954} INFO - Setting next_dagrun for example_task_group to 2025-09-23 00:00:00+00:00, run_after=2025-09-24 00:00:00+00:00
[2025-09-24T16:43:24.011+0000] {processor.py:183} INFO - Processing /home/airflow/.local/lib/python3.12/site-packages/airflow/example_dags/example_task_group.py took 0.098 seconds
[2025-09-24T16:43:54.323+0000] {processor.py:161} INFO - Started process (PID=859) to work on /home/airflow/.local/lib/python3.12/site-packages/airflow/example_dags/example_task_group.py
[2025-09-24T16:43:54.324+0000] {processor.py:830} INFO - Processing file /home/airflow/.local/lib/python3.12/site-packages/airflow/example_dags/example_task_group.py for tasks to queue
[2025-09-24T16:43:54.327+0000] {logging_mixin.py:188} INFO - [2025-09-24T16:43:54.326+0000] {dagbag.py:540} INFO - Filling up the DagBag from /home/airflow/.local/lib/python3.12/site-packages/airflow/example_dags/example_task_group.py
[2025-09-24T16:43:54.336+0000] {processor.py:840} INFO - DAG(s) 'example_task_group' retrieved from /home/airflow/.local/lib/python3.12/site-packages/airflow/example_dags/example_task_group.py
[2025-09-24T16:43:54.364+0000] {logging_mixin.py:188} INFO - [2025-09-24T16:43:54.364+0000] {dag.py:3096} INFO - Sync 1 DAGs
[2025-09-24T16:43:54.390+0000] {logging_mixin.py:188} INFO - [2025-09-24T16:43:54.390+0000] {dag.py:3954} INFO - Setting next_dagrun for example_task_group to 2025-09-23 00:00:00+00:00, run_after=2025-09-24 00:00:00+00:00
[2025-09-24T16:43:54.412+0000] {processor.py:183} INFO - Processing /home/airflow/.local/lib/python3.12/site-packages/airflow/example_dags/example_task_group.py took 0.097 seconds
[2025-09-24T16:44:24.795+0000] {processor.py:161} INFO - Started process (PID=917) to work on /home/airflow/.local/lib/python3.12/site-packages/airflow/example_dags/example_task_group.py
[2025-09-24T16:44:24.797+0000] {processor.py:830} INFO - Processing file /home/airflow/.local/lib/python3.12/site-packages/airflow/example_dags/example_task_group.py for tasks to queue
[2025-09-24T16:44:24.799+0000] {logging_mixin.py:188} INFO - [2025-09-24T16:44:24.799+0000] {dagbag.py:540} INFO - Filling up the DagBag from /home/airflow/.local/lib/python3.12/site-packages/airflow/example_dags/example_task_group.py
[2025-09-24T16:44:24.808+0000] {processor.py:840} INFO - DAG(s) 'example_task_group' retrieved from /home/airflow/.local/lib/python3.12/site-packages/airflow/example_dags/example_task_group.py
[2025-09-24T16:44:24.836+0000] {logging_mixin.py:188} INFO - [2025-09-24T16:44:24.835+0000] {dag.py:3096} INFO - Sync 1 DAGs
[2025-09-24T16:44:24.864+0000] {logging_mixin.py:188} INFO - [2025-09-24T16:44:24.864+0000] {dag.py:3954} INFO - Setting next_dagrun for example_task_group to 2025-09-23 00:00:00+00:00, run_after=2025-09-24 00:00:00+00:00
[2025-09-24T16:44:24.887+0000] {processor.py:183} INFO - Processing /home/airflow/.local/lib/python3.12/site-packages/airflow/example_dags/example_task_group.py took 0.099 seconds
[2025-09-24T16:44:55.449+0000] {processor.py:161} INFO - Started process (PID=975) to work on /home/airflow/.local/lib/python3.12/site-packages/airflow/example_dags/example_task_group.py
[2025-09-24T16:44:55.450+0000] {processor.py:830} INFO - Processing file /home/airflow/.local/lib/python3.12/site-packages/airflow/example_dags/example_task_group.py for tasks to queue
[2025-09-24T16:44:55.453+0000] {logging_mixin.py:188} INFO - [2025-09-24T16:44:55.453+0000] {dagbag.py:540} INFO - Filling up the DagBag from /home/airflow/.local/lib/python3.12/site-packages/airflow/example_dags/example_task_group.py
[2025-09-24T16:44:55.463+0000] {processor.py:840} INFO - DAG(s) 'example_task_group' retrieved from /home/airflow/.local/lib/python3.12/site-packages/airflow/example_dags/example_task_group.py
[2025-09-24T16:44:55.493+0000] {logging_mixin.py:188} INFO - [2025-09-24T16:44:55.493+0000] {dag.py:3096} INFO - Sync 1 DAGs
[2025-09-24T16:44:55.523+0000] {logging_mixin.py:188} INFO - [2025-09-24T16:44:55.523+0000] {dag.py:3954} INFO - Setting next_dagrun for example_task_group to 2025-09-23 00:00:00+00:00, run_after=2025-09-24 00:00:00+00:00
[2025-09-24T16:44:55.548+0000] {processor.py:183} INFO - Processing /home/airflow/.local/lib/python3.12/site-packages/airflow/example_dags/example_task_group.py took 0.107 seconds
[2025-09-24T16:45:25.769+0000] {processor.py:161} INFO - Started process (PID=1033) to work on /home/airflow/.local/lib/python3.12/site-packages/airflow/example_dags/example_task_group.py
[2025-09-24T16:45:25.771+0000] {processor.py:830} INFO - Processing file /home/airflow/.local/lib/python3.12/site-packages/airflow/example_dags/example_task_group.py for tasks to queue
[2025-09-24T16:45:25.773+0000] {logging_mixin.py:188} INFO - [2025-09-24T16:45:25.773+0000] {dagbag.py:540} INFO - Filling up the DagBag from /home/airflow/.local/lib/python3.12/site-packages/airflow/example_dags/example_task_group.py
[2025-09-24T16:45:25.784+0000] {processor.py:840} INFO - DAG(s) 'example_task_group' retrieved from /home/airflow/.local/lib/python3.12/site-packages/airflow/example_dags/example_task_group.py
[2025-09-24T16:45:25.815+0000] {logging_mixin.py:188} INFO - [2025-09-24T16:45:25.815+0000] {dag.py:3096} INFO - Sync 1 DAGs
[2025-09-24T16:45:25.846+0000] {logging_mixin.py:188} INFO - [2025-09-24T16:45:25.845+0000] {dag.py:3954} INFO - Setting next_dagrun for example_task_group to 2025-09-23 00:00:00+00:00, run_after=2025-09-24 00:00:00+00:00
[2025-09-24T16:45:25.871+0000] {processor.py:183} INFO - Processing /home/airflow/.local/lib/python3.12/site-packages/airflow/example_dags/example_task_group.py took 0.110 seconds
[2025-09-24T16:45:56.283+0000] {processor.py:161} INFO - Started process (PID=1091) to work on /home/airflow/.local/lib/python3.12/site-packages/airflow/example_dags/example_task_group.py
[2025-09-24T16:45:56.284+0000] {processor.py:830} INFO - Processing file /home/airflow/.local/lib/python3.12/site-packages/airflow/example_dags/example_task_group.py for tasks to queue
[2025-09-24T16:45:56.288+0000] {logging_mixin.py:188} INFO - [2025-09-24T16:45:56.287+0000] {dagbag.py:540} INFO - Filling up the DagBag from /home/airflow/.local/lib/python3.12/site-packages/airflow/example_dags/example_task_group.py
[2025-09-24T16:45:56.298+0000] {processor.py:840} INFO - DAG(s) 'example_task_group' retrieved from /home/airflow/.local/lib/python3.12/site-packages/airflow/example_dags/example_task_group.py
[2025-09-24T16:45:56.328+0000] {logging_mixin.py:188} INFO - [2025-09-24T16:45:56.328+0000] {dag.py:3096} INFO - Sync 1 DAGs
[2025-09-24T16:45:56.357+0000] {logging_mixin.py:188} INFO - [2025-09-24T16:45:56.357+0000] {dag.py:3954} INFO - Setting next_dagrun for example_task_group to 2025-09-23 00:00:00+00:00, run_after=2025-09-24 00:00:00+00:00
[2025-09-24T16:45:56.381+0000] {processor.py:183} INFO - Processing /home/airflow/.local/lib/python3.12/site-packages/airflow/example_dags/example_task_group.py took 0.107 seconds
[2025-09-24T16:46:26.865+0000] {processor.py:161} INFO - Started process (PID=1149) to work on /home/airflow/.local/lib/python3.12/site-packages/airflow/example_dags/example_task_group.py
[2025-09-24T16:46:26.867+0000] {processor.py:830} INFO - Processing file /home/airflow/.local/lib/python3.12/site-packages/airflow/example_dags/example_task_group.py for tasks to queue
[2025-09-24T16:46:26.871+0000] {logging_mixin.py:188} INFO - [2025-09-24T16:46:26.870+0000] {dagbag.py:540} INFO - Filling up the DagBag from /home/airflow/.local/lib/python3.12/site-packages/airflow/example_dags/example_task_group.py
[2025-09-24T16:46:26.887+0000] {processor.py:840} INFO - DAG(s) 'example_task_group' retrieved from /home/airflow/.local/lib/python3.12/site-packages/airflow/example_dags/example_task_group.py
[2025-09-24T16:46:26.928+0000] {logging_mixin.py:188} INFO - [2025-09-24T16:46:26.928+0000] {dag.py:3096} INFO - Sync 1 DAGs
[2025-09-24T16:46:26.967+0000] {logging_mixin.py:188} INFO - [2025-09-24T16:46:26.967+0000] {dag.py:3954} INFO - Setting next_dagrun for example_task_group to 2025-09-23 00:00:00+00:00, run_after=2025-09-24 00:00:00+00:00
[2025-09-24T16:46:27.172+0000] {processor.py:183} INFO - Processing /home/airflow/.local/lib/python3.12/site-packages/airflow/example_dags/example_task_group.py took 0.318 seconds
[2025-09-24T16:46:57.928+0000] {processor.py:161} INFO - Started process (PID=1207) to work on /home/airflow/.local/lib/python3.12/site-packages/airflow/example_dags/example_task_group.py
[2025-09-24T16:46:57.929+0000] {processor.py:830} INFO - Processing file /home/airflow/.local/lib/python3.12/site-packages/airflow/example_dags/example_task_group.py for tasks to queue
[2025-09-24T16:46:57.931+0000] {logging_mixin.py:188} INFO - [2025-09-24T16:46:57.931+0000] {dagbag.py:540} INFO - Filling up the DagBag from /home/airflow/.local/lib/python3.12/site-packages/airflow/example_dags/example_task_group.py
[2025-09-24T16:46:57.940+0000] {processor.py:840} INFO - DAG(s) 'example_task_group' retrieved from /home/airflow/.local/lib/python3.12/site-packages/airflow/example_dags/example_task_group.py
[2025-09-24T16:46:57.969+0000] {logging_mixin.py:188} INFO - [2025-09-24T16:46:57.969+0000] {dag.py:3096} INFO - Sync 1 DAGs
[2025-09-24T16:46:58.000+0000] {logging_mixin.py:188} INFO - [2025-09-24T16:46:58.000+0000] {dag.py:3954} INFO - Setting next_dagrun for example_task_group to 2025-09-23 00:00:00+00:00, run_after=2025-09-24 00:00:00+00:00
[2025-09-24T16:46:58.024+0000] {processor.py:183} INFO - Processing /home/airflow/.local/lib/python3.12/site-packages/airflow/example_dags/example_task_group.py took 0.105 seconds
[2025-09-24T16:47:28.487+0000] {processor.py:161} INFO - Started process (PID=1265) to work on /home/airflow/.local/lib/python3.12/site-packages/airflow/example_dags/example_task_group.py
[2025-09-24T16:47:28.489+0000] {processor.py:830} INFO - Processing file /home/airflow/.local/lib/python3.12/site-packages/airflow/example_dags/example_task_group.py for tasks to queue
[2025-09-24T16:47:28.491+0000] {logging_mixin.py:188} INFO - [2025-09-24T16:47:28.491+0000] {dagbag.py:540} INFO - Filling up the DagBag from /home/airflow/.local/lib/python3.12/site-packages/airflow/example_dags/example_task_group.py
[2025-09-24T16:47:28.502+0000] {processor.py:840} INFO - DAG(s) 'example_task_group' retrieved from /home/airflow/.local/lib/python3.12/site-packages/airflow/example_dags/example_task_group.py
[2025-09-24T16:47:28.533+0000] {logging_mixin.py:188} INFO - [2025-09-24T16:47:28.532+0000] {dag.py:3096} INFO - Sync 1 DAGs
[2025-09-24T16:47:28.563+0000] {logging_mixin.py:188} INFO - [2025-09-24T16:47:28.563+0000] {dag.py:3954} INFO - Setting next_dagrun for example_task_group to 2025-09-23 00:00:00+00:00, run_after=2025-09-24 00:00:00+00:00
[2025-09-24T16:47:28.586+0000] {processor.py:183} INFO - Processing /home/airflow/.local/lib/python3.12/site-packages/airflow/example_dags/example_task_group.py took 0.108 seconds
[2025-09-24T16:47:59.738+0000] {processor.py:161} INFO - Started process (PID=1323) to work on /home/airflow/.local/lib/python3.12/site-packages/airflow/example_dags/example_task_group.py
[2025-09-24T16:47:59.739+0000] {processor.py:830} INFO - Processing file /home/airflow/.local/lib/python3.12/site-packages/airflow/example_dags/example_task_group.py for tasks to queue
[2025-09-24T16:47:59.741+0000] {logging_mixin.py:188} INFO - [2025-09-24T16:47:59.741+0000] {dagbag.py:540} INFO - Filling up the DagBag from /home/airflow/.local/lib/python3.12/site-packages/airflow/example_dags/example_task_group.py
[2025-09-24T16:47:59.750+0000] {processor.py:840} INFO - DAG(s) 'example_task_group' retrieved from /home/airflow/.local/lib/python3.12/site-packages/airflow/example_dags/example_task_group.py
[2025-09-24T16:47:59.930+0000] {logging_mixin.py:188} INFO - [2025-09-24T16:47:59.930+0000] {dag.py:3096} INFO - Sync 1 DAGs
[2025-09-24T16:47:59.957+0000] {logging_mixin.py:188} INFO - [2025-09-24T16:47:59.957+0000] {dag.py:3954} INFO - Setting next_dagrun for example_task_group to 2025-09-23 00:00:00+00:00, run_after=2025-09-24 00:00:00+00:00
[2025-09-24T16:47:59.980+0000] {processor.py:183} INFO - Processing /home/airflow/.local/lib/python3.12/site-packages/airflow/example_dags/example_task_group.py took 0.251 seconds
[2025-09-24T16:48:30.058+0000] {processor.py:161} INFO - Started process (PID=1381) to work on /home/airflow/.local/lib/python3.12/site-packages/airflow/example_dags/example_task_group.py
[2025-09-24T16:48:30.059+0000] {processor.py:830} INFO - Processing file /home/airflow/.local/lib/python3.12/site-packages/airflow/example_dags/example_task_group.py for tasks to queue
[2025-09-24T16:48:30.062+0000] {logging_mixin.py:188} INFO - [2025-09-24T16:48:30.061+0000] {dagbag.py:540} INFO - Filling up the DagBag from /home/airflow/.local/lib/python3.12/site-packages/airflow/example_dags/example_task_group.py
[2025-09-24T16:48:30.072+0000] {processor.py:840} INFO - DAG(s) 'example_task_group' retrieved from /home/airflow/.local/lib/python3.12/site-packages/airflow/example_dags/example_task_group.py
[2025-09-24T16:48:30.105+0000] {logging_mixin.py:188} INFO - [2025-09-24T16:48:30.105+0000] {dag.py:3096} INFO - Sync 1 DAGs
[2025-09-24T16:48:30.133+0000] {logging_mixin.py:188} INFO - [2025-09-24T16:48:30.133+0000] {dag.py:3954} INFO - Setting next_dagrun for example_task_group to 2025-09-23 00:00:00+00:00, run_after=2025-09-24 00:00:00+00:00
[2025-09-24T16:48:30.155+0000] {processor.py:183} INFO - Processing /home/airflow/.local/lib/python3.12/site-packages/airflow/example_dags/example_task_group.py took 0.105 seconds
[2025-09-24T16:49:00.338+0000] {processor.py:161} INFO - Started process (PID=1439) to work on /home/airflow/.local/lib/python3.12/site-packages/airflow/example_dags/example_task_group.py
[2025-09-24T16:49:00.339+0000] {processor.py:830} INFO - Processing file /home/airflow/.local/lib/python3.12/site-packages/airflow/example_dags/example_task_group.py for tasks to queue
[2025-09-24T16:49:00.343+0000] {logging_mixin.py:188} INFO - [2025-09-24T16:49:00.343+0000] {dagbag.py:540} INFO - Filling up the DagBag from /home/airflow/.local/lib/python3.12/site-packages/airflow/example_dags/example_task_group.py
[2025-09-24T16:49:00.353+0000] {processor.py:840} INFO - DAG(s) 'example_task_group' retrieved from /home/airflow/.local/lib/python3.12/site-packages/airflow/example_dags/example_task_group.py
[2025-09-24T16:49:00.385+0000] {logging_mixin.py:188} INFO - [2025-09-24T16:49:00.385+0000] {dag.py:3096} INFO - Sync 1 DAGs
[2025-09-24T16:49:00.413+0000] {logging_mixin.py:188} INFO - [2025-09-24T16:49:00.413+0000] {dag.py:3954} INFO - Setting next_dagrun for example_task_group to 2025-09-23 00:00:00+00:00, run_after=2025-09-24 00:00:00+00:00
[2025-09-24T16:49:00.434+0000] {processor.py:183} INFO - Processing /home/airflow/.local/lib/python3.12/site-packages/airflow/example_dags/example_task_group.py took 0.106 seconds
[2025-09-24T16:49:30.797+0000] {processor.py:161} INFO - Started process (PID=1497) to work on /home/airflow/.local/lib/python3.12/site-packages/airflow/example_dags/example_task_group.py
[2025-09-24T16:49:30.799+0000] {processor.py:830} INFO - Processing file /home/airflow/.local/lib/python3.12/site-packages/airflow/example_dags/example_task_group.py for tasks to queue
[2025-09-24T16:49:30.802+0000] {logging_mixin.py:188} INFO - [2025-09-24T16:49:30.802+0000] {dagbag.py:540} INFO - Filling up the DagBag from /home/airflow/.local/lib/python3.12/site-packages/airflow/example_dags/example_task_group.py
[2025-09-24T16:49:30.812+0000] {processor.py:840} INFO - DAG(s) 'example_task_group' retrieved from /home/airflow/.local/lib/python3.12/site-packages/airflow/example_dags/example_task_group.py
[2025-09-24T16:49:30.839+0000] {logging_mixin.py:188} INFO - [2025-09-24T16:49:30.839+0000] {dag.py:3096} INFO - Sync 1 DAGs
[2025-09-24T16:49:30.867+0000] {logging_mixin.py:188} INFO - [2025-09-24T16:49:30.866+0000] {dag.py:3954} INFO - Setting next_dagrun for example_task_group to 2025-09-23 00:00:00+00:00, run_after=2025-09-24 00:00:00+00:00
[2025-09-24T16:49:30.887+0000] {processor.py:183} INFO - Processing /home/airflow/.local/lib/python3.12/site-packages/airflow/example_dags/example_task_group.py took 0.097 seconds
[2025-09-24T16:50:01.115+0000] {processor.py:161} INFO - Started process (PID=1556) to work on /home/airflow/.local/lib/python3.12/site-packages/airflow/example_dags/example_task_group.py
[2025-09-24T16:50:01.116+0000] {processor.py:830} INFO - Processing file /home/airflow/.local/lib/python3.12/site-packages/airflow/example_dags/example_task_group.py for tasks to queue
[2025-09-24T16:50:01.118+0000] {logging_mixin.py:188} INFO - [2025-09-24T16:50:01.118+0000] {dagbag.py:540} INFO - Filling up the DagBag from /home/airflow/.local/lib/python3.12/site-packages/airflow/example_dags/example_task_group.py
[2025-09-24T16:50:01.127+0000] {processor.py:840} INFO - DAG(s) 'example_task_group' retrieved from /home/airflow/.local/lib/python3.12/site-packages/airflow/example_dags/example_task_group.py
[2025-09-24T16:50:01.157+0000] {logging_mixin.py:188} INFO - [2025-09-24T16:50:01.157+0000] {dag.py:3096} INFO - Sync 1 DAGs
[2025-09-24T16:50:01.187+0000] {logging_mixin.py:188} INFO - [2025-09-24T16:50:01.187+0000] {dag.py:3954} INFO - Setting next_dagrun for example_task_group to 2025-09-23 00:00:00+00:00, run_after=2025-09-24 00:00:00+00:00
[2025-09-24T16:50:01.209+0000] {processor.py:183} INFO - Processing /home/airflow/.local/lib/python3.12/site-packages/airflow/example_dags/example_task_group.py took 0.101 seconds
[2025-09-24T16:50:31.611+0000] {processor.py:161} INFO - Started process (PID=1614) to work on /home/airflow/.local/lib/python3.12/site-packages/airflow/example_dags/example_task_group.py
[2025-09-24T16:50:31.612+0000] {processor.py:830} INFO - Processing file /home/airflow/.local/lib/python3.12/site-packages/airflow/example_dags/example_task_group.py for tasks to queue
[2025-09-24T16:50:31.616+0000] {logging_mixin.py:188} INFO - [2025-09-24T16:50:31.616+0000] {dagbag.py:540} INFO - Filling up the DagBag from /home/airflow/.local/lib/python3.12/site-packages/airflow/example_dags/example_task_group.py
[2025-09-24T16:50:31.630+0000] {processor.py:840} INFO - DAG(s) 'example_task_group' retrieved from /home/airflow/.local/lib/python3.12/site-packages/airflow/example_dags/example_task_group.py
[2025-09-24T16:50:31.662+0000] {logging_mixin.py:188} INFO - [2025-09-24T16:50:31.662+0000] {dag.py:3096} INFO - Sync 1 DAGs
[2025-09-24T16:50:31.694+0000] {logging_mixin.py:188} INFO - [2025-09-24T16:50:31.694+0000] {dag.py:3954} INFO - Setting next_dagrun for example_task_group to 2025-09-23 00:00:00+00:00, run_after=2025-09-24 00:00:00+00:00
[2025-09-24T16:50:31.720+0000] {processor.py:183} INFO - Processing /home/airflow/.local/lib/python3.12/site-packages/airflow/example_dags/example_task_group.py took 0.117 seconds
[2025-09-24T16:51:01.933+0000] {processor.py:161} INFO - Started process (PID=1672) to work on /home/airflow/.local/lib/python3.12/site-packages/airflow/example_dags/example_task_group.py
[2025-09-24T16:51:01.934+0000] {processor.py:830} INFO - Processing file /home/airflow/.local/lib/python3.12/site-packages/airflow/example_dags/example_task_group.py for tasks to queue
[2025-09-24T16:51:01.937+0000] {logging_mixin.py:188} INFO - [2025-09-24T16:51:01.936+0000] {dagbag.py:540} INFO - Filling up the DagBag from /home/airflow/.local/lib/python3.12/site-packages/airflow/example_dags/example_task_group.py
[2025-09-24T16:51:01.946+0000] {processor.py:840} INFO - DAG(s) 'example_task_group' retrieved from /home/airflow/.local/lib/python3.12/site-packages/airflow/example_dags/example_task_group.py
[2025-09-24T16:51:01.975+0000] {logging_mixin.py:188} INFO - [2025-09-24T16:51:01.975+0000] {dag.py:3096} INFO - Sync 1 DAGs
[2025-09-24T16:51:02.003+0000] {logging_mixin.py:188} INFO - [2025-09-24T16:51:02.003+0000] {dag.py:3954} INFO - Setting next_dagrun for example_task_group to 2025-09-23 00:00:00+00:00, run_after=2025-09-24 00:00:00+00:00
[2025-09-24T16:51:02.024+0000] {processor.py:183} INFO - Processing /home/airflow/.local/lib/python3.12/site-packages/airflow/example_dags/example_task_group.py took 0.099 seconds
[2025-09-24T16:51:32.435+0000] {processor.py:161} INFO - Started process (PID=1730) to work on /home/airflow/.local/lib/python3.12/site-packages/airflow/example_dags/example_task_group.py
[2025-09-24T16:51:32.436+0000] {processor.py:830} INFO - Processing file /home/airflow/.local/lib/python3.12/site-packages/airflow/example_dags/example_task_group.py for tasks to queue
[2025-09-24T16:51:32.439+0000] {logging_mixin.py:188} INFO - [2025-09-24T16:51:32.438+0000] {dagbag.py:540} INFO - Filling up the DagBag from /home/airflow/.local/lib/python3.12/site-packages/airflow/example_dags/example_task_group.py
[2025-09-24T16:51:32.448+0000] {processor.py:840} INFO - DAG(s) 'example_task_group' retrieved from /home/airflow/.local/lib/python3.12/site-packages/airflow/example_dags/example_task_group.py
[2025-09-24T16:51:32.481+0000] {logging_mixin.py:188} INFO - [2025-09-24T16:51:32.480+0000] {dag.py:3096} INFO - Sync 1 DAGs
[2025-09-24T16:51:32.510+0000] {logging_mixin.py:188} INFO - [2025-09-24T16:51:32.509+0000] {dag.py:3954} INFO - Setting next_dagrun for example_task_group to 2025-09-23 00:00:00+00:00, run_after=2025-09-24 00:00:00+00:00
[2025-09-24T16:51:32.532+0000] {processor.py:183} INFO - Processing /home/airflow/.local/lib/python3.12/site-packages/airflow/example_dags/example_task_group.py took 0.106 seconds
[2025-09-24T16:52:02.962+0000] {processor.py:161} INFO - Started process (PID=1788) to work on /home/airflow/.local/lib/python3.12/site-packages/airflow/example_dags/example_task_group.py
[2025-09-24T16:52:02.963+0000] {processor.py:830} INFO - Processing file /home/airflow/.local/lib/python3.12/site-packages/airflow/example_dags/example_task_group.py for tasks to queue
[2025-09-24T16:52:02.965+0000] {logging_mixin.py:188} INFO - [2025-09-24T16:52:02.965+0000] {dagbag.py:540} INFO - Filling up the DagBag from /home/airflow/.local/lib/python3.12/site-packages/airflow/example_dags/example_task_group.py
[2025-09-24T16:52:02.974+0000] {processor.py:840} INFO - DAG(s) 'example_task_group' retrieved from /home/airflow/.local/lib/python3.12/site-packages/airflow/example_dags/example_task_group.py
[2025-09-24T16:52:03.000+0000] {logging_mixin.py:188} INFO - [2025-09-24T16:52:03.000+0000] {dag.py:3096} INFO - Sync 1 DAGs
[2025-09-24T16:52:03.027+0000] {logging_mixin.py:188} INFO - [2025-09-24T16:52:03.027+0000] {dag.py:3954} INFO - Setting next_dagrun for example_task_group to 2025-09-23 00:00:00+00:00, run_after=2025-09-24 00:00:00+00:00
[2025-09-24T16:52:03.050+0000] {processor.py:183} INFO - Processing /home/airflow/.local/lib/python3.12/site-packages/airflow/example_dags/example_task_group.py took 0.096 seconds
[2025-09-24T16:52:33.319+0000] {processor.py:161} INFO - Started process (PID=1846) to work on /home/airflow/.local/lib/python3.12/site-packages/airflow/example_dags/example_task_group.py
[2025-09-24T16:52:33.321+0000] {processor.py:830} INFO - Processing file /home/airflow/.local/lib/python3.12/site-packages/airflow/example_dags/example_task_group.py for tasks to queue
[2025-09-24T16:52:33.323+0000] {logging_mixin.py:188} INFO - [2025-09-24T16:52:33.323+0000] {dagbag.py:540} INFO - Filling up the DagBag from /home/airflow/.local/lib/python3.12/site-packages/airflow/example_dags/example_task_group.py
[2025-09-24T16:52:33.334+0000] {processor.py:840} INFO - DAG(s) 'example_task_group' retrieved from /home/airflow/.local/lib/python3.12/site-packages/airflow/example_dags/example_task_group.py
[2025-09-24T16:52:33.367+0000] {logging_mixin.py:188} INFO - [2025-09-24T16:52:33.367+0000] {dag.py:3096} INFO - Sync 1 DAGs
[2025-09-24T16:52:33.398+0000] {logging_mixin.py:188} INFO - [2025-09-24T16:52:33.398+0000] {dag.py:3954} INFO - Setting next_dagrun for example_task_group to 2025-09-23 00:00:00+00:00, run_after=2025-09-24 00:00:00+00:00
[2025-09-24T16:52:33.421+0000] {processor.py:183} INFO - Processing /home/airflow/.local/lib/python3.12/site-packages/airflow/example_dags/example_task_group.py took 0.110 seconds
[2025-09-24T16:53:04.145+0000] {processor.py:161} INFO - Started process (PID=1904) to work on /home/airflow/.local/lib/python3.12/site-packages/airflow/example_dags/example_task_group.py
[2025-09-24T16:53:04.147+0000] {processor.py:830} INFO - Processing file /home/airflow/.local/lib/python3.12/site-packages/airflow/example_dags/example_task_group.py for tasks to queue
[2025-09-24T16:53:04.150+0000] {logging_mixin.py:188} INFO - [2025-09-24T16:53:04.150+0000] {dagbag.py:540} INFO - Filling up the DagBag from /home/airflow/.local/lib/python3.12/site-packages/airflow/example_dags/example_task_group.py
[2025-09-24T16:53:04.161+0000] {processor.py:840} INFO - DAG(s) 'example_task_group' retrieved from /home/airflow/.local/lib/python3.12/site-packages/airflow/example_dags/example_task_group.py
[2025-09-24T16:53:04.189+0000] {logging_mixin.py:188} INFO - [2025-09-24T16:53:04.189+0000] {dag.py:3096} INFO - Sync 1 DAGs
[2025-09-24T16:53:04.218+0000] {logging_mixin.py:188} INFO - [2025-09-24T16:53:04.217+0000] {dag.py:3954} INFO - Setting next_dagrun for example_task_group to 2025-09-23 00:00:00+00:00, run_after=2025-09-24 00:00:00+00:00
[2025-09-24T16:53:04.240+0000] {processor.py:183} INFO - Processing /home/airflow/.local/lib/python3.12/site-packages/airflow/example_dags/example_task_group.py took 0.103 seconds
[2025-09-24T16:53:34.472+0000] {processor.py:161} INFO - Started process (PID=1962) to work on /home/airflow/.local/lib/python3.12/site-packages/airflow/example_dags/example_task_group.py
[2025-09-24T16:53:34.473+0000] {processor.py:830} INFO - Processing file /home/airflow/.local/lib/python3.12/site-packages/airflow/example_dags/example_task_group.py for tasks to queue
[2025-09-24T16:53:34.478+0000] {logging_mixin.py:188} INFO - [2025-09-24T16:53:34.477+0000] {dagbag.py:540} INFO - Filling up the DagBag from /home/airflow/.local/lib/python3.12/site-packages/airflow/example_dags/example_task_group.py
[2025-09-24T16:53:34.487+0000] {processor.py:840} INFO - DAG(s) 'example_task_group' retrieved from /home/airflow/.local/lib/python3.12/site-packages/airflow/example_dags/example_task_group.py
[2025-09-24T16:53:34.518+0000] {logging_mixin.py:188} INFO - [2025-09-24T16:53:34.518+0000] {dag.py:3096} INFO - Sync 1 DAGs
[2025-09-24T16:53:34.546+0000] {logging_mixin.py:188} INFO - [2025-09-24T16:53:34.546+0000] {dag.py:3954} INFO - Setting next_dagrun for example_task_group to 2025-09-23 00:00:00+00:00, run_after=2025-09-24 00:00:00+00:00
[2025-09-24T16:53:34.567+0000] {processor.py:183} INFO - Processing /home/airflow/.local/lib/python3.12/site-packages/airflow/example_dags/example_task_group.py took 0.103 seconds
[2025-09-24T16:54:04.838+0000] {processor.py:161} INFO - Started process (PID=2019) to work on /home/airflow/.local/lib/python3.12/site-packages/airflow/example_dags/example_task_group.py
[2025-09-24T16:54:04.840+0000] {processor.py:830} INFO - Processing file /home/airflow/.local/lib/python3.12/site-packages/airflow/example_dags/example_task_group.py for tasks to queue
[2025-09-24T16:54:04.842+0000] {logging_mixin.py:188} INFO - [2025-09-24T16:54:04.842+0000] {dagbag.py:540} INFO - Filling up the DagBag from /home/airflow/.local/lib/python3.12/site-packages/airflow/example_dags/example_task_group.py
[2025-09-24T16:54:04.852+0000] {processor.py:840} INFO - DAG(s) 'example_task_group' retrieved from /home/airflow/.local/lib/python3.12/site-packages/airflow/example_dags/example_task_group.py
[2025-09-24T16:54:04.883+0000] {logging_mixin.py:188} INFO - [2025-09-24T16:54:04.882+0000] {dag.py:3096} INFO - Sync 1 DAGs
[2025-09-24T16:54:04.911+0000] {logging_mixin.py:188} INFO - [2025-09-24T16:54:04.911+0000] {dag.py:3954} INFO - Setting next_dagrun for example_task_group to 2025-09-23 00:00:00+00:00, run_after=2025-09-24 00:00:00+00:00
[2025-09-24T16:54:04.933+0000] {processor.py:183} INFO - Processing /home/airflow/.local/lib/python3.12/site-packages/airflow/example_dags/example_task_group.py took 0.103 seconds
[2025-09-24T16:54:35.149+0000] {processor.py:161} INFO - Started process (PID=2077) to work on /home/airflow/.local/lib/python3.12/site-packages/airflow/example_dags/example_task_group.py
[2025-09-24T16:54:35.150+0000] {processor.py:830} INFO - Processing file /home/airflow/.local/lib/python3.12/site-packages/airflow/example_dags/example_task_group.py for tasks to queue
[2025-09-24T16:54:35.153+0000] {logging_mixin.py:188} INFO - [2025-09-24T16:54:35.152+0000] {dagbag.py:540} INFO - Filling up the DagBag from /home/airflow/.local/lib/python3.12/site-packages/airflow/example_dags/example_task_group.py
[2025-09-24T16:54:35.162+0000] {processor.py:840} INFO - DAG(s) 'example_task_group' retrieved from /home/airflow/.local/lib/python3.12/site-packages/airflow/example_dags/example_task_group.py
[2025-09-24T16:54:35.195+0000] {logging_mixin.py:188} INFO - [2025-09-24T16:54:35.194+0000] {dag.py:3096} INFO - Sync 1 DAGs
[2025-09-24T16:54:35.225+0000] {logging_mixin.py:188} INFO - [2025-09-24T16:54:35.225+0000] {dag.py:3954} INFO - Setting next_dagrun for example_task_group to 2025-09-23 00:00:00+00:00, run_after=2025-09-24 00:00:00+00:00
[2025-09-24T16:54:35.247+0000] {processor.py:183} INFO - Processing /home/airflow/.local/lib/python3.12/site-packages/airflow/example_dags/example_task_group.py took 0.106 seconds
[2025-09-24T16:55:14.108+0000] {processor.py:161} INFO - Started process (PID=2135) to work on /home/airflow/.local/lib/python3.12/site-packages/airflow/example_dags/example_task_group.py
[2025-09-24T16:55:14.110+0000] {processor.py:830} INFO - Processing file /home/airflow/.local/lib/python3.12/site-packages/airflow/example_dags/example_task_group.py for tasks to queue
[2025-09-24T16:55:14.113+0000] {logging_mixin.py:188} INFO - [2025-09-24T16:55:14.113+0000] {dagbag.py:540} INFO - Filling up the DagBag from /home/airflow/.local/lib/python3.12/site-packages/airflow/example_dags/example_task_group.py
[2025-09-24T16:55:14.131+0000] {processor.py:840} INFO - DAG(s) 'example_task_group' retrieved from /home/airflow/.local/lib/python3.12/site-packages/airflow/example_dags/example_task_group.py
[2025-09-24T16:55:14.184+0000] {logging_mixin.py:188} INFO - [2025-09-24T16:55:14.183+0000] {dag.py:3096} INFO - Sync 1 DAGs
[2025-09-24T16:55:14.243+0000] {logging_mixin.py:188} INFO - [2025-09-24T16:55:14.242+0000] {dag.py:3954} INFO - Setting next_dagrun for example_task_group to 2025-09-23 00:00:00+00:00, run_after=2025-09-24 00:00:00+00:00
[2025-09-24T16:55:14.291+0000] {processor.py:183} INFO - Processing /home/airflow/.local/lib/python3.12/site-packages/airflow/example_dags/example_task_group.py took 0.197 seconds
[2025-09-24T16:55:45.423+0000] {processor.py:161} INFO - Started process (PID=2193) to work on /home/airflow/.local/lib/python3.12/site-packages/airflow/example_dags/example_task_group.py
[2025-09-24T16:55:45.426+0000] {processor.py:830} INFO - Processing file /home/airflow/.local/lib/python3.12/site-packages/airflow/example_dags/example_task_group.py for tasks to queue
[2025-09-24T16:55:45.433+0000] {logging_mixin.py:188} INFO - [2025-09-24T16:55:45.432+0000] {dagbag.py:540} INFO - Filling up the DagBag from /home/airflow/.local/lib/python3.12/site-packages/airflow/example_dags/example_task_group.py
[2025-09-24T16:55:45.463+0000] {processor.py:840} INFO - DAG(s) 'example_task_group' retrieved from /home/airflow/.local/lib/python3.12/site-packages/airflow/example_dags/example_task_group.py
[2025-09-24T16:55:45.542+0000] {logging_mixin.py:188} INFO - [2025-09-24T16:55:45.542+0000] {dag.py:3096} INFO - Sync 1 DAGs
[2025-09-24T16:55:45.636+0000] {logging_mixin.py:188} INFO - [2025-09-24T16:55:45.635+0000] {dag.py:3954} INFO - Setting next_dagrun for example_task_group to 2025-09-23 00:00:00+00:00, run_after=2025-09-24 00:00:00+00:00
[2025-09-24T16:55:45.759+0000] {processor.py:183} INFO - Processing /home/airflow/.local/lib/python3.12/site-packages/airflow/example_dags/example_task_group.py took 0.356 seconds
[2025-09-24T16:56:15.820+0000] {processor.py:161} INFO - Started process (PID=2251) to work on /home/airflow/.local/lib/python3.12/site-packages/airflow/example_dags/example_task_group.py
[2025-09-24T16:56:15.823+0000] {processor.py:830} INFO - Processing file /home/airflow/.local/lib/python3.12/site-packages/airflow/example_dags/example_task_group.py for tasks to queue
[2025-09-24T16:56:15.826+0000] {logging_mixin.py:188} INFO - [2025-09-24T16:56:15.826+0000] {dagbag.py:540} INFO - Filling up the DagBag from /home/airflow/.local/lib/python3.12/site-packages/airflow/example_dags/example_task_group.py
[2025-09-24T16:56:15.840+0000] {processor.py:840} INFO - DAG(s) 'example_task_group' retrieved from /home/airflow/.local/lib/python3.12/site-packages/airflow/example_dags/example_task_group.py
[2025-09-24T16:56:15.874+0000] {logging_mixin.py:188} INFO - [2025-09-24T16:56:15.874+0000] {dag.py:3096} INFO - Sync 1 DAGs
[2025-09-24T16:56:15.905+0000] {logging_mixin.py:188} INFO - [2025-09-24T16:56:15.904+0000] {dag.py:3954} INFO - Setting next_dagrun for example_task_group to 2025-09-23 00:00:00+00:00, run_after=2025-09-24 00:00:00+00:00
[2025-09-24T16:56:15.932+0000] {processor.py:183} INFO - Processing /home/airflow/.local/lib/python3.12/site-packages/airflow/example_dags/example_task_group.py took 0.120 seconds
[2025-09-24T16:56:45.997+0000] {processor.py:161} INFO - Started process (PID=2309) to work on /home/airflow/.local/lib/python3.12/site-packages/airflow/example_dags/example_task_group.py
[2025-09-24T16:56:45.998+0000] {processor.py:830} INFO - Processing file /home/airflow/.local/lib/python3.12/site-packages/airflow/example_dags/example_task_group.py for tasks to queue
[2025-09-24T16:56:46.000+0000] {logging_mixin.py:188} INFO - [2025-09-24T16:56:45.999+0000] {dagbag.py:540} INFO - Filling up the DagBag from /home/airflow/.local/lib/python3.12/site-packages/airflow/example_dags/example_task_group.py
[2025-09-24T16:56:46.010+0000] {processor.py:840} INFO - DAG(s) 'example_task_group' retrieved from /home/airflow/.local/lib/python3.12/site-packages/airflow/example_dags/example_task_group.py
[2025-09-24T16:56:46.044+0000] {logging_mixin.py:188} INFO - [2025-09-24T16:56:46.043+0000] {dag.py:3096} INFO - Sync 1 DAGs
[2025-09-24T16:56:46.072+0000] {logging_mixin.py:188} INFO - [2025-09-24T16:56:46.071+0000] {dag.py:3954} INFO - Setting next_dagrun for example_task_group to 2025-09-23 00:00:00+00:00, run_after=2025-09-24 00:00:00+00:00
[2025-09-24T16:56:46.103+0000] {processor.py:183} INFO - Processing /home/airflow/.local/lib/python3.12/site-packages/airflow/example_dags/example_task_group.py took 0.116 seconds
[2025-09-24T16:57:16.178+0000] {processor.py:161} INFO - Started process (PID=2367) to work on /home/airflow/.local/lib/python3.12/site-packages/airflow/example_dags/example_task_group.py
[2025-09-24T16:57:16.179+0000] {processor.py:830} INFO - Processing file /home/airflow/.local/lib/python3.12/site-packages/airflow/example_dags/example_task_group.py for tasks to queue
[2025-09-24T16:57:16.182+0000] {logging_mixin.py:188} INFO - [2025-09-24T16:57:16.181+0000] {dagbag.py:540} INFO - Filling up the DagBag from /home/airflow/.local/lib/python3.12/site-packages/airflow/example_dags/example_task_group.py
[2025-09-24T16:57:16.192+0000] {processor.py:840} INFO - DAG(s) 'example_task_group' retrieved from /home/airflow/.local/lib/python3.12/site-packages/airflow/example_dags/example_task_group.py
[2025-09-24T16:57:16.224+0000] {logging_mixin.py:188} INFO - [2025-09-24T16:57:16.223+0000] {dag.py:3096} INFO - Sync 1 DAGs
[2025-09-24T16:57:16.253+0000] {logging_mixin.py:188} INFO - [2025-09-24T16:57:16.253+0000] {dag.py:3954} INFO - Setting next_dagrun for example_task_group to 2025-09-23 00:00:00+00:00, run_after=2025-09-24 00:00:00+00:00
[2025-09-24T16:57:16.275+0000] {processor.py:183} INFO - Processing /home/airflow/.local/lib/python3.12/site-packages/airflow/example_dags/example_task_group.py took 0.106 seconds
[2025-09-24T16:57:46.387+0000] {processor.py:161} INFO - Started process (PID=2425) to work on /home/airflow/.local/lib/python3.12/site-packages/airflow/example_dags/example_task_group.py
[2025-09-24T16:57:46.389+0000] {processor.py:830} INFO - Processing file /home/airflow/.local/lib/python3.12/site-packages/airflow/example_dags/example_task_group.py for tasks to queue
[2025-09-24T16:57:46.392+0000] {logging_mixin.py:188} INFO - [2025-09-24T16:57:46.391+0000] {dagbag.py:540} INFO - Filling up the DagBag from /home/airflow/.local/lib/python3.12/site-packages/airflow/example_dags/example_task_group.py
[2025-09-24T16:57:46.403+0000] {processor.py:840} INFO - DAG(s) 'example_task_group' retrieved from /home/airflow/.local/lib/python3.12/site-packages/airflow/example_dags/example_task_group.py
[2025-09-24T16:57:46.442+0000] {logging_mixin.py:188} INFO - [2025-09-24T16:57:46.441+0000] {dag.py:3096} INFO - Sync 1 DAGs
[2025-09-24T16:57:46.478+0000] {logging_mixin.py:188} INFO - [2025-09-24T16:57:46.478+0000] {dag.py:3954} INFO - Setting next_dagrun for example_task_group to 2025-09-23 00:00:00+00:00, run_after=2025-09-24 00:00:00+00:00
[2025-09-24T16:57:46.505+0000] {processor.py:183} INFO - Processing /home/airflow/.local/lib/python3.12/site-packages/airflow/example_dags/example_task_group.py took 0.132 seconds
[2025-09-24T16:58:16.574+0000] {processor.py:161} INFO - Started process (PID=2483) to work on /home/airflow/.local/lib/python3.12/site-packages/airflow/example_dags/example_task_group.py
[2025-09-24T16:58:16.575+0000] {processor.py:830} INFO - Processing file /home/airflow/.local/lib/python3.12/site-packages/airflow/example_dags/example_task_group.py for tasks to queue
[2025-09-24T16:58:16.579+0000] {logging_mixin.py:188} INFO - [2025-09-24T16:58:16.579+0000] {dagbag.py:540} INFO - Filling up the DagBag from /home/airflow/.local/lib/python3.12/site-packages/airflow/example_dags/example_task_group.py
[2025-09-24T16:58:16.592+0000] {processor.py:840} INFO - DAG(s) 'example_task_group' retrieved from /home/airflow/.local/lib/python3.12/site-packages/airflow/example_dags/example_task_group.py
[2025-09-24T16:58:16.620+0000] {logging_mixin.py:188} INFO - [2025-09-24T16:58:16.620+0000] {dag.py:3096} INFO - Sync 1 DAGs
[2025-09-24T16:58:16.647+0000] {logging_mixin.py:188} INFO - [2025-09-24T16:58:16.647+0000] {dag.py:3954} INFO - Setting next_dagrun for example_task_group to 2025-09-23 00:00:00+00:00, run_after=2025-09-24 00:00:00+00:00
[2025-09-24T16:58:16.671+0000] {processor.py:183} INFO - Processing /home/airflow/.local/lib/python3.12/site-packages/airflow/example_dags/example_task_group.py took 0.105 seconds
[2025-09-24T16:58:46.759+0000] {processor.py:161} INFO - Started process (PID=2541) to work on /home/airflow/.local/lib/python3.12/site-packages/airflow/example_dags/example_task_group.py
[2025-09-24T16:58:46.760+0000] {processor.py:830} INFO - Processing file /home/airflow/.local/lib/python3.12/site-packages/airflow/example_dags/example_task_group.py for tasks to queue
[2025-09-24T16:58:46.762+0000] {logging_mixin.py:188} INFO - [2025-09-24T16:58:46.762+0000] {dagbag.py:540} INFO - Filling up the DagBag from /home/airflow/.local/lib/python3.12/site-packages/airflow/example_dags/example_task_group.py
[2025-09-24T16:58:46.772+0000] {processor.py:840} INFO - DAG(s) 'example_task_group' retrieved from /home/airflow/.local/lib/python3.12/site-packages/airflow/example_dags/example_task_group.py
[2025-09-24T16:58:46.800+0000] {logging_mixin.py:188} INFO - [2025-09-24T16:58:46.800+0000] {dag.py:3096} INFO - Sync 1 DAGs
[2025-09-24T16:58:46.826+0000] {logging_mixin.py:188} INFO - [2025-09-24T16:58:46.826+0000] {dag.py:3954} INFO - Setting next_dagrun for example_task_group to 2025-09-23 00:00:00+00:00, run_after=2025-09-24 00:00:00+00:00
[2025-09-24T16:58:46.848+0000] {processor.py:183} INFO - Processing /home/airflow/.local/lib/python3.12/site-packages/airflow/example_dags/example_task_group.py took 0.096 seconds
[2025-09-24T16:59:17.281+0000] {processor.py:161} INFO - Started process (PID=2599) to work on /home/airflow/.local/lib/python3.12/site-packages/airflow/example_dags/example_task_group.py
[2025-09-24T16:59:17.283+0000] {processor.py:830} INFO - Processing file /home/airflow/.local/lib/python3.12/site-packages/airflow/example_dags/example_task_group.py for tasks to queue
[2025-09-24T16:59:17.286+0000] {logging_mixin.py:188} INFO - [2025-09-24T16:59:17.286+0000] {dagbag.py:540} INFO - Filling up the DagBag from /home/airflow/.local/lib/python3.12/site-packages/airflow/example_dags/example_task_group.py
[2025-09-24T16:59:17.295+0000] {processor.py:840} INFO - DAG(s) 'example_task_group' retrieved from /home/airflow/.local/lib/python3.12/site-packages/airflow/example_dags/example_task_group.py
[2025-09-24T16:59:17.323+0000] {logging_mixin.py:188} INFO - [2025-09-24T16:59:17.322+0000] {dag.py:3096} INFO - Sync 1 DAGs
[2025-09-24T16:59:17.349+0000] {logging_mixin.py:188} INFO - [2025-09-24T16:59:17.349+0000] {dag.py:3954} INFO - Setting next_dagrun for example_task_group to 2025-09-23 00:00:00+00:00, run_after=2025-09-24 00:00:00+00:00
[2025-09-24T16:59:17.376+0000] {processor.py:183} INFO - Processing /home/airflow/.local/lib/python3.12/site-packages/airflow/example_dags/example_task_group.py took 0.102 seconds
[2025-09-24T16:59:47.720+0000] {processor.py:161} INFO - Started process (PID=2657) to work on /home/airflow/.local/lib/python3.12/site-packages/airflow/example_dags/example_task_group.py
[2025-09-24T16:59:47.723+0000] {processor.py:830} INFO - Processing file /home/airflow/.local/lib/python3.12/site-packages/airflow/example_dags/example_task_group.py for tasks to queue
[2025-09-24T16:59:47.725+0000] {logging_mixin.py:188} INFO - [2025-09-24T16:59:47.725+0000] {dagbag.py:540} INFO - Filling up the DagBag from /home/airflow/.local/lib/python3.12/site-packages/airflow/example_dags/example_task_group.py
[2025-09-24T16:59:47.736+0000] {processor.py:840} INFO - DAG(s) 'example_task_group' retrieved from /home/airflow/.local/lib/python3.12/site-packages/airflow/example_dags/example_task_group.py
[2025-09-24T16:59:47.764+0000] {logging_mixin.py:188} INFO - [2025-09-24T16:59:47.764+0000] {dag.py:3096} INFO - Sync 1 DAGs
[2025-09-24T16:59:47.797+0000] {logging_mixin.py:188} INFO - [2025-09-24T16:59:47.796+0000] {dag.py:3954} INFO - Setting next_dagrun for example_task_group to 2025-09-23 00:00:00+00:00, run_after=2025-09-24 00:00:00+00:00
[2025-09-24T16:59:47.830+0000] {processor.py:183} INFO - Processing /home/airflow/.local/lib/python3.12/site-packages/airflow/example_dags/example_task_group.py took 0.118 seconds
[2025-09-24T17:00:18.233+0000] {processor.py:161} INFO - Started process (PID=2715) to work on /home/airflow/.local/lib/python3.12/site-packages/airflow/example_dags/example_task_group.py
[2025-09-24T17:00:18.234+0000] {processor.py:830} INFO - Processing file /home/airflow/.local/lib/python3.12/site-packages/airflow/example_dags/example_task_group.py for tasks to queue
[2025-09-24T17:00:18.237+0000] {logging_mixin.py:188} INFO - [2025-09-24T17:00:18.236+0000] {dagbag.py:540} INFO - Filling up the DagBag from /home/airflow/.local/lib/python3.12/site-packages/airflow/example_dags/example_task_group.py
[2025-09-24T17:00:18.248+0000] {processor.py:840} INFO - DAG(s) 'example_task_group' retrieved from /home/airflow/.local/lib/python3.12/site-packages/airflow/example_dags/example_task_group.py
[2025-09-24T17:00:18.284+0000] {logging_mixin.py:188} INFO - [2025-09-24T17:00:18.284+0000] {dag.py:3096} INFO - Sync 1 DAGs
[2025-09-24T17:00:18.317+0000] {logging_mixin.py:188} INFO - [2025-09-24T17:00:18.317+0000] {dag.py:3954} INFO - Setting next_dagrun for example_task_group to 2025-09-23 00:00:00+00:00, run_after=2025-09-24 00:00:00+00:00
[2025-09-24T17:00:18.343+0000] {processor.py:183} INFO - Processing /home/airflow/.local/lib/python3.12/site-packages/airflow/example_dags/example_task_group.py took 0.119 seconds
[2025-09-24T17:00:48.743+0000] {processor.py:161} INFO - Started process (PID=2773) to work on /home/airflow/.local/lib/python3.12/site-packages/airflow/example_dags/example_task_group.py
[2025-09-24T17:00:48.744+0000] {processor.py:830} INFO - Processing file /home/airflow/.local/lib/python3.12/site-packages/airflow/example_dags/example_task_group.py for tasks to queue
[2025-09-24T17:00:48.746+0000] {logging_mixin.py:188} INFO - [2025-09-24T17:00:48.746+0000] {dagbag.py:540} INFO - Filling up the DagBag from /home/airflow/.local/lib/python3.12/site-packages/airflow/example_dags/example_task_group.py
[2025-09-24T17:00:48.756+0000] {processor.py:840} INFO - DAG(s) 'example_task_group' retrieved from /home/airflow/.local/lib/python3.12/site-packages/airflow/example_dags/example_task_group.py
[2025-09-24T17:00:48.784+0000] {logging_mixin.py:188} INFO - [2025-09-24T17:00:48.784+0000] {dag.py:3096} INFO - Sync 1 DAGs
[2025-09-24T17:00:48.810+0000] {logging_mixin.py:188} INFO - [2025-09-24T17:00:48.810+0000] {dag.py:3954} INFO - Setting next_dagrun for example_task_group to 2025-09-23 00:00:00+00:00, run_after=2025-09-24 00:00:00+00:00
[2025-09-24T17:00:48.831+0000] {processor.py:183} INFO - Processing /home/airflow/.local/lib/python3.12/site-packages/airflow/example_dags/example_task_group.py took 0.096 seconds
[2025-09-24T17:01:19.335+0000] {processor.py:161} INFO - Started process (PID=2831) to work on /home/airflow/.local/lib/python3.12/site-packages/airflow/example_dags/example_task_group.py
[2025-09-24T17:01:19.336+0000] {processor.py:830} INFO - Processing file /home/airflow/.local/lib/python3.12/site-packages/airflow/example_dags/example_task_group.py for tasks to queue
[2025-09-24T17:01:19.339+0000] {logging_mixin.py:188} INFO - [2025-09-24T17:01:19.338+0000] {dagbag.py:540} INFO - Filling up the DagBag from /home/airflow/.local/lib/python3.12/site-packages/airflow/example_dags/example_task_group.py
[2025-09-24T17:01:19.349+0000] {processor.py:840} INFO - DAG(s) 'example_task_group' retrieved from /home/airflow/.local/lib/python3.12/site-packages/airflow/example_dags/example_task_group.py
[2025-09-24T17:01:19.378+0000] {logging_mixin.py:188} INFO - [2025-09-24T17:01:19.377+0000] {dag.py:3096} INFO - Sync 1 DAGs
[2025-09-24T17:01:19.404+0000] {logging_mixin.py:188} INFO - [2025-09-24T17:01:19.404+0000] {dag.py:3954} INFO - Setting next_dagrun for example_task_group to 2025-09-23 00:00:00+00:00, run_after=2025-09-24 00:00:00+00:00
[2025-09-24T17:01:19.425+0000] {processor.py:183} INFO - Processing /home/airflow/.local/lib/python3.12/site-packages/airflow/example_dags/example_task_group.py took 0.099 seconds
[2025-09-24T17:01:49.852+0000] {processor.py:161} INFO - Started process (PID=2889) to work on /home/airflow/.local/lib/python3.12/site-packages/airflow/example_dags/example_task_group.py
[2025-09-24T17:01:49.853+0000] {processor.py:830} INFO - Processing file /home/airflow/.local/lib/python3.12/site-packages/airflow/example_dags/example_task_group.py for tasks to queue
[2025-09-24T17:01:49.855+0000] {logging_mixin.py:188} INFO - [2025-09-24T17:01:49.855+0000] {dagbag.py:540} INFO - Filling up the DagBag from /home/airflow/.local/lib/python3.12/site-packages/airflow/example_dags/example_task_group.py
[2025-09-24T17:01:49.865+0000] {processor.py:840} INFO - DAG(s) 'example_task_group' retrieved from /home/airflow/.local/lib/python3.12/site-packages/airflow/example_dags/example_task_group.py
[2025-09-24T17:01:49.900+0000] {logging_mixin.py:188} INFO - [2025-09-24T17:01:49.900+0000] {dag.py:3096} INFO - Sync 1 DAGs
[2025-09-24T17:01:49.941+0000] {logging_mixin.py:188} INFO - [2025-09-24T17:01:49.941+0000] {dag.py:3954} INFO - Setting next_dagrun for example_task_group to 2025-09-23 00:00:00+00:00, run_after=2025-09-24 00:00:00+00:00
[2025-09-24T17:01:49.972+0000] {processor.py:183} INFO - Processing /home/airflow/.local/lib/python3.12/site-packages/airflow/example_dags/example_task_group.py took 0.129 seconds
[2025-09-24T17:02:20.348+0000] {processor.py:161} INFO - Started process (PID=2947) to work on /home/airflow/.local/lib/python3.12/site-packages/airflow/example_dags/example_task_group.py
[2025-09-24T17:02:20.349+0000] {processor.py:830} INFO - Processing file /home/airflow/.local/lib/python3.12/site-packages/airflow/example_dags/example_task_group.py for tasks to queue
[2025-09-24T17:02:20.352+0000] {logging_mixin.py:188} INFO - [2025-09-24T17:02:20.351+0000] {dagbag.py:540} INFO - Filling up the DagBag from /home/airflow/.local/lib/python3.12/site-packages/airflow/example_dags/example_task_group.py
[2025-09-24T17:02:20.362+0000] {processor.py:840} INFO - DAG(s) 'example_task_group' retrieved from /home/airflow/.local/lib/python3.12/site-packages/airflow/example_dags/example_task_group.py
[2025-09-24T17:02:20.389+0000] {logging_mixin.py:188} INFO - [2025-09-24T17:02:20.389+0000] {dag.py:3096} INFO - Sync 1 DAGs
[2025-09-24T17:02:20.416+0000] {logging_mixin.py:188} INFO - [2025-09-24T17:02:20.415+0000] {dag.py:3954} INFO - Setting next_dagrun for example_task_group to 2025-09-23 00:00:00+00:00, run_after=2025-09-24 00:00:00+00:00
[2025-09-24T17:02:20.438+0000] {processor.py:183} INFO - Processing /home/airflow/.local/lib/python3.12/site-packages/airflow/example_dags/example_task_group.py took 0.098 seconds
[2025-09-24T17:02:50.865+0000] {processor.py:161} INFO - Started process (PID=3005) to work on /home/airflow/.local/lib/python3.12/site-packages/airflow/example_dags/example_task_group.py
[2025-09-24T17:02:50.866+0000] {processor.py:830} INFO - Processing file /home/airflow/.local/lib/python3.12/site-packages/airflow/example_dags/example_task_group.py for tasks to queue
[2025-09-24T17:02:50.869+0000] {logging_mixin.py:188} INFO - [2025-09-24T17:02:50.868+0000] {dagbag.py:540} INFO - Filling up the DagBag from /home/airflow/.local/lib/python3.12/site-packages/airflow/example_dags/example_task_group.py
[2025-09-24T17:02:50.878+0000] {processor.py:840} INFO - DAG(s) 'example_task_group' retrieved from /home/airflow/.local/lib/python3.12/site-packages/airflow/example_dags/example_task_group.py
[2025-09-24T17:02:50.908+0000] {logging_mixin.py:188} INFO - [2025-09-24T17:02:50.908+0000] {dag.py:3096} INFO - Sync 1 DAGs
[2025-09-24T17:02:50.935+0000] {logging_mixin.py:188} INFO - [2025-09-24T17:02:50.934+0000] {dag.py:3954} INFO - Setting next_dagrun for example_task_group to 2025-09-23 00:00:00+00:00, run_after=2025-09-24 00:00:00+00:00
[2025-09-24T17:02:50.955+0000] {processor.py:183} INFO - Processing /home/airflow/.local/lib/python3.12/site-packages/airflow/example_dags/example_task_group.py took 0.098 seconds
[2025-09-24T17:03:21.423+0000] {processor.py:161} INFO - Started process (PID=3063) to work on /home/airflow/.local/lib/python3.12/site-packages/airflow/example_dags/example_task_group.py
[2025-09-24T17:03:21.424+0000] {processor.py:830} INFO - Processing file /home/airflow/.local/lib/python3.12/site-packages/airflow/example_dags/example_task_group.py for tasks to queue
[2025-09-24T17:03:21.427+0000] {logging_mixin.py:188} INFO - [2025-09-24T17:03:21.426+0000] {dagbag.py:540} INFO - Filling up the DagBag from /home/airflow/.local/lib/python3.12/site-packages/airflow/example_dags/example_task_group.py
[2025-09-24T17:03:21.437+0000] {processor.py:840} INFO - DAG(s) 'example_task_group' retrieved from /home/airflow/.local/lib/python3.12/site-packages/airflow/example_dags/example_task_group.py
[2025-09-24T17:03:21.467+0000] {logging_mixin.py:188} INFO - [2025-09-24T17:03:21.467+0000] {dag.py:3096} INFO - Sync 1 DAGs
[2025-09-24T17:03:21.496+0000] {logging_mixin.py:188} INFO - [2025-09-24T17:03:21.496+0000] {dag.py:3954} INFO - Setting next_dagrun for example_task_group to 2025-09-23 00:00:00+00:00, run_after=2025-09-24 00:00:00+00:00
[2025-09-24T17:03:21.520+0000] {processor.py:183} INFO - Processing /home/airflow/.local/lib/python3.12/site-packages/airflow/example_dags/example_task_group.py took 0.106 seconds
[2025-09-24T17:03:52.064+0000] {processor.py:161} INFO - Started process (PID=3127) to work on /home/airflow/.local/lib/python3.12/site-packages/airflow/example_dags/example_task_group.py
[2025-09-24T17:03:52.066+0000] {processor.py:830} INFO - Processing file /home/airflow/.local/lib/python3.12/site-packages/airflow/example_dags/example_task_group.py for tasks to queue
[2025-09-24T17:03:52.071+0000] {logging_mixin.py:188} INFO - [2025-09-24T17:03:52.070+0000] {dagbag.py:540} INFO - Filling up the DagBag from /home/airflow/.local/lib/python3.12/site-packages/airflow/example_dags/example_task_group.py
[2025-09-24T17:03:52.089+0000] {processor.py:840} INFO - DAG(s) 'example_task_group' retrieved from /home/airflow/.local/lib/python3.12/site-packages/airflow/example_dags/example_task_group.py
[2025-09-24T17:03:52.144+0000] {logging_mixin.py:188} INFO - [2025-09-24T17:03:52.143+0000] {dag.py:3096} INFO - Sync 1 DAGs
[2025-09-24T17:03:52.213+0000] {logging_mixin.py:188} INFO - [2025-09-24T17:03:52.212+0000] {dag.py:3954} INFO - Setting next_dagrun for example_task_group to 2025-09-23 00:00:00+00:00, run_after=2025-09-24 00:00:00+00:00
[2025-09-24T17:03:52.256+0000] {processor.py:183} INFO - Processing /home/airflow/.local/lib/python3.12/site-packages/airflow/example_dags/example_task_group.py took 0.203 seconds
[2025-09-24T17:04:22.907+0000] {processor.py:161} INFO - Started process (PID=3185) to work on /home/airflow/.local/lib/python3.12/site-packages/airflow/example_dags/example_task_group.py
[2025-09-24T17:04:22.908+0000] {processor.py:830} INFO - Processing file /home/airflow/.local/lib/python3.12/site-packages/airflow/example_dags/example_task_group.py for tasks to queue
[2025-09-24T17:04:22.911+0000] {logging_mixin.py:188} INFO - [2025-09-24T17:04:22.911+0000] {dagbag.py:540} INFO - Filling up the DagBag from /home/airflow/.local/lib/python3.12/site-packages/airflow/example_dags/example_task_group.py
[2025-09-24T17:04:22.924+0000] {processor.py:840} INFO - DAG(s) 'example_task_group' retrieved from /home/airflow/.local/lib/python3.12/site-packages/airflow/example_dags/example_task_group.py
[2025-09-24T17:04:22.968+0000] {logging_mixin.py:188} INFO - [2025-09-24T17:04:22.968+0000] {dag.py:3096} INFO - Sync 1 DAGs
[2025-09-24T17:04:23.010+0000] {logging_mixin.py:188} INFO - [2025-09-24T17:04:23.010+0000] {dag.py:3954} INFO - Setting next_dagrun for example_task_group to 2025-09-23 00:00:00+00:00, run_after=2025-09-24 00:00:00+00:00
[2025-09-24T17:04:23.057+0000] {processor.py:183} INFO - Processing /home/airflow/.local/lib/python3.12/site-packages/airflow/example_dags/example_task_group.py took 0.160 seconds
[2025-09-24T17:04:53.221+0000] {processor.py:161} INFO - Started process (PID=3243) to work on /home/airflow/.local/lib/python3.12/site-packages/airflow/example_dags/example_task_group.py
[2025-09-24T17:04:53.224+0000] {processor.py:830} INFO - Processing file /home/airflow/.local/lib/python3.12/site-packages/airflow/example_dags/example_task_group.py for tasks to queue
[2025-09-24T17:04:53.228+0000] {logging_mixin.py:188} INFO - [2025-09-24T17:04:53.227+0000] {dagbag.py:540} INFO - Filling up the DagBag from /home/airflow/.local/lib/python3.12/site-packages/airflow/example_dags/example_task_group.py
[2025-09-24T17:04:53.239+0000] {processor.py:840} INFO - DAG(s) 'example_task_group' retrieved from /home/airflow/.local/lib/python3.12/site-packages/airflow/example_dags/example_task_group.py
[2025-09-24T17:04:53.277+0000] {logging_mixin.py:188} INFO - [2025-09-24T17:04:53.277+0000] {dag.py:3096} INFO - Sync 1 DAGs
[2025-09-24T17:04:53.309+0000] {logging_mixin.py:188} INFO - [2025-09-24T17:04:53.309+0000] {dag.py:3954} INFO - Setting next_dagrun for example_task_group to 2025-09-23 00:00:00+00:00, run_after=2025-09-24 00:00:00+00:00
[2025-09-24T17:04:53.335+0000] {processor.py:183} INFO - Processing /home/airflow/.local/lib/python3.12/site-packages/airflow/example_dags/example_task_group.py took 0.126 seconds
[2025-09-24T17:05:24.016+0000] {processor.py:161} INFO - Started process (PID=3301) to work on /home/airflow/.local/lib/python3.12/site-packages/airflow/example_dags/example_task_group.py
[2025-09-24T17:05:24.018+0000] {processor.py:830} INFO - Processing file /home/airflow/.local/lib/python3.12/site-packages/airflow/example_dags/example_task_group.py for tasks to queue
[2025-09-24T17:05:24.020+0000] {logging_mixin.py:188} INFO - [2025-09-24T17:05:24.020+0000] {dagbag.py:540} INFO - Filling up the DagBag from /home/airflow/.local/lib/python3.12/site-packages/airflow/example_dags/example_task_group.py
[2025-09-24T17:05:24.030+0000] {processor.py:840} INFO - DAG(s) 'example_task_group' retrieved from /home/airflow/.local/lib/python3.12/site-packages/airflow/example_dags/example_task_group.py
[2025-09-24T17:05:24.063+0000] {logging_mixin.py:188} INFO - [2025-09-24T17:05:24.062+0000] {dag.py:3096} INFO - Sync 1 DAGs
[2025-09-24T17:05:24.092+0000] {logging_mixin.py:188} INFO - [2025-09-24T17:05:24.092+0000] {dag.py:3954} INFO - Setting next_dagrun for example_task_group to 2025-09-23 00:00:00+00:00, run_after=2025-09-24 00:00:00+00:00
[2025-09-24T17:05:24.122+0000] {processor.py:183} INFO - Processing /home/airflow/.local/lib/python3.12/site-packages/airflow/example_dags/example_task_group.py took 0.114 seconds
[2025-09-24T17:05:55.094+0000] {processor.py:161} INFO - Started process (PID=3359) to work on /home/airflow/.local/lib/python3.12/site-packages/airflow/example_dags/example_task_group.py
[2025-09-24T17:05:55.097+0000] {processor.py:830} INFO - Processing file /home/airflow/.local/lib/python3.12/site-packages/airflow/example_dags/example_task_group.py for tasks to queue
[2025-09-24T17:05:55.100+0000] {logging_mixin.py:188} INFO - [2025-09-24T17:05:55.099+0000] {dagbag.py:540} INFO - Filling up the DagBag from /home/airflow/.local/lib/python3.12/site-packages/airflow/example_dags/example_task_group.py
[2025-09-24T17:05:55.113+0000] {processor.py:840} INFO - DAG(s) 'example_task_group' retrieved from /home/airflow/.local/lib/python3.12/site-packages/airflow/example_dags/example_task_group.py
[2025-09-24T17:05:55.150+0000] {logging_mixin.py:188} INFO - [2025-09-24T17:05:55.150+0000] {dag.py:3096} INFO - Sync 1 DAGs
[2025-09-24T17:05:55.182+0000] {logging_mixin.py:188} INFO - [2025-09-24T17:05:55.181+0000] {dag.py:3954} INFO - Setting next_dagrun for example_task_group to 2025-09-23 00:00:00+00:00, run_after=2025-09-24 00:00:00+00:00
[2025-09-24T17:05:55.208+0000] {processor.py:183} INFO - Processing /home/airflow/.local/lib/python3.12/site-packages/airflow/example_dags/example_task_group.py took 0.123 seconds
[2025-09-24T17:06:25.392+0000] {processor.py:161} INFO - Started process (PID=3417) to work on /home/airflow/.local/lib/python3.12/site-packages/airflow/example_dags/example_task_group.py
[2025-09-24T17:06:25.393+0000] {processor.py:830} INFO - Processing file /home/airflow/.local/lib/python3.12/site-packages/airflow/example_dags/example_task_group.py for tasks to queue
[2025-09-24T17:06:25.396+0000] {logging_mixin.py:188} INFO - [2025-09-24T17:06:25.395+0000] {dagbag.py:540} INFO - Filling up the DagBag from /home/airflow/.local/lib/python3.12/site-packages/airflow/example_dags/example_task_group.py
[2025-09-24T17:06:25.407+0000] {processor.py:840} INFO - DAG(s) 'example_task_group' retrieved from /home/airflow/.local/lib/python3.12/site-packages/airflow/example_dags/example_task_group.py
[2025-09-24T17:06:25.440+0000] {logging_mixin.py:188} INFO - [2025-09-24T17:06:25.440+0000] {dag.py:3096} INFO - Sync 1 DAGs
[2025-09-24T17:06:25.471+0000] {logging_mixin.py:188} INFO - [2025-09-24T17:06:25.470+0000] {dag.py:3954} INFO - Setting next_dagrun for example_task_group to 2025-09-23 00:00:00+00:00, run_after=2025-09-24 00:00:00+00:00
[2025-09-24T17:06:25.495+0000] {processor.py:183} INFO - Processing /home/airflow/.local/lib/python3.12/site-packages/airflow/example_dags/example_task_group.py took 0.112 seconds
[2025-09-24T17:06:56.441+0000] {processor.py:161} INFO - Started process (PID=3475) to work on /home/airflow/.local/lib/python3.12/site-packages/airflow/example_dags/example_task_group.py
[2025-09-24T17:06:56.442+0000] {processor.py:830} INFO - Processing file /home/airflow/.local/lib/python3.12/site-packages/airflow/example_dags/example_task_group.py for tasks to queue
[2025-09-24T17:06:56.446+0000] {logging_mixin.py:188} INFO - [2025-09-24T17:06:56.445+0000] {dagbag.py:540} INFO - Filling up the DagBag from /home/airflow/.local/lib/python3.12/site-packages/airflow/example_dags/example_task_group.py
[2025-09-24T17:06:56.461+0000] {processor.py:840} INFO - DAG(s) 'example_task_group' retrieved from /home/airflow/.local/lib/python3.12/site-packages/airflow/example_dags/example_task_group.py
[2025-09-24T17:06:56.497+0000] {logging_mixin.py:188} INFO - [2025-09-24T17:06:56.497+0000] {dag.py:3096} INFO - Sync 1 DAGs
[2025-09-24T17:06:56.533+0000] {logging_mixin.py:188} INFO - [2025-09-24T17:06:56.533+0000] {dag.py:3954} INFO - Setting next_dagrun for example_task_group to 2025-09-23 00:00:00+00:00, run_after=2025-09-24 00:00:00+00:00
[2025-09-24T17:06:56.563+0000] {processor.py:183} INFO - Processing /home/airflow/.local/lib/python3.12/site-packages/airflow/example_dags/example_task_group.py took 0.131 seconds
[2025-09-24T17:07:26.663+0000] {processor.py:161} INFO - Started process (PID=3533) to work on /home/airflow/.local/lib/python3.12/site-packages/airflow/example_dags/example_task_group.py
[2025-09-24T17:07:26.665+0000] {processor.py:830} INFO - Processing file /home/airflow/.local/lib/python3.12/site-packages/airflow/example_dags/example_task_group.py for tasks to queue
[2025-09-24T17:07:26.668+0000] {logging_mixin.py:188} INFO - [2025-09-24T17:07:26.667+0000] {dagbag.py:540} INFO - Filling up the DagBag from /home/airflow/.local/lib/python3.12/site-packages/airflow/example_dags/example_task_group.py
[2025-09-24T17:07:26.681+0000] {processor.py:840} INFO - DAG(s) 'example_task_group' retrieved from /home/airflow/.local/lib/python3.12/site-packages/airflow/example_dags/example_task_group.py
[2025-09-24T17:07:26.712+0000] {logging_mixin.py:188} INFO - [2025-09-24T17:07:26.712+0000] {dag.py:3096} INFO - Sync 1 DAGs
[2025-09-24T17:07:26.740+0000] {logging_mixin.py:188} INFO - [2025-09-24T17:07:26.740+0000] {dag.py:3954} INFO - Setting next_dagrun for example_task_group to 2025-09-23 00:00:00+00:00, run_after=2025-09-24 00:00:00+00:00
[2025-09-24T17:07:26.764+0000] {processor.py:183} INFO - Processing /home/airflow/.local/lib/python3.12/site-packages/airflow/example_dags/example_task_group.py took 0.111 seconds
[2025-09-24T17:07:57.135+0000] {processor.py:161} INFO - Started process (PID=3591) to work on /home/airflow/.local/lib/python3.12/site-packages/airflow/example_dags/example_task_group.py
[2025-09-24T17:07:57.137+0000] {processor.py:830} INFO - Processing file /home/airflow/.local/lib/python3.12/site-packages/airflow/example_dags/example_task_group.py for tasks to queue
[2025-09-24T17:07:57.140+0000] {logging_mixin.py:188} INFO - [2025-09-24T17:07:57.139+0000] {dagbag.py:540} INFO - Filling up the DagBag from /home/airflow/.local/lib/python3.12/site-packages/airflow/example_dags/example_task_group.py
[2025-09-24T17:07:57.150+0000] {processor.py:840} INFO - DAG(s) 'example_task_group' retrieved from /home/airflow/.local/lib/python3.12/site-packages/airflow/example_dags/example_task_group.py
[2025-09-24T17:07:57.186+0000] {logging_mixin.py:188} INFO - [2025-09-24T17:07:57.185+0000] {dag.py:3096} INFO - Sync 1 DAGs
[2025-09-24T17:07:57.223+0000] {logging_mixin.py:188} INFO - [2025-09-24T17:07:57.223+0000] {dag.py:3954} INFO - Setting next_dagrun for example_task_group to 2025-09-23 00:00:00+00:00, run_after=2025-09-24 00:00:00+00:00
[2025-09-24T17:07:57.253+0000] {processor.py:183} INFO - Processing /home/airflow/.local/lib/python3.12/site-packages/airflow/example_dags/example_task_group.py took 0.127 seconds
[2025-09-24T17:08:27.661+0000] {processor.py:161} INFO - Started process (PID=3649) to work on /home/airflow/.local/lib/python3.12/site-packages/airflow/example_dags/example_task_group.py
[2025-09-24T17:08:27.662+0000] {processor.py:830} INFO - Processing file /home/airflow/.local/lib/python3.12/site-packages/airflow/example_dags/example_task_group.py for tasks to queue
[2025-09-24T17:08:27.664+0000] {logging_mixin.py:188} INFO - [2025-09-24T17:08:27.664+0000] {dagbag.py:540} INFO - Filling up the DagBag from /home/airflow/.local/lib/python3.12/site-packages/airflow/example_dags/example_task_group.py
[2025-09-24T17:08:27.674+0000] {processor.py:840} INFO - DAG(s) 'example_task_group' retrieved from /home/airflow/.local/lib/python3.12/site-packages/airflow/example_dags/example_task_group.py
[2025-09-24T17:08:27.703+0000] {logging_mixin.py:188} INFO - [2025-09-24T17:08:27.702+0000] {dag.py:3096} INFO - Sync 1 DAGs
[2025-09-24T17:08:27.730+0000] {logging_mixin.py:188} INFO - [2025-09-24T17:08:27.730+0000] {dag.py:3954} INFO - Setting next_dagrun for example_task_group to 2025-09-23 00:00:00+00:00, run_after=2025-09-24 00:00:00+00:00
[2025-09-24T17:08:27.754+0000] {processor.py:183} INFO - Processing /home/airflow/.local/lib/python3.12/site-packages/airflow/example_dags/example_task_group.py took 0.102 seconds
[2025-09-24T17:08:58.208+0000] {processor.py:161} INFO - Started process (PID=3707) to work on /home/airflow/.local/lib/python3.12/site-packages/airflow/example_dags/example_task_group.py
[2025-09-24T17:08:58.210+0000] {processor.py:830} INFO - Processing file /home/airflow/.local/lib/python3.12/site-packages/airflow/example_dags/example_task_group.py for tasks to queue
[2025-09-24T17:08:58.213+0000] {logging_mixin.py:188} INFO - [2025-09-24T17:08:58.212+0000] {dagbag.py:540} INFO - Filling up the DagBag from /home/airflow/.local/lib/python3.12/site-packages/airflow/example_dags/example_task_group.py
[2025-09-24T17:08:58.225+0000] {processor.py:840} INFO - DAG(s) 'example_task_group' retrieved from /home/airflow/.local/lib/python3.12/site-packages/airflow/example_dags/example_task_group.py
[2025-09-24T17:08:58.263+0000] {logging_mixin.py:188} INFO - [2025-09-24T17:08:58.263+0000] {dag.py:3096} INFO - Sync 1 DAGs
[2025-09-24T17:08:58.301+0000] {logging_mixin.py:188} INFO - [2025-09-24T17:08:58.300+0000] {dag.py:3954} INFO - Setting next_dagrun for example_task_group to 2025-09-23 00:00:00+00:00, run_after=2025-09-24 00:00:00+00:00
[2025-09-24T17:08:58.330+0000] {processor.py:183} INFO - Processing /home/airflow/.local/lib/python3.12/site-packages/airflow/example_dags/example_task_group.py took 0.132 seconds
[2025-09-24T17:09:28.468+0000] {processor.py:161} INFO - Started process (PID=3765) to work on /home/airflow/.local/lib/python3.12/site-packages/airflow/example_dags/example_task_group.py
[2025-09-24T17:09:28.469+0000] {processor.py:830} INFO - Processing file /home/airflow/.local/lib/python3.12/site-packages/airflow/example_dags/example_task_group.py for tasks to queue
[2025-09-24T17:09:28.471+0000] {logging_mixin.py:188} INFO - [2025-09-24T17:09:28.471+0000] {dagbag.py:540} INFO - Filling up the DagBag from /home/airflow/.local/lib/python3.12/site-packages/airflow/example_dags/example_task_group.py
[2025-09-24T17:09:28.482+0000] {processor.py:840} INFO - DAG(s) 'example_task_group' retrieved from /home/airflow/.local/lib/python3.12/site-packages/airflow/example_dags/example_task_group.py
[2025-09-24T17:09:28.515+0000] {logging_mixin.py:188} INFO - [2025-09-24T17:09:28.514+0000] {dag.py:3096} INFO - Sync 1 DAGs
[2025-09-24T17:09:28.547+0000] {logging_mixin.py:188} INFO - [2025-09-24T17:09:28.547+0000] {dag.py:3954} INFO - Setting next_dagrun for example_task_group to 2025-09-23 00:00:00+00:00, run_after=2025-09-24 00:00:00+00:00
[2025-09-24T17:09:28.574+0000] {processor.py:183} INFO - Processing /home/airflow/.local/lib/python3.12/site-packages/airflow/example_dags/example_task_group.py took 0.115 seconds
[2025-09-24T17:09:58.968+0000] {processor.py:161} INFO - Started process (PID=3823) to work on /home/airflow/.local/lib/python3.12/site-packages/airflow/example_dags/example_task_group.py
[2025-09-24T17:09:58.969+0000] {processor.py:830} INFO - Processing file /home/airflow/.local/lib/python3.12/site-packages/airflow/example_dags/example_task_group.py for tasks to queue
[2025-09-24T17:09:58.972+0000] {logging_mixin.py:188} INFO - [2025-09-24T17:09:58.971+0000] {dagbag.py:540} INFO - Filling up the DagBag from /home/airflow/.local/lib/python3.12/site-packages/airflow/example_dags/example_task_group.py
[2025-09-24T17:09:58.984+0000] {processor.py:840} INFO - DAG(s) 'example_task_group' retrieved from /home/airflow/.local/lib/python3.12/site-packages/airflow/example_dags/example_task_group.py
[2025-09-24T17:09:59.017+0000] {logging_mixin.py:188} INFO - [2025-09-24T17:09:59.016+0000] {dag.py:3096} INFO - Sync 1 DAGs
[2025-09-24T17:09:59.051+0000] {logging_mixin.py:188} INFO - [2025-09-24T17:09:59.051+0000] {dag.py:3954} INFO - Setting next_dagrun for example_task_group to 2025-09-23 00:00:00+00:00, run_after=2025-09-24 00:00:00+00:00
[2025-09-24T17:09:59.084+0000] {processor.py:183} INFO - Processing /home/airflow/.local/lib/python3.12/site-packages/airflow/example_dags/example_task_group.py took 0.126 seconds
[2025-09-24T17:10:29.986+0000] {processor.py:161} INFO - Started process (PID=3881) to work on /home/airflow/.local/lib/python3.12/site-packages/airflow/example_dags/example_task_group.py
[2025-09-24T17:10:29.987+0000] {processor.py:830} INFO - Processing file /home/airflow/.local/lib/python3.12/site-packages/airflow/example_dags/example_task_group.py for tasks to queue
[2025-09-24T17:10:29.991+0000] {logging_mixin.py:188} INFO - [2025-09-24T17:10:29.990+0000] {dagbag.py:540} INFO - Filling up the DagBag from /home/airflow/.local/lib/python3.12/site-packages/airflow/example_dags/example_task_group.py
[2025-09-24T17:10:30.004+0000] {processor.py:840} INFO - DAG(s) 'example_task_group' retrieved from /home/airflow/.local/lib/python3.12/site-packages/airflow/example_dags/example_task_group.py
[2025-09-24T17:10:30.039+0000] {logging_mixin.py:188} INFO - [2025-09-24T17:10:30.038+0000] {dag.py:3096} INFO - Sync 1 DAGs
[2025-09-24T17:10:30.067+0000] {logging_mixin.py:188} INFO - [2025-09-24T17:10:30.067+0000] {dag.py:3954} INFO - Setting next_dagrun for example_task_group to 2025-09-23 00:00:00+00:00, run_after=2025-09-24 00:00:00+00:00
[2025-09-24T17:10:30.089+0000] {processor.py:183} INFO - Processing /home/airflow/.local/lib/python3.12/site-packages/airflow/example_dags/example_task_group.py took 0.111 seconds
[2025-09-24T17:11:00.757+0000] {processor.py:161} INFO - Started process (PID=3939) to work on /home/airflow/.local/lib/python3.12/site-packages/airflow/example_dags/example_task_group.py
[2025-09-24T17:11:00.758+0000] {processor.py:830} INFO - Processing file /home/airflow/.local/lib/python3.12/site-packages/airflow/example_dags/example_task_group.py for tasks to queue
[2025-09-24T17:11:00.762+0000] {logging_mixin.py:188} INFO - [2025-09-24T17:11:00.761+0000] {dagbag.py:540} INFO - Filling up the DagBag from /home/airflow/.local/lib/python3.12/site-packages/airflow/example_dags/example_task_group.py
[2025-09-24T17:11:00.778+0000] {processor.py:840} INFO - DAG(s) 'example_task_group' retrieved from /home/airflow/.local/lib/python3.12/site-packages/airflow/example_dags/example_task_group.py
[2025-09-24T17:11:00.820+0000] {logging_mixin.py:188} INFO - [2025-09-24T17:11:00.819+0000] {dag.py:3096} INFO - Sync 1 DAGs
[2025-09-24T17:11:00.858+0000] {logging_mixin.py:188} INFO - [2025-09-24T17:11:00.858+0000] {dag.py:3954} INFO - Setting next_dagrun for example_task_group to 2025-09-23 00:00:00+00:00, run_after=2025-09-24 00:00:00+00:00
[2025-09-24T17:11:00.885+0000] {processor.py:183} INFO - Processing /home/airflow/.local/lib/python3.12/site-packages/airflow/example_dags/example_task_group.py took 0.139 seconds
[2025-09-24T17:11:31.168+0000] {processor.py:161} INFO - Started process (PID=3997) to work on /home/airflow/.local/lib/python3.12/site-packages/airflow/example_dags/example_task_group.py
[2025-09-24T17:11:31.169+0000] {processor.py:830} INFO - Processing file /home/airflow/.local/lib/python3.12/site-packages/airflow/example_dags/example_task_group.py for tasks to queue
[2025-09-24T17:11:31.172+0000] {logging_mixin.py:188} INFO - [2025-09-24T17:11:31.171+0000] {dagbag.py:540} INFO - Filling up the DagBag from /home/airflow/.local/lib/python3.12/site-packages/airflow/example_dags/example_task_group.py
[2025-09-24T17:11:31.183+0000] {processor.py:840} INFO - DAG(s) 'example_task_group' retrieved from /home/airflow/.local/lib/python3.12/site-packages/airflow/example_dags/example_task_group.py
[2025-09-24T17:11:31.216+0000] {logging_mixin.py:188} INFO - [2025-09-24T17:11:31.216+0000] {dag.py:3096} INFO - Sync 1 DAGs
[2025-09-24T17:11:31.248+0000] {logging_mixin.py:188} INFO - [2025-09-24T17:11:31.248+0000] {dag.py:3954} INFO - Setting next_dagrun for example_task_group to 2025-09-23 00:00:00+00:00, run_after=2025-09-24 00:00:00+00:00
[2025-09-24T17:11:31.273+0000] {processor.py:183} INFO - Processing /home/airflow/.local/lib/python3.12/site-packages/airflow/example_dags/example_task_group.py took 0.115 seconds
[2025-09-24T17:12:01.351+0000] {processor.py:161} INFO - Started process (PID=4053) to work on /home/airflow/.local/lib/python3.12/site-packages/airflow/example_dags/example_task_group.py
[2025-09-24T17:12:01.353+0000] {processor.py:830} INFO - Processing file /home/airflow/.local/lib/python3.12/site-packages/airflow/example_dags/example_task_group.py for tasks to queue
[2025-09-24T17:12:01.356+0000] {logging_mixin.py:188} INFO - [2025-09-24T17:12:01.356+0000] {dagbag.py:540} INFO - Filling up the DagBag from /home/airflow/.local/lib/python3.12/site-packages/airflow/example_dags/example_task_group.py
[2025-09-24T17:12:01.368+0000] {processor.py:840} INFO - DAG(s) 'example_task_group' retrieved from /home/airflow/.local/lib/python3.12/site-packages/airflow/example_dags/example_task_group.py
[2025-09-24T17:12:01.400+0000] {logging_mixin.py:188} INFO - [2025-09-24T17:12:01.400+0000] {dag.py:3096} INFO - Sync 1 DAGs
[2025-09-24T17:12:01.430+0000] {logging_mixin.py:188} INFO - [2025-09-24T17:12:01.430+0000] {dag.py:3954} INFO - Setting next_dagrun for example_task_group to 2025-09-23 00:00:00+00:00, run_after=2025-09-24 00:00:00+00:00
[2025-09-24T17:12:01.463+0000] {processor.py:183} INFO - Processing /home/airflow/.local/lib/python3.12/site-packages/airflow/example_dags/example_task_group.py took 0.122 seconds
[2025-09-24T17:12:31.898+0000] {processor.py:161} INFO - Started process (PID=4111) to work on /home/airflow/.local/lib/python3.12/site-packages/airflow/example_dags/example_task_group.py
[2025-09-24T17:12:31.899+0000] {processor.py:830} INFO - Processing file /home/airflow/.local/lib/python3.12/site-packages/airflow/example_dags/example_task_group.py for tasks to queue
[2025-09-24T17:12:31.902+0000] {logging_mixin.py:188} INFO - [2025-09-24T17:12:31.902+0000] {dagbag.py:540} INFO - Filling up the DagBag from /home/airflow/.local/lib/python3.12/site-packages/airflow/example_dags/example_task_group.py
[2025-09-24T17:12:31.913+0000] {processor.py:840} INFO - DAG(s) 'example_task_group' retrieved from /home/airflow/.local/lib/python3.12/site-packages/airflow/example_dags/example_task_group.py
[2025-09-24T17:12:31.947+0000] {logging_mixin.py:188} INFO - [2025-09-24T17:12:31.947+0000] {dag.py:3096} INFO - Sync 1 DAGs
[2025-09-24T17:12:31.982+0000] {logging_mixin.py:188} INFO - [2025-09-24T17:12:31.982+0000] {dag.py:3954} INFO - Setting next_dagrun for example_task_group to 2025-09-23 00:00:00+00:00, run_after=2025-09-24 00:00:00+00:00
[2025-09-24T17:12:32.011+0000] {processor.py:183} INFO - Processing /home/airflow/.local/lib/python3.12/site-packages/airflow/example_dags/example_task_group.py took 0.122 seconds
[2025-09-24T17:13:02.375+0000] {processor.py:161} INFO - Started process (PID=4169) to work on /home/airflow/.local/lib/python3.12/site-packages/airflow/example_dags/example_task_group.py
[2025-09-24T17:13:02.376+0000] {processor.py:830} INFO - Processing file /home/airflow/.local/lib/python3.12/site-packages/airflow/example_dags/example_task_group.py for tasks to queue
[2025-09-24T17:13:02.379+0000] {logging_mixin.py:188} INFO - [2025-09-24T17:13:02.379+0000] {dagbag.py:540} INFO - Filling up the DagBag from /home/airflow/.local/lib/python3.12/site-packages/airflow/example_dags/example_task_group.py
[2025-09-24T17:13:02.390+0000] {processor.py:840} INFO - DAG(s) 'example_task_group' retrieved from /home/airflow/.local/lib/python3.12/site-packages/airflow/example_dags/example_task_group.py
[2025-09-24T17:13:02.424+0000] {logging_mixin.py:188} INFO - [2025-09-24T17:13:02.423+0000] {dag.py:3096} INFO - Sync 1 DAGs
[2025-09-24T17:13:02.455+0000] {logging_mixin.py:188} INFO - [2025-09-24T17:13:02.454+0000] {dag.py:3954} INFO - Setting next_dagrun for example_task_group to 2025-09-23 00:00:00+00:00, run_after=2025-09-24 00:00:00+00:00
[2025-09-24T17:13:02.484+0000] {processor.py:183} INFO - Processing /home/airflow/.local/lib/python3.12/site-packages/airflow/example_dags/example_task_group.py took 0.118 seconds
[2025-09-24T17:13:33.044+0000] {processor.py:161} INFO - Started process (PID=4227) to work on /home/airflow/.local/lib/python3.12/site-packages/airflow/example_dags/example_task_group.py
[2025-09-24T17:13:33.045+0000] {processor.py:830} INFO - Processing file /home/airflow/.local/lib/python3.12/site-packages/airflow/example_dags/example_task_group.py for tasks to queue
[2025-09-24T17:13:33.048+0000] {logging_mixin.py:188} INFO - [2025-09-24T17:13:33.047+0000] {dagbag.py:540} INFO - Filling up the DagBag from /home/airflow/.local/lib/python3.12/site-packages/airflow/example_dags/example_task_group.py
[2025-09-24T17:13:33.061+0000] {processor.py:840} INFO - DAG(s) 'example_task_group' retrieved from /home/airflow/.local/lib/python3.12/site-packages/airflow/example_dags/example_task_group.py
[2025-09-24T17:13:33.097+0000] {logging_mixin.py:188} INFO - [2025-09-24T17:13:33.096+0000] {dag.py:3096} INFO - Sync 1 DAGs
[2025-09-24T17:13:33.128+0000] {logging_mixin.py:188} INFO - [2025-09-24T17:13:33.128+0000] {dag.py:3954} INFO - Setting next_dagrun for example_task_group to 2025-09-23 00:00:00+00:00, run_after=2025-09-24 00:00:00+00:00
[2025-09-24T17:13:33.152+0000] {processor.py:183} INFO - Processing /home/airflow/.local/lib/python3.12/site-packages/airflow/example_dags/example_task_group.py took 0.119 seconds
[2025-09-24T17:14:03.450+0000] {processor.py:161} INFO - Started process (PID=4285) to work on /home/airflow/.local/lib/python3.12/site-packages/airflow/example_dags/example_task_group.py
[2025-09-24T17:14:03.452+0000] {processor.py:830} INFO - Processing file /home/airflow/.local/lib/python3.12/site-packages/airflow/example_dags/example_task_group.py for tasks to queue
[2025-09-24T17:14:03.454+0000] {logging_mixin.py:188} INFO - [2025-09-24T17:14:03.454+0000] {dagbag.py:540} INFO - Filling up the DagBag from /home/airflow/.local/lib/python3.12/site-packages/airflow/example_dags/example_task_group.py
[2025-09-24T17:14:03.464+0000] {processor.py:840} INFO - DAG(s) 'example_task_group' retrieved from /home/airflow/.local/lib/python3.12/site-packages/airflow/example_dags/example_task_group.py
[2025-09-24T17:14:03.497+0000] {logging_mixin.py:188} INFO - [2025-09-24T17:14:03.497+0000] {dag.py:3096} INFO - Sync 1 DAGs
[2025-09-24T17:14:03.528+0000] {logging_mixin.py:188} INFO - [2025-09-24T17:14:03.528+0000] {dag.py:3954} INFO - Setting next_dagrun for example_task_group to 2025-09-23 00:00:00+00:00, run_after=2025-09-24 00:00:00+00:00
[2025-09-24T17:14:03.553+0000] {processor.py:183} INFO - Processing /home/airflow/.local/lib/python3.12/site-packages/airflow/example_dags/example_task_group.py took 0.111 seconds
