[2025-09-24T16:37:12.322+0000] {processor.py:161} INFO - Started process (PID=66) to work on /home/airflow/.local/lib/python3.12/site-packages/airflow/example_dags/example_complex.py
[2025-09-24T16:37:12.325+0000] {processor.py:830} INFO - Processing file /home/airflow/.local/lib/python3.12/site-packages/airflow/example_dags/example_complex.py for tasks to queue
[2025-09-24T16:37:12.331+0000] {logging_mixin.py:188} INFO - [2025-09-24T16:37:12.330+0000] {dagbag.py:540} INFO - Filling up the DagBag from /home/airflow/.local/lib/python3.12/site-packages/airflow/example_dags/example_complex.py
[2025-09-24T16:37:12.379+0000] {processor.py:840} INFO - DAG(s) 'example_complex' retrieved from /home/airflow/.local/lib/python3.12/site-packages/airflow/example_dags/example_complex.py
[2025-09-24T16:37:12.915+0000] {logging_mixin.py:188} INFO - [2025-09-24T16:37:12.915+0000] {dag.py:3096} INFO - Sync 1 DAGs
[2025-09-24T16:37:12.937+0000] {logging_mixin.py:188} INFO - [2025-09-24T16:37:12.936+0000] {dag.py:3954} INFO - Setting next_dagrun for example_complex to None, run_after=None
[2025-09-24T16:37:12.965+0000] {processor.py:183} INFO - Processing /home/airflow/.local/lib/python3.12/site-packages/airflow/example_dags/example_complex.py took 0.659 seconds
[2025-09-24T16:37:43.025+0000] {processor.py:161} INFO - Started process (PID=124) to work on /home/airflow/.local/lib/python3.12/site-packages/airflow/example_dags/example_complex.py
[2025-09-24T16:37:43.027+0000] {processor.py:830} INFO - Processing file /home/airflow/.local/lib/python3.12/site-packages/airflow/example_dags/example_complex.py for tasks to queue
[2025-09-24T16:37:43.029+0000] {logging_mixin.py:188} INFO - [2025-09-24T16:37:43.029+0000] {dagbag.py:540} INFO - Filling up the DagBag from /home/airflow/.local/lib/python3.12/site-packages/airflow/example_dags/example_complex.py
[2025-09-24T16:37:43.042+0000] {processor.py:840} INFO - DAG(s) 'example_complex' retrieved from /home/airflow/.local/lib/python3.12/site-packages/airflow/example_dags/example_complex.py
[2025-09-24T16:37:43.085+0000] {logging_mixin.py:188} INFO - [2025-09-24T16:37:43.084+0000] {dag.py:3096} INFO - Sync 1 DAGs
[2025-09-24T16:37:43.100+0000] {logging_mixin.py:188} INFO - [2025-09-24T16:37:43.100+0000] {dag.py:3954} INFO - Setting next_dagrun for example_complex to None, run_after=None
[2025-09-24T16:37:43.124+0000] {processor.py:183} INFO - Processing /home/airflow/.local/lib/python3.12/site-packages/airflow/example_dags/example_complex.py took 0.106 seconds
[2025-09-24T16:38:13.393+0000] {processor.py:161} INFO - Started process (PID=182) to work on /home/airflow/.local/lib/python3.12/site-packages/airflow/example_dags/example_complex.py
[2025-09-24T16:38:13.394+0000] {processor.py:830} INFO - Processing file /home/airflow/.local/lib/python3.12/site-packages/airflow/example_dags/example_complex.py for tasks to queue
[2025-09-24T16:38:13.396+0000] {logging_mixin.py:188} INFO - [2025-09-24T16:38:13.396+0000] {dagbag.py:540} INFO - Filling up the DagBag from /home/airflow/.local/lib/python3.12/site-packages/airflow/example_dags/example_complex.py
[2025-09-24T16:38:13.410+0000] {processor.py:840} INFO - DAG(s) 'example_complex' retrieved from /home/airflow/.local/lib/python3.12/site-packages/airflow/example_dags/example_complex.py
[2025-09-24T16:38:13.452+0000] {logging_mixin.py:188} INFO - [2025-09-24T16:38:13.452+0000] {dag.py:3096} INFO - Sync 1 DAGs
[2025-09-24T16:38:13.467+0000] {logging_mixin.py:188} INFO - [2025-09-24T16:38:13.467+0000] {dag.py:3954} INFO - Setting next_dagrun for example_complex to None, run_after=None
[2025-09-24T16:38:13.489+0000] {processor.py:183} INFO - Processing /home/airflow/.local/lib/python3.12/site-packages/airflow/example_dags/example_complex.py took 0.104 seconds
[2025-09-24T16:38:43.891+0000] {processor.py:161} INFO - Started process (PID=240) to work on /home/airflow/.local/lib/python3.12/site-packages/airflow/example_dags/example_complex.py
[2025-09-24T16:38:43.893+0000] {processor.py:830} INFO - Processing file /home/airflow/.local/lib/python3.12/site-packages/airflow/example_dags/example_complex.py for tasks to queue
[2025-09-24T16:38:43.895+0000] {logging_mixin.py:188} INFO - [2025-09-24T16:38:43.895+0000] {dagbag.py:540} INFO - Filling up the DagBag from /home/airflow/.local/lib/python3.12/site-packages/airflow/example_dags/example_complex.py
[2025-09-24T16:38:43.908+0000] {processor.py:840} INFO - DAG(s) 'example_complex' retrieved from /home/airflow/.local/lib/python3.12/site-packages/airflow/example_dags/example_complex.py
[2025-09-24T16:38:43.946+0000] {logging_mixin.py:188} INFO - [2025-09-24T16:38:43.946+0000] {dag.py:3096} INFO - Sync 1 DAGs
[2025-09-24T16:38:43.961+0000] {logging_mixin.py:188} INFO - [2025-09-24T16:38:43.961+0000] {dag.py:3954} INFO - Setting next_dagrun for example_complex to None, run_after=None
[2025-09-24T16:38:43.983+0000] {processor.py:183} INFO - Processing /home/airflow/.local/lib/python3.12/site-packages/airflow/example_dags/example_complex.py took 0.099 seconds
[2025-09-24T16:39:14.137+0000] {processor.py:161} INFO - Started process (PID=298) to work on /home/airflow/.local/lib/python3.12/site-packages/airflow/example_dags/example_complex.py
[2025-09-24T16:39:14.138+0000] {processor.py:830} INFO - Processing file /home/airflow/.local/lib/python3.12/site-packages/airflow/example_dags/example_complex.py for tasks to queue
[2025-09-24T16:39:14.140+0000] {logging_mixin.py:188} INFO - [2025-09-24T16:39:14.139+0000] {dagbag.py:540} INFO - Filling up the DagBag from /home/airflow/.local/lib/python3.12/site-packages/airflow/example_dags/example_complex.py
[2025-09-24T16:39:14.153+0000] {processor.py:840} INFO - DAG(s) 'example_complex' retrieved from /home/airflow/.local/lib/python3.12/site-packages/airflow/example_dags/example_complex.py
[2025-09-24T16:39:14.191+0000] {logging_mixin.py:188} INFO - [2025-09-24T16:39:14.190+0000] {dag.py:3096} INFO - Sync 1 DAGs
[2025-09-24T16:39:14.205+0000] {logging_mixin.py:188} INFO - [2025-09-24T16:39:14.205+0000] {dag.py:3954} INFO - Setting next_dagrun for example_complex to None, run_after=None
[2025-09-24T16:39:14.226+0000] {processor.py:183} INFO - Processing /home/airflow/.local/lib/python3.12/site-packages/airflow/example_dags/example_complex.py took 0.096 seconds
[2025-09-24T16:39:44.635+0000] {processor.py:161} INFO - Started process (PID=356) to work on /home/airflow/.local/lib/python3.12/site-packages/airflow/example_dags/example_complex.py
[2025-09-24T16:39:44.636+0000] {processor.py:830} INFO - Processing file /home/airflow/.local/lib/python3.12/site-packages/airflow/example_dags/example_complex.py for tasks to queue
[2025-09-24T16:39:44.639+0000] {logging_mixin.py:188} INFO - [2025-09-24T16:39:44.638+0000] {dagbag.py:540} INFO - Filling up the DagBag from /home/airflow/.local/lib/python3.12/site-packages/airflow/example_dags/example_complex.py
[2025-09-24T16:39:44.654+0000] {processor.py:840} INFO - DAG(s) 'example_complex' retrieved from /home/airflow/.local/lib/python3.12/site-packages/airflow/example_dags/example_complex.py
[2025-09-24T16:39:44.695+0000] {logging_mixin.py:188} INFO - [2025-09-24T16:39:44.695+0000] {dag.py:3096} INFO - Sync 1 DAGs
[2025-09-24T16:39:44.711+0000] {logging_mixin.py:188} INFO - [2025-09-24T16:39:44.710+0000] {dag.py:3954} INFO - Setting next_dagrun for example_complex to None, run_after=None
[2025-09-24T16:39:44.732+0000] {processor.py:183} INFO - Processing /home/airflow/.local/lib/python3.12/site-packages/airflow/example_dags/example_complex.py took 0.106 seconds
[2025-09-24T16:40:15.218+0000] {processor.py:161} INFO - Started process (PID=414) to work on /home/airflow/.local/lib/python3.12/site-packages/airflow/example_dags/example_complex.py
[2025-09-24T16:40:15.220+0000] {processor.py:830} INFO - Processing file /home/airflow/.local/lib/python3.12/site-packages/airflow/example_dags/example_complex.py for tasks to queue
[2025-09-24T16:40:15.222+0000] {logging_mixin.py:188} INFO - [2025-09-24T16:40:15.222+0000] {dagbag.py:540} INFO - Filling up the DagBag from /home/airflow/.local/lib/python3.12/site-packages/airflow/example_dags/example_complex.py
[2025-09-24T16:40:15.237+0000] {processor.py:840} INFO - DAG(s) 'example_complex' retrieved from /home/airflow/.local/lib/python3.12/site-packages/airflow/example_dags/example_complex.py
[2025-09-24T16:40:15.279+0000] {logging_mixin.py:188} INFO - [2025-09-24T16:40:15.279+0000] {dag.py:3096} INFO - Sync 1 DAGs
[2025-09-24T16:40:15.295+0000] {logging_mixin.py:188} INFO - [2025-09-24T16:40:15.295+0000] {dag.py:3954} INFO - Setting next_dagrun for example_complex to None, run_after=None
[2025-09-24T16:40:15.317+0000] {processor.py:183} INFO - Processing /home/airflow/.local/lib/python3.12/site-packages/airflow/example_dags/example_complex.py took 0.107 seconds
[2025-09-24T16:40:45.648+0000] {processor.py:161} INFO - Started process (PID=472) to work on /home/airflow/.local/lib/python3.12/site-packages/airflow/example_dags/example_complex.py
[2025-09-24T16:40:45.651+0000] {processor.py:830} INFO - Processing file /home/airflow/.local/lib/python3.12/site-packages/airflow/example_dags/example_complex.py for tasks to queue
[2025-09-24T16:40:45.654+0000] {logging_mixin.py:188} INFO - [2025-09-24T16:40:45.653+0000] {dagbag.py:540} INFO - Filling up the DagBag from /home/airflow/.local/lib/python3.12/site-packages/airflow/example_dags/example_complex.py
[2025-09-24T16:40:45.669+0000] {processor.py:840} INFO - DAG(s) 'example_complex' retrieved from /home/airflow/.local/lib/python3.12/site-packages/airflow/example_dags/example_complex.py
[2025-09-24T16:40:45.709+0000] {logging_mixin.py:188} INFO - [2025-09-24T16:40:45.709+0000] {dag.py:3096} INFO - Sync 1 DAGs
[2025-09-24T16:40:45.724+0000] {logging_mixin.py:188} INFO - [2025-09-24T16:40:45.724+0000] {dag.py:3954} INFO - Setting next_dagrun for example_complex to None, run_after=None
[2025-09-24T16:40:45.746+0000] {processor.py:183} INFO - Processing /home/airflow/.local/lib/python3.12/site-packages/airflow/example_dags/example_complex.py took 0.107 seconds
[2025-09-24T16:41:15.991+0000] {processor.py:161} INFO - Started process (PID=530) to work on /home/airflow/.local/lib/python3.12/site-packages/airflow/example_dags/example_complex.py
[2025-09-24T16:41:15.992+0000] {processor.py:830} INFO - Processing file /home/airflow/.local/lib/python3.12/site-packages/airflow/example_dags/example_complex.py for tasks to queue
[2025-09-24T16:41:15.995+0000] {logging_mixin.py:188} INFO - [2025-09-24T16:41:15.994+0000] {dagbag.py:540} INFO - Filling up the DagBag from /home/airflow/.local/lib/python3.12/site-packages/airflow/example_dags/example_complex.py
[2025-09-24T16:41:16.010+0000] {processor.py:840} INFO - DAG(s) 'example_complex' retrieved from /home/airflow/.local/lib/python3.12/site-packages/airflow/example_dags/example_complex.py
[2025-09-24T16:41:16.050+0000] {logging_mixin.py:188} INFO - [2025-09-24T16:41:16.050+0000] {dag.py:3096} INFO - Sync 1 DAGs
[2025-09-24T16:41:16.066+0000] {logging_mixin.py:188} INFO - [2025-09-24T16:41:16.066+0000] {dag.py:3954} INFO - Setting next_dagrun for example_complex to None, run_after=None
[2025-09-24T16:41:16.088+0000] {processor.py:183} INFO - Processing /home/airflow/.local/lib/python3.12/site-packages/airflow/example_dags/example_complex.py took 0.105 seconds
[2025-09-24T16:41:46.432+0000] {processor.py:161} INFO - Started process (PID=588) to work on /home/airflow/.local/lib/python3.12/site-packages/airflow/example_dags/example_complex.py
[2025-09-24T16:41:46.433+0000] {processor.py:830} INFO - Processing file /home/airflow/.local/lib/python3.12/site-packages/airflow/example_dags/example_complex.py for tasks to queue
[2025-09-24T16:41:46.435+0000] {logging_mixin.py:188} INFO - [2025-09-24T16:41:46.435+0000] {dagbag.py:540} INFO - Filling up the DagBag from /home/airflow/.local/lib/python3.12/site-packages/airflow/example_dags/example_complex.py
[2025-09-24T16:41:46.452+0000] {processor.py:840} INFO - DAG(s) 'example_complex' retrieved from /home/airflow/.local/lib/python3.12/site-packages/airflow/example_dags/example_complex.py
[2025-09-24T16:41:46.493+0000] {logging_mixin.py:188} INFO - [2025-09-24T16:41:46.493+0000] {dag.py:3096} INFO - Sync 1 DAGs
[2025-09-24T16:41:46.509+0000] {logging_mixin.py:188} INFO - [2025-09-24T16:41:46.508+0000] {dag.py:3954} INFO - Setting next_dagrun for example_complex to None, run_after=None
[2025-09-24T16:41:46.531+0000] {processor.py:183} INFO - Processing /home/airflow/.local/lib/python3.12/site-packages/airflow/example_dags/example_complex.py took 0.108 seconds
[2025-09-24T16:42:16.866+0000] {processor.py:161} INFO - Started process (PID=645) to work on /home/airflow/.local/lib/python3.12/site-packages/airflow/example_dags/example_complex.py
[2025-09-24T16:42:16.867+0000] {processor.py:830} INFO - Processing file /home/airflow/.local/lib/python3.12/site-packages/airflow/example_dags/example_complex.py for tasks to queue
[2025-09-24T16:42:16.869+0000] {logging_mixin.py:188} INFO - [2025-09-24T16:42:16.869+0000] {dagbag.py:540} INFO - Filling up the DagBag from /home/airflow/.local/lib/python3.12/site-packages/airflow/example_dags/example_complex.py
[2025-09-24T16:42:16.884+0000] {processor.py:840} INFO - DAG(s) 'example_complex' retrieved from /home/airflow/.local/lib/python3.12/site-packages/airflow/example_dags/example_complex.py
[2025-09-24T16:42:16.928+0000] {logging_mixin.py:188} INFO - [2025-09-24T16:42:16.928+0000] {dag.py:3096} INFO - Sync 1 DAGs
[2025-09-24T16:42:16.944+0000] {logging_mixin.py:188} INFO - [2025-09-24T16:42:16.944+0000] {dag.py:3954} INFO - Setting next_dagrun for example_complex to None, run_after=None
[2025-09-24T16:42:16.966+0000] {processor.py:183} INFO - Processing /home/airflow/.local/lib/python3.12/site-packages/airflow/example_dags/example_complex.py took 0.108 seconds
[2025-09-24T16:42:47.267+0000] {processor.py:161} INFO - Started process (PID=703) to work on /home/airflow/.local/lib/python3.12/site-packages/airflow/example_dags/example_complex.py
[2025-09-24T16:42:47.269+0000] {processor.py:830} INFO - Processing file /home/airflow/.local/lib/python3.12/site-packages/airflow/example_dags/example_complex.py for tasks to queue
[2025-09-24T16:42:47.271+0000] {logging_mixin.py:188} INFO - [2025-09-24T16:42:47.271+0000] {dagbag.py:540} INFO - Filling up the DagBag from /home/airflow/.local/lib/python3.12/site-packages/airflow/example_dags/example_complex.py
[2025-09-24T16:42:47.287+0000] {processor.py:840} INFO - DAG(s) 'example_complex' retrieved from /home/airflow/.local/lib/python3.12/site-packages/airflow/example_dags/example_complex.py
[2025-09-24T16:42:47.331+0000] {logging_mixin.py:188} INFO - [2025-09-24T16:42:47.331+0000] {dag.py:3096} INFO - Sync 1 DAGs
[2025-09-24T16:42:47.346+0000] {logging_mixin.py:188} INFO - [2025-09-24T16:42:47.346+0000] {dag.py:3954} INFO - Setting next_dagrun for example_complex to None, run_after=None
[2025-09-24T16:42:47.369+0000] {processor.py:183} INFO - Processing /home/airflow/.local/lib/python3.12/site-packages/airflow/example_dags/example_complex.py took 0.110 seconds
[2025-09-24T16:43:17.729+0000] {processor.py:161} INFO - Started process (PID=761) to work on /home/airflow/.local/lib/python3.12/site-packages/airflow/example_dags/example_complex.py
[2025-09-24T16:43:17.731+0000] {processor.py:830} INFO - Processing file /home/airflow/.local/lib/python3.12/site-packages/airflow/example_dags/example_complex.py for tasks to queue
[2025-09-24T16:43:17.733+0000] {logging_mixin.py:188} INFO - [2025-09-24T16:43:17.733+0000] {dagbag.py:540} INFO - Filling up the DagBag from /home/airflow/.local/lib/python3.12/site-packages/airflow/example_dags/example_complex.py
[2025-09-24T16:43:17.748+0000] {processor.py:840} INFO - DAG(s) 'example_complex' retrieved from /home/airflow/.local/lib/python3.12/site-packages/airflow/example_dags/example_complex.py
[2025-09-24T16:43:17.792+0000] {logging_mixin.py:188} INFO - [2025-09-24T16:43:17.792+0000] {dag.py:3096} INFO - Sync 1 DAGs
[2025-09-24T16:43:17.808+0000] {logging_mixin.py:188} INFO - [2025-09-24T16:43:17.808+0000] {dag.py:3954} INFO - Setting next_dagrun for example_complex to None, run_after=None
[2025-09-24T16:43:17.831+0000] {processor.py:183} INFO - Processing /home/airflow/.local/lib/python3.12/site-packages/airflow/example_dags/example_complex.py took 0.109 seconds
[2025-09-24T16:43:47.928+0000] {processor.py:161} INFO - Started process (PID=819) to work on /home/airflow/.local/lib/python3.12/site-packages/airflow/example_dags/example_complex.py
[2025-09-24T16:43:47.930+0000] {processor.py:830} INFO - Processing file /home/airflow/.local/lib/python3.12/site-packages/airflow/example_dags/example_complex.py for tasks to queue
[2025-09-24T16:43:47.932+0000] {logging_mixin.py:188} INFO - [2025-09-24T16:43:47.932+0000] {dagbag.py:540} INFO - Filling up the DagBag from /home/airflow/.local/lib/python3.12/site-packages/airflow/example_dags/example_complex.py
[2025-09-24T16:43:47.945+0000] {processor.py:840} INFO - DAG(s) 'example_complex' retrieved from /home/airflow/.local/lib/python3.12/site-packages/airflow/example_dags/example_complex.py
[2025-09-24T16:43:47.989+0000] {logging_mixin.py:188} INFO - [2025-09-24T16:43:47.988+0000] {dag.py:3096} INFO - Sync 1 DAGs
[2025-09-24T16:43:48.005+0000] {logging_mixin.py:188} INFO - [2025-09-24T16:43:48.005+0000] {dag.py:3954} INFO - Setting next_dagrun for example_complex to None, run_after=None
[2025-09-24T16:43:48.029+0000] {processor.py:183} INFO - Processing /home/airflow/.local/lib/python3.12/site-packages/airflow/example_dags/example_complex.py took 0.107 seconds
[2025-09-24T16:44:18.358+0000] {processor.py:161} INFO - Started process (PID=883) to work on /home/airflow/.local/lib/python3.12/site-packages/airflow/example_dags/example_complex.py
[2025-09-24T16:44:18.359+0000] {processor.py:830} INFO - Processing file /home/airflow/.local/lib/python3.12/site-packages/airflow/example_dags/example_complex.py for tasks to queue
[2025-09-24T16:44:18.362+0000] {logging_mixin.py:188} INFO - [2025-09-24T16:44:18.361+0000] {dagbag.py:540} INFO - Filling up the DagBag from /home/airflow/.local/lib/python3.12/site-packages/airflow/example_dags/example_complex.py
[2025-09-24T16:44:18.376+0000] {processor.py:840} INFO - DAG(s) 'example_complex' retrieved from /home/airflow/.local/lib/python3.12/site-packages/airflow/example_dags/example_complex.py
[2025-09-24T16:44:18.417+0000] {logging_mixin.py:188} INFO - [2025-09-24T16:44:18.417+0000] {dag.py:3096} INFO - Sync 1 DAGs
[2025-09-24T16:44:18.432+0000] {logging_mixin.py:188} INFO - [2025-09-24T16:44:18.432+0000] {dag.py:3954} INFO - Setting next_dagrun for example_complex to None, run_after=None
[2025-09-24T16:44:18.455+0000] {processor.py:183} INFO - Processing /home/airflow/.local/lib/python3.12/site-packages/airflow/example_dags/example_complex.py took 0.105 seconds
[2025-09-24T16:44:48.873+0000] {processor.py:161} INFO - Started process (PID=941) to work on /home/airflow/.local/lib/python3.12/site-packages/airflow/example_dags/example_complex.py
[2025-09-24T16:44:48.875+0000] {processor.py:830} INFO - Processing file /home/airflow/.local/lib/python3.12/site-packages/airflow/example_dags/example_complex.py for tasks to queue
[2025-09-24T16:44:48.877+0000] {logging_mixin.py:188} INFO - [2025-09-24T16:44:48.877+0000] {dagbag.py:540} INFO - Filling up the DagBag from /home/airflow/.local/lib/python3.12/site-packages/airflow/example_dags/example_complex.py
[2025-09-24T16:44:48.893+0000] {processor.py:840} INFO - DAG(s) 'example_complex' retrieved from /home/airflow/.local/lib/python3.12/site-packages/airflow/example_dags/example_complex.py
[2025-09-24T16:44:48.939+0000] {logging_mixin.py:188} INFO - [2025-09-24T16:44:48.939+0000] {dag.py:3096} INFO - Sync 1 DAGs
[2025-09-24T16:44:48.956+0000] {logging_mixin.py:188} INFO - [2025-09-24T16:44:48.956+0000] {dag.py:3954} INFO - Setting next_dagrun for example_complex to None, run_after=None
[2025-09-24T16:44:48.981+0000] {processor.py:183} INFO - Processing /home/airflow/.local/lib/python3.12/site-packages/airflow/example_dags/example_complex.py took 0.116 seconds
[2025-09-24T16:45:19.269+0000] {processor.py:161} INFO - Started process (PID=999) to work on /home/airflow/.local/lib/python3.12/site-packages/airflow/example_dags/example_complex.py
[2025-09-24T16:45:19.270+0000] {processor.py:830} INFO - Processing file /home/airflow/.local/lib/python3.12/site-packages/airflow/example_dags/example_complex.py for tasks to queue
[2025-09-24T16:45:19.272+0000] {logging_mixin.py:188} INFO - [2025-09-24T16:45:19.272+0000] {dagbag.py:540} INFO - Filling up the DagBag from /home/airflow/.local/lib/python3.12/site-packages/airflow/example_dags/example_complex.py
[2025-09-24T16:45:19.285+0000] {processor.py:840} INFO - DAG(s) 'example_complex' retrieved from /home/airflow/.local/lib/python3.12/site-packages/airflow/example_dags/example_complex.py
[2025-09-24T16:45:19.326+0000] {logging_mixin.py:188} INFO - [2025-09-24T16:45:19.326+0000] {dag.py:3096} INFO - Sync 1 DAGs
[2025-09-24T16:45:19.342+0000] {logging_mixin.py:188} INFO - [2025-09-24T16:45:19.341+0000] {dag.py:3954} INFO - Setting next_dagrun for example_complex to None, run_after=None
[2025-09-24T16:45:19.364+0000] {processor.py:183} INFO - Processing /home/airflow/.local/lib/python3.12/site-packages/airflow/example_dags/example_complex.py took 0.103 seconds
[2025-09-24T16:45:49.588+0000] {processor.py:161} INFO - Started process (PID=1057) to work on /home/airflow/.local/lib/python3.12/site-packages/airflow/example_dags/example_complex.py
[2025-09-24T16:45:49.589+0000] {processor.py:830} INFO - Processing file /home/airflow/.local/lib/python3.12/site-packages/airflow/example_dags/example_complex.py for tasks to queue
[2025-09-24T16:45:49.592+0000] {logging_mixin.py:188} INFO - [2025-09-24T16:45:49.592+0000] {dagbag.py:540} INFO - Filling up the DagBag from /home/airflow/.local/lib/python3.12/site-packages/airflow/example_dags/example_complex.py
[2025-09-24T16:45:49.607+0000] {processor.py:840} INFO - DAG(s) 'example_complex' retrieved from /home/airflow/.local/lib/python3.12/site-packages/airflow/example_dags/example_complex.py
[2025-09-24T16:45:49.662+0000] {logging_mixin.py:188} INFO - [2025-09-24T16:45:49.662+0000] {dag.py:3096} INFO - Sync 1 DAGs
[2025-09-24T16:45:49.678+0000] {logging_mixin.py:188} INFO - [2025-09-24T16:45:49.678+0000] {dag.py:3954} INFO - Setting next_dagrun for example_complex to None, run_after=None
[2025-09-24T16:45:49.703+0000] {processor.py:183} INFO - Processing /home/airflow/.local/lib/python3.12/site-packages/airflow/example_dags/example_complex.py took 0.123 seconds
[2025-09-24T16:46:19.963+0000] {processor.py:161} INFO - Started process (PID=1115) to work on /home/airflow/.local/lib/python3.12/site-packages/airflow/example_dags/example_complex.py
[2025-09-24T16:46:19.965+0000] {processor.py:830} INFO - Processing file /home/airflow/.local/lib/python3.12/site-packages/airflow/example_dags/example_complex.py for tasks to queue
[2025-09-24T16:46:19.969+0000] {logging_mixin.py:188} INFO - [2025-09-24T16:46:19.968+0000] {dagbag.py:540} INFO - Filling up the DagBag from /home/airflow/.local/lib/python3.12/site-packages/airflow/example_dags/example_complex.py
[2025-09-24T16:46:19.987+0000] {processor.py:840} INFO - DAG(s) 'example_complex' retrieved from /home/airflow/.local/lib/python3.12/site-packages/airflow/example_dags/example_complex.py
[2025-09-24T16:46:20.038+0000] {logging_mixin.py:188} INFO - [2025-09-24T16:46:20.038+0000] {dag.py:3096} INFO - Sync 1 DAGs
[2025-09-24T16:46:20.057+0000] {logging_mixin.py:188} INFO - [2025-09-24T16:46:20.056+0000] {dag.py:3954} INFO - Setting next_dagrun for example_complex to None, run_after=None
[2025-09-24T16:46:20.082+0000] {processor.py:183} INFO - Processing /home/airflow/.local/lib/python3.12/site-packages/airflow/example_dags/example_complex.py took 0.127 seconds
[2025-09-24T16:46:50.128+0000] {processor.py:161} INFO - Started process (PID=1173) to work on /home/airflow/.local/lib/python3.12/site-packages/airflow/example_dags/example_complex.py
[2025-09-24T16:46:50.129+0000] {processor.py:830} INFO - Processing file /home/airflow/.local/lib/python3.12/site-packages/airflow/example_dags/example_complex.py for tasks to queue
[2025-09-24T16:46:50.132+0000] {logging_mixin.py:188} INFO - [2025-09-24T16:46:50.132+0000] {dagbag.py:540} INFO - Filling up the DagBag from /home/airflow/.local/lib/python3.12/site-packages/airflow/example_dags/example_complex.py
[2025-09-24T16:46:50.148+0000] {processor.py:840} INFO - DAG(s) 'example_complex' retrieved from /home/airflow/.local/lib/python3.12/site-packages/airflow/example_dags/example_complex.py
[2025-09-24T16:46:50.202+0000] {logging_mixin.py:188} INFO - [2025-09-24T16:46:50.202+0000] {dag.py:3096} INFO - Sync 1 DAGs
[2025-09-24T16:46:50.222+0000] {logging_mixin.py:188} INFO - [2025-09-24T16:46:50.222+0000] {dag.py:3954} INFO - Setting next_dagrun for example_complex to None, run_after=None
[2025-09-24T16:46:50.251+0000] {processor.py:183} INFO - Processing /home/airflow/.local/lib/python3.12/site-packages/airflow/example_dags/example_complex.py took 0.132 seconds
[2025-09-24T16:47:20.706+0000] {processor.py:161} INFO - Started process (PID=1231) to work on /home/airflow/.local/lib/python3.12/site-packages/airflow/example_dags/example_complex.py
[2025-09-24T16:47:20.707+0000] {processor.py:830} INFO - Processing file /home/airflow/.local/lib/python3.12/site-packages/airflow/example_dags/example_complex.py for tasks to queue
[2025-09-24T16:47:20.710+0000] {logging_mixin.py:188} INFO - [2025-09-24T16:47:20.709+0000] {dagbag.py:540} INFO - Filling up the DagBag from /home/airflow/.local/lib/python3.12/site-packages/airflow/example_dags/example_complex.py
[2025-09-24T16:47:20.725+0000] {processor.py:840} INFO - DAG(s) 'example_complex' retrieved from /home/airflow/.local/lib/python3.12/site-packages/airflow/example_dags/example_complex.py
[2025-09-24T16:47:20.777+0000] {logging_mixin.py:188} INFO - [2025-09-24T16:47:20.777+0000] {dag.py:3096} INFO - Sync 1 DAGs
[2025-09-24T16:47:20.964+0000] {logging_mixin.py:188} INFO - [2025-09-24T16:47:20.964+0000] {dag.py:3954} INFO - Setting next_dagrun for example_complex to None, run_after=None
[2025-09-24T16:47:20.997+0000] {processor.py:183} INFO - Processing /home/airflow/.local/lib/python3.12/site-packages/airflow/example_dags/example_complex.py took 0.300 seconds
[2025-09-24T16:47:51.161+0000] {processor.py:161} INFO - Started process (PID=1289) to work on /home/airflow/.local/lib/python3.12/site-packages/airflow/example_dags/example_complex.py
[2025-09-24T16:47:51.163+0000] {processor.py:830} INFO - Processing file /home/airflow/.local/lib/python3.12/site-packages/airflow/example_dags/example_complex.py for tasks to queue
[2025-09-24T16:47:51.167+0000] {logging_mixin.py:188} INFO - [2025-09-24T16:47:51.166+0000] {dagbag.py:540} INFO - Filling up the DagBag from /home/airflow/.local/lib/python3.12/site-packages/airflow/example_dags/example_complex.py
[2025-09-24T16:47:51.188+0000] {processor.py:840} INFO - DAG(s) 'example_complex' retrieved from /home/airflow/.local/lib/python3.12/site-packages/airflow/example_dags/example_complex.py
[2025-09-24T16:47:51.249+0000] {logging_mixin.py:188} INFO - [2025-09-24T16:47:51.249+0000] {dag.py:3096} INFO - Sync 1 DAGs
[2025-09-24T16:47:51.271+0000] {logging_mixin.py:188} INFO - [2025-09-24T16:47:51.271+0000] {dag.py:3954} INFO - Setting next_dagrun for example_complex to None, run_after=None
[2025-09-24T16:47:51.305+0000] {processor.py:183} INFO - Processing /home/airflow/.local/lib/python3.12/site-packages/airflow/example_dags/example_complex.py took 0.154 seconds
[2025-09-24T16:48:21.402+0000] {processor.py:161} INFO - Started process (PID=1347) to work on /home/airflow/.local/lib/python3.12/site-packages/airflow/example_dags/example_complex.py
[2025-09-24T16:48:21.403+0000] {processor.py:830} INFO - Processing file /home/airflow/.local/lib/python3.12/site-packages/airflow/example_dags/example_complex.py for tasks to queue
[2025-09-24T16:48:21.406+0000] {logging_mixin.py:188} INFO - [2025-09-24T16:48:21.406+0000] {dagbag.py:540} INFO - Filling up the DagBag from /home/airflow/.local/lib/python3.12/site-packages/airflow/example_dags/example_complex.py
[2025-09-24T16:48:21.421+0000] {processor.py:840} INFO - DAG(s) 'example_complex' retrieved from /home/airflow/.local/lib/python3.12/site-packages/airflow/example_dags/example_complex.py
[2025-09-24T16:48:21.464+0000] {logging_mixin.py:188} INFO - [2025-09-24T16:48:21.463+0000] {dag.py:3096} INFO - Sync 1 DAGs
[2025-09-24T16:48:21.480+0000] {logging_mixin.py:188} INFO - [2025-09-24T16:48:21.480+0000] {dag.py:3954} INFO - Setting next_dagrun for example_complex to None, run_after=None
[2025-09-24T16:48:21.501+0000] {processor.py:183} INFO - Processing /home/airflow/.local/lib/python3.12/site-packages/airflow/example_dags/example_complex.py took 0.107 seconds
[2025-09-24T16:48:52.127+0000] {processor.py:161} INFO - Started process (PID=1405) to work on /home/airflow/.local/lib/python3.12/site-packages/airflow/example_dags/example_complex.py
[2025-09-24T16:48:52.128+0000] {processor.py:830} INFO - Processing file /home/airflow/.local/lib/python3.12/site-packages/airflow/example_dags/example_complex.py for tasks to queue
[2025-09-24T16:48:52.131+0000] {logging_mixin.py:188} INFO - [2025-09-24T16:48:52.131+0000] {dagbag.py:540} INFO - Filling up the DagBag from /home/airflow/.local/lib/python3.12/site-packages/airflow/example_dags/example_complex.py
[2025-09-24T16:48:52.148+0000] {processor.py:840} INFO - DAG(s) 'example_complex' retrieved from /home/airflow/.local/lib/python3.12/site-packages/airflow/example_dags/example_complex.py
[2025-09-24T16:48:52.192+0000] {logging_mixin.py:188} INFO - [2025-09-24T16:48:52.192+0000] {dag.py:3096} INFO - Sync 1 DAGs
[2025-09-24T16:48:52.208+0000] {logging_mixin.py:188} INFO - [2025-09-24T16:48:52.208+0000] {dag.py:3954} INFO - Setting next_dagrun for example_complex to None, run_after=None
[2025-09-24T16:48:52.234+0000] {processor.py:183} INFO - Processing /home/airflow/.local/lib/python3.12/site-packages/airflow/example_dags/example_complex.py took 0.115 seconds
[2025-09-24T16:49:22.400+0000] {processor.py:161} INFO - Started process (PID=1463) to work on /home/airflow/.local/lib/python3.12/site-packages/airflow/example_dags/example_complex.py
[2025-09-24T16:49:22.402+0000] {processor.py:830} INFO - Processing file /home/airflow/.local/lib/python3.12/site-packages/airflow/example_dags/example_complex.py for tasks to queue
[2025-09-24T16:49:22.404+0000] {logging_mixin.py:188} INFO - [2025-09-24T16:49:22.404+0000] {dagbag.py:540} INFO - Filling up the DagBag from /home/airflow/.local/lib/python3.12/site-packages/airflow/example_dags/example_complex.py
[2025-09-24T16:49:22.425+0000] {processor.py:840} INFO - DAG(s) 'example_complex' retrieved from /home/airflow/.local/lib/python3.12/site-packages/airflow/example_dags/example_complex.py
[2025-09-24T16:49:22.470+0000] {logging_mixin.py:188} INFO - [2025-09-24T16:49:22.469+0000] {dag.py:3096} INFO - Sync 1 DAGs
[2025-09-24T16:49:22.486+0000] {logging_mixin.py:188} INFO - [2025-09-24T16:49:22.486+0000] {dag.py:3954} INFO - Setting next_dagrun for example_complex to None, run_after=None
[2025-09-24T16:49:22.511+0000] {processor.py:183} INFO - Processing /home/airflow/.local/lib/python3.12/site-packages/airflow/example_dags/example_complex.py took 0.119 seconds
[2025-09-24T16:49:52.907+0000] {processor.py:161} INFO - Started process (PID=1522) to work on /home/airflow/.local/lib/python3.12/site-packages/airflow/example_dags/example_complex.py
[2025-09-24T16:49:52.908+0000] {processor.py:830} INFO - Processing file /home/airflow/.local/lib/python3.12/site-packages/airflow/example_dags/example_complex.py for tasks to queue
[2025-09-24T16:49:52.911+0000] {logging_mixin.py:188} INFO - [2025-09-24T16:49:52.911+0000] {dagbag.py:540} INFO - Filling up the DagBag from /home/airflow/.local/lib/python3.12/site-packages/airflow/example_dags/example_complex.py
[2025-09-24T16:49:52.926+0000] {processor.py:840} INFO - DAG(s) 'example_complex' retrieved from /home/airflow/.local/lib/python3.12/site-packages/airflow/example_dags/example_complex.py
[2025-09-24T16:49:52.977+0000] {logging_mixin.py:188} INFO - [2025-09-24T16:49:52.977+0000] {dag.py:3096} INFO - Sync 1 DAGs
[2025-09-24T16:49:52.995+0000] {logging_mixin.py:188} INFO - [2025-09-24T16:49:52.994+0000] {dag.py:3954} INFO - Setting next_dagrun for example_complex to None, run_after=None
[2025-09-24T16:49:53.023+0000] {processor.py:183} INFO - Processing /home/airflow/.local/lib/python3.12/site-packages/airflow/example_dags/example_complex.py took 0.124 seconds
[2025-09-24T16:50:23.248+0000] {processor.py:161} INFO - Started process (PID=1580) to work on /home/airflow/.local/lib/python3.12/site-packages/airflow/example_dags/example_complex.py
[2025-09-24T16:50:23.249+0000] {processor.py:830} INFO - Processing file /home/airflow/.local/lib/python3.12/site-packages/airflow/example_dags/example_complex.py for tasks to queue
[2025-09-24T16:50:23.252+0000] {logging_mixin.py:188} INFO - [2025-09-24T16:50:23.252+0000] {dagbag.py:540} INFO - Filling up the DagBag from /home/airflow/.local/lib/python3.12/site-packages/airflow/example_dags/example_complex.py
[2025-09-24T16:50:23.268+0000] {processor.py:840} INFO - DAG(s) 'example_complex' retrieved from /home/airflow/.local/lib/python3.12/site-packages/airflow/example_dags/example_complex.py
[2025-09-24T16:50:23.313+0000] {logging_mixin.py:188} INFO - [2025-09-24T16:50:23.312+0000] {dag.py:3096} INFO - Sync 1 DAGs
[2025-09-24T16:50:23.329+0000] {logging_mixin.py:188} INFO - [2025-09-24T16:50:23.328+0000] {dag.py:3954} INFO - Setting next_dagrun for example_complex to None, run_after=None
[2025-09-24T16:50:23.354+0000] {processor.py:183} INFO - Processing /home/airflow/.local/lib/python3.12/site-packages/airflow/example_dags/example_complex.py took 0.114 seconds
[2025-09-24T16:50:53.586+0000] {processor.py:161} INFO - Started process (PID=1638) to work on /home/airflow/.local/lib/python3.12/site-packages/airflow/example_dags/example_complex.py
[2025-09-24T16:50:53.587+0000] {processor.py:830} INFO - Processing file /home/airflow/.local/lib/python3.12/site-packages/airflow/example_dags/example_complex.py for tasks to queue
[2025-09-24T16:50:53.590+0000] {logging_mixin.py:188} INFO - [2025-09-24T16:50:53.590+0000] {dagbag.py:540} INFO - Filling up the DagBag from /home/airflow/.local/lib/python3.12/site-packages/airflow/example_dags/example_complex.py
[2025-09-24T16:50:53.606+0000] {processor.py:840} INFO - DAG(s) 'example_complex' retrieved from /home/airflow/.local/lib/python3.12/site-packages/airflow/example_dags/example_complex.py
[2025-09-24T16:50:53.650+0000] {logging_mixin.py:188} INFO - [2025-09-24T16:50:53.650+0000] {dag.py:3096} INFO - Sync 1 DAGs
[2025-09-24T16:50:53.667+0000] {logging_mixin.py:188} INFO - [2025-09-24T16:50:53.667+0000] {dag.py:3954} INFO - Setting next_dagrun for example_complex to None, run_after=None
[2025-09-24T16:50:53.693+0000] {processor.py:183} INFO - Processing /home/airflow/.local/lib/python3.12/site-packages/airflow/example_dags/example_complex.py took 0.114 seconds
[2025-09-24T16:51:24.017+0000] {processor.py:161} INFO - Started process (PID=1696) to work on /home/airflow/.local/lib/python3.12/site-packages/airflow/example_dags/example_complex.py
[2025-09-24T16:51:24.018+0000] {processor.py:830} INFO - Processing file /home/airflow/.local/lib/python3.12/site-packages/airflow/example_dags/example_complex.py for tasks to queue
[2025-09-24T16:51:24.020+0000] {logging_mixin.py:188} INFO - [2025-09-24T16:51:24.020+0000] {dagbag.py:540} INFO - Filling up the DagBag from /home/airflow/.local/lib/python3.12/site-packages/airflow/example_dags/example_complex.py
[2025-09-24T16:51:24.033+0000] {processor.py:840} INFO - DAG(s) 'example_complex' retrieved from /home/airflow/.local/lib/python3.12/site-packages/airflow/example_dags/example_complex.py
[2025-09-24T16:51:24.074+0000] {logging_mixin.py:188} INFO - [2025-09-24T16:51:24.074+0000] {dag.py:3096} INFO - Sync 1 DAGs
[2025-09-24T16:51:24.090+0000] {logging_mixin.py:188} INFO - [2025-09-24T16:51:24.090+0000] {dag.py:3954} INFO - Setting next_dagrun for example_complex to None, run_after=None
[2025-09-24T16:51:24.113+0000] {processor.py:183} INFO - Processing /home/airflow/.local/lib/python3.12/site-packages/airflow/example_dags/example_complex.py took 0.102 seconds
[2025-09-24T16:51:54.589+0000] {processor.py:161} INFO - Started process (PID=1754) to work on /home/airflow/.local/lib/python3.12/site-packages/airflow/example_dags/example_complex.py
[2025-09-24T16:51:54.590+0000] {processor.py:830} INFO - Processing file /home/airflow/.local/lib/python3.12/site-packages/airflow/example_dags/example_complex.py for tasks to queue
[2025-09-24T16:51:54.593+0000] {logging_mixin.py:188} INFO - [2025-09-24T16:51:54.592+0000] {dagbag.py:540} INFO - Filling up the DagBag from /home/airflow/.local/lib/python3.12/site-packages/airflow/example_dags/example_complex.py
[2025-09-24T16:51:54.608+0000] {processor.py:840} INFO - DAG(s) 'example_complex' retrieved from /home/airflow/.local/lib/python3.12/site-packages/airflow/example_dags/example_complex.py
[2025-09-24T16:51:54.656+0000] {logging_mixin.py:188} INFO - [2025-09-24T16:51:54.656+0000] {dag.py:3096} INFO - Sync 1 DAGs
[2025-09-24T16:51:54.673+0000] {logging_mixin.py:188} INFO - [2025-09-24T16:51:54.673+0000] {dag.py:3954} INFO - Setting next_dagrun for example_complex to None, run_after=None
[2025-09-24T16:51:54.700+0000] {processor.py:183} INFO - Processing /home/airflow/.local/lib/python3.12/site-packages/airflow/example_dags/example_complex.py took 0.120 seconds
[2025-09-24T16:52:25.046+0000] {processor.py:161} INFO - Started process (PID=1812) to work on /home/airflow/.local/lib/python3.12/site-packages/airflow/example_dags/example_complex.py
[2025-09-24T16:52:25.047+0000] {processor.py:830} INFO - Processing file /home/airflow/.local/lib/python3.12/site-packages/airflow/example_dags/example_complex.py for tasks to queue
[2025-09-24T16:52:25.049+0000] {logging_mixin.py:188} INFO - [2025-09-24T16:52:25.049+0000] {dagbag.py:540} INFO - Filling up the DagBag from /home/airflow/.local/lib/python3.12/site-packages/airflow/example_dags/example_complex.py
[2025-09-24T16:52:25.064+0000] {processor.py:840} INFO - DAG(s) 'example_complex' retrieved from /home/airflow/.local/lib/python3.12/site-packages/airflow/example_dags/example_complex.py
[2025-09-24T16:52:25.109+0000] {logging_mixin.py:188} INFO - [2025-09-24T16:52:25.109+0000] {dag.py:3096} INFO - Sync 1 DAGs
[2025-09-24T16:52:25.124+0000] {logging_mixin.py:188} INFO - [2025-09-24T16:52:25.124+0000] {dag.py:3954} INFO - Setting next_dagrun for example_complex to None, run_after=None
[2025-09-24T16:52:25.147+0000] {processor.py:183} INFO - Processing /home/airflow/.local/lib/python3.12/site-packages/airflow/example_dags/example_complex.py took 0.110 seconds
[2025-09-24T16:52:55.786+0000] {processor.py:161} INFO - Started process (PID=1870) to work on /home/airflow/.local/lib/python3.12/site-packages/airflow/example_dags/example_complex.py
[2025-09-24T16:52:55.787+0000] {processor.py:830} INFO - Processing file /home/airflow/.local/lib/python3.12/site-packages/airflow/example_dags/example_complex.py for tasks to queue
[2025-09-24T16:52:55.790+0000] {logging_mixin.py:188} INFO - [2025-09-24T16:52:55.789+0000] {dagbag.py:540} INFO - Filling up the DagBag from /home/airflow/.local/lib/python3.12/site-packages/airflow/example_dags/example_complex.py
[2025-09-24T16:52:55.805+0000] {processor.py:840} INFO - DAG(s) 'example_complex' retrieved from /home/airflow/.local/lib/python3.12/site-packages/airflow/example_dags/example_complex.py
[2025-09-24T16:52:55.850+0000] {logging_mixin.py:188} INFO - [2025-09-24T16:52:55.850+0000] {dag.py:3096} INFO - Sync 1 DAGs
[2025-09-24T16:52:55.866+0000] {logging_mixin.py:188} INFO - [2025-09-24T16:52:55.866+0000] {dag.py:3954} INFO - Setting next_dagrun for example_complex to None, run_after=None
[2025-09-24T16:52:55.893+0000] {processor.py:183} INFO - Processing /home/airflow/.local/lib/python3.12/site-packages/airflow/example_dags/example_complex.py took 0.116 seconds
[2025-09-24T16:53:26.298+0000] {processor.py:161} INFO - Started process (PID=1928) to work on /home/airflow/.local/lib/python3.12/site-packages/airflow/example_dags/example_complex.py
[2025-09-24T16:53:26.300+0000] {processor.py:830} INFO - Processing file /home/airflow/.local/lib/python3.12/site-packages/airflow/example_dags/example_complex.py for tasks to queue
[2025-09-24T16:53:26.302+0000] {logging_mixin.py:188} INFO - [2025-09-24T16:53:26.302+0000] {dagbag.py:540} INFO - Filling up the DagBag from /home/airflow/.local/lib/python3.12/site-packages/airflow/example_dags/example_complex.py
[2025-09-24T16:53:26.317+0000] {processor.py:840} INFO - DAG(s) 'example_complex' retrieved from /home/airflow/.local/lib/python3.12/site-packages/airflow/example_dags/example_complex.py
[2025-09-24T16:53:26.362+0000] {logging_mixin.py:188} INFO - [2025-09-24T16:53:26.361+0000] {dag.py:3096} INFO - Sync 1 DAGs
[2025-09-24T16:53:26.378+0000] {logging_mixin.py:188} INFO - [2025-09-24T16:53:26.378+0000] {dag.py:3954} INFO - Setting next_dagrun for example_complex to None, run_after=None
[2025-09-24T16:53:26.401+0000] {processor.py:183} INFO - Processing /home/airflow/.local/lib/python3.12/site-packages/airflow/example_dags/example_complex.py took 0.111 seconds
[2025-09-24T16:53:56.557+0000] {processor.py:161} INFO - Started process (PID=1985) to work on /home/airflow/.local/lib/python3.12/site-packages/airflow/example_dags/example_complex.py
[2025-09-24T16:53:56.558+0000] {processor.py:830} INFO - Processing file /home/airflow/.local/lib/python3.12/site-packages/airflow/example_dags/example_complex.py for tasks to queue
[2025-09-24T16:53:56.560+0000] {logging_mixin.py:188} INFO - [2025-09-24T16:53:56.560+0000] {dagbag.py:540} INFO - Filling up the DagBag from /home/airflow/.local/lib/python3.12/site-packages/airflow/example_dags/example_complex.py
[2025-09-24T16:53:56.575+0000] {processor.py:840} INFO - DAG(s) 'example_complex' retrieved from /home/airflow/.local/lib/python3.12/site-packages/airflow/example_dags/example_complex.py
[2025-09-24T16:53:56.622+0000] {logging_mixin.py:188} INFO - [2025-09-24T16:53:56.622+0000] {dag.py:3096} INFO - Sync 1 DAGs
[2025-09-24T16:53:56.639+0000] {logging_mixin.py:188} INFO - [2025-09-24T16:53:56.639+0000] {dag.py:3954} INFO - Setting next_dagrun for example_complex to None, run_after=None
[2025-09-24T16:53:56.663+0000] {processor.py:183} INFO - Processing /home/airflow/.local/lib/python3.12/site-packages/airflow/example_dags/example_complex.py took 0.114 seconds
[2025-09-24T16:54:27.004+0000] {processor.py:161} INFO - Started process (PID=2043) to work on /home/airflow/.local/lib/python3.12/site-packages/airflow/example_dags/example_complex.py
[2025-09-24T16:54:27.005+0000] {processor.py:830} INFO - Processing file /home/airflow/.local/lib/python3.12/site-packages/airflow/example_dags/example_complex.py for tasks to queue
[2025-09-24T16:54:27.008+0000] {logging_mixin.py:188} INFO - [2025-09-24T16:54:27.007+0000] {dagbag.py:540} INFO - Filling up the DagBag from /home/airflow/.local/lib/python3.12/site-packages/airflow/example_dags/example_complex.py
[2025-09-24T16:54:27.023+0000] {processor.py:840} INFO - DAG(s) 'example_complex' retrieved from /home/airflow/.local/lib/python3.12/site-packages/airflow/example_dags/example_complex.py
[2025-09-24T16:54:27.069+0000] {logging_mixin.py:188} INFO - [2025-09-24T16:54:27.068+0000] {dag.py:3096} INFO - Sync 1 DAGs
[2025-09-24T16:54:27.086+0000] {logging_mixin.py:188} INFO - [2025-09-24T16:54:27.086+0000] {dag.py:3954} INFO - Setting next_dagrun for example_complex to None, run_after=None
[2025-09-24T16:54:27.113+0000] {processor.py:183} INFO - Processing /home/airflow/.local/lib/python3.12/site-packages/airflow/example_dags/example_complex.py took 0.117 seconds
[2025-09-24T16:54:57.262+0000] {processor.py:161} INFO - Started process (PID=2099) to work on /home/airflow/.local/lib/python3.12/site-packages/airflow/example_dags/example_complex.py
[2025-09-24T16:54:57.263+0000] {processor.py:830} INFO - Processing file /home/airflow/.local/lib/python3.12/site-packages/airflow/example_dags/example_complex.py for tasks to queue
[2025-09-24T16:54:57.266+0000] {logging_mixin.py:188} INFO - [2025-09-24T16:54:57.265+0000] {dagbag.py:540} INFO - Filling up the DagBag from /home/airflow/.local/lib/python3.12/site-packages/airflow/example_dags/example_complex.py
[2025-09-24T16:54:57.281+0000] {processor.py:840} INFO - DAG(s) 'example_complex' retrieved from /home/airflow/.local/lib/python3.12/site-packages/airflow/example_dags/example_complex.py
[2025-09-24T16:54:57.331+0000] {logging_mixin.py:188} INFO - [2025-09-24T16:54:57.330+0000] {dag.py:3096} INFO - Sync 1 DAGs
[2025-09-24T16:54:57.350+0000] {logging_mixin.py:188} INFO - [2025-09-24T16:54:57.349+0000] {dag.py:3954} INFO - Setting next_dagrun for example_complex to None, run_after=None
[2025-09-24T16:54:57.379+0000] {processor.py:183} INFO - Processing /home/airflow/.local/lib/python3.12/site-packages/airflow/example_dags/example_complex.py took 0.126 seconds
[2025-09-24T16:55:27.895+0000] {processor.py:161} INFO - Started process (PID=2157) to work on /home/airflow/.local/lib/python3.12/site-packages/airflow/example_dags/example_complex.py
[2025-09-24T16:55:27.899+0000] {processor.py:830} INFO - Processing file /home/airflow/.local/lib/python3.12/site-packages/airflow/example_dags/example_complex.py for tasks to queue
[2025-09-24T16:55:27.904+0000] {logging_mixin.py:188} INFO - [2025-09-24T16:55:27.903+0000] {dagbag.py:540} INFO - Filling up the DagBag from /home/airflow/.local/lib/python3.12/site-packages/airflow/example_dags/example_complex.py
[2025-09-24T16:55:27.948+0000] {processor.py:840} INFO - DAG(s) 'example_complex' retrieved from /home/airflow/.local/lib/python3.12/site-packages/airflow/example_dags/example_complex.py
[2025-09-24T16:55:28.071+0000] {logging_mixin.py:188} INFO - [2025-09-24T16:55:28.070+0000] {dag.py:3096} INFO - Sync 1 DAGs
[2025-09-24T16:55:28.144+0000] {logging_mixin.py:188} INFO - [2025-09-24T16:55:28.142+0000] {dag.py:3954} INFO - Setting next_dagrun for example_complex to None, run_after=None
[2025-09-24T16:55:28.223+0000] {processor.py:183} INFO - Processing /home/airflow/.local/lib/python3.12/site-packages/airflow/example_dags/example_complex.py took 0.348 seconds
[2025-09-24T16:55:59.043+0000] {processor.py:161} INFO - Started process (PID=2215) to work on /home/airflow/.local/lib/python3.12/site-packages/airflow/example_dags/example_complex.py
[2025-09-24T16:55:59.045+0000] {processor.py:830} INFO - Processing file /home/airflow/.local/lib/python3.12/site-packages/airflow/example_dags/example_complex.py for tasks to queue
[2025-09-24T16:55:59.047+0000] {logging_mixin.py:188} INFO - [2025-09-24T16:55:59.047+0000] {dagbag.py:540} INFO - Filling up the DagBag from /home/airflow/.local/lib/python3.12/site-packages/airflow/example_dags/example_complex.py
[2025-09-24T16:55:59.064+0000] {processor.py:840} INFO - DAG(s) 'example_complex' retrieved from /home/airflow/.local/lib/python3.12/site-packages/airflow/example_dags/example_complex.py
[2025-09-24T16:55:59.122+0000] {logging_mixin.py:188} INFO - [2025-09-24T16:55:59.122+0000] {dag.py:3096} INFO - Sync 1 DAGs
[2025-09-24T16:55:59.144+0000] {logging_mixin.py:188} INFO - [2025-09-24T16:55:59.144+0000] {dag.py:3954} INFO - Setting next_dagrun for example_complex to None, run_after=None
[2025-09-24T16:55:59.176+0000] {processor.py:183} INFO - Processing /home/airflow/.local/lib/python3.12/site-packages/airflow/example_dags/example_complex.py took 0.141 seconds
[2025-09-24T16:56:30.186+0000] {processor.py:161} INFO - Started process (PID=2273) to work on /home/airflow/.local/lib/python3.12/site-packages/airflow/example_dags/example_complex.py
[2025-09-24T16:56:30.187+0000] {processor.py:830} INFO - Processing file /home/airflow/.local/lib/python3.12/site-packages/airflow/example_dags/example_complex.py for tasks to queue
[2025-09-24T16:56:30.190+0000] {logging_mixin.py:188} INFO - [2025-09-24T16:56:30.189+0000] {dagbag.py:540} INFO - Filling up the DagBag from /home/airflow/.local/lib/python3.12/site-packages/airflow/example_dags/example_complex.py
[2025-09-24T16:56:30.206+0000] {processor.py:840} INFO - DAG(s) 'example_complex' retrieved from /home/airflow/.local/lib/python3.12/site-packages/airflow/example_dags/example_complex.py
[2025-09-24T16:56:30.264+0000] {logging_mixin.py:188} INFO - [2025-09-24T16:56:30.264+0000] {dag.py:3096} INFO - Sync 1 DAGs
[2025-09-24T16:56:30.284+0000] {logging_mixin.py:188} INFO - [2025-09-24T16:56:30.284+0000] {dag.py:3954} INFO - Setting next_dagrun for example_complex to None, run_after=None
[2025-09-24T16:56:30.314+0000] {processor.py:183} INFO - Processing /home/airflow/.local/lib/python3.12/site-packages/airflow/example_dags/example_complex.py took 0.135 seconds
[2025-09-24T16:57:01.291+0000] {processor.py:161} INFO - Started process (PID=2331) to work on /home/airflow/.local/lib/python3.12/site-packages/airflow/example_dags/example_complex.py
[2025-09-24T16:57:01.293+0000] {processor.py:830} INFO - Processing file /home/airflow/.local/lib/python3.12/site-packages/airflow/example_dags/example_complex.py for tasks to queue
[2025-09-24T16:57:01.295+0000] {logging_mixin.py:188} INFO - [2025-09-24T16:57:01.295+0000] {dagbag.py:540} INFO - Filling up the DagBag from /home/airflow/.local/lib/python3.12/site-packages/airflow/example_dags/example_complex.py
[2025-09-24T16:57:01.329+0000] {processor.py:840} INFO - DAG(s) 'example_complex' retrieved from /home/airflow/.local/lib/python3.12/site-packages/airflow/example_dags/example_complex.py
[2025-09-24T16:57:01.400+0000] {logging_mixin.py:188} INFO - [2025-09-24T16:57:01.399+0000] {dag.py:3096} INFO - Sync 1 DAGs
[2025-09-24T16:57:01.415+0000] {logging_mixin.py:188} INFO - [2025-09-24T16:57:01.415+0000] {dag.py:3954} INFO - Setting next_dagrun for example_complex to None, run_after=None
[2025-09-24T16:57:01.444+0000] {processor.py:183} INFO - Processing /home/airflow/.local/lib/python3.12/site-packages/airflow/example_dags/example_complex.py took 0.161 seconds
[2025-09-24T16:57:32.449+0000] {processor.py:161} INFO - Started process (PID=2389) to work on /home/airflow/.local/lib/python3.12/site-packages/airflow/example_dags/example_complex.py
[2025-09-24T16:57:32.450+0000] {processor.py:830} INFO - Processing file /home/airflow/.local/lib/python3.12/site-packages/airflow/example_dags/example_complex.py for tasks to queue
[2025-09-24T16:57:32.452+0000] {logging_mixin.py:188} INFO - [2025-09-24T16:57:32.452+0000] {dagbag.py:540} INFO - Filling up the DagBag from /home/airflow/.local/lib/python3.12/site-packages/airflow/example_dags/example_complex.py
[2025-09-24T16:57:32.467+0000] {processor.py:840} INFO - DAG(s) 'example_complex' retrieved from /home/airflow/.local/lib/python3.12/site-packages/airflow/example_dags/example_complex.py
[2025-09-24T16:57:32.512+0000] {logging_mixin.py:188} INFO - [2025-09-24T16:57:32.512+0000] {dag.py:3096} INFO - Sync 1 DAGs
[2025-09-24T16:57:32.528+0000] {logging_mixin.py:188} INFO - [2025-09-24T16:57:32.527+0000] {dag.py:3954} INFO - Setting next_dagrun for example_complex to None, run_after=None
[2025-09-24T16:57:32.554+0000] {processor.py:183} INFO - Processing /home/airflow/.local/lib/python3.12/site-packages/airflow/example_dags/example_complex.py took 0.114 seconds
[2025-09-24T16:58:02.687+0000] {processor.py:161} INFO - Started process (PID=2447) to work on /home/airflow/.local/lib/python3.12/site-packages/airflow/example_dags/example_complex.py
[2025-09-24T16:58:02.689+0000] {processor.py:830} INFO - Processing file /home/airflow/.local/lib/python3.12/site-packages/airflow/example_dags/example_complex.py for tasks to queue
[2025-09-24T16:58:02.691+0000] {logging_mixin.py:188} INFO - [2025-09-24T16:58:02.691+0000] {dagbag.py:540} INFO - Filling up the DagBag from /home/airflow/.local/lib/python3.12/site-packages/airflow/example_dags/example_complex.py
[2025-09-24T16:58:02.706+0000] {processor.py:840} INFO - DAG(s) 'example_complex' retrieved from /home/airflow/.local/lib/python3.12/site-packages/airflow/example_dags/example_complex.py
[2025-09-24T16:58:02.751+0000] {logging_mixin.py:188} INFO - [2025-09-24T16:58:02.751+0000] {dag.py:3096} INFO - Sync 1 DAGs
[2025-09-24T16:58:02.767+0000] {logging_mixin.py:188} INFO - [2025-09-24T16:58:02.767+0000] {dag.py:3954} INFO - Setting next_dagrun for example_complex to None, run_after=None
[2025-09-24T16:58:02.794+0000] {processor.py:183} INFO - Processing /home/airflow/.local/lib/python3.12/site-packages/airflow/example_dags/example_complex.py took 0.116 seconds
[2025-09-24T16:58:33.688+0000] {processor.py:161} INFO - Started process (PID=2505) to work on /home/airflow/.local/lib/python3.12/site-packages/airflow/example_dags/example_complex.py
[2025-09-24T16:58:33.690+0000] {processor.py:830} INFO - Processing file /home/airflow/.local/lib/python3.12/site-packages/airflow/example_dags/example_complex.py for tasks to queue
[2025-09-24T16:58:33.692+0000] {logging_mixin.py:188} INFO - [2025-09-24T16:58:33.692+0000] {dagbag.py:540} INFO - Filling up the DagBag from /home/airflow/.local/lib/python3.12/site-packages/airflow/example_dags/example_complex.py
[2025-09-24T16:58:33.709+0000] {processor.py:840} INFO - DAG(s) 'example_complex' retrieved from /home/airflow/.local/lib/python3.12/site-packages/airflow/example_dags/example_complex.py
[2025-09-24T16:58:33.752+0000] {logging_mixin.py:188} INFO - [2025-09-24T16:58:33.752+0000] {dag.py:3096} INFO - Sync 1 DAGs
[2025-09-24T16:58:33.770+0000] {logging_mixin.py:188} INFO - [2025-09-24T16:58:33.770+0000] {dag.py:3954} INFO - Setting next_dagrun for example_complex to None, run_after=None
[2025-09-24T16:58:33.797+0000] {processor.py:183} INFO - Processing /home/airflow/.local/lib/python3.12/site-packages/airflow/example_dags/example_complex.py took 0.117 seconds
[2025-09-24T16:59:03.854+0000] {processor.py:161} INFO - Started process (PID=2563) to work on /home/airflow/.local/lib/python3.12/site-packages/airflow/example_dags/example_complex.py
[2025-09-24T16:59:03.855+0000] {processor.py:830} INFO - Processing file /home/airflow/.local/lib/python3.12/site-packages/airflow/example_dags/example_complex.py for tasks to queue
[2025-09-24T16:59:03.857+0000] {logging_mixin.py:188} INFO - [2025-09-24T16:59:03.857+0000] {dagbag.py:540} INFO - Filling up the DagBag from /home/airflow/.local/lib/python3.12/site-packages/airflow/example_dags/example_complex.py
[2025-09-24T16:59:03.872+0000] {processor.py:840} INFO - DAG(s) 'example_complex' retrieved from /home/airflow/.local/lib/python3.12/site-packages/airflow/example_dags/example_complex.py
[2025-09-24T16:59:03.918+0000] {logging_mixin.py:188} INFO - [2025-09-24T16:59:03.918+0000] {dag.py:3096} INFO - Sync 1 DAGs
[2025-09-24T16:59:03.934+0000] {logging_mixin.py:188} INFO - [2025-09-24T16:59:03.933+0000] {dag.py:3954} INFO - Setting next_dagrun for example_complex to None, run_after=None
[2025-09-24T16:59:03.958+0000] {processor.py:183} INFO - Processing /home/airflow/.local/lib/python3.12/site-packages/airflow/example_dags/example_complex.py took 0.111 seconds
[2025-09-24T16:59:34.335+0000] {processor.py:161} INFO - Started process (PID=2621) to work on /home/airflow/.local/lib/python3.12/site-packages/airflow/example_dags/example_complex.py
[2025-09-24T16:59:34.337+0000] {processor.py:830} INFO - Processing file /home/airflow/.local/lib/python3.12/site-packages/airflow/example_dags/example_complex.py for tasks to queue
[2025-09-24T16:59:34.339+0000] {logging_mixin.py:188} INFO - [2025-09-24T16:59:34.339+0000] {dagbag.py:540} INFO - Filling up the DagBag from /home/airflow/.local/lib/python3.12/site-packages/airflow/example_dags/example_complex.py
[2025-09-24T16:59:34.355+0000] {processor.py:840} INFO - DAG(s) 'example_complex' retrieved from /home/airflow/.local/lib/python3.12/site-packages/airflow/example_dags/example_complex.py
[2025-09-24T16:59:34.403+0000] {logging_mixin.py:188} INFO - [2025-09-24T16:59:34.403+0000] {dag.py:3096} INFO - Sync 1 DAGs
[2025-09-24T16:59:34.422+0000] {logging_mixin.py:188} INFO - [2025-09-24T16:59:34.422+0000] {dag.py:3954} INFO - Setting next_dagrun for example_complex to None, run_after=None
[2025-09-24T16:59:34.449+0000] {processor.py:183} INFO - Processing /home/airflow/.local/lib/python3.12/site-packages/airflow/example_dags/example_complex.py took 0.122 seconds
[2025-09-24T17:00:04.879+0000] {processor.py:161} INFO - Started process (PID=2679) to work on /home/airflow/.local/lib/python3.12/site-packages/airflow/example_dags/example_complex.py
[2025-09-24T17:00:04.881+0000] {processor.py:830} INFO - Processing file /home/airflow/.local/lib/python3.12/site-packages/airflow/example_dags/example_complex.py for tasks to queue
[2025-09-24T17:00:04.883+0000] {logging_mixin.py:188} INFO - [2025-09-24T17:00:04.883+0000] {dagbag.py:540} INFO - Filling up the DagBag from /home/airflow/.local/lib/python3.12/site-packages/airflow/example_dags/example_complex.py
[2025-09-24T17:00:04.898+0000] {processor.py:840} INFO - DAG(s) 'example_complex' retrieved from /home/airflow/.local/lib/python3.12/site-packages/airflow/example_dags/example_complex.py
[2025-09-24T17:00:04.943+0000] {logging_mixin.py:188} INFO - [2025-09-24T17:00:04.943+0000] {dag.py:3096} INFO - Sync 1 DAGs
[2025-09-24T17:00:04.960+0000] {logging_mixin.py:188} INFO - [2025-09-24T17:00:04.960+0000] {dag.py:3954} INFO - Setting next_dagrun for example_complex to None, run_after=None
[2025-09-24T17:00:04.992+0000] {processor.py:183} INFO - Processing /home/airflow/.local/lib/python3.12/site-packages/airflow/example_dags/example_complex.py took 0.121 seconds
[2025-09-24T17:00:35.350+0000] {processor.py:161} INFO - Started process (PID=2737) to work on /home/airflow/.local/lib/python3.12/site-packages/airflow/example_dags/example_complex.py
[2025-09-24T17:00:35.351+0000] {processor.py:830} INFO - Processing file /home/airflow/.local/lib/python3.12/site-packages/airflow/example_dags/example_complex.py for tasks to queue
[2025-09-24T17:00:35.353+0000] {logging_mixin.py:188} INFO - [2025-09-24T17:00:35.353+0000] {dagbag.py:540} INFO - Filling up the DagBag from /home/airflow/.local/lib/python3.12/site-packages/airflow/example_dags/example_complex.py
[2025-09-24T17:00:35.369+0000] {processor.py:840} INFO - DAG(s) 'example_complex' retrieved from /home/airflow/.local/lib/python3.12/site-packages/airflow/example_dags/example_complex.py
[2025-09-24T17:00:35.417+0000] {logging_mixin.py:188} INFO - [2025-09-24T17:00:35.417+0000] {dag.py:3096} INFO - Sync 1 DAGs
[2025-09-24T17:00:35.436+0000] {logging_mixin.py:188} INFO - [2025-09-24T17:00:35.435+0000] {dag.py:3954} INFO - Setting next_dagrun for example_complex to None, run_after=None
[2025-09-24T17:00:35.465+0000] {processor.py:183} INFO - Processing /home/airflow/.local/lib/python3.12/site-packages/airflow/example_dags/example_complex.py took 0.124 seconds
[2025-09-24T17:01:05.844+0000] {processor.py:161} INFO - Started process (PID=2795) to work on /home/airflow/.local/lib/python3.12/site-packages/airflow/example_dags/example_complex.py
[2025-09-24T17:01:05.845+0000] {processor.py:830} INFO - Processing file /home/airflow/.local/lib/python3.12/site-packages/airflow/example_dags/example_complex.py for tasks to queue
[2025-09-24T17:01:05.848+0000] {logging_mixin.py:188} INFO - [2025-09-24T17:01:05.847+0000] {dagbag.py:540} INFO - Filling up the DagBag from /home/airflow/.local/lib/python3.12/site-packages/airflow/example_dags/example_complex.py
[2025-09-24T17:01:05.863+0000] {processor.py:840} INFO - DAG(s) 'example_complex' retrieved from /home/airflow/.local/lib/python3.12/site-packages/airflow/example_dags/example_complex.py
[2025-09-24T17:01:05.908+0000] {logging_mixin.py:188} INFO - [2025-09-24T17:01:05.908+0000] {dag.py:3096} INFO - Sync 1 DAGs
[2025-09-24T17:01:05.925+0000] {logging_mixin.py:188} INFO - [2025-09-24T17:01:05.924+0000] {dag.py:3954} INFO - Setting next_dagrun for example_complex to None, run_after=None
[2025-09-24T17:01:05.951+0000] {processor.py:183} INFO - Processing /home/airflow/.local/lib/python3.12/site-packages/airflow/example_dags/example_complex.py took 0.116 seconds
[2025-09-24T17:01:36.420+0000] {processor.py:161} INFO - Started process (PID=2853) to work on /home/airflow/.local/lib/python3.12/site-packages/airflow/example_dags/example_complex.py
[2025-09-24T17:01:36.422+0000] {processor.py:830} INFO - Processing file /home/airflow/.local/lib/python3.12/site-packages/airflow/example_dags/example_complex.py for tasks to queue
[2025-09-24T17:01:36.424+0000] {logging_mixin.py:188} INFO - [2025-09-24T17:01:36.424+0000] {dagbag.py:540} INFO - Filling up the DagBag from /home/airflow/.local/lib/python3.12/site-packages/airflow/example_dags/example_complex.py
[2025-09-24T17:01:36.440+0000] {processor.py:840} INFO - DAG(s) 'example_complex' retrieved from /home/airflow/.local/lib/python3.12/site-packages/airflow/example_dags/example_complex.py
[2025-09-24T17:01:36.498+0000] {logging_mixin.py:188} INFO - [2025-09-24T17:01:36.497+0000] {dag.py:3096} INFO - Sync 1 DAGs
[2025-09-24T17:01:36.518+0000] {logging_mixin.py:188} INFO - [2025-09-24T17:01:36.517+0000] {dag.py:3954} INFO - Setting next_dagrun for example_complex to None, run_after=None
[2025-09-24T17:01:36.550+0000] {processor.py:183} INFO - Processing /home/airflow/.local/lib/python3.12/site-packages/airflow/example_dags/example_complex.py took 0.141 seconds
[2025-09-24T17:02:06.979+0000] {processor.py:161} INFO - Started process (PID=2911) to work on /home/airflow/.local/lib/python3.12/site-packages/airflow/example_dags/example_complex.py
[2025-09-24T17:02:06.980+0000] {processor.py:830} INFO - Processing file /home/airflow/.local/lib/python3.12/site-packages/airflow/example_dags/example_complex.py for tasks to queue
[2025-09-24T17:02:06.983+0000] {logging_mixin.py:188} INFO - [2025-09-24T17:02:06.983+0000] {dagbag.py:540} INFO - Filling up the DagBag from /home/airflow/.local/lib/python3.12/site-packages/airflow/example_dags/example_complex.py
[2025-09-24T17:02:07.000+0000] {processor.py:840} INFO - DAG(s) 'example_complex' retrieved from /home/airflow/.local/lib/python3.12/site-packages/airflow/example_dags/example_complex.py
[2025-09-24T17:02:07.044+0000] {logging_mixin.py:188} INFO - [2025-09-24T17:02:07.043+0000] {dag.py:3096} INFO - Sync 1 DAGs
[2025-09-24T17:02:07.059+0000] {logging_mixin.py:188} INFO - [2025-09-24T17:02:07.059+0000] {dag.py:3954} INFO - Setting next_dagrun for example_complex to None, run_after=None
[2025-09-24T17:02:07.086+0000] {processor.py:183} INFO - Processing /home/airflow/.local/lib/python3.12/site-packages/airflow/example_dags/example_complex.py took 0.116 seconds
[2025-09-24T17:02:37.440+0000] {processor.py:161} INFO - Started process (PID=2969) to work on /home/airflow/.local/lib/python3.12/site-packages/airflow/example_dags/example_complex.py
[2025-09-24T17:02:37.442+0000] {processor.py:830} INFO - Processing file /home/airflow/.local/lib/python3.12/site-packages/airflow/example_dags/example_complex.py for tasks to queue
[2025-09-24T17:02:37.445+0000] {logging_mixin.py:188} INFO - [2025-09-24T17:02:37.444+0000] {dagbag.py:540} INFO - Filling up the DagBag from /home/airflow/.local/lib/python3.12/site-packages/airflow/example_dags/example_complex.py
[2025-09-24T17:02:37.460+0000] {processor.py:840} INFO - DAG(s) 'example_complex' retrieved from /home/airflow/.local/lib/python3.12/site-packages/airflow/example_dags/example_complex.py
[2025-09-24T17:02:37.508+0000] {logging_mixin.py:188} INFO - [2025-09-24T17:02:37.508+0000] {dag.py:3096} INFO - Sync 1 DAGs
[2025-09-24T17:02:37.525+0000] {logging_mixin.py:188} INFO - [2025-09-24T17:02:37.525+0000] {dag.py:3954} INFO - Setting next_dagrun for example_complex to None, run_after=None
[2025-09-24T17:02:37.554+0000] {processor.py:183} INFO - Processing /home/airflow/.local/lib/python3.12/site-packages/airflow/example_dags/example_complex.py took 0.123 seconds
[2025-09-24T17:03:07.989+0000] {processor.py:161} INFO - Started process (PID=3027) to work on /home/airflow/.local/lib/python3.12/site-packages/airflow/example_dags/example_complex.py
[2025-09-24T17:03:07.990+0000] {processor.py:830} INFO - Processing file /home/airflow/.local/lib/python3.12/site-packages/airflow/example_dags/example_complex.py for tasks to queue
[2025-09-24T17:03:07.994+0000] {logging_mixin.py:188} INFO - [2025-09-24T17:03:07.994+0000] {dagbag.py:540} INFO - Filling up the DagBag from /home/airflow/.local/lib/python3.12/site-packages/airflow/example_dags/example_complex.py
[2025-09-24T17:03:08.008+0000] {processor.py:840} INFO - DAG(s) 'example_complex' retrieved from /home/airflow/.local/lib/python3.12/site-packages/airflow/example_dags/example_complex.py
[2025-09-24T17:03:08.049+0000] {logging_mixin.py:188} INFO - [2025-09-24T17:03:08.049+0000] {dag.py:3096} INFO - Sync 1 DAGs
[2025-09-24T17:03:08.069+0000] {logging_mixin.py:188} INFO - [2025-09-24T17:03:08.068+0000] {dag.py:3954} INFO - Setting next_dagrun for example_complex to None, run_after=None
[2025-09-24T17:03:08.099+0000] {processor.py:183} INFO - Processing /home/airflow/.local/lib/python3.12/site-packages/airflow/example_dags/example_complex.py took 0.117 seconds
[2025-09-24T17:03:38.481+0000] {processor.py:161} INFO - Started process (PID=3085) to work on /home/airflow/.local/lib/python3.12/site-packages/airflow/example_dags/example_complex.py
[2025-09-24T17:03:38.482+0000] {processor.py:830} INFO - Processing file /home/airflow/.local/lib/python3.12/site-packages/airflow/example_dags/example_complex.py for tasks to queue
[2025-09-24T17:03:38.484+0000] {logging_mixin.py:188} INFO - [2025-09-24T17:03:38.484+0000] {dagbag.py:540} INFO - Filling up the DagBag from /home/airflow/.local/lib/python3.12/site-packages/airflow/example_dags/example_complex.py
[2025-09-24T17:03:38.498+0000] {processor.py:840} INFO - DAG(s) 'example_complex' retrieved from /home/airflow/.local/lib/python3.12/site-packages/airflow/example_dags/example_complex.py
[2025-09-24T17:03:38.546+0000] {logging_mixin.py:188} INFO - [2025-09-24T17:03:38.545+0000] {dag.py:3096} INFO - Sync 1 DAGs
[2025-09-24T17:03:38.564+0000] {logging_mixin.py:188} INFO - [2025-09-24T17:03:38.563+0000] {dag.py:3954} INFO - Setting next_dagrun for example_complex to None, run_after=None
[2025-09-24T17:03:38.593+0000] {processor.py:183} INFO - Processing /home/airflow/.local/lib/python3.12/site-packages/airflow/example_dags/example_complex.py took 0.120 seconds
[2025-09-24T17:04:09.525+0000] {processor.py:161} INFO - Started process (PID=3143) to work on /home/airflow/.local/lib/python3.12/site-packages/airflow/example_dags/example_complex.py
[2025-09-24T17:04:09.526+0000] {processor.py:830} INFO - Processing file /home/airflow/.local/lib/python3.12/site-packages/airflow/example_dags/example_complex.py for tasks to queue
[2025-09-24T17:04:09.530+0000] {logging_mixin.py:188} INFO - [2025-09-24T17:04:09.529+0000] {dagbag.py:540} INFO - Filling up the DagBag from /home/airflow/.local/lib/python3.12/site-packages/airflow/example_dags/example_complex.py
[2025-09-24T17:04:09.547+0000] {processor.py:840} INFO - DAG(s) 'example_complex' retrieved from /home/airflow/.local/lib/python3.12/site-packages/airflow/example_dags/example_complex.py
[2025-09-24T17:04:09.604+0000] {logging_mixin.py:188} INFO - [2025-09-24T17:04:09.604+0000] {dag.py:3096} INFO - Sync 1 DAGs
[2025-09-24T17:04:09.625+0000] {logging_mixin.py:188} INFO - [2025-09-24T17:04:09.625+0000] {dag.py:3954} INFO - Setting next_dagrun for example_complex to None, run_after=None
[2025-09-24T17:04:09.656+0000] {processor.py:183} INFO - Processing /home/airflow/.local/lib/python3.12/site-packages/airflow/example_dags/example_complex.py took 0.143 seconds
[2025-09-24T17:04:40.082+0000] {processor.py:161} INFO - Started process (PID=3201) to work on /home/airflow/.local/lib/python3.12/site-packages/airflow/example_dags/example_complex.py
[2025-09-24T17:04:40.084+0000] {processor.py:830} INFO - Processing file /home/airflow/.local/lib/python3.12/site-packages/airflow/example_dags/example_complex.py for tasks to queue
[2025-09-24T17:04:40.086+0000] {logging_mixin.py:188} INFO - [2025-09-24T17:04:40.086+0000] {dagbag.py:540} INFO - Filling up the DagBag from /home/airflow/.local/lib/python3.12/site-packages/airflow/example_dags/example_complex.py
[2025-09-24T17:04:40.105+0000] {processor.py:840} INFO - DAG(s) 'example_complex' retrieved from /home/airflow/.local/lib/python3.12/site-packages/airflow/example_dags/example_complex.py
[2025-09-24T17:04:40.157+0000] {logging_mixin.py:188} INFO - [2025-09-24T17:04:40.156+0000] {dag.py:3096} INFO - Sync 1 DAGs
[2025-09-24T17:04:40.176+0000] {logging_mixin.py:188} INFO - [2025-09-24T17:04:40.176+0000] {dag.py:3954} INFO - Setting next_dagrun for example_complex to None, run_after=None
[2025-09-24T17:04:40.207+0000] {processor.py:183} INFO - Processing /home/airflow/.local/lib/python3.12/site-packages/airflow/example_dags/example_complex.py took 0.133 seconds
[2025-09-24T17:05:10.432+0000] {processor.py:161} INFO - Started process (PID=3259) to work on /home/airflow/.local/lib/python3.12/site-packages/airflow/example_dags/example_complex.py
[2025-09-24T17:05:10.433+0000] {processor.py:830} INFO - Processing file /home/airflow/.local/lib/python3.12/site-packages/airflow/example_dags/example_complex.py for tasks to queue
[2025-09-24T17:05:10.436+0000] {logging_mixin.py:188} INFO - [2025-09-24T17:05:10.435+0000] {dagbag.py:540} INFO - Filling up the DagBag from /home/airflow/.local/lib/python3.12/site-packages/airflow/example_dags/example_complex.py
[2025-09-24T17:05:10.454+0000] {processor.py:840} INFO - DAG(s) 'example_complex' retrieved from /home/airflow/.local/lib/python3.12/site-packages/airflow/example_dags/example_complex.py
[2025-09-24T17:05:10.502+0000] {logging_mixin.py:188} INFO - [2025-09-24T17:05:10.502+0000] {dag.py:3096} INFO - Sync 1 DAGs
[2025-09-24T17:05:10.520+0000] {logging_mixin.py:188} INFO - [2025-09-24T17:05:10.520+0000] {dag.py:3954} INFO - Setting next_dagrun for example_complex to None, run_after=None
[2025-09-24T17:05:10.554+0000] {processor.py:183} INFO - Processing /home/airflow/.local/lib/python3.12/site-packages/airflow/example_dags/example_complex.py took 0.131 seconds
[2025-09-24T17:05:41.145+0000] {processor.py:161} INFO - Started process (PID=3317) to work on /home/airflow/.local/lib/python3.12/site-packages/airflow/example_dags/example_complex.py
[2025-09-24T17:05:41.146+0000] {processor.py:830} INFO - Processing file /home/airflow/.local/lib/python3.12/site-packages/airflow/example_dags/example_complex.py for tasks to queue
[2025-09-24T17:05:41.149+0000] {logging_mixin.py:188} INFO - [2025-09-24T17:05:41.148+0000] {dagbag.py:540} INFO - Filling up the DagBag from /home/airflow/.local/lib/python3.12/site-packages/airflow/example_dags/example_complex.py
[2025-09-24T17:05:41.165+0000] {processor.py:840} INFO - DAG(s) 'example_complex' retrieved from /home/airflow/.local/lib/python3.12/site-packages/airflow/example_dags/example_complex.py
[2025-09-24T17:05:41.217+0000] {logging_mixin.py:188} INFO - [2025-09-24T17:05:41.217+0000] {dag.py:3096} INFO - Sync 1 DAGs
[2025-09-24T17:05:41.237+0000] {logging_mixin.py:188} INFO - [2025-09-24T17:05:41.236+0000] {dag.py:3954} INFO - Setting next_dagrun for example_complex to None, run_after=None
[2025-09-24T17:05:41.266+0000] {processor.py:183} INFO - Processing /home/airflow/.local/lib/python3.12/site-packages/airflow/example_dags/example_complex.py took 0.130 seconds
[2025-09-24T17:06:11.322+0000] {processor.py:161} INFO - Started process (PID=3375) to work on /home/airflow/.local/lib/python3.12/site-packages/airflow/example_dags/example_complex.py
[2025-09-24T17:06:11.323+0000] {processor.py:830} INFO - Processing file /home/airflow/.local/lib/python3.12/site-packages/airflow/example_dags/example_complex.py for tasks to queue
[2025-09-24T17:06:11.326+0000] {logging_mixin.py:188} INFO - [2025-09-24T17:06:11.325+0000] {dagbag.py:540} INFO - Filling up the DagBag from /home/airflow/.local/lib/python3.12/site-packages/airflow/example_dags/example_complex.py
[2025-09-24T17:06:11.341+0000] {processor.py:840} INFO - DAG(s) 'example_complex' retrieved from /home/airflow/.local/lib/python3.12/site-packages/airflow/example_dags/example_complex.py
[2025-09-24T17:06:11.391+0000] {logging_mixin.py:188} INFO - [2025-09-24T17:06:11.391+0000] {dag.py:3096} INFO - Sync 1 DAGs
[2025-09-24T17:06:11.413+0000] {logging_mixin.py:188} INFO - [2025-09-24T17:06:11.413+0000] {dag.py:3954} INFO - Setting next_dagrun for example_complex to None, run_after=None
[2025-09-24T17:06:11.442+0000] {processor.py:183} INFO - Processing /home/airflow/.local/lib/python3.12/site-packages/airflow/example_dags/example_complex.py took 0.129 seconds
[2025-09-24T17:06:41.605+0000] {processor.py:161} INFO - Started process (PID=3433) to work on /home/airflow/.local/lib/python3.12/site-packages/airflow/example_dags/example_complex.py
[2025-09-24T17:06:41.606+0000] {processor.py:830} INFO - Processing file /home/airflow/.local/lib/python3.12/site-packages/airflow/example_dags/example_complex.py for tasks to queue
[2025-09-24T17:06:41.609+0000] {logging_mixin.py:188} INFO - [2025-09-24T17:06:41.609+0000] {dagbag.py:540} INFO - Filling up the DagBag from /home/airflow/.local/lib/python3.12/site-packages/airflow/example_dags/example_complex.py
[2025-09-24T17:06:41.625+0000] {processor.py:840} INFO - DAG(s) 'example_complex' retrieved from /home/airflow/.local/lib/python3.12/site-packages/airflow/example_dags/example_complex.py
[2025-09-24T17:06:41.676+0000] {logging_mixin.py:188} INFO - [2025-09-24T17:06:41.675+0000] {dag.py:3096} INFO - Sync 1 DAGs
[2025-09-24T17:06:41.695+0000] {logging_mixin.py:188} INFO - [2025-09-24T17:06:41.695+0000] {dag.py:3954} INFO - Setting next_dagrun for example_complex to None, run_after=None
[2025-09-24T17:06:41.725+0000] {processor.py:183} INFO - Processing /home/airflow/.local/lib/python3.12/site-packages/airflow/example_dags/example_complex.py took 0.130 seconds
[2025-09-24T17:07:12.675+0000] {processor.py:161} INFO - Started process (PID=3491) to work on /home/airflow/.local/lib/python3.12/site-packages/airflow/example_dags/example_complex.py
[2025-09-24T17:07:12.676+0000] {processor.py:830} INFO - Processing file /home/airflow/.local/lib/python3.12/site-packages/airflow/example_dags/example_complex.py for tasks to queue
[2025-09-24T17:07:12.679+0000] {logging_mixin.py:188} INFO - [2025-09-24T17:07:12.678+0000] {dagbag.py:540} INFO - Filling up the DagBag from /home/airflow/.local/lib/python3.12/site-packages/airflow/example_dags/example_complex.py
[2025-09-24T17:07:12.694+0000] {processor.py:840} INFO - DAG(s) 'example_complex' retrieved from /home/airflow/.local/lib/python3.12/site-packages/airflow/example_dags/example_complex.py
[2025-09-24T17:07:12.743+0000] {logging_mixin.py:188} INFO - [2025-09-24T17:07:12.742+0000] {dag.py:3096} INFO - Sync 1 DAGs
[2025-09-24T17:07:12.762+0000] {logging_mixin.py:188} INFO - [2025-09-24T17:07:12.762+0000] {dag.py:3954} INFO - Setting next_dagrun for example_complex to None, run_after=None
[2025-09-24T17:07:12.793+0000] {processor.py:183} INFO - Processing /home/airflow/.local/lib/python3.12/site-packages/airflow/example_dags/example_complex.py took 0.127 seconds
[2025-09-24T17:07:42.834+0000] {processor.py:161} INFO - Started process (PID=3550) to work on /home/airflow/.local/lib/python3.12/site-packages/airflow/example_dags/example_complex.py
[2025-09-24T17:07:42.835+0000] {processor.py:830} INFO - Processing file /home/airflow/.local/lib/python3.12/site-packages/airflow/example_dags/example_complex.py for tasks to queue
[2025-09-24T17:07:42.838+0000] {logging_mixin.py:188} INFO - [2025-09-24T17:07:42.838+0000] {dagbag.py:540} INFO - Filling up the DagBag from /home/airflow/.local/lib/python3.12/site-packages/airflow/example_dags/example_complex.py
[2025-09-24T17:07:42.854+0000] {processor.py:840} INFO - DAG(s) 'example_complex' retrieved from /home/airflow/.local/lib/python3.12/site-packages/airflow/example_dags/example_complex.py
[2025-09-24T17:07:42.912+0000] {logging_mixin.py:188} INFO - [2025-09-24T17:07:42.912+0000] {dag.py:3096} INFO - Sync 1 DAGs
[2025-09-24T17:07:42.935+0000] {logging_mixin.py:188} INFO - [2025-09-24T17:07:42.935+0000] {dag.py:3954} INFO - Setting next_dagrun for example_complex to None, run_after=None
[2025-09-24T17:07:42.967+0000] {processor.py:183} INFO - Processing /home/airflow/.local/lib/python3.12/site-packages/airflow/example_dags/example_complex.py took 0.141 seconds
[2025-09-24T17:08:13.565+0000] {processor.py:161} INFO - Started process (PID=3607) to work on /home/airflow/.local/lib/python3.12/site-packages/airflow/example_dags/example_complex.py
[2025-09-24T17:08:13.568+0000] {processor.py:830} INFO - Processing file /home/airflow/.local/lib/python3.12/site-packages/airflow/example_dags/example_complex.py for tasks to queue
[2025-09-24T17:08:13.573+0000] {logging_mixin.py:188} INFO - [2025-09-24T17:08:13.572+0000] {dagbag.py:540} INFO - Filling up the DagBag from /home/airflow/.local/lib/python3.12/site-packages/airflow/example_dags/example_complex.py
[2025-09-24T17:08:13.593+0000] {processor.py:840} INFO - DAG(s) 'example_complex' retrieved from /home/airflow/.local/lib/python3.12/site-packages/airflow/example_dags/example_complex.py
[2025-09-24T17:08:13.646+0000] {logging_mixin.py:188} INFO - [2025-09-24T17:08:13.646+0000] {dag.py:3096} INFO - Sync 1 DAGs
[2025-09-24T17:08:13.666+0000] {logging_mixin.py:188} INFO - [2025-09-24T17:08:13.666+0000] {dag.py:3954} INFO - Setting next_dagrun for example_complex to None, run_after=None
[2025-09-24T17:08:13.696+0000] {processor.py:183} INFO - Processing /home/airflow/.local/lib/python3.12/site-packages/airflow/example_dags/example_complex.py took 0.144 seconds
[2025-09-24T17:08:43.882+0000] {processor.py:161} INFO - Started process (PID=3665) to work on /home/airflow/.local/lib/python3.12/site-packages/airflow/example_dags/example_complex.py
[2025-09-24T17:08:43.885+0000] {processor.py:830} INFO - Processing file /home/airflow/.local/lib/python3.12/site-packages/airflow/example_dags/example_complex.py for tasks to queue
[2025-09-24T17:08:43.889+0000] {logging_mixin.py:188} INFO - [2025-09-24T17:08:43.888+0000] {dagbag.py:540} INFO - Filling up the DagBag from /home/airflow/.local/lib/python3.12/site-packages/airflow/example_dags/example_complex.py
[2025-09-24T17:08:43.918+0000] {processor.py:840} INFO - DAG(s) 'example_complex' retrieved from /home/airflow/.local/lib/python3.12/site-packages/airflow/example_dags/example_complex.py
[2025-09-24T17:08:44.020+0000] {logging_mixin.py:188} INFO - [2025-09-24T17:08:44.019+0000] {dag.py:3096} INFO - Sync 1 DAGs
[2025-09-24T17:08:44.058+0000] {logging_mixin.py:188} INFO - [2025-09-24T17:08:44.057+0000] {dag.py:3954} INFO - Setting next_dagrun for example_complex to None, run_after=None
[2025-09-24T17:08:44.102+0000] {processor.py:183} INFO - Processing /home/airflow/.local/lib/python3.12/site-packages/airflow/example_dags/example_complex.py took 0.237 seconds
[2025-09-24T17:09:14.338+0000] {processor.py:161} INFO - Started process (PID=3723) to work on /home/airflow/.local/lib/python3.12/site-packages/airflow/example_dags/example_complex.py
[2025-09-24T17:09:14.339+0000] {processor.py:830} INFO - Processing file /home/airflow/.local/lib/python3.12/site-packages/airflow/example_dags/example_complex.py for tasks to queue
[2025-09-24T17:09:14.342+0000] {logging_mixin.py:188} INFO - [2025-09-24T17:09:14.341+0000] {dagbag.py:540} INFO - Filling up the DagBag from /home/airflow/.local/lib/python3.12/site-packages/airflow/example_dags/example_complex.py
[2025-09-24T17:09:14.360+0000] {processor.py:840} INFO - DAG(s) 'example_complex' retrieved from /home/airflow/.local/lib/python3.12/site-packages/airflow/example_dags/example_complex.py
[2025-09-24T17:09:14.411+0000] {logging_mixin.py:188} INFO - [2025-09-24T17:09:14.411+0000] {dag.py:3096} INFO - Sync 1 DAGs
[2025-09-24T17:09:14.431+0000] {logging_mixin.py:188} INFO - [2025-09-24T17:09:14.430+0000] {dag.py:3954} INFO - Setting next_dagrun for example_complex to None, run_after=None
[2025-09-24T17:09:14.460+0000] {processor.py:183} INFO - Processing /home/airflow/.local/lib/python3.12/site-packages/airflow/example_dags/example_complex.py took 0.133 seconds
[2025-09-24T17:09:44.666+0000] {processor.py:161} INFO - Started process (PID=3781) to work on /home/airflow/.local/lib/python3.12/site-packages/airflow/example_dags/example_complex.py
[2025-09-24T17:09:44.667+0000] {processor.py:830} INFO - Processing file /home/airflow/.local/lib/python3.12/site-packages/airflow/example_dags/example_complex.py for tasks to queue
[2025-09-24T17:09:44.670+0000] {logging_mixin.py:188} INFO - [2025-09-24T17:09:44.669+0000] {dagbag.py:540} INFO - Filling up the DagBag from /home/airflow/.local/lib/python3.12/site-packages/airflow/example_dags/example_complex.py
[2025-09-24T17:09:44.687+0000] {processor.py:840} INFO - DAG(s) 'example_complex' retrieved from /home/airflow/.local/lib/python3.12/site-packages/airflow/example_dags/example_complex.py
[2025-09-24T17:09:44.735+0000] {logging_mixin.py:188} INFO - [2025-09-24T17:09:44.735+0000] {dag.py:3096} INFO - Sync 1 DAGs
[2025-09-24T17:09:44.753+0000] {logging_mixin.py:188} INFO - [2025-09-24T17:09:44.753+0000] {dag.py:3954} INFO - Setting next_dagrun for example_complex to None, run_after=None
[2025-09-24T17:09:44.780+0000] {processor.py:183} INFO - Processing /home/airflow/.local/lib/python3.12/site-packages/airflow/example_dags/example_complex.py took 0.123 seconds
[2025-09-24T17:10:15.165+0000] {processor.py:161} INFO - Started process (PID=3839) to work on /home/airflow/.local/lib/python3.12/site-packages/airflow/example_dags/example_complex.py
[2025-09-24T17:10:15.167+0000] {processor.py:830} INFO - Processing file /home/airflow/.local/lib/python3.12/site-packages/airflow/example_dags/example_complex.py for tasks to queue
[2025-09-24T17:10:15.169+0000] {logging_mixin.py:188} INFO - [2025-09-24T17:10:15.169+0000] {dagbag.py:540} INFO - Filling up the DagBag from /home/airflow/.local/lib/python3.12/site-packages/airflow/example_dags/example_complex.py
[2025-09-24T17:10:15.185+0000] {processor.py:840} INFO - DAG(s) 'example_complex' retrieved from /home/airflow/.local/lib/python3.12/site-packages/airflow/example_dags/example_complex.py
[2025-09-24T17:10:15.234+0000] {logging_mixin.py:188} INFO - [2025-09-24T17:10:15.234+0000] {dag.py:3096} INFO - Sync 1 DAGs
[2025-09-24T17:10:15.253+0000] {logging_mixin.py:188} INFO - [2025-09-24T17:10:15.252+0000] {dag.py:3954} INFO - Setting next_dagrun for example_complex to None, run_after=None
[2025-09-24T17:10:15.284+0000] {processor.py:183} INFO - Processing /home/airflow/.local/lib/python3.12/site-packages/airflow/example_dags/example_complex.py took 0.128 seconds
[2025-09-24T17:10:45.322+0000] {processor.py:161} INFO - Started process (PID=3897) to work on /home/airflow/.local/lib/python3.12/site-packages/airflow/example_dags/example_complex.py
[2025-09-24T17:10:45.324+0000] {processor.py:830} INFO - Processing file /home/airflow/.local/lib/python3.12/site-packages/airflow/example_dags/example_complex.py for tasks to queue
[2025-09-24T17:10:45.327+0000] {logging_mixin.py:188} INFO - [2025-09-24T17:10:45.326+0000] {dagbag.py:540} INFO - Filling up the DagBag from /home/airflow/.local/lib/python3.12/site-packages/airflow/example_dags/example_complex.py
[2025-09-24T17:10:45.344+0000] {processor.py:840} INFO - DAG(s) 'example_complex' retrieved from /home/airflow/.local/lib/python3.12/site-packages/airflow/example_dags/example_complex.py
[2025-09-24T17:10:45.393+0000] {logging_mixin.py:188} INFO - [2025-09-24T17:10:45.393+0000] {dag.py:3096} INFO - Sync 1 DAGs
[2025-09-24T17:10:45.411+0000] {logging_mixin.py:188} INFO - [2025-09-24T17:10:45.411+0000] {dag.py:3954} INFO - Setting next_dagrun for example_complex to None, run_after=None
[2025-09-24T17:10:45.442+0000] {processor.py:183} INFO - Processing /home/airflow/.local/lib/python3.12/site-packages/airflow/example_dags/example_complex.py took 0.130 seconds
[2025-09-24T17:11:16.120+0000] {processor.py:161} INFO - Started process (PID=3955) to work on /home/airflow/.local/lib/python3.12/site-packages/airflow/example_dags/example_complex.py
[2025-09-24T17:11:16.122+0000] {processor.py:830} INFO - Processing file /home/airflow/.local/lib/python3.12/site-packages/airflow/example_dags/example_complex.py for tasks to queue
[2025-09-24T17:11:16.125+0000] {logging_mixin.py:188} INFO - [2025-09-24T17:11:16.124+0000] {dagbag.py:540} INFO - Filling up the DagBag from /home/airflow/.local/lib/python3.12/site-packages/airflow/example_dags/example_complex.py
[2025-09-24T17:11:16.140+0000] {processor.py:840} INFO - DAG(s) 'example_complex' retrieved from /home/airflow/.local/lib/python3.12/site-packages/airflow/example_dags/example_complex.py
[2025-09-24T17:11:16.187+0000] {logging_mixin.py:188} INFO - [2025-09-24T17:11:16.186+0000] {dag.py:3096} INFO - Sync 1 DAGs
[2025-09-24T17:11:16.211+0000] {logging_mixin.py:188} INFO - [2025-09-24T17:11:16.211+0000] {dag.py:3954} INFO - Setting next_dagrun for example_complex to None, run_after=None
[2025-09-24T17:11:16.245+0000] {processor.py:183} INFO - Processing /home/airflow/.local/lib/python3.12/site-packages/airflow/example_dags/example_complex.py took 0.134 seconds
[2025-09-24T17:11:46.594+0000] {processor.py:161} INFO - Started process (PID=4013) to work on /home/airflow/.local/lib/python3.12/site-packages/airflow/example_dags/example_complex.py
[2025-09-24T17:11:46.596+0000] {processor.py:830} INFO - Processing file /home/airflow/.local/lib/python3.12/site-packages/airflow/example_dags/example_complex.py for tasks to queue
[2025-09-24T17:11:46.598+0000] {logging_mixin.py:188} INFO - [2025-09-24T17:11:46.598+0000] {dagbag.py:540} INFO - Filling up the DagBag from /home/airflow/.local/lib/python3.12/site-packages/airflow/example_dags/example_complex.py
[2025-09-24T17:11:46.613+0000] {processor.py:840} INFO - DAG(s) 'example_complex' retrieved from /home/airflow/.local/lib/python3.12/site-packages/airflow/example_dags/example_complex.py
[2025-09-24T17:11:46.662+0000] {logging_mixin.py:188} INFO - [2025-09-24T17:11:46.662+0000] {dag.py:3096} INFO - Sync 1 DAGs
[2025-09-24T17:11:46.684+0000] {logging_mixin.py:188} INFO - [2025-09-24T17:11:46.684+0000] {dag.py:3954} INFO - Setting next_dagrun for example_complex to None, run_after=None
[2025-09-24T17:11:46.713+0000] {processor.py:183} INFO - Processing /home/airflow/.local/lib/python3.12/site-packages/airflow/example_dags/example_complex.py took 0.128 seconds
[2025-09-24T17:12:17.271+0000] {processor.py:161} INFO - Started process (PID=4071) to work on /home/airflow/.local/lib/python3.12/site-packages/airflow/example_dags/example_complex.py
[2025-09-24T17:12:17.272+0000] {processor.py:830} INFO - Processing file /home/airflow/.local/lib/python3.12/site-packages/airflow/example_dags/example_complex.py for tasks to queue
[2025-09-24T17:12:17.275+0000] {logging_mixin.py:188} INFO - [2025-09-24T17:12:17.275+0000] {dagbag.py:540} INFO - Filling up the DagBag from /home/airflow/.local/lib/python3.12/site-packages/airflow/example_dags/example_complex.py
[2025-09-24T17:12:17.290+0000] {processor.py:840} INFO - DAG(s) 'example_complex' retrieved from /home/airflow/.local/lib/python3.12/site-packages/airflow/example_dags/example_complex.py
[2025-09-24T17:12:17.343+0000] {logging_mixin.py:188} INFO - [2025-09-24T17:12:17.342+0000] {dag.py:3096} INFO - Sync 1 DAGs
[2025-09-24T17:12:17.367+0000] {logging_mixin.py:188} INFO - [2025-09-24T17:12:17.366+0000] {dag.py:3954} INFO - Setting next_dagrun for example_complex to None, run_after=None
[2025-09-24T17:12:17.396+0000] {processor.py:183} INFO - Processing /home/airflow/.local/lib/python3.12/site-packages/airflow/example_dags/example_complex.py took 0.133 seconds
[2025-09-24T17:12:47.790+0000] {processor.py:161} INFO - Started process (PID=4129) to work on /home/airflow/.local/lib/python3.12/site-packages/airflow/example_dags/example_complex.py
[2025-09-24T17:12:47.791+0000] {processor.py:830} INFO - Processing file /home/airflow/.local/lib/python3.12/site-packages/airflow/example_dags/example_complex.py for tasks to queue
[2025-09-24T17:12:47.793+0000] {logging_mixin.py:188} INFO - [2025-09-24T17:12:47.793+0000] {dagbag.py:540} INFO - Filling up the DagBag from /home/airflow/.local/lib/python3.12/site-packages/airflow/example_dags/example_complex.py
[2025-09-24T17:12:47.811+0000] {processor.py:840} INFO - DAG(s) 'example_complex' retrieved from /home/airflow/.local/lib/python3.12/site-packages/airflow/example_dags/example_complex.py
[2025-09-24T17:12:47.865+0000] {logging_mixin.py:188} INFO - [2025-09-24T17:12:47.864+0000] {dag.py:3096} INFO - Sync 1 DAGs
[2025-09-24T17:12:47.883+0000] {logging_mixin.py:188} INFO - [2025-09-24T17:12:47.882+0000] {dag.py:3954} INFO - Setting next_dagrun for example_complex to None, run_after=None
[2025-09-24T17:12:47.916+0000] {processor.py:183} INFO - Processing /home/airflow/.local/lib/python3.12/site-packages/airflow/example_dags/example_complex.py took 0.135 seconds
[2025-09-24T17:13:18.360+0000] {processor.py:161} INFO - Started process (PID=4187) to work on /home/airflow/.local/lib/python3.12/site-packages/airflow/example_dags/example_complex.py
[2025-09-24T17:13:18.361+0000] {processor.py:830} INFO - Processing file /home/airflow/.local/lib/python3.12/site-packages/airflow/example_dags/example_complex.py for tasks to queue
[2025-09-24T17:13:18.365+0000] {logging_mixin.py:188} INFO - [2025-09-24T17:13:18.365+0000] {dagbag.py:540} INFO - Filling up the DagBag from /home/airflow/.local/lib/python3.12/site-packages/airflow/example_dags/example_complex.py
[2025-09-24T17:13:18.381+0000] {processor.py:840} INFO - DAG(s) 'example_complex' retrieved from /home/airflow/.local/lib/python3.12/site-packages/airflow/example_dags/example_complex.py
[2025-09-24T17:13:18.432+0000] {logging_mixin.py:188} INFO - [2025-09-24T17:13:18.431+0000] {dag.py:3096} INFO - Sync 1 DAGs
[2025-09-24T17:13:18.451+0000] {logging_mixin.py:188} INFO - [2025-09-24T17:13:18.450+0000] {dag.py:3954} INFO - Setting next_dagrun for example_complex to None, run_after=None
[2025-09-24T17:13:18.480+0000] {processor.py:183} INFO - Processing /home/airflow/.local/lib/python3.12/site-packages/airflow/example_dags/example_complex.py took 0.129 seconds
[2025-09-24T17:13:48.799+0000] {processor.py:161} INFO - Started process (PID=4245) to work on /home/airflow/.local/lib/python3.12/site-packages/airflow/example_dags/example_complex.py
[2025-09-24T17:13:48.801+0000] {processor.py:830} INFO - Processing file /home/airflow/.local/lib/python3.12/site-packages/airflow/example_dags/example_complex.py for tasks to queue
[2025-09-24T17:13:48.804+0000] {logging_mixin.py:188} INFO - [2025-09-24T17:13:48.803+0000] {dagbag.py:540} INFO - Filling up the DagBag from /home/airflow/.local/lib/python3.12/site-packages/airflow/example_dags/example_complex.py
[2025-09-24T17:13:48.821+0000] {processor.py:840} INFO - DAG(s) 'example_complex' retrieved from /home/airflow/.local/lib/python3.12/site-packages/airflow/example_dags/example_complex.py
[2025-09-24T17:13:48.868+0000] {logging_mixin.py:188} INFO - [2025-09-24T17:13:48.868+0000] {dag.py:3096} INFO - Sync 1 DAGs
[2025-09-24T17:13:48.889+0000] {logging_mixin.py:188} INFO - [2025-09-24T17:13:48.889+0000] {dag.py:3954} INFO - Setting next_dagrun for example_complex to None, run_after=None
[2025-09-24T17:13:48.927+0000] {processor.py:183} INFO - Processing /home/airflow/.local/lib/python3.12/site-packages/airflow/example_dags/example_complex.py took 0.136 seconds
[2025-09-24T17:14:19.122+0000] {processor.py:161} INFO - Started process (PID=4303) to work on /home/airflow/.local/lib/python3.12/site-packages/airflow/example_dags/example_complex.py
[2025-09-24T17:14:19.124+0000] {processor.py:830} INFO - Processing file /home/airflow/.local/lib/python3.12/site-packages/airflow/example_dags/example_complex.py for tasks to queue
[2025-09-24T17:14:19.126+0000] {logging_mixin.py:188} INFO - [2025-09-24T17:14:19.126+0000] {dagbag.py:540} INFO - Filling up the DagBag from /home/airflow/.local/lib/python3.12/site-packages/airflow/example_dags/example_complex.py
[2025-09-24T17:14:19.142+0000] {processor.py:840} INFO - DAG(s) 'example_complex' retrieved from /home/airflow/.local/lib/python3.12/site-packages/airflow/example_dags/example_complex.py
[2025-09-24T17:14:19.195+0000] {logging_mixin.py:188} INFO - [2025-09-24T17:14:19.195+0000] {dag.py:3096} INFO - Sync 1 DAGs
[2025-09-24T17:14:19.216+0000] {logging_mixin.py:188} INFO - [2025-09-24T17:14:19.215+0000] {dag.py:3954} INFO - Setting next_dagrun for example_complex to None, run_after=None
[2025-09-24T17:14:19.244+0000] {processor.py:183} INFO - Processing /home/airflow/.local/lib/python3.12/site-packages/airflow/example_dags/example_complex.py took 0.130 seconds
[2025-09-24T17:18:09.772+0000] {processor.py:161} INFO - Started process (PID=4319) to work on /home/airflow/.local/lib/python3.12/site-packages/airflow/example_dags/example_complex.py
[2025-09-24T17:18:09.774+0000] {processor.py:830} INFO - Processing file /home/airflow/.local/lib/python3.12/site-packages/airflow/example_dags/example_complex.py for tasks to queue
[2025-09-24T17:18:09.779+0000] {logging_mixin.py:188} INFO - [2025-09-24T17:18:09.778+0000] {dagbag.py:540} INFO - Filling up the DagBag from /home/airflow/.local/lib/python3.12/site-packages/airflow/example_dags/example_complex.py
[2025-09-24T17:18:09.808+0000] {processor.py:840} INFO - DAG(s) 'example_complex' retrieved from /home/airflow/.local/lib/python3.12/site-packages/airflow/example_dags/example_complex.py
[2025-09-24T17:18:09.937+0000] {logging_mixin.py:188} INFO - [2025-09-24T17:18:09.936+0000] {dag.py:3096} INFO - Sync 1 DAGs
[2025-09-24T17:18:09.990+0000] {logging_mixin.py:188} INFO - [2025-09-24T17:18:09.989+0000] {dag.py:3954} INFO - Setting next_dagrun for example_complex to None, run_after=None
[2025-09-24T17:18:10.077+0000] {processor.py:183} INFO - Processing /home/airflow/.local/lib/python3.12/site-packages/airflow/example_dags/example_complex.py took 0.322 seconds
