[2025-09-24T16:37:15.380+0000] {processor.py:161} INFO - Started process (PID=79) to work on /home/airflow/.local/lib/python3.12/site-packages/airflow/example_dags/example_trigger_target_dag.py
[2025-09-24T16:37:15.381+0000] {processor.py:830} INFO - Processing file /home/airflow/.local/lib/python3.12/site-packages/airflow/example_dags/example_trigger_target_dag.py for tasks to queue
[2025-09-24T16:37:15.384+0000] {logging_mixin.py:188} INFO - [2025-09-24T16:37:15.384+0000] {dagbag.py:540} INFO - Filling up the DagBag from /home/airflow/.local/lib/python3.12/site-packages/airflow/example_dags/example_trigger_target_dag.py
[2025-09-24T16:37:15.398+0000] {processor.py:840} INFO - DAG(s) 'example_trigger_target_dag' retrieved from /home/airflow/.local/lib/python3.12/site-packages/airflow/example_dags/example_trigger_target_dag.py
[2025-09-24T16:37:15.682+0000] {logging_mixin.py:188} INFO - [2025-09-24T16:37:15.680+0000] {dag.py:3096} INFO - Sync 1 DAGs
[2025-09-24T16:37:15.750+0000] {logging_mixin.py:188} INFO - [2025-09-24T16:37:15.750+0000] {dag.py:3954} INFO - Setting next_dagrun for example_trigger_target_dag to None, run_after=None
[2025-09-24T16:37:15.836+0000] {processor.py:183} INFO - Processing /home/airflow/.local/lib/python3.12/site-packages/airflow/example_dags/example_trigger_target_dag.py took 0.467 seconds
[2025-09-24T16:37:45.994+0000] {processor.py:161} INFO - Started process (PID=137) to work on /home/airflow/.local/lib/python3.12/site-packages/airflow/example_dags/example_trigger_target_dag.py
[2025-09-24T16:37:45.996+0000] {processor.py:830} INFO - Processing file /home/airflow/.local/lib/python3.12/site-packages/airflow/example_dags/example_trigger_target_dag.py for tasks to queue
[2025-09-24T16:37:45.998+0000] {logging_mixin.py:188} INFO - [2025-09-24T16:37:45.998+0000] {dagbag.py:540} INFO - Filling up the DagBag from /home/airflow/.local/lib/python3.12/site-packages/airflow/example_dags/example_trigger_target_dag.py
[2025-09-24T16:37:46.008+0000] {processor.py:840} INFO - DAG(s) 'example_trigger_target_dag' retrieved from /home/airflow/.local/lib/python3.12/site-packages/airflow/example_dags/example_trigger_target_dag.py
[2025-09-24T16:37:46.037+0000] {logging_mixin.py:188} INFO - [2025-09-24T16:37:46.037+0000] {dag.py:3096} INFO - Sync 1 DAGs
[2025-09-24T16:37:46.053+0000] {logging_mixin.py:188} INFO - [2025-09-24T16:37:46.053+0000] {dag.py:3954} INFO - Setting next_dagrun for example_trigger_target_dag to None, run_after=None
[2025-09-24T16:37:46.074+0000] {processor.py:183} INFO - Processing /home/airflow/.local/lib/python3.12/site-packages/airflow/example_dags/example_trigger_target_dag.py took 0.087 seconds
[2025-09-24T16:38:16.376+0000] {processor.py:161} INFO - Started process (PID=195) to work on /home/airflow/.local/lib/python3.12/site-packages/airflow/example_dags/example_trigger_target_dag.py
[2025-09-24T16:38:16.377+0000] {processor.py:830} INFO - Processing file /home/airflow/.local/lib/python3.12/site-packages/airflow/example_dags/example_trigger_target_dag.py for tasks to queue
[2025-09-24T16:38:16.380+0000] {logging_mixin.py:188} INFO - [2025-09-24T16:38:16.379+0000] {dagbag.py:540} INFO - Filling up the DagBag from /home/airflow/.local/lib/python3.12/site-packages/airflow/example_dags/example_trigger_target_dag.py
[2025-09-24T16:38:16.388+0000] {processor.py:840} INFO - DAG(s) 'example_trigger_target_dag' retrieved from /home/airflow/.local/lib/python3.12/site-packages/airflow/example_dags/example_trigger_target_dag.py
[2025-09-24T16:38:16.412+0000] {logging_mixin.py:188} INFO - [2025-09-24T16:38:16.412+0000] {dag.py:3096} INFO - Sync 1 DAGs
[2025-09-24T16:38:16.428+0000] {logging_mixin.py:188} INFO - [2025-09-24T16:38:16.428+0000] {dag.py:3954} INFO - Setting next_dagrun for example_trigger_target_dag to None, run_after=None
[2025-09-24T16:38:16.451+0000] {processor.py:183} INFO - Processing /home/airflow/.local/lib/python3.12/site-packages/airflow/example_dags/example_trigger_target_dag.py took 0.082 seconds
[2025-09-24T16:38:46.833+0000] {processor.py:161} INFO - Started process (PID=253) to work on /home/airflow/.local/lib/python3.12/site-packages/airflow/example_dags/example_trigger_target_dag.py
[2025-09-24T16:38:46.835+0000] {processor.py:830} INFO - Processing file /home/airflow/.local/lib/python3.12/site-packages/airflow/example_dags/example_trigger_target_dag.py for tasks to queue
[2025-09-24T16:38:46.838+0000] {logging_mixin.py:188} INFO - [2025-09-24T16:38:46.837+0000] {dagbag.py:540} INFO - Filling up the DagBag from /home/airflow/.local/lib/python3.12/site-packages/airflow/example_dags/example_trigger_target_dag.py
[2025-09-24T16:38:46.845+0000] {processor.py:840} INFO - DAG(s) 'example_trigger_target_dag' retrieved from /home/airflow/.local/lib/python3.12/site-packages/airflow/example_dags/example_trigger_target_dag.py
[2025-09-24T16:38:46.869+0000] {logging_mixin.py:188} INFO - [2025-09-24T16:38:46.869+0000] {dag.py:3096} INFO - Sync 1 DAGs
[2025-09-24T16:38:46.885+0000] {logging_mixin.py:188} INFO - [2025-09-24T16:38:46.885+0000] {dag.py:3954} INFO - Setting next_dagrun for example_trigger_target_dag to None, run_after=None
[2025-09-24T16:38:46.908+0000] {processor.py:183} INFO - Processing /home/airflow/.local/lib/python3.12/site-packages/airflow/example_dags/example_trigger_target_dag.py took 0.091 seconds
[2025-09-24T16:39:17.060+0000] {processor.py:161} INFO - Started process (PID=311) to work on /home/airflow/.local/lib/python3.12/site-packages/airflow/example_dags/example_trigger_target_dag.py
[2025-09-24T16:39:17.061+0000] {processor.py:830} INFO - Processing file /home/airflow/.local/lib/python3.12/site-packages/airflow/example_dags/example_trigger_target_dag.py for tasks to queue
[2025-09-24T16:39:17.064+0000] {logging_mixin.py:188} INFO - [2025-09-24T16:39:17.064+0000] {dagbag.py:540} INFO - Filling up the DagBag from /home/airflow/.local/lib/python3.12/site-packages/airflow/example_dags/example_trigger_target_dag.py
[2025-09-24T16:39:17.079+0000] {processor.py:840} INFO - DAG(s) 'example_trigger_target_dag' retrieved from /home/airflow/.local/lib/python3.12/site-packages/airflow/example_dags/example_trigger_target_dag.py
[2025-09-24T16:39:17.110+0000] {logging_mixin.py:188} INFO - [2025-09-24T16:39:17.109+0000] {dag.py:3096} INFO - Sync 1 DAGs
[2025-09-24T16:39:17.133+0000] {logging_mixin.py:188} INFO - [2025-09-24T16:39:17.133+0000] {dag.py:3954} INFO - Setting next_dagrun for example_trigger_target_dag to None, run_after=None
[2025-09-24T16:39:17.166+0000] {processor.py:183} INFO - Processing /home/airflow/.local/lib/python3.12/site-packages/airflow/example_dags/example_trigger_target_dag.py took 0.114 seconds
[2025-09-24T16:39:47.808+0000] {processor.py:161} INFO - Started process (PID=375) to work on /home/airflow/.local/lib/python3.12/site-packages/airflow/example_dags/example_trigger_target_dag.py
[2025-09-24T16:39:47.809+0000] {processor.py:830} INFO - Processing file /home/airflow/.local/lib/python3.12/site-packages/airflow/example_dags/example_trigger_target_dag.py for tasks to queue
[2025-09-24T16:39:47.812+0000] {logging_mixin.py:188} INFO - [2025-09-24T16:39:47.812+0000] {dagbag.py:540} INFO - Filling up the DagBag from /home/airflow/.local/lib/python3.12/site-packages/airflow/example_dags/example_trigger_target_dag.py
[2025-09-24T16:39:47.820+0000] {processor.py:840} INFO - DAG(s) 'example_trigger_target_dag' retrieved from /home/airflow/.local/lib/python3.12/site-packages/airflow/example_dags/example_trigger_target_dag.py
[2025-09-24T16:39:47.846+0000] {logging_mixin.py:188} INFO - [2025-09-24T16:39:47.846+0000] {dag.py:3096} INFO - Sync 1 DAGs
[2025-09-24T16:39:47.863+0000] {logging_mixin.py:188} INFO - [2025-09-24T16:39:47.863+0000] {dag.py:3954} INFO - Setting next_dagrun for example_trigger_target_dag to None, run_after=None
[2025-09-24T16:39:47.887+0000] {processor.py:183} INFO - Processing /home/airflow/.local/lib/python3.12/site-packages/airflow/example_dags/example_trigger_target_dag.py took 0.087 seconds
[2025-09-24T16:40:18.190+0000] {processor.py:161} INFO - Started process (PID=433) to work on /home/airflow/.local/lib/python3.12/site-packages/airflow/example_dags/example_trigger_target_dag.py
[2025-09-24T16:40:18.191+0000] {processor.py:830} INFO - Processing file /home/airflow/.local/lib/python3.12/site-packages/airflow/example_dags/example_trigger_target_dag.py for tasks to queue
[2025-09-24T16:40:18.193+0000] {logging_mixin.py:188} INFO - [2025-09-24T16:40:18.193+0000] {dagbag.py:540} INFO - Filling up the DagBag from /home/airflow/.local/lib/python3.12/site-packages/airflow/example_dags/example_trigger_target_dag.py
[2025-09-24T16:40:18.201+0000] {processor.py:840} INFO - DAG(s) 'example_trigger_target_dag' retrieved from /home/airflow/.local/lib/python3.12/site-packages/airflow/example_dags/example_trigger_target_dag.py
[2025-09-24T16:40:18.226+0000] {logging_mixin.py:188} INFO - [2025-09-24T16:40:18.226+0000] {dag.py:3096} INFO - Sync 1 DAGs
[2025-09-24T16:40:18.242+0000] {logging_mixin.py:188} INFO - [2025-09-24T16:40:18.242+0000] {dag.py:3954} INFO - Setting next_dagrun for example_trigger_target_dag to None, run_after=None
[2025-09-24T16:40:18.266+0000] {processor.py:183} INFO - Processing /home/airflow/.local/lib/python3.12/site-packages/airflow/example_dags/example_trigger_target_dag.py took 0.084 seconds
[2025-09-24T16:40:48.578+0000] {processor.py:161} INFO - Started process (PID=491) to work on /home/airflow/.local/lib/python3.12/site-packages/airflow/example_dags/example_trigger_target_dag.py
[2025-09-24T16:40:48.579+0000] {processor.py:830} INFO - Processing file /home/airflow/.local/lib/python3.12/site-packages/airflow/example_dags/example_trigger_target_dag.py for tasks to queue
[2025-09-24T16:40:48.581+0000] {logging_mixin.py:188} INFO - [2025-09-24T16:40:48.581+0000] {dagbag.py:540} INFO - Filling up the DagBag from /home/airflow/.local/lib/python3.12/site-packages/airflow/example_dags/example_trigger_target_dag.py
[2025-09-24T16:40:48.589+0000] {processor.py:840} INFO - DAG(s) 'example_trigger_target_dag' retrieved from /home/airflow/.local/lib/python3.12/site-packages/airflow/example_dags/example_trigger_target_dag.py
[2025-09-24T16:40:48.616+0000] {logging_mixin.py:188} INFO - [2025-09-24T16:40:48.615+0000] {dag.py:3096} INFO - Sync 1 DAGs
[2025-09-24T16:40:48.632+0000] {logging_mixin.py:188} INFO - [2025-09-24T16:40:48.632+0000] {dag.py:3954} INFO - Setting next_dagrun for example_trigger_target_dag to None, run_after=None
[2025-09-24T16:40:48.654+0000] {processor.py:183} INFO - Processing /home/airflow/.local/lib/python3.12/site-packages/airflow/example_dags/example_trigger_target_dag.py took 0.084 seconds
[2025-09-24T16:41:18.948+0000] {processor.py:161} INFO - Started process (PID=549) to work on /home/airflow/.local/lib/python3.12/site-packages/airflow/example_dags/example_trigger_target_dag.py
[2025-09-24T16:41:18.949+0000] {processor.py:830} INFO - Processing file /home/airflow/.local/lib/python3.12/site-packages/airflow/example_dags/example_trigger_target_dag.py for tasks to queue
[2025-09-24T16:41:18.952+0000] {logging_mixin.py:188} INFO - [2025-09-24T16:41:18.951+0000] {dagbag.py:540} INFO - Filling up the DagBag from /home/airflow/.local/lib/python3.12/site-packages/airflow/example_dags/example_trigger_target_dag.py
[2025-09-24T16:41:18.959+0000] {processor.py:840} INFO - DAG(s) 'example_trigger_target_dag' retrieved from /home/airflow/.local/lib/python3.12/site-packages/airflow/example_dags/example_trigger_target_dag.py
[2025-09-24T16:41:18.984+0000] {logging_mixin.py:188} INFO - [2025-09-24T16:41:18.984+0000] {dag.py:3096} INFO - Sync 1 DAGs
[2025-09-24T16:41:19.000+0000] {logging_mixin.py:188} INFO - [2025-09-24T16:41:19.000+0000] {dag.py:3954} INFO - Setting next_dagrun for example_trigger_target_dag to None, run_after=None
[2025-09-24T16:41:19.023+0000] {processor.py:183} INFO - Processing /home/airflow/.local/lib/python3.12/site-packages/airflow/example_dags/example_trigger_target_dag.py took 0.082 seconds
[2025-09-24T16:41:49.447+0000] {processor.py:161} INFO - Started process (PID=607) to work on /home/airflow/.local/lib/python3.12/site-packages/airflow/example_dags/example_trigger_target_dag.py
[2025-09-24T16:41:49.448+0000] {processor.py:830} INFO - Processing file /home/airflow/.local/lib/python3.12/site-packages/airflow/example_dags/example_trigger_target_dag.py for tasks to queue
[2025-09-24T16:41:49.451+0000] {logging_mixin.py:188} INFO - [2025-09-24T16:41:49.450+0000] {dagbag.py:540} INFO - Filling up the DagBag from /home/airflow/.local/lib/python3.12/site-packages/airflow/example_dags/example_trigger_target_dag.py
[2025-09-24T16:41:49.459+0000] {processor.py:840} INFO - DAG(s) 'example_trigger_target_dag' retrieved from /home/airflow/.local/lib/python3.12/site-packages/airflow/example_dags/example_trigger_target_dag.py
[2025-09-24T16:41:49.484+0000] {logging_mixin.py:188} INFO - [2025-09-24T16:41:49.484+0000] {dag.py:3096} INFO - Sync 1 DAGs
[2025-09-24T16:41:49.500+0000] {logging_mixin.py:188} INFO - [2025-09-24T16:41:49.500+0000] {dag.py:3954} INFO - Setting next_dagrun for example_trigger_target_dag to None, run_after=None
[2025-09-24T16:41:49.523+0000] {processor.py:183} INFO - Processing /home/airflow/.local/lib/python3.12/site-packages/airflow/example_dags/example_trigger_target_dag.py took 0.085 seconds
[2025-09-24T16:42:19.746+0000] {processor.py:161} INFO - Started process (PID=665) to work on /home/airflow/.local/lib/python3.12/site-packages/airflow/example_dags/example_trigger_target_dag.py
[2025-09-24T16:42:19.747+0000] {processor.py:830} INFO - Processing file /home/airflow/.local/lib/python3.12/site-packages/airflow/example_dags/example_trigger_target_dag.py for tasks to queue
[2025-09-24T16:42:19.750+0000] {logging_mixin.py:188} INFO - [2025-09-24T16:42:19.750+0000] {dagbag.py:540} INFO - Filling up the DagBag from /home/airflow/.local/lib/python3.12/site-packages/airflow/example_dags/example_trigger_target_dag.py
[2025-09-24T16:42:19.758+0000] {processor.py:840} INFO - DAG(s) 'example_trigger_target_dag' retrieved from /home/airflow/.local/lib/python3.12/site-packages/airflow/example_dags/example_trigger_target_dag.py
[2025-09-24T16:42:19.783+0000] {logging_mixin.py:188} INFO - [2025-09-24T16:42:19.783+0000] {dag.py:3096} INFO - Sync 1 DAGs
[2025-09-24T16:42:19.800+0000] {logging_mixin.py:188} INFO - [2025-09-24T16:42:19.799+0000] {dag.py:3954} INFO - Setting next_dagrun for example_trigger_target_dag to None, run_after=None
[2025-09-24T16:42:19.823+0000] {processor.py:183} INFO - Processing /home/airflow/.local/lib/python3.12/site-packages/airflow/example_dags/example_trigger_target_dag.py took 0.084 seconds
[2025-09-24T16:42:50.197+0000] {processor.py:161} INFO - Started process (PID=723) to work on /home/airflow/.local/lib/python3.12/site-packages/airflow/example_dags/example_trigger_target_dag.py
[2025-09-24T16:42:50.199+0000] {processor.py:830} INFO - Processing file /home/airflow/.local/lib/python3.12/site-packages/airflow/example_dags/example_trigger_target_dag.py for tasks to queue
[2025-09-24T16:42:50.202+0000] {logging_mixin.py:188} INFO - [2025-09-24T16:42:50.201+0000] {dagbag.py:540} INFO - Filling up the DagBag from /home/airflow/.local/lib/python3.12/site-packages/airflow/example_dags/example_trigger_target_dag.py
[2025-09-24T16:42:50.211+0000] {processor.py:840} INFO - DAG(s) 'example_trigger_target_dag' retrieved from /home/airflow/.local/lib/python3.12/site-packages/airflow/example_dags/example_trigger_target_dag.py
[2025-09-24T16:42:50.238+0000] {logging_mixin.py:188} INFO - [2025-09-24T16:42:50.238+0000] {dag.py:3096} INFO - Sync 1 DAGs
[2025-09-24T16:42:50.256+0000] {logging_mixin.py:188} INFO - [2025-09-24T16:42:50.256+0000] {dag.py:3954} INFO - Setting next_dagrun for example_trigger_target_dag to None, run_after=None
[2025-09-24T16:42:50.309+0000] {processor.py:183} INFO - Processing /home/airflow/.local/lib/python3.12/site-packages/airflow/example_dags/example_trigger_target_dag.py took 0.121 seconds
[2025-09-24T16:43:20.694+0000] {processor.py:161} INFO - Started process (PID=781) to work on /home/airflow/.local/lib/python3.12/site-packages/airflow/example_dags/example_trigger_target_dag.py
[2025-09-24T16:43:20.695+0000] {processor.py:830} INFO - Processing file /home/airflow/.local/lib/python3.12/site-packages/airflow/example_dags/example_trigger_target_dag.py for tasks to queue
[2025-09-24T16:43:20.698+0000] {logging_mixin.py:188} INFO - [2025-09-24T16:43:20.697+0000] {dagbag.py:540} INFO - Filling up the DagBag from /home/airflow/.local/lib/python3.12/site-packages/airflow/example_dags/example_trigger_target_dag.py
[2025-09-24T16:43:20.705+0000] {processor.py:840} INFO - DAG(s) 'example_trigger_target_dag' retrieved from /home/airflow/.local/lib/python3.12/site-packages/airflow/example_dags/example_trigger_target_dag.py
[2025-09-24T16:43:20.730+0000] {logging_mixin.py:188} INFO - [2025-09-24T16:43:20.729+0000] {dag.py:3096} INFO - Sync 1 DAGs
[2025-09-24T16:43:20.746+0000] {logging_mixin.py:188} INFO - [2025-09-24T16:43:20.745+0000] {dag.py:3954} INFO - Setting next_dagrun for example_trigger_target_dag to None, run_after=None
[2025-09-24T16:43:20.767+0000] {processor.py:183} INFO - Processing /home/airflow/.local/lib/python3.12/site-packages/airflow/example_dags/example_trigger_target_dag.py took 0.081 seconds
[2025-09-24T16:43:50.975+0000] {processor.py:161} INFO - Started process (PID=839) to work on /home/airflow/.local/lib/python3.12/site-packages/airflow/example_dags/example_trigger_target_dag.py
[2025-09-24T16:43:50.976+0000] {processor.py:830} INFO - Processing file /home/airflow/.local/lib/python3.12/site-packages/airflow/example_dags/example_trigger_target_dag.py for tasks to queue
[2025-09-24T16:43:50.978+0000] {logging_mixin.py:188} INFO - [2025-09-24T16:43:50.978+0000] {dagbag.py:540} INFO - Filling up the DagBag from /home/airflow/.local/lib/python3.12/site-packages/airflow/example_dags/example_trigger_target_dag.py
[2025-09-24T16:43:50.986+0000] {processor.py:840} INFO - DAG(s) 'example_trigger_target_dag' retrieved from /home/airflow/.local/lib/python3.12/site-packages/airflow/example_dags/example_trigger_target_dag.py
[2025-09-24T16:43:51.011+0000] {logging_mixin.py:188} INFO - [2025-09-24T16:43:51.010+0000] {dag.py:3096} INFO - Sync 1 DAGs
[2025-09-24T16:43:51.028+0000] {logging_mixin.py:188} INFO - [2025-09-24T16:43:51.028+0000] {dag.py:3954} INFO - Setting next_dagrun for example_trigger_target_dag to None, run_after=None
[2025-09-24T16:43:51.052+0000] {processor.py:183} INFO - Processing /home/airflow/.local/lib/python3.12/site-packages/airflow/example_dags/example_trigger_target_dag.py took 0.085 seconds
[2025-09-24T16:44:21.388+0000] {processor.py:161} INFO - Started process (PID=897) to work on /home/airflow/.local/lib/python3.12/site-packages/airflow/example_dags/example_trigger_target_dag.py
[2025-09-24T16:44:21.390+0000] {processor.py:830} INFO - Processing file /home/airflow/.local/lib/python3.12/site-packages/airflow/example_dags/example_trigger_target_dag.py for tasks to queue
[2025-09-24T16:44:21.393+0000] {logging_mixin.py:188} INFO - [2025-09-24T16:44:21.392+0000] {dagbag.py:540} INFO - Filling up the DagBag from /home/airflow/.local/lib/python3.12/site-packages/airflow/example_dags/example_trigger_target_dag.py
[2025-09-24T16:44:21.401+0000] {processor.py:840} INFO - DAG(s) 'example_trigger_target_dag' retrieved from /home/airflow/.local/lib/python3.12/site-packages/airflow/example_dags/example_trigger_target_dag.py
[2025-09-24T16:44:21.429+0000] {logging_mixin.py:188} INFO - [2025-09-24T16:44:21.428+0000] {dag.py:3096} INFO - Sync 1 DAGs
[2025-09-24T16:44:21.447+0000] {logging_mixin.py:188} INFO - [2025-09-24T16:44:21.447+0000] {dag.py:3954} INFO - Setting next_dagrun for example_trigger_target_dag to None, run_after=None
[2025-09-24T16:44:21.475+0000] {processor.py:183} INFO - Processing /home/airflow/.local/lib/python3.12/site-packages/airflow/example_dags/example_trigger_target_dag.py took 0.095 seconds
[2025-09-24T16:44:51.841+0000] {processor.py:161} INFO - Started process (PID=955) to work on /home/airflow/.local/lib/python3.12/site-packages/airflow/example_dags/example_trigger_target_dag.py
[2025-09-24T16:44:51.842+0000] {processor.py:830} INFO - Processing file /home/airflow/.local/lib/python3.12/site-packages/airflow/example_dags/example_trigger_target_dag.py for tasks to queue
[2025-09-24T16:44:51.845+0000] {logging_mixin.py:188} INFO - [2025-09-24T16:44:51.845+0000] {dagbag.py:540} INFO - Filling up the DagBag from /home/airflow/.local/lib/python3.12/site-packages/airflow/example_dags/example_trigger_target_dag.py
[2025-09-24T16:44:51.853+0000] {processor.py:840} INFO - DAG(s) 'example_trigger_target_dag' retrieved from /home/airflow/.local/lib/python3.12/site-packages/airflow/example_dags/example_trigger_target_dag.py
[2025-09-24T16:44:51.876+0000] {logging_mixin.py:188} INFO - [2025-09-24T16:44:51.876+0000] {dag.py:3096} INFO - Sync 1 DAGs
[2025-09-24T16:44:51.893+0000] {logging_mixin.py:188} INFO - [2025-09-24T16:44:51.893+0000] {dag.py:3954} INFO - Setting next_dagrun for example_trigger_target_dag to None, run_after=None
[2025-09-24T16:44:51.916+0000] {processor.py:183} INFO - Processing /home/airflow/.local/lib/python3.12/site-packages/airflow/example_dags/example_trigger_target_dag.py took 0.083 seconds
[2025-09-24T16:45:22.106+0000] {processor.py:161} INFO - Started process (PID=1013) to work on /home/airflow/.local/lib/python3.12/site-packages/airflow/example_dags/example_trigger_target_dag.py
[2025-09-24T16:45:22.107+0000] {processor.py:830} INFO - Processing file /home/airflow/.local/lib/python3.12/site-packages/airflow/example_dags/example_trigger_target_dag.py for tasks to queue
[2025-09-24T16:45:22.109+0000] {logging_mixin.py:188} INFO - [2025-09-24T16:45:22.109+0000] {dagbag.py:540} INFO - Filling up the DagBag from /home/airflow/.local/lib/python3.12/site-packages/airflow/example_dags/example_trigger_target_dag.py
[2025-09-24T16:45:22.116+0000] {processor.py:840} INFO - DAG(s) 'example_trigger_target_dag' retrieved from /home/airflow/.local/lib/python3.12/site-packages/airflow/example_dags/example_trigger_target_dag.py
[2025-09-24T16:45:22.139+0000] {logging_mixin.py:188} INFO - [2025-09-24T16:45:22.139+0000] {dag.py:3096} INFO - Sync 1 DAGs
[2025-09-24T16:45:22.155+0000] {logging_mixin.py:188} INFO - [2025-09-24T16:45:22.154+0000] {dag.py:3954} INFO - Setting next_dagrun for example_trigger_target_dag to None, run_after=None
[2025-09-24T16:45:22.178+0000] {processor.py:183} INFO - Processing /home/airflow/.local/lib/python3.12/site-packages/airflow/example_dags/example_trigger_target_dag.py took 0.079 seconds
[2025-09-24T16:45:53.437+0000] {processor.py:161} INFO - Started process (PID=1071) to work on /home/airflow/.local/lib/python3.12/site-packages/airflow/example_dags/example_trigger_target_dag.py
[2025-09-24T16:45:53.439+0000] {processor.py:830} INFO - Processing file /home/airflow/.local/lib/python3.12/site-packages/airflow/example_dags/example_trigger_target_dag.py for tasks to queue
[2025-09-24T16:45:53.441+0000] {logging_mixin.py:188} INFO - [2025-09-24T16:45:53.441+0000] {dagbag.py:540} INFO - Filling up the DagBag from /home/airflow/.local/lib/python3.12/site-packages/airflow/example_dags/example_trigger_target_dag.py
[2025-09-24T16:45:53.451+0000] {processor.py:840} INFO - DAG(s) 'example_trigger_target_dag' retrieved from /home/airflow/.local/lib/python3.12/site-packages/airflow/example_dags/example_trigger_target_dag.py
[2025-09-24T16:45:53.481+0000] {logging_mixin.py:188} INFO - [2025-09-24T16:45:53.481+0000] {dag.py:3096} INFO - Sync 1 DAGs
[2025-09-24T16:45:53.502+0000] {logging_mixin.py:188} INFO - [2025-09-24T16:45:53.501+0000] {dag.py:3954} INFO - Setting next_dagrun for example_trigger_target_dag to None, run_after=None
[2025-09-24T16:45:53.530+0000] {processor.py:183} INFO - Processing /home/airflow/.local/lib/python3.12/site-packages/airflow/example_dags/example_trigger_target_dag.py took 0.102 seconds
[2025-09-24T16:46:23.787+0000] {processor.py:161} INFO - Started process (PID=1128) to work on /home/airflow/.local/lib/python3.12/site-packages/airflow/example_dags/example_trigger_target_dag.py
[2025-09-24T16:46:23.788+0000] {processor.py:830} INFO - Processing file /home/airflow/.local/lib/python3.12/site-packages/airflow/example_dags/example_trigger_target_dag.py for tasks to queue
[2025-09-24T16:46:23.790+0000] {logging_mixin.py:188} INFO - [2025-09-24T16:46:23.790+0000] {dagbag.py:540} INFO - Filling up the DagBag from /home/airflow/.local/lib/python3.12/site-packages/airflow/example_dags/example_trigger_target_dag.py
[2025-09-24T16:46:23.798+0000] {processor.py:840} INFO - DAG(s) 'example_trigger_target_dag' retrieved from /home/airflow/.local/lib/python3.12/site-packages/airflow/example_dags/example_trigger_target_dag.py
[2025-09-24T16:46:23.824+0000] {logging_mixin.py:188} INFO - [2025-09-24T16:46:23.823+0000] {dag.py:3096} INFO - Sync 1 DAGs
[2025-09-24T16:46:23.840+0000] {logging_mixin.py:188} INFO - [2025-09-24T16:46:23.840+0000] {dag.py:3954} INFO - Setting next_dagrun for example_trigger_target_dag to None, run_after=None
[2025-09-24T16:46:23.864+0000] {processor.py:183} INFO - Processing /home/airflow/.local/lib/python3.12/site-packages/airflow/example_dags/example_trigger_target_dag.py took 0.085 seconds
[2025-09-24T16:46:54.055+0000] {processor.py:161} INFO - Started process (PID=1186) to work on /home/airflow/.local/lib/python3.12/site-packages/airflow/example_dags/example_trigger_target_dag.py
[2025-09-24T16:46:54.056+0000] {processor.py:830} INFO - Processing file /home/airflow/.local/lib/python3.12/site-packages/airflow/example_dags/example_trigger_target_dag.py for tasks to queue
[2025-09-24T16:46:54.059+0000] {logging_mixin.py:188} INFO - [2025-09-24T16:46:54.059+0000] {dagbag.py:540} INFO - Filling up the DagBag from /home/airflow/.local/lib/python3.12/site-packages/airflow/example_dags/example_trigger_target_dag.py
[2025-09-24T16:46:54.068+0000] {processor.py:840} INFO - DAG(s) 'example_trigger_target_dag' retrieved from /home/airflow/.local/lib/python3.12/site-packages/airflow/example_dags/example_trigger_target_dag.py
[2025-09-24T16:46:54.096+0000] {logging_mixin.py:188} INFO - [2025-09-24T16:46:54.095+0000] {dag.py:3096} INFO - Sync 1 DAGs
[2025-09-24T16:46:54.116+0000] {logging_mixin.py:188} INFO - [2025-09-24T16:46:54.115+0000] {dag.py:3954} INFO - Setting next_dagrun for example_trigger_target_dag to None, run_after=None
[2025-09-24T16:46:54.142+0000] {processor.py:183} INFO - Processing /home/airflow/.local/lib/python3.12/site-packages/airflow/example_dags/example_trigger_target_dag.py took 0.095 seconds
[2025-09-24T16:47:24.550+0000] {processor.py:161} INFO - Started process (PID=1244) to work on /home/airflow/.local/lib/python3.12/site-packages/airflow/example_dags/example_trigger_target_dag.py
[2025-09-24T16:47:24.552+0000] {processor.py:830} INFO - Processing file /home/airflow/.local/lib/python3.12/site-packages/airflow/example_dags/example_trigger_target_dag.py for tasks to queue
[2025-09-24T16:47:24.555+0000] {logging_mixin.py:188} INFO - [2025-09-24T16:47:24.554+0000] {dagbag.py:540} INFO - Filling up the DagBag from /home/airflow/.local/lib/python3.12/site-packages/airflow/example_dags/example_trigger_target_dag.py
[2025-09-24T16:47:24.564+0000] {processor.py:840} INFO - DAG(s) 'example_trigger_target_dag' retrieved from /home/airflow/.local/lib/python3.12/site-packages/airflow/example_dags/example_trigger_target_dag.py
[2025-09-24T16:47:24.593+0000] {logging_mixin.py:188} INFO - [2025-09-24T16:47:24.593+0000] {dag.py:3096} INFO - Sync 1 DAGs
[2025-09-24T16:47:24.613+0000] {logging_mixin.py:188} INFO - [2025-09-24T16:47:24.613+0000] {dag.py:3954} INFO - Setting next_dagrun for example_trigger_target_dag to None, run_after=None
[2025-09-24T16:47:24.638+0000] {processor.py:183} INFO - Processing /home/airflow/.local/lib/python3.12/site-packages/airflow/example_dags/example_trigger_target_dag.py took 0.097 seconds
[2025-09-24T16:47:55.592+0000] {processor.py:161} INFO - Started process (PID=1303) to work on /home/airflow/.local/lib/python3.12/site-packages/airflow/example_dags/example_trigger_target_dag.py
[2025-09-24T16:47:55.593+0000] {processor.py:830} INFO - Processing file /home/airflow/.local/lib/python3.12/site-packages/airflow/example_dags/example_trigger_target_dag.py for tasks to queue
[2025-09-24T16:47:55.595+0000] {logging_mixin.py:188} INFO - [2025-09-24T16:47:55.595+0000] {dagbag.py:540} INFO - Filling up the DagBag from /home/airflow/.local/lib/python3.12/site-packages/airflow/example_dags/example_trigger_target_dag.py
[2025-09-24T16:47:55.603+0000] {processor.py:840} INFO - DAG(s) 'example_trigger_target_dag' retrieved from /home/airflow/.local/lib/python3.12/site-packages/airflow/example_dags/example_trigger_target_dag.py
[2025-09-24T16:47:55.628+0000] {logging_mixin.py:188} INFO - [2025-09-24T16:47:55.628+0000] {dag.py:3096} INFO - Sync 1 DAGs
[2025-09-24T16:47:55.801+0000] {logging_mixin.py:188} INFO - [2025-09-24T16:47:55.800+0000] {dag.py:3954} INFO - Setting next_dagrun for example_trigger_target_dag to None, run_after=None
[2025-09-24T16:47:55.824+0000] {processor.py:183} INFO - Processing /home/airflow/.local/lib/python3.12/site-packages/airflow/example_dags/example_trigger_target_dag.py took 0.240 seconds
[2025-09-24T16:48:26.614+0000] {processor.py:161} INFO - Started process (PID=1361) to work on /home/airflow/.local/lib/python3.12/site-packages/airflow/example_dags/example_trigger_target_dag.py
[2025-09-24T16:48:26.615+0000] {processor.py:830} INFO - Processing file /home/airflow/.local/lib/python3.12/site-packages/airflow/example_dags/example_trigger_target_dag.py for tasks to queue
[2025-09-24T16:48:26.618+0000] {logging_mixin.py:188} INFO - [2025-09-24T16:48:26.617+0000] {dagbag.py:540} INFO - Filling up the DagBag from /home/airflow/.local/lib/python3.12/site-packages/airflow/example_dags/example_trigger_target_dag.py
[2025-09-24T16:48:26.626+0000] {processor.py:840} INFO - DAG(s) 'example_trigger_target_dag' retrieved from /home/airflow/.local/lib/python3.12/site-packages/airflow/example_dags/example_trigger_target_dag.py
[2025-09-24T16:48:26.653+0000] {logging_mixin.py:188} INFO - [2025-09-24T16:48:26.652+0000] {dag.py:3096} INFO - Sync 1 DAGs
[2025-09-24T16:48:26.670+0000] {logging_mixin.py:188} INFO - [2025-09-24T16:48:26.670+0000] {dag.py:3954} INFO - Setting next_dagrun for example_trigger_target_dag to None, run_after=None
[2025-09-24T16:48:26.697+0000] {processor.py:183} INFO - Processing /home/airflow/.local/lib/python3.12/site-packages/airflow/example_dags/example_trigger_target_dag.py took 0.092 seconds
[2025-09-24T16:48:56.997+0000] {processor.py:161} INFO - Started process (PID=1419) to work on /home/airflow/.local/lib/python3.12/site-packages/airflow/example_dags/example_trigger_target_dag.py
[2025-09-24T16:48:56.998+0000] {processor.py:830} INFO - Processing file /home/airflow/.local/lib/python3.12/site-packages/airflow/example_dags/example_trigger_target_dag.py for tasks to queue
[2025-09-24T16:48:57.000+0000] {logging_mixin.py:188} INFO - [2025-09-24T16:48:57.000+0000] {dagbag.py:540} INFO - Filling up the DagBag from /home/airflow/.local/lib/python3.12/site-packages/airflow/example_dags/example_trigger_target_dag.py
[2025-09-24T16:48:57.008+0000] {processor.py:840} INFO - DAG(s) 'example_trigger_target_dag' retrieved from /home/airflow/.local/lib/python3.12/site-packages/airflow/example_dags/example_trigger_target_dag.py
[2025-09-24T16:48:57.033+0000] {logging_mixin.py:188} INFO - [2025-09-24T16:48:57.033+0000] {dag.py:3096} INFO - Sync 1 DAGs
[2025-09-24T16:48:57.050+0000] {logging_mixin.py:188} INFO - [2025-09-24T16:48:57.050+0000] {dag.py:3954} INFO - Setting next_dagrun for example_trigger_target_dag to None, run_after=None
[2025-09-24T16:48:57.073+0000] {processor.py:183} INFO - Processing /home/airflow/.local/lib/python3.12/site-packages/airflow/example_dags/example_trigger_target_dag.py took 0.084 seconds
[2025-09-24T16:49:27.349+0000] {processor.py:161} INFO - Started process (PID=1477) to work on /home/airflow/.local/lib/python3.12/site-packages/airflow/example_dags/example_trigger_target_dag.py
[2025-09-24T16:49:27.351+0000] {processor.py:830} INFO - Processing file /home/airflow/.local/lib/python3.12/site-packages/airflow/example_dags/example_trigger_target_dag.py for tasks to queue
[2025-09-24T16:49:27.353+0000] {logging_mixin.py:188} INFO - [2025-09-24T16:49:27.353+0000] {dagbag.py:540} INFO - Filling up the DagBag from /home/airflow/.local/lib/python3.12/site-packages/airflow/example_dags/example_trigger_target_dag.py
[2025-09-24T16:49:27.361+0000] {processor.py:840} INFO - DAG(s) 'example_trigger_target_dag' retrieved from /home/airflow/.local/lib/python3.12/site-packages/airflow/example_dags/example_trigger_target_dag.py
[2025-09-24T16:49:27.388+0000] {logging_mixin.py:188} INFO - [2025-09-24T16:49:27.388+0000] {dag.py:3096} INFO - Sync 1 DAGs
[2025-09-24T16:49:27.405+0000] {logging_mixin.py:188} INFO - [2025-09-24T16:49:27.405+0000] {dag.py:3954} INFO - Setting next_dagrun for example_trigger_target_dag to None, run_after=None
[2025-09-24T16:49:27.429+0000] {processor.py:183} INFO - Processing /home/airflow/.local/lib/python3.12/site-packages/airflow/example_dags/example_trigger_target_dag.py took 0.088 seconds
[2025-09-24T16:49:57.657+0000] {processor.py:161} INFO - Started process (PID=1536) to work on /home/airflow/.local/lib/python3.12/site-packages/airflow/example_dags/example_trigger_target_dag.py
[2025-09-24T16:49:57.658+0000] {processor.py:830} INFO - Processing file /home/airflow/.local/lib/python3.12/site-packages/airflow/example_dags/example_trigger_target_dag.py for tasks to queue
[2025-09-24T16:49:57.661+0000] {logging_mixin.py:188} INFO - [2025-09-24T16:49:57.661+0000] {dagbag.py:540} INFO - Filling up the DagBag from /home/airflow/.local/lib/python3.12/site-packages/airflow/example_dags/example_trigger_target_dag.py
[2025-09-24T16:49:57.670+0000] {processor.py:840} INFO - DAG(s) 'example_trigger_target_dag' retrieved from /home/airflow/.local/lib/python3.12/site-packages/airflow/example_dags/example_trigger_target_dag.py
[2025-09-24T16:49:57.703+0000] {logging_mixin.py:188} INFO - [2025-09-24T16:49:57.702+0000] {dag.py:3096} INFO - Sync 1 DAGs
[2025-09-24T16:49:57.730+0000] {logging_mixin.py:188} INFO - [2025-09-24T16:49:57.730+0000] {dag.py:3954} INFO - Setting next_dagrun for example_trigger_target_dag to None, run_after=None
[2025-09-24T16:49:57.763+0000] {processor.py:183} INFO - Processing /home/airflow/.local/lib/python3.12/site-packages/airflow/example_dags/example_trigger_target_dag.py took 0.116 seconds
[2025-09-24T16:50:28.017+0000] {processor.py:161} INFO - Started process (PID=1594) to work on /home/airflow/.local/lib/python3.12/site-packages/airflow/example_dags/example_trigger_target_dag.py
[2025-09-24T16:50:28.018+0000] {processor.py:830} INFO - Processing file /home/airflow/.local/lib/python3.12/site-packages/airflow/example_dags/example_trigger_target_dag.py for tasks to queue
[2025-09-24T16:50:28.021+0000] {logging_mixin.py:188} INFO - [2025-09-24T16:50:28.020+0000] {dagbag.py:540} INFO - Filling up the DagBag from /home/airflow/.local/lib/python3.12/site-packages/airflow/example_dags/example_trigger_target_dag.py
[2025-09-24T16:50:28.028+0000] {processor.py:840} INFO - DAG(s) 'example_trigger_target_dag' retrieved from /home/airflow/.local/lib/python3.12/site-packages/airflow/example_dags/example_trigger_target_dag.py
[2025-09-24T16:50:28.054+0000] {logging_mixin.py:188} INFO - [2025-09-24T16:50:28.053+0000] {dag.py:3096} INFO - Sync 1 DAGs
[2025-09-24T16:50:28.071+0000] {logging_mixin.py:188} INFO - [2025-09-24T16:50:28.071+0000] {dag.py:3954} INFO - Setting next_dagrun for example_trigger_target_dag to None, run_after=None
[2025-09-24T16:50:28.095+0000] {processor.py:183} INFO - Processing /home/airflow/.local/lib/python3.12/site-packages/airflow/example_dags/example_trigger_target_dag.py took 0.086 seconds
[2025-09-24T16:50:58.298+0000] {processor.py:161} INFO - Started process (PID=1651) to work on /home/airflow/.local/lib/python3.12/site-packages/airflow/example_dags/example_trigger_target_dag.py
[2025-09-24T16:50:58.300+0000] {processor.py:830} INFO - Processing file /home/airflow/.local/lib/python3.12/site-packages/airflow/example_dags/example_trigger_target_dag.py for tasks to queue
[2025-09-24T16:50:58.302+0000] {logging_mixin.py:188} INFO - [2025-09-24T16:50:58.302+0000] {dagbag.py:540} INFO - Filling up the DagBag from /home/airflow/.local/lib/python3.12/site-packages/airflow/example_dags/example_trigger_target_dag.py
[2025-09-24T16:50:58.310+0000] {processor.py:840} INFO - DAG(s) 'example_trigger_target_dag' retrieved from /home/airflow/.local/lib/python3.12/site-packages/airflow/example_dags/example_trigger_target_dag.py
[2025-09-24T16:50:58.336+0000] {logging_mixin.py:188} INFO - [2025-09-24T16:50:58.336+0000] {dag.py:3096} INFO - Sync 1 DAGs
[2025-09-24T16:50:58.353+0000] {logging_mixin.py:188} INFO - [2025-09-24T16:50:58.353+0000] {dag.py:3954} INFO - Setting next_dagrun for example_trigger_target_dag to None, run_after=None
[2025-09-24T16:50:58.376+0000] {processor.py:183} INFO - Processing /home/airflow/.local/lib/python3.12/site-packages/airflow/example_dags/example_trigger_target_dag.py took 0.085 seconds
[2025-09-24T16:51:28.833+0000] {processor.py:161} INFO - Started process (PID=1709) to work on /home/airflow/.local/lib/python3.12/site-packages/airflow/example_dags/example_trigger_target_dag.py
[2025-09-24T16:51:28.835+0000] {processor.py:830} INFO - Processing file /home/airflow/.local/lib/python3.12/site-packages/airflow/example_dags/example_trigger_target_dag.py for tasks to queue
[2025-09-24T16:51:28.841+0000] {logging_mixin.py:188} INFO - [2025-09-24T16:51:28.840+0000] {dagbag.py:540} INFO - Filling up the DagBag from /home/airflow/.local/lib/python3.12/site-packages/airflow/example_dags/example_trigger_target_dag.py
[2025-09-24T16:51:28.850+0000] {processor.py:840} INFO - DAG(s) 'example_trigger_target_dag' retrieved from /home/airflow/.local/lib/python3.12/site-packages/airflow/example_dags/example_trigger_target_dag.py
[2025-09-24T16:51:28.879+0000] {logging_mixin.py:188} INFO - [2025-09-24T16:51:28.878+0000] {dag.py:3096} INFO - Sync 1 DAGs
[2025-09-24T16:51:28.902+0000] {logging_mixin.py:188} INFO - [2025-09-24T16:51:28.901+0000] {dag.py:3954} INFO - Setting next_dagrun for example_trigger_target_dag to None, run_after=None
[2025-09-24T16:51:28.928+0000] {processor.py:183} INFO - Processing /home/airflow/.local/lib/python3.12/site-packages/airflow/example_dags/example_trigger_target_dag.py took 0.104 seconds
[2025-09-24T16:51:59.361+0000] {processor.py:161} INFO - Started process (PID=1767) to work on /home/airflow/.local/lib/python3.12/site-packages/airflow/example_dags/example_trigger_target_dag.py
[2025-09-24T16:51:59.363+0000] {processor.py:830} INFO - Processing file /home/airflow/.local/lib/python3.12/site-packages/airflow/example_dags/example_trigger_target_dag.py for tasks to queue
[2025-09-24T16:51:59.365+0000] {logging_mixin.py:188} INFO - [2025-09-24T16:51:59.365+0000] {dagbag.py:540} INFO - Filling up the DagBag from /home/airflow/.local/lib/python3.12/site-packages/airflow/example_dags/example_trigger_target_dag.py
[2025-09-24T16:51:59.375+0000] {processor.py:840} INFO - DAG(s) 'example_trigger_target_dag' retrieved from /home/airflow/.local/lib/python3.12/site-packages/airflow/example_dags/example_trigger_target_dag.py
[2025-09-24T16:51:59.404+0000] {logging_mixin.py:188} INFO - [2025-09-24T16:51:59.403+0000] {dag.py:3096} INFO - Sync 1 DAGs
[2025-09-24T16:51:59.424+0000] {logging_mixin.py:188} INFO - [2025-09-24T16:51:59.423+0000] {dag.py:3954} INFO - Setting next_dagrun for example_trigger_target_dag to None, run_after=None
[2025-09-24T16:51:59.453+0000] {processor.py:183} INFO - Processing /home/airflow/.local/lib/python3.12/site-packages/airflow/example_dags/example_trigger_target_dag.py took 0.101 seconds
[2025-09-24T16:52:29.748+0000] {processor.py:161} INFO - Started process (PID=1825) to work on /home/airflow/.local/lib/python3.12/site-packages/airflow/example_dags/example_trigger_target_dag.py
[2025-09-24T16:52:29.750+0000] {processor.py:830} INFO - Processing file /home/airflow/.local/lib/python3.12/site-packages/airflow/example_dags/example_trigger_target_dag.py for tasks to queue
[2025-09-24T16:52:29.755+0000] {logging_mixin.py:188} INFO - [2025-09-24T16:52:29.754+0000] {dagbag.py:540} INFO - Filling up the DagBag from /home/airflow/.local/lib/python3.12/site-packages/airflow/example_dags/example_trigger_target_dag.py
[2025-09-24T16:52:29.773+0000] {processor.py:840} INFO - DAG(s) 'example_trigger_target_dag' retrieved from /home/airflow/.local/lib/python3.12/site-packages/airflow/example_dags/example_trigger_target_dag.py
[2025-09-24T16:52:29.800+0000] {logging_mixin.py:188} INFO - [2025-09-24T16:52:29.799+0000] {dag.py:3096} INFO - Sync 1 DAGs
[2025-09-24T16:52:29.817+0000] {logging_mixin.py:188} INFO - [2025-09-24T16:52:29.817+0000] {dag.py:3954} INFO - Setting next_dagrun for example_trigger_target_dag to None, run_after=None
[2025-09-24T16:52:29.845+0000] {processor.py:183} INFO - Processing /home/airflow/.local/lib/python3.12/site-packages/airflow/example_dags/example_trigger_target_dag.py took 0.106 seconds
[2025-09-24T16:53:00.706+0000] {processor.py:161} INFO - Started process (PID=1884) to work on /home/airflow/.local/lib/python3.12/site-packages/airflow/example_dags/example_trigger_target_dag.py
[2025-09-24T16:53:00.707+0000] {processor.py:830} INFO - Processing file /home/airflow/.local/lib/python3.12/site-packages/airflow/example_dags/example_trigger_target_dag.py for tasks to queue
[2025-09-24T16:53:00.709+0000] {logging_mixin.py:188} INFO - [2025-09-24T16:53:00.709+0000] {dagbag.py:540} INFO - Filling up the DagBag from /home/airflow/.local/lib/python3.12/site-packages/airflow/example_dags/example_trigger_target_dag.py
[2025-09-24T16:53:00.717+0000] {processor.py:840} INFO - DAG(s) 'example_trigger_target_dag' retrieved from /home/airflow/.local/lib/python3.12/site-packages/airflow/example_dags/example_trigger_target_dag.py
[2025-09-24T16:53:00.745+0000] {logging_mixin.py:188} INFO - [2025-09-24T16:53:00.745+0000] {dag.py:3096} INFO - Sync 1 DAGs
[2025-09-24T16:53:00.762+0000] {logging_mixin.py:188} INFO - [2025-09-24T16:53:00.762+0000] {dag.py:3954} INFO - Setting next_dagrun for example_trigger_target_dag to None, run_after=None
[2025-09-24T16:53:00.791+0000] {processor.py:183} INFO - Processing /home/airflow/.local/lib/python3.12/site-packages/airflow/example_dags/example_trigger_target_dag.py took 0.093 seconds
[2025-09-24T16:53:31.143+0000] {processor.py:161} INFO - Started process (PID=1942) to work on /home/airflow/.local/lib/python3.12/site-packages/airflow/example_dags/example_trigger_target_dag.py
[2025-09-24T16:53:31.144+0000] {processor.py:830} INFO - Processing file /home/airflow/.local/lib/python3.12/site-packages/airflow/example_dags/example_trigger_target_dag.py for tasks to queue
[2025-09-24T16:53:31.147+0000] {logging_mixin.py:188} INFO - [2025-09-24T16:53:31.146+0000] {dagbag.py:540} INFO - Filling up the DagBag from /home/airflow/.local/lib/python3.12/site-packages/airflow/example_dags/example_trigger_target_dag.py
[2025-09-24T16:53:31.155+0000] {processor.py:840} INFO - DAG(s) 'example_trigger_target_dag' retrieved from /home/airflow/.local/lib/python3.12/site-packages/airflow/example_dags/example_trigger_target_dag.py
[2025-09-24T16:53:31.181+0000] {logging_mixin.py:188} INFO - [2025-09-24T16:53:31.181+0000] {dag.py:3096} INFO - Sync 1 DAGs
[2025-09-24T16:53:31.198+0000] {logging_mixin.py:188} INFO - [2025-09-24T16:53:31.198+0000] {dag.py:3954} INFO - Setting next_dagrun for example_trigger_target_dag to None, run_after=None
[2025-09-24T16:53:31.223+0000] {processor.py:183} INFO - Processing /home/airflow/.local/lib/python3.12/site-packages/airflow/example_dags/example_trigger_target_dag.py took 0.088 seconds
[2025-09-24T16:54:01.363+0000] {processor.py:161} INFO - Started process (PID=1999) to work on /home/airflow/.local/lib/python3.12/site-packages/airflow/example_dags/example_trigger_target_dag.py
[2025-09-24T16:54:01.364+0000] {processor.py:830} INFO - Processing file /home/airflow/.local/lib/python3.12/site-packages/airflow/example_dags/example_trigger_target_dag.py for tasks to queue
[2025-09-24T16:54:01.370+0000] {logging_mixin.py:188} INFO - [2025-09-24T16:54:01.369+0000] {dagbag.py:540} INFO - Filling up the DagBag from /home/airflow/.local/lib/python3.12/site-packages/airflow/example_dags/example_trigger_target_dag.py
[2025-09-24T16:54:01.377+0000] {processor.py:840} INFO - DAG(s) 'example_trigger_target_dag' retrieved from /home/airflow/.local/lib/python3.12/site-packages/airflow/example_dags/example_trigger_target_dag.py
[2025-09-24T16:54:01.411+0000] {logging_mixin.py:188} INFO - [2025-09-24T16:54:01.411+0000] {dag.py:3096} INFO - Sync 1 DAGs
[2025-09-24T16:54:01.434+0000] {logging_mixin.py:188} INFO - [2025-09-24T16:54:01.433+0000] {dag.py:3954} INFO - Setting next_dagrun for example_trigger_target_dag to None, run_after=None
[2025-09-24T16:54:01.463+0000] {processor.py:183} INFO - Processing /home/airflow/.local/lib/python3.12/site-packages/airflow/example_dags/example_trigger_target_dag.py took 0.108 seconds
[2025-09-24T16:54:31.747+0000] {processor.py:161} INFO - Started process (PID=2057) to work on /home/airflow/.local/lib/python3.12/site-packages/airflow/example_dags/example_trigger_target_dag.py
[2025-09-24T16:54:31.748+0000] {processor.py:830} INFO - Processing file /home/airflow/.local/lib/python3.12/site-packages/airflow/example_dags/example_trigger_target_dag.py for tasks to queue
[2025-09-24T16:54:31.751+0000] {logging_mixin.py:188} INFO - [2025-09-24T16:54:31.750+0000] {dagbag.py:540} INFO - Filling up the DagBag from /home/airflow/.local/lib/python3.12/site-packages/airflow/example_dags/example_trigger_target_dag.py
[2025-09-24T16:54:31.759+0000] {processor.py:840} INFO - DAG(s) 'example_trigger_target_dag' retrieved from /home/airflow/.local/lib/python3.12/site-packages/airflow/example_dags/example_trigger_target_dag.py
[2025-09-24T16:54:31.785+0000] {logging_mixin.py:188} INFO - [2025-09-24T16:54:31.785+0000] {dag.py:3096} INFO - Sync 1 DAGs
[2025-09-24T16:54:31.804+0000] {logging_mixin.py:188} INFO - [2025-09-24T16:54:31.804+0000] {dag.py:3954} INFO - Setting next_dagrun for example_trigger_target_dag to None, run_after=None
[2025-09-24T16:54:31.832+0000] {processor.py:183} INFO - Processing /home/airflow/.local/lib/python3.12/site-packages/airflow/example_dags/example_trigger_target_dag.py took 0.093 seconds
[2025-09-24T16:55:06.252+0000] {processor.py:161} INFO - Started process (PID=2115) to work on /home/airflow/.local/lib/python3.12/site-packages/airflow/example_dags/example_trigger_target_dag.py
[2025-09-24T16:55:06.254+0000] {processor.py:830} INFO - Processing file /home/airflow/.local/lib/python3.12/site-packages/airflow/example_dags/example_trigger_target_dag.py for tasks to queue
[2025-09-24T16:55:06.259+0000] {logging_mixin.py:188} INFO - [2025-09-24T16:55:06.258+0000] {dagbag.py:540} INFO - Filling up the DagBag from /home/airflow/.local/lib/python3.12/site-packages/airflow/example_dags/example_trigger_target_dag.py
[2025-09-24T16:55:06.271+0000] {processor.py:840} INFO - DAG(s) 'example_trigger_target_dag' retrieved from /home/airflow/.local/lib/python3.12/site-packages/airflow/example_dags/example_trigger_target_dag.py
[2025-09-24T16:55:06.318+0000] {logging_mixin.py:188} INFO - [2025-09-24T16:55:06.317+0000] {dag.py:3096} INFO - Sync 1 DAGs
[2025-09-24T16:55:06.364+0000] {logging_mixin.py:188} INFO - [2025-09-24T16:55:06.363+0000] {dag.py:3954} INFO - Setting next_dagrun for example_trigger_target_dag to None, run_after=None
[2025-09-24T16:55:06.415+0000] {processor.py:183} INFO - Processing /home/airflow/.local/lib/python3.12/site-packages/airflow/example_dags/example_trigger_target_dag.py took 0.177 seconds
[2025-09-24T16:55:37.784+0000] {processor.py:161} INFO - Started process (PID=2173) to work on /home/airflow/.local/lib/python3.12/site-packages/airflow/example_dags/example_trigger_target_dag.py
[2025-09-24T16:55:37.822+0000] {processor.py:830} INFO - Processing file /home/airflow/.local/lib/python3.12/site-packages/airflow/example_dags/example_trigger_target_dag.py for tasks to queue
[2025-09-24T16:55:37.853+0000] {logging_mixin.py:188} INFO - [2025-09-24T16:55:37.835+0000] {dagbag.py:540} INFO - Filling up the DagBag from /home/airflow/.local/lib/python3.12/site-packages/airflow/example_dags/example_trigger_target_dag.py
[2025-09-24T16:55:37.902+0000] {processor.py:840} INFO - DAG(s) 'example_trigger_target_dag' retrieved from /home/airflow/.local/lib/python3.12/site-packages/airflow/example_dags/example_trigger_target_dag.py
[2025-09-24T16:55:37.983+0000] {logging_mixin.py:188} INFO - [2025-09-24T16:55:37.982+0000] {dag.py:3096} INFO - Sync 1 DAGs
[2025-09-24T16:55:38.061+0000] {logging_mixin.py:188} INFO - [2025-09-24T16:55:38.060+0000] {dag.py:3954} INFO - Setting next_dagrun for example_trigger_target_dag to None, run_after=None
[2025-09-24T16:55:38.202+0000] {processor.py:183} INFO - Processing /home/airflow/.local/lib/python3.12/site-packages/airflow/example_dags/example_trigger_target_dag.py took 0.444 seconds
[2025-09-24T16:56:08.294+0000] {processor.py:161} INFO - Started process (PID=2231) to work on /home/airflow/.local/lib/python3.12/site-packages/airflow/example_dags/example_trigger_target_dag.py
[2025-09-24T16:56:08.296+0000] {processor.py:830} INFO - Processing file /home/airflow/.local/lib/python3.12/site-packages/airflow/example_dags/example_trigger_target_dag.py for tasks to queue
[2025-09-24T16:56:08.298+0000] {logging_mixin.py:188} INFO - [2025-09-24T16:56:08.297+0000] {dagbag.py:540} INFO - Filling up the DagBag from /home/airflow/.local/lib/python3.12/site-packages/airflow/example_dags/example_trigger_target_dag.py
[2025-09-24T16:56:08.305+0000] {processor.py:840} INFO - DAG(s) 'example_trigger_target_dag' retrieved from /home/airflow/.local/lib/python3.12/site-packages/airflow/example_dags/example_trigger_target_dag.py
[2025-09-24T16:56:08.339+0000] {logging_mixin.py:188} INFO - [2025-09-24T16:56:08.339+0000] {dag.py:3096} INFO - Sync 1 DAGs
[2025-09-24T16:56:08.358+0000] {logging_mixin.py:188} INFO - [2025-09-24T16:56:08.358+0000] {dag.py:3954} INFO - Setting next_dagrun for example_trigger_target_dag to None, run_after=None
[2025-09-24T16:56:08.383+0000] {processor.py:183} INFO - Processing /home/airflow/.local/lib/python3.12/site-packages/airflow/example_dags/example_trigger_target_dag.py took 0.097 seconds
[2025-09-24T16:56:38.440+0000] {processor.py:161} INFO - Started process (PID=2289) to work on /home/airflow/.local/lib/python3.12/site-packages/airflow/example_dags/example_trigger_target_dag.py
[2025-09-24T16:56:38.441+0000] {processor.py:830} INFO - Processing file /home/airflow/.local/lib/python3.12/site-packages/airflow/example_dags/example_trigger_target_dag.py for tasks to queue
[2025-09-24T16:56:38.444+0000] {logging_mixin.py:188} INFO - [2025-09-24T16:56:38.443+0000] {dagbag.py:540} INFO - Filling up the DagBag from /home/airflow/.local/lib/python3.12/site-packages/airflow/example_dags/example_trigger_target_dag.py
[2025-09-24T16:56:38.451+0000] {processor.py:840} INFO - DAG(s) 'example_trigger_target_dag' retrieved from /home/airflow/.local/lib/python3.12/site-packages/airflow/example_dags/example_trigger_target_dag.py
[2025-09-24T16:56:38.474+0000] {logging_mixin.py:188} INFO - [2025-09-24T16:56:38.474+0000] {dag.py:3096} INFO - Sync 1 DAGs
[2025-09-24T16:56:38.490+0000] {logging_mixin.py:188} INFO - [2025-09-24T16:56:38.489+0000] {dag.py:3954} INFO - Setting next_dagrun for example_trigger_target_dag to None, run_after=None
[2025-09-24T16:56:38.511+0000] {processor.py:183} INFO - Processing /home/airflow/.local/lib/python3.12/site-packages/airflow/example_dags/example_trigger_target_dag.py took 0.079 seconds
[2025-09-24T16:57:08.589+0000] {processor.py:161} INFO - Started process (PID=2346) to work on /home/airflow/.local/lib/python3.12/site-packages/airflow/example_dags/example_trigger_target_dag.py
[2025-09-24T16:57:08.591+0000] {processor.py:830} INFO - Processing file /home/airflow/.local/lib/python3.12/site-packages/airflow/example_dags/example_trigger_target_dag.py for tasks to queue
[2025-09-24T16:57:08.593+0000] {logging_mixin.py:188} INFO - [2025-09-24T16:57:08.593+0000] {dagbag.py:540} INFO - Filling up the DagBag from /home/airflow/.local/lib/python3.12/site-packages/airflow/example_dags/example_trigger_target_dag.py
[2025-09-24T16:57:08.601+0000] {processor.py:840} INFO - DAG(s) 'example_trigger_target_dag' retrieved from /home/airflow/.local/lib/python3.12/site-packages/airflow/example_dags/example_trigger_target_dag.py
[2025-09-24T16:57:08.626+0000] {logging_mixin.py:188} INFO - [2025-09-24T16:57:08.625+0000] {dag.py:3096} INFO - Sync 1 DAGs
[2025-09-24T16:57:08.642+0000] {logging_mixin.py:188} INFO - [2025-09-24T16:57:08.642+0000] {dag.py:3954} INFO - Setting next_dagrun for example_trigger_target_dag to None, run_after=None
[2025-09-24T16:57:08.666+0000] {processor.py:183} INFO - Processing /home/airflow/.local/lib/python3.12/site-packages/airflow/example_dags/example_trigger_target_dag.py took 0.085 seconds
[2025-09-24T16:57:38.778+0000] {processor.py:161} INFO - Started process (PID=2404) to work on /home/airflow/.local/lib/python3.12/site-packages/airflow/example_dags/example_trigger_target_dag.py
[2025-09-24T16:57:38.779+0000] {processor.py:830} INFO - Processing file /home/airflow/.local/lib/python3.12/site-packages/airflow/example_dags/example_trigger_target_dag.py for tasks to queue
[2025-09-24T16:57:38.782+0000] {logging_mixin.py:188} INFO - [2025-09-24T16:57:38.782+0000] {dagbag.py:540} INFO - Filling up the DagBag from /home/airflow/.local/lib/python3.12/site-packages/airflow/example_dags/example_trigger_target_dag.py
[2025-09-24T16:57:38.791+0000] {processor.py:840} INFO - DAG(s) 'example_trigger_target_dag' retrieved from /home/airflow/.local/lib/python3.12/site-packages/airflow/example_dags/example_trigger_target_dag.py
[2025-09-24T16:57:38.819+0000] {logging_mixin.py:188} INFO - [2025-09-24T16:57:38.818+0000] {dag.py:3096} INFO - Sync 1 DAGs
[2025-09-24T16:57:38.842+0000] {logging_mixin.py:188} INFO - [2025-09-24T16:57:38.841+0000] {dag.py:3954} INFO - Setting next_dagrun for example_trigger_target_dag to None, run_after=None
[2025-09-24T16:57:38.869+0000] {processor.py:183} INFO - Processing /home/airflow/.local/lib/python3.12/site-packages/airflow/example_dags/example_trigger_target_dag.py took 0.100 seconds
[2025-09-24T16:58:08.958+0000] {processor.py:161} INFO - Started process (PID=2462) to work on /home/airflow/.local/lib/python3.12/site-packages/airflow/example_dags/example_trigger_target_dag.py
[2025-09-24T16:58:08.959+0000] {processor.py:830} INFO - Processing file /home/airflow/.local/lib/python3.12/site-packages/airflow/example_dags/example_trigger_target_dag.py for tasks to queue
[2025-09-24T16:58:08.961+0000] {logging_mixin.py:188} INFO - [2025-09-24T16:58:08.961+0000] {dagbag.py:540} INFO - Filling up the DagBag from /home/airflow/.local/lib/python3.12/site-packages/airflow/example_dags/example_trigger_target_dag.py
[2025-09-24T16:58:08.968+0000] {processor.py:840} INFO - DAG(s) 'example_trigger_target_dag' retrieved from /home/airflow/.local/lib/python3.12/site-packages/airflow/example_dags/example_trigger_target_dag.py
[2025-09-24T16:58:08.994+0000] {logging_mixin.py:188} INFO - [2025-09-24T16:58:08.993+0000] {dag.py:3096} INFO - Sync 1 DAGs
[2025-09-24T16:58:09.014+0000] {logging_mixin.py:188} INFO - [2025-09-24T16:58:09.014+0000] {dag.py:3954} INFO - Setting next_dagrun for example_trigger_target_dag to None, run_after=None
[2025-09-24T16:58:09.038+0000] {processor.py:183} INFO - Processing /home/airflow/.local/lib/python3.12/site-packages/airflow/example_dags/example_trigger_target_dag.py took 0.089 seconds
[2025-09-24T16:58:39.537+0000] {processor.py:161} INFO - Started process (PID=2520) to work on /home/airflow/.local/lib/python3.12/site-packages/airflow/example_dags/example_trigger_target_dag.py
[2025-09-24T16:58:39.538+0000] {processor.py:830} INFO - Processing file /home/airflow/.local/lib/python3.12/site-packages/airflow/example_dags/example_trigger_target_dag.py for tasks to queue
[2025-09-24T16:58:39.541+0000] {logging_mixin.py:188} INFO - [2025-09-24T16:58:39.540+0000] {dagbag.py:540} INFO - Filling up the DagBag from /home/airflow/.local/lib/python3.12/site-packages/airflow/example_dags/example_trigger_target_dag.py
[2025-09-24T16:58:39.549+0000] {processor.py:840} INFO - DAG(s) 'example_trigger_target_dag' retrieved from /home/airflow/.local/lib/python3.12/site-packages/airflow/example_dags/example_trigger_target_dag.py
[2025-09-24T16:58:39.572+0000] {logging_mixin.py:188} INFO - [2025-09-24T16:58:39.572+0000] {dag.py:3096} INFO - Sync 1 DAGs
[2025-09-24T16:58:39.589+0000] {logging_mixin.py:188} INFO - [2025-09-24T16:58:39.589+0000] {dag.py:3954} INFO - Setting next_dagrun for example_trigger_target_dag to None, run_after=None
[2025-09-24T16:58:39.612+0000] {processor.py:183} INFO - Processing /home/airflow/.local/lib/python3.12/site-packages/airflow/example_dags/example_trigger_target_dag.py took 0.083 seconds
[2025-09-24T16:59:09.811+0000] {processor.py:161} INFO - Started process (PID=2578) to work on /home/airflow/.local/lib/python3.12/site-packages/airflow/example_dags/example_trigger_target_dag.py
[2025-09-24T16:59:09.813+0000] {processor.py:830} INFO - Processing file /home/airflow/.local/lib/python3.12/site-packages/airflow/example_dags/example_trigger_target_dag.py for tasks to queue
[2025-09-24T16:59:09.815+0000] {logging_mixin.py:188} INFO - [2025-09-24T16:59:09.814+0000] {dagbag.py:540} INFO - Filling up the DagBag from /home/airflow/.local/lib/python3.12/site-packages/airflow/example_dags/example_trigger_target_dag.py
[2025-09-24T16:59:09.822+0000] {processor.py:840} INFO - DAG(s) 'example_trigger_target_dag' retrieved from /home/airflow/.local/lib/python3.12/site-packages/airflow/example_dags/example_trigger_target_dag.py
[2025-09-24T16:59:09.847+0000] {logging_mixin.py:188} INFO - [2025-09-24T16:59:09.847+0000] {dag.py:3096} INFO - Sync 1 DAGs
[2025-09-24T16:59:09.863+0000] {logging_mixin.py:188} INFO - [2025-09-24T16:59:09.862+0000] {dag.py:3954} INFO - Setting next_dagrun for example_trigger_target_dag to None, run_after=None
[2025-09-24T16:59:09.890+0000] {processor.py:183} INFO - Processing /home/airflow/.local/lib/python3.12/site-packages/airflow/example_dags/example_trigger_target_dag.py took 0.086 seconds
[2025-09-24T16:59:40.307+0000] {processor.py:161} INFO - Started process (PID=2636) to work on /home/airflow/.local/lib/python3.12/site-packages/airflow/example_dags/example_trigger_target_dag.py
[2025-09-24T16:59:40.308+0000] {processor.py:830} INFO - Processing file /home/airflow/.local/lib/python3.12/site-packages/airflow/example_dags/example_trigger_target_dag.py for tasks to queue
[2025-09-24T16:59:40.311+0000] {logging_mixin.py:188} INFO - [2025-09-24T16:59:40.310+0000] {dagbag.py:540} INFO - Filling up the DagBag from /home/airflow/.local/lib/python3.12/site-packages/airflow/example_dags/example_trigger_target_dag.py
[2025-09-24T16:59:40.318+0000] {processor.py:840} INFO - DAG(s) 'example_trigger_target_dag' retrieved from /home/airflow/.local/lib/python3.12/site-packages/airflow/example_dags/example_trigger_target_dag.py
[2025-09-24T16:59:40.343+0000] {logging_mixin.py:188} INFO - [2025-09-24T16:59:40.343+0000] {dag.py:3096} INFO - Sync 1 DAGs
[2025-09-24T16:59:40.358+0000] {logging_mixin.py:188} INFO - [2025-09-24T16:59:40.358+0000] {dag.py:3954} INFO - Setting next_dagrun for example_trigger_target_dag to None, run_after=None
[2025-09-24T16:59:40.380+0000] {processor.py:183} INFO - Processing /home/airflow/.local/lib/python3.12/site-packages/airflow/example_dags/example_trigger_target_dag.py took 0.081 seconds
[2025-09-24T17:00:10.881+0000] {processor.py:161} INFO - Started process (PID=2694) to work on /home/airflow/.local/lib/python3.12/site-packages/airflow/example_dags/example_trigger_target_dag.py
[2025-09-24T17:00:10.882+0000] {processor.py:830} INFO - Processing file /home/airflow/.local/lib/python3.12/site-packages/airflow/example_dags/example_trigger_target_dag.py for tasks to queue
[2025-09-24T17:00:10.884+0000] {logging_mixin.py:188} INFO - [2025-09-24T17:00:10.884+0000] {dagbag.py:540} INFO - Filling up the DagBag from /home/airflow/.local/lib/python3.12/site-packages/airflow/example_dags/example_trigger_target_dag.py
[2025-09-24T17:00:10.891+0000] {processor.py:840} INFO - DAG(s) 'example_trigger_target_dag' retrieved from /home/airflow/.local/lib/python3.12/site-packages/airflow/example_dags/example_trigger_target_dag.py
[2025-09-24T17:00:10.915+0000] {logging_mixin.py:188} INFO - [2025-09-24T17:00:10.915+0000] {dag.py:3096} INFO - Sync 1 DAGs
[2025-09-24T17:00:10.930+0000] {logging_mixin.py:188} INFO - [2025-09-24T17:00:10.930+0000] {dag.py:3954} INFO - Setting next_dagrun for example_trigger_target_dag to None, run_after=None
[2025-09-24T17:00:10.952+0000] {processor.py:183} INFO - Processing /home/airflow/.local/lib/python3.12/site-packages/airflow/example_dags/example_trigger_target_dag.py took 0.078 seconds
[2025-09-24T17:00:41.383+0000] {processor.py:161} INFO - Started process (PID=2752) to work on /home/airflow/.local/lib/python3.12/site-packages/airflow/example_dags/example_trigger_target_dag.py
[2025-09-24T17:00:41.384+0000] {processor.py:830} INFO - Processing file /home/airflow/.local/lib/python3.12/site-packages/airflow/example_dags/example_trigger_target_dag.py for tasks to queue
[2025-09-24T17:00:41.387+0000] {logging_mixin.py:188} INFO - [2025-09-24T17:00:41.386+0000] {dagbag.py:540} INFO - Filling up the DagBag from /home/airflow/.local/lib/python3.12/site-packages/airflow/example_dags/example_trigger_target_dag.py
[2025-09-24T17:00:41.395+0000] {processor.py:840} INFO - DAG(s) 'example_trigger_target_dag' retrieved from /home/airflow/.local/lib/python3.12/site-packages/airflow/example_dags/example_trigger_target_dag.py
[2025-09-24T17:00:41.421+0000] {logging_mixin.py:188} INFO - [2025-09-24T17:00:41.421+0000] {dag.py:3096} INFO - Sync 1 DAGs
[2025-09-24T17:00:41.438+0000] {logging_mixin.py:188} INFO - [2025-09-24T17:00:41.438+0000] {dag.py:3954} INFO - Setting next_dagrun for example_trigger_target_dag to None, run_after=None
[2025-09-24T17:00:41.462+0000] {processor.py:183} INFO - Processing /home/airflow/.local/lib/python3.12/site-packages/airflow/example_dags/example_trigger_target_dag.py took 0.088 seconds
[2025-09-24T17:01:11.868+0000] {processor.py:161} INFO - Started process (PID=2810) to work on /home/airflow/.local/lib/python3.12/site-packages/airflow/example_dags/example_trigger_target_dag.py
[2025-09-24T17:01:11.869+0000] {processor.py:830} INFO - Processing file /home/airflow/.local/lib/python3.12/site-packages/airflow/example_dags/example_trigger_target_dag.py for tasks to queue
[2025-09-24T17:01:11.871+0000] {logging_mixin.py:188} INFO - [2025-09-24T17:01:11.871+0000] {dagbag.py:540} INFO - Filling up the DagBag from /home/airflow/.local/lib/python3.12/site-packages/airflow/example_dags/example_trigger_target_dag.py
[2025-09-24T17:01:11.878+0000] {processor.py:840} INFO - DAG(s) 'example_trigger_target_dag' retrieved from /home/airflow/.local/lib/python3.12/site-packages/airflow/example_dags/example_trigger_target_dag.py
[2025-09-24T17:01:11.902+0000] {logging_mixin.py:188} INFO - [2025-09-24T17:01:11.902+0000] {dag.py:3096} INFO - Sync 1 DAGs
[2025-09-24T17:01:11.918+0000] {logging_mixin.py:188} INFO - [2025-09-24T17:01:11.918+0000] {dag.py:3954} INFO - Setting next_dagrun for example_trigger_target_dag to None, run_after=None
[2025-09-24T17:01:11.942+0000] {processor.py:183} INFO - Processing /home/airflow/.local/lib/python3.12/site-packages/airflow/example_dags/example_trigger_target_dag.py took 0.082 seconds
[2025-09-24T17:01:42.434+0000] {processor.py:161} INFO - Started process (PID=2868) to work on /home/airflow/.local/lib/python3.12/site-packages/airflow/example_dags/example_trigger_target_dag.py
[2025-09-24T17:01:42.436+0000] {processor.py:830} INFO - Processing file /home/airflow/.local/lib/python3.12/site-packages/airflow/example_dags/example_trigger_target_dag.py for tasks to queue
[2025-09-24T17:01:42.438+0000] {logging_mixin.py:188} INFO - [2025-09-24T17:01:42.438+0000] {dagbag.py:540} INFO - Filling up the DagBag from /home/airflow/.local/lib/python3.12/site-packages/airflow/example_dags/example_trigger_target_dag.py
[2025-09-24T17:01:42.445+0000] {processor.py:840} INFO - DAG(s) 'example_trigger_target_dag' retrieved from /home/airflow/.local/lib/python3.12/site-packages/airflow/example_dags/example_trigger_target_dag.py
[2025-09-24T17:01:42.471+0000] {logging_mixin.py:188} INFO - [2025-09-24T17:01:42.471+0000] {dag.py:3096} INFO - Sync 1 DAGs
[2025-09-24T17:01:42.490+0000] {logging_mixin.py:188} INFO - [2025-09-24T17:01:42.489+0000] {dag.py:3954} INFO - Setting next_dagrun for example_trigger_target_dag to None, run_after=None
[2025-09-24T17:01:42.515+0000] {processor.py:183} INFO - Processing /home/airflow/.local/lib/python3.12/site-packages/airflow/example_dags/example_trigger_target_dag.py took 0.089 seconds
[2025-09-24T17:02:12.937+0000] {processor.py:161} INFO - Started process (PID=2926) to work on /home/airflow/.local/lib/python3.12/site-packages/airflow/example_dags/example_trigger_target_dag.py
[2025-09-24T17:02:12.938+0000] {processor.py:830} INFO - Processing file /home/airflow/.local/lib/python3.12/site-packages/airflow/example_dags/example_trigger_target_dag.py for tasks to queue
[2025-09-24T17:02:12.941+0000] {logging_mixin.py:188} INFO - [2025-09-24T17:02:12.941+0000] {dagbag.py:540} INFO - Filling up the DagBag from /home/airflow/.local/lib/python3.12/site-packages/airflow/example_dags/example_trigger_target_dag.py
[2025-09-24T17:02:12.949+0000] {processor.py:840} INFO - DAG(s) 'example_trigger_target_dag' retrieved from /home/airflow/.local/lib/python3.12/site-packages/airflow/example_dags/example_trigger_target_dag.py
[2025-09-24T17:02:12.978+0000] {logging_mixin.py:188} INFO - [2025-09-24T17:02:12.978+0000] {dag.py:3096} INFO - Sync 1 DAGs
[2025-09-24T17:02:12.995+0000] {logging_mixin.py:188} INFO - [2025-09-24T17:02:12.994+0000] {dag.py:3954} INFO - Setting next_dagrun for example_trigger_target_dag to None, run_after=None
[2025-09-24T17:02:13.027+0000] {processor.py:183} INFO - Processing /home/airflow/.local/lib/python3.12/site-packages/airflow/example_dags/example_trigger_target_dag.py took 0.098 seconds
[2025-09-24T17:02:43.471+0000] {processor.py:161} INFO - Started process (PID=2984) to work on /home/airflow/.local/lib/python3.12/site-packages/airflow/example_dags/example_trigger_target_dag.py
[2025-09-24T17:02:43.472+0000] {processor.py:830} INFO - Processing file /home/airflow/.local/lib/python3.12/site-packages/airflow/example_dags/example_trigger_target_dag.py for tasks to queue
[2025-09-24T17:02:43.475+0000] {logging_mixin.py:188} INFO - [2025-09-24T17:02:43.474+0000] {dagbag.py:540} INFO - Filling up the DagBag from /home/airflow/.local/lib/python3.12/site-packages/airflow/example_dags/example_trigger_target_dag.py
[2025-09-24T17:02:43.482+0000] {processor.py:840} INFO - DAG(s) 'example_trigger_target_dag' retrieved from /home/airflow/.local/lib/python3.12/site-packages/airflow/example_dags/example_trigger_target_dag.py
[2025-09-24T17:02:43.505+0000] {logging_mixin.py:188} INFO - [2025-09-24T17:02:43.505+0000] {dag.py:3096} INFO - Sync 1 DAGs
[2025-09-24T17:02:43.521+0000] {logging_mixin.py:188} INFO - [2025-09-24T17:02:43.521+0000] {dag.py:3954} INFO - Setting next_dagrun for example_trigger_target_dag to None, run_after=None
[2025-09-24T17:02:43.544+0000] {processor.py:183} INFO - Processing /home/airflow/.local/lib/python3.12/site-packages/airflow/example_dags/example_trigger_target_dag.py took 0.081 seconds
[2025-09-24T17:03:13.976+0000] {processor.py:161} INFO - Started process (PID=3042) to work on /home/airflow/.local/lib/python3.12/site-packages/airflow/example_dags/example_trigger_target_dag.py
[2025-09-24T17:03:13.977+0000] {processor.py:830} INFO - Processing file /home/airflow/.local/lib/python3.12/site-packages/airflow/example_dags/example_trigger_target_dag.py for tasks to queue
[2025-09-24T17:03:13.979+0000] {logging_mixin.py:188} INFO - [2025-09-24T17:03:13.979+0000] {dagbag.py:540} INFO - Filling up the DagBag from /home/airflow/.local/lib/python3.12/site-packages/airflow/example_dags/example_trigger_target_dag.py
[2025-09-24T17:03:13.987+0000] {processor.py:840} INFO - DAG(s) 'example_trigger_target_dag' retrieved from /home/airflow/.local/lib/python3.12/site-packages/airflow/example_dags/example_trigger_target_dag.py
[2025-09-24T17:03:14.011+0000] {logging_mixin.py:188} INFO - [2025-09-24T17:03:14.011+0000] {dag.py:3096} INFO - Sync 1 DAGs
[2025-09-24T17:03:14.027+0000] {logging_mixin.py:188} INFO - [2025-09-24T17:03:14.026+0000] {dag.py:3954} INFO - Setting next_dagrun for example_trigger_target_dag to None, run_after=None
[2025-09-24T17:03:14.048+0000] {processor.py:183} INFO - Processing /home/airflow/.local/lib/python3.12/site-packages/airflow/example_dags/example_trigger_target_dag.py took 0.081 seconds
[2025-09-24T17:03:44.520+0000] {processor.py:161} INFO - Started process (PID=3100) to work on /home/airflow/.local/lib/python3.12/site-packages/airflow/example_dags/example_trigger_target_dag.py
[2025-09-24T17:03:44.521+0000] {processor.py:830} INFO - Processing file /home/airflow/.local/lib/python3.12/site-packages/airflow/example_dags/example_trigger_target_dag.py for tasks to queue
[2025-09-24T17:03:44.524+0000] {logging_mixin.py:188} INFO - [2025-09-24T17:03:44.524+0000] {dagbag.py:540} INFO - Filling up the DagBag from /home/airflow/.local/lib/python3.12/site-packages/airflow/example_dags/example_trigger_target_dag.py
[2025-09-24T17:03:44.532+0000] {processor.py:840} INFO - DAG(s) 'example_trigger_target_dag' retrieved from /home/airflow/.local/lib/python3.12/site-packages/airflow/example_dags/example_trigger_target_dag.py
[2025-09-24T17:03:44.561+0000] {logging_mixin.py:188} INFO - [2025-09-24T17:03:44.560+0000] {dag.py:3096} INFO - Sync 1 DAGs
[2025-09-24T17:03:44.579+0000] {logging_mixin.py:188} INFO - [2025-09-24T17:03:44.579+0000] {dag.py:3954} INFO - Setting next_dagrun for example_trigger_target_dag to None, run_after=None
[2025-09-24T17:03:44.604+0000] {processor.py:183} INFO - Processing /home/airflow/.local/lib/python3.12/site-packages/airflow/example_dags/example_trigger_target_dag.py took 0.092 seconds
[2025-09-24T17:04:15.310+0000] {processor.py:161} INFO - Started process (PID=3158) to work on /home/airflow/.local/lib/python3.12/site-packages/airflow/example_dags/example_trigger_target_dag.py
[2025-09-24T17:04:15.311+0000] {processor.py:830} INFO - Processing file /home/airflow/.local/lib/python3.12/site-packages/airflow/example_dags/example_trigger_target_dag.py for tasks to queue
[2025-09-24T17:04:15.315+0000] {logging_mixin.py:188} INFO - [2025-09-24T17:04:15.314+0000] {dagbag.py:540} INFO - Filling up the DagBag from /home/airflow/.local/lib/python3.12/site-packages/airflow/example_dags/example_trigger_target_dag.py
[2025-09-24T17:04:15.324+0000] {processor.py:840} INFO - DAG(s) 'example_trigger_target_dag' retrieved from /home/airflow/.local/lib/python3.12/site-packages/airflow/example_dags/example_trigger_target_dag.py
[2025-09-24T17:04:15.358+0000] {logging_mixin.py:188} INFO - [2025-09-24T17:04:15.357+0000] {dag.py:3096} INFO - Sync 1 DAGs
[2025-09-24T17:04:15.378+0000] {logging_mixin.py:188} INFO - [2025-09-24T17:04:15.378+0000] {dag.py:3954} INFO - Setting next_dagrun for example_trigger_target_dag to None, run_after=None
[2025-09-24T17:04:15.407+0000] {processor.py:183} INFO - Processing /home/airflow/.local/lib/python3.12/site-packages/airflow/example_dags/example_trigger_target_dag.py took 0.109 seconds
[2025-09-24T17:04:46.095+0000] {processor.py:161} INFO - Started process (PID=3214) to work on /home/airflow/.local/lib/python3.12/site-packages/airflow/example_dags/example_trigger_target_dag.py
[2025-09-24T17:04:46.097+0000] {processor.py:830} INFO - Processing file /home/airflow/.local/lib/python3.12/site-packages/airflow/example_dags/example_trigger_target_dag.py for tasks to queue
[2025-09-24T17:04:46.101+0000] {logging_mixin.py:188} INFO - [2025-09-24T17:04:46.100+0000] {dagbag.py:540} INFO - Filling up the DagBag from /home/airflow/.local/lib/python3.12/site-packages/airflow/example_dags/example_trigger_target_dag.py
[2025-09-24T17:04:46.111+0000] {processor.py:840} INFO - DAG(s) 'example_trigger_target_dag' retrieved from /home/airflow/.local/lib/python3.12/site-packages/airflow/example_dags/example_trigger_target_dag.py
[2025-09-24T17:04:46.163+0000] {logging_mixin.py:188} INFO - [2025-09-24T17:04:46.162+0000] {dag.py:3096} INFO - Sync 1 DAGs
[2025-09-24T17:04:46.189+0000] {logging_mixin.py:188} INFO - [2025-09-24T17:04:46.189+0000] {dag.py:3954} INFO - Setting next_dagrun for example_trigger_target_dag to None, run_after=None
[2025-09-24T17:04:46.231+0000] {processor.py:183} INFO - Processing /home/airflow/.local/lib/python3.12/site-packages/airflow/example_dags/example_trigger_target_dag.py took 0.146 seconds
[2025-09-24T17:05:16.507+0000] {processor.py:161} INFO - Started process (PID=3272) to work on /home/airflow/.local/lib/python3.12/site-packages/airflow/example_dags/example_trigger_target_dag.py
[2025-09-24T17:05:16.508+0000] {processor.py:830} INFO - Processing file /home/airflow/.local/lib/python3.12/site-packages/airflow/example_dags/example_trigger_target_dag.py for tasks to queue
[2025-09-24T17:05:16.511+0000] {logging_mixin.py:188} INFO - [2025-09-24T17:05:16.510+0000] {dagbag.py:540} INFO - Filling up the DagBag from /home/airflow/.local/lib/python3.12/site-packages/airflow/example_dags/example_trigger_target_dag.py
[2025-09-24T17:05:16.519+0000] {processor.py:840} INFO - DAG(s) 'example_trigger_target_dag' retrieved from /home/airflow/.local/lib/python3.12/site-packages/airflow/example_dags/example_trigger_target_dag.py
[2025-09-24T17:05:16.549+0000] {logging_mixin.py:188} INFO - [2025-09-24T17:05:16.549+0000] {dag.py:3096} INFO - Sync 1 DAGs
[2025-09-24T17:05:16.568+0000] {logging_mixin.py:188} INFO - [2025-09-24T17:05:16.568+0000] {dag.py:3954} INFO - Setting next_dagrun for example_trigger_target_dag to None, run_after=None
[2025-09-24T17:05:16.594+0000] {processor.py:183} INFO - Processing /home/airflow/.local/lib/python3.12/site-packages/airflow/example_dags/example_trigger_target_dag.py took 0.096 seconds
[2025-09-24T17:05:47.305+0000] {processor.py:161} INFO - Started process (PID=3330) to work on /home/airflow/.local/lib/python3.12/site-packages/airflow/example_dags/example_trigger_target_dag.py
[2025-09-24T17:05:47.306+0000] {processor.py:830} INFO - Processing file /home/airflow/.local/lib/python3.12/site-packages/airflow/example_dags/example_trigger_target_dag.py for tasks to queue
[2025-09-24T17:05:47.310+0000] {logging_mixin.py:188} INFO - [2025-09-24T17:05:47.310+0000] {dagbag.py:540} INFO - Filling up the DagBag from /home/airflow/.local/lib/python3.12/site-packages/airflow/example_dags/example_trigger_target_dag.py
[2025-09-24T17:05:47.318+0000] {processor.py:840} INFO - DAG(s) 'example_trigger_target_dag' retrieved from /home/airflow/.local/lib/python3.12/site-packages/airflow/example_dags/example_trigger_target_dag.py
[2025-09-24T17:05:47.347+0000] {logging_mixin.py:188} INFO - [2025-09-24T17:05:47.347+0000] {dag.py:3096} INFO - Sync 1 DAGs
[2025-09-24T17:05:47.366+0000] {logging_mixin.py:188} INFO - [2025-09-24T17:05:47.365+0000] {dag.py:3954} INFO - Setting next_dagrun for example_trigger_target_dag to None, run_after=None
[2025-09-24T17:05:47.393+0000] {processor.py:183} INFO - Processing /home/airflow/.local/lib/python3.12/site-packages/airflow/example_dags/example_trigger_target_dag.py took 0.097 seconds
[2025-09-24T17:06:17.493+0000] {processor.py:161} INFO - Started process (PID=3388) to work on /home/airflow/.local/lib/python3.12/site-packages/airflow/example_dags/example_trigger_target_dag.py
[2025-09-24T17:06:17.495+0000] {processor.py:830} INFO - Processing file /home/airflow/.local/lib/python3.12/site-packages/airflow/example_dags/example_trigger_target_dag.py for tasks to queue
[2025-09-24T17:06:17.497+0000] {logging_mixin.py:188} INFO - [2025-09-24T17:06:17.497+0000] {dagbag.py:540} INFO - Filling up the DagBag from /home/airflow/.local/lib/python3.12/site-packages/airflow/example_dags/example_trigger_target_dag.py
[2025-09-24T17:06:17.506+0000] {processor.py:840} INFO - DAG(s) 'example_trigger_target_dag' retrieved from /home/airflow/.local/lib/python3.12/site-packages/airflow/example_dags/example_trigger_target_dag.py
[2025-09-24T17:06:17.536+0000] {logging_mixin.py:188} INFO - [2025-09-24T17:06:17.536+0000] {dag.py:3096} INFO - Sync 1 DAGs
[2025-09-24T17:06:17.556+0000] {logging_mixin.py:188} INFO - [2025-09-24T17:06:17.556+0000] {dag.py:3954} INFO - Setting next_dagrun for example_trigger_target_dag to None, run_after=None
[2025-09-24T17:06:17.593+0000] {processor.py:183} INFO - Processing /home/airflow/.local/lib/python3.12/site-packages/airflow/example_dags/example_trigger_target_dag.py took 0.111 seconds
[2025-09-24T17:06:47.662+0000] {processor.py:161} INFO - Started process (PID=3446) to work on /home/airflow/.local/lib/python3.12/site-packages/airflow/example_dags/example_trigger_target_dag.py
[2025-09-24T17:06:47.664+0000] {processor.py:830} INFO - Processing file /home/airflow/.local/lib/python3.12/site-packages/airflow/example_dags/example_trigger_target_dag.py for tasks to queue
[2025-09-24T17:06:47.667+0000] {logging_mixin.py:188} INFO - [2025-09-24T17:06:47.667+0000] {dagbag.py:540} INFO - Filling up the DagBag from /home/airflow/.local/lib/python3.12/site-packages/airflow/example_dags/example_trigger_target_dag.py
[2025-09-24T17:06:47.678+0000] {processor.py:840} INFO - DAG(s) 'example_trigger_target_dag' retrieved from /home/airflow/.local/lib/python3.12/site-packages/airflow/example_dags/example_trigger_target_dag.py
[2025-09-24T17:06:47.710+0000] {logging_mixin.py:188} INFO - [2025-09-24T17:06:47.709+0000] {dag.py:3096} INFO - Sync 1 DAGs
[2025-09-24T17:06:47.730+0000] {logging_mixin.py:188} INFO - [2025-09-24T17:06:47.729+0000] {dag.py:3954} INFO - Setting next_dagrun for example_trigger_target_dag to None, run_after=None
[2025-09-24T17:06:47.760+0000] {processor.py:183} INFO - Processing /home/airflow/.local/lib/python3.12/site-packages/airflow/example_dags/example_trigger_target_dag.py took 0.109 seconds
[2025-09-24T17:07:17.817+0000] {processor.py:161} INFO - Started process (PID=3504) to work on /home/airflow/.local/lib/python3.12/site-packages/airflow/example_dags/example_trigger_target_dag.py
[2025-09-24T17:07:17.819+0000] {processor.py:830} INFO - Processing file /home/airflow/.local/lib/python3.12/site-packages/airflow/example_dags/example_trigger_target_dag.py for tasks to queue
[2025-09-24T17:07:17.824+0000] {logging_mixin.py:188} INFO - [2025-09-24T17:07:17.823+0000] {dagbag.py:540} INFO - Filling up the DagBag from /home/airflow/.local/lib/python3.12/site-packages/airflow/example_dags/example_trigger_target_dag.py
[2025-09-24T17:07:17.834+0000] {processor.py:840} INFO - DAG(s) 'example_trigger_target_dag' retrieved from /home/airflow/.local/lib/python3.12/site-packages/airflow/example_dags/example_trigger_target_dag.py
[2025-09-24T17:07:17.877+0000] {logging_mixin.py:188} INFO - [2025-09-24T17:07:17.876+0000] {dag.py:3096} INFO - Sync 1 DAGs
[2025-09-24T17:07:17.901+0000] {logging_mixin.py:188} INFO - [2025-09-24T17:07:17.901+0000] {dag.py:3954} INFO - Setting next_dagrun for example_trigger_target_dag to None, run_after=None
[2025-09-24T17:07:17.937+0000] {processor.py:183} INFO - Processing /home/airflow/.local/lib/python3.12/site-packages/airflow/example_dags/example_trigger_target_dag.py took 0.131 seconds
[2025-09-24T17:07:48.005+0000] {processor.py:161} INFO - Started process (PID=3562) to work on /home/airflow/.local/lib/python3.12/site-packages/airflow/example_dags/example_trigger_target_dag.py
[2025-09-24T17:07:48.008+0000] {processor.py:830} INFO - Processing file /home/airflow/.local/lib/python3.12/site-packages/airflow/example_dags/example_trigger_target_dag.py for tasks to queue
[2025-09-24T17:07:48.011+0000] {logging_mixin.py:188} INFO - [2025-09-24T17:07:48.011+0000] {dagbag.py:540} INFO - Filling up the DagBag from /home/airflow/.local/lib/python3.12/site-packages/airflow/example_dags/example_trigger_target_dag.py
[2025-09-24T17:07:48.023+0000] {processor.py:840} INFO - DAG(s) 'example_trigger_target_dag' retrieved from /home/airflow/.local/lib/python3.12/site-packages/airflow/example_dags/example_trigger_target_dag.py
[2025-09-24T17:07:48.061+0000] {logging_mixin.py:188} INFO - [2025-09-24T17:07:48.060+0000] {dag.py:3096} INFO - Sync 1 DAGs
[2025-09-24T17:07:48.081+0000] {logging_mixin.py:188} INFO - [2025-09-24T17:07:48.080+0000] {dag.py:3954} INFO - Setting next_dagrun for example_trigger_target_dag to None, run_after=None
[2025-09-24T17:07:48.112+0000] {processor.py:183} INFO - Processing /home/airflow/.local/lib/python3.12/site-packages/airflow/example_dags/example_trigger_target_dag.py took 0.118 seconds
[2025-09-24T17:08:18.689+0000] {processor.py:161} INFO - Started process (PID=3620) to work on /home/airflow/.local/lib/python3.12/site-packages/airflow/example_dags/example_trigger_target_dag.py
[2025-09-24T17:08:18.694+0000] {processor.py:830} INFO - Processing file /home/airflow/.local/lib/python3.12/site-packages/airflow/example_dags/example_trigger_target_dag.py for tasks to queue
[2025-09-24T17:08:18.697+0000] {logging_mixin.py:188} INFO - [2025-09-24T17:08:18.697+0000] {dagbag.py:540} INFO - Filling up the DagBag from /home/airflow/.local/lib/python3.12/site-packages/airflow/example_dags/example_trigger_target_dag.py
[2025-09-24T17:08:18.706+0000] {processor.py:840} INFO - DAG(s) 'example_trigger_target_dag' retrieved from /home/airflow/.local/lib/python3.12/site-packages/airflow/example_dags/example_trigger_target_dag.py
[2025-09-24T17:08:18.737+0000] {logging_mixin.py:188} INFO - [2025-09-24T17:08:18.736+0000] {dag.py:3096} INFO - Sync 1 DAGs
[2025-09-24T17:08:18.756+0000] {logging_mixin.py:188} INFO - [2025-09-24T17:08:18.756+0000] {dag.py:3954} INFO - Setting next_dagrun for example_trigger_target_dag to None, run_after=None
[2025-09-24T17:08:18.788+0000] {processor.py:183} INFO - Processing /home/airflow/.local/lib/python3.12/site-packages/airflow/example_dags/example_trigger_target_dag.py took 0.108 seconds
[2025-09-24T17:08:49.259+0000] {processor.py:161} INFO - Started process (PID=3678) to work on /home/airflow/.local/lib/python3.12/site-packages/airflow/example_dags/example_trigger_target_dag.py
[2025-09-24T17:08:49.261+0000] {processor.py:830} INFO - Processing file /home/airflow/.local/lib/python3.12/site-packages/airflow/example_dags/example_trigger_target_dag.py for tasks to queue
[2025-09-24T17:08:49.264+0000] {logging_mixin.py:188} INFO - [2025-09-24T17:08:49.263+0000] {dagbag.py:540} INFO - Filling up the DagBag from /home/airflow/.local/lib/python3.12/site-packages/airflow/example_dags/example_trigger_target_dag.py
[2025-09-24T17:08:49.273+0000] {processor.py:840} INFO - DAG(s) 'example_trigger_target_dag' retrieved from /home/airflow/.local/lib/python3.12/site-packages/airflow/example_dags/example_trigger_target_dag.py
[2025-09-24T17:08:49.309+0000] {logging_mixin.py:188} INFO - [2025-09-24T17:08:49.309+0000] {dag.py:3096} INFO - Sync 1 DAGs
[2025-09-24T17:08:49.335+0000] {logging_mixin.py:188} INFO - [2025-09-24T17:08:49.335+0000] {dag.py:3954} INFO - Setting next_dagrun for example_trigger_target_dag to None, run_after=None
[2025-09-24T17:08:49.376+0000] {processor.py:183} INFO - Processing /home/airflow/.local/lib/python3.12/site-packages/airflow/example_dags/example_trigger_target_dag.py took 0.126 seconds
[2025-09-24T17:09:19.475+0000] {processor.py:161} INFO - Started process (PID=3736) to work on /home/airflow/.local/lib/python3.12/site-packages/airflow/example_dags/example_trigger_target_dag.py
[2025-09-24T17:09:19.477+0000] {processor.py:830} INFO - Processing file /home/airflow/.local/lib/python3.12/site-packages/airflow/example_dags/example_trigger_target_dag.py for tasks to queue
[2025-09-24T17:09:19.479+0000] {logging_mixin.py:188} INFO - [2025-09-24T17:09:19.479+0000] {dagbag.py:540} INFO - Filling up the DagBag from /home/airflow/.local/lib/python3.12/site-packages/airflow/example_dags/example_trigger_target_dag.py
[2025-09-24T17:09:19.488+0000] {processor.py:840} INFO - DAG(s) 'example_trigger_target_dag' retrieved from /home/airflow/.local/lib/python3.12/site-packages/airflow/example_dags/example_trigger_target_dag.py
[2025-09-24T17:09:19.514+0000] {logging_mixin.py:188} INFO - [2025-09-24T17:09:19.514+0000] {dag.py:3096} INFO - Sync 1 DAGs
[2025-09-24T17:09:19.532+0000] {logging_mixin.py:188} INFO - [2025-09-24T17:09:19.532+0000] {dag.py:3954} INFO - Setting next_dagrun for example_trigger_target_dag to None, run_after=None
[2025-09-24T17:09:19.559+0000] {processor.py:183} INFO - Processing /home/airflow/.local/lib/python3.12/site-packages/airflow/example_dags/example_trigger_target_dag.py took 0.092 seconds
[2025-09-24T17:09:49.720+0000] {processor.py:161} INFO - Started process (PID=3794) to work on /home/airflow/.local/lib/python3.12/site-packages/airflow/example_dags/example_trigger_target_dag.py
[2025-09-24T17:09:49.721+0000] {processor.py:830} INFO - Processing file /home/airflow/.local/lib/python3.12/site-packages/airflow/example_dags/example_trigger_target_dag.py for tasks to queue
[2025-09-24T17:09:49.724+0000] {logging_mixin.py:188} INFO - [2025-09-24T17:09:49.724+0000] {dagbag.py:540} INFO - Filling up the DagBag from /home/airflow/.local/lib/python3.12/site-packages/airflow/example_dags/example_trigger_target_dag.py
[2025-09-24T17:09:49.734+0000] {processor.py:840} INFO - DAG(s) 'example_trigger_target_dag' retrieved from /home/airflow/.local/lib/python3.12/site-packages/airflow/example_dags/example_trigger_target_dag.py
[2025-09-24T17:09:49.763+0000] {logging_mixin.py:188} INFO - [2025-09-24T17:09:49.763+0000] {dag.py:3096} INFO - Sync 1 DAGs
[2025-09-24T17:09:49.781+0000] {logging_mixin.py:188} INFO - [2025-09-24T17:09:49.781+0000] {dag.py:3954} INFO - Setting next_dagrun for example_trigger_target_dag to None, run_after=None
[2025-09-24T17:09:49.810+0000] {processor.py:183} INFO - Processing /home/airflow/.local/lib/python3.12/site-packages/airflow/example_dags/example_trigger_target_dag.py took 0.099 seconds
[2025-09-24T17:10:20.286+0000] {processor.py:161} INFO - Started process (PID=3852) to work on /home/airflow/.local/lib/python3.12/site-packages/airflow/example_dags/example_trigger_target_dag.py
[2025-09-24T17:10:20.288+0000] {processor.py:830} INFO - Processing file /home/airflow/.local/lib/python3.12/site-packages/airflow/example_dags/example_trigger_target_dag.py for tasks to queue
[2025-09-24T17:10:20.291+0000] {logging_mixin.py:188} INFO - [2025-09-24T17:10:20.290+0000] {dagbag.py:540} INFO - Filling up the DagBag from /home/airflow/.local/lib/python3.12/site-packages/airflow/example_dags/example_trigger_target_dag.py
[2025-09-24T17:10:20.301+0000] {processor.py:840} INFO - DAG(s) 'example_trigger_target_dag' retrieved from /home/airflow/.local/lib/python3.12/site-packages/airflow/example_dags/example_trigger_target_dag.py
[2025-09-24T17:10:20.333+0000] {logging_mixin.py:188} INFO - [2025-09-24T17:10:20.333+0000] {dag.py:3096} INFO - Sync 1 DAGs
[2025-09-24T17:10:20.352+0000] {logging_mixin.py:188} INFO - [2025-09-24T17:10:20.351+0000] {dag.py:3954} INFO - Setting next_dagrun for example_trigger_target_dag to None, run_after=None
[2025-09-24T17:10:20.380+0000] {processor.py:183} INFO - Processing /home/airflow/.local/lib/python3.12/site-packages/airflow/example_dags/example_trigger_target_dag.py took 0.102 seconds
[2025-09-24T17:10:50.408+0000] {processor.py:161} INFO - Started process (PID=3910) to work on /home/airflow/.local/lib/python3.12/site-packages/airflow/example_dags/example_trigger_target_dag.py
[2025-09-24T17:10:50.409+0000] {processor.py:830} INFO - Processing file /home/airflow/.local/lib/python3.12/site-packages/airflow/example_dags/example_trigger_target_dag.py for tasks to queue
[2025-09-24T17:10:50.412+0000] {logging_mixin.py:188} INFO - [2025-09-24T17:10:50.411+0000] {dagbag.py:540} INFO - Filling up the DagBag from /home/airflow/.local/lib/python3.12/site-packages/airflow/example_dags/example_trigger_target_dag.py
[2025-09-24T17:10:50.421+0000] {processor.py:840} INFO - DAG(s) 'example_trigger_target_dag' retrieved from /home/airflow/.local/lib/python3.12/site-packages/airflow/example_dags/example_trigger_target_dag.py
[2025-09-24T17:10:50.451+0000] {logging_mixin.py:188} INFO - [2025-09-24T17:10:50.450+0000] {dag.py:3096} INFO - Sync 1 DAGs
[2025-09-24T17:10:50.469+0000] {logging_mixin.py:188} INFO - [2025-09-24T17:10:50.469+0000] {dag.py:3954} INFO - Setting next_dagrun for example_trigger_target_dag to None, run_after=None
[2025-09-24T17:10:50.497+0000] {processor.py:183} INFO - Processing /home/airflow/.local/lib/python3.12/site-packages/airflow/example_dags/example_trigger_target_dag.py took 0.098 seconds
[2025-09-24T17:11:21.099+0000] {processor.py:161} INFO - Started process (PID=3968) to work on /home/airflow/.local/lib/python3.12/site-packages/airflow/example_dags/example_trigger_target_dag.py
[2025-09-24T17:11:21.100+0000] {processor.py:830} INFO - Processing file /home/airflow/.local/lib/python3.12/site-packages/airflow/example_dags/example_trigger_target_dag.py for tasks to queue
[2025-09-24T17:11:21.103+0000] {logging_mixin.py:188} INFO - [2025-09-24T17:11:21.103+0000] {dagbag.py:540} INFO - Filling up the DagBag from /home/airflow/.local/lib/python3.12/site-packages/airflow/example_dags/example_trigger_target_dag.py
[2025-09-24T17:11:21.112+0000] {processor.py:840} INFO - DAG(s) 'example_trigger_target_dag' retrieved from /home/airflow/.local/lib/python3.12/site-packages/airflow/example_dags/example_trigger_target_dag.py
[2025-09-24T17:11:21.141+0000] {logging_mixin.py:188} INFO - [2025-09-24T17:11:21.141+0000] {dag.py:3096} INFO - Sync 1 DAGs
[2025-09-24T17:11:21.160+0000] {logging_mixin.py:188} INFO - [2025-09-24T17:11:21.160+0000] {dag.py:3954} INFO - Setting next_dagrun for example_trigger_target_dag to None, run_after=None
[2025-09-24T17:11:21.193+0000] {processor.py:183} INFO - Processing /home/airflow/.local/lib/python3.12/site-packages/airflow/example_dags/example_trigger_target_dag.py took 0.103 seconds
[2025-09-24T17:11:51.585+0000] {processor.py:161} INFO - Started process (PID=4026) to work on /home/airflow/.local/lib/python3.12/site-packages/airflow/example_dags/example_trigger_target_dag.py
[2025-09-24T17:11:51.586+0000] {processor.py:830} INFO - Processing file /home/airflow/.local/lib/python3.12/site-packages/airflow/example_dags/example_trigger_target_dag.py for tasks to queue
[2025-09-24T17:11:51.589+0000] {logging_mixin.py:188} INFO - [2025-09-24T17:11:51.589+0000] {dagbag.py:540} INFO - Filling up the DagBag from /home/airflow/.local/lib/python3.12/site-packages/airflow/example_dags/example_trigger_target_dag.py
[2025-09-24T17:11:51.598+0000] {processor.py:840} INFO - DAG(s) 'example_trigger_target_dag' retrieved from /home/airflow/.local/lib/python3.12/site-packages/airflow/example_dags/example_trigger_target_dag.py
[2025-09-24T17:11:51.624+0000] {logging_mixin.py:188} INFO - [2025-09-24T17:11:51.624+0000] {dag.py:3096} INFO - Sync 1 DAGs
[2025-09-24T17:11:51.644+0000] {logging_mixin.py:188} INFO - [2025-09-24T17:11:51.643+0000] {dag.py:3954} INFO - Setting next_dagrun for example_trigger_target_dag to None, run_after=None
[2025-09-24T17:11:51.672+0000] {processor.py:183} INFO - Processing /home/airflow/.local/lib/python3.12/site-packages/airflow/example_dags/example_trigger_target_dag.py took 0.096 seconds
[2025-09-24T17:12:22.241+0000] {processor.py:161} INFO - Started process (PID=4084) to work on /home/airflow/.local/lib/python3.12/site-packages/airflow/example_dags/example_trigger_target_dag.py
[2025-09-24T17:12:22.242+0000] {processor.py:830} INFO - Processing file /home/airflow/.local/lib/python3.12/site-packages/airflow/example_dags/example_trigger_target_dag.py for tasks to queue
[2025-09-24T17:12:22.245+0000] {logging_mixin.py:188} INFO - [2025-09-24T17:12:22.245+0000] {dagbag.py:540} INFO - Filling up the DagBag from /home/airflow/.local/lib/python3.12/site-packages/airflow/example_dags/example_trigger_target_dag.py
[2025-09-24T17:12:22.255+0000] {processor.py:840} INFO - DAG(s) 'example_trigger_target_dag' retrieved from /home/airflow/.local/lib/python3.12/site-packages/airflow/example_dags/example_trigger_target_dag.py
[2025-09-24T17:12:22.283+0000] {logging_mixin.py:188} INFO - [2025-09-24T17:12:22.282+0000] {dag.py:3096} INFO - Sync 1 DAGs
[2025-09-24T17:12:22.302+0000] {logging_mixin.py:188} INFO - [2025-09-24T17:12:22.302+0000] {dag.py:3954} INFO - Setting next_dagrun for example_trigger_target_dag to None, run_after=None
[2025-09-24T17:12:22.330+0000] {processor.py:183} INFO - Processing /home/airflow/.local/lib/python3.12/site-packages/airflow/example_dags/example_trigger_target_dag.py took 0.099 seconds
[2025-09-24T17:12:52.785+0000] {processor.py:161} INFO - Started process (PID=4142) to work on /home/airflow/.local/lib/python3.12/site-packages/airflow/example_dags/example_trigger_target_dag.py
[2025-09-24T17:12:52.787+0000] {processor.py:830} INFO - Processing file /home/airflow/.local/lib/python3.12/site-packages/airflow/example_dags/example_trigger_target_dag.py for tasks to queue
[2025-09-24T17:12:52.790+0000] {logging_mixin.py:188} INFO - [2025-09-24T17:12:52.789+0000] {dagbag.py:540} INFO - Filling up the DagBag from /home/airflow/.local/lib/python3.12/site-packages/airflow/example_dags/example_trigger_target_dag.py
[2025-09-24T17:12:52.802+0000] {processor.py:840} INFO - DAG(s) 'example_trigger_target_dag' retrieved from /home/airflow/.local/lib/python3.12/site-packages/airflow/example_dags/example_trigger_target_dag.py
[2025-09-24T17:12:52.830+0000] {logging_mixin.py:188} INFO - [2025-09-24T17:12:52.830+0000] {dag.py:3096} INFO - Sync 1 DAGs
[2025-09-24T17:12:52.849+0000] {logging_mixin.py:188} INFO - [2025-09-24T17:12:52.848+0000] {dag.py:3954} INFO - Setting next_dagrun for example_trigger_target_dag to None, run_after=None
[2025-09-24T17:12:52.876+0000] {processor.py:183} INFO - Processing /home/airflow/.local/lib/python3.12/site-packages/airflow/example_dags/example_trigger_target_dag.py took 0.100 seconds
[2025-09-24T17:13:23.384+0000] {processor.py:161} INFO - Started process (PID=4200) to work on /home/airflow/.local/lib/python3.12/site-packages/airflow/example_dags/example_trigger_target_dag.py
[2025-09-24T17:13:23.385+0000] {processor.py:830} INFO - Processing file /home/airflow/.local/lib/python3.12/site-packages/airflow/example_dags/example_trigger_target_dag.py for tasks to queue
[2025-09-24T17:13:23.388+0000] {logging_mixin.py:188} INFO - [2025-09-24T17:13:23.388+0000] {dagbag.py:540} INFO - Filling up the DagBag from /home/airflow/.local/lib/python3.12/site-packages/airflow/example_dags/example_trigger_target_dag.py
[2025-09-24T17:13:23.401+0000] {processor.py:840} INFO - DAG(s) 'example_trigger_target_dag' retrieved from /home/airflow/.local/lib/python3.12/site-packages/airflow/example_dags/example_trigger_target_dag.py
[2025-09-24T17:13:23.434+0000] {logging_mixin.py:188} INFO - [2025-09-24T17:13:23.434+0000] {dag.py:3096} INFO - Sync 1 DAGs
[2025-09-24T17:13:23.455+0000] {logging_mixin.py:188} INFO - [2025-09-24T17:13:23.454+0000] {dag.py:3954} INFO - Setting next_dagrun for example_trigger_target_dag to None, run_after=None
[2025-09-24T17:13:23.483+0000] {processor.py:183} INFO - Processing /home/airflow/.local/lib/python3.12/site-packages/airflow/example_dags/example_trigger_target_dag.py took 0.108 seconds
[2025-09-24T17:13:53.886+0000] {processor.py:161} INFO - Started process (PID=4258) to work on /home/airflow/.local/lib/python3.12/site-packages/airflow/example_dags/example_trigger_target_dag.py
[2025-09-24T17:13:53.887+0000] {processor.py:830} INFO - Processing file /home/airflow/.local/lib/python3.12/site-packages/airflow/example_dags/example_trigger_target_dag.py for tasks to queue
[2025-09-24T17:13:53.891+0000] {logging_mixin.py:188} INFO - [2025-09-24T17:13:53.890+0000] {dagbag.py:540} INFO - Filling up the DagBag from /home/airflow/.local/lib/python3.12/site-packages/airflow/example_dags/example_trigger_target_dag.py
[2025-09-24T17:13:53.900+0000] {processor.py:840} INFO - DAG(s) 'example_trigger_target_dag' retrieved from /home/airflow/.local/lib/python3.12/site-packages/airflow/example_dags/example_trigger_target_dag.py
[2025-09-24T17:13:53.928+0000] {logging_mixin.py:188} INFO - [2025-09-24T17:13:53.927+0000] {dag.py:3096} INFO - Sync 1 DAGs
[2025-09-24T17:13:53.949+0000] {logging_mixin.py:188} INFO - [2025-09-24T17:13:53.949+0000] {dag.py:3954} INFO - Setting next_dagrun for example_trigger_target_dag to None, run_after=None
[2025-09-24T17:13:53.980+0000] {processor.py:183} INFO - Processing /home/airflow/.local/lib/python3.12/site-packages/airflow/example_dags/example_trigger_target_dag.py took 0.102 seconds
[2025-09-24T17:18:12.103+0000] {processor.py:161} INFO - Started process (PID=4332) to work on /home/airflow/.local/lib/python3.12/site-packages/airflow/example_dags/example_trigger_target_dag.py
[2025-09-24T17:18:12.106+0000] {processor.py:830} INFO - Processing file /home/airflow/.local/lib/python3.12/site-packages/airflow/example_dags/example_trigger_target_dag.py for tasks to queue
[2025-09-24T17:18:12.109+0000] {logging_mixin.py:188} INFO - [2025-09-24T17:18:12.109+0000] {dagbag.py:540} INFO - Filling up the DagBag from /home/airflow/.local/lib/python3.12/site-packages/airflow/example_dags/example_trigger_target_dag.py
[2025-09-24T17:18:12.122+0000] {processor.py:840} INFO - DAG(s) 'example_trigger_target_dag' retrieved from /home/airflow/.local/lib/python3.12/site-packages/airflow/example_dags/example_trigger_target_dag.py
[2025-09-24T17:18:12.162+0000] {logging_mixin.py:188} INFO - [2025-09-24T17:18:12.162+0000] {dag.py:3096} INFO - Sync 1 DAGs
[2025-09-24T17:18:12.193+0000] {logging_mixin.py:188} INFO - [2025-09-24T17:18:12.193+0000] {dag.py:3954} INFO - Setting next_dagrun for example_trigger_target_dag to None, run_after=None
[2025-09-24T17:18:12.241+0000] {processor.py:183} INFO - Processing /home/airflow/.local/lib/python3.12/site-packages/airflow/example_dags/example_trigger_target_dag.py took 0.149 seconds
