[2025-09-24T16:37:13.335+0000] {processor.py:161} INFO - Started process (PID=69) to work on /home/airflow/.local/lib/python3.12/site-packages/airflow/example_dags/example_sensors.py
[2025-09-24T16:37:13.337+0000] {processor.py:830} INFO - Processing file /home/airflow/.local/lib/python3.12/site-packages/airflow/example_dags/example_sensors.py for tasks to queue
[2025-09-24T16:37:13.340+0000] {logging_mixin.py:188} INFO - [2025-09-24T16:37:13.339+0000] {dagbag.py:540} INFO - Filling up the DagBag from /home/airflow/.local/lib/python3.12/site-packages/airflow/example_dags/example_sensors.py
[2025-09-24T16:37:13.359+0000] {processor.py:840} INFO - DAG(s) 'example_sensors' retrieved from /home/airflow/.local/lib/python3.12/site-packages/airflow/example_dags/example_sensors.py
[2025-09-24T16:37:13.556+0000] {logging_mixin.py:188} INFO - [2025-09-24T16:37:13.555+0000] {dag.py:3096} INFO - Sync 1 DAGs
[2025-09-24T16:37:13.572+0000] {logging_mixin.py:188} INFO - [2025-09-24T16:37:13.572+0000] {dag.py:3954} INFO - Setting next_dagrun for example_sensors to None, run_after=None
[2025-09-24T16:37:13.602+0000] {processor.py:183} INFO - Processing /home/airflow/.local/lib/python3.12/site-packages/airflow/example_dags/example_sensors.py took 0.278 seconds
[2025-09-24T16:37:44.335+0000] {processor.py:161} INFO - Started process (PID=127) to work on /home/airflow/.local/lib/python3.12/site-packages/airflow/example_dags/example_sensors.py
[2025-09-24T16:37:44.336+0000] {processor.py:830} INFO - Processing file /home/airflow/.local/lib/python3.12/site-packages/airflow/example_dags/example_sensors.py for tasks to queue
[2025-09-24T16:37:44.338+0000] {logging_mixin.py:188} INFO - [2025-09-24T16:37:44.338+0000] {dagbag.py:540} INFO - Filling up the DagBag from /home/airflow/.local/lib/python3.12/site-packages/airflow/example_dags/example_sensors.py
[2025-09-24T16:37:44.352+0000] {processor.py:840} INFO - DAG(s) 'example_sensors' retrieved from /home/airflow/.local/lib/python3.12/site-packages/airflow/example_dags/example_sensors.py
[2025-09-24T16:37:44.385+0000] {logging_mixin.py:188} INFO - [2025-09-24T16:37:44.385+0000] {dag.py:3096} INFO - Sync 1 DAGs
[2025-09-24T16:37:44.401+0000] {logging_mixin.py:188} INFO - [2025-09-24T16:37:44.401+0000] {dag.py:3954} INFO - Setting next_dagrun for example_sensors to None, run_after=None
[2025-09-24T16:37:44.424+0000] {processor.py:183} INFO - Processing /home/airflow/.local/lib/python3.12/site-packages/airflow/example_dags/example_sensors.py took 0.097 seconds
[2025-09-24T16:38:14.646+0000] {processor.py:161} INFO - Started process (PID=185) to work on /home/airflow/.local/lib/python3.12/site-packages/airflow/example_dags/example_sensors.py
[2025-09-24T16:38:14.647+0000] {processor.py:830} INFO - Processing file /home/airflow/.local/lib/python3.12/site-packages/airflow/example_dags/example_sensors.py for tasks to queue
[2025-09-24T16:38:14.649+0000] {logging_mixin.py:188} INFO - [2025-09-24T16:38:14.649+0000] {dagbag.py:540} INFO - Filling up the DagBag from /home/airflow/.local/lib/python3.12/site-packages/airflow/example_dags/example_sensors.py
[2025-09-24T16:38:14.661+0000] {processor.py:840} INFO - DAG(s) 'example_sensors' retrieved from /home/airflow/.local/lib/python3.12/site-packages/airflow/example_dags/example_sensors.py
[2025-09-24T16:38:14.693+0000] {logging_mixin.py:188} INFO - [2025-09-24T16:38:14.693+0000] {dag.py:3096} INFO - Sync 1 DAGs
[2025-09-24T16:38:14.709+0000] {logging_mixin.py:188} INFO - [2025-09-24T16:38:14.709+0000] {dag.py:3954} INFO - Setting next_dagrun for example_sensors to None, run_after=None
[2025-09-24T16:38:14.731+0000] {processor.py:183} INFO - Processing /home/airflow/.local/lib/python3.12/site-packages/airflow/example_dags/example_sensors.py took 0.093 seconds
[2025-09-24T16:38:45.112+0000] {processor.py:161} INFO - Started process (PID=243) to work on /home/airflow/.local/lib/python3.12/site-packages/airflow/example_dags/example_sensors.py
[2025-09-24T16:38:45.114+0000] {processor.py:830} INFO - Processing file /home/airflow/.local/lib/python3.12/site-packages/airflow/example_dags/example_sensors.py for tasks to queue
[2025-09-24T16:38:45.116+0000] {logging_mixin.py:188} INFO - [2025-09-24T16:38:45.116+0000] {dagbag.py:540} INFO - Filling up the DagBag from /home/airflow/.local/lib/python3.12/site-packages/airflow/example_dags/example_sensors.py
[2025-09-24T16:38:45.130+0000] {processor.py:840} INFO - DAG(s) 'example_sensors' retrieved from /home/airflow/.local/lib/python3.12/site-packages/airflow/example_dags/example_sensors.py
[2025-09-24T16:38:45.165+0000] {logging_mixin.py:188} INFO - [2025-09-24T16:38:45.164+0000] {dag.py:3096} INFO - Sync 1 DAGs
[2025-09-24T16:38:45.181+0000] {logging_mixin.py:188} INFO - [2025-09-24T16:38:45.180+0000] {dag.py:3954} INFO - Setting next_dagrun for example_sensors to None, run_after=None
[2025-09-24T16:38:45.202+0000] {processor.py:183} INFO - Processing /home/airflow/.local/lib/python3.12/site-packages/airflow/example_dags/example_sensors.py took 0.098 seconds
[2025-09-24T16:39:15.345+0000] {processor.py:161} INFO - Started process (PID=301) to work on /home/airflow/.local/lib/python3.12/site-packages/airflow/example_dags/example_sensors.py
[2025-09-24T16:39:15.346+0000] {processor.py:830} INFO - Processing file /home/airflow/.local/lib/python3.12/site-packages/airflow/example_dags/example_sensors.py for tasks to queue
[2025-09-24T16:39:15.348+0000] {logging_mixin.py:188} INFO - [2025-09-24T16:39:15.347+0000] {dagbag.py:540} INFO - Filling up the DagBag from /home/airflow/.local/lib/python3.12/site-packages/airflow/example_dags/example_sensors.py
[2025-09-24T16:39:15.359+0000] {processor.py:840} INFO - DAG(s) 'example_sensors' retrieved from /home/airflow/.local/lib/python3.12/site-packages/airflow/example_dags/example_sensors.py
[2025-09-24T16:39:15.394+0000] {logging_mixin.py:188} INFO - [2025-09-24T16:39:15.394+0000] {dag.py:3096} INFO - Sync 1 DAGs
[2025-09-24T16:39:15.411+0000] {logging_mixin.py:188} INFO - [2025-09-24T16:39:15.411+0000] {dag.py:3954} INFO - Setting next_dagrun for example_sensors to None, run_after=None
[2025-09-24T16:39:15.434+0000] {processor.py:183} INFO - Processing /home/airflow/.local/lib/python3.12/site-packages/airflow/example_dags/example_sensors.py took 0.097 seconds
[2025-09-24T16:39:45.894+0000] {processor.py:161} INFO - Started process (PID=359) to work on /home/airflow/.local/lib/python3.12/site-packages/airflow/example_dags/example_sensors.py
[2025-09-24T16:39:45.895+0000] {processor.py:830} INFO - Processing file /home/airflow/.local/lib/python3.12/site-packages/airflow/example_dags/example_sensors.py for tasks to queue
[2025-09-24T16:39:45.898+0000] {logging_mixin.py:188} INFO - [2025-09-24T16:39:45.897+0000] {dagbag.py:540} INFO - Filling up the DagBag from /home/airflow/.local/lib/python3.12/site-packages/airflow/example_dags/example_sensors.py
[2025-09-24T16:39:45.911+0000] {processor.py:840} INFO - DAG(s) 'example_sensors' retrieved from /home/airflow/.local/lib/python3.12/site-packages/airflow/example_dags/example_sensors.py
[2025-09-24T16:39:45.945+0000] {logging_mixin.py:188} INFO - [2025-09-24T16:39:45.945+0000] {dag.py:3096} INFO - Sync 1 DAGs
[2025-09-24T16:39:45.961+0000] {logging_mixin.py:188} INFO - [2025-09-24T16:39:45.960+0000] {dag.py:3954} INFO - Setting next_dagrun for example_sensors to None, run_after=None
[2025-09-24T16:39:45.983+0000] {processor.py:183} INFO - Processing /home/airflow/.local/lib/python3.12/site-packages/airflow/example_dags/example_sensors.py took 0.097 seconds
[2025-09-24T16:40:16.478+0000] {processor.py:161} INFO - Started process (PID=417) to work on /home/airflow/.local/lib/python3.12/site-packages/airflow/example_dags/example_sensors.py
[2025-09-24T16:40:16.479+0000] {processor.py:830} INFO - Processing file /home/airflow/.local/lib/python3.12/site-packages/airflow/example_dags/example_sensors.py for tasks to queue
[2025-09-24T16:40:16.482+0000] {logging_mixin.py:188} INFO - [2025-09-24T16:40:16.481+0000] {dagbag.py:540} INFO - Filling up the DagBag from /home/airflow/.local/lib/python3.12/site-packages/airflow/example_dags/example_sensors.py
[2025-09-24T16:40:16.495+0000] {processor.py:840} INFO - DAG(s) 'example_sensors' retrieved from /home/airflow/.local/lib/python3.12/site-packages/airflow/example_dags/example_sensors.py
[2025-09-24T16:40:16.530+0000] {logging_mixin.py:188} INFO - [2025-09-24T16:40:16.530+0000] {dag.py:3096} INFO - Sync 1 DAGs
[2025-09-24T16:40:16.546+0000] {logging_mixin.py:188} INFO - [2025-09-24T16:40:16.546+0000] {dag.py:3954} INFO - Setting next_dagrun for example_sensors to None, run_after=None
[2025-09-24T16:40:16.567+0000] {processor.py:183} INFO - Processing /home/airflow/.local/lib/python3.12/site-packages/airflow/example_dags/example_sensors.py took 0.097 seconds
[2025-09-24T16:40:46.863+0000] {processor.py:161} INFO - Started process (PID=475) to work on /home/airflow/.local/lib/python3.12/site-packages/airflow/example_dags/example_sensors.py
[2025-09-24T16:40:46.864+0000] {processor.py:830} INFO - Processing file /home/airflow/.local/lib/python3.12/site-packages/airflow/example_dags/example_sensors.py for tasks to queue
[2025-09-24T16:40:46.867+0000] {logging_mixin.py:188} INFO - [2025-09-24T16:40:46.866+0000] {dagbag.py:540} INFO - Filling up the DagBag from /home/airflow/.local/lib/python3.12/site-packages/airflow/example_dags/example_sensors.py
[2025-09-24T16:40:46.880+0000] {processor.py:840} INFO - DAG(s) 'example_sensors' retrieved from /home/airflow/.local/lib/python3.12/site-packages/airflow/example_dags/example_sensors.py
[2025-09-24T16:40:46.916+0000] {logging_mixin.py:188} INFO - [2025-09-24T16:40:46.916+0000] {dag.py:3096} INFO - Sync 1 DAGs
[2025-09-24T16:40:46.933+0000] {logging_mixin.py:188} INFO - [2025-09-24T16:40:46.933+0000] {dag.py:3954} INFO - Setting next_dagrun for example_sensors to None, run_after=None
[2025-09-24T16:40:46.955+0000] {processor.py:183} INFO - Processing /home/airflow/.local/lib/python3.12/site-packages/airflow/example_dags/example_sensors.py took 0.101 seconds
[2025-09-24T16:41:17.209+0000] {processor.py:161} INFO - Started process (PID=533) to work on /home/airflow/.local/lib/python3.12/site-packages/airflow/example_dags/example_sensors.py
[2025-09-24T16:41:17.210+0000] {processor.py:830} INFO - Processing file /home/airflow/.local/lib/python3.12/site-packages/airflow/example_dags/example_sensors.py for tasks to queue
[2025-09-24T16:41:17.213+0000] {logging_mixin.py:188} INFO - [2025-09-24T16:41:17.212+0000] {dagbag.py:540} INFO - Filling up the DagBag from /home/airflow/.local/lib/python3.12/site-packages/airflow/example_dags/example_sensors.py
[2025-09-24T16:41:17.225+0000] {processor.py:840} INFO - DAG(s) 'example_sensors' retrieved from /home/airflow/.local/lib/python3.12/site-packages/airflow/example_dags/example_sensors.py
[2025-09-24T16:41:17.257+0000] {logging_mixin.py:188} INFO - [2025-09-24T16:41:17.257+0000] {dag.py:3096} INFO - Sync 1 DAGs
[2025-09-24T16:41:17.277+0000] {logging_mixin.py:188} INFO - [2025-09-24T16:41:17.277+0000] {dag.py:3954} INFO - Setting next_dagrun for example_sensors to None, run_after=None
[2025-09-24T16:41:17.301+0000] {processor.py:183} INFO - Processing /home/airflow/.local/lib/python3.12/site-packages/airflow/example_dags/example_sensors.py took 0.100 seconds
[2025-09-24T16:41:47.684+0000] {processor.py:161} INFO - Started process (PID=597) to work on /home/airflow/.local/lib/python3.12/site-packages/airflow/example_dags/example_sensors.py
[2025-09-24T16:41:47.685+0000] {processor.py:830} INFO - Processing file /home/airflow/.local/lib/python3.12/site-packages/airflow/example_dags/example_sensors.py for tasks to queue
[2025-09-24T16:41:47.688+0000] {logging_mixin.py:188} INFO - [2025-09-24T16:41:47.688+0000] {dagbag.py:540} INFO - Filling up the DagBag from /home/airflow/.local/lib/python3.12/site-packages/airflow/example_dags/example_sensors.py
[2025-09-24T16:41:47.704+0000] {processor.py:840} INFO - DAG(s) 'example_sensors' retrieved from /home/airflow/.local/lib/python3.12/site-packages/airflow/example_dags/example_sensors.py
[2025-09-24T16:41:47.738+0000] {logging_mixin.py:188} INFO - [2025-09-24T16:41:47.738+0000] {dag.py:3096} INFO - Sync 1 DAGs
[2025-09-24T16:41:47.759+0000] {logging_mixin.py:188} INFO - [2025-09-24T16:41:47.759+0000] {dag.py:3954} INFO - Setting next_dagrun for example_sensors to None, run_after=None
[2025-09-24T16:41:47.787+0000] {processor.py:183} INFO - Processing /home/airflow/.local/lib/python3.12/site-packages/airflow/example_dags/example_sensors.py took 0.112 seconds
[2025-09-24T16:42:18.013+0000] {processor.py:161} INFO - Started process (PID=655) to work on /home/airflow/.local/lib/python3.12/site-packages/airflow/example_dags/example_sensors.py
[2025-09-24T16:42:18.014+0000] {processor.py:830} INFO - Processing file /home/airflow/.local/lib/python3.12/site-packages/airflow/example_dags/example_sensors.py for tasks to queue
[2025-09-24T16:42:18.016+0000] {logging_mixin.py:188} INFO - [2025-09-24T16:42:18.016+0000] {dagbag.py:540} INFO - Filling up the DagBag from /home/airflow/.local/lib/python3.12/site-packages/airflow/example_dags/example_sensors.py
[2025-09-24T16:42:18.029+0000] {processor.py:840} INFO - DAG(s) 'example_sensors' retrieved from /home/airflow/.local/lib/python3.12/site-packages/airflow/example_dags/example_sensors.py
[2025-09-24T16:42:18.062+0000] {logging_mixin.py:188} INFO - [2025-09-24T16:42:18.061+0000] {dag.py:3096} INFO - Sync 1 DAGs
[2025-09-24T16:42:18.078+0000] {logging_mixin.py:188} INFO - [2025-09-24T16:42:18.077+0000] {dag.py:3954} INFO - Setting next_dagrun for example_sensors to None, run_after=None
[2025-09-24T16:42:18.101+0000] {processor.py:183} INFO - Processing /home/airflow/.local/lib/python3.12/site-packages/airflow/example_dags/example_sensors.py took 0.096 seconds
[2025-09-24T16:42:48.419+0000] {processor.py:161} INFO - Started process (PID=713) to work on /home/airflow/.local/lib/python3.12/site-packages/airflow/example_dags/example_sensors.py
[2025-09-24T16:42:48.421+0000] {processor.py:830} INFO - Processing file /home/airflow/.local/lib/python3.12/site-packages/airflow/example_dags/example_sensors.py for tasks to queue
[2025-09-24T16:42:48.423+0000] {logging_mixin.py:188} INFO - [2025-09-24T16:42:48.423+0000] {dagbag.py:540} INFO - Filling up the DagBag from /home/airflow/.local/lib/python3.12/site-packages/airflow/example_dags/example_sensors.py
[2025-09-24T16:42:48.435+0000] {processor.py:840} INFO - DAG(s) 'example_sensors' retrieved from /home/airflow/.local/lib/python3.12/site-packages/airflow/example_dags/example_sensors.py
[2025-09-24T16:42:48.468+0000] {logging_mixin.py:188} INFO - [2025-09-24T16:42:48.467+0000] {dag.py:3096} INFO - Sync 1 DAGs
[2025-09-24T16:42:48.484+0000] {logging_mixin.py:188} INFO - [2025-09-24T16:42:48.484+0000] {dag.py:3954} INFO - Setting next_dagrun for example_sensors to None, run_after=None
[2025-09-24T16:42:48.510+0000] {processor.py:183} INFO - Processing /home/airflow/.local/lib/python3.12/site-packages/airflow/example_dags/example_sensors.py took 0.099 seconds
[2025-09-24T16:43:18.756+0000] {processor.py:161} INFO - Started process (PID=770) to work on /home/airflow/.local/lib/python3.12/site-packages/airflow/example_dags/example_sensors.py
[2025-09-24T16:43:18.757+0000] {processor.py:830} INFO - Processing file /home/airflow/.local/lib/python3.12/site-packages/airflow/example_dags/example_sensors.py for tasks to queue
[2025-09-24T16:43:18.760+0000] {logging_mixin.py:188} INFO - [2025-09-24T16:43:18.759+0000] {dagbag.py:540} INFO - Filling up the DagBag from /home/airflow/.local/lib/python3.12/site-packages/airflow/example_dags/example_sensors.py
[2025-09-24T16:43:18.773+0000] {processor.py:840} INFO - DAG(s) 'example_sensors' retrieved from /home/airflow/.local/lib/python3.12/site-packages/airflow/example_dags/example_sensors.py
[2025-09-24T16:43:18.809+0000] {logging_mixin.py:188} INFO - [2025-09-24T16:43:18.809+0000] {dag.py:3096} INFO - Sync 1 DAGs
[2025-09-24T16:43:18.826+0000] {logging_mixin.py:188} INFO - [2025-09-24T16:43:18.826+0000] {dag.py:3954} INFO - Setting next_dagrun for example_sensors to None, run_after=None
[2025-09-24T16:43:18.850+0000] {processor.py:183} INFO - Processing /home/airflow/.local/lib/python3.12/site-packages/airflow/example_dags/example_sensors.py took 0.102 seconds
[2025-09-24T16:43:48.956+0000] {processor.py:161} INFO - Started process (PID=828) to work on /home/airflow/.local/lib/python3.12/site-packages/airflow/example_dags/example_sensors.py
[2025-09-24T16:43:48.957+0000] {processor.py:830} INFO - Processing file /home/airflow/.local/lib/python3.12/site-packages/airflow/example_dags/example_sensors.py for tasks to queue
[2025-09-24T16:43:48.960+0000] {logging_mixin.py:188} INFO - [2025-09-24T16:43:48.960+0000] {dagbag.py:540} INFO - Filling up the DagBag from /home/airflow/.local/lib/python3.12/site-packages/airflow/example_dags/example_sensors.py
[2025-09-24T16:43:48.973+0000] {processor.py:840} INFO - DAG(s) 'example_sensors' retrieved from /home/airflow/.local/lib/python3.12/site-packages/airflow/example_dags/example_sensors.py
[2025-09-24T16:43:49.011+0000] {logging_mixin.py:188} INFO - [2025-09-24T16:43:49.011+0000] {dag.py:3096} INFO - Sync 1 DAGs
[2025-09-24T16:43:49.030+0000] {logging_mixin.py:188} INFO - [2025-09-24T16:43:49.030+0000] {dag.py:3954} INFO - Setting next_dagrun for example_sensors to None, run_after=None
[2025-09-24T16:43:49.065+0000] {processor.py:183} INFO - Processing /home/airflow/.local/lib/python3.12/site-packages/airflow/example_dags/example_sensors.py took 0.118 seconds
[2025-09-24T16:44:19.378+0000] {processor.py:161} INFO - Started process (PID=886) to work on /home/airflow/.local/lib/python3.12/site-packages/airflow/example_dags/example_sensors.py
[2025-09-24T16:44:19.380+0000] {processor.py:830} INFO - Processing file /home/airflow/.local/lib/python3.12/site-packages/airflow/example_dags/example_sensors.py for tasks to queue
[2025-09-24T16:44:19.382+0000] {logging_mixin.py:188} INFO - [2025-09-24T16:44:19.382+0000] {dagbag.py:540} INFO - Filling up the DagBag from /home/airflow/.local/lib/python3.12/site-packages/airflow/example_dags/example_sensors.py
[2025-09-24T16:44:19.394+0000] {processor.py:840} INFO - DAG(s) 'example_sensors' retrieved from /home/airflow/.local/lib/python3.12/site-packages/airflow/example_dags/example_sensors.py
[2025-09-24T16:44:19.431+0000] {logging_mixin.py:188} INFO - [2025-09-24T16:44:19.431+0000] {dag.py:3096} INFO - Sync 1 DAGs
[2025-09-24T16:44:19.447+0000] {logging_mixin.py:188} INFO - [2025-09-24T16:44:19.447+0000] {dag.py:3954} INFO - Setting next_dagrun for example_sensors to None, run_after=None
[2025-09-24T16:44:19.472+0000] {processor.py:183} INFO - Processing /home/airflow/.local/lib/python3.12/site-packages/airflow/example_dags/example_sensors.py took 0.101 seconds
[2025-09-24T16:44:49.899+0000] {processor.py:161} INFO - Started process (PID=944) to work on /home/airflow/.local/lib/python3.12/site-packages/airflow/example_dags/example_sensors.py
[2025-09-24T16:44:49.901+0000] {processor.py:830} INFO - Processing file /home/airflow/.local/lib/python3.12/site-packages/airflow/example_dags/example_sensors.py for tasks to queue
[2025-09-24T16:44:49.903+0000] {logging_mixin.py:188} INFO - [2025-09-24T16:44:49.903+0000] {dagbag.py:540} INFO - Filling up the DagBag from /home/airflow/.local/lib/python3.12/site-packages/airflow/example_dags/example_sensors.py
[2025-09-24T16:44:49.917+0000] {processor.py:840} INFO - DAG(s) 'example_sensors' retrieved from /home/airflow/.local/lib/python3.12/site-packages/airflow/example_dags/example_sensors.py
[2025-09-24T16:44:49.953+0000] {logging_mixin.py:188} INFO - [2025-09-24T16:44:49.952+0000] {dag.py:3096} INFO - Sync 1 DAGs
[2025-09-24T16:44:49.969+0000] {logging_mixin.py:188} INFO - [2025-09-24T16:44:49.969+0000] {dag.py:3954} INFO - Setting next_dagrun for example_sensors to None, run_after=None
[2025-09-24T16:44:49.994+0000] {processor.py:183} INFO - Processing /home/airflow/.local/lib/python3.12/site-packages/airflow/example_dags/example_sensors.py took 0.103 seconds
[2025-09-24T16:45:20.305+0000] {processor.py:161} INFO - Started process (PID=1002) to work on /home/airflow/.local/lib/python3.12/site-packages/airflow/example_dags/example_sensors.py
[2025-09-24T16:45:20.307+0000] {processor.py:830} INFO - Processing file /home/airflow/.local/lib/python3.12/site-packages/airflow/example_dags/example_sensors.py for tasks to queue
[2025-09-24T16:45:20.311+0000] {logging_mixin.py:188} INFO - [2025-09-24T16:45:20.310+0000] {dagbag.py:540} INFO - Filling up the DagBag from /home/airflow/.local/lib/python3.12/site-packages/airflow/example_dags/example_sensors.py
[2025-09-24T16:45:20.329+0000] {processor.py:840} INFO - DAG(s) 'example_sensors' retrieved from /home/airflow/.local/lib/python3.12/site-packages/airflow/example_dags/example_sensors.py
[2025-09-24T16:45:20.377+0000] {logging_mixin.py:188} INFO - [2025-09-24T16:45:20.377+0000] {dag.py:3096} INFO - Sync 1 DAGs
[2025-09-24T16:45:20.398+0000] {logging_mixin.py:188} INFO - [2025-09-24T16:45:20.397+0000] {dag.py:3954} INFO - Setting next_dagrun for example_sensors to None, run_after=None
[2025-09-24T16:45:20.428+0000] {processor.py:183} INFO - Processing /home/airflow/.local/lib/python3.12/site-packages/airflow/example_dags/example_sensors.py took 0.134 seconds
[2025-09-24T16:45:50.743+0000] {processor.py:161} INFO - Started process (PID=1060) to work on /home/airflow/.local/lib/python3.12/site-packages/airflow/example_dags/example_sensors.py
[2025-09-24T16:45:50.744+0000] {processor.py:830} INFO - Processing file /home/airflow/.local/lib/python3.12/site-packages/airflow/example_dags/example_sensors.py for tasks to queue
[2025-09-24T16:45:50.746+0000] {logging_mixin.py:188} INFO - [2025-09-24T16:45:50.746+0000] {dagbag.py:540} INFO - Filling up the DagBag from /home/airflow/.local/lib/python3.12/site-packages/airflow/example_dags/example_sensors.py
[2025-09-24T16:45:50.759+0000] {processor.py:840} INFO - DAG(s) 'example_sensors' retrieved from /home/airflow/.local/lib/python3.12/site-packages/airflow/example_dags/example_sensors.py
[2025-09-24T16:45:50.793+0000] {logging_mixin.py:188} INFO - [2025-09-24T16:45:50.792+0000] {dag.py:3096} INFO - Sync 1 DAGs
[2025-09-24T16:45:50.809+0000] {logging_mixin.py:188} INFO - [2025-09-24T16:45:50.808+0000] {dag.py:3954} INFO - Setting next_dagrun for example_sensors to None, run_after=None
[2025-09-24T16:45:50.832+0000] {processor.py:183} INFO - Processing /home/airflow/.local/lib/python3.12/site-packages/airflow/example_dags/example_sensors.py took 0.097 seconds
[2025-09-24T16:46:21.122+0000] {processor.py:161} INFO - Started process (PID=1118) to work on /home/airflow/.local/lib/python3.12/site-packages/airflow/example_dags/example_sensors.py
[2025-09-24T16:46:21.123+0000] {processor.py:830} INFO - Processing file /home/airflow/.local/lib/python3.12/site-packages/airflow/example_dags/example_sensors.py for tasks to queue
[2025-09-24T16:46:21.126+0000] {logging_mixin.py:188} INFO - [2025-09-24T16:46:21.125+0000] {dagbag.py:540} INFO - Filling up the DagBag from /home/airflow/.local/lib/python3.12/site-packages/airflow/example_dags/example_sensors.py
[2025-09-24T16:46:21.140+0000] {processor.py:840} INFO - DAG(s) 'example_sensors' retrieved from /home/airflow/.local/lib/python3.12/site-packages/airflow/example_dags/example_sensors.py
[2025-09-24T16:46:21.181+0000] {logging_mixin.py:188} INFO - [2025-09-24T16:46:21.180+0000] {dag.py:3096} INFO - Sync 1 DAGs
[2025-09-24T16:46:21.201+0000] {logging_mixin.py:188} INFO - [2025-09-24T16:46:21.200+0000] {dag.py:3954} INFO - Setting next_dagrun for example_sensors to None, run_after=None
[2025-09-24T16:46:21.227+0000] {processor.py:183} INFO - Processing /home/airflow/.local/lib/python3.12/site-packages/airflow/example_dags/example_sensors.py took 0.113 seconds
[2025-09-24T16:46:51.298+0000] {processor.py:161} INFO - Started process (PID=1176) to work on /home/airflow/.local/lib/python3.12/site-packages/airflow/example_dags/example_sensors.py
[2025-09-24T16:46:51.299+0000] {processor.py:830} INFO - Processing file /home/airflow/.local/lib/python3.12/site-packages/airflow/example_dags/example_sensors.py for tasks to queue
[2025-09-24T16:46:51.302+0000] {logging_mixin.py:188} INFO - [2025-09-24T16:46:51.301+0000] {dagbag.py:540} INFO - Filling up the DagBag from /home/airflow/.local/lib/python3.12/site-packages/airflow/example_dags/example_sensors.py
[2025-09-24T16:46:51.315+0000] {processor.py:840} INFO - DAG(s) 'example_sensors' retrieved from /home/airflow/.local/lib/python3.12/site-packages/airflow/example_dags/example_sensors.py
[2025-09-24T16:46:51.351+0000] {logging_mixin.py:188} INFO - [2025-09-24T16:46:51.350+0000] {dag.py:3096} INFO - Sync 1 DAGs
[2025-09-24T16:46:51.369+0000] {logging_mixin.py:188} INFO - [2025-09-24T16:46:51.369+0000] {dag.py:3954} INFO - Setting next_dagrun for example_sensors to None, run_after=None
[2025-09-24T16:46:51.393+0000] {processor.py:183} INFO - Processing /home/airflow/.local/lib/python3.12/site-packages/airflow/example_dags/example_sensors.py took 0.103 seconds
[2025-09-24T16:47:21.731+0000] {processor.py:161} INFO - Started process (PID=1234) to work on /home/airflow/.local/lib/python3.12/site-packages/airflow/example_dags/example_sensors.py
[2025-09-24T16:47:21.733+0000] {processor.py:830} INFO - Processing file /home/airflow/.local/lib/python3.12/site-packages/airflow/example_dags/example_sensors.py for tasks to queue
[2025-09-24T16:47:21.735+0000] {logging_mixin.py:188} INFO - [2025-09-24T16:47:21.735+0000] {dagbag.py:540} INFO - Filling up the DagBag from /home/airflow/.local/lib/python3.12/site-packages/airflow/example_dags/example_sensors.py
[2025-09-24T16:47:21.748+0000] {processor.py:840} INFO - DAG(s) 'example_sensors' retrieved from /home/airflow/.local/lib/python3.12/site-packages/airflow/example_dags/example_sensors.py
[2025-09-24T16:47:21.784+0000] {logging_mixin.py:188} INFO - [2025-09-24T16:47:21.783+0000] {dag.py:3096} INFO - Sync 1 DAGs
[2025-09-24T16:47:21.955+0000] {logging_mixin.py:188} INFO - [2025-09-24T16:47:21.955+0000] {dag.py:3954} INFO - Setting next_dagrun for example_sensors to None, run_after=None
[2025-09-24T16:47:21.980+0000] {processor.py:183} INFO - Processing /home/airflow/.local/lib/python3.12/site-packages/airflow/example_dags/example_sensors.py took 0.257 seconds
[2025-09-24T16:47:52.355+0000] {processor.py:161} INFO - Started process (PID=1292) to work on /home/airflow/.local/lib/python3.12/site-packages/airflow/example_dags/example_sensors.py
[2025-09-24T16:47:52.356+0000] {processor.py:830} INFO - Processing file /home/airflow/.local/lib/python3.12/site-packages/airflow/example_dags/example_sensors.py for tasks to queue
[2025-09-24T16:47:52.359+0000] {logging_mixin.py:188} INFO - [2025-09-24T16:47:52.359+0000] {dagbag.py:540} INFO - Filling up the DagBag from /home/airflow/.local/lib/python3.12/site-packages/airflow/example_dags/example_sensors.py
[2025-09-24T16:47:52.373+0000] {processor.py:840} INFO - DAG(s) 'example_sensors' retrieved from /home/airflow/.local/lib/python3.12/site-packages/airflow/example_dags/example_sensors.py
[2025-09-24T16:47:52.407+0000] {logging_mixin.py:188} INFO - [2025-09-24T16:47:52.407+0000] {dag.py:3096} INFO - Sync 1 DAGs
[2025-09-24T16:47:52.423+0000] {logging_mixin.py:188} INFO - [2025-09-24T16:47:52.423+0000] {dag.py:3954} INFO - Setting next_dagrun for example_sensors to None, run_after=None
[2025-09-24T16:47:52.452+0000] {processor.py:183} INFO - Processing /home/airflow/.local/lib/python3.12/site-packages/airflow/example_dags/example_sensors.py took 0.105 seconds
[2025-09-24T16:48:22.542+0000] {processor.py:161} INFO - Started process (PID=1349) to work on /home/airflow/.local/lib/python3.12/site-packages/airflow/example_dags/example_sensors.py
[2025-09-24T16:48:22.544+0000] {processor.py:830} INFO - Processing file /home/airflow/.local/lib/python3.12/site-packages/airflow/example_dags/example_sensors.py for tasks to queue
[2025-09-24T16:48:22.546+0000] {logging_mixin.py:188} INFO - [2025-09-24T16:48:22.546+0000] {dagbag.py:540} INFO - Filling up the DagBag from /home/airflow/.local/lib/python3.12/site-packages/airflow/example_dags/example_sensors.py
[2025-09-24T16:48:22.559+0000] {processor.py:840} INFO - DAG(s) 'example_sensors' retrieved from /home/airflow/.local/lib/python3.12/site-packages/airflow/example_dags/example_sensors.py
[2025-09-24T16:48:22.593+0000] {logging_mixin.py:188} INFO - [2025-09-24T16:48:22.592+0000] {dag.py:3096} INFO - Sync 1 DAGs
[2025-09-24T16:48:22.608+0000] {logging_mixin.py:188} INFO - [2025-09-24T16:48:22.608+0000] {dag.py:3954} INFO - Setting next_dagrun for example_sensors to None, run_after=None
[2025-09-24T16:48:22.631+0000] {processor.py:183} INFO - Processing /home/airflow/.local/lib/python3.12/site-packages/airflow/example_dags/example_sensors.py took 0.097 seconds
[2025-09-24T16:48:53.155+0000] {processor.py:161} INFO - Started process (PID=1408) to work on /home/airflow/.local/lib/python3.12/site-packages/airflow/example_dags/example_sensors.py
[2025-09-24T16:48:53.157+0000] {processor.py:830} INFO - Processing file /home/airflow/.local/lib/python3.12/site-packages/airflow/example_dags/example_sensors.py for tasks to queue
[2025-09-24T16:48:53.159+0000] {logging_mixin.py:188} INFO - [2025-09-24T16:48:53.159+0000] {dagbag.py:540} INFO - Filling up the DagBag from /home/airflow/.local/lib/python3.12/site-packages/airflow/example_dags/example_sensors.py
[2025-09-24T16:48:53.172+0000] {processor.py:840} INFO - DAG(s) 'example_sensors' retrieved from /home/airflow/.local/lib/python3.12/site-packages/airflow/example_dags/example_sensors.py
[2025-09-24T16:48:53.206+0000] {logging_mixin.py:188} INFO - [2025-09-24T16:48:53.206+0000] {dag.py:3096} INFO - Sync 1 DAGs
[2025-09-24T16:48:53.222+0000] {logging_mixin.py:188} INFO - [2025-09-24T16:48:53.222+0000] {dag.py:3954} INFO - Setting next_dagrun for example_sensors to None, run_after=None
[2025-09-24T16:48:53.248+0000] {processor.py:183} INFO - Processing /home/airflow/.local/lib/python3.12/site-packages/airflow/example_dags/example_sensors.py took 0.102 seconds
[2025-09-24T16:49:23.429+0000] {processor.py:161} INFO - Started process (PID=1466) to work on /home/airflow/.local/lib/python3.12/site-packages/airflow/example_dags/example_sensors.py
[2025-09-24T16:49:23.430+0000] {processor.py:830} INFO - Processing file /home/airflow/.local/lib/python3.12/site-packages/airflow/example_dags/example_sensors.py for tasks to queue
[2025-09-24T16:49:23.432+0000] {logging_mixin.py:188} INFO - [2025-09-24T16:49:23.432+0000] {dagbag.py:540} INFO - Filling up the DagBag from /home/airflow/.local/lib/python3.12/site-packages/airflow/example_dags/example_sensors.py
[2025-09-24T16:49:23.446+0000] {processor.py:840} INFO - DAG(s) 'example_sensors' retrieved from /home/airflow/.local/lib/python3.12/site-packages/airflow/example_dags/example_sensors.py
[2025-09-24T16:49:23.481+0000] {logging_mixin.py:188} INFO - [2025-09-24T16:49:23.480+0000] {dag.py:3096} INFO - Sync 1 DAGs
[2025-09-24T16:49:23.496+0000] {logging_mixin.py:188} INFO - [2025-09-24T16:49:23.496+0000] {dag.py:3954} INFO - Setting next_dagrun for example_sensors to None, run_after=None
[2025-09-24T16:49:23.522+0000] {processor.py:183} INFO - Processing /home/airflow/.local/lib/python3.12/site-packages/airflow/example_dags/example_sensors.py took 0.102 seconds
[2025-09-24T16:49:53.935+0000] {processor.py:161} INFO - Started process (PID=1525) to work on /home/airflow/.local/lib/python3.12/site-packages/airflow/example_dags/example_sensors.py
[2025-09-24T16:49:53.937+0000] {processor.py:830} INFO - Processing file /home/airflow/.local/lib/python3.12/site-packages/airflow/example_dags/example_sensors.py for tasks to queue
[2025-09-24T16:49:53.939+0000] {logging_mixin.py:188} INFO - [2025-09-24T16:49:53.939+0000] {dagbag.py:540} INFO - Filling up the DagBag from /home/airflow/.local/lib/python3.12/site-packages/airflow/example_dags/example_sensors.py
[2025-09-24T16:49:53.953+0000] {processor.py:840} INFO - DAG(s) 'example_sensors' retrieved from /home/airflow/.local/lib/python3.12/site-packages/airflow/example_dags/example_sensors.py
[2025-09-24T16:49:53.989+0000] {logging_mixin.py:188} INFO - [2025-09-24T16:49:53.989+0000] {dag.py:3096} INFO - Sync 1 DAGs
[2025-09-24T16:49:54.007+0000] {logging_mixin.py:188} INFO - [2025-09-24T16:49:54.006+0000] {dag.py:3954} INFO - Setting next_dagrun for example_sensors to None, run_after=None
[2025-09-24T16:49:54.032+0000] {processor.py:183} INFO - Processing /home/airflow/.local/lib/python3.12/site-packages/airflow/example_dags/example_sensors.py took 0.105 seconds
[2025-09-24T16:50:24.277+0000] {processor.py:161} INFO - Started process (PID=1583) to work on /home/airflow/.local/lib/python3.12/site-packages/airflow/example_dags/example_sensors.py
[2025-09-24T16:50:24.278+0000] {processor.py:830} INFO - Processing file /home/airflow/.local/lib/python3.12/site-packages/airflow/example_dags/example_sensors.py for tasks to queue
[2025-09-24T16:50:24.281+0000] {logging_mixin.py:188} INFO - [2025-09-24T16:50:24.280+0000] {dagbag.py:540} INFO - Filling up the DagBag from /home/airflow/.local/lib/python3.12/site-packages/airflow/example_dags/example_sensors.py
[2025-09-24T16:50:24.294+0000] {processor.py:840} INFO - DAG(s) 'example_sensors' retrieved from /home/airflow/.local/lib/python3.12/site-packages/airflow/example_dags/example_sensors.py
[2025-09-24T16:50:24.328+0000] {logging_mixin.py:188} INFO - [2025-09-24T16:50:24.327+0000] {dag.py:3096} INFO - Sync 1 DAGs
[2025-09-24T16:50:24.344+0000] {logging_mixin.py:188} INFO - [2025-09-24T16:50:24.344+0000] {dag.py:3954} INFO - Setting next_dagrun for example_sensors to None, run_after=None
[2025-09-24T16:50:24.368+0000] {processor.py:183} INFO - Processing /home/airflow/.local/lib/python3.12/site-packages/airflow/example_dags/example_sensors.py took 0.100 seconds
[2025-09-24T16:50:54.736+0000] {processor.py:161} INFO - Started process (PID=1641) to work on /home/airflow/.local/lib/python3.12/site-packages/airflow/example_dags/example_sensors.py
[2025-09-24T16:50:54.737+0000] {processor.py:830} INFO - Processing file /home/airflow/.local/lib/python3.12/site-packages/airflow/example_dags/example_sensors.py for tasks to queue
[2025-09-24T16:50:54.739+0000] {logging_mixin.py:188} INFO - [2025-09-24T16:50:54.739+0000] {dagbag.py:540} INFO - Filling up the DagBag from /home/airflow/.local/lib/python3.12/site-packages/airflow/example_dags/example_sensors.py
[2025-09-24T16:50:54.752+0000] {processor.py:840} INFO - DAG(s) 'example_sensors' retrieved from /home/airflow/.local/lib/python3.12/site-packages/airflow/example_dags/example_sensors.py
[2025-09-24T16:50:54.785+0000] {logging_mixin.py:188} INFO - [2025-09-24T16:50:54.785+0000] {dag.py:3096} INFO - Sync 1 DAGs
[2025-09-24T16:50:54.802+0000] {logging_mixin.py:188} INFO - [2025-09-24T16:50:54.801+0000] {dag.py:3954} INFO - Setting next_dagrun for example_sensors to None, run_after=None
[2025-09-24T16:50:54.829+0000] {processor.py:183} INFO - Processing /home/airflow/.local/lib/python3.12/site-packages/airflow/example_dags/example_sensors.py took 0.101 seconds
[2025-09-24T16:51:25.152+0000] {processor.py:161} INFO - Started process (PID=1699) to work on /home/airflow/.local/lib/python3.12/site-packages/airflow/example_dags/example_sensors.py
[2025-09-24T16:51:25.153+0000] {processor.py:830} INFO - Processing file /home/airflow/.local/lib/python3.12/site-packages/airflow/example_dags/example_sensors.py for tasks to queue
[2025-09-24T16:51:25.160+0000] {logging_mixin.py:188} INFO - [2025-09-24T16:51:25.159+0000] {dagbag.py:540} INFO - Filling up the DagBag from /home/airflow/.local/lib/python3.12/site-packages/airflow/example_dags/example_sensors.py
[2025-09-24T16:51:25.173+0000] {processor.py:840} INFO - DAG(s) 'example_sensors' retrieved from /home/airflow/.local/lib/python3.12/site-packages/airflow/example_dags/example_sensors.py
[2025-09-24T16:51:25.205+0000] {logging_mixin.py:188} INFO - [2025-09-24T16:51:25.205+0000] {dag.py:3096} INFO - Sync 1 DAGs
[2025-09-24T16:51:25.222+0000] {logging_mixin.py:188} INFO - [2025-09-24T16:51:25.221+0000] {dag.py:3954} INFO - Setting next_dagrun for example_sensors to None, run_after=None
[2025-09-24T16:51:25.244+0000] {processor.py:183} INFO - Processing /home/airflow/.local/lib/python3.12/site-packages/airflow/example_dags/example_sensors.py took 0.100 seconds
[2025-09-24T16:51:55.615+0000] {processor.py:161} INFO - Started process (PID=1757) to work on /home/airflow/.local/lib/python3.12/site-packages/airflow/example_dags/example_sensors.py
[2025-09-24T16:51:55.618+0000] {processor.py:830} INFO - Processing file /home/airflow/.local/lib/python3.12/site-packages/airflow/example_dags/example_sensors.py for tasks to queue
[2025-09-24T16:51:55.621+0000] {logging_mixin.py:188} INFO - [2025-09-24T16:51:55.620+0000] {dagbag.py:540} INFO - Filling up the DagBag from /home/airflow/.local/lib/python3.12/site-packages/airflow/example_dags/example_sensors.py
[2025-09-24T16:51:55.634+0000] {processor.py:840} INFO - DAG(s) 'example_sensors' retrieved from /home/airflow/.local/lib/python3.12/site-packages/airflow/example_dags/example_sensors.py
[2025-09-24T16:51:55.671+0000] {logging_mixin.py:188} INFO - [2025-09-24T16:51:55.671+0000] {dag.py:3096} INFO - Sync 1 DAGs
[2025-09-24T16:51:55.688+0000] {logging_mixin.py:188} INFO - [2025-09-24T16:51:55.688+0000] {dag.py:3954} INFO - Setting next_dagrun for example_sensors to None, run_after=None
[2025-09-24T16:51:55.713+0000] {processor.py:183} INFO - Processing /home/airflow/.local/lib/python3.12/site-packages/airflow/example_dags/example_sensors.py took 0.106 seconds
[2025-09-24T16:52:26.074+0000] {processor.py:161} INFO - Started process (PID=1815) to work on /home/airflow/.local/lib/python3.12/site-packages/airflow/example_dags/example_sensors.py
[2025-09-24T16:52:26.075+0000] {processor.py:830} INFO - Processing file /home/airflow/.local/lib/python3.12/site-packages/airflow/example_dags/example_sensors.py for tasks to queue
[2025-09-24T16:52:26.078+0000] {logging_mixin.py:188} INFO - [2025-09-24T16:52:26.077+0000] {dagbag.py:540} INFO - Filling up the DagBag from /home/airflow/.local/lib/python3.12/site-packages/airflow/example_dags/example_sensors.py
[2025-09-24T16:52:26.092+0000] {processor.py:840} INFO - DAG(s) 'example_sensors' retrieved from /home/airflow/.local/lib/python3.12/site-packages/airflow/example_dags/example_sensors.py
[2025-09-24T16:52:26.128+0000] {logging_mixin.py:188} INFO - [2025-09-24T16:52:26.127+0000] {dag.py:3096} INFO - Sync 1 DAGs
[2025-09-24T16:52:26.144+0000] {logging_mixin.py:188} INFO - [2025-09-24T16:52:26.144+0000] {dag.py:3954} INFO - Setting next_dagrun for example_sensors to None, run_after=None
[2025-09-24T16:52:26.169+0000] {processor.py:183} INFO - Processing /home/airflow/.local/lib/python3.12/site-packages/airflow/example_dags/example_sensors.py took 0.104 seconds
[2025-09-24T16:52:56.937+0000] {processor.py:161} INFO - Started process (PID=1873) to work on /home/airflow/.local/lib/python3.12/site-packages/airflow/example_dags/example_sensors.py
[2025-09-24T16:52:56.939+0000] {processor.py:830} INFO - Processing file /home/airflow/.local/lib/python3.12/site-packages/airflow/example_dags/example_sensors.py for tasks to queue
[2025-09-24T16:52:56.942+0000] {logging_mixin.py:188} INFO - [2025-09-24T16:52:56.942+0000] {dagbag.py:540} INFO - Filling up the DagBag from /home/airflow/.local/lib/python3.12/site-packages/airflow/example_dags/example_sensors.py
[2025-09-24T16:52:56.955+0000] {processor.py:840} INFO - DAG(s) 'example_sensors' retrieved from /home/airflow/.local/lib/python3.12/site-packages/airflow/example_dags/example_sensors.py
[2025-09-24T16:52:56.988+0000] {logging_mixin.py:188} INFO - [2025-09-24T16:52:56.988+0000] {dag.py:3096} INFO - Sync 1 DAGs
[2025-09-24T16:52:57.006+0000] {logging_mixin.py:188} INFO - [2025-09-24T16:52:57.006+0000] {dag.py:3954} INFO - Setting next_dagrun for example_sensors to None, run_after=None
[2025-09-24T16:52:57.031+0000] {processor.py:183} INFO - Processing /home/airflow/.local/lib/python3.12/site-packages/airflow/example_dags/example_sensors.py took 0.101 seconds
[2025-09-24T16:53:27.446+0000] {processor.py:161} INFO - Started process (PID=1931) to work on /home/airflow/.local/lib/python3.12/site-packages/airflow/example_dags/example_sensors.py
[2025-09-24T16:53:27.447+0000] {processor.py:830} INFO - Processing file /home/airflow/.local/lib/python3.12/site-packages/airflow/example_dags/example_sensors.py for tasks to queue
[2025-09-24T16:53:27.450+0000] {logging_mixin.py:188} INFO - [2025-09-24T16:53:27.450+0000] {dagbag.py:540} INFO - Filling up the DagBag from /home/airflow/.local/lib/python3.12/site-packages/airflow/example_dags/example_sensors.py
[2025-09-24T16:53:27.463+0000] {processor.py:840} INFO - DAG(s) 'example_sensors' retrieved from /home/airflow/.local/lib/python3.12/site-packages/airflow/example_dags/example_sensors.py
[2025-09-24T16:53:27.498+0000] {logging_mixin.py:188} INFO - [2025-09-24T16:53:27.498+0000] {dag.py:3096} INFO - Sync 1 DAGs
[2025-09-24T16:53:27.515+0000] {logging_mixin.py:188} INFO - [2025-09-24T16:53:27.515+0000] {dag.py:3954} INFO - Setting next_dagrun for example_sensors to None, run_after=None
[2025-09-24T16:53:27.544+0000] {processor.py:183} INFO - Processing /home/airflow/.local/lib/python3.12/site-packages/airflow/example_dags/example_sensors.py took 0.106 seconds
[2025-09-24T16:53:57.713+0000] {processor.py:161} INFO - Started process (PID=1988) to work on /home/airflow/.local/lib/python3.12/site-packages/airflow/example_dags/example_sensors.py
[2025-09-24T16:53:57.716+0000] {processor.py:830} INFO - Processing file /home/airflow/.local/lib/python3.12/site-packages/airflow/example_dags/example_sensors.py for tasks to queue
[2025-09-24T16:53:57.719+0000] {logging_mixin.py:188} INFO - [2025-09-24T16:53:57.718+0000] {dagbag.py:540} INFO - Filling up the DagBag from /home/airflow/.local/lib/python3.12/site-packages/airflow/example_dags/example_sensors.py
[2025-09-24T16:53:57.735+0000] {processor.py:840} INFO - DAG(s) 'example_sensors' retrieved from /home/airflow/.local/lib/python3.12/site-packages/airflow/example_dags/example_sensors.py
[2025-09-24T16:53:57.772+0000] {logging_mixin.py:188} INFO - [2025-09-24T16:53:57.772+0000] {dag.py:3096} INFO - Sync 1 DAGs
[2025-09-24T16:53:57.798+0000] {logging_mixin.py:188} INFO - [2025-09-24T16:53:57.797+0000] {dag.py:3954} INFO - Setting next_dagrun for example_sensors to None, run_after=None
[2025-09-24T16:53:57.827+0000] {processor.py:183} INFO - Processing /home/airflow/.local/lib/python3.12/site-packages/airflow/example_dags/example_sensors.py took 0.123 seconds
[2025-09-24T16:54:28.031+0000] {processor.py:161} INFO - Started process (PID=2046) to work on /home/airflow/.local/lib/python3.12/site-packages/airflow/example_dags/example_sensors.py
[2025-09-24T16:54:28.032+0000] {processor.py:830} INFO - Processing file /home/airflow/.local/lib/python3.12/site-packages/airflow/example_dags/example_sensors.py for tasks to queue
[2025-09-24T16:54:28.035+0000] {logging_mixin.py:188} INFO - [2025-09-24T16:54:28.034+0000] {dagbag.py:540} INFO - Filling up the DagBag from /home/airflow/.local/lib/python3.12/site-packages/airflow/example_dags/example_sensors.py
[2025-09-24T16:54:28.048+0000] {processor.py:840} INFO - DAG(s) 'example_sensors' retrieved from /home/airflow/.local/lib/python3.12/site-packages/airflow/example_dags/example_sensors.py
[2025-09-24T16:54:28.082+0000] {logging_mixin.py:188} INFO - [2025-09-24T16:54:28.082+0000] {dag.py:3096} INFO - Sync 1 DAGs
[2025-09-24T16:54:28.098+0000] {logging_mixin.py:188} INFO - [2025-09-24T16:54:28.098+0000] {dag.py:3954} INFO - Setting next_dagrun for example_sensors to None, run_after=None
[2025-09-24T16:54:28.125+0000] {processor.py:183} INFO - Processing /home/airflow/.local/lib/python3.12/site-packages/airflow/example_dags/example_sensors.py took 0.102 seconds
[2025-09-24T16:54:58.430+0000] {processor.py:161} INFO - Started process (PID=2104) to work on /home/airflow/.local/lib/python3.12/site-packages/airflow/example_dags/example_sensors.py
[2025-09-24T16:54:58.431+0000] {processor.py:830} INFO - Processing file /home/airflow/.local/lib/python3.12/site-packages/airflow/example_dags/example_sensors.py for tasks to queue
[2025-09-24T16:54:58.438+0000] {logging_mixin.py:188} INFO - [2025-09-24T16:54:58.437+0000] {dagbag.py:540} INFO - Filling up the DagBag from /home/airflow/.local/lib/python3.12/site-packages/airflow/example_dags/example_sensors.py
[2025-09-24T16:54:58.452+0000] {processor.py:840} INFO - DAG(s) 'example_sensors' retrieved from /home/airflow/.local/lib/python3.12/site-packages/airflow/example_dags/example_sensors.py
[2025-09-24T16:54:58.495+0000] {logging_mixin.py:188} INFO - [2025-09-24T16:54:58.494+0000] {dag.py:3096} INFO - Sync 1 DAGs
[2025-09-24T16:54:58.512+0000] {logging_mixin.py:188} INFO - [2025-09-24T16:54:58.512+0000] {dag.py:3954} INFO - Setting next_dagrun for example_sensors to None, run_after=None
[2025-09-24T16:54:58.538+0000] {processor.py:183} INFO - Processing /home/airflow/.local/lib/python3.12/site-packages/airflow/example_dags/example_sensors.py took 0.118 seconds
[2025-09-24T16:55:29.632+0000] {processor.py:161} INFO - Started process (PID=2162) to work on /home/airflow/.local/lib/python3.12/site-packages/airflow/example_dags/example_sensors.py
[2025-09-24T16:55:29.642+0000] {processor.py:830} INFO - Processing file /home/airflow/.local/lib/python3.12/site-packages/airflow/example_dags/example_sensors.py for tasks to queue
[2025-09-24T16:55:29.654+0000] {logging_mixin.py:188} INFO - [2025-09-24T16:55:29.652+0000] {dagbag.py:540} INFO - Filling up the DagBag from /home/airflow/.local/lib/python3.12/site-packages/airflow/example_dags/example_sensors.py
[2025-09-24T16:55:29.763+0000] {processor.py:840} INFO - DAG(s) 'example_sensors' retrieved from /home/airflow/.local/lib/python3.12/site-packages/airflow/example_dags/example_sensors.py
[2025-09-24T16:55:29.911+0000] {logging_mixin.py:188} INFO - [2025-09-24T16:55:29.910+0000] {dag.py:3096} INFO - Sync 1 DAGs
[2025-09-24T16:55:29.967+0000] {logging_mixin.py:188} INFO - [2025-09-24T16:55:29.967+0000] {dag.py:3954} INFO - Setting next_dagrun for example_sensors to None, run_after=None
[2025-09-24T16:55:30.038+0000] {processor.py:183} INFO - Processing /home/airflow/.local/lib/python3.12/site-packages/airflow/example_dags/example_sensors.py took 0.446 seconds
[2025-09-24T16:56:00.225+0000] {processor.py:161} INFO - Started process (PID=2218) to work on /home/airflow/.local/lib/python3.12/site-packages/airflow/example_dags/example_sensors.py
[2025-09-24T16:56:00.227+0000] {processor.py:830} INFO - Processing file /home/airflow/.local/lib/python3.12/site-packages/airflow/example_dags/example_sensors.py for tasks to queue
[2025-09-24T16:56:00.231+0000] {logging_mixin.py:188} INFO - [2025-09-24T16:56:00.230+0000] {dagbag.py:540} INFO - Filling up the DagBag from /home/airflow/.local/lib/python3.12/site-packages/airflow/example_dags/example_sensors.py
[2025-09-24T16:56:00.247+0000] {processor.py:840} INFO - DAG(s) 'example_sensors' retrieved from /home/airflow/.local/lib/python3.12/site-packages/airflow/example_dags/example_sensors.py
[2025-09-24T16:56:00.292+0000] {logging_mixin.py:188} INFO - [2025-09-24T16:56:00.291+0000] {dag.py:3096} INFO - Sync 1 DAGs
[2025-09-24T16:56:00.311+0000] {logging_mixin.py:188} INFO - [2025-09-24T16:56:00.311+0000] {dag.py:3954} INFO - Setting next_dagrun for example_sensors to None, run_after=None
[2025-09-24T16:56:00.349+0000] {processor.py:183} INFO - Processing /home/airflow/.local/lib/python3.12/site-packages/airflow/example_dags/example_sensors.py took 0.133 seconds
[2025-09-24T16:56:31.216+0000] {processor.py:161} INFO - Started process (PID=2276) to work on /home/airflow/.local/lib/python3.12/site-packages/airflow/example_dags/example_sensors.py
[2025-09-24T16:56:31.218+0000] {processor.py:830} INFO - Processing file /home/airflow/.local/lib/python3.12/site-packages/airflow/example_dags/example_sensors.py for tasks to queue
[2025-09-24T16:56:31.223+0000] {logging_mixin.py:188} INFO - [2025-09-24T16:56:31.223+0000] {dagbag.py:540} INFO - Filling up the DagBag from /home/airflow/.local/lib/python3.12/site-packages/airflow/example_dags/example_sensors.py
[2025-09-24T16:56:31.240+0000] {processor.py:840} INFO - DAG(s) 'example_sensors' retrieved from /home/airflow/.local/lib/python3.12/site-packages/airflow/example_dags/example_sensors.py
[2025-09-24T16:56:31.297+0000] {logging_mixin.py:188} INFO - [2025-09-24T16:56:31.297+0000] {dag.py:3096} INFO - Sync 1 DAGs
[2025-09-24T16:56:31.318+0000] {logging_mixin.py:188} INFO - [2025-09-24T16:56:31.318+0000] {dag.py:3954} INFO - Setting next_dagrun for example_sensors to None, run_after=None
[2025-09-24T16:56:31.357+0000] {processor.py:183} INFO - Processing /home/airflow/.local/lib/python3.12/site-packages/airflow/example_dags/example_sensors.py took 0.148 seconds
[2025-09-24T16:57:01.496+0000] {processor.py:161} INFO - Started process (PID=2334) to work on /home/airflow/.local/lib/python3.12/site-packages/airflow/example_dags/example_sensors.py
[2025-09-24T16:57:01.497+0000] {processor.py:830} INFO - Processing file /home/airflow/.local/lib/python3.12/site-packages/airflow/example_dags/example_sensors.py for tasks to queue
[2025-09-24T16:57:01.500+0000] {logging_mixin.py:188} INFO - [2025-09-24T16:57:01.500+0000] {dagbag.py:540} INFO - Filling up the DagBag from /home/airflow/.local/lib/python3.12/site-packages/airflow/example_dags/example_sensors.py
[2025-09-24T16:57:01.518+0000] {processor.py:840} INFO - DAG(s) 'example_sensors' retrieved from /home/airflow/.local/lib/python3.12/site-packages/airflow/example_dags/example_sensors.py
[2025-09-24T16:57:01.559+0000] {logging_mixin.py:188} INFO - [2025-09-24T16:57:01.559+0000] {dag.py:3096} INFO - Sync 1 DAGs
[2025-09-24T16:57:01.579+0000] {logging_mixin.py:188} INFO - [2025-09-24T16:57:01.579+0000] {dag.py:3954} INFO - Setting next_dagrun for example_sensors to None, run_after=None
[2025-09-24T16:57:01.606+0000] {processor.py:183} INFO - Processing /home/airflow/.local/lib/python3.12/site-packages/airflow/example_dags/example_sensors.py took 0.119 seconds
[2025-09-24T16:57:32.694+0000] {processor.py:161} INFO - Started process (PID=2392) to work on /home/airflow/.local/lib/python3.12/site-packages/airflow/example_dags/example_sensors.py
[2025-09-24T16:57:32.695+0000] {processor.py:830} INFO - Processing file /home/airflow/.local/lib/python3.12/site-packages/airflow/example_dags/example_sensors.py for tasks to queue
[2025-09-24T16:57:32.697+0000] {logging_mixin.py:188} INFO - [2025-09-24T16:57:32.697+0000] {dagbag.py:540} INFO - Filling up the DagBag from /home/airflow/.local/lib/python3.12/site-packages/airflow/example_dags/example_sensors.py
[2025-09-24T16:57:32.708+0000] {processor.py:840} INFO - DAG(s) 'example_sensors' retrieved from /home/airflow/.local/lib/python3.12/site-packages/airflow/example_dags/example_sensors.py
[2025-09-24T16:57:32.739+0000] {logging_mixin.py:188} INFO - [2025-09-24T16:57:32.739+0000] {dag.py:3096} INFO - Sync 1 DAGs
[2025-09-24T16:57:32.754+0000] {logging_mixin.py:188} INFO - [2025-09-24T16:57:32.753+0000] {dag.py:3954} INFO - Setting next_dagrun for example_sensors to None, run_after=None
[2025-09-24T16:57:32.775+0000] {processor.py:183} INFO - Processing /home/airflow/.local/lib/python3.12/site-packages/airflow/example_dags/example_sensors.py took 0.089 seconds
[2025-09-24T16:58:02.935+0000] {processor.py:161} INFO - Started process (PID=2450) to work on /home/airflow/.local/lib/python3.12/site-packages/airflow/example_dags/example_sensors.py
[2025-09-24T16:58:02.937+0000] {processor.py:830} INFO - Processing file /home/airflow/.local/lib/python3.12/site-packages/airflow/example_dags/example_sensors.py for tasks to queue
[2025-09-24T16:58:02.939+0000] {logging_mixin.py:188} INFO - [2025-09-24T16:58:02.939+0000] {dagbag.py:540} INFO - Filling up the DagBag from /home/airflow/.local/lib/python3.12/site-packages/airflow/example_dags/example_sensors.py
[2025-09-24T16:58:02.950+0000] {processor.py:840} INFO - DAG(s) 'example_sensors' retrieved from /home/airflow/.local/lib/python3.12/site-packages/airflow/example_dags/example_sensors.py
[2025-09-24T16:58:02.984+0000] {logging_mixin.py:188} INFO - [2025-09-24T16:58:02.984+0000] {dag.py:3096} INFO - Sync 1 DAGs
[2025-09-24T16:58:02.999+0000] {logging_mixin.py:188} INFO - [2025-09-24T16:58:02.999+0000] {dag.py:3954} INFO - Setting next_dagrun for example_sensors to None, run_after=None
[2025-09-24T16:58:03.023+0000] {processor.py:183} INFO - Processing /home/airflow/.local/lib/python3.12/site-packages/airflow/example_dags/example_sensors.py took 0.095 seconds
[2025-09-24T16:58:33.843+0000] {processor.py:161} INFO - Started process (PID=2508) to work on /home/airflow/.local/lib/python3.12/site-packages/airflow/example_dags/example_sensors.py
[2025-09-24T16:58:33.845+0000] {processor.py:830} INFO - Processing file /home/airflow/.local/lib/python3.12/site-packages/airflow/example_dags/example_sensors.py for tasks to queue
[2025-09-24T16:58:33.847+0000] {logging_mixin.py:188} INFO - [2025-09-24T16:58:33.847+0000] {dagbag.py:540} INFO - Filling up the DagBag from /home/airflow/.local/lib/python3.12/site-packages/airflow/example_dags/example_sensors.py
[2025-09-24T16:58:33.860+0000] {processor.py:840} INFO - DAG(s) 'example_sensors' retrieved from /home/airflow/.local/lib/python3.12/site-packages/airflow/example_dags/example_sensors.py
[2025-09-24T16:58:33.893+0000] {logging_mixin.py:188} INFO - [2025-09-24T16:58:33.893+0000] {dag.py:3096} INFO - Sync 1 DAGs
[2025-09-24T16:58:33.909+0000] {logging_mixin.py:188} INFO - [2025-09-24T16:58:33.909+0000] {dag.py:3954} INFO - Setting next_dagrun for example_sensors to None, run_after=None
[2025-09-24T16:58:33.932+0000] {processor.py:183} INFO - Processing /home/airflow/.local/lib/python3.12/site-packages/airflow/example_dags/example_sensors.py took 0.098 seconds
[2025-09-24T16:59:04.102+0000] {processor.py:161} INFO - Started process (PID=2566) to work on /home/airflow/.local/lib/python3.12/site-packages/airflow/example_dags/example_sensors.py
[2025-09-24T16:59:04.103+0000] {processor.py:830} INFO - Processing file /home/airflow/.local/lib/python3.12/site-packages/airflow/example_dags/example_sensors.py for tasks to queue
[2025-09-24T16:59:04.105+0000] {logging_mixin.py:188} INFO - [2025-09-24T16:59:04.105+0000] {dagbag.py:540} INFO - Filling up the DagBag from /home/airflow/.local/lib/python3.12/site-packages/airflow/example_dags/example_sensors.py
[2025-09-24T16:59:04.116+0000] {processor.py:840} INFO - DAG(s) 'example_sensors' retrieved from /home/airflow/.local/lib/python3.12/site-packages/airflow/example_dags/example_sensors.py
[2025-09-24T16:59:04.148+0000] {logging_mixin.py:188} INFO - [2025-09-24T16:59:04.148+0000] {dag.py:3096} INFO - Sync 1 DAGs
[2025-09-24T16:59:04.163+0000] {logging_mixin.py:188} INFO - [2025-09-24T16:59:04.162+0000] {dag.py:3954} INFO - Setting next_dagrun for example_sensors to None, run_after=None
[2025-09-24T16:59:04.185+0000] {processor.py:183} INFO - Processing /home/airflow/.local/lib/python3.12/site-packages/airflow/example_dags/example_sensors.py took 0.090 seconds
[2025-09-24T16:59:34.488+0000] {processor.py:161} INFO - Started process (PID=2624) to work on /home/airflow/.local/lib/python3.12/site-packages/airflow/example_dags/example_sensors.py
[2025-09-24T16:59:34.489+0000] {processor.py:830} INFO - Processing file /home/airflow/.local/lib/python3.12/site-packages/airflow/example_dags/example_sensors.py for tasks to queue
[2025-09-24T16:59:34.492+0000] {logging_mixin.py:188} INFO - [2025-09-24T16:59:34.491+0000] {dagbag.py:540} INFO - Filling up the DagBag from /home/airflow/.local/lib/python3.12/site-packages/airflow/example_dags/example_sensors.py
[2025-09-24T16:59:34.505+0000] {processor.py:840} INFO - DAG(s) 'example_sensors' retrieved from /home/airflow/.local/lib/python3.12/site-packages/airflow/example_dags/example_sensors.py
[2025-09-24T16:59:34.542+0000] {logging_mixin.py:188} INFO - [2025-09-24T16:59:34.541+0000] {dag.py:3096} INFO - Sync 1 DAGs
[2025-09-24T16:59:34.559+0000] {logging_mixin.py:188} INFO - [2025-09-24T16:59:34.559+0000] {dag.py:3954} INFO - Setting next_dagrun for example_sensors to None, run_after=None
[2025-09-24T16:59:34.586+0000] {processor.py:183} INFO - Processing /home/airflow/.local/lib/python3.12/site-packages/airflow/example_dags/example_sensors.py took 0.108 seconds
[2025-09-24T17:00:05.152+0000] {processor.py:161} INFO - Started process (PID=2682) to work on /home/airflow/.local/lib/python3.12/site-packages/airflow/example_dags/example_sensors.py
[2025-09-24T17:00:05.153+0000] {processor.py:830} INFO - Processing file /home/airflow/.local/lib/python3.12/site-packages/airflow/example_dags/example_sensors.py for tasks to queue
[2025-09-24T17:00:05.156+0000] {logging_mixin.py:188} INFO - [2025-09-24T17:00:05.156+0000] {dagbag.py:540} INFO - Filling up the DagBag from /home/airflow/.local/lib/python3.12/site-packages/airflow/example_dags/example_sensors.py
[2025-09-24T17:00:05.169+0000] {processor.py:840} INFO - DAG(s) 'example_sensors' retrieved from /home/airflow/.local/lib/python3.12/site-packages/airflow/example_dags/example_sensors.py
[2025-09-24T17:00:05.206+0000] {logging_mixin.py:188} INFO - [2025-09-24T17:00:05.206+0000] {dag.py:3096} INFO - Sync 1 DAGs
[2025-09-24T17:00:05.224+0000] {logging_mixin.py:188} INFO - [2025-09-24T17:00:05.224+0000] {dag.py:3954} INFO - Setting next_dagrun for example_sensors to None, run_after=None
[2025-09-24T17:00:05.254+0000] {processor.py:183} INFO - Processing /home/airflow/.local/lib/python3.12/site-packages/airflow/example_dags/example_sensors.py took 0.110 seconds
[2025-09-24T17:00:35.622+0000] {processor.py:161} INFO - Started process (PID=2740) to work on /home/airflow/.local/lib/python3.12/site-packages/airflow/example_dags/example_sensors.py
[2025-09-24T17:00:35.623+0000] {processor.py:830} INFO - Processing file /home/airflow/.local/lib/python3.12/site-packages/airflow/example_dags/example_sensors.py for tasks to queue
[2025-09-24T17:00:35.626+0000] {logging_mixin.py:188} INFO - [2025-09-24T17:00:35.625+0000] {dagbag.py:540} INFO - Filling up the DagBag from /home/airflow/.local/lib/python3.12/site-packages/airflow/example_dags/example_sensors.py
[2025-09-24T17:00:35.638+0000] {processor.py:840} INFO - DAG(s) 'example_sensors' retrieved from /home/airflow/.local/lib/python3.12/site-packages/airflow/example_dags/example_sensors.py
[2025-09-24T17:00:35.675+0000] {logging_mixin.py:188} INFO - [2025-09-24T17:00:35.675+0000] {dag.py:3096} INFO - Sync 1 DAGs
[2025-09-24T17:00:35.692+0000] {logging_mixin.py:188} INFO - [2025-09-24T17:00:35.692+0000] {dag.py:3954} INFO - Setting next_dagrun for example_sensors to None, run_after=None
[2025-09-24T17:00:35.722+0000] {processor.py:183} INFO - Processing /home/airflow/.local/lib/python3.12/site-packages/airflow/example_dags/example_sensors.py took 0.108 seconds
[2025-09-24T17:01:06.107+0000] {processor.py:161} INFO - Started process (PID=2798) to work on /home/airflow/.local/lib/python3.12/site-packages/airflow/example_dags/example_sensors.py
[2025-09-24T17:01:06.108+0000] {processor.py:830} INFO - Processing file /home/airflow/.local/lib/python3.12/site-packages/airflow/example_dags/example_sensors.py for tasks to queue
[2025-09-24T17:01:06.111+0000] {logging_mixin.py:188} INFO - [2025-09-24T17:01:06.111+0000] {dagbag.py:540} INFO - Filling up the DagBag from /home/airflow/.local/lib/python3.12/site-packages/airflow/example_dags/example_sensors.py
[2025-09-24T17:01:06.123+0000] {processor.py:840} INFO - DAG(s) 'example_sensors' retrieved from /home/airflow/.local/lib/python3.12/site-packages/airflow/example_dags/example_sensors.py
[2025-09-24T17:01:06.161+0000] {logging_mixin.py:188} INFO - [2025-09-24T17:01:06.160+0000] {dag.py:3096} INFO - Sync 1 DAGs
[2025-09-24T17:01:06.177+0000] {logging_mixin.py:188} INFO - [2025-09-24T17:01:06.177+0000] {dag.py:3954} INFO - Setting next_dagrun for example_sensors to None, run_after=None
[2025-09-24T17:01:06.211+0000] {processor.py:183} INFO - Processing /home/airflow/.local/lib/python3.12/site-packages/airflow/example_dags/example_sensors.py took 0.112 seconds
[2025-09-24T17:01:36.706+0000] {processor.py:161} INFO - Started process (PID=2856) to work on /home/airflow/.local/lib/python3.12/site-packages/airflow/example_dags/example_sensors.py
[2025-09-24T17:01:36.707+0000] {processor.py:830} INFO - Processing file /home/airflow/.local/lib/python3.12/site-packages/airflow/example_dags/example_sensors.py for tasks to queue
[2025-09-24T17:01:36.710+0000] {logging_mixin.py:188} INFO - [2025-09-24T17:01:36.709+0000] {dagbag.py:540} INFO - Filling up the DagBag from /home/airflow/.local/lib/python3.12/site-packages/airflow/example_dags/example_sensors.py
[2025-09-24T17:01:36.722+0000] {processor.py:840} INFO - DAG(s) 'example_sensors' retrieved from /home/airflow/.local/lib/python3.12/site-packages/airflow/example_dags/example_sensors.py
[2025-09-24T17:01:36.760+0000] {logging_mixin.py:188} INFO - [2025-09-24T17:01:36.759+0000] {dag.py:3096} INFO - Sync 1 DAGs
[2025-09-24T17:01:36.776+0000] {logging_mixin.py:188} INFO - [2025-09-24T17:01:36.776+0000] {dag.py:3954} INFO - Setting next_dagrun for example_sensors to None, run_after=None
[2025-09-24T17:01:36.803+0000] {processor.py:183} INFO - Processing /home/airflow/.local/lib/python3.12/site-packages/airflow/example_dags/example_sensors.py took 0.105 seconds
[2025-09-24T17:02:07.231+0000] {processor.py:161} INFO - Started process (PID=2914) to work on /home/airflow/.local/lib/python3.12/site-packages/airflow/example_dags/example_sensors.py
[2025-09-24T17:02:07.232+0000] {processor.py:830} INFO - Processing file /home/airflow/.local/lib/python3.12/site-packages/airflow/example_dags/example_sensors.py for tasks to queue
[2025-09-24T17:02:07.234+0000] {logging_mixin.py:188} INFO - [2025-09-24T17:02:07.234+0000] {dagbag.py:540} INFO - Filling up the DagBag from /home/airflow/.local/lib/python3.12/site-packages/airflow/example_dags/example_sensors.py
[2025-09-24T17:02:07.246+0000] {processor.py:840} INFO - DAG(s) 'example_sensors' retrieved from /home/airflow/.local/lib/python3.12/site-packages/airflow/example_dags/example_sensors.py
[2025-09-24T17:02:07.279+0000] {logging_mixin.py:188} INFO - [2025-09-24T17:02:07.279+0000] {dag.py:3096} INFO - Sync 1 DAGs
[2025-09-24T17:02:07.297+0000] {logging_mixin.py:188} INFO - [2025-09-24T17:02:07.297+0000] {dag.py:3954} INFO - Setting next_dagrun for example_sensors to None, run_after=None
[2025-09-24T17:02:07.320+0000] {processor.py:183} INFO - Processing /home/airflow/.local/lib/python3.12/site-packages/airflow/example_dags/example_sensors.py took 0.097 seconds
[2025-09-24T17:02:37.710+0000] {processor.py:161} INFO - Started process (PID=2972) to work on /home/airflow/.local/lib/python3.12/site-packages/airflow/example_dags/example_sensors.py
[2025-09-24T17:02:37.712+0000] {processor.py:830} INFO - Processing file /home/airflow/.local/lib/python3.12/site-packages/airflow/example_dags/example_sensors.py for tasks to queue
[2025-09-24T17:02:37.715+0000] {logging_mixin.py:188} INFO - [2025-09-24T17:02:37.714+0000] {dagbag.py:540} INFO - Filling up the DagBag from /home/airflow/.local/lib/python3.12/site-packages/airflow/example_dags/example_sensors.py
[2025-09-24T17:02:37.727+0000] {processor.py:840} INFO - DAG(s) 'example_sensors' retrieved from /home/airflow/.local/lib/python3.12/site-packages/airflow/example_dags/example_sensors.py
[2025-09-24T17:02:37.770+0000] {logging_mixin.py:188} INFO - [2025-09-24T17:02:37.769+0000] {dag.py:3096} INFO - Sync 1 DAGs
[2025-09-24T17:02:37.787+0000] {logging_mixin.py:188} INFO - [2025-09-24T17:02:37.787+0000] {dag.py:3954} INFO - Setting next_dagrun for example_sensors to None, run_after=None
[2025-09-24T17:02:37.812+0000] {processor.py:183} INFO - Processing /home/airflow/.local/lib/python3.12/site-packages/airflow/example_dags/example_sensors.py took 0.110 seconds
[2025-09-24T17:03:08.136+0000] {processor.py:161} INFO - Started process (PID=3030) to work on /home/airflow/.local/lib/python3.12/site-packages/airflow/example_dags/example_sensors.py
[2025-09-24T17:03:08.137+0000] {processor.py:830} INFO - Processing file /home/airflow/.local/lib/python3.12/site-packages/airflow/example_dags/example_sensors.py for tasks to queue
[2025-09-24T17:03:08.139+0000] {logging_mixin.py:188} INFO - [2025-09-24T17:03:08.139+0000] {dagbag.py:540} INFO - Filling up the DagBag from /home/airflow/.local/lib/python3.12/site-packages/airflow/example_dags/example_sensors.py
[2025-09-24T17:03:08.152+0000] {processor.py:840} INFO - DAG(s) 'example_sensors' retrieved from /home/airflow/.local/lib/python3.12/site-packages/airflow/example_dags/example_sensors.py
[2025-09-24T17:03:08.185+0000] {logging_mixin.py:188} INFO - [2025-09-24T17:03:08.185+0000] {dag.py:3096} INFO - Sync 1 DAGs
[2025-09-24T17:03:08.201+0000] {logging_mixin.py:188} INFO - [2025-09-24T17:03:08.200+0000] {dag.py:3954} INFO - Setting next_dagrun for example_sensors to None, run_after=None
[2025-09-24T17:03:08.226+0000] {processor.py:183} INFO - Processing /home/airflow/.local/lib/python3.12/site-packages/airflow/example_dags/example_sensors.py took 0.099 seconds
[2025-09-24T17:03:38.751+0000] {processor.py:161} INFO - Started process (PID=3088) to work on /home/airflow/.local/lib/python3.12/site-packages/airflow/example_dags/example_sensors.py
[2025-09-24T17:03:38.752+0000] {processor.py:830} INFO - Processing file /home/airflow/.local/lib/python3.12/site-packages/airflow/example_dags/example_sensors.py for tasks to queue
[2025-09-24T17:03:38.755+0000] {logging_mixin.py:188} INFO - [2025-09-24T17:03:38.754+0000] {dagbag.py:540} INFO - Filling up the DagBag from /home/airflow/.local/lib/python3.12/site-packages/airflow/example_dags/example_sensors.py
[2025-09-24T17:03:38.768+0000] {processor.py:840} INFO - DAG(s) 'example_sensors' retrieved from /home/airflow/.local/lib/python3.12/site-packages/airflow/example_dags/example_sensors.py
[2025-09-24T17:03:38.807+0000] {logging_mixin.py:188} INFO - [2025-09-24T17:03:38.806+0000] {dag.py:3096} INFO - Sync 1 DAGs
[2025-09-24T17:03:38.826+0000] {logging_mixin.py:188} INFO - [2025-09-24T17:03:38.825+0000] {dag.py:3954} INFO - Setting next_dagrun for example_sensors to None, run_after=None
[2025-09-24T17:03:38.858+0000] {processor.py:183} INFO - Processing /home/airflow/.local/lib/python3.12/site-packages/airflow/example_dags/example_sensors.py took 0.115 seconds
[2025-09-24T17:04:09.830+0000] {processor.py:161} INFO - Started process (PID=3146) to work on /home/airflow/.local/lib/python3.12/site-packages/airflow/example_dags/example_sensors.py
[2025-09-24T17:04:09.832+0000] {processor.py:830} INFO - Processing file /home/airflow/.local/lib/python3.12/site-packages/airflow/example_dags/example_sensors.py for tasks to queue
[2025-09-24T17:04:09.835+0000] {logging_mixin.py:188} INFO - [2025-09-24T17:04:09.834+0000] {dagbag.py:540} INFO - Filling up the DagBag from /home/airflow/.local/lib/python3.12/site-packages/airflow/example_dags/example_sensors.py
[2025-09-24T17:04:09.849+0000] {processor.py:840} INFO - DAG(s) 'example_sensors' retrieved from /home/airflow/.local/lib/python3.12/site-packages/airflow/example_dags/example_sensors.py
[2025-09-24T17:04:09.892+0000] {logging_mixin.py:188} INFO - [2025-09-24T17:04:09.892+0000] {dag.py:3096} INFO - Sync 1 DAGs
[2025-09-24T17:04:09.914+0000] {logging_mixin.py:188} INFO - [2025-09-24T17:04:09.913+0000] {dag.py:3954} INFO - Setting next_dagrun for example_sensors to None, run_after=None
[2025-09-24T17:04:09.949+0000] {processor.py:183} INFO - Processing /home/airflow/.local/lib/python3.12/site-packages/airflow/example_dags/example_sensors.py took 0.129 seconds
[2025-09-24T17:04:40.380+0000] {processor.py:161} INFO - Started process (PID=3204) to work on /home/airflow/.local/lib/python3.12/site-packages/airflow/example_dags/example_sensors.py
[2025-09-24T17:04:40.381+0000] {processor.py:830} INFO - Processing file /home/airflow/.local/lib/python3.12/site-packages/airflow/example_dags/example_sensors.py for tasks to queue
[2025-09-24T17:04:40.384+0000] {logging_mixin.py:188} INFO - [2025-09-24T17:04:40.384+0000] {dagbag.py:540} INFO - Filling up the DagBag from /home/airflow/.local/lib/python3.12/site-packages/airflow/example_dags/example_sensors.py
[2025-09-24T17:04:40.400+0000] {processor.py:840} INFO - DAG(s) 'example_sensors' retrieved from /home/airflow/.local/lib/python3.12/site-packages/airflow/example_dags/example_sensors.py
[2025-09-24T17:04:40.440+0000] {logging_mixin.py:188} INFO - [2025-09-24T17:04:40.440+0000] {dag.py:3096} INFO - Sync 1 DAGs
[2025-09-24T17:04:40.459+0000] {logging_mixin.py:188} INFO - [2025-09-24T17:04:40.458+0000] {dag.py:3954} INFO - Setting next_dagrun for example_sensors to None, run_after=None
[2025-09-24T17:04:40.489+0000] {processor.py:183} INFO - Processing /home/airflow/.local/lib/python3.12/site-packages/airflow/example_dags/example_sensors.py took 0.118 seconds
[2025-09-24T17:05:10.722+0000] {processor.py:161} INFO - Started process (PID=3262) to work on /home/airflow/.local/lib/python3.12/site-packages/airflow/example_dags/example_sensors.py
[2025-09-24T17:05:10.724+0000] {processor.py:830} INFO - Processing file /home/airflow/.local/lib/python3.12/site-packages/airflow/example_dags/example_sensors.py for tasks to queue
[2025-09-24T17:05:10.726+0000] {logging_mixin.py:188} INFO - [2025-09-24T17:05:10.726+0000] {dagbag.py:540} INFO - Filling up the DagBag from /home/airflow/.local/lib/python3.12/site-packages/airflow/example_dags/example_sensors.py
[2025-09-24T17:05:10.740+0000] {processor.py:840} INFO - DAG(s) 'example_sensors' retrieved from /home/airflow/.local/lib/python3.12/site-packages/airflow/example_dags/example_sensors.py
[2025-09-24T17:05:10.778+0000] {logging_mixin.py:188} INFO - [2025-09-24T17:05:10.778+0000] {dag.py:3096} INFO - Sync 1 DAGs
[2025-09-24T17:05:10.796+0000] {logging_mixin.py:188} INFO - [2025-09-24T17:05:10.796+0000] {dag.py:3954} INFO - Setting next_dagrun for example_sensors to None, run_after=None
[2025-09-24T17:05:10.827+0000] {processor.py:183} INFO - Processing /home/airflow/.local/lib/python3.12/site-packages/airflow/example_dags/example_sensors.py took 0.113 seconds
[2025-09-24T17:05:41.425+0000] {processor.py:161} INFO - Started process (PID=3320) to work on /home/airflow/.local/lib/python3.12/site-packages/airflow/example_dags/example_sensors.py
[2025-09-24T17:05:41.426+0000] {processor.py:830} INFO - Processing file /home/airflow/.local/lib/python3.12/site-packages/airflow/example_dags/example_sensors.py for tasks to queue
[2025-09-24T17:05:41.429+0000] {logging_mixin.py:188} INFO - [2025-09-24T17:05:41.428+0000] {dagbag.py:540} INFO - Filling up the DagBag from /home/airflow/.local/lib/python3.12/site-packages/airflow/example_dags/example_sensors.py
[2025-09-24T17:05:41.443+0000] {processor.py:840} INFO - DAG(s) 'example_sensors' retrieved from /home/airflow/.local/lib/python3.12/site-packages/airflow/example_dags/example_sensors.py
[2025-09-24T17:05:41.481+0000] {logging_mixin.py:188} INFO - [2025-09-24T17:05:41.481+0000] {dag.py:3096} INFO - Sync 1 DAGs
[2025-09-24T17:05:41.500+0000] {logging_mixin.py:188} INFO - [2025-09-24T17:05:41.500+0000] {dag.py:3954} INFO - Setting next_dagrun for example_sensors to None, run_after=None
[2025-09-24T17:05:41.529+0000] {processor.py:183} INFO - Processing /home/airflow/.local/lib/python3.12/site-packages/airflow/example_dags/example_sensors.py took 0.113 seconds
[2025-09-24T17:06:11.612+0000] {processor.py:161} INFO - Started process (PID=3378) to work on /home/airflow/.local/lib/python3.12/site-packages/airflow/example_dags/example_sensors.py
[2025-09-24T17:06:11.613+0000] {processor.py:830} INFO - Processing file /home/airflow/.local/lib/python3.12/site-packages/airflow/example_dags/example_sensors.py for tasks to queue
[2025-09-24T17:06:11.616+0000] {logging_mixin.py:188} INFO - [2025-09-24T17:06:11.616+0000] {dagbag.py:540} INFO - Filling up the DagBag from /home/airflow/.local/lib/python3.12/site-packages/airflow/example_dags/example_sensors.py
[2025-09-24T17:06:11.630+0000] {processor.py:840} INFO - DAG(s) 'example_sensors' retrieved from /home/airflow/.local/lib/python3.12/site-packages/airflow/example_dags/example_sensors.py
[2025-09-24T17:06:11.673+0000] {logging_mixin.py:188} INFO - [2025-09-24T17:06:11.673+0000] {dag.py:3096} INFO - Sync 1 DAGs
[2025-09-24T17:06:11.694+0000] {logging_mixin.py:188} INFO - [2025-09-24T17:06:11.694+0000] {dag.py:3954} INFO - Setting next_dagrun for example_sensors to None, run_after=None
[2025-09-24T17:06:11.723+0000] {processor.py:183} INFO - Processing /home/airflow/.local/lib/python3.12/site-packages/airflow/example_dags/example_sensors.py took 0.120 seconds
[2025-09-24T17:06:41.901+0000] {processor.py:161} INFO - Started process (PID=3436) to work on /home/airflow/.local/lib/python3.12/site-packages/airflow/example_dags/example_sensors.py
[2025-09-24T17:06:41.902+0000] {processor.py:830} INFO - Processing file /home/airflow/.local/lib/python3.12/site-packages/airflow/example_dags/example_sensors.py for tasks to queue
[2025-09-24T17:06:41.905+0000] {logging_mixin.py:188} INFO - [2025-09-24T17:06:41.905+0000] {dagbag.py:540} INFO - Filling up the DagBag from /home/airflow/.local/lib/python3.12/site-packages/airflow/example_dags/example_sensors.py
[2025-09-24T17:06:41.918+0000] {processor.py:840} INFO - DAG(s) 'example_sensors' retrieved from /home/airflow/.local/lib/python3.12/site-packages/airflow/example_dags/example_sensors.py
[2025-09-24T17:06:41.957+0000] {logging_mixin.py:188} INFO - [2025-09-24T17:06:41.957+0000] {dag.py:3096} INFO - Sync 1 DAGs
[2025-09-24T17:06:41.977+0000] {logging_mixin.py:188} INFO - [2025-09-24T17:06:41.977+0000] {dag.py:3954} INFO - Setting next_dagrun for example_sensors to None, run_after=None
[2025-09-24T17:06:42.008+0000] {processor.py:183} INFO - Processing /home/airflow/.local/lib/python3.12/site-packages/airflow/example_dags/example_sensors.py took 0.116 seconds
[2025-09-24T17:07:12.951+0000] {processor.py:161} INFO - Started process (PID=3494) to work on /home/airflow/.local/lib/python3.12/site-packages/airflow/example_dags/example_sensors.py
[2025-09-24T17:07:12.952+0000] {processor.py:830} INFO - Processing file /home/airflow/.local/lib/python3.12/site-packages/airflow/example_dags/example_sensors.py for tasks to queue
[2025-09-24T17:07:12.955+0000] {logging_mixin.py:188} INFO - [2025-09-24T17:07:12.954+0000] {dagbag.py:540} INFO - Filling up the DagBag from /home/airflow/.local/lib/python3.12/site-packages/airflow/example_dags/example_sensors.py
[2025-09-24T17:07:12.968+0000] {processor.py:840} INFO - DAG(s) 'example_sensors' retrieved from /home/airflow/.local/lib/python3.12/site-packages/airflow/example_dags/example_sensors.py
[2025-09-24T17:07:13.007+0000] {logging_mixin.py:188} INFO - [2025-09-24T17:07:13.006+0000] {dag.py:3096} INFO - Sync 1 DAGs
[2025-09-24T17:07:13.026+0000] {logging_mixin.py:188} INFO - [2025-09-24T17:07:13.026+0000] {dag.py:3954} INFO - Setting next_dagrun for example_sensors to None, run_after=None
[2025-09-24T17:07:13.057+0000] {processor.py:183} INFO - Processing /home/airflow/.local/lib/python3.12/site-packages/airflow/example_dags/example_sensors.py took 0.115 seconds
[2025-09-24T17:07:43.133+0000] {processor.py:161} INFO - Started process (PID=3552) to work on /home/airflow/.local/lib/python3.12/site-packages/airflow/example_dags/example_sensors.py
[2025-09-24T17:07:43.134+0000] {processor.py:830} INFO - Processing file /home/airflow/.local/lib/python3.12/site-packages/airflow/example_dags/example_sensors.py for tasks to queue
[2025-09-24T17:07:43.137+0000] {logging_mixin.py:188} INFO - [2025-09-24T17:07:43.136+0000] {dagbag.py:540} INFO - Filling up the DagBag from /home/airflow/.local/lib/python3.12/site-packages/airflow/example_dags/example_sensors.py
[2025-09-24T17:07:43.151+0000] {processor.py:840} INFO - DAG(s) 'example_sensors' retrieved from /home/airflow/.local/lib/python3.12/site-packages/airflow/example_dags/example_sensors.py
[2025-09-24T17:07:43.196+0000] {logging_mixin.py:188} INFO - [2025-09-24T17:07:43.196+0000] {dag.py:3096} INFO - Sync 1 DAGs
[2025-09-24T17:07:43.216+0000] {logging_mixin.py:188} INFO - [2025-09-24T17:07:43.216+0000] {dag.py:3954} INFO - Setting next_dagrun for example_sensors to None, run_after=None
[2025-09-24T17:07:43.247+0000] {processor.py:183} INFO - Processing /home/airflow/.local/lib/python3.12/site-packages/airflow/example_dags/example_sensors.py took 0.124 seconds
[2025-09-24T17:08:13.855+0000] {processor.py:161} INFO - Started process (PID=3610) to work on /home/airflow/.local/lib/python3.12/site-packages/airflow/example_dags/example_sensors.py
[2025-09-24T17:08:13.857+0000] {processor.py:830} INFO - Processing file /home/airflow/.local/lib/python3.12/site-packages/airflow/example_dags/example_sensors.py for tasks to queue
[2025-09-24T17:08:13.860+0000] {logging_mixin.py:188} INFO - [2025-09-24T17:08:13.859+0000] {dagbag.py:540} INFO - Filling up the DagBag from /home/airflow/.local/lib/python3.12/site-packages/airflow/example_dags/example_sensors.py
[2025-09-24T17:08:13.874+0000] {processor.py:840} INFO - DAG(s) 'example_sensors' retrieved from /home/airflow/.local/lib/python3.12/site-packages/airflow/example_dags/example_sensors.py
[2025-09-24T17:08:13.917+0000] {logging_mixin.py:188} INFO - [2025-09-24T17:08:13.917+0000] {dag.py:3096} INFO - Sync 1 DAGs
[2025-09-24T17:08:13.938+0000] {logging_mixin.py:188} INFO - [2025-09-24T17:08:13.936+0000] {dag.py:3954} INFO - Setting next_dagrun for example_sensors to None, run_after=None
[2025-09-24T17:08:13.970+0000] {processor.py:183} INFO - Processing /home/airflow/.local/lib/python3.12/site-packages/airflow/example_dags/example_sensors.py took 0.123 seconds
[2025-09-24T17:08:44.393+0000] {processor.py:161} INFO - Started process (PID=3668) to work on /home/airflow/.local/lib/python3.12/site-packages/airflow/example_dags/example_sensors.py
[2025-09-24T17:08:44.394+0000] {processor.py:830} INFO - Processing file /home/airflow/.local/lib/python3.12/site-packages/airflow/example_dags/example_sensors.py for tasks to queue
[2025-09-24T17:08:44.397+0000] {logging_mixin.py:188} INFO - [2025-09-24T17:08:44.396+0000] {dagbag.py:540} INFO - Filling up the DagBag from /home/airflow/.local/lib/python3.12/site-packages/airflow/example_dags/example_sensors.py
[2025-09-24T17:08:44.413+0000] {processor.py:840} INFO - DAG(s) 'example_sensors' retrieved from /home/airflow/.local/lib/python3.12/site-packages/airflow/example_dags/example_sensors.py
[2025-09-24T17:08:44.457+0000] {logging_mixin.py:188} INFO - [2025-09-24T17:08:44.457+0000] {dag.py:3096} INFO - Sync 1 DAGs
[2025-09-24T17:08:44.476+0000] {logging_mixin.py:188} INFO - [2025-09-24T17:08:44.476+0000] {dag.py:3954} INFO - Setting next_dagrun for example_sensors to None, run_after=None
[2025-09-24T17:08:44.508+0000] {processor.py:183} INFO - Processing /home/airflow/.local/lib/python3.12/site-packages/airflow/example_dags/example_sensors.py took 0.124 seconds
[2025-09-24T17:09:14.634+0000] {processor.py:161} INFO - Started process (PID=3726) to work on /home/airflow/.local/lib/python3.12/site-packages/airflow/example_dags/example_sensors.py
[2025-09-24T17:09:14.636+0000] {processor.py:830} INFO - Processing file /home/airflow/.local/lib/python3.12/site-packages/airflow/example_dags/example_sensors.py for tasks to queue
[2025-09-24T17:09:14.639+0000] {logging_mixin.py:188} INFO - [2025-09-24T17:09:14.638+0000] {dagbag.py:540} INFO - Filling up the DagBag from /home/airflow/.local/lib/python3.12/site-packages/airflow/example_dags/example_sensors.py
[2025-09-24T17:09:14.654+0000] {processor.py:840} INFO - DAG(s) 'example_sensors' retrieved from /home/airflow/.local/lib/python3.12/site-packages/airflow/example_dags/example_sensors.py
[2025-09-24T17:09:14.697+0000] {logging_mixin.py:188} INFO - [2025-09-24T17:09:14.697+0000] {dag.py:3096} INFO - Sync 1 DAGs
[2025-09-24T17:09:14.716+0000] {logging_mixin.py:188} INFO - [2025-09-24T17:09:14.715+0000] {dag.py:3954} INFO - Setting next_dagrun for example_sensors to None, run_after=None
[2025-09-24T17:09:14.747+0000] {processor.py:183} INFO - Processing /home/airflow/.local/lib/python3.12/site-packages/airflow/example_dags/example_sensors.py took 0.122 seconds
[2025-09-24T17:09:44.946+0000] {processor.py:161} INFO - Started process (PID=3784) to work on /home/airflow/.local/lib/python3.12/site-packages/airflow/example_dags/example_sensors.py
[2025-09-24T17:09:44.947+0000] {processor.py:830} INFO - Processing file /home/airflow/.local/lib/python3.12/site-packages/airflow/example_dags/example_sensors.py for tasks to queue
[2025-09-24T17:09:44.950+0000] {logging_mixin.py:188} INFO - [2025-09-24T17:09:44.950+0000] {dagbag.py:540} INFO - Filling up the DagBag from /home/airflow/.local/lib/python3.12/site-packages/airflow/example_dags/example_sensors.py
[2025-09-24T17:09:44.964+0000] {processor.py:840} INFO - DAG(s) 'example_sensors' retrieved from /home/airflow/.local/lib/python3.12/site-packages/airflow/example_dags/example_sensors.py
[2025-09-24T17:09:45.002+0000] {logging_mixin.py:188} INFO - [2025-09-24T17:09:45.002+0000] {dag.py:3096} INFO - Sync 1 DAGs
[2025-09-24T17:09:45.019+0000] {logging_mixin.py:188} INFO - [2025-09-24T17:09:45.019+0000] {dag.py:3954} INFO - Setting next_dagrun for example_sensors to None, run_after=None
[2025-09-24T17:09:45.051+0000] {processor.py:183} INFO - Processing /home/airflow/.local/lib/python3.12/site-packages/airflow/example_dags/example_sensors.py took 0.114 seconds
[2025-09-24T17:10:15.453+0000] {processor.py:161} INFO - Started process (PID=3842) to work on /home/airflow/.local/lib/python3.12/site-packages/airflow/example_dags/example_sensors.py
[2025-09-24T17:10:15.454+0000] {processor.py:830} INFO - Processing file /home/airflow/.local/lib/python3.12/site-packages/airflow/example_dags/example_sensors.py for tasks to queue
[2025-09-24T17:10:15.457+0000] {logging_mixin.py:188} INFO - [2025-09-24T17:10:15.457+0000] {dagbag.py:540} INFO - Filling up the DagBag from /home/airflow/.local/lib/python3.12/site-packages/airflow/example_dags/example_sensors.py
[2025-09-24T17:10:15.471+0000] {processor.py:840} INFO - DAG(s) 'example_sensors' retrieved from /home/airflow/.local/lib/python3.12/site-packages/airflow/example_dags/example_sensors.py
[2025-09-24T17:10:15.509+0000] {logging_mixin.py:188} INFO - [2025-09-24T17:10:15.509+0000] {dag.py:3096} INFO - Sync 1 DAGs
[2025-09-24T17:10:15.528+0000] {logging_mixin.py:188} INFO - [2025-09-24T17:10:15.527+0000] {dag.py:3954} INFO - Setting next_dagrun for example_sensors to None, run_after=None
[2025-09-24T17:10:15.555+0000] {processor.py:183} INFO - Processing /home/airflow/.local/lib/python3.12/site-packages/airflow/example_dags/example_sensors.py took 0.111 seconds
[2025-09-24T17:10:45.606+0000] {processor.py:161} INFO - Started process (PID=3900) to work on /home/airflow/.local/lib/python3.12/site-packages/airflow/example_dags/example_sensors.py
[2025-09-24T17:10:45.607+0000] {processor.py:830} INFO - Processing file /home/airflow/.local/lib/python3.12/site-packages/airflow/example_dags/example_sensors.py for tasks to queue
[2025-09-24T17:10:45.610+0000] {logging_mixin.py:188} INFO - [2025-09-24T17:10:45.610+0000] {dagbag.py:540} INFO - Filling up the DagBag from /home/airflow/.local/lib/python3.12/site-packages/airflow/example_dags/example_sensors.py
[2025-09-24T17:10:45.624+0000] {processor.py:840} INFO - DAG(s) 'example_sensors' retrieved from /home/airflow/.local/lib/python3.12/site-packages/airflow/example_dags/example_sensors.py
[2025-09-24T17:10:45.663+0000] {logging_mixin.py:188} INFO - [2025-09-24T17:10:45.663+0000] {dag.py:3096} INFO - Sync 1 DAGs
[2025-09-24T17:10:45.682+0000] {logging_mixin.py:188} INFO - [2025-09-24T17:10:45.682+0000] {dag.py:3954} INFO - Setting next_dagrun for example_sensors to None, run_after=None
[2025-09-24T17:10:45.708+0000] {processor.py:183} INFO - Processing /home/airflow/.local/lib/python3.12/site-packages/airflow/example_dags/example_sensors.py took 0.112 seconds
[2025-09-24T17:11:16.423+0000] {processor.py:161} INFO - Started process (PID=3958) to work on /home/airflow/.local/lib/python3.12/site-packages/airflow/example_dags/example_sensors.py
[2025-09-24T17:11:16.424+0000] {processor.py:830} INFO - Processing file /home/airflow/.local/lib/python3.12/site-packages/airflow/example_dags/example_sensors.py for tasks to queue
[2025-09-24T17:11:16.427+0000] {logging_mixin.py:188} INFO - [2025-09-24T17:11:16.426+0000] {dagbag.py:540} INFO - Filling up the DagBag from /home/airflow/.local/lib/python3.12/site-packages/airflow/example_dags/example_sensors.py
[2025-09-24T17:11:16.441+0000] {processor.py:840} INFO - DAG(s) 'example_sensors' retrieved from /home/airflow/.local/lib/python3.12/site-packages/airflow/example_dags/example_sensors.py
[2025-09-24T17:11:16.482+0000] {logging_mixin.py:188} INFO - [2025-09-24T17:11:16.482+0000] {dag.py:3096} INFO - Sync 1 DAGs
[2025-09-24T17:11:16.502+0000] {logging_mixin.py:188} INFO - [2025-09-24T17:11:16.502+0000] {dag.py:3954} INFO - Setting next_dagrun for example_sensors to None, run_after=None
[2025-09-24T17:11:16.534+0000] {processor.py:183} INFO - Processing /home/airflow/.local/lib/python3.12/site-packages/airflow/example_dags/example_sensors.py took 0.120 seconds
[2025-09-24T17:11:46.899+0000] {processor.py:161} INFO - Started process (PID=4016) to work on /home/airflow/.local/lib/python3.12/site-packages/airflow/example_dags/example_sensors.py
[2025-09-24T17:11:46.900+0000] {processor.py:830} INFO - Processing file /home/airflow/.local/lib/python3.12/site-packages/airflow/example_dags/example_sensors.py for tasks to queue
[2025-09-24T17:11:46.903+0000] {logging_mixin.py:188} INFO - [2025-09-24T17:11:46.903+0000] {dagbag.py:540} INFO - Filling up the DagBag from /home/airflow/.local/lib/python3.12/site-packages/airflow/example_dags/example_sensors.py
[2025-09-24T17:11:46.917+0000] {processor.py:840} INFO - DAG(s) 'example_sensors' retrieved from /home/airflow/.local/lib/python3.12/site-packages/airflow/example_dags/example_sensors.py
[2025-09-24T17:11:46.960+0000] {logging_mixin.py:188} INFO - [2025-09-24T17:11:46.960+0000] {dag.py:3096} INFO - Sync 1 DAGs
[2025-09-24T17:11:46.978+0000] {logging_mixin.py:188} INFO - [2025-09-24T17:11:46.978+0000] {dag.py:3954} INFO - Setting next_dagrun for example_sensors to None, run_after=None
[2025-09-24T17:11:47.004+0000] {processor.py:183} INFO - Processing /home/airflow/.local/lib/python3.12/site-packages/airflow/example_dags/example_sensors.py took 0.115 seconds
[2025-09-24T17:12:17.571+0000] {processor.py:161} INFO - Started process (PID=4074) to work on /home/airflow/.local/lib/python3.12/site-packages/airflow/example_dags/example_sensors.py
[2025-09-24T17:12:17.573+0000] {processor.py:830} INFO - Processing file /home/airflow/.local/lib/python3.12/site-packages/airflow/example_dags/example_sensors.py for tasks to queue
[2025-09-24T17:12:17.576+0000] {logging_mixin.py:188} INFO - [2025-09-24T17:12:17.575+0000] {dagbag.py:540} INFO - Filling up the DagBag from /home/airflow/.local/lib/python3.12/site-packages/airflow/example_dags/example_sensors.py
[2025-09-24T17:12:17.590+0000] {processor.py:840} INFO - DAG(s) 'example_sensors' retrieved from /home/airflow/.local/lib/python3.12/site-packages/airflow/example_dags/example_sensors.py
[2025-09-24T17:12:17.632+0000] {logging_mixin.py:188} INFO - [2025-09-24T17:12:17.632+0000] {dag.py:3096} INFO - Sync 1 DAGs
[2025-09-24T17:12:17.652+0000] {logging_mixin.py:188} INFO - [2025-09-24T17:12:17.652+0000] {dag.py:3954} INFO - Setting next_dagrun for example_sensors to None, run_after=None
[2025-09-24T17:12:17.684+0000] {processor.py:183} INFO - Processing /home/airflow/.local/lib/python3.12/site-packages/airflow/example_dags/example_sensors.py took 0.123 seconds
[2025-09-24T17:12:48.123+0000] {processor.py:161} INFO - Started process (PID=4132) to work on /home/airflow/.local/lib/python3.12/site-packages/airflow/example_dags/example_sensors.py
[2025-09-24T17:12:48.124+0000] {processor.py:830} INFO - Processing file /home/airflow/.local/lib/python3.12/site-packages/airflow/example_dags/example_sensors.py for tasks to queue
[2025-09-24T17:12:48.128+0000] {logging_mixin.py:188} INFO - [2025-09-24T17:12:48.127+0000] {dagbag.py:540} INFO - Filling up the DagBag from /home/airflow/.local/lib/python3.12/site-packages/airflow/example_dags/example_sensors.py
[2025-09-24T17:12:48.145+0000] {processor.py:840} INFO - DAG(s) 'example_sensors' retrieved from /home/airflow/.local/lib/python3.12/site-packages/airflow/example_dags/example_sensors.py
[2025-09-24T17:12:48.210+0000] {logging_mixin.py:188} INFO - [2025-09-24T17:12:48.209+0000] {dag.py:3096} INFO - Sync 1 DAGs
[2025-09-24T17:12:48.240+0000] {logging_mixin.py:188} INFO - [2025-09-24T17:12:48.239+0000] {dag.py:3954} INFO - Setting next_dagrun for example_sensors to None, run_after=None
[2025-09-24T17:12:48.274+0000] {processor.py:183} INFO - Processing /home/airflow/.local/lib/python3.12/site-packages/airflow/example_dags/example_sensors.py took 0.160 seconds
[2025-09-24T17:13:18.656+0000] {processor.py:161} INFO - Started process (PID=4190) to work on /home/airflow/.local/lib/python3.12/site-packages/airflow/example_dags/example_sensors.py
[2025-09-24T17:13:18.658+0000] {processor.py:830} INFO - Processing file /home/airflow/.local/lib/python3.12/site-packages/airflow/example_dags/example_sensors.py for tasks to queue
[2025-09-24T17:13:18.662+0000] {logging_mixin.py:188} INFO - [2025-09-24T17:13:18.662+0000] {dagbag.py:540} INFO - Filling up the DagBag from /home/airflow/.local/lib/python3.12/site-packages/airflow/example_dags/example_sensors.py
[2025-09-24T17:13:18.677+0000] {processor.py:840} INFO - DAG(s) 'example_sensors' retrieved from /home/airflow/.local/lib/python3.12/site-packages/airflow/example_dags/example_sensors.py
[2025-09-24T17:13:18.716+0000] {logging_mixin.py:188} INFO - [2025-09-24T17:13:18.715+0000] {dag.py:3096} INFO - Sync 1 DAGs
[2025-09-24T17:13:18.734+0000] {logging_mixin.py:188} INFO - [2025-09-24T17:13:18.734+0000] {dag.py:3954} INFO - Setting next_dagrun for example_sensors to None, run_after=None
[2025-09-24T17:13:18.763+0000] {processor.py:183} INFO - Processing /home/airflow/.local/lib/python3.12/site-packages/airflow/example_dags/example_sensors.py took 0.116 seconds
[2025-09-24T17:13:49.087+0000] {processor.py:161} INFO - Started process (PID=4248) to work on /home/airflow/.local/lib/python3.12/site-packages/airflow/example_dags/example_sensors.py
[2025-09-24T17:13:49.088+0000] {processor.py:830} INFO - Processing file /home/airflow/.local/lib/python3.12/site-packages/airflow/example_dags/example_sensors.py for tasks to queue
[2025-09-24T17:13:49.090+0000] {logging_mixin.py:188} INFO - [2025-09-24T17:13:49.090+0000] {dagbag.py:540} INFO - Filling up the DagBag from /home/airflow/.local/lib/python3.12/site-packages/airflow/example_dags/example_sensors.py
[2025-09-24T17:13:49.102+0000] {processor.py:840} INFO - DAG(s) 'example_sensors' retrieved from /home/airflow/.local/lib/python3.12/site-packages/airflow/example_dags/example_sensors.py
[2025-09-24T17:13:49.136+0000] {logging_mixin.py:188} INFO - [2025-09-24T17:13:49.136+0000] {dag.py:3096} INFO - Sync 1 DAGs
[2025-09-24T17:13:49.153+0000] {logging_mixin.py:188} INFO - [2025-09-24T17:13:49.153+0000] {dag.py:3954} INFO - Setting next_dagrun for example_sensors to None, run_after=None
[2025-09-24T17:13:49.178+0000] {processor.py:183} INFO - Processing /home/airflow/.local/lib/python3.12/site-packages/airflow/example_dags/example_sensors.py took 0.099 seconds
[2025-09-24T17:14:19.401+0000] {processor.py:161} INFO - Started process (PID=4306) to work on /home/airflow/.local/lib/python3.12/site-packages/airflow/example_dags/example_sensors.py
[2025-09-24T17:14:19.402+0000] {processor.py:830} INFO - Processing file /home/airflow/.local/lib/python3.12/site-packages/airflow/example_dags/example_sensors.py for tasks to queue
[2025-09-24T17:14:19.405+0000] {logging_mixin.py:188} INFO - [2025-09-24T17:14:19.404+0000] {dagbag.py:540} INFO - Filling up the DagBag from /home/airflow/.local/lib/python3.12/site-packages/airflow/example_dags/example_sensors.py
[2025-09-24T17:14:19.420+0000] {processor.py:840} INFO - DAG(s) 'example_sensors' retrieved from /home/airflow/.local/lib/python3.12/site-packages/airflow/example_dags/example_sensors.py
[2025-09-24T17:14:19.456+0000] {logging_mixin.py:188} INFO - [2025-09-24T17:14:19.456+0000] {dag.py:3096} INFO - Sync 1 DAGs
[2025-09-24T17:14:19.473+0000] {logging_mixin.py:188} INFO - [2025-09-24T17:14:19.473+0000] {dag.py:3954} INFO - Setting next_dagrun for example_sensors to None, run_after=None
[2025-09-24T17:14:19.500+0000] {processor.py:183} INFO - Processing /home/airflow/.local/lib/python3.12/site-packages/airflow/example_dags/example_sensors.py took 0.109 seconds
[2025-09-24T17:18:10.890+0000] {processor.py:161} INFO - Started process (PID=4322) to work on /home/airflow/.local/lib/python3.12/site-packages/airflow/example_dags/example_sensors.py
[2025-09-24T17:18:10.895+0000] {processor.py:830} INFO - Processing file /home/airflow/.local/lib/python3.12/site-packages/airflow/example_dags/example_sensors.py for tasks to queue
[2025-09-24T17:18:10.900+0000] {logging_mixin.py:188} INFO - [2025-09-24T17:18:10.899+0000] {dagbag.py:540} INFO - Filling up the DagBag from /home/airflow/.local/lib/python3.12/site-packages/airflow/example_dags/example_sensors.py
[2025-09-24T17:18:10.924+0000] {processor.py:840} INFO - DAG(s) 'example_sensors' retrieved from /home/airflow/.local/lib/python3.12/site-packages/airflow/example_dags/example_sensors.py
[2025-09-24T17:18:11.001+0000] {logging_mixin.py:188} INFO - [2025-09-24T17:18:11.001+0000] {dag.py:3096} INFO - Sync 1 DAGs
[2025-09-24T17:18:11.039+0000] {logging_mixin.py:188} INFO - [2025-09-24T17:18:11.039+0000] {dag.py:3954} INFO - Setting next_dagrun for example_sensors to None, run_after=None
[2025-09-24T17:18:11.091+0000] {processor.py:183} INFO - Processing /home/airflow/.local/lib/python3.12/site-packages/airflow/example_dags/example_sensors.py took 0.222 seconds
