[2025-09-24T16:37:18.195+0000] {processor.py:161} INFO - Started process (PID=100) to work on /home/airflow/.local/lib/python3.12/site-packages/airflow/example_dags/example_sla_dag.py
[2025-09-24T16:37:18.197+0000] {processor.py:830} INFO - Processing file /home/airflow/.local/lib/python3.12/site-packages/airflow/example_dags/example_sla_dag.py for tasks to queue
[2025-09-24T16:37:18.199+0000] {logging_mixin.py:188} INFO - [2025-09-24T16:37:18.199+0000] {dagbag.py:540} INFO - Filling up the DagBag from /home/airflow/.local/lib/python3.12/site-packages/airflow/example_dags/example_sla_dag.py
[2025-09-24T16:37:18.214+0000] {processor.py:840} INFO - DAG(s) 'example_sla_dag' retrieved from /home/airflow/.local/lib/python3.12/site-packages/airflow/example_dags/example_sla_dag.py
[2025-09-24T16:37:18.357+0000] {logging_mixin.py:188} INFO - [2025-09-24T16:37:18.357+0000] {dag.py:3096} INFO - Sync 1 DAGs
[2025-09-24T16:37:18.385+0000] {logging_mixin.py:188} INFO - [2025-09-24T16:37:18.385+0000] {dag.py:3954} INFO - Setting next_dagrun for example_sla_dag to 2025-09-24 16:34:00+00:00, run_after=2025-09-24 16:36:00+00:00
[2025-09-24T16:37:18.409+0000] {processor.py:183} INFO - Processing /home/airflow/.local/lib/python3.12/site-packages/airflow/example_dags/example_sla_dag.py took 0.224 seconds
[2025-09-24T16:37:49.102+0000] {processor.py:161} INFO - Started process (PID=158) to work on /home/airflow/.local/lib/python3.12/site-packages/airflow/example_dags/example_sla_dag.py
[2025-09-24T16:37:49.103+0000] {processor.py:830} INFO - Processing file /home/airflow/.local/lib/python3.12/site-packages/airflow/example_dags/example_sla_dag.py for tasks to queue
[2025-09-24T16:37:49.107+0000] {logging_mixin.py:188} INFO - [2025-09-24T16:37:49.107+0000] {dagbag.py:540} INFO - Filling up the DagBag from /home/airflow/.local/lib/python3.12/site-packages/airflow/example_dags/example_sla_dag.py
[2025-09-24T16:37:49.121+0000] {processor.py:840} INFO - DAG(s) 'example_sla_dag' retrieved from /home/airflow/.local/lib/python3.12/site-packages/airflow/example_dags/example_sla_dag.py
[2025-09-24T16:37:49.155+0000] {logging_mixin.py:188} INFO - [2025-09-24T16:37:49.154+0000] {dag.py:3096} INFO - Sync 1 DAGs
[2025-09-24T16:37:49.195+0000] {logging_mixin.py:188} INFO - [2025-09-24T16:37:49.195+0000] {dag.py:3954} INFO - Setting next_dagrun for example_sla_dag to 2025-09-24 16:34:00+00:00, run_after=2025-09-24 16:36:00+00:00
[2025-09-24T16:37:49.220+0000] {processor.py:183} INFO - Processing /home/airflow/.local/lib/python3.12/site-packages/airflow/example_dags/example_sla_dag.py took 0.127 seconds
[2025-09-24T16:38:19.356+0000] {processor.py:161} INFO - Started process (PID=216) to work on /home/airflow/.local/lib/python3.12/site-packages/airflow/example_dags/example_sla_dag.py
[2025-09-24T16:38:19.357+0000] {processor.py:830} INFO - Processing file /home/airflow/.local/lib/python3.12/site-packages/airflow/example_dags/example_sla_dag.py for tasks to queue
[2025-09-24T16:38:19.360+0000] {logging_mixin.py:188} INFO - [2025-09-24T16:38:19.359+0000] {dagbag.py:540} INFO - Filling up the DagBag from /home/airflow/.local/lib/python3.12/site-packages/airflow/example_dags/example_sla_dag.py
[2025-09-24T16:38:19.371+0000] {processor.py:840} INFO - DAG(s) 'example_sla_dag' retrieved from /home/airflow/.local/lib/python3.12/site-packages/airflow/example_dags/example_sla_dag.py
[2025-09-24T16:38:19.395+0000] {logging_mixin.py:188} INFO - [2025-09-24T16:38:19.395+0000] {dag.py:3096} INFO - Sync 1 DAGs
[2025-09-24T16:38:19.424+0000] {logging_mixin.py:188} INFO - [2025-09-24T16:38:19.424+0000] {dag.py:3954} INFO - Setting next_dagrun for example_sla_dag to 2025-09-24 16:36:00+00:00, run_after=2025-09-24 16:38:00+00:00
[2025-09-24T16:38:19.447+0000] {processor.py:183} INFO - Processing /home/airflow/.local/lib/python3.12/site-packages/airflow/example_dags/example_sla_dag.py took 0.098 seconds
[2025-09-24T16:38:49.795+0000] {processor.py:161} INFO - Started process (PID=274) to work on /home/airflow/.local/lib/python3.12/site-packages/airflow/example_dags/example_sla_dag.py
[2025-09-24T16:38:49.796+0000] {processor.py:830} INFO - Processing file /home/airflow/.local/lib/python3.12/site-packages/airflow/example_dags/example_sla_dag.py for tasks to queue
[2025-09-24T16:38:49.799+0000] {logging_mixin.py:188} INFO - [2025-09-24T16:38:49.798+0000] {dagbag.py:540} INFO - Filling up the DagBag from /home/airflow/.local/lib/python3.12/site-packages/airflow/example_dags/example_sla_dag.py
[2025-09-24T16:38:49.810+0000] {processor.py:840} INFO - DAG(s) 'example_sla_dag' retrieved from /home/airflow/.local/lib/python3.12/site-packages/airflow/example_dags/example_sla_dag.py
[2025-09-24T16:38:49.834+0000] {logging_mixin.py:188} INFO - [2025-09-24T16:38:49.834+0000] {dag.py:3096} INFO - Sync 1 DAGs
[2025-09-24T16:38:49.864+0000] {logging_mixin.py:188} INFO - [2025-09-24T16:38:49.863+0000] {dag.py:3954} INFO - Setting next_dagrun for example_sla_dag to 2025-09-24 16:36:00+00:00, run_after=2025-09-24 16:38:00+00:00
[2025-09-24T16:38:49.885+0000] {processor.py:183} INFO - Processing /home/airflow/.local/lib/python3.12/site-packages/airflow/example_dags/example_sla_dag.py took 0.098 seconds
[2025-09-24T16:39:20.168+0000] {processor.py:161} INFO - Started process (PID=332) to work on /home/airflow/.local/lib/python3.12/site-packages/airflow/example_dags/example_sla_dag.py
[2025-09-24T16:39:20.170+0000] {processor.py:830} INFO - Processing file /home/airflow/.local/lib/python3.12/site-packages/airflow/example_dags/example_sla_dag.py for tasks to queue
[2025-09-24T16:39:20.172+0000] {logging_mixin.py:188} INFO - [2025-09-24T16:39:20.171+0000] {dagbag.py:540} INFO - Filling up the DagBag from /home/airflow/.local/lib/python3.12/site-packages/airflow/example_dags/example_sla_dag.py
[2025-09-24T16:39:20.182+0000] {processor.py:840} INFO - DAG(s) 'example_sla_dag' retrieved from /home/airflow/.local/lib/python3.12/site-packages/airflow/example_dags/example_sla_dag.py
[2025-09-24T16:39:20.206+0000] {logging_mixin.py:188} INFO - [2025-09-24T16:39:20.205+0000] {dag.py:3096} INFO - Sync 1 DAGs
[2025-09-24T16:39:20.234+0000] {logging_mixin.py:188} INFO - [2025-09-24T16:39:20.234+0000] {dag.py:3954} INFO - Setting next_dagrun for example_sla_dag to 2025-09-24 16:36:00+00:00, run_after=2025-09-24 16:38:00+00:00
[2025-09-24T16:39:20.256+0000] {processor.py:183} INFO - Processing /home/airflow/.local/lib/python3.12/site-packages/airflow/example_dags/example_sla_dag.py took 0.094 seconds
[2025-09-24T16:39:50.837+0000] {processor.py:161} INFO - Started process (PID=390) to work on /home/airflow/.local/lib/python3.12/site-packages/airflow/example_dags/example_sla_dag.py
[2025-09-24T16:39:50.838+0000] {processor.py:830} INFO - Processing file /home/airflow/.local/lib/python3.12/site-packages/airflow/example_dags/example_sla_dag.py for tasks to queue
[2025-09-24T16:39:50.841+0000] {logging_mixin.py:188} INFO - [2025-09-24T16:39:50.841+0000] {dagbag.py:540} INFO - Filling up the DagBag from /home/airflow/.local/lib/python3.12/site-packages/airflow/example_dags/example_sla_dag.py
[2025-09-24T16:39:50.854+0000] {processor.py:840} INFO - DAG(s) 'example_sla_dag' retrieved from /home/airflow/.local/lib/python3.12/site-packages/airflow/example_dags/example_sla_dag.py
[2025-09-24T16:39:50.883+0000] {logging_mixin.py:188} INFO - [2025-09-24T16:39:50.882+0000] {dag.py:3096} INFO - Sync 1 DAGs
[2025-09-24T16:39:50.918+0000] {logging_mixin.py:188} INFO - [2025-09-24T16:39:50.917+0000] {dag.py:3954} INFO - Setting next_dagrun for example_sla_dag to 2025-09-24 16:36:00+00:00, run_after=2025-09-24 16:38:00+00:00
[2025-09-24T16:39:50.944+0000] {processor.py:183} INFO - Processing /home/airflow/.local/lib/python3.12/site-packages/airflow/example_dags/example_sla_dag.py took 0.116 seconds
[2025-09-24T16:40:21.279+0000] {processor.py:161} INFO - Started process (PID=448) to work on /home/airflow/.local/lib/python3.12/site-packages/airflow/example_dags/example_sla_dag.py
[2025-09-24T16:40:21.280+0000] {processor.py:830} INFO - Processing file /home/airflow/.local/lib/python3.12/site-packages/airflow/example_dags/example_sla_dag.py for tasks to queue
[2025-09-24T16:40:21.282+0000] {logging_mixin.py:188} INFO - [2025-09-24T16:40:21.282+0000] {dagbag.py:540} INFO - Filling up the DagBag from /home/airflow/.local/lib/python3.12/site-packages/airflow/example_dags/example_sla_dag.py
[2025-09-24T16:40:21.292+0000] {processor.py:840} INFO - DAG(s) 'example_sla_dag' retrieved from /home/airflow/.local/lib/python3.12/site-packages/airflow/example_dags/example_sla_dag.py
[2025-09-24T16:40:21.317+0000] {logging_mixin.py:188} INFO - [2025-09-24T16:40:21.317+0000] {dag.py:3096} INFO - Sync 1 DAGs
[2025-09-24T16:40:21.346+0000] {logging_mixin.py:188} INFO - [2025-09-24T16:40:21.346+0000] {dag.py:3954} INFO - Setting next_dagrun for example_sla_dag to 2025-09-24 16:38:00+00:00, run_after=2025-09-24 16:40:00+00:00
[2025-09-24T16:40:21.370+0000] {processor.py:183} INFO - Processing /home/airflow/.local/lib/python3.12/site-packages/airflow/example_dags/example_sla_dag.py took 0.098 seconds
[2025-09-24T16:40:51.648+0000] {processor.py:161} INFO - Started process (PID=506) to work on /home/airflow/.local/lib/python3.12/site-packages/airflow/example_dags/example_sla_dag.py
[2025-09-24T16:40:51.649+0000] {processor.py:830} INFO - Processing file /home/airflow/.local/lib/python3.12/site-packages/airflow/example_dags/example_sla_dag.py for tasks to queue
[2025-09-24T16:40:51.651+0000] {logging_mixin.py:188} INFO - [2025-09-24T16:40:51.651+0000] {dagbag.py:540} INFO - Filling up the DagBag from /home/airflow/.local/lib/python3.12/site-packages/airflow/example_dags/example_sla_dag.py
[2025-09-24T16:40:51.662+0000] {processor.py:840} INFO - DAG(s) 'example_sla_dag' retrieved from /home/airflow/.local/lib/python3.12/site-packages/airflow/example_dags/example_sla_dag.py
[2025-09-24T16:40:51.686+0000] {logging_mixin.py:188} INFO - [2025-09-24T16:40:51.686+0000] {dag.py:3096} INFO - Sync 1 DAGs
[2025-09-24T16:40:51.715+0000] {logging_mixin.py:188} INFO - [2025-09-24T16:40:51.715+0000] {dag.py:3954} INFO - Setting next_dagrun for example_sla_dag to 2025-09-24 16:38:00+00:00, run_after=2025-09-24 16:40:00+00:00
[2025-09-24T16:40:51.738+0000] {processor.py:183} INFO - Processing /home/airflow/.local/lib/python3.12/site-packages/airflow/example_dags/example_sla_dag.py took 0.097 seconds
[2025-09-24T16:41:22.055+0000] {processor.py:161} INFO - Started process (PID=564) to work on /home/airflow/.local/lib/python3.12/site-packages/airflow/example_dags/example_sla_dag.py
[2025-09-24T16:41:22.056+0000] {processor.py:830} INFO - Processing file /home/airflow/.local/lib/python3.12/site-packages/airflow/example_dags/example_sla_dag.py for tasks to queue
[2025-09-24T16:41:22.059+0000] {logging_mixin.py:188} INFO - [2025-09-24T16:41:22.058+0000] {dagbag.py:540} INFO - Filling up the DagBag from /home/airflow/.local/lib/python3.12/site-packages/airflow/example_dags/example_sla_dag.py
[2025-09-24T16:41:22.069+0000] {processor.py:840} INFO - DAG(s) 'example_sla_dag' retrieved from /home/airflow/.local/lib/python3.12/site-packages/airflow/example_dags/example_sla_dag.py
[2025-09-24T16:41:22.092+0000] {logging_mixin.py:188} INFO - [2025-09-24T16:41:22.092+0000] {dag.py:3096} INFO - Sync 1 DAGs
[2025-09-24T16:41:22.121+0000] {logging_mixin.py:188} INFO - [2025-09-24T16:41:22.121+0000] {dag.py:3954} INFO - Setting next_dagrun for example_sla_dag to 2025-09-24 16:38:00+00:00, run_after=2025-09-24 16:40:00+00:00
[2025-09-24T16:41:22.144+0000] {processor.py:183} INFO - Processing /home/airflow/.local/lib/python3.12/site-packages/airflow/example_dags/example_sla_dag.py took 0.096 seconds
[2025-09-24T16:41:52.532+0000] {processor.py:161} INFO - Started process (PID=622) to work on /home/airflow/.local/lib/python3.12/site-packages/airflow/example_dags/example_sla_dag.py
[2025-09-24T16:41:52.533+0000] {processor.py:830} INFO - Processing file /home/airflow/.local/lib/python3.12/site-packages/airflow/example_dags/example_sla_dag.py for tasks to queue
[2025-09-24T16:41:52.536+0000] {logging_mixin.py:188} INFO - [2025-09-24T16:41:52.535+0000] {dagbag.py:540} INFO - Filling up the DagBag from /home/airflow/.local/lib/python3.12/site-packages/airflow/example_dags/example_sla_dag.py
[2025-09-24T16:41:52.548+0000] {processor.py:840} INFO - DAG(s) 'example_sla_dag' retrieved from /home/airflow/.local/lib/python3.12/site-packages/airflow/example_dags/example_sla_dag.py
[2025-09-24T16:41:52.572+0000] {logging_mixin.py:188} INFO - [2025-09-24T16:41:52.572+0000] {dag.py:3096} INFO - Sync 1 DAGs
[2025-09-24T16:41:52.602+0000] {logging_mixin.py:188} INFO - [2025-09-24T16:41:52.602+0000] {dag.py:3954} INFO - Setting next_dagrun for example_sla_dag to 2025-09-24 16:38:00+00:00, run_after=2025-09-24 16:40:00+00:00
[2025-09-24T16:41:52.624+0000] {processor.py:183} INFO - Processing /home/airflow/.local/lib/python3.12/site-packages/airflow/example_dags/example_sla_dag.py took 0.100 seconds
[2025-09-24T16:42:22.824+0000] {processor.py:161} INFO - Started process (PID=680) to work on /home/airflow/.local/lib/python3.12/site-packages/airflow/example_dags/example_sla_dag.py
[2025-09-24T16:42:22.825+0000] {processor.py:830} INFO - Processing file /home/airflow/.local/lib/python3.12/site-packages/airflow/example_dags/example_sla_dag.py for tasks to queue
[2025-09-24T16:42:22.827+0000] {logging_mixin.py:188} INFO - [2025-09-24T16:42:22.827+0000] {dagbag.py:540} INFO - Filling up the DagBag from /home/airflow/.local/lib/python3.12/site-packages/airflow/example_dags/example_sla_dag.py
[2025-09-24T16:42:22.837+0000] {processor.py:840} INFO - DAG(s) 'example_sla_dag' retrieved from /home/airflow/.local/lib/python3.12/site-packages/airflow/example_dags/example_sla_dag.py
[2025-09-24T16:42:22.861+0000] {logging_mixin.py:188} INFO - [2025-09-24T16:42:22.860+0000] {dag.py:3096} INFO - Sync 1 DAGs
[2025-09-24T16:42:22.889+0000] {logging_mixin.py:188} INFO - [2025-09-24T16:42:22.889+0000] {dag.py:3954} INFO - Setting next_dagrun for example_sla_dag to 2025-09-24 16:40:00+00:00, run_after=2025-09-24 16:42:00+00:00
[2025-09-24T16:42:22.911+0000] {processor.py:183} INFO - Processing /home/airflow/.local/lib/python3.12/site-packages/airflow/example_dags/example_sla_dag.py took 0.094 seconds
[2025-09-24T16:42:53.211+0000] {processor.py:161} INFO - Started process (PID=738) to work on /home/airflow/.local/lib/python3.12/site-packages/airflow/example_dags/example_sla_dag.py
[2025-09-24T16:42:53.213+0000] {processor.py:830} INFO - Processing file /home/airflow/.local/lib/python3.12/site-packages/airflow/example_dags/example_sla_dag.py for tasks to queue
[2025-09-24T16:42:53.215+0000] {logging_mixin.py:188} INFO - [2025-09-24T16:42:53.214+0000] {dagbag.py:540} INFO - Filling up the DagBag from /home/airflow/.local/lib/python3.12/site-packages/airflow/example_dags/example_sla_dag.py
[2025-09-24T16:42:53.225+0000] {processor.py:840} INFO - DAG(s) 'example_sla_dag' retrieved from /home/airflow/.local/lib/python3.12/site-packages/airflow/example_dags/example_sla_dag.py
[2025-09-24T16:42:53.249+0000] {logging_mixin.py:188} INFO - [2025-09-24T16:42:53.249+0000] {dag.py:3096} INFO - Sync 1 DAGs
[2025-09-24T16:42:53.278+0000] {logging_mixin.py:188} INFO - [2025-09-24T16:42:53.278+0000] {dag.py:3954} INFO - Setting next_dagrun for example_sla_dag to 2025-09-24 16:40:00+00:00, run_after=2025-09-24 16:42:00+00:00
[2025-09-24T16:42:53.299+0000] {processor.py:183} INFO - Processing /home/airflow/.local/lib/python3.12/site-packages/airflow/example_dags/example_sla_dag.py took 0.094 seconds
[2025-09-24T16:43:23.638+0000] {processor.py:161} INFO - Started process (PID=796) to work on /home/airflow/.local/lib/python3.12/site-packages/airflow/example_dags/example_sla_dag.py
[2025-09-24T16:43:23.639+0000] {processor.py:830} INFO - Processing file /home/airflow/.local/lib/python3.12/site-packages/airflow/example_dags/example_sla_dag.py for tasks to queue
[2025-09-24T16:43:23.642+0000] {logging_mixin.py:188} INFO - [2025-09-24T16:43:23.641+0000] {dagbag.py:540} INFO - Filling up the DagBag from /home/airflow/.local/lib/python3.12/site-packages/airflow/example_dags/example_sla_dag.py
[2025-09-24T16:43:23.653+0000] {processor.py:840} INFO - DAG(s) 'example_sla_dag' retrieved from /home/airflow/.local/lib/python3.12/site-packages/airflow/example_dags/example_sla_dag.py
[2025-09-24T16:43:23.678+0000] {logging_mixin.py:188} INFO - [2025-09-24T16:43:23.678+0000] {dag.py:3096} INFO - Sync 1 DAGs
[2025-09-24T16:43:23.708+0000] {logging_mixin.py:188} INFO - [2025-09-24T16:43:23.708+0000] {dag.py:3954} INFO - Setting next_dagrun for example_sla_dag to 2025-09-24 16:40:00+00:00, run_after=2025-09-24 16:42:00+00:00
[2025-09-24T16:43:23.729+0000] {processor.py:183} INFO - Processing /home/airflow/.local/lib/python3.12/site-packages/airflow/example_dags/example_sla_dag.py took 0.099 seconds
[2025-09-24T16:43:53.983+0000] {processor.py:161} INFO - Started process (PID=854) to work on /home/airflow/.local/lib/python3.12/site-packages/airflow/example_dags/example_sla_dag.py
[2025-09-24T16:43:53.984+0000] {processor.py:830} INFO - Processing file /home/airflow/.local/lib/python3.12/site-packages/airflow/example_dags/example_sla_dag.py for tasks to queue
[2025-09-24T16:43:53.986+0000] {logging_mixin.py:188} INFO - [2025-09-24T16:43:53.986+0000] {dagbag.py:540} INFO - Filling up the DagBag from /home/airflow/.local/lib/python3.12/site-packages/airflow/example_dags/example_sla_dag.py
[2025-09-24T16:43:53.997+0000] {processor.py:840} INFO - DAG(s) 'example_sla_dag' retrieved from /home/airflow/.local/lib/python3.12/site-packages/airflow/example_dags/example_sla_dag.py
[2025-09-24T16:43:54.027+0000] {logging_mixin.py:188} INFO - [2025-09-24T16:43:54.026+0000] {dag.py:3096} INFO - Sync 1 DAGs
[2025-09-24T16:43:54.059+0000] {logging_mixin.py:188} INFO - [2025-09-24T16:43:54.059+0000] {dag.py:3954} INFO - Setting next_dagrun for example_sla_dag to 2025-09-24 16:40:00+00:00, run_after=2025-09-24 16:42:00+00:00
[2025-09-24T16:43:54.085+0000] {processor.py:183} INFO - Processing /home/airflow/.local/lib/python3.12/site-packages/airflow/example_dags/example_sla_dag.py took 0.110 seconds
[2025-09-24T16:44:24.425+0000] {processor.py:161} INFO - Started process (PID=912) to work on /home/airflow/.local/lib/python3.12/site-packages/airflow/example_dags/example_sla_dag.py
[2025-09-24T16:44:24.426+0000] {processor.py:830} INFO - Processing file /home/airflow/.local/lib/python3.12/site-packages/airflow/example_dags/example_sla_dag.py for tasks to queue
[2025-09-24T16:44:24.429+0000] {logging_mixin.py:188} INFO - [2025-09-24T16:44:24.428+0000] {dagbag.py:540} INFO - Filling up the DagBag from /home/airflow/.local/lib/python3.12/site-packages/airflow/example_dags/example_sla_dag.py
[2025-09-24T16:44:24.440+0000] {processor.py:840} INFO - DAG(s) 'example_sla_dag' retrieved from /home/airflow/.local/lib/python3.12/site-packages/airflow/example_dags/example_sla_dag.py
[2025-09-24T16:44:24.465+0000] {logging_mixin.py:188} INFO - [2025-09-24T16:44:24.465+0000] {dag.py:3096} INFO - Sync 1 DAGs
[2025-09-24T16:44:24.494+0000] {logging_mixin.py:188} INFO - [2025-09-24T16:44:24.493+0000] {dag.py:3954} INFO - Setting next_dagrun for example_sla_dag to 2025-09-24 16:42:00+00:00, run_after=2025-09-24 16:44:00+00:00
[2025-09-24T16:44:24.515+0000] {processor.py:183} INFO - Processing /home/airflow/.local/lib/python3.12/site-packages/airflow/example_dags/example_sla_dag.py took 0.098 seconds
[2025-09-24T16:44:55.033+0000] {processor.py:161} INFO - Started process (PID=970) to work on /home/airflow/.local/lib/python3.12/site-packages/airflow/example_dags/example_sla_dag.py
[2025-09-24T16:44:55.034+0000] {processor.py:830} INFO - Processing file /home/airflow/.local/lib/python3.12/site-packages/airflow/example_dags/example_sla_dag.py for tasks to queue
[2025-09-24T16:44:55.038+0000] {logging_mixin.py:188} INFO - [2025-09-24T16:44:55.037+0000] {dagbag.py:540} INFO - Filling up the DagBag from /home/airflow/.local/lib/python3.12/site-packages/airflow/example_dags/example_sla_dag.py
[2025-09-24T16:44:55.051+0000] {processor.py:840} INFO - DAG(s) 'example_sla_dag' retrieved from /home/airflow/.local/lib/python3.12/site-packages/airflow/example_dags/example_sla_dag.py
[2025-09-24T16:44:55.085+0000] {logging_mixin.py:188} INFO - [2025-09-24T16:44:55.085+0000] {dag.py:3096} INFO - Sync 1 DAGs
[2025-09-24T16:44:55.123+0000] {logging_mixin.py:188} INFO - [2025-09-24T16:44:55.123+0000] {dag.py:3954} INFO - Setting next_dagrun for example_sla_dag to 2025-09-24 16:42:00+00:00, run_after=2025-09-24 16:44:00+00:00
[2025-09-24T16:44:55.152+0000] {processor.py:183} INFO - Processing /home/airflow/.local/lib/python3.12/site-packages/airflow/example_dags/example_sla_dag.py took 0.128 seconds
[2025-09-24T16:45:25.366+0000] {processor.py:161} INFO - Started process (PID=1028) to work on /home/airflow/.local/lib/python3.12/site-packages/airflow/example_dags/example_sla_dag.py
[2025-09-24T16:45:25.367+0000] {processor.py:830} INFO - Processing file /home/airflow/.local/lib/python3.12/site-packages/airflow/example_dags/example_sla_dag.py for tasks to queue
[2025-09-24T16:45:25.369+0000] {logging_mixin.py:188} INFO - [2025-09-24T16:45:25.369+0000] {dagbag.py:540} INFO - Filling up the DagBag from /home/airflow/.local/lib/python3.12/site-packages/airflow/example_dags/example_sla_dag.py
[2025-09-24T16:45:25.381+0000] {processor.py:840} INFO - DAG(s) 'example_sla_dag' retrieved from /home/airflow/.local/lib/python3.12/site-packages/airflow/example_dags/example_sla_dag.py
[2025-09-24T16:45:25.407+0000] {logging_mixin.py:188} INFO - [2025-09-24T16:45:25.406+0000] {dag.py:3096} INFO - Sync 1 DAGs
[2025-09-24T16:45:25.439+0000] {logging_mixin.py:188} INFO - [2025-09-24T16:45:25.438+0000] {dag.py:3954} INFO - Setting next_dagrun for example_sla_dag to 2025-09-24 16:42:00+00:00, run_after=2025-09-24 16:44:00+00:00
[2025-09-24T16:45:25.462+0000] {processor.py:183} INFO - Processing /home/airflow/.local/lib/python3.12/site-packages/airflow/example_dags/example_sla_dag.py took 0.104 seconds
[2025-09-24T16:45:55.780+0000] {processor.py:161} INFO - Started process (PID=1086) to work on /home/airflow/.local/lib/python3.12/site-packages/airflow/example_dags/example_sla_dag.py
[2025-09-24T16:45:55.781+0000] {processor.py:830} INFO - Processing file /home/airflow/.local/lib/python3.12/site-packages/airflow/example_dags/example_sla_dag.py for tasks to queue
[2025-09-24T16:45:55.783+0000] {logging_mixin.py:188} INFO - [2025-09-24T16:45:55.783+0000] {dagbag.py:540} INFO - Filling up the DagBag from /home/airflow/.local/lib/python3.12/site-packages/airflow/example_dags/example_sla_dag.py
[2025-09-24T16:45:55.794+0000] {processor.py:840} INFO - DAG(s) 'example_sla_dag' retrieved from /home/airflow/.local/lib/python3.12/site-packages/airflow/example_dags/example_sla_dag.py
[2025-09-24T16:45:55.819+0000] {logging_mixin.py:188} INFO - [2025-09-24T16:45:55.818+0000] {dag.py:3096} INFO - Sync 1 DAGs
[2025-09-24T16:45:55.848+0000] {logging_mixin.py:188} INFO - [2025-09-24T16:45:55.848+0000] {dag.py:3954} INFO - Setting next_dagrun for example_sla_dag to 2025-09-24 16:42:00+00:00, run_after=2025-09-24 16:44:00+00:00
[2025-09-24T16:45:55.870+0000] {processor.py:183} INFO - Processing /home/airflow/.local/lib/python3.12/site-packages/airflow/example_dags/example_sla_dag.py took 0.099 seconds
[2025-09-24T16:46:26.461+0000] {processor.py:161} INFO - Started process (PID=1144) to work on /home/airflow/.local/lib/python3.12/site-packages/airflow/example_dags/example_sla_dag.py
[2025-09-24T16:46:26.463+0000] {processor.py:830} INFO - Processing file /home/airflow/.local/lib/python3.12/site-packages/airflow/example_dags/example_sla_dag.py for tasks to queue
[2025-09-24T16:46:26.467+0000] {logging_mixin.py:188} INFO - [2025-09-24T16:46:26.467+0000] {dagbag.py:540} INFO - Filling up the DagBag from /home/airflow/.local/lib/python3.12/site-packages/airflow/example_dags/example_sla_dag.py
[2025-09-24T16:46:26.483+0000] {processor.py:840} INFO - DAG(s) 'example_sla_dag' retrieved from /home/airflow/.local/lib/python3.12/site-packages/airflow/example_dags/example_sla_dag.py
[2025-09-24T16:46:26.511+0000] {logging_mixin.py:188} INFO - [2025-09-24T16:46:26.511+0000] {dag.py:3096} INFO - Sync 1 DAGs
[2025-09-24T16:46:26.549+0000] {logging_mixin.py:188} INFO - [2025-09-24T16:46:26.548+0000] {dag.py:3954} INFO - Setting next_dagrun for example_sla_dag to 2025-09-24 16:44:00+00:00, run_after=2025-09-24 16:46:00+00:00
[2025-09-24T16:46:26.577+0000] {processor.py:183} INFO - Processing /home/airflow/.local/lib/python3.12/site-packages/airflow/example_dags/example_sla_dag.py took 0.129 seconds
[2025-09-24T16:46:57.495+0000] {processor.py:161} INFO - Started process (PID=1202) to work on /home/airflow/.local/lib/python3.12/site-packages/airflow/example_dags/example_sla_dag.py
[2025-09-24T16:46:57.496+0000] {processor.py:830} INFO - Processing file /home/airflow/.local/lib/python3.12/site-packages/airflow/example_dags/example_sla_dag.py for tasks to queue
[2025-09-24T16:46:57.499+0000] {logging_mixin.py:188} INFO - [2025-09-24T16:46:57.499+0000] {dagbag.py:540} INFO - Filling up the DagBag from /home/airflow/.local/lib/python3.12/site-packages/airflow/example_dags/example_sla_dag.py
[2025-09-24T16:46:57.516+0000] {processor.py:840} INFO - DAG(s) 'example_sla_dag' retrieved from /home/airflow/.local/lib/python3.12/site-packages/airflow/example_dags/example_sla_dag.py
[2025-09-24T16:46:57.551+0000] {logging_mixin.py:188} INFO - [2025-09-24T16:46:57.551+0000] {dag.py:3096} INFO - Sync 1 DAGs
[2025-09-24T16:46:57.601+0000] {logging_mixin.py:188} INFO - [2025-09-24T16:46:57.601+0000] {dag.py:3954} INFO - Setting next_dagrun for example_sla_dag to 2025-09-24 16:44:00+00:00, run_after=2025-09-24 16:46:00+00:00
[2025-09-24T16:46:57.629+0000] {processor.py:183} INFO - Processing /home/airflow/.local/lib/python3.12/site-packages/airflow/example_dags/example_sla_dag.py took 0.143 seconds
[2025-09-24T16:47:28.059+0000] {processor.py:161} INFO - Started process (PID=1260) to work on /home/airflow/.local/lib/python3.12/site-packages/airflow/example_dags/example_sla_dag.py
[2025-09-24T16:47:28.060+0000] {processor.py:830} INFO - Processing file /home/airflow/.local/lib/python3.12/site-packages/airflow/example_dags/example_sla_dag.py for tasks to queue
[2025-09-24T16:47:28.063+0000] {logging_mixin.py:188} INFO - [2025-09-24T16:47:28.062+0000] {dagbag.py:540} INFO - Filling up the DagBag from /home/airflow/.local/lib/python3.12/site-packages/airflow/example_dags/example_sla_dag.py
[2025-09-24T16:47:28.076+0000] {processor.py:840} INFO - DAG(s) 'example_sla_dag' retrieved from /home/airflow/.local/lib/python3.12/site-packages/airflow/example_dags/example_sla_dag.py
[2025-09-24T16:47:28.104+0000] {logging_mixin.py:188} INFO - [2025-09-24T16:47:28.103+0000] {dag.py:3096} INFO - Sync 1 DAGs
[2025-09-24T16:47:28.136+0000] {logging_mixin.py:188} INFO - [2025-09-24T16:47:28.136+0000] {dag.py:3954} INFO - Setting next_dagrun for example_sla_dag to 2025-09-24 16:44:00+00:00, run_after=2025-09-24 16:46:00+00:00
[2025-09-24T16:47:28.163+0000] {processor.py:183} INFO - Processing /home/airflow/.local/lib/python3.12/site-packages/airflow/example_dags/example_sla_dag.py took 0.112 seconds
[2025-09-24T16:47:58.884+0000] {processor.py:161} INFO - Started process (PID=1318) to work on /home/airflow/.local/lib/python3.12/site-packages/airflow/example_dags/example_sla_dag.py
[2025-09-24T16:47:58.886+0000] {processor.py:830} INFO - Processing file /home/airflow/.local/lib/python3.12/site-packages/airflow/example_dags/example_sla_dag.py for tasks to queue
[2025-09-24T16:47:58.888+0000] {logging_mixin.py:188} INFO - [2025-09-24T16:47:58.888+0000] {dagbag.py:540} INFO - Filling up the DagBag from /home/airflow/.local/lib/python3.12/site-packages/airflow/example_dags/example_sla_dag.py
[2025-09-24T16:47:58.900+0000] {processor.py:840} INFO - DAG(s) 'example_sla_dag' retrieved from /home/airflow/.local/lib/python3.12/site-packages/airflow/example_dags/example_sla_dag.py
[2025-09-24T16:47:58.925+0000] {logging_mixin.py:188} INFO - [2025-09-24T16:47:58.925+0000] {dag.py:3096} INFO - Sync 1 DAGs
[2025-09-24T16:47:59.099+0000] {logging_mixin.py:188} INFO - [2025-09-24T16:47:59.099+0000] {dag.py:3954} INFO - Setting next_dagrun for example_sla_dag to 2025-09-24 16:44:00+00:00, run_after=2025-09-24 16:46:00+00:00
[2025-09-24T16:47:59.127+0000] {processor.py:183} INFO - Processing /home/airflow/.local/lib/python3.12/site-packages/airflow/example_dags/example_sla_dag.py took 0.251 seconds
[2025-09-24T16:48:29.589+0000] {processor.py:161} INFO - Started process (PID=1376) to work on /home/airflow/.local/lib/python3.12/site-packages/airflow/example_dags/example_sla_dag.py
[2025-09-24T16:48:29.591+0000] {processor.py:830} INFO - Processing file /home/airflow/.local/lib/python3.12/site-packages/airflow/example_dags/example_sla_dag.py for tasks to queue
[2025-09-24T16:48:29.593+0000] {logging_mixin.py:188} INFO - [2025-09-24T16:48:29.593+0000] {dagbag.py:540} INFO - Filling up the DagBag from /home/airflow/.local/lib/python3.12/site-packages/airflow/example_dags/example_sla_dag.py
[2025-09-24T16:48:29.607+0000] {processor.py:840} INFO - DAG(s) 'example_sla_dag' retrieved from /home/airflow/.local/lib/python3.12/site-packages/airflow/example_dags/example_sla_dag.py
[2025-09-24T16:48:29.640+0000] {logging_mixin.py:188} INFO - [2025-09-24T16:48:29.639+0000] {dag.py:3096} INFO - Sync 1 DAGs
[2025-09-24T16:48:29.687+0000] {logging_mixin.py:188} INFO - [2025-09-24T16:48:29.687+0000] {dag.py:3954} INFO - Setting next_dagrun for example_sla_dag to 2025-09-24 16:46:00+00:00, run_after=2025-09-24 16:48:00+00:00
[2025-09-24T16:48:29.722+0000] {processor.py:183} INFO - Processing /home/airflow/.local/lib/python3.12/site-packages/airflow/example_dags/example_sla_dag.py took 0.141 seconds
[2025-09-24T16:48:59.928+0000] {processor.py:161} INFO - Started process (PID=1434) to work on /home/airflow/.local/lib/python3.12/site-packages/airflow/example_dags/example_sla_dag.py
[2025-09-24T16:48:59.930+0000] {processor.py:830} INFO - Processing file /home/airflow/.local/lib/python3.12/site-packages/airflow/example_dags/example_sla_dag.py for tasks to queue
[2025-09-24T16:48:59.933+0000] {logging_mixin.py:188} INFO - [2025-09-24T16:48:59.933+0000] {dagbag.py:540} INFO - Filling up the DagBag from /home/airflow/.local/lib/python3.12/site-packages/airflow/example_dags/example_sla_dag.py
[2025-09-24T16:48:59.946+0000] {processor.py:840} INFO - DAG(s) 'example_sla_dag' retrieved from /home/airflow/.local/lib/python3.12/site-packages/airflow/example_dags/example_sla_dag.py
[2025-09-24T16:48:59.970+0000] {logging_mixin.py:188} INFO - [2025-09-24T16:48:59.970+0000] {dag.py:3096} INFO - Sync 1 DAGs
[2025-09-24T16:49:00.002+0000] {logging_mixin.py:188} INFO - [2025-09-24T16:49:00.002+0000] {dag.py:3954} INFO - Setting next_dagrun for example_sla_dag to 2025-09-24 16:46:00+00:00, run_after=2025-09-24 16:48:00+00:00
[2025-09-24T16:49:00.030+0000] {processor.py:183} INFO - Processing /home/airflow/.local/lib/python3.12/site-packages/airflow/example_dags/example_sla_dag.py took 0.110 seconds
[2025-09-24T16:49:30.388+0000] {processor.py:161} INFO - Started process (PID=1492) to work on /home/airflow/.local/lib/python3.12/site-packages/airflow/example_dags/example_sla_dag.py
[2025-09-24T16:49:30.389+0000] {processor.py:830} INFO - Processing file /home/airflow/.local/lib/python3.12/site-packages/airflow/example_dags/example_sla_dag.py for tasks to queue
[2025-09-24T16:49:30.392+0000] {logging_mixin.py:188} INFO - [2025-09-24T16:49:30.391+0000] {dagbag.py:540} INFO - Filling up the DagBag from /home/airflow/.local/lib/python3.12/site-packages/airflow/example_dags/example_sla_dag.py
[2025-09-24T16:49:30.404+0000] {processor.py:840} INFO - DAG(s) 'example_sla_dag' retrieved from /home/airflow/.local/lib/python3.12/site-packages/airflow/example_dags/example_sla_dag.py
[2025-09-24T16:49:30.435+0000] {logging_mixin.py:188} INFO - [2025-09-24T16:49:30.435+0000] {dag.py:3096} INFO - Sync 1 DAGs
[2025-09-24T16:49:30.473+0000] {logging_mixin.py:188} INFO - [2025-09-24T16:49:30.472+0000] {dag.py:3954} INFO - Setting next_dagrun for example_sla_dag to 2025-09-24 16:46:00+00:00, run_after=2025-09-24 16:48:00+00:00
[2025-09-24T16:49:30.499+0000] {processor.py:183} INFO - Processing /home/airflow/.local/lib/python3.12/site-packages/airflow/example_dags/example_sla_dag.py took 0.119 seconds
[2025-09-24T16:50:00.726+0000] {processor.py:161} INFO - Started process (PID=1551) to work on /home/airflow/.local/lib/python3.12/site-packages/airflow/example_dags/example_sla_dag.py
[2025-09-24T16:50:00.727+0000] {processor.py:830} INFO - Processing file /home/airflow/.local/lib/python3.12/site-packages/airflow/example_dags/example_sla_dag.py for tasks to queue
[2025-09-24T16:50:00.729+0000] {logging_mixin.py:188} INFO - [2025-09-24T16:50:00.729+0000] {dagbag.py:540} INFO - Filling up the DagBag from /home/airflow/.local/lib/python3.12/site-packages/airflow/example_dags/example_sla_dag.py
[2025-09-24T16:50:00.741+0000] {processor.py:840} INFO - DAG(s) 'example_sla_dag' retrieved from /home/airflow/.local/lib/python3.12/site-packages/airflow/example_dags/example_sla_dag.py
[2025-09-24T16:50:00.770+0000] {logging_mixin.py:188} INFO - [2025-09-24T16:50:00.769+0000] {dag.py:3096} INFO - Sync 1 DAGs
[2025-09-24T16:50:00.800+0000] {logging_mixin.py:188} INFO - [2025-09-24T16:50:00.800+0000] {dag.py:3954} INFO - Setting next_dagrun for example_sla_dag to 2025-09-24 16:48:00+00:00, run_after=2025-09-24 16:50:00+00:00
[2025-09-24T16:50:00.823+0000] {processor.py:183} INFO - Processing /home/airflow/.local/lib/python3.12/site-packages/airflow/example_dags/example_sla_dag.py took 0.105 seconds
[2025-09-24T16:50:31.188+0000] {processor.py:161} INFO - Started process (PID=1609) to work on /home/airflow/.local/lib/python3.12/site-packages/airflow/example_dags/example_sla_dag.py
[2025-09-24T16:50:31.189+0000] {processor.py:830} INFO - Processing file /home/airflow/.local/lib/python3.12/site-packages/airflow/example_dags/example_sla_dag.py for tasks to queue
[2025-09-24T16:50:31.193+0000] {logging_mixin.py:188} INFO - [2025-09-24T16:50:31.193+0000] {dagbag.py:540} INFO - Filling up the DagBag from /home/airflow/.local/lib/python3.12/site-packages/airflow/example_dags/example_sla_dag.py
[2025-09-24T16:50:31.206+0000] {processor.py:840} INFO - DAG(s) 'example_sla_dag' retrieved from /home/airflow/.local/lib/python3.12/site-packages/airflow/example_dags/example_sla_dag.py
[2025-09-24T16:50:31.233+0000] {logging_mixin.py:188} INFO - [2025-09-24T16:50:31.233+0000] {dag.py:3096} INFO - Sync 1 DAGs
[2025-09-24T16:50:31.266+0000] {logging_mixin.py:188} INFO - [2025-09-24T16:50:31.266+0000] {dag.py:3954} INFO - Setting next_dagrun for example_sla_dag to 2025-09-24 16:48:00+00:00, run_after=2025-09-24 16:50:00+00:00
[2025-09-24T16:50:31.292+0000] {processor.py:183} INFO - Processing /home/airflow/.local/lib/python3.12/site-packages/airflow/example_dags/example_sla_dag.py took 0.112 seconds
[2025-09-24T16:51:01.464+0000] {processor.py:161} INFO - Started process (PID=1667) to work on /home/airflow/.local/lib/python3.12/site-packages/airflow/example_dags/example_sla_dag.py
[2025-09-24T16:51:01.466+0000] {processor.py:830} INFO - Processing file /home/airflow/.local/lib/python3.12/site-packages/airflow/example_dags/example_sla_dag.py for tasks to queue
[2025-09-24T16:51:01.469+0000] {logging_mixin.py:188} INFO - [2025-09-24T16:51:01.468+0000] {dagbag.py:540} INFO - Filling up the DagBag from /home/airflow/.local/lib/python3.12/site-packages/airflow/example_dags/example_sla_dag.py
[2025-09-24T16:51:01.482+0000] {processor.py:840} INFO - DAG(s) 'example_sla_dag' retrieved from /home/airflow/.local/lib/python3.12/site-packages/airflow/example_dags/example_sla_dag.py
[2025-09-24T16:51:01.509+0000] {logging_mixin.py:188} INFO - [2025-09-24T16:51:01.509+0000] {dag.py:3096} INFO - Sync 1 DAGs
[2025-09-24T16:51:01.545+0000] {logging_mixin.py:188} INFO - [2025-09-24T16:51:01.544+0000] {dag.py:3954} INFO - Setting next_dagrun for example_sla_dag to 2025-09-24 16:48:00+00:00, run_after=2025-09-24 16:50:00+00:00
[2025-09-24T16:51:01.576+0000] {processor.py:183} INFO - Processing /home/airflow/.local/lib/python3.12/site-packages/airflow/example_dags/example_sla_dag.py took 0.121 seconds
[2025-09-24T16:51:32.021+0000] {processor.py:161} INFO - Started process (PID=1725) to work on /home/airflow/.local/lib/python3.12/site-packages/airflow/example_dags/example_sla_dag.py
[2025-09-24T16:51:32.022+0000] {processor.py:830} INFO - Processing file /home/airflow/.local/lib/python3.12/site-packages/airflow/example_dags/example_sla_dag.py for tasks to queue
[2025-09-24T16:51:32.025+0000] {logging_mixin.py:188} INFO - [2025-09-24T16:51:32.024+0000] {dagbag.py:540} INFO - Filling up the DagBag from /home/airflow/.local/lib/python3.12/site-packages/airflow/example_dags/example_sla_dag.py
[2025-09-24T16:51:32.037+0000] {processor.py:840} INFO - DAG(s) 'example_sla_dag' retrieved from /home/airflow/.local/lib/python3.12/site-packages/airflow/example_dags/example_sla_dag.py
[2025-09-24T16:51:32.067+0000] {logging_mixin.py:188} INFO - [2025-09-24T16:51:32.067+0000] {dag.py:3096} INFO - Sync 1 DAGs
[2025-09-24T16:51:32.098+0000] {logging_mixin.py:188} INFO - [2025-09-24T16:51:32.098+0000] {dag.py:3954} INFO - Setting next_dagrun for example_sla_dag to 2025-09-24 16:48:00+00:00, run_after=2025-09-24 16:50:00+00:00
[2025-09-24T16:51:32.124+0000] {processor.py:183} INFO - Processing /home/airflow/.local/lib/python3.12/site-packages/airflow/example_dags/example_sla_dag.py took 0.111 seconds
[2025-09-24T16:52:02.579+0000] {processor.py:161} INFO - Started process (PID=1783) to work on /home/airflow/.local/lib/python3.12/site-packages/airflow/example_dags/example_sla_dag.py
[2025-09-24T16:52:02.582+0000] {processor.py:830} INFO - Processing file /home/airflow/.local/lib/python3.12/site-packages/airflow/example_dags/example_sla_dag.py for tasks to queue
[2025-09-24T16:52:02.585+0000] {logging_mixin.py:188} INFO - [2025-09-24T16:52:02.584+0000] {dagbag.py:540} INFO - Filling up the DagBag from /home/airflow/.local/lib/python3.12/site-packages/airflow/example_dags/example_sla_dag.py
[2025-09-24T16:52:02.597+0000] {processor.py:840} INFO - DAG(s) 'example_sla_dag' retrieved from /home/airflow/.local/lib/python3.12/site-packages/airflow/example_dags/example_sla_dag.py
[2025-09-24T16:52:02.625+0000] {logging_mixin.py:188} INFO - [2025-09-24T16:52:02.625+0000] {dag.py:3096} INFO - Sync 1 DAGs
[2025-09-24T16:52:02.658+0000] {logging_mixin.py:188} INFO - [2025-09-24T16:52:02.658+0000] {dag.py:3954} INFO - Setting next_dagrun for example_sla_dag to 2025-09-24 16:50:00+00:00, run_after=2025-09-24 16:52:00+00:00
[2025-09-24T16:52:02.685+0000] {processor.py:183} INFO - Processing /home/airflow/.local/lib/python3.12/site-packages/airflow/example_dags/example_sla_dag.py took 0.115 seconds
[2025-09-24T16:52:32.865+0000] {processor.py:161} INFO - Started process (PID=1841) to work on /home/airflow/.local/lib/python3.12/site-packages/airflow/example_dags/example_sla_dag.py
[2025-09-24T16:52:32.867+0000] {processor.py:830} INFO - Processing file /home/airflow/.local/lib/python3.12/site-packages/airflow/example_dags/example_sla_dag.py for tasks to queue
[2025-09-24T16:52:32.869+0000] {logging_mixin.py:188} INFO - [2025-09-24T16:52:32.868+0000] {dagbag.py:540} INFO - Filling up the DagBag from /home/airflow/.local/lib/python3.12/site-packages/airflow/example_dags/example_sla_dag.py
[2025-09-24T16:52:32.879+0000] {processor.py:840} INFO - DAG(s) 'example_sla_dag' retrieved from /home/airflow/.local/lib/python3.12/site-packages/airflow/example_dags/example_sla_dag.py
[2025-09-24T16:52:32.908+0000] {logging_mixin.py:188} INFO - [2025-09-24T16:52:32.907+0000] {dag.py:3096} INFO - Sync 1 DAGs
[2025-09-24T16:52:32.941+0000] {logging_mixin.py:188} INFO - [2025-09-24T16:52:32.940+0000] {dag.py:3954} INFO - Setting next_dagrun for example_sla_dag to 2025-09-24 16:50:00+00:00, run_after=2025-09-24 16:52:00+00:00
[2025-09-24T16:52:32.965+0000] {processor.py:183} INFO - Processing /home/airflow/.local/lib/python3.12/site-packages/airflow/example_dags/example_sla_dag.py took 0.107 seconds
[2025-09-24T16:53:03.713+0000] {processor.py:161} INFO - Started process (PID=1899) to work on /home/airflow/.local/lib/python3.12/site-packages/airflow/example_dags/example_sla_dag.py
[2025-09-24T16:53:03.715+0000] {processor.py:830} INFO - Processing file /home/airflow/.local/lib/python3.12/site-packages/airflow/example_dags/example_sla_dag.py for tasks to queue
[2025-09-24T16:53:03.718+0000] {logging_mixin.py:188} INFO - [2025-09-24T16:53:03.718+0000] {dagbag.py:540} INFO - Filling up the DagBag from /home/airflow/.local/lib/python3.12/site-packages/airflow/example_dags/example_sla_dag.py
[2025-09-24T16:53:03.733+0000] {processor.py:840} INFO - DAG(s) 'example_sla_dag' retrieved from /home/airflow/.local/lib/python3.12/site-packages/airflow/example_dags/example_sla_dag.py
[2025-09-24T16:53:03.762+0000] {logging_mixin.py:188} INFO - [2025-09-24T16:53:03.761+0000] {dag.py:3096} INFO - Sync 1 DAGs
[2025-09-24T16:53:03.796+0000] {logging_mixin.py:188} INFO - [2025-09-24T16:53:03.796+0000] {dag.py:3954} INFO - Setting next_dagrun for example_sla_dag to 2025-09-24 16:50:00+00:00, run_after=2025-09-24 16:52:00+00:00
[2025-09-24T16:53:03.822+0000] {processor.py:183} INFO - Processing /home/airflow/.local/lib/python3.12/site-packages/airflow/example_dags/example_sla_dag.py took 0.117 seconds
[2025-09-24T16:53:34.071+0000] {processor.py:161} INFO - Started process (PID=1957) to work on /home/airflow/.local/lib/python3.12/site-packages/airflow/example_dags/example_sla_dag.py
[2025-09-24T16:53:34.073+0000] {processor.py:830} INFO - Processing file /home/airflow/.local/lib/python3.12/site-packages/airflow/example_dags/example_sla_dag.py for tasks to queue
[2025-09-24T16:53:34.076+0000] {logging_mixin.py:188} INFO - [2025-09-24T16:53:34.075+0000] {dagbag.py:540} INFO - Filling up the DagBag from /home/airflow/.local/lib/python3.12/site-packages/airflow/example_dags/example_sla_dag.py
[2025-09-24T16:53:34.087+0000] {processor.py:840} INFO - DAG(s) 'example_sla_dag' retrieved from /home/airflow/.local/lib/python3.12/site-packages/airflow/example_dags/example_sla_dag.py
[2025-09-24T16:53:34.112+0000] {logging_mixin.py:188} INFO - [2025-09-24T16:53:34.112+0000] {dag.py:3096} INFO - Sync 1 DAGs
[2025-09-24T16:53:34.146+0000] {logging_mixin.py:188} INFO - [2025-09-24T16:53:34.146+0000] {dag.py:3954} INFO - Setting next_dagrun for example_sla_dag to 2025-09-24 16:50:00+00:00, run_after=2025-09-24 16:52:00+00:00
[2025-09-24T16:53:34.177+0000] {processor.py:183} INFO - Processing /home/airflow/.local/lib/python3.12/site-packages/airflow/example_dags/example_sla_dag.py took 0.114 seconds
[2025-09-24T16:54:04.417+0000] {processor.py:161} INFO - Started process (PID=2014) to work on /home/airflow/.local/lib/python3.12/site-packages/airflow/example_dags/example_sla_dag.py
[2025-09-24T16:54:04.418+0000] {processor.py:830} INFO - Processing file /home/airflow/.local/lib/python3.12/site-packages/airflow/example_dags/example_sla_dag.py for tasks to queue
[2025-09-24T16:54:04.420+0000] {logging_mixin.py:188} INFO - [2025-09-24T16:54:04.420+0000] {dagbag.py:540} INFO - Filling up the DagBag from /home/airflow/.local/lib/python3.12/site-packages/airflow/example_dags/example_sla_dag.py
[2025-09-24T16:54:04.432+0000] {processor.py:840} INFO - DAG(s) 'example_sla_dag' retrieved from /home/airflow/.local/lib/python3.12/site-packages/airflow/example_dags/example_sla_dag.py
[2025-09-24T16:54:04.459+0000] {logging_mixin.py:188} INFO - [2025-09-24T16:54:04.459+0000] {dag.py:3096} INFO - Sync 1 DAGs
[2025-09-24T16:54:04.494+0000] {logging_mixin.py:188} INFO - [2025-09-24T16:54:04.494+0000] {dag.py:3954} INFO - Setting next_dagrun for example_sla_dag to 2025-09-24 16:52:00+00:00, run_after=2025-09-24 16:54:00+00:00
[2025-09-24T16:54:04.521+0000] {processor.py:183} INFO - Processing /home/airflow/.local/lib/python3.12/site-packages/airflow/example_dags/example_sla_dag.py took 0.114 seconds
[2025-09-24T16:54:34.750+0000] {processor.py:161} INFO - Started process (PID=2072) to work on /home/airflow/.local/lib/python3.12/site-packages/airflow/example_dags/example_sla_dag.py
[2025-09-24T16:54:34.751+0000] {processor.py:830} INFO - Processing file /home/airflow/.local/lib/python3.12/site-packages/airflow/example_dags/example_sla_dag.py for tasks to queue
[2025-09-24T16:54:34.754+0000] {logging_mixin.py:188} INFO - [2025-09-24T16:54:34.753+0000] {dagbag.py:540} INFO - Filling up the DagBag from /home/airflow/.local/lib/python3.12/site-packages/airflow/example_dags/example_sla_dag.py
[2025-09-24T16:54:34.765+0000] {processor.py:840} INFO - DAG(s) 'example_sla_dag' retrieved from /home/airflow/.local/lib/python3.12/site-packages/airflow/example_dags/example_sla_dag.py
[2025-09-24T16:54:34.791+0000] {logging_mixin.py:188} INFO - [2025-09-24T16:54:34.791+0000] {dag.py:3096} INFO - Sync 1 DAGs
[2025-09-24T16:54:34.825+0000] {logging_mixin.py:188} INFO - [2025-09-24T16:54:34.824+0000] {dag.py:3954} INFO - Setting next_dagrun for example_sla_dag to 2025-09-24 16:52:00+00:00, run_after=2025-09-24 16:54:00+00:00
[2025-09-24T16:54:34.851+0000] {processor.py:183} INFO - Processing /home/airflow/.local/lib/python3.12/site-packages/airflow/example_dags/example_sla_dag.py took 0.108 seconds
[2025-09-24T16:55:13.185+0000] {processor.py:161} INFO - Started process (PID=2130) to work on /home/airflow/.local/lib/python3.12/site-packages/airflow/example_dags/example_sla_dag.py
[2025-09-24T16:55:13.190+0000] {processor.py:830} INFO - Processing file /home/airflow/.local/lib/python3.12/site-packages/airflow/example_dags/example_sla_dag.py for tasks to queue
[2025-09-24T16:55:13.201+0000] {logging_mixin.py:188} INFO - [2025-09-24T16:55:13.199+0000] {dagbag.py:540} INFO - Filling up the DagBag from /home/airflow/.local/lib/python3.12/site-packages/airflow/example_dags/example_sla_dag.py
[2025-09-24T16:55:13.228+0000] {processor.py:840} INFO - DAG(s) 'example_sla_dag' retrieved from /home/airflow/.local/lib/python3.12/site-packages/airflow/example_dags/example_sla_dag.py
[2025-09-24T16:55:13.303+0000] {logging_mixin.py:188} INFO - [2025-09-24T16:55:13.303+0000] {dag.py:3096} INFO - Sync 1 DAGs
[2025-09-24T16:55:13.413+0000] {logging_mixin.py:188} INFO - [2025-09-24T16:55:13.413+0000] {dag.py:3954} INFO - Setting next_dagrun for example_sla_dag to 2025-09-24 16:52:00+00:00, run_after=2025-09-24 16:54:00+00:00
[2025-09-24T16:55:13.469+0000] {processor.py:183} INFO - Processing /home/airflow/.local/lib/python3.12/site-packages/airflow/example_dags/example_sla_dag.py took 0.323 seconds
[2025-09-24T16:55:44.220+0000] {processor.py:161} INFO - Started process (PID=2188) to work on /home/airflow/.local/lib/python3.12/site-packages/airflow/example_dags/example_sla_dag.py
[2025-09-24T16:55:44.222+0000] {processor.py:830} INFO - Processing file /home/airflow/.local/lib/python3.12/site-packages/airflow/example_dags/example_sla_dag.py for tasks to queue
[2025-09-24T16:55:44.230+0000] {logging_mixin.py:188} INFO - [2025-09-24T16:55:44.229+0000] {dagbag.py:540} INFO - Filling up the DagBag from /home/airflow/.local/lib/python3.12/site-packages/airflow/example_dags/example_sla_dag.py
[2025-09-24T16:55:44.262+0000] {processor.py:840} INFO - DAG(s) 'example_sla_dag' retrieved from /home/airflow/.local/lib/python3.12/site-packages/airflow/example_dags/example_sla_dag.py
[2025-09-24T16:55:44.336+0000] {logging_mixin.py:188} INFO - [2025-09-24T16:55:44.336+0000] {dag.py:3096} INFO - Sync 1 DAGs
[2025-09-24T16:55:44.513+0000] {logging_mixin.py:188} INFO - [2025-09-24T16:55:44.513+0000] {dag.py:3954} INFO - Setting next_dagrun for example_sla_dag to 2025-09-24 16:52:00+00:00, run_after=2025-09-24 16:54:00+00:00
[2025-09-24T16:55:44.662+0000] {processor.py:183} INFO - Processing /home/airflow/.local/lib/python3.12/site-packages/airflow/example_dags/example_sla_dag.py took 0.460 seconds
[2025-09-24T16:56:15.399+0000] {processor.py:161} INFO - Started process (PID=2246) to work on /home/airflow/.local/lib/python3.12/site-packages/airflow/example_dags/example_sla_dag.py
[2025-09-24T16:56:15.400+0000] {processor.py:830} INFO - Processing file /home/airflow/.local/lib/python3.12/site-packages/airflow/example_dags/example_sla_dag.py for tasks to queue
[2025-09-24T16:56:15.403+0000] {logging_mixin.py:188} INFO - [2025-09-24T16:56:15.403+0000] {dagbag.py:540} INFO - Filling up the DagBag from /home/airflow/.local/lib/python3.12/site-packages/airflow/example_dags/example_sla_dag.py
[2025-09-24T16:56:15.420+0000] {processor.py:840} INFO - DAG(s) 'example_sla_dag' retrieved from /home/airflow/.local/lib/python3.12/site-packages/airflow/example_dags/example_sla_dag.py
[2025-09-24T16:56:15.451+0000] {logging_mixin.py:188} INFO - [2025-09-24T16:56:15.450+0000] {dag.py:3096} INFO - Sync 1 DAGs
[2025-09-24T16:56:15.486+0000] {logging_mixin.py:188} INFO - [2025-09-24T16:56:15.485+0000] {dag.py:3954} INFO - Setting next_dagrun for example_sla_dag to 2025-09-24 16:54:00+00:00, run_after=2025-09-24 16:56:00+00:00
[2025-09-24T16:56:15.514+0000] {processor.py:183} INFO - Processing /home/airflow/.local/lib/python3.12/site-packages/airflow/example_dags/example_sla_dag.py took 0.124 seconds
[2025-09-24T16:56:45.614+0000] {processor.py:161} INFO - Started process (PID=2304) to work on /home/airflow/.local/lib/python3.12/site-packages/airflow/example_dags/example_sla_dag.py
[2025-09-24T16:56:45.615+0000] {processor.py:830} INFO - Processing file /home/airflow/.local/lib/python3.12/site-packages/airflow/example_dags/example_sla_dag.py for tasks to queue
[2025-09-24T16:56:45.618+0000] {logging_mixin.py:188} INFO - [2025-09-24T16:56:45.618+0000] {dagbag.py:540} INFO - Filling up the DagBag from /home/airflow/.local/lib/python3.12/site-packages/airflow/example_dags/example_sla_dag.py
[2025-09-24T16:56:45.631+0000] {processor.py:840} INFO - DAG(s) 'example_sla_dag' retrieved from /home/airflow/.local/lib/python3.12/site-packages/airflow/example_dags/example_sla_dag.py
[2025-09-24T16:56:45.662+0000] {logging_mixin.py:188} INFO - [2025-09-24T16:56:45.662+0000] {dag.py:3096} INFO - Sync 1 DAGs
[2025-09-24T16:56:45.695+0000] {logging_mixin.py:188} INFO - [2025-09-24T16:56:45.694+0000] {dag.py:3954} INFO - Setting next_dagrun for example_sla_dag to 2025-09-24 16:54:00+00:00, run_after=2025-09-24 16:56:00+00:00
[2025-09-24T16:56:45.719+0000] {processor.py:183} INFO - Processing /home/airflow/.local/lib/python3.12/site-packages/airflow/example_dags/example_sla_dag.py took 0.113 seconds
[2025-09-24T16:57:15.854+0000] {processor.py:161} INFO - Started process (PID=2362) to work on /home/airflow/.local/lib/python3.12/site-packages/airflow/example_dags/example_sla_dag.py
[2025-09-24T16:57:15.857+0000] {processor.py:830} INFO - Processing file /home/airflow/.local/lib/python3.12/site-packages/airflow/example_dags/example_sla_dag.py for tasks to queue
[2025-09-24T16:57:15.860+0000] {logging_mixin.py:188} INFO - [2025-09-24T16:57:15.859+0000] {dagbag.py:540} INFO - Filling up the DagBag from /home/airflow/.local/lib/python3.12/site-packages/airflow/example_dags/example_sla_dag.py
[2025-09-24T16:57:15.875+0000] {processor.py:840} INFO - DAG(s) 'example_sla_dag' retrieved from /home/airflow/.local/lib/python3.12/site-packages/airflow/example_dags/example_sla_dag.py
[2025-09-24T16:57:15.905+0000] {logging_mixin.py:188} INFO - [2025-09-24T16:57:15.904+0000] {dag.py:3096} INFO - Sync 1 DAGs
[2025-09-24T16:57:15.937+0000] {logging_mixin.py:188} INFO - [2025-09-24T16:57:15.937+0000] {dag.py:3954} INFO - Setting next_dagrun for example_sla_dag to 2025-09-24 16:54:00+00:00, run_after=2025-09-24 16:56:00+00:00
[2025-09-24T16:57:15.963+0000] {processor.py:183} INFO - Processing /home/airflow/.local/lib/python3.12/site-packages/airflow/example_dags/example_sla_dag.py took 0.117 seconds
[2025-09-24T16:57:46.043+0000] {processor.py:161} INFO - Started process (PID=2420) to work on /home/airflow/.local/lib/python3.12/site-packages/airflow/example_dags/example_sla_dag.py
[2025-09-24T16:57:46.045+0000] {processor.py:830} INFO - Processing file /home/airflow/.local/lib/python3.12/site-packages/airflow/example_dags/example_sla_dag.py for tasks to queue
[2025-09-24T16:57:46.047+0000] {logging_mixin.py:188} INFO - [2025-09-24T16:57:46.046+0000] {dagbag.py:540} INFO - Filling up the DagBag from /home/airflow/.local/lib/python3.12/site-packages/airflow/example_dags/example_sla_dag.py
[2025-09-24T16:57:46.056+0000] {processor.py:840} INFO - DAG(s) 'example_sla_dag' retrieved from /home/airflow/.local/lib/python3.12/site-packages/airflow/example_dags/example_sla_dag.py
[2025-09-24T16:57:46.084+0000] {logging_mixin.py:188} INFO - [2025-09-24T16:57:46.083+0000] {dag.py:3096} INFO - Sync 1 DAGs
[2025-09-24T16:57:46.115+0000] {logging_mixin.py:188} INFO - [2025-09-24T16:57:46.115+0000] {dag.py:3954} INFO - Setting next_dagrun for example_sla_dag to 2025-09-24 16:54:00+00:00, run_after=2025-09-24 16:56:00+00:00
[2025-09-24T16:57:46.140+0000] {processor.py:183} INFO - Processing /home/airflow/.local/lib/python3.12/site-packages/airflow/example_dags/example_sla_dag.py took 0.106 seconds
[2025-09-24T16:58:16.191+0000] {processor.py:161} INFO - Started process (PID=2478) to work on /home/airflow/.local/lib/python3.12/site-packages/airflow/example_dags/example_sla_dag.py
[2025-09-24T16:58:16.192+0000] {processor.py:830} INFO - Processing file /home/airflow/.local/lib/python3.12/site-packages/airflow/example_dags/example_sla_dag.py for tasks to queue
[2025-09-24T16:58:16.195+0000] {logging_mixin.py:188} INFO - [2025-09-24T16:58:16.194+0000] {dagbag.py:540} INFO - Filling up the DagBag from /home/airflow/.local/lib/python3.12/site-packages/airflow/example_dags/example_sla_dag.py
[2025-09-24T16:58:16.206+0000] {processor.py:840} INFO - DAG(s) 'example_sla_dag' retrieved from /home/airflow/.local/lib/python3.12/site-packages/airflow/example_dags/example_sla_dag.py
[2025-09-24T16:58:16.234+0000] {logging_mixin.py:188} INFO - [2025-09-24T16:58:16.233+0000] {dag.py:3096} INFO - Sync 1 DAGs
[2025-09-24T16:58:16.265+0000] {logging_mixin.py:188} INFO - [2025-09-24T16:58:16.265+0000] {dag.py:3954} INFO - Setting next_dagrun for example_sla_dag to 2025-09-24 16:56:00+00:00, run_after=2025-09-24 16:58:00+00:00
[2025-09-24T16:58:16.293+0000] {processor.py:183} INFO - Processing /home/airflow/.local/lib/python3.12/site-packages/airflow/example_dags/example_sla_dag.py took 0.111 seconds
[2025-09-24T16:58:46.458+0000] {processor.py:161} INFO - Started process (PID=2536) to work on /home/airflow/.local/lib/python3.12/site-packages/airflow/example_dags/example_sla_dag.py
[2025-09-24T16:58:46.459+0000] {processor.py:830} INFO - Processing file /home/airflow/.local/lib/python3.12/site-packages/airflow/example_dags/example_sla_dag.py for tasks to queue
[2025-09-24T16:58:46.462+0000] {logging_mixin.py:188} INFO - [2025-09-24T16:58:46.461+0000] {dagbag.py:540} INFO - Filling up the DagBag from /home/airflow/.local/lib/python3.12/site-packages/airflow/example_dags/example_sla_dag.py
[2025-09-24T16:58:46.474+0000] {processor.py:840} INFO - DAG(s) 'example_sla_dag' retrieved from /home/airflow/.local/lib/python3.12/site-packages/airflow/example_dags/example_sla_dag.py
[2025-09-24T16:58:46.506+0000] {logging_mixin.py:188} INFO - [2025-09-24T16:58:46.506+0000] {dag.py:3096} INFO - Sync 1 DAGs
[2025-09-24T16:58:46.544+0000] {logging_mixin.py:188} INFO - [2025-09-24T16:58:46.544+0000] {dag.py:3954} INFO - Setting next_dagrun for example_sla_dag to 2025-09-24 16:56:00+00:00, run_after=2025-09-24 16:58:00+00:00
[2025-09-24T16:58:46.568+0000] {processor.py:183} INFO - Processing /home/airflow/.local/lib/python3.12/site-packages/airflow/example_dags/example_sla_dag.py took 0.118 seconds
[2025-09-24T16:59:16.921+0000] {processor.py:161} INFO - Started process (PID=2594) to work on /home/airflow/.local/lib/python3.12/site-packages/airflow/example_dags/example_sla_dag.py
[2025-09-24T16:59:16.923+0000] {processor.py:830} INFO - Processing file /home/airflow/.local/lib/python3.12/site-packages/airflow/example_dags/example_sla_dag.py for tasks to queue
[2025-09-24T16:59:16.925+0000] {logging_mixin.py:188} INFO - [2025-09-24T16:59:16.924+0000] {dagbag.py:540} INFO - Filling up the DagBag from /home/airflow/.local/lib/python3.12/site-packages/airflow/example_dags/example_sla_dag.py
[2025-09-24T16:59:16.935+0000] {processor.py:840} INFO - DAG(s) 'example_sla_dag' retrieved from /home/airflow/.local/lib/python3.12/site-packages/airflow/example_dags/example_sla_dag.py
[2025-09-24T16:59:16.960+0000] {logging_mixin.py:188} INFO - [2025-09-24T16:59:16.959+0000] {dag.py:3096} INFO - Sync 1 DAGs
[2025-09-24T16:59:16.992+0000] {logging_mixin.py:188} INFO - [2025-09-24T16:59:16.992+0000] {dag.py:3954} INFO - Setting next_dagrun for example_sla_dag to 2025-09-24 16:56:00+00:00, run_after=2025-09-24 16:58:00+00:00
[2025-09-24T16:59:17.022+0000] {processor.py:183} INFO - Processing /home/airflow/.local/lib/python3.12/site-packages/airflow/example_dags/example_sla_dag.py took 0.107 seconds
[2025-09-24T16:59:47.358+0000] {processor.py:161} INFO - Started process (PID=2652) to work on /home/airflow/.local/lib/python3.12/site-packages/airflow/example_dags/example_sla_dag.py
[2025-09-24T16:59:47.359+0000] {processor.py:830} INFO - Processing file /home/airflow/.local/lib/python3.12/site-packages/airflow/example_dags/example_sla_dag.py for tasks to queue
[2025-09-24T16:59:47.362+0000] {logging_mixin.py:188} INFO - [2025-09-24T16:59:47.362+0000] {dagbag.py:540} INFO - Filling up the DagBag from /home/airflow/.local/lib/python3.12/site-packages/airflow/example_dags/example_sla_dag.py
[2025-09-24T16:59:47.373+0000] {processor.py:840} INFO - DAG(s) 'example_sla_dag' retrieved from /home/airflow/.local/lib/python3.12/site-packages/airflow/example_dags/example_sla_dag.py
[2025-09-24T16:59:47.397+0000] {logging_mixin.py:188} INFO - [2025-09-24T16:59:47.397+0000] {dag.py:3096} INFO - Sync 1 DAGs
[2025-09-24T16:59:47.435+0000] {logging_mixin.py:188} INFO - [2025-09-24T16:59:47.434+0000] {dag.py:3954} INFO - Setting next_dagrun for example_sla_dag to 2025-09-24 16:56:00+00:00, run_after=2025-09-24 16:58:00+00:00
[2025-09-24T16:59:47.460+0000] {processor.py:183} INFO - Processing /home/airflow/.local/lib/python3.12/site-packages/airflow/example_dags/example_sla_dag.py took 0.109 seconds
[2025-09-24T17:00:17.917+0000] {processor.py:161} INFO - Started process (PID=2710) to work on /home/airflow/.local/lib/python3.12/site-packages/airflow/example_dags/example_sla_dag.py
[2025-09-24T17:00:17.920+0000] {processor.py:830} INFO - Processing file /home/airflow/.local/lib/python3.12/site-packages/airflow/example_dags/example_sla_dag.py for tasks to queue
[2025-09-24T17:00:17.923+0000] {logging_mixin.py:188} INFO - [2025-09-24T17:00:17.922+0000] {dagbag.py:540} INFO - Filling up the DagBag from /home/airflow/.local/lib/python3.12/site-packages/airflow/example_dags/example_sla_dag.py
[2025-09-24T17:00:17.933+0000] {processor.py:840} INFO - DAG(s) 'example_sla_dag' retrieved from /home/airflow/.local/lib/python3.12/site-packages/airflow/example_dags/example_sla_dag.py
[2025-09-24T17:00:17.959+0000] {logging_mixin.py:188} INFO - [2025-09-24T17:00:17.959+0000] {dag.py:3096} INFO - Sync 1 DAGs
[2025-09-24T17:00:17.996+0000] {logging_mixin.py:188} INFO - [2025-09-24T17:00:17.996+0000] {dag.py:3954} INFO - Setting next_dagrun for example_sla_dag to 2025-09-24 16:58:00+00:00, run_after=2025-09-24 17:00:00+00:00
[2025-09-24T17:00:18.022+0000] {processor.py:183} INFO - Processing /home/airflow/.local/lib/python3.12/site-packages/airflow/example_dags/example_sla_dag.py took 0.113 seconds
[2025-09-24T17:00:48.451+0000] {processor.py:161} INFO - Started process (PID=2768) to work on /home/airflow/.local/lib/python3.12/site-packages/airflow/example_dags/example_sla_dag.py
[2025-09-24T17:00:48.454+0000] {processor.py:830} INFO - Processing file /home/airflow/.local/lib/python3.12/site-packages/airflow/example_dags/example_sla_dag.py for tasks to queue
[2025-09-24T17:00:48.457+0000] {logging_mixin.py:188} INFO - [2025-09-24T17:00:48.457+0000] {dagbag.py:540} INFO - Filling up the DagBag from /home/airflow/.local/lib/python3.12/site-packages/airflow/example_dags/example_sla_dag.py
[2025-09-24T17:00:48.469+0000] {processor.py:840} INFO - DAG(s) 'example_sla_dag' retrieved from /home/airflow/.local/lib/python3.12/site-packages/airflow/example_dags/example_sla_dag.py
[2025-09-24T17:00:48.500+0000] {logging_mixin.py:188} INFO - [2025-09-24T17:00:48.500+0000] {dag.py:3096} INFO - Sync 1 DAGs
[2025-09-24T17:00:48.534+0000] {logging_mixin.py:188} INFO - [2025-09-24T17:00:48.534+0000] {dag.py:3954} INFO - Setting next_dagrun for example_sla_dag to 2025-09-24 16:58:00+00:00, run_after=2025-09-24 17:00:00+00:00
[2025-09-24T17:00:48.558+0000] {processor.py:183} INFO - Processing /home/airflow/.local/lib/python3.12/site-packages/airflow/example_dags/example_sla_dag.py took 0.116 seconds
[2025-09-24T17:01:18.978+0000] {processor.py:161} INFO - Started process (PID=2826) to work on /home/airflow/.local/lib/python3.12/site-packages/airflow/example_dags/example_sla_dag.py
[2025-09-24T17:01:18.979+0000] {processor.py:830} INFO - Processing file /home/airflow/.local/lib/python3.12/site-packages/airflow/example_dags/example_sla_dag.py for tasks to queue
[2025-09-24T17:01:18.982+0000] {logging_mixin.py:188} INFO - [2025-09-24T17:01:18.982+0000] {dagbag.py:540} INFO - Filling up the DagBag from /home/airflow/.local/lib/python3.12/site-packages/airflow/example_dags/example_sla_dag.py
[2025-09-24T17:01:18.994+0000] {processor.py:840} INFO - DAG(s) 'example_sla_dag' retrieved from /home/airflow/.local/lib/python3.12/site-packages/airflow/example_dags/example_sla_dag.py
[2025-09-24T17:01:19.022+0000] {logging_mixin.py:188} INFO - [2025-09-24T17:01:19.022+0000] {dag.py:3096} INFO - Sync 1 DAGs
[2025-09-24T17:01:19.057+0000] {logging_mixin.py:188} INFO - [2025-09-24T17:01:19.057+0000] {dag.py:3954} INFO - Setting next_dagrun for example_sla_dag to 2025-09-24 16:58:00+00:00, run_after=2025-09-24 17:00:00+00:00
[2025-09-24T17:01:19.082+0000] {processor.py:183} INFO - Processing /home/airflow/.local/lib/python3.12/site-packages/airflow/example_dags/example_sla_dag.py took 0.113 seconds
[2025-09-24T17:01:49.531+0000] {processor.py:161} INFO - Started process (PID=2884) to work on /home/airflow/.local/lib/python3.12/site-packages/airflow/example_dags/example_sla_dag.py
[2025-09-24T17:01:49.532+0000] {processor.py:830} INFO - Processing file /home/airflow/.local/lib/python3.12/site-packages/airflow/example_dags/example_sla_dag.py for tasks to queue
[2025-09-24T17:01:49.535+0000] {logging_mixin.py:188} INFO - [2025-09-24T17:01:49.534+0000] {dagbag.py:540} INFO - Filling up the DagBag from /home/airflow/.local/lib/python3.12/site-packages/airflow/example_dags/example_sla_dag.py
[2025-09-24T17:01:49.546+0000] {processor.py:840} INFO - DAG(s) 'example_sla_dag' retrieved from /home/airflow/.local/lib/python3.12/site-packages/airflow/example_dags/example_sla_dag.py
[2025-09-24T17:01:49.576+0000] {logging_mixin.py:188} INFO - [2025-09-24T17:01:49.576+0000] {dag.py:3096} INFO - Sync 1 DAGs
[2025-09-24T17:01:49.617+0000] {logging_mixin.py:188} INFO - [2025-09-24T17:01:49.616+0000] {dag.py:3954} INFO - Setting next_dagrun for example_sla_dag to 2025-09-24 16:58:00+00:00, run_after=2025-09-24 17:00:00+00:00
[2025-09-24T17:01:49.641+0000] {processor.py:183} INFO - Processing /home/airflow/.local/lib/python3.12/site-packages/airflow/example_dags/example_sla_dag.py took 0.119 seconds
[2025-09-24T17:02:19.974+0000] {processor.py:161} INFO - Started process (PID=2942) to work on /home/airflow/.local/lib/python3.12/site-packages/airflow/example_dags/example_sla_dag.py
[2025-09-24T17:02:19.976+0000] {processor.py:830} INFO - Processing file /home/airflow/.local/lib/python3.12/site-packages/airflow/example_dags/example_sla_dag.py for tasks to queue
[2025-09-24T17:02:19.979+0000] {logging_mixin.py:188} INFO - [2025-09-24T17:02:19.979+0000] {dagbag.py:540} INFO - Filling up the DagBag from /home/airflow/.local/lib/python3.12/site-packages/airflow/example_dags/example_sla_dag.py
[2025-09-24T17:02:19.991+0000] {processor.py:840} INFO - DAG(s) 'example_sla_dag' retrieved from /home/airflow/.local/lib/python3.12/site-packages/airflow/example_dags/example_sla_dag.py
[2025-09-24T17:02:20.024+0000] {logging_mixin.py:188} INFO - [2025-09-24T17:02:20.024+0000] {dag.py:3096} INFO - Sync 1 DAGs
[2025-09-24T17:02:20.066+0000] {logging_mixin.py:188} INFO - [2025-09-24T17:02:20.065+0000] {dag.py:3954} INFO - Setting next_dagrun for example_sla_dag to 2025-09-24 17:00:00+00:00, run_after=2025-09-24 17:02:00+00:00
[2025-09-24T17:02:20.097+0000] {processor.py:183} INFO - Processing /home/airflow/.local/lib/python3.12/site-packages/airflow/example_dags/example_sla_dag.py took 0.131 seconds
[2025-09-24T17:02:50.558+0000] {processor.py:161} INFO - Started process (PID=3000) to work on /home/airflow/.local/lib/python3.12/site-packages/airflow/example_dags/example_sla_dag.py
[2025-09-24T17:02:50.559+0000] {processor.py:830} INFO - Processing file /home/airflow/.local/lib/python3.12/site-packages/airflow/example_dags/example_sla_dag.py for tasks to queue
[2025-09-24T17:02:50.562+0000] {logging_mixin.py:188} INFO - [2025-09-24T17:02:50.562+0000] {dagbag.py:540} INFO - Filling up the DagBag from /home/airflow/.local/lib/python3.12/site-packages/airflow/example_dags/example_sla_dag.py
[2025-09-24T17:02:50.574+0000] {processor.py:840} INFO - DAG(s) 'example_sla_dag' retrieved from /home/airflow/.local/lib/python3.12/site-packages/airflow/example_dags/example_sla_dag.py
[2025-09-24T17:02:50.610+0000] {logging_mixin.py:188} INFO - [2025-09-24T17:02:50.609+0000] {dag.py:3096} INFO - Sync 1 DAGs
[2025-09-24T17:02:50.645+0000] {logging_mixin.py:188} INFO - [2025-09-24T17:02:50.645+0000] {dag.py:3954} INFO - Setting next_dagrun for example_sla_dag to 2025-09-24 17:00:00+00:00, run_after=2025-09-24 17:02:00+00:00
[2025-09-24T17:02:50.668+0000] {processor.py:183} INFO - Processing /home/airflow/.local/lib/python3.12/site-packages/airflow/example_dags/example_sla_dag.py took 0.118 seconds
[2025-09-24T17:03:21.047+0000] {processor.py:161} INFO - Started process (PID=3058) to work on /home/airflow/.local/lib/python3.12/site-packages/airflow/example_dags/example_sla_dag.py
[2025-09-24T17:03:21.048+0000] {processor.py:830} INFO - Processing file /home/airflow/.local/lib/python3.12/site-packages/airflow/example_dags/example_sla_dag.py for tasks to queue
[2025-09-24T17:03:21.052+0000] {logging_mixin.py:188} INFO - [2025-09-24T17:03:21.052+0000] {dagbag.py:540} INFO - Filling up the DagBag from /home/airflow/.local/lib/python3.12/site-packages/airflow/example_dags/example_sla_dag.py
[2025-09-24T17:03:21.066+0000] {processor.py:840} INFO - DAG(s) 'example_sla_dag' retrieved from /home/airflow/.local/lib/python3.12/site-packages/airflow/example_dags/example_sla_dag.py
[2025-09-24T17:03:21.097+0000] {logging_mixin.py:188} INFO - [2025-09-24T17:03:21.096+0000] {dag.py:3096} INFO - Sync 1 DAGs
[2025-09-24T17:03:21.133+0000] {logging_mixin.py:188} INFO - [2025-09-24T17:03:21.132+0000] {dag.py:3954} INFO - Setting next_dagrun for example_sla_dag to 2025-09-24 17:00:00+00:00, run_after=2025-09-24 17:02:00+00:00
[2025-09-24T17:03:21.158+0000] {processor.py:183} INFO - Processing /home/airflow/.local/lib/python3.12/site-packages/airflow/example_dags/example_sla_dag.py took 0.121 seconds
[2025-09-24T17:03:51.727+0000] {processor.py:161} INFO - Started process (PID=3116) to work on /home/airflow/.local/lib/python3.12/site-packages/airflow/example_dags/example_sla_dag.py
[2025-09-24T17:03:51.728+0000] {processor.py:830} INFO - Processing file /home/airflow/.local/lib/python3.12/site-packages/airflow/example_dags/example_sla_dag.py for tasks to queue
[2025-09-24T17:03:51.732+0000] {logging_mixin.py:188} INFO - [2025-09-24T17:03:51.731+0000] {dagbag.py:540} INFO - Filling up the DagBag from /home/airflow/.local/lib/python3.12/site-packages/airflow/example_dags/example_sla_dag.py
[2025-09-24T17:03:51.745+0000] {processor.py:840} INFO - DAG(s) 'example_sla_dag' retrieved from /home/airflow/.local/lib/python3.12/site-packages/airflow/example_dags/example_sla_dag.py
[2025-09-24T17:03:51.775+0000] {logging_mixin.py:188} INFO - [2025-09-24T17:03:51.774+0000] {dag.py:3096} INFO - Sync 1 DAGs
[2025-09-24T17:03:51.810+0000] {logging_mixin.py:188} INFO - [2025-09-24T17:03:51.810+0000] {dag.py:3954} INFO - Setting next_dagrun for example_sla_dag to 2025-09-24 17:00:00+00:00, run_after=2025-09-24 17:02:00+00:00
[2025-09-24T17:03:51.839+0000] {processor.py:183} INFO - Processing /home/airflow/.local/lib/python3.12/site-packages/airflow/example_dags/example_sla_dag.py took 0.122 seconds
[2025-09-24T17:04:22.467+0000] {processor.py:161} INFO - Started process (PID=3180) to work on /home/airflow/.local/lib/python3.12/site-packages/airflow/example_dags/example_sla_dag.py
[2025-09-24T17:04:22.469+0000] {processor.py:830} INFO - Processing file /home/airflow/.local/lib/python3.12/site-packages/airflow/example_dags/example_sla_dag.py for tasks to queue
[2025-09-24T17:04:22.475+0000] {logging_mixin.py:188} INFO - [2025-09-24T17:04:22.475+0000] {dagbag.py:540} INFO - Filling up the DagBag from /home/airflow/.local/lib/python3.12/site-packages/airflow/example_dags/example_sla_dag.py
[2025-09-24T17:04:22.494+0000] {processor.py:840} INFO - DAG(s) 'example_sla_dag' retrieved from /home/airflow/.local/lib/python3.12/site-packages/airflow/example_dags/example_sla_dag.py
[2025-09-24T17:04:22.542+0000] {logging_mixin.py:188} INFO - [2025-09-24T17:04:22.541+0000] {dag.py:3096} INFO - Sync 1 DAGs
[2025-09-24T17:04:22.587+0000] {logging_mixin.py:188} INFO - [2025-09-24T17:04:22.586+0000] {dag.py:3954} INFO - Setting next_dagrun for example_sla_dag to 2025-09-24 17:02:00+00:00, run_after=2025-09-24 17:04:00+00:00
[2025-09-24T17:04:22.632+0000] {processor.py:183} INFO - Processing /home/airflow/.local/lib/python3.12/site-packages/airflow/example_dags/example_sla_dag.py took 0.175 seconds
[2025-09-24T17:04:52.877+0000] {processor.py:161} INFO - Started process (PID=3238) to work on /home/airflow/.local/lib/python3.12/site-packages/airflow/example_dags/example_sla_dag.py
[2025-09-24T17:04:52.879+0000] {processor.py:830} INFO - Processing file /home/airflow/.local/lib/python3.12/site-packages/airflow/example_dags/example_sla_dag.py for tasks to queue
[2025-09-24T17:04:52.882+0000] {logging_mixin.py:188} INFO - [2025-09-24T17:04:52.881+0000] {dagbag.py:540} INFO - Filling up the DagBag from /home/airflow/.local/lib/python3.12/site-packages/airflow/example_dags/example_sla_dag.py
[2025-09-24T17:04:52.894+0000] {processor.py:840} INFO - DAG(s) 'example_sla_dag' retrieved from /home/airflow/.local/lib/python3.12/site-packages/airflow/example_dags/example_sla_dag.py
[2025-09-24T17:04:52.923+0000] {logging_mixin.py:188} INFO - [2025-09-24T17:04:52.923+0000] {dag.py:3096} INFO - Sync 1 DAGs
[2025-09-24T17:04:52.967+0000] {logging_mixin.py:188} INFO - [2025-09-24T17:04:52.967+0000] {dag.py:3954} INFO - Setting next_dagrun for example_sla_dag to 2025-09-24 17:02:00+00:00, run_after=2025-09-24 17:04:00+00:00
[2025-09-24T17:04:52.997+0000] {processor.py:183} INFO - Processing /home/airflow/.local/lib/python3.12/site-packages/airflow/example_dags/example_sla_dag.py took 0.128 seconds
[2025-09-24T17:05:23.700+0000] {processor.py:161} INFO - Started process (PID=3296) to work on /home/airflow/.local/lib/python3.12/site-packages/airflow/example_dags/example_sla_dag.py
[2025-09-24T17:05:23.702+0000] {processor.py:830} INFO - Processing file /home/airflow/.local/lib/python3.12/site-packages/airflow/example_dags/example_sla_dag.py for tasks to queue
[2025-09-24T17:05:23.705+0000] {logging_mixin.py:188} INFO - [2025-09-24T17:05:23.704+0000] {dagbag.py:540} INFO - Filling up the DagBag from /home/airflow/.local/lib/python3.12/site-packages/airflow/example_dags/example_sla_dag.py
[2025-09-24T17:05:23.716+0000] {processor.py:840} INFO - DAG(s) 'example_sla_dag' retrieved from /home/airflow/.local/lib/python3.12/site-packages/airflow/example_dags/example_sla_dag.py
[2025-09-24T17:05:23.745+0000] {logging_mixin.py:188} INFO - [2025-09-24T17:05:23.745+0000] {dag.py:3096} INFO - Sync 1 DAGs
[2025-09-24T17:05:23.784+0000] {logging_mixin.py:188} INFO - [2025-09-24T17:05:23.784+0000] {dag.py:3954} INFO - Setting next_dagrun for example_sla_dag to 2025-09-24 17:02:00+00:00, run_after=2025-09-24 17:04:00+00:00
[2025-09-24T17:05:23.814+0000] {processor.py:183} INFO - Processing /home/airflow/.local/lib/python3.12/site-packages/airflow/example_dags/example_sla_dag.py took 0.124 seconds
[2025-09-24T17:05:54.676+0000] {processor.py:161} INFO - Started process (PID=3354) to work on /home/airflow/.local/lib/python3.12/site-packages/airflow/example_dags/example_sla_dag.py
[2025-09-24T17:05:54.679+0000] {processor.py:830} INFO - Processing file /home/airflow/.local/lib/python3.12/site-packages/airflow/example_dags/example_sla_dag.py for tasks to queue
[2025-09-24T17:05:54.683+0000] {logging_mixin.py:188} INFO - [2025-09-24T17:05:54.682+0000] {dagbag.py:540} INFO - Filling up the DagBag from /home/airflow/.local/lib/python3.12/site-packages/airflow/example_dags/example_sla_dag.py
[2025-09-24T17:05:54.697+0000] {processor.py:840} INFO - DAG(s) 'example_sla_dag' retrieved from /home/airflow/.local/lib/python3.12/site-packages/airflow/example_dags/example_sla_dag.py
[2025-09-24T17:05:54.730+0000] {logging_mixin.py:188} INFO - [2025-09-24T17:05:54.729+0000] {dag.py:3096} INFO - Sync 1 DAGs
[2025-09-24T17:05:54.776+0000] {logging_mixin.py:188} INFO - [2025-09-24T17:05:54.776+0000] {dag.py:3954} INFO - Setting next_dagrun for example_sla_dag to 2025-09-24 17:02:00+00:00, run_after=2025-09-24 17:04:00+00:00
[2025-09-24T17:05:54.806+0000] {processor.py:183} INFO - Processing /home/airflow/.local/lib/python3.12/site-packages/airflow/example_dags/example_sla_dag.py took 0.138 seconds
[2025-09-24T17:06:25.006+0000] {processor.py:161} INFO - Started process (PID=3412) to work on /home/airflow/.local/lib/python3.12/site-packages/airflow/example_dags/example_sla_dag.py
[2025-09-24T17:06:25.007+0000] {processor.py:830} INFO - Processing file /home/airflow/.local/lib/python3.12/site-packages/airflow/example_dags/example_sla_dag.py for tasks to queue
[2025-09-24T17:06:25.011+0000] {logging_mixin.py:188} INFO - [2025-09-24T17:06:25.010+0000] {dagbag.py:540} INFO - Filling up the DagBag from /home/airflow/.local/lib/python3.12/site-packages/airflow/example_dags/example_sla_dag.py
[2025-09-24T17:06:25.022+0000] {processor.py:840} INFO - DAG(s) 'example_sla_dag' retrieved from /home/airflow/.local/lib/python3.12/site-packages/airflow/example_dags/example_sla_dag.py
[2025-09-24T17:06:25.051+0000] {logging_mixin.py:188} INFO - [2025-09-24T17:06:25.050+0000] {dag.py:3096} INFO - Sync 1 DAGs
[2025-09-24T17:06:25.090+0000] {logging_mixin.py:188} INFO - [2025-09-24T17:06:25.090+0000] {dag.py:3954} INFO - Setting next_dagrun for example_sla_dag to 2025-09-24 17:04:00+00:00, run_after=2025-09-24 17:06:00+00:00
[2025-09-24T17:06:25.119+0000] {processor.py:183} INFO - Processing /home/airflow/.local/lib/python3.12/site-packages/airflow/example_dags/example_sla_dag.py took 0.121 seconds
[2025-09-24T17:06:56.040+0000] {processor.py:161} INFO - Started process (PID=3470) to work on /home/airflow/.local/lib/python3.12/site-packages/airflow/example_dags/example_sla_dag.py
[2025-09-24T17:06:56.041+0000] {processor.py:830} INFO - Processing file /home/airflow/.local/lib/python3.12/site-packages/airflow/example_dags/example_sla_dag.py for tasks to queue
[2025-09-24T17:06:56.044+0000] {logging_mixin.py:188} INFO - [2025-09-24T17:06:56.044+0000] {dagbag.py:540} INFO - Filling up the DagBag from /home/airflow/.local/lib/python3.12/site-packages/airflow/example_dags/example_sla_dag.py
[2025-09-24T17:06:56.057+0000] {processor.py:840} INFO - DAG(s) 'example_sla_dag' retrieved from /home/airflow/.local/lib/python3.12/site-packages/airflow/example_dags/example_sla_dag.py
[2025-09-24T17:06:56.084+0000] {logging_mixin.py:188} INFO - [2025-09-24T17:06:56.084+0000] {dag.py:3096} INFO - Sync 1 DAGs
[2025-09-24T17:06:56.120+0000] {logging_mixin.py:188} INFO - [2025-09-24T17:06:56.119+0000] {dag.py:3954} INFO - Setting next_dagrun for example_sla_dag to 2025-09-24 17:04:00+00:00, run_after=2025-09-24 17:06:00+00:00
[2025-09-24T17:06:56.151+0000] {processor.py:183} INFO - Processing /home/airflow/.local/lib/python3.12/site-packages/airflow/example_dags/example_sla_dag.py took 0.121 seconds
[2025-09-24T17:07:26.252+0000] {processor.py:161} INFO - Started process (PID=3528) to work on /home/airflow/.local/lib/python3.12/site-packages/airflow/example_dags/example_sla_dag.py
[2025-09-24T17:07:26.253+0000] {processor.py:830} INFO - Processing file /home/airflow/.local/lib/python3.12/site-packages/airflow/example_dags/example_sla_dag.py for tasks to queue
[2025-09-24T17:07:26.256+0000] {logging_mixin.py:188} INFO - [2025-09-24T17:07:26.255+0000] {dagbag.py:540} INFO - Filling up the DagBag from /home/airflow/.local/lib/python3.12/site-packages/airflow/example_dags/example_sla_dag.py
[2025-09-24T17:07:26.268+0000] {processor.py:840} INFO - DAG(s) 'example_sla_dag' retrieved from /home/airflow/.local/lib/python3.12/site-packages/airflow/example_dags/example_sla_dag.py
[2025-09-24T17:07:26.301+0000] {logging_mixin.py:188} INFO - [2025-09-24T17:07:26.301+0000] {dag.py:3096} INFO - Sync 1 DAGs
[2025-09-24T17:07:26.347+0000] {logging_mixin.py:188} INFO - [2025-09-24T17:07:26.347+0000] {dag.py:3954} INFO - Setting next_dagrun for example_sla_dag to 2025-09-24 17:04:00+00:00, run_after=2025-09-24 17:06:00+00:00
[2025-09-24T17:07:26.374+0000] {processor.py:183} INFO - Processing /home/airflow/.local/lib/python3.12/site-packages/airflow/example_dags/example_sla_dag.py took 0.130 seconds
[2025-09-24T17:07:56.707+0000] {processor.py:161} INFO - Started process (PID=3586) to work on /home/airflow/.local/lib/python3.12/site-packages/airflow/example_dags/example_sla_dag.py
[2025-09-24T17:07:56.708+0000] {processor.py:830} INFO - Processing file /home/airflow/.local/lib/python3.12/site-packages/airflow/example_dags/example_sla_dag.py for tasks to queue
[2025-09-24T17:07:56.711+0000] {logging_mixin.py:188} INFO - [2025-09-24T17:07:56.711+0000] {dagbag.py:540} INFO - Filling up the DagBag from /home/airflow/.local/lib/python3.12/site-packages/airflow/example_dags/example_sla_dag.py
[2025-09-24T17:07:56.724+0000] {processor.py:840} INFO - DAG(s) 'example_sla_dag' retrieved from /home/airflow/.local/lib/python3.12/site-packages/airflow/example_dags/example_sla_dag.py
[2025-09-24T17:07:56.757+0000] {logging_mixin.py:188} INFO - [2025-09-24T17:07:56.757+0000] {dag.py:3096} INFO - Sync 1 DAGs
[2025-09-24T17:07:56.798+0000] {logging_mixin.py:188} INFO - [2025-09-24T17:07:56.798+0000] {dag.py:3954} INFO - Setting next_dagrun for example_sla_dag to 2025-09-24 17:04:00+00:00, run_after=2025-09-24 17:06:00+00:00
[2025-09-24T17:07:56.830+0000] {processor.py:183} INFO - Processing /home/airflow/.local/lib/python3.12/site-packages/airflow/example_dags/example_sla_dag.py took 0.134 seconds
[2025-09-24T17:08:27.229+0000] {processor.py:161} INFO - Started process (PID=3644) to work on /home/airflow/.local/lib/python3.12/site-packages/airflow/example_dags/example_sla_dag.py
[2025-09-24T17:08:27.231+0000] {processor.py:830} INFO - Processing file /home/airflow/.local/lib/python3.12/site-packages/airflow/example_dags/example_sla_dag.py for tasks to queue
[2025-09-24T17:08:27.233+0000] {logging_mixin.py:188} INFO - [2025-09-24T17:08:27.233+0000] {dagbag.py:540} INFO - Filling up the DagBag from /home/airflow/.local/lib/python3.12/site-packages/airflow/example_dags/example_sla_dag.py
[2025-09-24T17:08:27.246+0000] {processor.py:840} INFO - DAG(s) 'example_sla_dag' retrieved from /home/airflow/.local/lib/python3.12/site-packages/airflow/example_dags/example_sla_dag.py
[2025-09-24T17:08:27.276+0000] {logging_mixin.py:188} INFO - [2025-09-24T17:08:27.276+0000] {dag.py:3096} INFO - Sync 1 DAGs
[2025-09-24T17:08:27.314+0000] {logging_mixin.py:188} INFO - [2025-09-24T17:08:27.314+0000] {dag.py:3954} INFO - Setting next_dagrun for example_sla_dag to 2025-09-24 17:06:00+00:00, run_after=2025-09-24 17:08:00+00:00
[2025-09-24T17:08:27.342+0000] {processor.py:183} INFO - Processing /home/airflow/.local/lib/python3.12/site-packages/airflow/example_dags/example_sla_dag.py took 0.121 seconds
[2025-09-24T17:08:57.757+0000] {processor.py:161} INFO - Started process (PID=3702) to work on /home/airflow/.local/lib/python3.12/site-packages/airflow/example_dags/example_sla_dag.py
[2025-09-24T17:08:57.758+0000] {processor.py:830} INFO - Processing file /home/airflow/.local/lib/python3.12/site-packages/airflow/example_dags/example_sla_dag.py for tasks to queue
[2025-09-24T17:08:57.760+0000] {logging_mixin.py:188} INFO - [2025-09-24T17:08:57.760+0000] {dagbag.py:540} INFO - Filling up the DagBag from /home/airflow/.local/lib/python3.12/site-packages/airflow/example_dags/example_sla_dag.py
[2025-09-24T17:08:57.773+0000] {processor.py:840} INFO - DAG(s) 'example_sla_dag' retrieved from /home/airflow/.local/lib/python3.12/site-packages/airflow/example_dags/example_sla_dag.py
[2025-09-24T17:08:57.807+0000] {logging_mixin.py:188} INFO - [2025-09-24T17:08:57.806+0000] {dag.py:3096} INFO - Sync 1 DAGs
[2025-09-24T17:08:57.850+0000] {logging_mixin.py:188} INFO - [2025-09-24T17:08:57.850+0000] {dag.py:3954} INFO - Setting next_dagrun for example_sla_dag to 2025-09-24 17:06:00+00:00, run_after=2025-09-24 17:08:00+00:00
[2025-09-24T17:08:57.886+0000] {processor.py:183} INFO - Processing /home/airflow/.local/lib/python3.12/site-packages/airflow/example_dags/example_sla_dag.py took 0.138 seconds
[2025-09-24T17:09:28.142+0000] {processor.py:161} INFO - Started process (PID=3760) to work on /home/airflow/.local/lib/python3.12/site-packages/airflow/example_dags/example_sla_dag.py
[2025-09-24T17:09:28.143+0000] {processor.py:830} INFO - Processing file /home/airflow/.local/lib/python3.12/site-packages/airflow/example_dags/example_sla_dag.py for tasks to queue
[2025-09-24T17:09:28.146+0000] {logging_mixin.py:188} INFO - [2025-09-24T17:09:28.145+0000] {dagbag.py:540} INFO - Filling up the DagBag from /home/airflow/.local/lib/python3.12/site-packages/airflow/example_dags/example_sla_dag.py
[2025-09-24T17:09:28.158+0000] {processor.py:840} INFO - DAG(s) 'example_sla_dag' retrieved from /home/airflow/.local/lib/python3.12/site-packages/airflow/example_dags/example_sla_dag.py
[2025-09-24T17:09:28.189+0000] {logging_mixin.py:188} INFO - [2025-09-24T17:09:28.189+0000] {dag.py:3096} INFO - Sync 1 DAGs
[2025-09-24T17:09:28.225+0000] {logging_mixin.py:188} INFO - [2025-09-24T17:09:28.225+0000] {dag.py:3954} INFO - Setting next_dagrun for example_sla_dag to 2025-09-24 17:06:00+00:00, run_after=2025-09-24 17:08:00+00:00
[2025-09-24T17:09:28.252+0000] {processor.py:183} INFO - Processing /home/airflow/.local/lib/python3.12/site-packages/airflow/example_dags/example_sla_dag.py took 0.118 seconds
[2025-09-24T17:09:58.574+0000] {processor.py:161} INFO - Started process (PID=3818) to work on /home/airflow/.local/lib/python3.12/site-packages/airflow/example_dags/example_sla_dag.py
[2025-09-24T17:09:58.575+0000] {processor.py:830} INFO - Processing file /home/airflow/.local/lib/python3.12/site-packages/airflow/example_dags/example_sla_dag.py for tasks to queue
[2025-09-24T17:09:58.578+0000] {logging_mixin.py:188} INFO - [2025-09-24T17:09:58.578+0000] {dagbag.py:540} INFO - Filling up the DagBag from /home/airflow/.local/lib/python3.12/site-packages/airflow/example_dags/example_sla_dag.py
[2025-09-24T17:09:58.591+0000] {processor.py:840} INFO - DAG(s) 'example_sla_dag' retrieved from /home/airflow/.local/lib/python3.12/site-packages/airflow/example_dags/example_sla_dag.py
[2025-09-24T17:09:58.622+0000] {logging_mixin.py:188} INFO - [2025-09-24T17:09:58.621+0000] {dag.py:3096} INFO - Sync 1 DAGs
[2025-09-24T17:09:58.660+0000] {logging_mixin.py:188} INFO - [2025-09-24T17:09:58.659+0000] {dag.py:3954} INFO - Setting next_dagrun for example_sla_dag to 2025-09-24 17:06:00+00:00, run_after=2025-09-24 17:08:00+00:00
[2025-09-24T17:09:58.686+0000] {processor.py:183} INFO - Processing /home/airflow/.local/lib/python3.12/site-packages/airflow/example_dags/example_sla_dag.py took 0.121 seconds
[2025-09-24T17:10:29.550+0000] {processor.py:161} INFO - Started process (PID=3876) to work on /home/airflow/.local/lib/python3.12/site-packages/airflow/example_dags/example_sla_dag.py
[2025-09-24T17:10:29.551+0000] {processor.py:830} INFO - Processing file /home/airflow/.local/lib/python3.12/site-packages/airflow/example_dags/example_sla_dag.py for tasks to queue
[2025-09-24T17:10:29.553+0000] {logging_mixin.py:188} INFO - [2025-09-24T17:10:29.553+0000] {dagbag.py:540} INFO - Filling up the DagBag from /home/airflow/.local/lib/python3.12/site-packages/airflow/example_dags/example_sla_dag.py
[2025-09-24T17:10:29.563+0000] {processor.py:840} INFO - DAG(s) 'example_sla_dag' retrieved from /home/airflow/.local/lib/python3.12/site-packages/airflow/example_dags/example_sla_dag.py
[2025-09-24T17:10:29.587+0000] {logging_mixin.py:188} INFO - [2025-09-24T17:10:29.586+0000] {dag.py:3096} INFO - Sync 1 DAGs
[2025-09-24T17:10:29.616+0000] {logging_mixin.py:188} INFO - [2025-09-24T17:10:29.616+0000] {dag.py:3954} INFO - Setting next_dagrun for example_sla_dag to 2025-09-24 17:08:00+00:00, run_after=2025-09-24 17:10:00+00:00
[2025-09-24T17:10:29.642+0000] {processor.py:183} INFO - Processing /home/airflow/.local/lib/python3.12/site-packages/airflow/example_dags/example_sla_dag.py took 0.099 seconds
[2025-09-24T17:10:59.788+0000] {processor.py:161} INFO - Started process (PID=3932) to work on /home/airflow/.local/lib/python3.12/site-packages/airflow/example_dags/example_sla_dag.py
[2025-09-24T17:10:59.790+0000] {processor.py:830} INFO - Processing file /home/airflow/.local/lib/python3.12/site-packages/airflow/example_dags/example_sla_dag.py for tasks to queue
[2025-09-24T17:10:59.797+0000] {logging_mixin.py:188} INFO - [2025-09-24T17:10:59.796+0000] {dagbag.py:540} INFO - Filling up the DagBag from /home/airflow/.local/lib/python3.12/site-packages/airflow/example_dags/example_sla_dag.py
[2025-09-24T17:10:59.826+0000] {processor.py:840} INFO - DAG(s) 'example_sla_dag' retrieved from /home/airflow/.local/lib/python3.12/site-packages/airflow/example_dags/example_sla_dag.py
[2025-09-24T17:10:59.888+0000] {logging_mixin.py:188} INFO - [2025-09-24T17:10:59.888+0000] {dag.py:3096} INFO - Sync 1 DAGs
[2025-09-24T17:10:59.961+0000] {logging_mixin.py:188} INFO - [2025-09-24T17:10:59.961+0000] {dag.py:3954} INFO - Setting next_dagrun for example_sla_dag to 2025-09-24 17:08:00+00:00, run_after=2025-09-24 17:10:00+00:00
[2025-09-24T17:11:00.019+0000] {processor.py:183} INFO - Processing /home/airflow/.local/lib/python3.12/site-packages/airflow/example_dags/example_sla_dag.py took 0.251 seconds
[2025-09-24T17:11:30.654+0000] {processor.py:161} INFO - Started process (PID=3990) to work on /home/airflow/.local/lib/python3.12/site-packages/airflow/example_dags/example_sla_dag.py
[2025-09-24T17:11:30.655+0000] {processor.py:830} INFO - Processing file /home/airflow/.local/lib/python3.12/site-packages/airflow/example_dags/example_sla_dag.py for tasks to queue
[2025-09-24T17:11:30.659+0000] {logging_mixin.py:188} INFO - [2025-09-24T17:11:30.659+0000] {dagbag.py:540} INFO - Filling up the DagBag from /home/airflow/.local/lib/python3.12/site-packages/airflow/example_dags/example_sla_dag.py
[2025-09-24T17:11:30.672+0000] {processor.py:840} INFO - DAG(s) 'example_sla_dag' retrieved from /home/airflow/.local/lib/python3.12/site-packages/airflow/example_dags/example_sla_dag.py
[2025-09-24T17:11:30.702+0000] {logging_mixin.py:188} INFO - [2025-09-24T17:11:30.701+0000] {dag.py:3096} INFO - Sync 1 DAGs
[2025-09-24T17:11:30.741+0000] {logging_mixin.py:188} INFO - [2025-09-24T17:11:30.741+0000] {dag.py:3954} INFO - Setting next_dagrun for example_sla_dag to 2025-09-24 17:08:00+00:00, run_after=2025-09-24 17:10:00+00:00
[2025-09-24T17:11:30.767+0000] {processor.py:183} INFO - Processing /home/airflow/.local/lib/python3.12/site-packages/airflow/example_dags/example_sla_dag.py took 0.122 seconds
[2025-09-24T17:12:00.932+0000] {processor.py:161} INFO - Started process (PID=4048) to work on /home/airflow/.local/lib/python3.12/site-packages/airflow/example_dags/example_sla_dag.py
[2025-09-24T17:12:00.934+0000] {processor.py:830} INFO - Processing file /home/airflow/.local/lib/python3.12/site-packages/airflow/example_dags/example_sla_dag.py for tasks to queue
[2025-09-24T17:12:00.937+0000] {logging_mixin.py:188} INFO - [2025-09-24T17:12:00.937+0000] {dagbag.py:540} INFO - Filling up the DagBag from /home/airflow/.local/lib/python3.12/site-packages/airflow/example_dags/example_sla_dag.py
[2025-09-24T17:12:00.951+0000] {processor.py:840} INFO - DAG(s) 'example_sla_dag' retrieved from /home/airflow/.local/lib/python3.12/site-packages/airflow/example_dags/example_sla_dag.py
[2025-09-24T17:12:00.978+0000] {logging_mixin.py:188} INFO - [2025-09-24T17:12:00.977+0000] {dag.py:3096} INFO - Sync 1 DAGs
[2025-09-24T17:12:01.016+0000] {logging_mixin.py:188} INFO - [2025-09-24T17:12:01.016+0000] {dag.py:3954} INFO - Setting next_dagrun for example_sla_dag to 2025-09-24 17:10:00+00:00, run_after=2025-09-24 17:12:00+00:00
[2025-09-24T17:12:01.048+0000] {processor.py:183} INFO - Processing /home/airflow/.local/lib/python3.12/site-packages/airflow/example_dags/example_sla_dag.py took 0.124 seconds
[2025-09-24T17:12:31.535+0000] {processor.py:161} INFO - Started process (PID=4106) to work on /home/airflow/.local/lib/python3.12/site-packages/airflow/example_dags/example_sla_dag.py
[2025-09-24T17:12:31.536+0000] {processor.py:830} INFO - Processing file /home/airflow/.local/lib/python3.12/site-packages/airflow/example_dags/example_sla_dag.py for tasks to queue
[2025-09-24T17:12:31.541+0000] {logging_mixin.py:188} INFO - [2025-09-24T17:12:31.541+0000] {dagbag.py:540} INFO - Filling up the DagBag from /home/airflow/.local/lib/python3.12/site-packages/airflow/example_dags/example_sla_dag.py
[2025-09-24T17:12:31.555+0000] {processor.py:840} INFO - DAG(s) 'example_sla_dag' retrieved from /home/airflow/.local/lib/python3.12/site-packages/airflow/example_dags/example_sla_dag.py
[2025-09-24T17:12:31.587+0000] {logging_mixin.py:188} INFO - [2025-09-24T17:12:31.586+0000] {dag.py:3096} INFO - Sync 1 DAGs
[2025-09-24T17:12:31.625+0000] {logging_mixin.py:188} INFO - [2025-09-24T17:12:31.624+0000] {dag.py:3954} INFO - Setting next_dagrun for example_sla_dag to 2025-09-24 17:10:00+00:00, run_after=2025-09-24 17:12:00+00:00
[2025-09-24T17:12:31.653+0000] {processor.py:183} INFO - Processing /home/airflow/.local/lib/python3.12/site-packages/airflow/example_dags/example_sla_dag.py took 0.127 seconds
[2025-09-24T17:13:02.011+0000] {processor.py:161} INFO - Started process (PID=4164) to work on /home/airflow/.local/lib/python3.12/site-packages/airflow/example_dags/example_sla_dag.py
[2025-09-24T17:13:02.012+0000] {processor.py:830} INFO - Processing file /home/airflow/.local/lib/python3.12/site-packages/airflow/example_dags/example_sla_dag.py for tasks to queue
[2025-09-24T17:13:02.016+0000] {logging_mixin.py:188} INFO - [2025-09-24T17:13:02.015+0000] {dagbag.py:540} INFO - Filling up the DagBag from /home/airflow/.local/lib/python3.12/site-packages/airflow/example_dags/example_sla_dag.py
[2025-09-24T17:13:02.028+0000] {processor.py:840} INFO - DAG(s) 'example_sla_dag' retrieved from /home/airflow/.local/lib/python3.12/site-packages/airflow/example_dags/example_sla_dag.py
[2025-09-24T17:13:02.063+0000] {logging_mixin.py:188} INFO - [2025-09-24T17:13:02.063+0000] {dag.py:3096} INFO - Sync 1 DAGs
[2025-09-24T17:13:02.101+0000] {logging_mixin.py:188} INFO - [2025-09-24T17:13:02.101+0000] {dag.py:3954} INFO - Setting next_dagrun for example_sla_dag to 2025-09-24 17:10:00+00:00, run_after=2025-09-24 17:12:00+00:00
[2025-09-24T17:13:02.127+0000] {processor.py:183} INFO - Processing /home/airflow/.local/lib/python3.12/site-packages/airflow/example_dags/example_sla_dag.py took 0.125 seconds
[2025-09-24T17:13:32.683+0000] {processor.py:161} INFO - Started process (PID=4222) to work on /home/airflow/.local/lib/python3.12/site-packages/airflow/example_dags/example_sla_dag.py
[2025-09-24T17:13:32.684+0000] {processor.py:830} INFO - Processing file /home/airflow/.local/lib/python3.12/site-packages/airflow/example_dags/example_sla_dag.py for tasks to queue
[2025-09-24T17:13:32.688+0000] {logging_mixin.py:188} INFO - [2025-09-24T17:13:32.687+0000] {dagbag.py:540} INFO - Filling up the DagBag from /home/airflow/.local/lib/python3.12/site-packages/airflow/example_dags/example_sla_dag.py
[2025-09-24T17:13:32.702+0000] {processor.py:840} INFO - DAG(s) 'example_sla_dag' retrieved from /home/airflow/.local/lib/python3.12/site-packages/airflow/example_dags/example_sla_dag.py
[2025-09-24T17:13:32.729+0000] {logging_mixin.py:188} INFO - [2025-09-24T17:13:32.729+0000] {dag.py:3096} INFO - Sync 1 DAGs
[2025-09-24T17:13:32.775+0000] {logging_mixin.py:188} INFO - [2025-09-24T17:13:32.775+0000] {dag.py:3954} INFO - Setting next_dagrun for example_sla_dag to 2025-09-24 17:10:00+00:00, run_after=2025-09-24 17:12:00+00:00
[2025-09-24T17:13:32.814+0000] {processor.py:183} INFO - Processing /home/airflow/.local/lib/python3.12/site-packages/airflow/example_dags/example_sla_dag.py took 0.140 seconds
[2025-09-24T17:14:03.114+0000] {processor.py:161} INFO - Started process (PID=4280) to work on /home/airflow/.local/lib/python3.12/site-packages/airflow/example_dags/example_sla_dag.py
[2025-09-24T17:14:03.116+0000] {processor.py:830} INFO - Processing file /home/airflow/.local/lib/python3.12/site-packages/airflow/example_dags/example_sla_dag.py for tasks to queue
[2025-09-24T17:14:03.119+0000] {logging_mixin.py:188} INFO - [2025-09-24T17:14:03.119+0000] {dagbag.py:540} INFO - Filling up the DagBag from /home/airflow/.local/lib/python3.12/site-packages/airflow/example_dags/example_sla_dag.py
[2025-09-24T17:14:03.131+0000] {processor.py:840} INFO - DAG(s) 'example_sla_dag' retrieved from /home/airflow/.local/lib/python3.12/site-packages/airflow/example_dags/example_sla_dag.py
[2025-09-24T17:14:03.159+0000] {logging_mixin.py:188} INFO - [2025-09-24T17:14:03.159+0000] {dag.py:3096} INFO - Sync 1 DAGs
[2025-09-24T17:14:03.196+0000] {logging_mixin.py:188} INFO - [2025-09-24T17:14:03.196+0000] {dag.py:3954} INFO - Setting next_dagrun for example_sla_dag to 2025-09-24 17:12:00+00:00, run_after=2025-09-24 17:14:00+00:00
[2025-09-24T17:14:03.227+0000] {processor.py:183} INFO - Processing /home/airflow/.local/lib/python3.12/site-packages/airflow/example_dags/example_sla_dag.py took 0.121 seconds
