[2025-09-24T16:37:17.912+0000] {processor.py:161} INFO - Started process (PID=97) to work on /home/airflow/.local/lib/python3.12/site-packages/airflow/example_dags/tutorial.py
[2025-09-24T16:37:17.914+0000] {processor.py:830} INFO - Processing file /home/airflow/.local/lib/python3.12/site-packages/airflow/example_dags/tutorial.py for tasks to queue
[2025-09-24T16:37:17.916+0000] {logging_mixin.py:188} INFO - [2025-09-24T16:37:17.915+0000] {dagbag.py:540} INFO - Filling up the DagBag from /home/airflow/.local/lib/python3.12/site-packages/airflow/example_dags/tutorial.py
[2025-09-24T16:37:17.930+0000] {processor.py:840} INFO - DAG(s) 'tutorial' retrieved from /home/airflow/.local/lib/python3.12/site-packages/airflow/example_dags/tutorial.py
[2025-09-24T16:37:18.064+0000] {logging_mixin.py:188} INFO - [2025-09-24T16:37:18.063+0000] {dag.py:3096} INFO - Sync 1 DAGs
[2025-09-24T16:37:18.087+0000] {logging_mixin.py:188} INFO - [2025-09-24T16:37:18.087+0000] {dag.py:3954} INFO - Setting next_dagrun for tutorial to 2025-09-23 00:00:00+00:00, run_after=2025-09-24 00:00:00+00:00
[2025-09-24T16:37:18.111+0000] {processor.py:183} INFO - Processing /home/airflow/.local/lib/python3.12/site-packages/airflow/example_dags/tutorial.py took 0.206 seconds
[2025-09-24T16:37:48.847+0000] {processor.py:161} INFO - Started process (PID=155) to work on /home/airflow/.local/lib/python3.12/site-packages/airflow/example_dags/tutorial.py
[2025-09-24T16:37:48.849+0000] {processor.py:830} INFO - Processing file /home/airflow/.local/lib/python3.12/site-packages/airflow/example_dags/tutorial.py for tasks to queue
[2025-09-24T16:37:48.851+0000] {logging_mixin.py:188} INFO - [2025-09-24T16:37:48.851+0000] {dagbag.py:540} INFO - Filling up the DagBag from /home/airflow/.local/lib/python3.12/site-packages/airflow/example_dags/tutorial.py
[2025-09-24T16:37:48.860+0000] {processor.py:840} INFO - DAG(s) 'tutorial' retrieved from /home/airflow/.local/lib/python3.12/site-packages/airflow/example_dags/tutorial.py
[2025-09-24T16:37:48.890+0000] {logging_mixin.py:188} INFO - [2025-09-24T16:37:48.889+0000] {dag.py:3096} INFO - Sync 1 DAGs
[2025-09-24T16:37:48.938+0000] {logging_mixin.py:188} INFO - [2025-09-24T16:37:48.938+0000] {dag.py:3954} INFO - Setting next_dagrun for tutorial to 2025-09-23 00:00:00+00:00, run_after=2025-09-24 00:00:00+00:00
[2025-09-24T16:37:48.971+0000] {processor.py:183} INFO - Processing /home/airflow/.local/lib/python3.12/site-packages/airflow/example_dags/tutorial.py took 0.131 seconds
[2025-09-24T16:38:19.145+0000] {processor.py:161} INFO - Started process (PID=213) to work on /home/airflow/.local/lib/python3.12/site-packages/airflow/example_dags/tutorial.py
[2025-09-24T16:38:19.146+0000] {processor.py:830} INFO - Processing file /home/airflow/.local/lib/python3.12/site-packages/airflow/example_dags/tutorial.py for tasks to queue
[2025-09-24T16:38:19.148+0000] {logging_mixin.py:188} INFO - [2025-09-24T16:38:19.148+0000] {dagbag.py:540} INFO - Filling up the DagBag from /home/airflow/.local/lib/python3.12/site-packages/airflow/example_dags/tutorial.py
[2025-09-24T16:38:19.155+0000] {processor.py:840} INFO - DAG(s) 'tutorial' retrieved from /home/airflow/.local/lib/python3.12/site-packages/airflow/example_dags/tutorial.py
[2025-09-24T16:38:19.183+0000] {logging_mixin.py:188} INFO - [2025-09-24T16:38:19.183+0000] {dag.py:3096} INFO - Sync 1 DAGs
[2025-09-24T16:38:19.211+0000] {logging_mixin.py:188} INFO - [2025-09-24T16:38:19.210+0000] {dag.py:3954} INFO - Setting next_dagrun for tutorial to 2025-09-23 00:00:00+00:00, run_after=2025-09-24 00:00:00+00:00
[2025-09-24T16:38:19.235+0000] {processor.py:183} INFO - Processing /home/airflow/.local/lib/python3.12/site-packages/airflow/example_dags/tutorial.py took 0.098 seconds
[2025-09-24T16:38:49.582+0000] {processor.py:161} INFO - Started process (PID=271) to work on /home/airflow/.local/lib/python3.12/site-packages/airflow/example_dags/tutorial.py
[2025-09-24T16:38:49.583+0000] {processor.py:830} INFO - Processing file /home/airflow/.local/lib/python3.12/site-packages/airflow/example_dags/tutorial.py for tasks to queue
[2025-09-24T16:38:49.587+0000] {logging_mixin.py:188} INFO - [2025-09-24T16:38:49.587+0000] {dagbag.py:540} INFO - Filling up the DagBag from /home/airflow/.local/lib/python3.12/site-packages/airflow/example_dags/tutorial.py
[2025-09-24T16:38:49.598+0000] {processor.py:840} INFO - DAG(s) 'tutorial' retrieved from /home/airflow/.local/lib/python3.12/site-packages/airflow/example_dags/tutorial.py
[2025-09-24T16:38:49.623+0000] {logging_mixin.py:188} INFO - [2025-09-24T16:38:49.622+0000] {dag.py:3096} INFO - Sync 1 DAGs
[2025-09-24T16:38:49.649+0000] {logging_mixin.py:188} INFO - [2025-09-24T16:38:49.648+0000] {dag.py:3954} INFO - Setting next_dagrun for tutorial to 2025-09-23 00:00:00+00:00, run_after=2025-09-24 00:00:00+00:00
[2025-09-24T16:38:49.670+0000] {processor.py:183} INFO - Processing /home/airflow/.local/lib/python3.12/site-packages/airflow/example_dags/tutorial.py took 0.099 seconds
[2025-09-24T16:39:19.858+0000] {processor.py:161} INFO - Started process (PID=329) to work on /home/airflow/.local/lib/python3.12/site-packages/airflow/example_dags/tutorial.py
[2025-09-24T16:39:19.859+0000] {processor.py:830} INFO - Processing file /home/airflow/.local/lib/python3.12/site-packages/airflow/example_dags/tutorial.py for tasks to queue
[2025-09-24T16:39:19.862+0000] {logging_mixin.py:188} INFO - [2025-09-24T16:39:19.861+0000] {dagbag.py:540} INFO - Filling up the DagBag from /home/airflow/.local/lib/python3.12/site-packages/airflow/example_dags/tutorial.py
[2025-09-24T16:39:19.870+0000] {processor.py:840} INFO - DAG(s) 'tutorial' retrieved from /home/airflow/.local/lib/python3.12/site-packages/airflow/example_dags/tutorial.py
[2025-09-24T16:39:19.895+0000] {logging_mixin.py:188} INFO - [2025-09-24T16:39:19.895+0000] {dag.py:3096} INFO - Sync 1 DAGs
[2025-09-24T16:39:19.921+0000] {logging_mixin.py:188} INFO - [2025-09-24T16:39:19.921+0000] {dag.py:3954} INFO - Setting next_dagrun for tutorial to 2025-09-23 00:00:00+00:00, run_after=2025-09-24 00:00:00+00:00
[2025-09-24T16:39:19.942+0000] {processor.py:183} INFO - Processing /home/airflow/.local/lib/python3.12/site-packages/airflow/example_dags/tutorial.py took 0.092 seconds
[2025-09-24T16:39:50.613+0000] {processor.py:161} INFO - Started process (PID=387) to work on /home/airflow/.local/lib/python3.12/site-packages/airflow/example_dags/tutorial.py
[2025-09-24T16:39:50.614+0000] {processor.py:830} INFO - Processing file /home/airflow/.local/lib/python3.12/site-packages/airflow/example_dags/tutorial.py for tasks to queue
[2025-09-24T16:39:50.616+0000] {logging_mixin.py:188} INFO - [2025-09-24T16:39:50.616+0000] {dagbag.py:540} INFO - Filling up the DagBag from /home/airflow/.local/lib/python3.12/site-packages/airflow/example_dags/tutorial.py
[2025-09-24T16:39:50.624+0000] {processor.py:840} INFO - DAG(s) 'tutorial' retrieved from /home/airflow/.local/lib/python3.12/site-packages/airflow/example_dags/tutorial.py
[2025-09-24T16:39:50.649+0000] {logging_mixin.py:188} INFO - [2025-09-24T16:39:50.649+0000] {dag.py:3096} INFO - Sync 1 DAGs
[2025-09-24T16:39:50.675+0000] {logging_mixin.py:188} INFO - [2025-09-24T16:39:50.675+0000] {dag.py:3954} INFO - Setting next_dagrun for tutorial to 2025-09-23 00:00:00+00:00, run_after=2025-09-24 00:00:00+00:00
[2025-09-24T16:39:50.698+0000] {processor.py:183} INFO - Processing /home/airflow/.local/lib/python3.12/site-packages/airflow/example_dags/tutorial.py took 0.093 seconds
[2025-09-24T16:40:21.054+0000] {processor.py:161} INFO - Started process (PID=445) to work on /home/airflow/.local/lib/python3.12/site-packages/airflow/example_dags/tutorial.py
[2025-09-24T16:40:21.055+0000] {processor.py:830} INFO - Processing file /home/airflow/.local/lib/python3.12/site-packages/airflow/example_dags/tutorial.py for tasks to queue
[2025-09-24T16:40:21.058+0000] {logging_mixin.py:188} INFO - [2025-09-24T16:40:21.057+0000] {dagbag.py:540} INFO - Filling up the DagBag from /home/airflow/.local/lib/python3.12/site-packages/airflow/example_dags/tutorial.py
[2025-09-24T16:40:21.065+0000] {processor.py:840} INFO - DAG(s) 'tutorial' retrieved from /home/airflow/.local/lib/python3.12/site-packages/airflow/example_dags/tutorial.py
[2025-09-24T16:40:21.090+0000] {logging_mixin.py:188} INFO - [2025-09-24T16:40:21.090+0000] {dag.py:3096} INFO - Sync 1 DAGs
[2025-09-24T16:40:21.117+0000] {logging_mixin.py:188} INFO - [2025-09-24T16:40:21.117+0000] {dag.py:3954} INFO - Setting next_dagrun for tutorial to 2025-09-23 00:00:00+00:00, run_after=2025-09-24 00:00:00+00:00
[2025-09-24T16:40:21.141+0000] {processor.py:183} INFO - Processing /home/airflow/.local/lib/python3.12/site-packages/airflow/example_dags/tutorial.py took 0.095 seconds
[2025-09-24T16:40:51.425+0000] {processor.py:161} INFO - Started process (PID=503) to work on /home/airflow/.local/lib/python3.12/site-packages/airflow/example_dags/tutorial.py
[2025-09-24T16:40:51.426+0000] {processor.py:830} INFO - Processing file /home/airflow/.local/lib/python3.12/site-packages/airflow/example_dags/tutorial.py for tasks to queue
[2025-09-24T16:40:51.429+0000] {logging_mixin.py:188} INFO - [2025-09-24T16:40:51.428+0000] {dagbag.py:540} INFO - Filling up the DagBag from /home/airflow/.local/lib/python3.12/site-packages/airflow/example_dags/tutorial.py
[2025-09-24T16:40:51.436+0000] {processor.py:840} INFO - DAG(s) 'tutorial' retrieved from /home/airflow/.local/lib/python3.12/site-packages/airflow/example_dags/tutorial.py
[2025-09-24T16:40:51.465+0000] {logging_mixin.py:188} INFO - [2025-09-24T16:40:51.465+0000] {dag.py:3096} INFO - Sync 1 DAGs
[2025-09-24T16:40:51.492+0000] {logging_mixin.py:188} INFO - [2025-09-24T16:40:51.492+0000] {dag.py:3954} INFO - Setting next_dagrun for tutorial to 2025-09-23 00:00:00+00:00, run_after=2025-09-24 00:00:00+00:00
[2025-09-24T16:40:51.513+0000] {processor.py:183} INFO - Processing /home/airflow/.local/lib/python3.12/site-packages/airflow/example_dags/tutorial.py took 0.095 seconds
[2025-09-24T16:41:21.837+0000] {processor.py:161} INFO - Started process (PID=561) to work on /home/airflow/.local/lib/python3.12/site-packages/airflow/example_dags/tutorial.py
[2025-09-24T16:41:21.838+0000] {processor.py:830} INFO - Processing file /home/airflow/.local/lib/python3.12/site-packages/airflow/example_dags/tutorial.py for tasks to queue
[2025-09-24T16:41:21.841+0000] {logging_mixin.py:188} INFO - [2025-09-24T16:41:21.840+0000] {dagbag.py:540} INFO - Filling up the DagBag from /home/airflow/.local/lib/python3.12/site-packages/airflow/example_dags/tutorial.py
[2025-09-24T16:41:21.848+0000] {processor.py:840} INFO - DAG(s) 'tutorial' retrieved from /home/airflow/.local/lib/python3.12/site-packages/airflow/example_dags/tutorial.py
[2025-09-24T16:41:21.873+0000] {logging_mixin.py:188} INFO - [2025-09-24T16:41:21.873+0000] {dag.py:3096} INFO - Sync 1 DAGs
[2025-09-24T16:41:21.900+0000] {logging_mixin.py:188} INFO - [2025-09-24T16:41:21.900+0000] {dag.py:3954} INFO - Setting next_dagrun for tutorial to 2025-09-23 00:00:00+00:00, run_after=2025-09-24 00:00:00+00:00
[2025-09-24T16:41:21.922+0000] {processor.py:183} INFO - Processing /home/airflow/.local/lib/python3.12/site-packages/airflow/example_dags/tutorial.py took 0.092 seconds
[2025-09-24T16:41:52.328+0000] {processor.py:161} INFO - Started process (PID=619) to work on /home/airflow/.local/lib/python3.12/site-packages/airflow/example_dags/tutorial.py
[2025-09-24T16:41:52.329+0000] {processor.py:830} INFO - Processing file /home/airflow/.local/lib/python3.12/site-packages/airflow/example_dags/tutorial.py for tasks to queue
[2025-09-24T16:41:52.331+0000] {logging_mixin.py:188} INFO - [2025-09-24T16:41:52.331+0000] {dagbag.py:540} INFO - Filling up the DagBag from /home/airflow/.local/lib/python3.12/site-packages/airflow/example_dags/tutorial.py
[2025-09-24T16:41:52.338+0000] {processor.py:840} INFO - DAG(s) 'tutorial' retrieved from /home/airflow/.local/lib/python3.12/site-packages/airflow/example_dags/tutorial.py
[2025-09-24T16:41:52.361+0000] {logging_mixin.py:188} INFO - [2025-09-24T16:41:52.361+0000] {dag.py:3096} INFO - Sync 1 DAGs
[2025-09-24T16:41:52.386+0000] {logging_mixin.py:188} INFO - [2025-09-24T16:41:52.386+0000] {dag.py:3954} INFO - Setting next_dagrun for tutorial to 2025-09-23 00:00:00+00:00, run_after=2025-09-24 00:00:00+00:00
[2025-09-24T16:41:52.407+0000] {processor.py:183} INFO - Processing /home/airflow/.local/lib/python3.12/site-packages/airflow/example_dags/tutorial.py took 0.086 seconds
[2025-09-24T16:42:22.605+0000] {processor.py:161} INFO - Started process (PID=677) to work on /home/airflow/.local/lib/python3.12/site-packages/airflow/example_dags/tutorial.py
[2025-09-24T16:42:22.606+0000] {processor.py:830} INFO - Processing file /home/airflow/.local/lib/python3.12/site-packages/airflow/example_dags/tutorial.py for tasks to queue
[2025-09-24T16:42:22.608+0000] {logging_mixin.py:188} INFO - [2025-09-24T16:42:22.608+0000] {dagbag.py:540} INFO - Filling up the DagBag from /home/airflow/.local/lib/python3.12/site-packages/airflow/example_dags/tutorial.py
[2025-09-24T16:42:22.616+0000] {processor.py:840} INFO - DAG(s) 'tutorial' retrieved from /home/airflow/.local/lib/python3.12/site-packages/airflow/example_dags/tutorial.py
[2025-09-24T16:42:22.641+0000] {logging_mixin.py:188} INFO - [2025-09-24T16:42:22.640+0000] {dag.py:3096} INFO - Sync 1 DAGs
[2025-09-24T16:42:22.667+0000] {logging_mixin.py:188} INFO - [2025-09-24T16:42:22.667+0000] {dag.py:3954} INFO - Setting next_dagrun for tutorial to 2025-09-23 00:00:00+00:00, run_after=2025-09-24 00:00:00+00:00
[2025-09-24T16:42:22.690+0000] {processor.py:183} INFO - Processing /home/airflow/.local/lib/python3.12/site-packages/airflow/example_dags/tutorial.py took 0.093 seconds
[2025-09-24T16:42:52.986+0000] {processor.py:161} INFO - Started process (PID=735) to work on /home/airflow/.local/lib/python3.12/site-packages/airflow/example_dags/tutorial.py
[2025-09-24T16:42:52.987+0000] {processor.py:830} INFO - Processing file /home/airflow/.local/lib/python3.12/site-packages/airflow/example_dags/tutorial.py for tasks to queue
[2025-09-24T16:42:52.989+0000] {logging_mixin.py:188} INFO - [2025-09-24T16:42:52.989+0000] {dagbag.py:540} INFO - Filling up the DagBag from /home/airflow/.local/lib/python3.12/site-packages/airflow/example_dags/tutorial.py
[2025-09-24T16:42:52.996+0000] {processor.py:840} INFO - DAG(s) 'tutorial' retrieved from /home/airflow/.local/lib/python3.12/site-packages/airflow/example_dags/tutorial.py
[2025-09-24T16:42:53.025+0000] {logging_mixin.py:188} INFO - [2025-09-24T16:42:53.025+0000] {dag.py:3096} INFO - Sync 1 DAGs
[2025-09-24T16:42:53.057+0000] {logging_mixin.py:188} INFO - [2025-09-24T16:42:53.057+0000] {dag.py:3954} INFO - Setting next_dagrun for tutorial to 2025-09-23 00:00:00+00:00, run_after=2025-09-24 00:00:00+00:00
[2025-09-24T16:42:53.084+0000] {processor.py:183} INFO - Processing /home/airflow/.local/lib/python3.12/site-packages/airflow/example_dags/tutorial.py took 0.106 seconds
[2025-09-24T16:43:23.437+0000] {processor.py:161} INFO - Started process (PID=793) to work on /home/airflow/.local/lib/python3.12/site-packages/airflow/example_dags/tutorial.py
[2025-09-24T16:43:23.438+0000] {processor.py:830} INFO - Processing file /home/airflow/.local/lib/python3.12/site-packages/airflow/example_dags/tutorial.py for tasks to queue
[2025-09-24T16:43:23.440+0000] {logging_mixin.py:188} INFO - [2025-09-24T16:43:23.440+0000] {dagbag.py:540} INFO - Filling up the DagBag from /home/airflow/.local/lib/python3.12/site-packages/airflow/example_dags/tutorial.py
[2025-09-24T16:43:23.447+0000] {processor.py:840} INFO - DAG(s) 'tutorial' retrieved from /home/airflow/.local/lib/python3.12/site-packages/airflow/example_dags/tutorial.py
[2025-09-24T16:43:23.470+0000] {logging_mixin.py:188} INFO - [2025-09-24T16:43:23.470+0000] {dag.py:3096} INFO - Sync 1 DAGs
[2025-09-24T16:43:23.495+0000] {logging_mixin.py:188} INFO - [2025-09-24T16:43:23.495+0000] {dag.py:3954} INFO - Setting next_dagrun for tutorial to 2025-09-23 00:00:00+00:00, run_after=2025-09-24 00:00:00+00:00
[2025-09-24T16:43:23.516+0000] {processor.py:183} INFO - Processing /home/airflow/.local/lib/python3.12/site-packages/airflow/example_dags/tutorial.py took 0.087 seconds
[2025-09-24T16:43:53.749+0000] {processor.py:161} INFO - Started process (PID=851) to work on /home/airflow/.local/lib/python3.12/site-packages/airflow/example_dags/tutorial.py
[2025-09-24T16:43:53.751+0000] {processor.py:830} INFO - Processing file /home/airflow/.local/lib/python3.12/site-packages/airflow/example_dags/tutorial.py for tasks to queue
[2025-09-24T16:43:53.753+0000] {logging_mixin.py:188} INFO - [2025-09-24T16:43:53.753+0000] {dagbag.py:540} INFO - Filling up the DagBag from /home/airflow/.local/lib/python3.12/site-packages/airflow/example_dags/tutorial.py
[2025-09-24T16:43:53.762+0000] {processor.py:840} INFO - DAG(s) 'tutorial' retrieved from /home/airflow/.local/lib/python3.12/site-packages/airflow/example_dags/tutorial.py
[2025-09-24T16:43:53.789+0000] {logging_mixin.py:188} INFO - [2025-09-24T16:43:53.789+0000] {dag.py:3096} INFO - Sync 1 DAGs
[2025-09-24T16:43:53.818+0000] {logging_mixin.py:188} INFO - [2025-09-24T16:43:53.817+0000] {dag.py:3954} INFO - Setting next_dagrun for tutorial to 2025-09-23 00:00:00+00:00, run_after=2025-09-24 00:00:00+00:00
[2025-09-24T16:43:53.842+0000] {processor.py:183} INFO - Processing /home/airflow/.local/lib/python3.12/site-packages/airflow/example_dags/tutorial.py took 0.100 seconds
[2025-09-24T16:44:24.202+0000] {processor.py:161} INFO - Started process (PID=909) to work on /home/airflow/.local/lib/python3.12/site-packages/airflow/example_dags/tutorial.py
[2025-09-24T16:44:24.203+0000] {processor.py:830} INFO - Processing file /home/airflow/.local/lib/python3.12/site-packages/airflow/example_dags/tutorial.py for tasks to queue
[2025-09-24T16:44:24.206+0000] {logging_mixin.py:188} INFO - [2025-09-24T16:44:24.205+0000] {dagbag.py:540} INFO - Filling up the DagBag from /home/airflow/.local/lib/python3.12/site-packages/airflow/example_dags/tutorial.py
[2025-09-24T16:44:24.214+0000] {processor.py:840} INFO - DAG(s) 'tutorial' retrieved from /home/airflow/.local/lib/python3.12/site-packages/airflow/example_dags/tutorial.py
[2025-09-24T16:44:24.240+0000] {logging_mixin.py:188} INFO - [2025-09-24T16:44:24.240+0000] {dag.py:3096} INFO - Sync 1 DAGs
[2025-09-24T16:44:24.271+0000] {logging_mixin.py:188} INFO - [2025-09-24T16:44:24.271+0000] {dag.py:3954} INFO - Setting next_dagrun for tutorial to 2025-09-23 00:00:00+00:00, run_after=2025-09-24 00:00:00+00:00
[2025-09-24T16:44:24.295+0000] {processor.py:183} INFO - Processing /home/airflow/.local/lib/python3.12/site-packages/airflow/example_dags/tutorial.py took 0.102 seconds
[2025-09-24T16:44:54.775+0000] {processor.py:161} INFO - Started process (PID=967) to work on /home/airflow/.local/lib/python3.12/site-packages/airflow/example_dags/tutorial.py
[2025-09-24T16:44:54.776+0000] {processor.py:830} INFO - Processing file /home/airflow/.local/lib/python3.12/site-packages/airflow/example_dags/tutorial.py for tasks to queue
[2025-09-24T16:44:54.778+0000] {logging_mixin.py:188} INFO - [2025-09-24T16:44:54.778+0000] {dagbag.py:540} INFO - Filling up the DagBag from /home/airflow/.local/lib/python3.12/site-packages/airflow/example_dags/tutorial.py
[2025-09-24T16:44:54.787+0000] {processor.py:840} INFO - DAG(s) 'tutorial' retrieved from /home/airflow/.local/lib/python3.12/site-packages/airflow/example_dags/tutorial.py
[2025-09-24T16:44:54.816+0000] {logging_mixin.py:188} INFO - [2025-09-24T16:44:54.815+0000] {dag.py:3096} INFO - Sync 1 DAGs
[2025-09-24T16:44:54.848+0000] {logging_mixin.py:188} INFO - [2025-09-24T16:44:54.848+0000] {dag.py:3954} INFO - Setting next_dagrun for tutorial to 2025-09-23 00:00:00+00:00, run_after=2025-09-24 00:00:00+00:00
[2025-09-24T16:44:54.876+0000] {processor.py:183} INFO - Processing /home/airflow/.local/lib/python3.12/site-packages/airflow/example_dags/tutorial.py took 0.109 seconds
[2025-09-24T16:45:25.123+0000] {processor.py:161} INFO - Started process (PID=1025) to work on /home/airflow/.local/lib/python3.12/site-packages/airflow/example_dags/tutorial.py
[2025-09-24T16:45:25.124+0000] {processor.py:830} INFO - Processing file /home/airflow/.local/lib/python3.12/site-packages/airflow/example_dags/tutorial.py for tasks to queue
[2025-09-24T16:45:25.126+0000] {logging_mixin.py:188} INFO - [2025-09-24T16:45:25.126+0000] {dagbag.py:540} INFO - Filling up the DagBag from /home/airflow/.local/lib/python3.12/site-packages/airflow/example_dags/tutorial.py
[2025-09-24T16:45:25.135+0000] {processor.py:840} INFO - DAG(s) 'tutorial' retrieved from /home/airflow/.local/lib/python3.12/site-packages/airflow/example_dags/tutorial.py
[2025-09-24T16:45:25.164+0000] {logging_mixin.py:188} INFO - [2025-09-24T16:45:25.164+0000] {dag.py:3096} INFO - Sync 1 DAGs
[2025-09-24T16:45:25.194+0000] {logging_mixin.py:188} INFO - [2025-09-24T16:45:25.193+0000] {dag.py:3954} INFO - Setting next_dagrun for tutorial to 2025-09-23 00:00:00+00:00, run_after=2025-09-24 00:00:00+00:00
[2025-09-24T16:45:25.221+0000] {processor.py:183} INFO - Processing /home/airflow/.local/lib/python3.12/site-packages/airflow/example_dags/tutorial.py took 0.106 seconds
[2025-09-24T16:45:55.560+0000] {processor.py:161} INFO - Started process (PID=1083) to work on /home/airflow/.local/lib/python3.12/site-packages/airflow/example_dags/tutorial.py
[2025-09-24T16:45:55.562+0000] {processor.py:830} INFO - Processing file /home/airflow/.local/lib/python3.12/site-packages/airflow/example_dags/tutorial.py for tasks to queue
[2025-09-24T16:45:55.564+0000] {logging_mixin.py:188} INFO - [2025-09-24T16:45:55.564+0000] {dagbag.py:540} INFO - Filling up the DagBag from /home/airflow/.local/lib/python3.12/site-packages/airflow/example_dags/tutorial.py
[2025-09-24T16:45:55.572+0000] {processor.py:840} INFO - DAG(s) 'tutorial' retrieved from /home/airflow/.local/lib/python3.12/site-packages/airflow/example_dags/tutorial.py
[2025-09-24T16:45:55.601+0000] {logging_mixin.py:188} INFO - [2025-09-24T16:45:55.600+0000] {dag.py:3096} INFO - Sync 1 DAGs
[2025-09-24T16:45:55.628+0000] {logging_mixin.py:188} INFO - [2025-09-24T16:45:55.628+0000] {dag.py:3954} INFO - Setting next_dagrun for tutorial to 2025-09-23 00:00:00+00:00, run_after=2025-09-24 00:00:00+00:00
[2025-09-24T16:45:55.650+0000] {processor.py:183} INFO - Processing /home/airflow/.local/lib/python3.12/site-packages/airflow/example_dags/tutorial.py took 0.098 seconds
[2025-09-24T16:46:26.189+0000] {processor.py:161} INFO - Started process (PID=1141) to work on /home/airflow/.local/lib/python3.12/site-packages/airflow/example_dags/tutorial.py
[2025-09-24T16:46:26.191+0000] {processor.py:830} INFO - Processing file /home/airflow/.local/lib/python3.12/site-packages/airflow/example_dags/tutorial.py for tasks to queue
[2025-09-24T16:46:26.194+0000] {logging_mixin.py:188} INFO - [2025-09-24T16:46:26.194+0000] {dagbag.py:540} INFO - Filling up the DagBag from /home/airflow/.local/lib/python3.12/site-packages/airflow/example_dags/tutorial.py
[2025-09-24T16:46:26.204+0000] {processor.py:840} INFO - DAG(s) 'tutorial' retrieved from /home/airflow/.local/lib/python3.12/site-packages/airflow/example_dags/tutorial.py
[2025-09-24T16:46:26.244+0000] {logging_mixin.py:188} INFO - [2025-09-24T16:46:26.243+0000] {dag.py:3096} INFO - Sync 1 DAGs
[2025-09-24T16:46:26.284+0000] {logging_mixin.py:188} INFO - [2025-09-24T16:46:26.284+0000] {dag.py:3954} INFO - Setting next_dagrun for tutorial to 2025-09-23 00:00:00+00:00, run_after=2025-09-24 00:00:00+00:00
[2025-09-24T16:46:26.316+0000] {processor.py:183} INFO - Processing /home/airflow/.local/lib/python3.12/site-packages/airflow/example_dags/tutorial.py took 0.138 seconds
[2025-09-24T16:46:56.365+0000] {processor.py:161} INFO - Started process (PID=1199) to work on /home/airflow/.local/lib/python3.12/site-packages/airflow/example_dags/tutorial.py
[2025-09-24T16:46:56.366+0000] {processor.py:830} INFO - Processing file /home/airflow/.local/lib/python3.12/site-packages/airflow/example_dags/tutorial.py for tasks to queue
[2025-09-24T16:46:56.368+0000] {logging_mixin.py:188} INFO - [2025-09-24T16:46:56.368+0000] {dagbag.py:540} INFO - Filling up the DagBag from /home/airflow/.local/lib/python3.12/site-packages/airflow/example_dags/tutorial.py
[2025-09-24T16:46:56.376+0000] {processor.py:840} INFO - DAG(s) 'tutorial' retrieved from /home/airflow/.local/lib/python3.12/site-packages/airflow/example_dags/tutorial.py
[2025-09-24T16:46:56.402+0000] {logging_mixin.py:188} INFO - [2025-09-24T16:46:56.401+0000] {dag.py:3096} INFO - Sync 1 DAGs
[2025-09-24T16:46:56.428+0000] {logging_mixin.py:188} INFO - [2025-09-24T16:46:56.428+0000] {dag.py:3954} INFO - Setting next_dagrun for tutorial to 2025-09-23 00:00:00+00:00, run_after=2025-09-24 00:00:00+00:00
[2025-09-24T16:46:56.451+0000] {processor.py:183} INFO - Processing /home/airflow/.local/lib/python3.12/site-packages/airflow/example_dags/tutorial.py took 0.094 seconds
[2025-09-24T16:47:26.911+0000] {processor.py:161} INFO - Started process (PID=1257) to work on /home/airflow/.local/lib/python3.12/site-packages/airflow/example_dags/tutorial.py
[2025-09-24T16:47:26.913+0000] {processor.py:830} INFO - Processing file /home/airflow/.local/lib/python3.12/site-packages/airflow/example_dags/tutorial.py for tasks to queue
[2025-09-24T16:47:26.916+0000] {logging_mixin.py:188} INFO - [2025-09-24T16:47:26.916+0000] {dagbag.py:540} INFO - Filling up the DagBag from /home/airflow/.local/lib/python3.12/site-packages/airflow/example_dags/tutorial.py
[2025-09-24T16:47:26.925+0000] {processor.py:840} INFO - DAG(s) 'tutorial' retrieved from /home/airflow/.local/lib/python3.12/site-packages/airflow/example_dags/tutorial.py
[2025-09-24T16:47:26.954+0000] {logging_mixin.py:188} INFO - [2025-09-24T16:47:26.954+0000] {dag.py:3096} INFO - Sync 1 DAGs
[2025-09-24T16:47:26.985+0000] {logging_mixin.py:188} INFO - [2025-09-24T16:47:26.985+0000] {dag.py:3954} INFO - Setting next_dagrun for tutorial to 2025-09-23 00:00:00+00:00, run_after=2025-09-24 00:00:00+00:00
[2025-09-24T16:47:27.015+0000] {processor.py:183} INFO - Processing /home/airflow/.local/lib/python3.12/site-packages/airflow/example_dags/tutorial.py took 0.111 seconds
[2025-09-24T16:47:57.577+0000] {processor.py:161} INFO - Started process (PID=1315) to work on /home/airflow/.local/lib/python3.12/site-packages/airflow/example_dags/tutorial.py
[2025-09-24T16:47:57.579+0000] {processor.py:830} INFO - Processing file /home/airflow/.local/lib/python3.12/site-packages/airflow/example_dags/tutorial.py for tasks to queue
[2025-09-24T16:47:57.581+0000] {logging_mixin.py:188} INFO - [2025-09-24T16:47:57.581+0000] {dagbag.py:540} INFO - Filling up the DagBag from /home/airflow/.local/lib/python3.12/site-packages/airflow/example_dags/tutorial.py
[2025-09-24T16:47:57.590+0000] {processor.py:840} INFO - DAG(s) 'tutorial' retrieved from /home/airflow/.local/lib/python3.12/site-packages/airflow/example_dags/tutorial.py
[2025-09-24T16:47:57.623+0000] {logging_mixin.py:188} INFO - [2025-09-24T16:47:57.623+0000] {dag.py:3096} INFO - Sync 1 DAGs
[2025-09-24T16:47:57.811+0000] {logging_mixin.py:188} INFO - [2025-09-24T16:47:57.811+0000] {dag.py:3954} INFO - Setting next_dagrun for tutorial to 2025-09-23 00:00:00+00:00, run_after=2025-09-24 00:00:00+00:00
[2025-09-24T16:47:57.837+0000] {processor.py:183} INFO - Processing /home/airflow/.local/lib/python3.12/site-packages/airflow/example_dags/tutorial.py took 0.272 seconds
[2025-09-24T16:48:28.453+0000] {processor.py:161} INFO - Started process (PID=1373) to work on /home/airflow/.local/lib/python3.12/site-packages/airflow/example_dags/tutorial.py
[2025-09-24T16:48:28.454+0000] {processor.py:830} INFO - Processing file /home/airflow/.local/lib/python3.12/site-packages/airflow/example_dags/tutorial.py for tasks to queue
[2025-09-24T16:48:28.457+0000] {logging_mixin.py:188} INFO - [2025-09-24T16:48:28.457+0000] {dagbag.py:540} INFO - Filling up the DagBag from /home/airflow/.local/lib/python3.12/site-packages/airflow/example_dags/tutorial.py
[2025-09-24T16:48:28.465+0000] {processor.py:840} INFO - DAG(s) 'tutorial' retrieved from /home/airflow/.local/lib/python3.12/site-packages/airflow/example_dags/tutorial.py
[2025-09-24T16:48:28.491+0000] {logging_mixin.py:188} INFO - [2025-09-24T16:48:28.490+0000] {dag.py:3096} INFO - Sync 1 DAGs
[2025-09-24T16:48:28.521+0000] {logging_mixin.py:188} INFO - [2025-09-24T16:48:28.520+0000] {dag.py:3954} INFO - Setting next_dagrun for tutorial to 2025-09-23 00:00:00+00:00, run_after=2025-09-24 00:00:00+00:00
[2025-09-24T16:48:28.547+0000] {processor.py:183} INFO - Processing /home/airflow/.local/lib/python3.12/site-packages/airflow/example_dags/tutorial.py took 0.102 seconds
[2025-09-24T16:48:58.789+0000] {processor.py:161} INFO - Started process (PID=1431) to work on /home/airflow/.local/lib/python3.12/site-packages/airflow/example_dags/tutorial.py
[2025-09-24T16:48:58.790+0000] {processor.py:830} INFO - Processing file /home/airflow/.local/lib/python3.12/site-packages/airflow/example_dags/tutorial.py for tasks to queue
[2025-09-24T16:48:58.792+0000] {logging_mixin.py:188} INFO - [2025-09-24T16:48:58.792+0000] {dagbag.py:540} INFO - Filling up the DagBag from /home/airflow/.local/lib/python3.12/site-packages/airflow/example_dags/tutorial.py
[2025-09-24T16:48:58.800+0000] {processor.py:840} INFO - DAG(s) 'tutorial' retrieved from /home/airflow/.local/lib/python3.12/site-packages/airflow/example_dags/tutorial.py
[2025-09-24T16:48:58.825+0000] {logging_mixin.py:188} INFO - [2025-09-24T16:48:58.824+0000] {dag.py:3096} INFO - Sync 1 DAGs
[2025-09-24T16:48:58.852+0000] {logging_mixin.py:188} INFO - [2025-09-24T16:48:58.852+0000] {dag.py:3954} INFO - Setting next_dagrun for tutorial to 2025-09-23 00:00:00+00:00, run_after=2025-09-24 00:00:00+00:00
[2025-09-24T16:48:58.877+0000] {processor.py:183} INFO - Processing /home/airflow/.local/lib/python3.12/site-packages/airflow/example_dags/tutorial.py took 0.096 seconds
[2025-09-24T16:49:29.260+0000] {processor.py:161} INFO - Started process (PID=1489) to work on /home/airflow/.local/lib/python3.12/site-packages/airflow/example_dags/tutorial.py
[2025-09-24T16:49:29.261+0000] {processor.py:830} INFO - Processing file /home/airflow/.local/lib/python3.12/site-packages/airflow/example_dags/tutorial.py for tasks to queue
[2025-09-24T16:49:29.264+0000] {logging_mixin.py:188} INFO - [2025-09-24T16:49:29.263+0000] {dagbag.py:540} INFO - Filling up the DagBag from /home/airflow/.local/lib/python3.12/site-packages/airflow/example_dags/tutorial.py
[2025-09-24T16:49:29.272+0000] {processor.py:840} INFO - DAG(s) 'tutorial' retrieved from /home/airflow/.local/lib/python3.12/site-packages/airflow/example_dags/tutorial.py
[2025-09-24T16:49:29.297+0000] {logging_mixin.py:188} INFO - [2025-09-24T16:49:29.296+0000] {dag.py:3096} INFO - Sync 1 DAGs
[2025-09-24T16:49:29.323+0000] {logging_mixin.py:188} INFO - [2025-09-24T16:49:29.323+0000] {dag.py:3954} INFO - Setting next_dagrun for tutorial to 2025-09-23 00:00:00+00:00, run_after=2025-09-24 00:00:00+00:00
[2025-09-24T16:49:29.345+0000] {processor.py:183} INFO - Processing /home/airflow/.local/lib/python3.12/site-packages/airflow/example_dags/tutorial.py took 0.092 seconds
[2025-09-24T16:49:59.603+0000] {processor.py:161} INFO - Started process (PID=1548) to work on /home/airflow/.local/lib/python3.12/site-packages/airflow/example_dags/tutorial.py
[2025-09-24T16:49:59.604+0000] {processor.py:830} INFO - Processing file /home/airflow/.local/lib/python3.12/site-packages/airflow/example_dags/tutorial.py for tasks to queue
[2025-09-24T16:49:59.606+0000] {logging_mixin.py:188} INFO - [2025-09-24T16:49:59.606+0000] {dagbag.py:540} INFO - Filling up the DagBag from /home/airflow/.local/lib/python3.12/site-packages/airflow/example_dags/tutorial.py
[2025-09-24T16:49:59.613+0000] {processor.py:840} INFO - DAG(s) 'tutorial' retrieved from /home/airflow/.local/lib/python3.12/site-packages/airflow/example_dags/tutorial.py
[2025-09-24T16:49:59.641+0000] {logging_mixin.py:188} INFO - [2025-09-24T16:49:59.640+0000] {dag.py:3096} INFO - Sync 1 DAGs
[2025-09-24T16:49:59.667+0000] {logging_mixin.py:188} INFO - [2025-09-24T16:49:59.667+0000] {dag.py:3954} INFO - Setting next_dagrun for tutorial to 2025-09-23 00:00:00+00:00, run_after=2025-09-24 00:00:00+00:00
[2025-09-24T16:49:59.691+0000] {processor.py:183} INFO - Processing /home/airflow/.local/lib/python3.12/site-packages/airflow/example_dags/tutorial.py took 0.096 seconds
[2025-09-24T16:50:30.048+0000] {processor.py:161} INFO - Started process (PID=1606) to work on /home/airflow/.local/lib/python3.12/site-packages/airflow/example_dags/tutorial.py
[2025-09-24T16:50:30.051+0000] {processor.py:830} INFO - Processing file /home/airflow/.local/lib/python3.12/site-packages/airflow/example_dags/tutorial.py for tasks to queue
[2025-09-24T16:50:30.054+0000] {logging_mixin.py:188} INFO - [2025-09-24T16:50:30.053+0000] {dagbag.py:540} INFO - Filling up the DagBag from /home/airflow/.local/lib/python3.12/site-packages/airflow/example_dags/tutorial.py
[2025-09-24T16:50:30.062+0000] {processor.py:840} INFO - DAG(s) 'tutorial' retrieved from /home/airflow/.local/lib/python3.12/site-packages/airflow/example_dags/tutorial.py
[2025-09-24T16:50:30.088+0000] {logging_mixin.py:188} INFO - [2025-09-24T16:50:30.088+0000] {dag.py:3096} INFO - Sync 1 DAGs
[2025-09-24T16:50:30.116+0000] {logging_mixin.py:188} INFO - [2025-09-24T16:50:30.116+0000] {dag.py:3954} INFO - Setting next_dagrun for tutorial to 2025-09-23 00:00:00+00:00, run_after=2025-09-24 00:00:00+00:00
[2025-09-24T16:50:30.144+0000] {processor.py:183} INFO - Processing /home/airflow/.local/lib/python3.12/site-packages/airflow/example_dags/tutorial.py took 0.104 seconds
[2025-09-24T16:51:00.316+0000] {processor.py:161} INFO - Started process (PID=1664) to work on /home/airflow/.local/lib/python3.12/site-packages/airflow/example_dags/tutorial.py
[2025-09-24T16:51:00.318+0000] {processor.py:830} INFO - Processing file /home/airflow/.local/lib/python3.12/site-packages/airflow/example_dags/tutorial.py for tasks to queue
[2025-09-24T16:51:00.321+0000] {logging_mixin.py:188} INFO - [2025-09-24T16:51:00.320+0000] {dagbag.py:540} INFO - Filling up the DagBag from /home/airflow/.local/lib/python3.12/site-packages/airflow/example_dags/tutorial.py
[2025-09-24T16:51:00.330+0000] {processor.py:840} INFO - DAG(s) 'tutorial' retrieved from /home/airflow/.local/lib/python3.12/site-packages/airflow/example_dags/tutorial.py
[2025-09-24T16:51:00.358+0000] {logging_mixin.py:188} INFO - [2025-09-24T16:51:00.358+0000] {dag.py:3096} INFO - Sync 1 DAGs
[2025-09-24T16:51:00.389+0000] {logging_mixin.py:188} INFO - [2025-09-24T16:51:00.388+0000] {dag.py:3954} INFO - Setting next_dagrun for tutorial to 2025-09-23 00:00:00+00:00, run_after=2025-09-24 00:00:00+00:00
[2025-09-24T16:51:00.416+0000] {processor.py:183} INFO - Processing /home/airflow/.local/lib/python3.12/site-packages/airflow/example_dags/tutorial.py took 0.108 seconds
[2025-09-24T16:51:30.875+0000] {processor.py:161} INFO - Started process (PID=1722) to work on /home/airflow/.local/lib/python3.12/site-packages/airflow/example_dags/tutorial.py
[2025-09-24T16:51:30.877+0000] {processor.py:830} INFO - Processing file /home/airflow/.local/lib/python3.12/site-packages/airflow/example_dags/tutorial.py for tasks to queue
[2025-09-24T16:51:30.879+0000] {logging_mixin.py:188} INFO - [2025-09-24T16:51:30.879+0000] {dagbag.py:540} INFO - Filling up the DagBag from /home/airflow/.local/lib/python3.12/site-packages/airflow/example_dags/tutorial.py
[2025-09-24T16:51:30.888+0000] {processor.py:840} INFO - DAG(s) 'tutorial' retrieved from /home/airflow/.local/lib/python3.12/site-packages/airflow/example_dags/tutorial.py
[2025-09-24T16:51:30.917+0000] {logging_mixin.py:188} INFO - [2025-09-24T16:51:30.917+0000] {dag.py:3096} INFO - Sync 1 DAGs
[2025-09-24T16:51:30.946+0000] {logging_mixin.py:188} INFO - [2025-09-24T16:51:30.946+0000] {dag.py:3954} INFO - Setting next_dagrun for tutorial to 2025-09-23 00:00:00+00:00, run_after=2025-09-24 00:00:00+00:00
[2025-09-24T16:51:30.972+0000] {processor.py:183} INFO - Processing /home/airflow/.local/lib/python3.12/site-packages/airflow/example_dags/tutorial.py took 0.105 seconds
[2025-09-24T16:52:01.433+0000] {processor.py:161} INFO - Started process (PID=1780) to work on /home/airflow/.local/lib/python3.12/site-packages/airflow/example_dags/tutorial.py
[2025-09-24T16:52:01.435+0000] {processor.py:830} INFO - Processing file /home/airflow/.local/lib/python3.12/site-packages/airflow/example_dags/tutorial.py for tasks to queue
[2025-09-24T16:52:01.437+0000] {logging_mixin.py:188} INFO - [2025-09-24T16:52:01.437+0000] {dagbag.py:540} INFO - Filling up the DagBag from /home/airflow/.local/lib/python3.12/site-packages/airflow/example_dags/tutorial.py
[2025-09-24T16:52:01.447+0000] {processor.py:840} INFO - DAG(s) 'tutorial' retrieved from /home/airflow/.local/lib/python3.12/site-packages/airflow/example_dags/tutorial.py
[2025-09-24T16:52:01.476+0000] {logging_mixin.py:188} INFO - [2025-09-24T16:52:01.475+0000] {dag.py:3096} INFO - Sync 1 DAGs
[2025-09-24T16:52:01.508+0000] {logging_mixin.py:188} INFO - [2025-09-24T16:52:01.507+0000] {dag.py:3954} INFO - Setting next_dagrun for tutorial to 2025-09-23 00:00:00+00:00, run_after=2025-09-24 00:00:00+00:00
[2025-09-24T16:52:01.531+0000] {processor.py:183} INFO - Processing /home/airflow/.local/lib/python3.12/site-packages/airflow/example_dags/tutorial.py took 0.106 seconds
[2025-09-24T16:52:31.722+0000] {processor.py:161} INFO - Started process (PID=1838) to work on /home/airflow/.local/lib/python3.12/site-packages/airflow/example_dags/tutorial.py
[2025-09-24T16:52:31.723+0000] {processor.py:830} INFO - Processing file /home/airflow/.local/lib/python3.12/site-packages/airflow/example_dags/tutorial.py for tasks to queue
[2025-09-24T16:52:31.726+0000] {logging_mixin.py:188} INFO - [2025-09-24T16:52:31.725+0000] {dagbag.py:540} INFO - Filling up the DagBag from /home/airflow/.local/lib/python3.12/site-packages/airflow/example_dags/tutorial.py
[2025-09-24T16:52:31.734+0000] {processor.py:840} INFO - DAG(s) 'tutorial' retrieved from /home/airflow/.local/lib/python3.12/site-packages/airflow/example_dags/tutorial.py
[2025-09-24T16:52:31.763+0000] {logging_mixin.py:188} INFO - [2025-09-24T16:52:31.763+0000] {dag.py:3096} INFO - Sync 1 DAGs
[2025-09-24T16:52:31.796+0000] {logging_mixin.py:188} INFO - [2025-09-24T16:52:31.796+0000] {dag.py:3954} INFO - Setting next_dagrun for tutorial to 2025-09-23 00:00:00+00:00, run_after=2025-09-24 00:00:00+00:00
[2025-09-24T16:52:31.823+0000] {processor.py:183} INFO - Processing /home/airflow/.local/lib/python3.12/site-packages/airflow/example_dags/tutorial.py took 0.110 seconds
[2025-09-24T16:53:02.568+0000] {processor.py:161} INFO - Started process (PID=1896) to work on /home/airflow/.local/lib/python3.12/site-packages/airflow/example_dags/tutorial.py
[2025-09-24T16:53:02.571+0000] {processor.py:830} INFO - Processing file /home/airflow/.local/lib/python3.12/site-packages/airflow/example_dags/tutorial.py for tasks to queue
[2025-09-24T16:53:02.575+0000] {logging_mixin.py:188} INFO - [2025-09-24T16:53:02.575+0000] {dagbag.py:540} INFO - Filling up the DagBag from /home/airflow/.local/lib/python3.12/site-packages/airflow/example_dags/tutorial.py
[2025-09-24T16:53:02.584+0000] {processor.py:840} INFO - DAG(s) 'tutorial' retrieved from /home/airflow/.local/lib/python3.12/site-packages/airflow/example_dags/tutorial.py
[2025-09-24T16:53:02.612+0000] {logging_mixin.py:188} INFO - [2025-09-24T16:53:02.612+0000] {dag.py:3096} INFO - Sync 1 DAGs
[2025-09-24T16:53:02.647+0000] {logging_mixin.py:188} INFO - [2025-09-24T16:53:02.647+0000] {dag.py:3954} INFO - Setting next_dagrun for tutorial to 2025-09-23 00:00:00+00:00, run_after=2025-09-24 00:00:00+00:00
[2025-09-24T16:53:02.676+0000] {processor.py:183} INFO - Processing /home/airflow/.local/lib/python3.12/site-packages/airflow/example_dags/tutorial.py took 0.118 seconds
[2025-09-24T16:53:32.944+0000] {processor.py:161} INFO - Started process (PID=1954) to work on /home/airflow/.local/lib/python3.12/site-packages/airflow/example_dags/tutorial.py
[2025-09-24T16:53:32.945+0000] {processor.py:830} INFO - Processing file /home/airflow/.local/lib/python3.12/site-packages/airflow/example_dags/tutorial.py for tasks to queue
[2025-09-24T16:53:32.948+0000] {logging_mixin.py:188} INFO - [2025-09-24T16:53:32.947+0000] {dagbag.py:540} INFO - Filling up the DagBag from /home/airflow/.local/lib/python3.12/site-packages/airflow/example_dags/tutorial.py
[2025-09-24T16:53:32.955+0000] {processor.py:840} INFO - DAG(s) 'tutorial' retrieved from /home/airflow/.local/lib/python3.12/site-packages/airflow/example_dags/tutorial.py
[2025-09-24T16:53:32.980+0000] {logging_mixin.py:188} INFO - [2025-09-24T16:53:32.980+0000] {dag.py:3096} INFO - Sync 1 DAGs
[2025-09-24T16:53:33.007+0000] {logging_mixin.py:188} INFO - [2025-09-24T16:53:33.007+0000] {dag.py:3954} INFO - Setting next_dagrun for tutorial to 2025-09-23 00:00:00+00:00, run_after=2025-09-24 00:00:00+00:00
[2025-09-24T16:53:33.028+0000] {processor.py:183} INFO - Processing /home/airflow/.local/lib/python3.12/site-packages/airflow/example_dags/tutorial.py took 0.091 seconds
[2025-09-24T16:54:03.389+0000] {processor.py:161} INFO - Started process (PID=2011) to work on /home/airflow/.local/lib/python3.12/site-packages/airflow/example_dags/tutorial.py
[2025-09-24T16:54:03.390+0000] {processor.py:830} INFO - Processing file /home/airflow/.local/lib/python3.12/site-packages/airflow/example_dags/tutorial.py for tasks to queue
[2025-09-24T16:54:03.393+0000] {logging_mixin.py:188} INFO - [2025-09-24T16:54:03.392+0000] {dagbag.py:540} INFO - Filling up the DagBag from /home/airflow/.local/lib/python3.12/site-packages/airflow/example_dags/tutorial.py
[2025-09-24T16:54:03.401+0000] {processor.py:840} INFO - DAG(s) 'tutorial' retrieved from /home/airflow/.local/lib/python3.12/site-packages/airflow/example_dags/tutorial.py
[2025-09-24T16:54:03.431+0000] {logging_mixin.py:188} INFO - [2025-09-24T16:54:03.431+0000] {dag.py:3096} INFO - Sync 1 DAGs
[2025-09-24T16:54:03.464+0000] {logging_mixin.py:188} INFO - [2025-09-24T16:54:03.464+0000] {dag.py:3954} INFO - Setting next_dagrun for tutorial to 2025-09-23 00:00:00+00:00, run_after=2025-09-24 00:00:00+00:00
[2025-09-24T16:54:03.495+0000] {processor.py:183} INFO - Processing /home/airflow/.local/lib/python3.12/site-packages/airflow/example_dags/tutorial.py took 0.115 seconds
[2025-09-24T16:54:33.591+0000] {processor.py:161} INFO - Started process (PID=2069) to work on /home/airflow/.local/lib/python3.12/site-packages/airflow/example_dags/tutorial.py
[2025-09-24T16:54:33.592+0000] {processor.py:830} INFO - Processing file /home/airflow/.local/lib/python3.12/site-packages/airflow/example_dags/tutorial.py for tasks to queue
[2025-09-24T16:54:33.595+0000] {logging_mixin.py:188} INFO - [2025-09-24T16:54:33.595+0000] {dagbag.py:540} INFO - Filling up the DagBag from /home/airflow/.local/lib/python3.12/site-packages/airflow/example_dags/tutorial.py
[2025-09-24T16:54:33.605+0000] {processor.py:840} INFO - DAG(s) 'tutorial' retrieved from /home/airflow/.local/lib/python3.12/site-packages/airflow/example_dags/tutorial.py
[2025-09-24T16:54:33.638+0000] {logging_mixin.py:188} INFO - [2025-09-24T16:54:33.638+0000] {dag.py:3096} INFO - Sync 1 DAGs
[2025-09-24T16:54:33.676+0000] {logging_mixin.py:188} INFO - [2025-09-24T16:54:33.675+0000] {dag.py:3954} INFO - Setting next_dagrun for tutorial to 2025-09-23 00:00:00+00:00, run_after=2025-09-24 00:00:00+00:00
[2025-09-24T16:54:33.707+0000] {processor.py:183} INFO - Processing /home/airflow/.local/lib/python3.12/site-packages/airflow/example_dags/tutorial.py took 0.125 seconds
[2025-09-24T16:55:12.574+0000] {processor.py:161} INFO - Started process (PID=2127) to work on /home/airflow/.local/lib/python3.12/site-packages/airflow/example_dags/tutorial.py
[2025-09-24T16:55:12.576+0000] {processor.py:830} INFO - Processing file /home/airflow/.local/lib/python3.12/site-packages/airflow/example_dags/tutorial.py for tasks to queue
[2025-09-24T16:55:12.582+0000] {logging_mixin.py:188} INFO - [2025-09-24T16:55:12.581+0000] {dagbag.py:540} INFO - Filling up the DagBag from /home/airflow/.local/lib/python3.12/site-packages/airflow/example_dags/tutorial.py
[2025-09-24T16:55:12.602+0000] {processor.py:840} INFO - DAG(s) 'tutorial' retrieved from /home/airflow/.local/lib/python3.12/site-packages/airflow/example_dags/tutorial.py
[2025-09-24T16:55:12.892+0000] {logging_mixin.py:188} INFO - [2025-09-24T16:55:12.891+0000] {dag.py:3096} INFO - Sync 1 DAGs
[2025-09-24T16:55:12.978+0000] {logging_mixin.py:188} INFO - [2025-09-24T16:55:12.977+0000] {dag.py:3954} INFO - Setting next_dagrun for tutorial to 2025-09-23 00:00:00+00:00, run_after=2025-09-24 00:00:00+00:00
[2025-09-24T16:55:13.024+0000] {processor.py:183} INFO - Processing /home/airflow/.local/lib/python3.12/site-packages/airflow/example_dags/tutorial.py took 0.470 seconds
[2025-09-24T16:55:43.602+0000] {processor.py:161} INFO - Started process (PID=2185) to work on /home/airflow/.local/lib/python3.12/site-packages/airflow/example_dags/tutorial.py
[2025-09-24T16:55:43.606+0000] {processor.py:830} INFO - Processing file /home/airflow/.local/lib/python3.12/site-packages/airflow/example_dags/tutorial.py for tasks to queue
[2025-09-24T16:55:43.641+0000] {logging_mixin.py:188} INFO - [2025-09-24T16:55:43.640+0000] {dagbag.py:540} INFO - Filling up the DagBag from /home/airflow/.local/lib/python3.12/site-packages/airflow/example_dags/tutorial.py
[2025-09-24T16:55:43.676+0000] {processor.py:840} INFO - DAG(s) 'tutorial' retrieved from /home/airflow/.local/lib/python3.12/site-packages/airflow/example_dags/tutorial.py
[2025-09-24T16:55:43.753+0000] {logging_mixin.py:188} INFO - [2025-09-24T16:55:43.752+0000] {dag.py:3096} INFO - Sync 1 DAGs
[2025-09-24T16:55:43.863+0000] {logging_mixin.py:188} INFO - [2025-09-24T16:55:43.862+0000] {dag.py:3954} INFO - Setting next_dagrun for tutorial to 2025-09-23 00:00:00+00:00, run_after=2025-09-24 00:00:00+00:00
[2025-09-24T16:55:43.930+0000] {processor.py:183} INFO - Processing /home/airflow/.local/lib/python3.12/site-packages/airflow/example_dags/tutorial.py took 0.352 seconds
[2025-09-24T16:56:14.176+0000] {processor.py:161} INFO - Started process (PID=2243) to work on /home/airflow/.local/lib/python3.12/site-packages/airflow/example_dags/tutorial.py
[2025-09-24T16:56:14.178+0000] {processor.py:830} INFO - Processing file /home/airflow/.local/lib/python3.12/site-packages/airflow/example_dags/tutorial.py for tasks to queue
[2025-09-24T16:56:14.180+0000] {logging_mixin.py:188} INFO - [2025-09-24T16:56:14.180+0000] {dagbag.py:540} INFO - Filling up the DagBag from /home/airflow/.local/lib/python3.12/site-packages/airflow/example_dags/tutorial.py
[2025-09-24T16:56:14.189+0000] {processor.py:840} INFO - DAG(s) 'tutorial' retrieved from /home/airflow/.local/lib/python3.12/site-packages/airflow/example_dags/tutorial.py
[2025-09-24T16:56:14.221+0000] {logging_mixin.py:188} INFO - [2025-09-24T16:56:14.221+0000] {dag.py:3096} INFO - Sync 1 DAGs
[2025-09-24T16:56:14.254+0000] {logging_mixin.py:188} INFO - [2025-09-24T16:56:14.254+0000] {dag.py:3954} INFO - Setting next_dagrun for tutorial to 2025-09-23 00:00:00+00:00, run_after=2025-09-24 00:00:00+00:00
[2025-09-24T16:56:14.281+0000] {processor.py:183} INFO - Processing /home/airflow/.local/lib/python3.12/site-packages/airflow/example_dags/tutorial.py took 0.114 seconds
[2025-09-24T16:56:44.403+0000] {processor.py:161} INFO - Started process (PID=2301) to work on /home/airflow/.local/lib/python3.12/site-packages/airflow/example_dags/tutorial.py
[2025-09-24T16:56:44.404+0000] {processor.py:830} INFO - Processing file /home/airflow/.local/lib/python3.12/site-packages/airflow/example_dags/tutorial.py for tasks to queue
[2025-09-24T16:56:44.407+0000] {logging_mixin.py:188} INFO - [2025-09-24T16:56:44.406+0000] {dagbag.py:540} INFO - Filling up the DagBag from /home/airflow/.local/lib/python3.12/site-packages/airflow/example_dags/tutorial.py
[2025-09-24T16:56:44.416+0000] {processor.py:840} INFO - DAG(s) 'tutorial' retrieved from /home/airflow/.local/lib/python3.12/site-packages/airflow/example_dags/tutorial.py
[2025-09-24T16:56:44.445+0000] {logging_mixin.py:188} INFO - [2025-09-24T16:56:44.444+0000] {dag.py:3096} INFO - Sync 1 DAGs
[2025-09-24T16:56:44.472+0000] {logging_mixin.py:188} INFO - [2025-09-24T16:56:44.472+0000] {dag.py:3954} INFO - Setting next_dagrun for tutorial to 2025-09-23 00:00:00+00:00, run_after=2025-09-24 00:00:00+00:00
[2025-09-24T16:56:44.497+0000] {processor.py:183} INFO - Processing /home/airflow/.local/lib/python3.12/site-packages/airflow/example_dags/tutorial.py took 0.101 seconds
[2025-09-24T16:57:14.640+0000] {processor.py:161} INFO - Started process (PID=2359) to work on /home/airflow/.local/lib/python3.12/site-packages/airflow/example_dags/tutorial.py
[2025-09-24T16:57:14.641+0000] {processor.py:830} INFO - Processing file /home/airflow/.local/lib/python3.12/site-packages/airflow/example_dags/tutorial.py for tasks to queue
[2025-09-24T16:57:14.644+0000] {logging_mixin.py:188} INFO - [2025-09-24T16:57:14.643+0000] {dagbag.py:540} INFO - Filling up the DagBag from /home/airflow/.local/lib/python3.12/site-packages/airflow/example_dags/tutorial.py
[2025-09-24T16:57:14.652+0000] {processor.py:840} INFO - DAG(s) 'tutorial' retrieved from /home/airflow/.local/lib/python3.12/site-packages/airflow/example_dags/tutorial.py
[2025-09-24T16:57:14.683+0000] {logging_mixin.py:188} INFO - [2025-09-24T16:57:14.682+0000] {dag.py:3096} INFO - Sync 1 DAGs
[2025-09-24T16:57:14.714+0000] {logging_mixin.py:188} INFO - [2025-09-24T16:57:14.713+0000] {dag.py:3954} INFO - Setting next_dagrun for tutorial to 2025-09-23 00:00:00+00:00, run_after=2025-09-24 00:00:00+00:00
[2025-09-24T16:57:14.740+0000] {processor.py:183} INFO - Processing /home/airflow/.local/lib/python3.12/site-packages/airflow/example_dags/tutorial.py took 0.110 seconds
[2025-09-24T16:57:44.791+0000] {processor.py:161} INFO - Started process (PID=2417) to work on /home/airflow/.local/lib/python3.12/site-packages/airflow/example_dags/tutorial.py
[2025-09-24T16:57:44.793+0000] {processor.py:830} INFO - Processing file /home/airflow/.local/lib/python3.12/site-packages/airflow/example_dags/tutorial.py for tasks to queue
[2025-09-24T16:57:44.795+0000] {logging_mixin.py:188} INFO - [2025-09-24T16:57:44.795+0000] {dagbag.py:540} INFO - Filling up the DagBag from /home/airflow/.local/lib/python3.12/site-packages/airflow/example_dags/tutorial.py
[2025-09-24T16:57:44.803+0000] {processor.py:840} INFO - DAG(s) 'tutorial' retrieved from /home/airflow/.local/lib/python3.12/site-packages/airflow/example_dags/tutorial.py
[2025-09-24T16:57:44.828+0000] {logging_mixin.py:188} INFO - [2025-09-24T16:57:44.827+0000] {dag.py:3096} INFO - Sync 1 DAGs
[2025-09-24T16:57:44.856+0000] {logging_mixin.py:188} INFO - [2025-09-24T16:57:44.856+0000] {dag.py:3954} INFO - Setting next_dagrun for tutorial to 2025-09-23 00:00:00+00:00, run_after=2025-09-24 00:00:00+00:00
[2025-09-24T16:57:44.881+0000] {processor.py:183} INFO - Processing /home/airflow/.local/lib/python3.12/site-packages/airflow/example_dags/tutorial.py took 0.097 seconds
[2025-09-24T16:58:14.988+0000] {processor.py:161} INFO - Started process (PID=2475) to work on /home/airflow/.local/lib/python3.12/site-packages/airflow/example_dags/tutorial.py
[2025-09-24T16:58:14.989+0000] {processor.py:830} INFO - Processing file /home/airflow/.local/lib/python3.12/site-packages/airflow/example_dags/tutorial.py for tasks to queue
[2025-09-24T16:58:14.991+0000] {logging_mixin.py:188} INFO - [2025-09-24T16:58:14.991+0000] {dagbag.py:540} INFO - Filling up the DagBag from /home/airflow/.local/lib/python3.12/site-packages/airflow/example_dags/tutorial.py
[2025-09-24T16:58:14.999+0000] {processor.py:840} INFO - DAG(s) 'tutorial' retrieved from /home/airflow/.local/lib/python3.12/site-packages/airflow/example_dags/tutorial.py
[2025-09-24T16:58:15.027+0000] {logging_mixin.py:188} INFO - [2025-09-24T16:58:15.027+0000] {dag.py:3096} INFO - Sync 1 DAGs
[2025-09-24T16:58:15.058+0000] {logging_mixin.py:188} INFO - [2025-09-24T16:58:15.057+0000] {dag.py:3954} INFO - Setting next_dagrun for tutorial to 2025-09-23 00:00:00+00:00, run_after=2025-09-24 00:00:00+00:00
[2025-09-24T16:58:15.083+0000] {processor.py:183} INFO - Processing /home/airflow/.local/lib/python3.12/site-packages/airflow/example_dags/tutorial.py took 0.103 seconds
[2025-09-24T16:58:45.259+0000] {processor.py:161} INFO - Started process (PID=2533) to work on /home/airflow/.local/lib/python3.12/site-packages/airflow/example_dags/tutorial.py
[2025-09-24T16:58:45.260+0000] {processor.py:830} INFO - Processing file /home/airflow/.local/lib/python3.12/site-packages/airflow/example_dags/tutorial.py for tasks to queue
[2025-09-24T16:58:45.262+0000] {logging_mixin.py:188} INFO - [2025-09-24T16:58:45.262+0000] {dagbag.py:540} INFO - Filling up the DagBag from /home/airflow/.local/lib/python3.12/site-packages/airflow/example_dags/tutorial.py
[2025-09-24T16:58:45.270+0000] {processor.py:840} INFO - DAG(s) 'tutorial' retrieved from /home/airflow/.local/lib/python3.12/site-packages/airflow/example_dags/tutorial.py
[2025-09-24T16:58:45.299+0000] {logging_mixin.py:188} INFO - [2025-09-24T16:58:45.298+0000] {dag.py:3096} INFO - Sync 1 DAGs
[2025-09-24T16:58:45.328+0000] {logging_mixin.py:188} INFO - [2025-09-24T16:58:45.327+0000] {dag.py:3954} INFO - Setting next_dagrun for tutorial to 2025-09-23 00:00:00+00:00, run_after=2025-09-24 00:00:00+00:00
[2025-09-24T16:58:45.351+0000] {processor.py:183} INFO - Processing /home/airflow/.local/lib/python3.12/site-packages/airflow/example_dags/tutorial.py took 0.100 seconds
[2025-09-24T16:59:15.722+0000] {processor.py:161} INFO - Started process (PID=2591) to work on /home/airflow/.local/lib/python3.12/site-packages/airflow/example_dags/tutorial.py
[2025-09-24T16:59:15.723+0000] {processor.py:830} INFO - Processing file /home/airflow/.local/lib/python3.12/site-packages/airflow/example_dags/tutorial.py for tasks to queue
[2025-09-24T16:59:15.729+0000] {logging_mixin.py:188} INFO - [2025-09-24T16:59:15.729+0000] {dagbag.py:540} INFO - Filling up the DagBag from /home/airflow/.local/lib/python3.12/site-packages/airflow/example_dags/tutorial.py
[2025-09-24T16:59:15.737+0000] {processor.py:840} INFO - DAG(s) 'tutorial' retrieved from /home/airflow/.local/lib/python3.12/site-packages/airflow/example_dags/tutorial.py
[2025-09-24T16:59:15.763+0000] {logging_mixin.py:188} INFO - [2025-09-24T16:59:15.763+0000] {dag.py:3096} INFO - Sync 1 DAGs
[2025-09-24T16:59:15.794+0000] {logging_mixin.py:188} INFO - [2025-09-24T16:59:15.794+0000] {dag.py:3954} INFO - Setting next_dagrun for tutorial to 2025-09-23 00:00:00+00:00, run_after=2025-09-24 00:00:00+00:00
[2025-09-24T16:59:15.821+0000] {processor.py:183} INFO - Processing /home/airflow/.local/lib/python3.12/site-packages/airflow/example_dags/tutorial.py took 0.107 seconds
[2025-09-24T16:59:46.168+0000] {processor.py:161} INFO - Started process (PID=2649) to work on /home/airflow/.local/lib/python3.12/site-packages/airflow/example_dags/tutorial.py
[2025-09-24T16:59:46.169+0000] {processor.py:830} INFO - Processing file /home/airflow/.local/lib/python3.12/site-packages/airflow/example_dags/tutorial.py for tasks to queue
[2025-09-24T16:59:46.172+0000] {logging_mixin.py:188} INFO - [2025-09-24T16:59:46.171+0000] {dagbag.py:540} INFO - Filling up the DagBag from /home/airflow/.local/lib/python3.12/site-packages/airflow/example_dags/tutorial.py
[2025-09-24T16:59:46.179+0000] {processor.py:840} INFO - DAG(s) 'tutorial' retrieved from /home/airflow/.local/lib/python3.12/site-packages/airflow/example_dags/tutorial.py
[2025-09-24T16:59:46.207+0000] {logging_mixin.py:188} INFO - [2025-09-24T16:59:46.207+0000] {dag.py:3096} INFO - Sync 1 DAGs
[2025-09-24T16:59:46.237+0000] {logging_mixin.py:188} INFO - [2025-09-24T16:59:46.237+0000] {dag.py:3954} INFO - Setting next_dagrun for tutorial to 2025-09-23 00:00:00+00:00, run_after=2025-09-24 00:00:00+00:00
[2025-09-24T16:59:46.262+0000] {processor.py:183} INFO - Processing /home/airflow/.local/lib/python3.12/site-packages/airflow/example_dags/tutorial.py took 0.102 seconds
[2025-09-24T17:00:16.723+0000] {processor.py:161} INFO - Started process (PID=2707) to work on /home/airflow/.local/lib/python3.12/site-packages/airflow/example_dags/tutorial.py
[2025-09-24T17:00:16.724+0000] {processor.py:830} INFO - Processing file /home/airflow/.local/lib/python3.12/site-packages/airflow/example_dags/tutorial.py for tasks to queue
[2025-09-24T17:00:16.726+0000] {logging_mixin.py:188} INFO - [2025-09-24T17:00:16.726+0000] {dagbag.py:540} INFO - Filling up the DagBag from /home/airflow/.local/lib/python3.12/site-packages/airflow/example_dags/tutorial.py
[2025-09-24T17:00:16.734+0000] {processor.py:840} INFO - DAG(s) 'tutorial' retrieved from /home/airflow/.local/lib/python3.12/site-packages/airflow/example_dags/tutorial.py
[2025-09-24T17:00:16.758+0000] {logging_mixin.py:188} INFO - [2025-09-24T17:00:16.758+0000] {dag.py:3096} INFO - Sync 1 DAGs
[2025-09-24T17:00:16.786+0000] {logging_mixin.py:188} INFO - [2025-09-24T17:00:16.786+0000] {dag.py:3954} INFO - Setting next_dagrun for tutorial to 2025-09-23 00:00:00+00:00, run_after=2025-09-24 00:00:00+00:00
[2025-09-24T17:00:16.811+0000] {processor.py:183} INFO - Processing /home/airflow/.local/lib/python3.12/site-packages/airflow/example_dags/tutorial.py took 0.096 seconds
[2025-09-24T17:00:47.251+0000] {processor.py:161} INFO - Started process (PID=2765) to work on /home/airflow/.local/lib/python3.12/site-packages/airflow/example_dags/tutorial.py
[2025-09-24T17:00:47.252+0000] {processor.py:830} INFO - Processing file /home/airflow/.local/lib/python3.12/site-packages/airflow/example_dags/tutorial.py for tasks to queue
[2025-09-24T17:00:47.254+0000] {logging_mixin.py:188} INFO - [2025-09-24T17:00:47.254+0000] {dagbag.py:540} INFO - Filling up the DagBag from /home/airflow/.local/lib/python3.12/site-packages/airflow/example_dags/tutorial.py
[2025-09-24T17:00:47.262+0000] {processor.py:840} INFO - DAG(s) 'tutorial' retrieved from /home/airflow/.local/lib/python3.12/site-packages/airflow/example_dags/tutorial.py
[2025-09-24T17:00:47.288+0000] {logging_mixin.py:188} INFO - [2025-09-24T17:00:47.288+0000] {dag.py:3096} INFO - Sync 1 DAGs
[2025-09-24T17:00:47.320+0000] {logging_mixin.py:188} INFO - [2025-09-24T17:00:47.319+0000] {dag.py:3954} INFO - Setting next_dagrun for tutorial to 2025-09-23 00:00:00+00:00, run_after=2025-09-24 00:00:00+00:00
[2025-09-24T17:00:47.343+0000] {processor.py:183} INFO - Processing /home/airflow/.local/lib/python3.12/site-packages/airflow/example_dags/tutorial.py took 0.100 seconds
[2025-09-24T17:01:17.763+0000] {processor.py:161} INFO - Started process (PID=2823) to work on /home/airflow/.local/lib/python3.12/site-packages/airflow/example_dags/tutorial.py
[2025-09-24T17:01:17.764+0000] {processor.py:830} INFO - Processing file /home/airflow/.local/lib/python3.12/site-packages/airflow/example_dags/tutorial.py for tasks to queue
[2025-09-24T17:01:17.767+0000] {logging_mixin.py:188} INFO - [2025-09-24T17:01:17.766+0000] {dagbag.py:540} INFO - Filling up the DagBag from /home/airflow/.local/lib/python3.12/site-packages/airflow/example_dags/tutorial.py
[2025-09-24T17:01:17.774+0000] {processor.py:840} INFO - DAG(s) 'tutorial' retrieved from /home/airflow/.local/lib/python3.12/site-packages/airflow/example_dags/tutorial.py
[2025-09-24T17:01:17.799+0000] {logging_mixin.py:188} INFO - [2025-09-24T17:01:17.799+0000] {dag.py:3096} INFO - Sync 1 DAGs
[2025-09-24T17:01:17.832+0000] {logging_mixin.py:188} INFO - [2025-09-24T17:01:17.832+0000] {dag.py:3954} INFO - Setting next_dagrun for tutorial to 2025-09-23 00:00:00+00:00, run_after=2025-09-24 00:00:00+00:00
[2025-09-24T17:01:17.860+0000] {processor.py:183} INFO - Processing /home/airflow/.local/lib/python3.12/site-packages/airflow/example_dags/tutorial.py took 0.105 seconds
[2025-09-24T17:01:48.320+0000] {processor.py:161} INFO - Started process (PID=2881) to work on /home/airflow/.local/lib/python3.12/site-packages/airflow/example_dags/tutorial.py
[2025-09-24T17:01:48.321+0000] {processor.py:830} INFO - Processing file /home/airflow/.local/lib/python3.12/site-packages/airflow/example_dags/tutorial.py for tasks to queue
[2025-09-24T17:01:48.324+0000] {logging_mixin.py:188} INFO - [2025-09-24T17:01:48.323+0000] {dagbag.py:540} INFO - Filling up the DagBag from /home/airflow/.local/lib/python3.12/site-packages/airflow/example_dags/tutorial.py
[2025-09-24T17:01:48.332+0000] {processor.py:840} INFO - DAG(s) 'tutorial' retrieved from /home/airflow/.local/lib/python3.12/site-packages/airflow/example_dags/tutorial.py
[2025-09-24T17:01:48.360+0000] {logging_mixin.py:188} INFO - [2025-09-24T17:01:48.360+0000] {dag.py:3096} INFO - Sync 1 DAGs
[2025-09-24T17:01:48.391+0000] {logging_mixin.py:188} INFO - [2025-09-24T17:01:48.391+0000] {dag.py:3954} INFO - Setting next_dagrun for tutorial to 2025-09-23 00:00:00+00:00, run_after=2025-09-24 00:00:00+00:00
[2025-09-24T17:01:48.417+0000] {processor.py:183} INFO - Processing /home/airflow/.local/lib/python3.12/site-packages/airflow/example_dags/tutorial.py took 0.106 seconds
[2025-09-24T17:02:18.773+0000] {processor.py:161} INFO - Started process (PID=2939) to work on /home/airflow/.local/lib/python3.12/site-packages/airflow/example_dags/tutorial.py
[2025-09-24T17:02:18.774+0000] {processor.py:830} INFO - Processing file /home/airflow/.local/lib/python3.12/site-packages/airflow/example_dags/tutorial.py for tasks to queue
[2025-09-24T17:02:18.777+0000] {logging_mixin.py:188} INFO - [2025-09-24T17:02:18.776+0000] {dagbag.py:540} INFO - Filling up the DagBag from /home/airflow/.local/lib/python3.12/site-packages/airflow/example_dags/tutorial.py
[2025-09-24T17:02:18.785+0000] {processor.py:840} INFO - DAG(s) 'tutorial' retrieved from /home/airflow/.local/lib/python3.12/site-packages/airflow/example_dags/tutorial.py
[2025-09-24T17:02:18.813+0000] {logging_mixin.py:188} INFO - [2025-09-24T17:02:18.813+0000] {dag.py:3096} INFO - Sync 1 DAGs
[2025-09-24T17:02:18.842+0000] {logging_mixin.py:188} INFO - [2025-09-24T17:02:18.842+0000] {dag.py:3954} INFO - Setting next_dagrun for tutorial to 2025-09-23 00:00:00+00:00, run_after=2025-09-24 00:00:00+00:00
[2025-09-24T17:02:18.868+0000] {processor.py:183} INFO - Processing /home/airflow/.local/lib/python3.12/site-packages/airflow/example_dags/tutorial.py took 0.103 seconds
[2025-09-24T17:02:49.355+0000] {processor.py:161} INFO - Started process (PID=2997) to work on /home/airflow/.local/lib/python3.12/site-packages/airflow/example_dags/tutorial.py
[2025-09-24T17:02:49.356+0000] {processor.py:830} INFO - Processing file /home/airflow/.local/lib/python3.12/site-packages/airflow/example_dags/tutorial.py for tasks to queue
[2025-09-24T17:02:49.358+0000] {logging_mixin.py:188} INFO - [2025-09-24T17:02:49.358+0000] {dagbag.py:540} INFO - Filling up the DagBag from /home/airflow/.local/lib/python3.12/site-packages/airflow/example_dags/tutorial.py
[2025-09-24T17:02:49.367+0000] {processor.py:840} INFO - DAG(s) 'tutorial' retrieved from /home/airflow/.local/lib/python3.12/site-packages/airflow/example_dags/tutorial.py
[2025-09-24T17:02:49.393+0000] {logging_mixin.py:188} INFO - [2025-09-24T17:02:49.393+0000] {dag.py:3096} INFO - Sync 1 DAGs
[2025-09-24T17:02:49.424+0000] {logging_mixin.py:188} INFO - [2025-09-24T17:02:49.423+0000] {dag.py:3954} INFO - Setting next_dagrun for tutorial to 2025-09-23 00:00:00+00:00, run_after=2025-09-24 00:00:00+00:00
[2025-09-24T17:02:49.449+0000] {processor.py:183} INFO - Processing /home/airflow/.local/lib/python3.12/site-packages/airflow/example_dags/tutorial.py took 0.102 seconds
[2025-09-24T17:03:19.834+0000] {processor.py:161} INFO - Started process (PID=3055) to work on /home/airflow/.local/lib/python3.12/site-packages/airflow/example_dags/tutorial.py
[2025-09-24T17:03:19.835+0000] {processor.py:830} INFO - Processing file /home/airflow/.local/lib/python3.12/site-packages/airflow/example_dags/tutorial.py for tasks to queue
[2025-09-24T17:03:19.837+0000] {logging_mixin.py:188} INFO - [2025-09-24T17:03:19.837+0000] {dagbag.py:540} INFO - Filling up the DagBag from /home/airflow/.local/lib/python3.12/site-packages/airflow/example_dags/tutorial.py
[2025-09-24T17:03:19.845+0000] {processor.py:840} INFO - DAG(s) 'tutorial' retrieved from /home/airflow/.local/lib/python3.12/site-packages/airflow/example_dags/tutorial.py
[2025-09-24T17:03:19.871+0000] {logging_mixin.py:188} INFO - [2025-09-24T17:03:19.871+0000] {dag.py:3096} INFO - Sync 1 DAGs
[2025-09-24T17:03:19.903+0000] {logging_mixin.py:188} INFO - [2025-09-24T17:03:19.902+0000] {dag.py:3954} INFO - Setting next_dagrun for tutorial to 2025-09-23 00:00:00+00:00, run_after=2025-09-24 00:00:00+00:00
[2025-09-24T17:03:19.931+0000] {processor.py:183} INFO - Processing /home/airflow/.local/lib/python3.12/site-packages/airflow/example_dags/tutorial.py took 0.106 seconds
[2025-09-24T17:03:50.499+0000] {processor.py:161} INFO - Started process (PID=3113) to work on /home/airflow/.local/lib/python3.12/site-packages/airflow/example_dags/tutorial.py
[2025-09-24T17:03:50.500+0000] {processor.py:830} INFO - Processing file /home/airflow/.local/lib/python3.12/site-packages/airflow/example_dags/tutorial.py for tasks to queue
[2025-09-24T17:03:50.503+0000] {logging_mixin.py:188} INFO - [2025-09-24T17:03:50.503+0000] {dagbag.py:540} INFO - Filling up the DagBag from /home/airflow/.local/lib/python3.12/site-packages/airflow/example_dags/tutorial.py
[2025-09-24T17:03:50.514+0000] {processor.py:840} INFO - DAG(s) 'tutorial' retrieved from /home/airflow/.local/lib/python3.12/site-packages/airflow/example_dags/tutorial.py
[2025-09-24T17:03:50.547+0000] {logging_mixin.py:188} INFO - [2025-09-24T17:03:50.547+0000] {dag.py:3096} INFO - Sync 1 DAGs
[2025-09-24T17:03:50.585+0000] {logging_mixin.py:188} INFO - [2025-09-24T17:03:50.585+0000] {dag.py:3954} INFO - Setting next_dagrun for tutorial to 2025-09-23 00:00:00+00:00, run_after=2025-09-24 00:00:00+00:00
[2025-09-24T17:03:50.614+0000] {processor.py:183} INFO - Processing /home/airflow/.local/lib/python3.12/site-packages/airflow/example_dags/tutorial.py took 0.124 seconds
[2025-09-24T17:04:21.193+0000] {processor.py:161} INFO - Started process (PID=3171) to work on /home/airflow/.local/lib/python3.12/site-packages/airflow/example_dags/tutorial.py
[2025-09-24T17:04:21.194+0000] {processor.py:830} INFO - Processing file /home/airflow/.local/lib/python3.12/site-packages/airflow/example_dags/tutorial.py for tasks to queue
[2025-09-24T17:04:21.196+0000] {logging_mixin.py:188} INFO - [2025-09-24T17:04:21.196+0000] {dagbag.py:540} INFO - Filling up the DagBag from /home/airflow/.local/lib/python3.12/site-packages/airflow/example_dags/tutorial.py
[2025-09-24T17:04:21.207+0000] {processor.py:840} INFO - DAG(s) 'tutorial' retrieved from /home/airflow/.local/lib/python3.12/site-packages/airflow/example_dags/tutorial.py
[2025-09-24T17:04:21.235+0000] {logging_mixin.py:188} INFO - [2025-09-24T17:04:21.235+0000] {dag.py:3096} INFO - Sync 1 DAGs
[2025-09-24T17:04:21.269+0000] {logging_mixin.py:188} INFO - [2025-09-24T17:04:21.269+0000] {dag.py:3954} INFO - Setting next_dagrun for tutorial to 2025-09-23 00:00:00+00:00, run_after=2025-09-24 00:00:00+00:00
[2025-09-24T17:04:21.307+0000] {processor.py:183} INFO - Processing /home/airflow/.local/lib/python3.12/site-packages/airflow/example_dags/tutorial.py took 0.123 seconds
[2025-09-24T17:04:51.680+0000] {processor.py:161} INFO - Started process (PID=3229) to work on /home/airflow/.local/lib/python3.12/site-packages/airflow/example_dags/tutorial.py
[2025-09-24T17:04:51.682+0000] {processor.py:830} INFO - Processing file /home/airflow/.local/lib/python3.12/site-packages/airflow/example_dags/tutorial.py for tasks to queue
[2025-09-24T17:04:51.684+0000] {logging_mixin.py:188} INFO - [2025-09-24T17:04:51.684+0000] {dagbag.py:540} INFO - Filling up the DagBag from /home/airflow/.local/lib/python3.12/site-packages/airflow/example_dags/tutorial.py
[2025-09-24T17:04:51.694+0000] {processor.py:840} INFO - DAG(s) 'tutorial' retrieved from /home/airflow/.local/lib/python3.12/site-packages/airflow/example_dags/tutorial.py
[2025-09-24T17:04:51.725+0000] {logging_mixin.py:188} INFO - [2025-09-24T17:04:51.725+0000] {dag.py:3096} INFO - Sync 1 DAGs
[2025-09-24T17:04:51.758+0000] {logging_mixin.py:188} INFO - [2025-09-24T17:04:51.757+0000] {dag.py:3954} INFO - Setting next_dagrun for tutorial to 2025-09-23 00:00:00+00:00, run_after=2025-09-24 00:00:00+00:00
[2025-09-24T17:04:51.783+0000] {processor.py:183} INFO - Processing /home/airflow/.local/lib/python3.12/site-packages/airflow/example_dags/tutorial.py took 0.112 seconds
[2025-09-24T17:05:22.435+0000] {processor.py:161} INFO - Started process (PID=3293) to work on /home/airflow/.local/lib/python3.12/site-packages/airflow/example_dags/tutorial.py
[2025-09-24T17:05:22.437+0000] {processor.py:830} INFO - Processing file /home/airflow/.local/lib/python3.12/site-packages/airflow/example_dags/tutorial.py for tasks to queue
[2025-09-24T17:05:22.440+0000] {logging_mixin.py:188} INFO - [2025-09-24T17:05:22.440+0000] {dagbag.py:540} INFO - Filling up the DagBag from /home/airflow/.local/lib/python3.12/site-packages/airflow/example_dags/tutorial.py
[2025-09-24T17:05:22.452+0000] {processor.py:840} INFO - DAG(s) 'tutorial' retrieved from /home/airflow/.local/lib/python3.12/site-packages/airflow/example_dags/tutorial.py
[2025-09-24T17:05:22.487+0000] {logging_mixin.py:188} INFO - [2025-09-24T17:05:22.486+0000] {dag.py:3096} INFO - Sync 1 DAGs
[2025-09-24T17:05:22.525+0000] {logging_mixin.py:188} INFO - [2025-09-24T17:05:22.525+0000] {dag.py:3954} INFO - Setting next_dagrun for tutorial to 2025-09-23 00:00:00+00:00, run_after=2025-09-24 00:00:00+00:00
[2025-09-24T17:05:22.566+0000] {processor.py:183} INFO - Processing /home/airflow/.local/lib/python3.12/site-packages/airflow/example_dags/tutorial.py took 0.140 seconds
[2025-09-24T17:05:53.434+0000] {processor.py:161} INFO - Started process (PID=3351) to work on /home/airflow/.local/lib/python3.12/site-packages/airflow/example_dags/tutorial.py
[2025-09-24T17:05:53.435+0000] {processor.py:830} INFO - Processing file /home/airflow/.local/lib/python3.12/site-packages/airflow/example_dags/tutorial.py for tasks to queue
[2025-09-24T17:05:53.439+0000] {logging_mixin.py:188} INFO - [2025-09-24T17:05:53.438+0000] {dagbag.py:540} INFO - Filling up the DagBag from /home/airflow/.local/lib/python3.12/site-packages/airflow/example_dags/tutorial.py
[2025-09-24T17:05:53.448+0000] {processor.py:840} INFO - DAG(s) 'tutorial' retrieved from /home/airflow/.local/lib/python3.12/site-packages/airflow/example_dags/tutorial.py
[2025-09-24T17:05:53.485+0000] {logging_mixin.py:188} INFO - [2025-09-24T17:05:53.485+0000] {dag.py:3096} INFO - Sync 1 DAGs
[2025-09-24T17:05:53.522+0000] {logging_mixin.py:188} INFO - [2025-09-24T17:05:53.522+0000] {dag.py:3954} INFO - Setting next_dagrun for tutorial to 2025-09-23 00:00:00+00:00, run_after=2025-09-24 00:00:00+00:00
[2025-09-24T17:05:53.556+0000] {processor.py:183} INFO - Processing /home/airflow/.local/lib/python3.12/site-packages/airflow/example_dags/tutorial.py took 0.131 seconds
[2025-09-24T17:06:23.785+0000] {processor.py:161} INFO - Started process (PID=3409) to work on /home/airflow/.local/lib/python3.12/site-packages/airflow/example_dags/tutorial.py
[2025-09-24T17:06:23.787+0000] {processor.py:830} INFO - Processing file /home/airflow/.local/lib/python3.12/site-packages/airflow/example_dags/tutorial.py for tasks to queue
[2025-09-24T17:06:23.790+0000] {logging_mixin.py:188} INFO - [2025-09-24T17:06:23.789+0000] {dagbag.py:540} INFO - Filling up the DagBag from /home/airflow/.local/lib/python3.12/site-packages/airflow/example_dags/tutorial.py
[2025-09-24T17:06:23.798+0000] {processor.py:840} INFO - DAG(s) 'tutorial' retrieved from /home/airflow/.local/lib/python3.12/site-packages/airflow/example_dags/tutorial.py
[2025-09-24T17:06:23.826+0000] {logging_mixin.py:188} INFO - [2025-09-24T17:06:23.826+0000] {dag.py:3096} INFO - Sync 1 DAGs
[2025-09-24T17:06:23.861+0000] {logging_mixin.py:188} INFO - [2025-09-24T17:06:23.861+0000] {dag.py:3954} INFO - Setting next_dagrun for tutorial to 2025-09-23 00:00:00+00:00, run_after=2025-09-24 00:00:00+00:00
[2025-09-24T17:06:23.888+0000] {processor.py:183} INFO - Processing /home/airflow/.local/lib/python3.12/site-packages/airflow/example_dags/tutorial.py took 0.112 seconds
[2025-09-24T17:06:54.801+0000] {processor.py:161} INFO - Started process (PID=3467) to work on /home/airflow/.local/lib/python3.12/site-packages/airflow/example_dags/tutorial.py
[2025-09-24T17:06:54.802+0000] {processor.py:830} INFO - Processing file /home/airflow/.local/lib/python3.12/site-packages/airflow/example_dags/tutorial.py for tasks to queue
[2025-09-24T17:06:54.805+0000] {logging_mixin.py:188} INFO - [2025-09-24T17:06:54.805+0000] {dagbag.py:540} INFO - Filling up the DagBag from /home/airflow/.local/lib/python3.12/site-packages/airflow/example_dags/tutorial.py
[2025-09-24T17:06:54.814+0000] {processor.py:840} INFO - DAG(s) 'tutorial' retrieved from /home/airflow/.local/lib/python3.12/site-packages/airflow/example_dags/tutorial.py
[2025-09-24T17:06:54.845+0000] {logging_mixin.py:188} INFO - [2025-09-24T17:06:54.845+0000] {dag.py:3096} INFO - Sync 1 DAGs
[2025-09-24T17:06:54.884+0000] {logging_mixin.py:188} INFO - [2025-09-24T17:06:54.883+0000] {dag.py:3954} INFO - Setting next_dagrun for tutorial to 2025-09-23 00:00:00+00:00, run_after=2025-09-24 00:00:00+00:00
[2025-09-24T17:06:54.913+0000] {processor.py:183} INFO - Processing /home/airflow/.local/lib/python3.12/site-packages/airflow/example_dags/tutorial.py took 0.121 seconds
[2025-09-24T17:07:25.026+0000] {processor.py:161} INFO - Started process (PID=3525) to work on /home/airflow/.local/lib/python3.12/site-packages/airflow/example_dags/tutorial.py
[2025-09-24T17:07:25.027+0000] {processor.py:830} INFO - Processing file /home/airflow/.local/lib/python3.12/site-packages/airflow/example_dags/tutorial.py for tasks to queue
[2025-09-24T17:07:25.030+0000] {logging_mixin.py:188} INFO - [2025-09-24T17:07:25.030+0000] {dagbag.py:540} INFO - Filling up the DagBag from /home/airflow/.local/lib/python3.12/site-packages/airflow/example_dags/tutorial.py
[2025-09-24T17:07:25.039+0000] {processor.py:840} INFO - DAG(s) 'tutorial' retrieved from /home/airflow/.local/lib/python3.12/site-packages/airflow/example_dags/tutorial.py
[2025-09-24T17:07:25.067+0000] {logging_mixin.py:188} INFO - [2025-09-24T17:07:25.066+0000] {dag.py:3096} INFO - Sync 1 DAGs
[2025-09-24T17:07:25.098+0000] {logging_mixin.py:188} INFO - [2025-09-24T17:07:25.098+0000] {dag.py:3954} INFO - Setting next_dagrun for tutorial to 2025-09-23 00:00:00+00:00, run_after=2025-09-24 00:00:00+00:00
[2025-09-24T17:07:25.125+0000] {processor.py:183} INFO - Processing /home/airflow/.local/lib/python3.12/site-packages/airflow/example_dags/tutorial.py took 0.108 seconds
[2025-09-24T17:07:55.491+0000] {processor.py:161} INFO - Started process (PID=3583) to work on /home/airflow/.local/lib/python3.12/site-packages/airflow/example_dags/tutorial.py
[2025-09-24T17:07:55.493+0000] {processor.py:830} INFO - Processing file /home/airflow/.local/lib/python3.12/site-packages/airflow/example_dags/tutorial.py for tasks to queue
[2025-09-24T17:07:55.495+0000] {logging_mixin.py:188} INFO - [2025-09-24T17:07:55.495+0000] {dagbag.py:540} INFO - Filling up the DagBag from /home/airflow/.local/lib/python3.12/site-packages/airflow/example_dags/tutorial.py
[2025-09-24T17:07:55.504+0000] {processor.py:840} INFO - DAG(s) 'tutorial' retrieved from /home/airflow/.local/lib/python3.12/site-packages/airflow/example_dags/tutorial.py
[2025-09-24T17:07:55.533+0000] {logging_mixin.py:188} INFO - [2025-09-24T17:07:55.532+0000] {dag.py:3096} INFO - Sync 1 DAGs
[2025-09-24T17:07:55.566+0000] {logging_mixin.py:188} INFO - [2025-09-24T17:07:55.565+0000] {dag.py:3954} INFO - Setting next_dagrun for tutorial to 2025-09-23 00:00:00+00:00, run_after=2025-09-24 00:00:00+00:00
[2025-09-24T17:07:55.594+0000] {processor.py:183} INFO - Processing /home/airflow/.local/lib/python3.12/site-packages/airflow/example_dags/tutorial.py took 0.111 seconds
[2025-09-24T17:08:26.007+0000] {processor.py:161} INFO - Started process (PID=3641) to work on /home/airflow/.local/lib/python3.12/site-packages/airflow/example_dags/tutorial.py
[2025-09-24T17:08:26.008+0000] {processor.py:830} INFO - Processing file /home/airflow/.local/lib/python3.12/site-packages/airflow/example_dags/tutorial.py for tasks to queue
[2025-09-24T17:08:26.010+0000] {logging_mixin.py:188} INFO - [2025-09-24T17:08:26.010+0000] {dagbag.py:540} INFO - Filling up the DagBag from /home/airflow/.local/lib/python3.12/site-packages/airflow/example_dags/tutorial.py
[2025-09-24T17:08:26.019+0000] {processor.py:840} INFO - DAG(s) 'tutorial' retrieved from /home/airflow/.local/lib/python3.12/site-packages/airflow/example_dags/tutorial.py
[2025-09-24T17:08:26.052+0000] {logging_mixin.py:188} INFO - [2025-09-24T17:08:26.052+0000] {dag.py:3096} INFO - Sync 1 DAGs
[2025-09-24T17:08:26.085+0000] {logging_mixin.py:188} INFO - [2025-09-24T17:08:26.084+0000] {dag.py:3954} INFO - Setting next_dagrun for tutorial to 2025-09-23 00:00:00+00:00, run_after=2025-09-24 00:00:00+00:00
[2025-09-24T17:08:26.112+0000] {processor.py:183} INFO - Processing /home/airflow/.local/lib/python3.12/site-packages/airflow/example_dags/tutorial.py took 0.113 seconds
[2025-09-24T17:08:56.534+0000] {processor.py:161} INFO - Started process (PID=3699) to work on /home/airflow/.local/lib/python3.12/site-packages/airflow/example_dags/tutorial.py
[2025-09-24T17:08:56.536+0000] {processor.py:830} INFO - Processing file /home/airflow/.local/lib/python3.12/site-packages/airflow/example_dags/tutorial.py for tasks to queue
[2025-09-24T17:08:56.538+0000] {logging_mixin.py:188} INFO - [2025-09-24T17:08:56.538+0000] {dagbag.py:540} INFO - Filling up the DagBag from /home/airflow/.local/lib/python3.12/site-packages/airflow/example_dags/tutorial.py
[2025-09-24T17:08:56.547+0000] {processor.py:840} INFO - DAG(s) 'tutorial' retrieved from /home/airflow/.local/lib/python3.12/site-packages/airflow/example_dags/tutorial.py
[2025-09-24T17:08:56.577+0000] {logging_mixin.py:188} INFO - [2025-09-24T17:08:56.576+0000] {dag.py:3096} INFO - Sync 1 DAGs
[2025-09-24T17:08:56.609+0000] {logging_mixin.py:188} INFO - [2025-09-24T17:08:56.609+0000] {dag.py:3954} INFO - Setting next_dagrun for tutorial to 2025-09-23 00:00:00+00:00, run_after=2025-09-24 00:00:00+00:00
[2025-09-24T17:08:56.636+0000] {processor.py:183} INFO - Processing /home/airflow/.local/lib/python3.12/site-packages/airflow/example_dags/tutorial.py took 0.111 seconds
[2025-09-24T17:09:26.906+0000] {processor.py:161} INFO - Started process (PID=3757) to work on /home/airflow/.local/lib/python3.12/site-packages/airflow/example_dags/tutorial.py
[2025-09-24T17:09:26.907+0000] {processor.py:830} INFO - Processing file /home/airflow/.local/lib/python3.12/site-packages/airflow/example_dags/tutorial.py for tasks to queue
[2025-09-24T17:09:26.910+0000] {logging_mixin.py:188} INFO - [2025-09-24T17:09:26.910+0000] {dagbag.py:540} INFO - Filling up the DagBag from /home/airflow/.local/lib/python3.12/site-packages/airflow/example_dags/tutorial.py
[2025-09-24T17:09:26.918+0000] {processor.py:840} INFO - DAG(s) 'tutorial' retrieved from /home/airflow/.local/lib/python3.12/site-packages/airflow/example_dags/tutorial.py
[2025-09-24T17:09:26.950+0000] {logging_mixin.py:188} INFO - [2025-09-24T17:09:26.949+0000] {dag.py:3096} INFO - Sync 1 DAGs
[2025-09-24T17:09:26.984+0000] {logging_mixin.py:188} INFO - [2025-09-24T17:09:26.984+0000] {dag.py:3954} INFO - Setting next_dagrun for tutorial to 2025-09-23 00:00:00+00:00, run_after=2025-09-24 00:00:00+00:00
[2025-09-24T17:09:27.014+0000] {processor.py:183} INFO - Processing /home/airflow/.local/lib/python3.12/site-packages/airflow/example_dags/tutorial.py took 0.117 seconds
[2025-09-24T17:09:57.872+0000] {processor.py:161} INFO - Started process (PID=3813) to work on /home/airflow/.local/lib/python3.12/site-packages/airflow/example_dags/tutorial.py
[2025-09-24T17:09:57.873+0000] {processor.py:830} INFO - Processing file /home/airflow/.local/lib/python3.12/site-packages/airflow/example_dags/tutorial.py for tasks to queue
[2025-09-24T17:09:57.876+0000] {logging_mixin.py:188} INFO - [2025-09-24T17:09:57.876+0000] {dagbag.py:540} INFO - Filling up the DagBag from /home/airflow/.local/lib/python3.12/site-packages/airflow/example_dags/tutorial.py
[2025-09-24T17:09:57.885+0000] {processor.py:840} INFO - DAG(s) 'tutorial' retrieved from /home/airflow/.local/lib/python3.12/site-packages/airflow/example_dags/tutorial.py
[2025-09-24T17:09:57.917+0000] {logging_mixin.py:188} INFO - [2025-09-24T17:09:57.917+0000] {dag.py:3096} INFO - Sync 1 DAGs
[2025-09-24T17:09:57.956+0000] {logging_mixin.py:188} INFO - [2025-09-24T17:09:57.955+0000] {dag.py:3954} INFO - Setting next_dagrun for tutorial to 2025-09-23 00:00:00+00:00, run_after=2025-09-24 00:00:00+00:00
[2025-09-24T17:09:57.985+0000] {processor.py:183} INFO - Processing /home/airflow/.local/lib/python3.12/site-packages/airflow/example_dags/tutorial.py took 0.122 seconds
[2025-09-24T17:10:28.332+0000] {processor.py:161} INFO - Started process (PID=3871) to work on /home/airflow/.local/lib/python3.12/site-packages/airflow/example_dags/tutorial.py
[2025-09-24T17:10:28.333+0000] {processor.py:830} INFO - Processing file /home/airflow/.local/lib/python3.12/site-packages/airflow/example_dags/tutorial.py for tasks to queue
[2025-09-24T17:10:28.336+0000] {logging_mixin.py:188} INFO - [2025-09-24T17:10:28.335+0000] {dagbag.py:540} INFO - Filling up the DagBag from /home/airflow/.local/lib/python3.12/site-packages/airflow/example_dags/tutorial.py
[2025-09-24T17:10:28.345+0000] {processor.py:840} INFO - DAG(s) 'tutorial' retrieved from /home/airflow/.local/lib/python3.12/site-packages/airflow/example_dags/tutorial.py
[2025-09-24T17:10:28.374+0000] {logging_mixin.py:188} INFO - [2025-09-24T17:10:28.373+0000] {dag.py:3096} INFO - Sync 1 DAGs
[2025-09-24T17:10:28.408+0000] {logging_mixin.py:188} INFO - [2025-09-24T17:10:28.408+0000] {dag.py:3954} INFO - Setting next_dagrun for tutorial to 2025-09-23 00:00:00+00:00, run_after=2025-09-24 00:00:00+00:00
[2025-09-24T17:10:28.436+0000] {processor.py:183} INFO - Processing /home/airflow/.local/lib/python3.12/site-packages/airflow/example_dags/tutorial.py took 0.113 seconds
[2025-09-24T17:10:59.224+0000] {processor.py:161} INFO - Started process (PID=3929) to work on /home/airflow/.local/lib/python3.12/site-packages/airflow/example_dags/tutorial.py
[2025-09-24T17:10:59.228+0000] {processor.py:830} INFO - Processing file /home/airflow/.local/lib/python3.12/site-packages/airflow/example_dags/tutorial.py for tasks to queue
[2025-09-24T17:10:59.233+0000] {logging_mixin.py:188} INFO - [2025-09-24T17:10:59.232+0000] {dagbag.py:540} INFO - Filling up the DagBag from /home/airflow/.local/lib/python3.12/site-packages/airflow/example_dags/tutorial.py
[2025-09-24T17:10:59.252+0000] {processor.py:840} INFO - DAG(s) 'tutorial' retrieved from /home/airflow/.local/lib/python3.12/site-packages/airflow/example_dags/tutorial.py
[2025-09-24T17:10:59.323+0000] {logging_mixin.py:188} INFO - [2025-09-24T17:10:59.323+0000] {dag.py:3096} INFO - Sync 1 DAGs
[2025-09-24T17:10:59.387+0000] {logging_mixin.py:188} INFO - [2025-09-24T17:10:59.386+0000] {dag.py:3954} INFO - Setting next_dagrun for tutorial to 2025-09-23 00:00:00+00:00, run_after=2025-09-24 00:00:00+00:00
[2025-09-24T17:10:59.445+0000] {processor.py:183} INFO - Processing /home/airflow/.local/lib/python3.12/site-packages/airflow/example_dags/tutorial.py took 0.240 seconds
[2025-09-24T17:11:29.511+0000] {processor.py:161} INFO - Started process (PID=3987) to work on /home/airflow/.local/lib/python3.12/site-packages/airflow/example_dags/tutorial.py
[2025-09-24T17:11:29.512+0000] {processor.py:830} INFO - Processing file /home/airflow/.local/lib/python3.12/site-packages/airflow/example_dags/tutorial.py for tasks to queue
[2025-09-24T17:11:29.515+0000] {logging_mixin.py:188} INFO - [2025-09-24T17:11:29.514+0000] {dagbag.py:540} INFO - Filling up the DagBag from /home/airflow/.local/lib/python3.12/site-packages/airflow/example_dags/tutorial.py
[2025-09-24T17:11:29.523+0000] {processor.py:840} INFO - DAG(s) 'tutorial' retrieved from /home/airflow/.local/lib/python3.12/site-packages/airflow/example_dags/tutorial.py
[2025-09-24T17:11:29.551+0000] {logging_mixin.py:188} INFO - [2025-09-24T17:11:29.551+0000] {dag.py:3096} INFO - Sync 1 DAGs
[2025-09-24T17:11:29.581+0000] {logging_mixin.py:188} INFO - [2025-09-24T17:11:29.581+0000] {dag.py:3954} INFO - Setting next_dagrun for tutorial to 2025-09-23 00:00:00+00:00, run_after=2025-09-24 00:00:00+00:00
[2025-09-24T17:11:29.606+0000] {processor.py:183} INFO - Processing /home/airflow/.local/lib/python3.12/site-packages/airflow/example_dags/tutorial.py took 0.104 seconds
[2025-09-24T17:11:59.690+0000] {processor.py:161} INFO - Started process (PID=4045) to work on /home/airflow/.local/lib/python3.12/site-packages/airflow/example_dags/tutorial.py
[2025-09-24T17:11:59.692+0000] {processor.py:830} INFO - Processing file /home/airflow/.local/lib/python3.12/site-packages/airflow/example_dags/tutorial.py for tasks to queue
[2025-09-24T17:11:59.694+0000] {logging_mixin.py:188} INFO - [2025-09-24T17:11:59.694+0000] {dagbag.py:540} INFO - Filling up the DagBag from /home/airflow/.local/lib/python3.12/site-packages/airflow/example_dags/tutorial.py
[2025-09-24T17:11:59.703+0000] {processor.py:840} INFO - DAG(s) 'tutorial' retrieved from /home/airflow/.local/lib/python3.12/site-packages/airflow/example_dags/tutorial.py
[2025-09-24T17:11:59.731+0000] {logging_mixin.py:188} INFO - [2025-09-24T17:11:59.731+0000] {dag.py:3096} INFO - Sync 1 DAGs
[2025-09-24T17:11:59.769+0000] {logging_mixin.py:188} INFO - [2025-09-24T17:11:59.768+0000] {dag.py:3954} INFO - Setting next_dagrun for tutorial to 2025-09-23 00:00:00+00:00, run_after=2025-09-24 00:00:00+00:00
[2025-09-24T17:11:59.812+0000] {processor.py:183} INFO - Processing /home/airflow/.local/lib/python3.12/site-packages/airflow/example_dags/tutorial.py took 0.130 seconds
[2025-09-24T17:12:30.358+0000] {processor.py:161} INFO - Started process (PID=4103) to work on /home/airflow/.local/lib/python3.12/site-packages/airflow/example_dags/tutorial.py
[2025-09-24T17:12:30.359+0000] {processor.py:830} INFO - Processing file /home/airflow/.local/lib/python3.12/site-packages/airflow/example_dags/tutorial.py for tasks to queue
[2025-09-24T17:12:30.362+0000] {logging_mixin.py:188} INFO - [2025-09-24T17:12:30.362+0000] {dagbag.py:540} INFO - Filling up the DagBag from /home/airflow/.local/lib/python3.12/site-packages/airflow/example_dags/tutorial.py
[2025-09-24T17:12:30.371+0000] {processor.py:840} INFO - DAG(s) 'tutorial' retrieved from /home/airflow/.local/lib/python3.12/site-packages/airflow/example_dags/tutorial.py
[2025-09-24T17:12:30.401+0000] {logging_mixin.py:188} INFO - [2025-09-24T17:12:30.400+0000] {dag.py:3096} INFO - Sync 1 DAGs
[2025-09-24T17:12:30.431+0000] {logging_mixin.py:188} INFO - [2025-09-24T17:12:30.430+0000] {dag.py:3954} INFO - Setting next_dagrun for tutorial to 2025-09-23 00:00:00+00:00, run_after=2025-09-24 00:00:00+00:00
[2025-09-24T17:12:30.457+0000] {processor.py:183} INFO - Processing /home/airflow/.local/lib/python3.12/site-packages/airflow/example_dags/tutorial.py took 0.108 seconds
[2025-09-24T17:13:00.835+0000] {processor.py:161} INFO - Started process (PID=4161) to work on /home/airflow/.local/lib/python3.12/site-packages/airflow/example_dags/tutorial.py
[2025-09-24T17:13:00.837+0000] {processor.py:830} INFO - Processing file /home/airflow/.local/lib/python3.12/site-packages/airflow/example_dags/tutorial.py for tasks to queue
[2025-09-24T17:13:00.840+0000] {logging_mixin.py:188} INFO - [2025-09-24T17:13:00.839+0000] {dagbag.py:540} INFO - Filling up the DagBag from /home/airflow/.local/lib/python3.12/site-packages/airflow/example_dags/tutorial.py
[2025-09-24T17:13:00.848+0000] {processor.py:840} INFO - DAG(s) 'tutorial' retrieved from /home/airflow/.local/lib/python3.12/site-packages/airflow/example_dags/tutorial.py
[2025-09-24T17:13:00.876+0000] {logging_mixin.py:188} INFO - [2025-09-24T17:13:00.876+0000] {dag.py:3096} INFO - Sync 1 DAGs
[2025-09-24T17:13:00.905+0000] {logging_mixin.py:188} INFO - [2025-09-24T17:13:00.905+0000] {dag.py:3954} INFO - Setting next_dagrun for tutorial to 2025-09-23 00:00:00+00:00, run_after=2025-09-24 00:00:00+00:00
[2025-09-24T17:13:00.928+0000] {processor.py:183} INFO - Processing /home/airflow/.local/lib/python3.12/site-packages/airflow/example_dags/tutorial.py took 0.102 seconds
[2025-09-24T17:13:31.517+0000] {processor.py:161} INFO - Started process (PID=4219) to work on /home/airflow/.local/lib/python3.12/site-packages/airflow/example_dags/tutorial.py
[2025-09-24T17:13:31.518+0000] {processor.py:830} INFO - Processing file /home/airflow/.local/lib/python3.12/site-packages/airflow/example_dags/tutorial.py for tasks to queue
[2025-09-24T17:13:31.524+0000] {logging_mixin.py:188} INFO - [2025-09-24T17:13:31.524+0000] {dagbag.py:540} INFO - Filling up the DagBag from /home/airflow/.local/lib/python3.12/site-packages/airflow/example_dags/tutorial.py
[2025-09-24T17:13:31.533+0000] {processor.py:840} INFO - DAG(s) 'tutorial' retrieved from /home/airflow/.local/lib/python3.12/site-packages/airflow/example_dags/tutorial.py
[2025-09-24T17:13:31.561+0000] {logging_mixin.py:188} INFO - [2025-09-24T17:13:31.560+0000] {dag.py:3096} INFO - Sync 1 DAGs
[2025-09-24T17:13:31.595+0000] {logging_mixin.py:188} INFO - [2025-09-24T17:13:31.595+0000] {dag.py:3954} INFO - Setting next_dagrun for tutorial to 2025-09-23 00:00:00+00:00, run_after=2025-09-24 00:00:00+00:00
[2025-09-24T17:13:31.625+0000] {processor.py:183} INFO - Processing /home/airflow/.local/lib/python3.12/site-packages/airflow/example_dags/tutorial.py took 0.116 seconds
[2025-09-24T17:14:01.945+0000] {processor.py:161} INFO - Started process (PID=4277) to work on /home/airflow/.local/lib/python3.12/site-packages/airflow/example_dags/tutorial.py
[2025-09-24T17:14:01.946+0000] {processor.py:830} INFO - Processing file /home/airflow/.local/lib/python3.12/site-packages/airflow/example_dags/tutorial.py for tasks to queue
[2025-09-24T17:14:01.949+0000] {logging_mixin.py:188} INFO - [2025-09-24T17:14:01.949+0000] {dagbag.py:540} INFO - Filling up the DagBag from /home/airflow/.local/lib/python3.12/site-packages/airflow/example_dags/tutorial.py
[2025-09-24T17:14:01.958+0000] {processor.py:840} INFO - DAG(s) 'tutorial' retrieved from /home/airflow/.local/lib/python3.12/site-packages/airflow/example_dags/tutorial.py
[2025-09-24T17:14:01.987+0000] {logging_mixin.py:188} INFO - [2025-09-24T17:14:01.987+0000] {dag.py:3096} INFO - Sync 1 DAGs
[2025-09-24T17:14:02.019+0000] {logging_mixin.py:188} INFO - [2025-09-24T17:14:02.018+0000] {dag.py:3954} INFO - Setting next_dagrun for tutorial to 2025-09-23 00:00:00+00:00, run_after=2025-09-24 00:00:00+00:00
[2025-09-24T17:14:02.045+0000] {processor.py:183} INFO - Processing /home/airflow/.local/lib/python3.12/site-packages/airflow/example_dags/tutorial.py took 0.110 seconds
