[2025-10-11T18:29:04.871+0000] {local_task_job_runner.py:120} INFO - ::group::Pre task execution logs
[2025-10-11T18:29:04.920+0000] {taskinstance.py:2073} INFO - Dependencies all met for dep_context=non-requeueable deps ti=<TaskInstance: OpenFlightsDataIngestion.group_airports.download_airports manual__2025-10-11T18:28:56.080667+00:00 [queued]>
[2025-10-11T18:29:04.940+0000] {taskinstance.py:2073} INFO - Dependencies all met for dep_context=requeueable deps ti=<TaskInstance: OpenFlightsDataIngestion.group_airports.download_airports manual__2025-10-11T18:28:56.080667+00:00 [queued]>
[2025-10-11T18:29:04.941+0000] {taskinstance.py:2303} INFO - Starting attempt 1 of 1
[2025-10-11T18:29:04.972+0000] {taskinstance.py:2327} INFO - Executing <Task(PythonOperator): group_airports.download_airports> on 2025-10-11 18:28:56.080667+00:00
[2025-10-11T18:29:05.000+0000] {warnings.py:110} WARNING - /home/***/.local/lib/python3.12/site-packages/***/task/task_runner/standard_task_runner.py:61: DeprecationWarning: This process (pid=52) is multi-threaded, use of fork() may lead to deadlocks in the child.
  pid = os.fork()

[2025-10-11T18:29:05.022+0000] {standard_task_runner.py:63} INFO - Started process 69 to run task
[2025-10-11T18:29:05.014+0000] {standard_task_runner.py:90} INFO - Running: ['***', 'tasks', 'run', 'OpenFlightsDataIngestion', 'group_airports.download_airports', 'manual__2025-10-11T18:28:56.080667+00:00', '--job-id', '73', '--raw', '--subdir', 'DAGS_FOLDER/openflights_dag.py', '--cfg-path', '/tmp/tmpmtmq6kn4']
[2025-10-11T18:29:05.035+0000] {standard_task_runner.py:91} INFO - Job 73: Subtask group_airports.download_airports
[2025-10-11T18:29:05.179+0000] {task_command.py:426} INFO - Running <TaskInstance: OpenFlightsDataIngestion.group_airports.download_airports manual__2025-10-11T18:28:56.080667+00:00 [running]> on host dc3f0ff817bf
[2025-10-11T18:29:05.375+0000] {taskinstance.py:2644} INFO - Exporting env vars: AIRFLOW_CTX_DAG_OWNER='***' AIRFLOW_CTX_DAG_ID='OpenFlightsDataIngestion' AIRFLOW_CTX_TASK_ID='group_airports.download_airports' AIRFLOW_CTX_EXECUTION_DATE='2025-10-11T18:28:56.080667+00:00' AIRFLOW_CTX_TRY_NUMBER='1' AIRFLOW_CTX_DAG_RUN_ID='manual__2025-10-11T18:28:56.080667+00:00'
[2025-10-11T18:29:05.378+0000] {taskinstance.py:430} INFO - ::endgroup::
[2025-10-11T18:29:05.982+0000] {python.py:237} INFO - Done. Returned value was: None
[2025-10-11T18:29:05.984+0000] {taskinstance.py:441} INFO - ::group::Post task execution logs
[2025-10-11T18:29:06.002+0000] {taskinstance.py:1205} INFO - Marking task as SUCCESS. dag_id=OpenFlightsDataIngestion, task_id=group_airports.download_airports, execution_date=20251011T182856, start_date=20251011T182904, end_date=20251011T182906
[2025-10-11T18:29:06.115+0000] {local_task_job_runner.py:240} INFO - Task exited with return code 0
[2025-10-11T18:29:06.131+0000] {warnings.py:110} WARNING - /home/***/.local/lib/python3.12/site-packages/***/models/baseoperator.py:1296: AirflowProviderDeprecationWarning: Call to deprecated class MariaDBOperator. (Please use `***.providers.common.sql.operators.sql.SQLExecuteQueryOperator`.Also, you can provide `hook_params={'schema': <database>}`.)
  result = cls.__new__(cls)

[2025-10-11T18:29:06.164+0000] {taskinstance.py:3482} INFO - 1 downstream tasks scheduled from follow-on schedule check
[2025-10-11T18:29:06.166+0000] {local_task_job_runner.py:222} INFO - ::endgroup::
