[2025-10-26T19:14:30.182+0000] {local_task_job_runner.py:120} INFO - ::group::Pre task execution logs
[2025-10-26T19:14:30.217+0000] {taskinstance.py:2073} INFO - Dependencies all met for dep_context=non-requeueable deps ti=<TaskInstance: Dag_OpenFlightsDataIngestion.group_airlines.cpimport_airlines manual__2025-10-26T19:14:08.334532+00:00 [queued]>
[2025-10-26T19:14:30.239+0000] {taskinstance.py:2073} INFO - Dependencies all met for dep_context=requeueable deps ti=<TaskInstance: Dag_OpenFlightsDataIngestion.group_airlines.cpimport_airlines manual__2025-10-26T19:14:08.334532+00:00 [queued]>
[2025-10-26T19:14:30.239+0000] {taskinstance.py:2303} INFO - Starting attempt 1 of 1
[2025-10-26T19:14:30.271+0000] {taskinstance.py:2327} INFO - Executing <Task(MariaDBCpImportOperator): group_airlines.cpimport_airlines> on 2025-10-26 19:14:08.334532+00:00
[2025-10-26T19:14:30.282+0000] {warnings.py:110} WARNING - /home/***/.local/lib/python3.12/site-packages/***/task/task_runner/standard_task_runner.py:61: DeprecationWarning: This process (pid=702) is multi-threaded, use of fork() may lead to deadlocks in the child.
  pid = os.fork()

[2025-10-26T19:14:30.284+0000] {standard_task_runner.py:63} INFO - Started process 738 to run task
[2025-10-26T19:14:30.285+0000] {standard_task_runner.py:90} INFO - Running: ['***', 'tasks', 'run', 'Dag_OpenFlightsDataIngestion', 'group_airlines.cpimport_airlines', 'manual__2025-10-26T19:14:08.334532+00:00', '--job-id', '50', '--raw', '--subdir', 'DAGS_FOLDER/openflights_dag.py', '--cfg-path', '/tmp/tmpsjvdilwe']
[2025-10-26T19:14:30.289+0000] {standard_task_runner.py:91} INFO - Job 50: Subtask group_airlines.cpimport_airlines
[2025-10-26T19:14:30.376+0000] {task_command.py:426} INFO - Running <TaskInstance: Dag_OpenFlightsDataIngestion.group_airlines.cpimport_airlines manual__2025-10-26T19:14:08.334532+00:00 [running]> on host c8d58475e5b6
[2025-10-26T19:14:30.620+0000] {taskinstance.py:2644} INFO - Exporting env vars: AIRFLOW_CTX_DAG_OWNER='***' AIRFLOW_CTX_DAG_ID='Dag_OpenFlightsDataIngestion' AIRFLOW_CTX_TASK_ID='group_airlines.cpimport_airlines' AIRFLOW_CTX_EXECUTION_DATE='2025-10-26T19:14:08.334532+00:00' AIRFLOW_CTX_TRY_NUMBER='1' AIRFLOW_CTX_DAG_RUN_ID='manual__2025-10-26T19:14:08.334532+00:00'
[2025-10-26T19:14:30.627+0000] {taskinstance.py:430} INFO - ::endgroup::
[2025-10-26T19:14:30.631+0000] {cpimport.py:87} INFO - Starting cpimport operation for table: airlines
[2025-10-26T19:14:30.631+0000] {cpimport.py:88} INFO - Source file: /root/***_ssh/airlines.dat
[2025-10-26T19:14:30.633+0000] {cpimport.py:96} INFO - Validating ColumnStore engine...
[2025-10-26T19:14:30.650+0000] {base.py:84} INFO - Using connection ID 'maria_db_default' for task execution.
[2025-10-26T19:14:30.652+0000] {mariadb.py:94} INFO - Connecting to MariaDB database: 
[2025-10-26T19:14:30.659+0000] {mariadb.py:130} INFO - Table open_flights_data.airlines uses engine: Columnstore
[2025-10-26T19:14:30.661+0000] {mariadb.py:140} INFO - ✓ Table open_flights_data.airlines uses ColumnStore engine
[2025-10-26T19:14:30.663+0000] {cpimport.py:98} INFO - ✓ ColumnStore engine validation passed
[2025-10-26T19:14:30.664+0000] {cpimport.py:103} INFO - Executing cpimport command...
[2025-10-26T19:14:30.677+0000] {base.py:84} INFO - Using connection ID 'maria_db_default' for task execution.
[2025-10-26T19:14:30.678+0000] {mariadb.py:94} INFO - Connecting to MariaDB database: 
[2025-10-26T19:14:30.683+0000] {mariadb.py:130} INFO - Table open_flights_data.airlines uses engine: Columnstore
[2025-10-26T19:14:30.684+0000] {mariadb.py:140} INFO - ✓ Table open_flights_data.airlines uses ColumnStore engine
[2025-10-26T19:14:30.697+0000] {base.py:84} INFO - Using connection ID 'mariadb_ssh_connection' for task execution.
[2025-10-26T19:14:30.700+0000] {mariadb.py:217} INFO - Executing cpimport command via SSH: cpimport -s ',' -E \" -n \\N open_flights_data airlines /root/***_ssh/airlines.dat
[2025-10-26T19:14:30.701+0000] {ssh.py:301} WARNING - No Host Key Verification. This won't protect against Man-In-The-Middle attacks
[2025-10-26T19:14:30.715+0000] {transport.py:1909} INFO - Connected (version 2.0, client OpenSSH_8.0)
[2025-10-26T19:14:30.833+0000] {transport.py:1909} INFO - Authentication (password) successful!
[2025-10-26T19:14:32.128+0000] {mariadb.py:229} INFO - cpimport completed successfully via SSH
[2025-10-26T19:14:32.128+0000] {mariadb.py:231} INFO - Output: Locale = C.UTF-8Column delimiter : ,
Enclosed by Character : "

Using table OID 3408 as the default JOB ID
Input file(s) will be read from : /root
Job description file : /var/log/mariadb/columnstore/data/bulk/tmpjob/3408_D20251026_T191431_S020940_Job_3408.xml
Log file for this job: /var/log/mariadb/columnstore/cpimport/Job_3408.log
2025-10-26 19:14:31 (7953) INFO : successfully loaded job file /var/log/mariadb/columnstore/data/bulk/tmpjob/3408_D20251026_T191431_S020940_Job_3408.xml
2025-10-26 19:14:31 (7953) INFO : Job file loaded, run time for this step : 0.0380242 seconds
2025-10-26 19:14:31 (7953) INFO : PreProcessing check starts
2025-10-26 19:14:31 (7953) INFO : input data file /root/***_ssh/airlines.dat
2025-10-26 19:14:31 (7953) INFO : PreProcessing check completed
2025-10-26 19:14:31 (7953) INFO : preProcess completed, run time for this step : 0.066716 seconds
2025-10-26 19:14:31 (7953) INFO : No of Read Threads Spawned = 1
2025-10-26 19:14:31 (7953) INFO : No of Parse Threads Spawned = 3
2025-10-26 19:14:31 (7953) INFO : For table open_flights_data.airlines: 6162 rows processed and 6162 rows inserted.
2025-10-26 19:14:32 (7953) INFO : Bulk load completed, total run time : 1.10668 seconds


[2025-10-26T19:14:32.129+0000] {cpimport.py:113} INFO - ✅ Successfully imported data into airlines
[2025-10-26T19:14:32.130+0000] {taskinstance.py:441} INFO - ::group::Post task execution logs
[2025-10-26T19:14:32.160+0000] {taskinstance.py:1205} INFO - Marking task as SUCCESS. dag_id=Dag_OpenFlightsDataIngestion, task_id=group_airlines.cpimport_airlines, execution_date=20251026T191408, start_date=20251026T191430, end_date=20251026T191432
[2025-10-26T19:14:32.222+0000] {local_task_job_runner.py:240} INFO - Task exited with return code 0
[2025-10-26T19:14:32.264+0000] {taskinstance.py:3482} INFO - 0 downstream tasks scheduled from follow-on schedule check
[2025-10-26T19:14:32.266+0000] {local_task_job_runner.py:222} INFO - ::endgroup::
