[2025-10-12T20:17:27.933+0000] {local_task_job_runner.py:120} INFO - ::group::Pre task execution logs
[2025-10-12T20:17:27.985+0000] {taskinstance.py:2073} INFO - Dependencies all met for dep_context=non-requeueable deps ti=<TaskInstance: OpenFlightsDataIngestion_SFTP.group_airlines.drop_table_airlines manual__2025-10-12T20:17:19.698665+00:00 [queued]>
[2025-10-12T20:17:28.003+0000] {taskinstance.py:2073} INFO - Dependencies all met for dep_context=requeueable deps ti=<TaskInstance: OpenFlightsDataIngestion_SFTP.group_airlines.drop_table_airlines manual__2025-10-12T20:17:19.698665+00:00 [queued]>
[2025-10-12T20:17:28.004+0000] {taskinstance.py:2303} INFO - Starting attempt 1 of 1
[2025-10-12T20:17:28.030+0000] {taskinstance.py:2327} INFO - Executing <Task(PythonOperator): group_airlines.drop_table_airlines> on 2025-10-12 20:17:19.698665+00:00
[2025-10-12T20:17:28.044+0000] {warnings.py:110} WARNING - /home/***/.local/lib/python3.12/site-packages/***/task/task_runner/standard_task_runner.py:61: DeprecationWarning: This process (pid=97) is multi-threaded, use of fork() may lead to deadlocks in the child.
  pid = os.fork()

[2025-10-12T20:17:28.046+0000] {standard_task_runner.py:63} INFO - Started process 109 to run task
[2025-10-12T20:17:28.047+0000] {standard_task_runner.py:90} INFO - Running: ['***', 'tasks', 'run', 'OpenFlightsDataIngestion_SFTP', 'group_airlines.drop_table_airlines', 'manual__2025-10-12T20:17:19.698665+00:00', '--job-id', '52', '--raw', '--subdir', 'DAGS_FOLDER/openflights_dag.py', '--cfg-path', '/tmp/tmpvz5h2aka']
[2025-10-12T20:17:28.053+0000] {standard_task_runner.py:91} INFO - Job 52: Subtask group_airlines.drop_table_airlines
[2025-10-12T20:17:28.160+0000] {task_command.py:426} INFO - Running <TaskInstance: OpenFlightsDataIngestion_SFTP.group_airlines.drop_table_airlines manual__2025-10-12T20:17:19.698665+00:00 [running]> on host 13f503bb3742
[2025-10-12T20:17:28.340+0000] {taskinstance.py:2644} INFO - Exporting env vars: AIRFLOW_CTX_DAG_OWNER='***' AIRFLOW_CTX_DAG_ID='OpenFlightsDataIngestion_SFTP' AIRFLOW_CTX_TASK_ID='group_airlines.drop_table_airlines' AIRFLOW_CTX_EXECUTION_DATE='2025-10-12T20:17:19.698665+00:00' AIRFLOW_CTX_TRY_NUMBER='1' AIRFLOW_CTX_DAG_RUN_ID='manual__2025-10-12T20:17:19.698665+00:00'
[2025-10-12T20:17:28.344+0000] {taskinstance.py:430} INFO - ::endgroup::
[2025-10-12T20:17:28.364+0000] {base.py:84} INFO - Using connection ID 'maria_db_default' for task execution.
[2025-10-12T20:17:28.365+0000] {mariadb_hook.py:37} INFO - Connecting to MariaDB database: 
[2025-10-12T20:17:28.383+0000] {python.py:237} INFO - Done. Returned value was: None
[2025-10-12T20:17:28.384+0000] {taskinstance.py:441} INFO - ::group::Post task execution logs
[2025-10-12T20:17:28.402+0000] {taskinstance.py:1205} INFO - Marking task as SUCCESS. dag_id=OpenFlightsDataIngestion_SFTP, task_id=group_airlines.drop_table_airlines, execution_date=20251012T201719, start_date=20251012T201727, end_date=20251012T201728
[2025-10-12T20:17:28.477+0000] {local_task_job_runner.py:240} INFO - Task exited with return code 0
[2025-10-12T20:17:28.617+0000] {taskinstance.py:3482} INFO - 1 downstream tasks scheduled from follow-on schedule check
[2025-10-12T20:17:28.619+0000] {local_task_job_runner.py:222} INFO - ::endgroup::
