[2025-10-12T09:26:39.640+0000] {local_task_job_runner.py:120} INFO - ::group::Pre task execution logs
[2025-10-12T09:26:39.666+0000] {taskinstance.py:2073} INFO - Dependencies all met for dep_context=non-requeueable deps ti=<TaskInstance: OpenFlightsDataIngestion_SSH.group_planes.truncate_table_planes manual__2025-10-12T09:26:32.270673+00:00 [queued]>
[2025-10-12T09:26:39.684+0000] {taskinstance.py:2073} INFO - Dependencies all met for dep_context=requeueable deps ti=<TaskInstance: OpenFlightsDataIngestion_SSH.group_planes.truncate_table_planes manual__2025-10-12T09:26:32.270673+00:00 [queued]>
[2025-10-12T09:26:39.685+0000] {taskinstance.py:2303} INFO - Starting attempt 1 of 1
[2025-10-12T09:26:39.712+0000] {taskinstance.py:2327} INFO - Executing <Task(PythonOperator): group_planes.truncate_table_planes> on 2025-10-12 09:26:32.270673+00:00
[2025-10-12T09:26:39.725+0000] {warnings.py:110} WARNING - /home/***/.local/lib/python3.12/site-packages/***/task/task_runner/standard_task_runner.py:61: DeprecationWarning: This process (pid=171) is multi-threaded, use of fork() may lead to deadlocks in the child.
  pid = os.fork()

[2025-10-12T09:26:39.730+0000] {standard_task_runner.py:63} INFO - Started process 183 to run task
[2025-10-12T09:26:39.729+0000] {standard_task_runner.py:90} INFO - Running: ['***', 'tasks', 'run', 'OpenFlightsDataIngestion_SSH', 'group_planes.truncate_table_planes', 'manual__2025-10-12T09:26:32.270673+00:00', '--job-id', '48', '--raw', '--subdir', 'DAGS_FOLDER/openflights_dag.py', '--cfg-path', '/tmp/tmp25y6d360']
[2025-10-12T09:26:39.733+0000] {standard_task_runner.py:91} INFO - Job 48: Subtask group_planes.truncate_table_planes
[2025-10-12T09:26:39.823+0000] {task_command.py:426} INFO - Running <TaskInstance: OpenFlightsDataIngestion_SSH.group_planes.truncate_table_planes manual__2025-10-12T09:26:32.270673+00:00 [running]> on host 030cfa6c2cac
[2025-10-12T09:26:39.952+0000] {taskinstance.py:2644} INFO - Exporting env vars: AIRFLOW_CTX_DAG_OWNER='***' AIRFLOW_CTX_DAG_ID='OpenFlightsDataIngestion_SSH' AIRFLOW_CTX_TASK_ID='group_planes.truncate_table_planes' AIRFLOW_CTX_EXECUTION_DATE='2025-10-12T09:26:32.270673+00:00' AIRFLOW_CTX_TRY_NUMBER='1' AIRFLOW_CTX_DAG_RUN_ID='manual__2025-10-12T09:26:32.270673+00:00'
[2025-10-12T09:26:39.959+0000] {taskinstance.py:430} INFO - ::endgroup::
[2025-10-12T09:26:39.972+0000] {base.py:84} INFO - Using connection ID 'maria_db_default' for task execution.
[2025-10-12T09:26:39.973+0000] {mariadb_hook.py:37} INFO - Connecting to MariaDB database: 
[2025-10-12T09:26:39.978+0000] {logging_mixin.py:188} INFO - Table open_flights_data.planes does not exist, skipping truncation.
[2025-10-12T09:26:39.979+0000] {python.py:237} INFO - Done. Returned value was: None
[2025-10-12T09:26:39.980+0000] {taskinstance.py:441} INFO - ::group::Post task execution logs
[2025-10-12T09:26:39.993+0000] {taskinstance.py:1205} INFO - Marking task as SUCCESS. dag_id=OpenFlightsDataIngestion_SSH, task_id=group_planes.truncate_table_planes, execution_date=20251012T092632, start_date=20251012T092639, end_date=20251012T092639
[2025-10-12T09:26:40.035+0000] {local_task_job_runner.py:240} INFO - Task exited with return code 0
[2025-10-12T09:26:40.122+0000] {taskinstance.py:3482} INFO - 1 downstream tasks scheduled from follow-on schedule check
[2025-10-12T09:26:40.124+0000] {local_task_job_runner.py:222} INFO - ::endgroup::
