[2025-10-16T17:33:14.825+0000] {local_task_job_runner.py:120} INFO - ::group::Pre task execution logs
[2025-10-16T17:33:14.859+0000] {taskinstance.py:2073} INFO - Dependencies all met for dep_context=non-requeueable deps ti=<TaskInstance: OpenFlightsDataIngestion.group_countries.create_table_countries manual__2025-10-16T17:32:57.571753+00:00 [queued]>
[2025-10-16T17:33:14.875+0000] {taskinstance.py:2073} INFO - Dependencies all met for dep_context=requeueable deps ti=<TaskInstance: OpenFlightsDataIngestion.group_countries.create_table_countries manual__2025-10-16T17:32:57.571753+00:00 [queued]>
[2025-10-16T17:33:14.876+0000] {taskinstance.py:2303} INFO - Starting attempt 1 of 1
[2025-10-16T17:33:14.901+0000] {taskinstance.py:2327} INFO - Executing <Task(PythonOperator): group_countries.create_table_countries> on 2025-10-16 17:32:57.571753+00:00
[2025-10-16T17:33:14.913+0000] {warnings.py:110} WARNING - /home/***/.local/lib/python3.12/site-packages/***/task/task_runner/standard_task_runner.py:61: DeprecationWarning: This process (pid=207) is multi-threaded, use of fork() may lead to deadlocks in the child.
  pid = os.fork()

[2025-10-16T17:33:14.917+0000] {standard_task_runner.py:63} INFO - Started process 257 to run task
[2025-10-16T17:33:14.917+0000] {standard_task_runner.py:90} INFO - Running: ['***', 'tasks', 'run', 'OpenFlightsDataIngestion', 'group_countries.create_table_countries', 'manual__2025-10-16T17:32:57.571753+00:00', '--job-id', '107', '--raw', '--subdir', 'DAGS_FOLDER/openflights_dag.py', '--cfg-path', '/tmp/tmpfpo8gyfa']
[2025-10-16T17:33:14.925+0000] {standard_task_runner.py:91} INFO - Job 107: Subtask group_countries.create_table_countries
[2025-10-16T17:33:15.021+0000] {task_command.py:426} INFO - Running <TaskInstance: OpenFlightsDataIngestion.group_countries.create_table_countries manual__2025-10-16T17:32:57.571753+00:00 [running]> on host e6b42f39be87
[2025-10-16T17:33:15.204+0000] {taskinstance.py:2644} INFO - Exporting env vars: AIRFLOW_CTX_DAG_OWNER='***' AIRFLOW_CTX_DAG_ID='OpenFlightsDataIngestion' AIRFLOW_CTX_TASK_ID='group_countries.create_table_countries' AIRFLOW_CTX_EXECUTION_DATE='2025-10-16T17:32:57.571753+00:00' AIRFLOW_CTX_TRY_NUMBER='1' AIRFLOW_CTX_DAG_RUN_ID='manual__2025-10-16T17:32:57.571753+00:00'
[2025-10-16T17:33:15.208+0000] {taskinstance.py:430} INFO - ::endgroup::
[2025-10-16T17:33:15.225+0000] {base.py:84} INFO - Using connection ID 'maria_db_default' for task execution.
[2025-10-16T17:33:15.226+0000] {mariadb_hook.py:38} INFO - Connecting to MariaDB database: open_flights_data
[2025-10-16T17:33:15.595+0000] {python.py:237} INFO - Done. Returned value was: None
[2025-10-16T17:33:15.596+0000] {taskinstance.py:441} INFO - ::group::Post task execution logs
[2025-10-16T17:33:15.616+0000] {taskinstance.py:1205} INFO - Marking task as SUCCESS. dag_id=OpenFlightsDataIngestion, task_id=group_countries.create_table_countries, execution_date=20251016T173257, start_date=20251016T173314, end_date=20251016T173315
[2025-10-16T17:33:15.676+0000] {local_task_job_runner.py:240} INFO - Task exited with return code 0
[2025-10-16T17:33:15.725+0000] {taskinstance.py:3482} INFO - 1 downstream tasks scheduled from follow-on schedule check
[2025-10-16T17:33:15.727+0000] {local_task_job_runner.py:222} INFO - ::endgroup::
