[2025-10-16T18:34:24.334+0000] {local_task_job_runner.py:120} INFO - ::group::Pre task execution logs
[2025-10-16T18:34:24.362+0000] {taskinstance.py:2073} INFO - Dependencies all met for dep_context=non-requeueable deps ti=<TaskInstance: OpenFlightsDataIngestion.group_countries.drop_table_countries manual__2025-10-16T18:34:10.538057+00:00 [queued]>
[2025-10-16T18:34:24.374+0000] {taskinstance.py:2073} INFO - Dependencies all met for dep_context=requeueable deps ti=<TaskInstance: OpenFlightsDataIngestion.group_countries.drop_table_countries manual__2025-10-16T18:34:10.538057+00:00 [queued]>
[2025-10-16T18:34:24.375+0000] {taskinstance.py:2303} INFO - Starting attempt 1 of 1
[2025-10-16T18:34:24.394+0000] {taskinstance.py:2327} INFO - Executing <Task(PythonOperator): group_countries.drop_table_countries> on 2025-10-16 18:34:10.538057+00:00
[2025-10-16T18:34:24.402+0000] {warnings.py:110} WARNING - /home/***/.local/lib/python3.12/site-packages/***/task/task_runner/standard_task_runner.py:61: DeprecationWarning: This process (pid=137) is multi-threaded, use of fork() may lead to deadlocks in the child.
  pid = os.fork()

[2025-10-16T18:34:24.404+0000] {standard_task_runner.py:63} INFO - Started process 201 to run task
[2025-10-16T18:34:24.405+0000] {standard_task_runner.py:90} INFO - Running: ['***', 'tasks', 'run', 'OpenFlightsDataIngestion', 'group_countries.drop_table_countries', 'manual__2025-10-16T18:34:10.538057+00:00', '--job-id', '144', '--raw', '--subdir', 'DAGS_FOLDER/openflights_dag.py', '--cfg-path', '/tmp/tmp3ddrzu0b']
[2025-10-16T18:34:24.409+0000] {standard_task_runner.py:91} INFO - Job 144: Subtask group_countries.drop_table_countries
[2025-10-16T18:34:24.485+0000] {task_command.py:426} INFO - Running <TaskInstance: OpenFlightsDataIngestion.group_countries.drop_table_countries manual__2025-10-16T18:34:10.538057+00:00 [running]> on host e6b42f39be87
[2025-10-16T18:34:24.620+0000] {taskinstance.py:2644} INFO - Exporting env vars: AIRFLOW_CTX_DAG_OWNER='***' AIRFLOW_CTX_DAG_ID='OpenFlightsDataIngestion' AIRFLOW_CTX_TASK_ID='group_countries.drop_table_countries' AIRFLOW_CTX_EXECUTION_DATE='2025-10-16T18:34:10.538057+00:00' AIRFLOW_CTX_TRY_NUMBER='1' AIRFLOW_CTX_DAG_RUN_ID='manual__2025-10-16T18:34:10.538057+00:00'
[2025-10-16T18:34:24.625+0000] {taskinstance.py:430} INFO - ::endgroup::
[2025-10-16T18:34:24.639+0000] {base.py:84} INFO - Using connection ID 'maria_db_default' for task execution.
[2025-10-16T18:34:24.640+0000] {mariadb_hook.py:38} INFO - Connecting to MariaDB database: open_flights_data
[2025-10-16T18:34:25.862+0000] {python.py:237} INFO - Done. Returned value was: None
[2025-10-16T18:34:25.862+0000] {taskinstance.py:441} INFO - ::group::Post task execution logs
[2025-10-16T18:34:25.874+0000] {taskinstance.py:1205} INFO - Marking task as SUCCESS. dag_id=OpenFlightsDataIngestion, task_id=group_countries.drop_table_countries, execution_date=20251016T183410, start_date=20251016T183424, end_date=20251016T183425
[2025-10-16T18:34:25.897+0000] {local_task_job_runner.py:240} INFO - Task exited with return code 0
[2025-10-16T18:34:25.933+0000] {taskinstance.py:3482} INFO - 1 downstream tasks scheduled from follow-on schedule check
[2025-10-16T18:34:25.935+0000] {local_task_job_runner.py:222} INFO - ::endgroup::
