[2025-10-11T17:36:25.465+0000] {local_task_job_runner.py:120} INFO - ::group::Pre task execution logs
[2025-10-11T17:36:25.555+0000] {taskinstance.py:2073} INFO - Dependencies all met for dep_context=non-requeueable deps ti=<TaskInstance: OpenFlightsDataIngestion.group_airlines.download_airlines manual__2025-10-11T17:36:20.120583+00:00 [queued]>
[2025-10-11T17:36:25.578+0000] {taskinstance.py:2073} INFO - Dependencies all met for dep_context=requeueable deps ti=<TaskInstance: OpenFlightsDataIngestion.group_airlines.download_airlines manual__2025-10-11T17:36:20.120583+00:00 [queued]>
[2025-10-11T17:36:25.579+0000] {taskinstance.py:2303} INFO - Starting attempt 1 of 1
[2025-10-11T17:36:25.619+0000] {taskinstance.py:2327} INFO - Executing <Task(PythonOperator): group_airlines.download_airlines> on 2025-10-11 17:36:20.120583+00:00
[2025-10-11T17:36:25.633+0000] {warnings.py:110} WARNING - /home/***/.local/lib/python3.12/site-packages/***/task/task_runner/standard_task_runner.py:61: DeprecationWarning: This process (pid=209) is multi-threaded, use of fork() may lead to deadlocks in the child.
  pid = os.fork()

[2025-10-11T17:36:25.641+0000] {standard_task_runner.py:63} INFO - Started process 224 to run task
[2025-10-11T17:36:25.641+0000] {standard_task_runner.py:90} INFO - Running: ['***', 'tasks', 'run', 'OpenFlightsDataIngestion', 'group_airlines.download_airlines', 'manual__2025-10-11T17:36:20.120583+00:00', '--job-id', '59', '--raw', '--subdir', 'DAGS_FOLDER/openflights_dag.py', '--cfg-path', '/tmp/tmpv_1s44sa']
[2025-10-11T17:36:25.656+0000] {standard_task_runner.py:91} INFO - Job 59: Subtask group_airlines.download_airlines
[2025-10-11T17:36:25.968+0000] {task_command.py:426} INFO - Running <TaskInstance: OpenFlightsDataIngestion.group_airlines.download_airlines manual__2025-10-11T17:36:20.120583+00:00 [running]> on host 57acc0fdfd63
[2025-10-11T17:36:26.176+0000] {taskinstance.py:2644} INFO - Exporting env vars: AIRFLOW_CTX_DAG_OWNER='***' AIRFLOW_CTX_DAG_ID='OpenFlightsDataIngestion' AIRFLOW_CTX_TASK_ID='group_airlines.download_airlines' AIRFLOW_CTX_EXECUTION_DATE='2025-10-11T17:36:20.120583+00:00' AIRFLOW_CTX_TRY_NUMBER='1' AIRFLOW_CTX_DAG_RUN_ID='manual__2025-10-11T17:36:20.120583+00:00'
[2025-10-11T17:36:26.182+0000] {taskinstance.py:430} INFO - ::endgroup::
[2025-10-11T17:36:26.393+0000] {python.py:237} INFO - Done. Returned value was: None
[2025-10-11T17:36:26.394+0000] {taskinstance.py:441} INFO - ::group::Post task execution logs
[2025-10-11T17:36:26.409+0000] {taskinstance.py:1205} INFO - Marking task as SUCCESS. dag_id=OpenFlightsDataIngestion, task_id=group_airlines.download_airlines, execution_date=20251011T173620, start_date=20251011T173625, end_date=20251011T173626
[2025-10-11T17:36:26.465+0000] {local_task_job_runner.py:240} INFO - Task exited with return code 0
[2025-10-11T17:36:26.478+0000] {warnings.py:110} WARNING - /home/***/.local/lib/python3.12/site-packages/***/models/baseoperator.py:1296: AirflowProviderDeprecationWarning: Call to deprecated class MariaDBOperator. (Please use `***.providers.common.sql.operators.sql.SQLExecuteQueryOperator`.Also, you can provide `hook_params={'schema': <database>}`.)
  result = cls.__new__(cls)

[2025-10-11T17:36:26.503+0000] {taskinstance.py:3482} INFO - 1 downstream tasks scheduled from follow-on schedule check
[2025-10-11T17:36:26.505+0000] {local_task_job_runner.py:222} INFO - ::endgroup::
