[2025-10-11T19:44:51.910+0000] {local_task_job_runner.py:120} INFO - ::group::Pre task execution logs
[2025-10-11T19:44:51.950+0000] {taskinstance.py:2073} INFO - Dependencies all met for dep_context=non-requeueable deps ti=<TaskInstance: OpenFlightsDataIngestion.group_routes.truncate_table_routes manual__2025-10-11T19:44:43.678030+00:00 [queued]>
[2025-10-11T19:44:51.962+0000] {taskinstance.py:2073} INFO - Dependencies all met for dep_context=requeueable deps ti=<TaskInstance: OpenFlightsDataIngestion.group_routes.truncate_table_routes manual__2025-10-11T19:44:43.678030+00:00 [queued]>
[2025-10-11T19:44:51.963+0000] {taskinstance.py:2303} INFO - Starting attempt 1 of 1
[2025-10-11T19:44:51.985+0000] {taskinstance.py:2327} INFO - Executing <Task(PythonOperator): group_routes.truncate_table_routes> on 2025-10-11 19:44:43.678030+00:00
[2025-10-11T19:44:51.994+0000] {warnings.py:110} WARNING - /home/***/.local/lib/python3.12/site-packages/***/task/task_runner/standard_task_runner.py:61: DeprecationWarning: This process (pid=252) is multi-threaded, use of fork() may lead to deadlocks in the child.
  pid = os.fork()

[2025-10-11T19:44:52.000+0000] {standard_task_runner.py:63} INFO - Started process 264 to run task
[2025-10-11T19:44:51.997+0000] {standard_task_runner.py:90} INFO - Running: ['***', 'tasks', 'run', 'OpenFlightsDataIngestion', 'group_routes.truncate_table_routes', 'manual__2025-10-11T19:44:43.678030+00:00', '--job-id', '71', '--raw', '--subdir', 'DAGS_FOLDER/openflights_dag.py', '--cfg-path', '/tmp/tmpyu2qpi3c']
[2025-10-11T19:44:52.002+0000] {standard_task_runner.py:91} INFO - Job 71: Subtask group_routes.truncate_table_routes
[2025-10-11T19:44:52.085+0000] {task_command.py:426} INFO - Running <TaskInstance: OpenFlightsDataIngestion.group_routes.truncate_table_routes manual__2025-10-11T19:44:43.678030+00:00 [running]> on host 187d1545c280
[2025-10-11T19:44:52.230+0000] {taskinstance.py:2644} INFO - Exporting env vars: AIRFLOW_CTX_DAG_OWNER='***' AIRFLOW_CTX_DAG_ID='OpenFlightsDataIngestion' AIRFLOW_CTX_TASK_ID='group_routes.truncate_table_routes' AIRFLOW_CTX_EXECUTION_DATE='2025-10-11T19:44:43.678030+00:00' AIRFLOW_CTX_TRY_NUMBER='1' AIRFLOW_CTX_DAG_RUN_ID='manual__2025-10-11T19:44:43.678030+00:00'
[2025-10-11T19:44:52.233+0000] {taskinstance.py:430} INFO - ::endgroup::
[2025-10-11T19:44:52.250+0000] {base.py:84} INFO - Using connection ID 'maria_db_default' for task execution.
[2025-10-11T19:44:52.254+0000] {mariadb_hook.py:37} INFO - Connecting to MariaDB database: 
[2025-10-11T19:44:52.258+0000] {sql.py:457} INFO - Running statement: 
        SELECT COUNT(*) 
        FROM information_schema.tables 
        WHERE table_schema = 'open_flights_data' 
          AND table_name = 'routes';
    , parameters: None
[2025-10-11T19:44:52.263+0000] {sql.py:466} INFO - Rows affected: 1
[2025-10-11T19:44:52.265+0000] {warnings.py:110} WARNING - /home/***/.local/lib/python3.12/site-packages/***/providers/common/sql/hooks/sql.py:407: AirflowProviderDeprecationWarning: Call to deprecated method _make_common_data_structure. (The `_make_serializable` method is deprecated and support will be removed in a future version of the common.sql provider. Please update the DbApiHook's provider to a version based on common.sql >= 1.9.1.)
  result = self._make_common_data_structure(handler(cur))

[2025-10-11T19:44:52.266+0000] {logging_mixin.py:188} INFO - Table `open_flights_data.routes` does not exist. Skipping truncation.
[2025-10-11T19:44:52.267+0000] {python.py:237} INFO - Done. Returned value was: None
[2025-10-11T19:44:52.268+0000] {taskinstance.py:441} INFO - ::group::Post task execution logs
[2025-10-11T19:44:52.283+0000] {taskinstance.py:1205} INFO - Marking task as SUCCESS. dag_id=OpenFlightsDataIngestion, task_id=group_routes.truncate_table_routes, execution_date=20251011T194443, start_date=20251011T194451, end_date=20251011T194452
[2025-10-11T19:44:52.306+0000] {local_task_job_runner.py:240} INFO - Task exited with return code 0
[2025-10-11T19:44:52.349+0000] {taskinstance.py:3482} INFO - 1 downstream tasks scheduled from follow-on schedule check
[2025-10-11T19:44:52.351+0000] {local_task_job_runner.py:222} INFO - ::endgroup::
