[2025-10-16T19:44:09.937+0000] {local_task_job_runner.py:120} INFO - ::group::Pre task execution logs
[2025-10-16T19:44:09.966+0000] {taskinstance.py:2073} INFO - Dependencies all met for dep_context=non-requeueable deps ti=<TaskInstance: OpenFlightsDataIngestion.group_planes.copy_via_ssh_planes manual__2025-10-16T19:43:50.755150+00:00 [queued]>
[2025-10-16T19:44:09.980+0000] {taskinstance.py:2073} INFO - Dependencies all met for dep_context=requeueable deps ti=<TaskInstance: OpenFlightsDataIngestion.group_planes.copy_via_ssh_planes manual__2025-10-16T19:43:50.755150+00:00 [queued]>
[2025-10-16T19:44:09.981+0000] {taskinstance.py:2303} INFO - Starting attempt 1 of 1
[2025-10-16T19:44:10.004+0000] {taskinstance.py:2327} INFO - Executing <Task(SFTPOperator): group_planes.copy_via_ssh_planes> on 2025-10-16 19:43:50.755150+00:00
[2025-10-16T19:44:10.013+0000] {warnings.py:110} WARNING - /home/***/.local/lib/python3.12/site-packages/***/task/task_runner/standard_task_runner.py:61: DeprecationWarning: This process (pid=1248) is multi-threaded, use of fork() may lead to deadlocks in the child.
  pid = os.fork()

[2025-10-16T19:44:10.016+0000] {standard_task_runner.py:63} INFO - Started process 1287 to run task
[2025-10-16T19:44:10.016+0000] {standard_task_runner.py:90} INFO - Running: ['***', 'tasks', 'run', 'OpenFlightsDataIngestion', 'group_planes.copy_via_ssh_planes', 'manual__2025-10-16T19:43:50.755150+00:00', '--job-id', '243', '--raw', '--subdir', 'DAGS_FOLDER/openflights_dag.py', '--cfg-path', '/tmp/tmpqwaegckz']
[2025-10-16T19:44:10.021+0000] {standard_task_runner.py:91} INFO - Job 243: Subtask group_planes.copy_via_ssh_planes
[2025-10-16T19:44:10.102+0000] {task_command.py:426} INFO - Running <TaskInstance: OpenFlightsDataIngestion.group_planes.copy_via_ssh_planes manual__2025-10-16T19:43:50.755150+00:00 [running]> on host e6b42f39be87
[2025-10-16T19:44:10.231+0000] {taskinstance.py:2644} INFO - Exporting env vars: AIRFLOW_CTX_DAG_OWNER='***' AIRFLOW_CTX_DAG_ID='OpenFlightsDataIngestion' AIRFLOW_CTX_TASK_ID='group_planes.copy_via_ssh_planes' AIRFLOW_CTX_EXECUTION_DATE='2025-10-16T19:43:50.755150+00:00' AIRFLOW_CTX_TRY_NUMBER='1' AIRFLOW_CTX_DAG_RUN_ID='manual__2025-10-16T19:43:50.755150+00:00'
[2025-10-16T19:44:10.235+0000] {taskinstance.py:430} INFO - ::endgroup::
[2025-10-16T19:44:10.235+0000] {sftp.py:158} INFO - sftp_hook/ssh_hook not provided or invalid. Trying ssh_conn_id to create SFTPHook.
[2025-10-16T19:44:10.251+0000] {base.py:84} INFO - Using connection ID 'mariadb_ssh_connection' for task execution.
[2025-10-16T19:44:10.252+0000] {ssh.py:301} WARNING - No Host Key Verification. This won't protect against Man-In-The-Middle attacks
[2025-10-16T19:44:10.265+0000] {transport.py:1909} INFO - Connected (version 2.0, client OpenSSH_8.0)
[2025-10-16T19:44:10.386+0000] {transport.py:1909} INFO - Authentication (password) successful!
[2025-10-16T19:44:10.523+0000] {sftp.py:169} INFO - [chan 0] Opened sftp connection (server version 3)
[2025-10-16T19:44:10.525+0000] {sftp.py:213} INFO - /home/***_ssh/data_transfer already exists
[2025-10-16T19:44:10.526+0000] {sftp.py:187} INFO - Starting to transfer file from /tmp/planes.dat to /home/***_ssh/data_transfer/planes.dat
[2025-10-16T19:44:10.530+0000] {taskinstance.py:441} INFO - ::group::Post task execution logs
[2025-10-16T19:44:10.557+0000] {taskinstance.py:1205} INFO - Marking task as SUCCESS. dag_id=OpenFlightsDataIngestion, task_id=group_planes.copy_via_ssh_planes, execution_date=20251016T194350, start_date=20251016T194409, end_date=20251016T194410
[2025-10-16T19:44:10.609+0000] {local_task_job_runner.py:240} INFO - Task exited with return code 0
[2025-10-16T19:44:10.665+0000] {taskinstance.py:3482} INFO - 1 downstream tasks scheduled from follow-on schedule check
[2025-10-16T19:44:10.668+0000] {local_task_job_runner.py:222} INFO - ::endgroup::
