[2025-10-11T18:58:39.790+0000] {local_task_job_runner.py:120} INFO - ::group::Pre task execution logs
[2025-10-11T18:58:39.814+0000] {taskinstance.py:2073} INFO - Dependencies all met for dep_context=non-requeueable deps ti=<TaskInstance: MariadbCpimport.cpimport_local_file manual__2025-10-11T18:58:37.585680+00:00 [queued]>
[2025-10-11T18:58:39.823+0000] {taskinstance.py:2073} INFO - Dependencies all met for dep_context=requeueable deps ti=<TaskInstance: MariadbCpimport.cpimport_local_file manual__2025-10-11T18:58:37.585680+00:00 [queued]>
[2025-10-11T18:58:39.824+0000] {taskinstance.py:2303} INFO - Starting attempt 1 of 1
[2025-10-11T18:58:39.839+0000] {taskinstance.py:2327} INFO - Executing <Task(MariaDBCpImportOperator): cpimport_local_file> on 2025-10-11 18:58:37.585680+00:00
[2025-10-11T18:58:39.846+0000] {warnings.py:110} WARNING - /home/***/.local/lib/python3.12/site-packages/***/task/task_runner/standard_task_runner.py:61: DeprecationWarning: This process (pid=515) is multi-threaded, use of fork() may lead to deadlocks in the child.
  pid = os.fork()

[2025-10-11T18:58:39.848+0000] {standard_task_runner.py:63} INFO - Started process 517 to run task
[2025-10-11T18:58:39.848+0000] {standard_task_runner.py:90} INFO - Running: ['***', 'tasks', 'run', 'MariadbCpimport', 'cpimport_local_file', 'manual__2025-10-11T18:58:37.585680+00:00', '--job-id', '171', '--raw', '--subdir', 'DAGS_FOLDER/cp_import_dag.py', '--cfg-path', '/tmp/tmpxyhmyu6c']
[2025-10-11T18:58:39.852+0000] {standard_task_runner.py:91} INFO - Job 171: Subtask cpimport_local_file
[2025-10-11T18:58:39.911+0000] {task_command.py:426} INFO - Running <TaskInstance: MariadbCpimport.cpimport_local_file manual__2025-10-11T18:58:37.585680+00:00 [running]> on host dc3f0ff817bf
[2025-10-11T18:58:40.013+0000] {taskinstance.py:2644} INFO - Exporting env vars: AIRFLOW_CTX_DAG_OWNER='***' AIRFLOW_CTX_DAG_ID='MariadbCpimport' AIRFLOW_CTX_TASK_ID='cpimport_local_file' AIRFLOW_CTX_EXECUTION_DATE='2025-10-11T18:58:37.585680+00:00' AIRFLOW_CTX_TRY_NUMBER='1' AIRFLOW_CTX_DAG_RUN_ID='manual__2025-10-11T18:58:37.585680+00:00'
[2025-10-11T18:58:40.016+0000] {taskinstance.py:430} INFO - ::endgroup::
[2025-10-11T18:58:40.016+0000] {mariadb_cpimport_operator.py:83} INFO - Starting cpimport operation for table: airlines
[2025-10-11T18:58:40.017+0000] {mariadb_cpimport_operator.py:84} INFO - Source file: /var/openflights_data/airlines.dat
[2025-10-11T18:58:40.017+0000] {mariadb_cpimport_operator.py:92} INFO - Validating ColumnStore engine...
[2025-10-11T18:58:40.028+0000] {base.py:84} INFO - Using connection ID 'maria_db_default' for task execution.
[2025-10-11T18:58:40.029+0000] {mariadb_hook.py:37} INFO - Connecting to MariaDB database: 
[2025-10-11T18:58:40.034+0000] {mariadb_cpimport_operator.py:114} ERROR - ❌ cpimport operation failed: Table open_flights_data.airlines does not exist
[2025-10-11T18:58:40.035+0000] {taskinstance.py:441} INFO - ::group::Post task execution logs
[2025-10-11T18:58:40.045+0000] {taskinstance.py:2890} ERROR - Task failed with exception
Traceback (most recent call last):
  File "/opt/airflow/.local/src/airflow-mariadb-provider/airflow_mariadb_provider/operators/mariadb_cpimport_operator.py", line 93, in execute
    hook.validate_columnstore_engine(self.table_name, self.schema)
  File "/opt/airflow/.local/src/airflow-mariadb-provider/airflow_mariadb_provider/hooks/mariadb_hook.py", line 75, in validate_columnstore_engine
    raise AirflowException(f"Table {schema}.{table_name} does not exist")
airflow.exceptions.AirflowException: Table open_flights_data.airlines does not exist

During handling of the above exception, another exception occurred:

Traceback (most recent call last):
  File "/home/airflow/.local/lib/python3.12/site-packages/airflow/models/taskinstance.py", line 465, in _execute_task
    result = _execute_callable(context=context, **execute_callable_kwargs)
             ^^^^^^^^^^^^^^^^^^^^^^^^^^^^^^^^^^^^^^^^^^^^^^^^^^^^^^^^^^^^^
  File "/home/airflow/.local/lib/python3.12/site-packages/airflow/models/taskinstance.py", line 432, in _execute_callable
    return execute_callable(context=context, **execute_callable_kwargs)
           ^^^^^^^^^^^^^^^^^^^^^^^^^^^^^^^^^^^^^^^^^^^^^^^^^^^^^^^^^^^^
  File "/home/airflow/.local/lib/python3.12/site-packages/airflow/models/baseoperator.py", line 400, in wrapper
    return func(self, *args, **kwargs)
           ^^^^^^^^^^^^^^^^^^^^^^^^^^^
  File "/opt/airflow/.local/src/airflow-mariadb-provider/airflow_mariadb_provider/operators/mariadb_cpimport_operator.py", line 115, in execute
    raise AirflowException(f"cpimport operation failed: {e}")
airflow.exceptions.AirflowException: cpimport operation failed: Table open_flights_data.airlines does not exist
[2025-10-11T18:58:40.053+0000] {taskinstance.py:1205} INFO - Marking task as FAILED. dag_id=MariadbCpimport, task_id=cpimport_local_file, execution_date=20251011T185837, start_date=20251011T185839, end_date=20251011T185840
[2025-10-11T18:58:40.066+0000] {standard_task_runner.py:110} ERROR - Failed to execute job 171 for task cpimport_local_file (cpimport operation failed: Table open_flights_data.airlines does not exist; 517)
[2025-10-11T18:58:40.114+0000] {local_task_job_runner.py:240} INFO - Task exited with return code 1
[2025-10-11T18:58:40.139+0000] {taskinstance.py:3482} INFO - 0 downstream tasks scheduled from follow-on schedule check
[2025-10-11T18:58:40.142+0000] {local_task_job_runner.py:222} INFO - ::endgroup::
