[2025-10-16T17:08:18.363+0000] {local_task_job_runner.py:120} INFO - ::group::Pre task execution logs
[2025-10-16T17:08:18.400+0000] {taskinstance.py:2073} INFO - Dependencies all met for dep_context=non-requeueable deps ti=<TaskInstance: OpenFlightsDataIngestion.group_countries.drop_table_countries manual__2025-10-16T17:08:02.480845+00:00 [queued]>
[2025-10-16T17:08:18.417+0000] {taskinstance.py:2073} INFO - Dependencies all met for dep_context=requeueable deps ti=<TaskInstance: OpenFlightsDataIngestion.group_countries.drop_table_countries manual__2025-10-16T17:08:02.480845+00:00 [queued]>
[2025-10-16T17:08:18.418+0000] {taskinstance.py:2303} INFO - Starting attempt 1 of 1
[2025-10-16T17:08:18.444+0000] {taskinstance.py:2327} INFO - Executing <Task(PythonOperator): group_countries.drop_table_countries> on 2025-10-16 17:08:02.480845+00:00
[2025-10-16T17:08:18.455+0000] {warnings.py:110} WARNING - /home/***/.local/lib/python3.12/site-packages/***/task/task_runner/standard_task_runner.py:61: DeprecationWarning: This process (pid=179) is multi-threaded, use of fork() may lead to deadlocks in the child.
  pid = os.fork()

[2025-10-16T17:08:18.459+0000] {standard_task_runner.py:63} INFO - Started process 241 to run task
[2025-10-16T17:08:18.460+0000] {standard_task_runner.py:90} INFO - Running: ['***', 'tasks', 'run', 'OpenFlightsDataIngestion', 'group_countries.drop_table_countries', 'manual__2025-10-16T17:08:02.480845+00:00', '--job-id', '15', '--raw', '--subdir', 'DAGS_FOLDER/openflights_dag.py', '--cfg-path', '/tmp/tmpaw4o8qpb']
[2025-10-16T17:08:18.465+0000] {standard_task_runner.py:91} INFO - Job 15: Subtask group_countries.drop_table_countries
[2025-10-16T17:08:18.561+0000] {task_command.py:426} INFO - Running <TaskInstance: OpenFlightsDataIngestion.group_countries.drop_table_countries manual__2025-10-16T17:08:02.480845+00:00 [running]> on host 6c399496d1bd
[2025-10-16T17:08:18.739+0000] {taskinstance.py:2644} INFO - Exporting env vars: AIRFLOW_CTX_DAG_OWNER='***' AIRFLOW_CTX_DAG_ID='OpenFlightsDataIngestion' AIRFLOW_CTX_TASK_ID='group_countries.drop_table_countries' AIRFLOW_CTX_EXECUTION_DATE='2025-10-16T17:08:02.480845+00:00' AIRFLOW_CTX_TRY_NUMBER='1' AIRFLOW_CTX_DAG_RUN_ID='manual__2025-10-16T17:08:02.480845+00:00'
[2025-10-16T17:08:18.747+0000] {taskinstance.py:430} INFO - ::endgroup::
[2025-10-16T17:08:18.765+0000] {base.py:84} INFO - Using connection ID 'maria_db_default' for task execution.
[2025-10-16T17:08:18.766+0000] {mariadb_hook.py:38} INFO - Connecting to MariaDB database: open_flights_data
[2025-10-16T17:08:18.855+0000] {python.py:237} INFO - Done. Returned value was: None
[2025-10-16T17:08:18.857+0000] {taskinstance.py:441} INFO - ::group::Post task execution logs
[2025-10-16T17:08:18.878+0000] {taskinstance.py:1205} INFO - Marking task as SUCCESS. dag_id=OpenFlightsDataIngestion, task_id=group_countries.drop_table_countries, execution_date=20251016T170802, start_date=20251016T170818, end_date=20251016T170818
[2025-10-16T17:08:18.930+0000] {local_task_job_runner.py:240} INFO - Task exited with return code 0
[2025-10-16T17:08:19.033+0000] {taskinstance.py:3482} INFO - 1 downstream tasks scheduled from follow-on schedule check
[2025-10-16T17:08:19.036+0000] {local_task_job_runner.py:222} INFO - ::endgroup::
