[2025-10-16T19:49:13.127+0000] {local_task_job_runner.py:120} INFO - ::group::Pre task execution logs
[2025-10-16T19:49:13.168+0000] {taskinstance.py:2073} INFO - Dependencies all met for dep_context=non-requeueable deps ti=<TaskInstance: OpenFlightsDataIngestion.group_routes.cpimport_routes manual__2025-10-16T19:48:49.166871+00:00 [queued]>
[2025-10-16T19:49:13.193+0000] {taskinstance.py:2073} INFO - Dependencies all met for dep_context=requeueable deps ti=<TaskInstance: OpenFlightsDataIngestion.group_routes.cpimport_routes manual__2025-10-16T19:48:49.166871+00:00 [queued]>
[2025-10-16T19:49:13.195+0000] {taskinstance.py:2303} INFO - Starting attempt 1 of 1
[2025-10-16T19:49:13.234+0000] {taskinstance.py:2327} INFO - Executing <Task(MariaDBCpImportOperator): group_routes.cpimport_routes> on 2025-10-16 19:48:49.166871+00:00
[2025-10-16T19:49:13.249+0000] {warnings.py:110} WARNING - /home/***/.local/lib/python3.12/site-packages/***/task/task_runner/standard_task_runner.py:61: DeprecationWarning: This process (pid=1639) is multi-threaded, use of fork() may lead to deadlocks in the child.
  pid = os.fork()

[2025-10-16T19:49:13.252+0000] {standard_task_runner.py:63} INFO - Started process 1707 to run task
[2025-10-16T19:49:13.252+0000] {standard_task_runner.py:90} INFO - Running: ['***', 'tasks', 'run', 'OpenFlightsDataIngestion', 'group_routes.cpimport_routes', 'manual__2025-10-16T19:48:49.166871+00:00', '--job-id', '270', '--raw', '--subdir', 'DAGS_FOLDER/openflights_dag.py', '--cfg-path', '/tmp/tmp_s9a9pt4']
[2025-10-16T19:49:13.257+0000] {standard_task_runner.py:91} INFO - Job 270: Subtask group_routes.cpimport_routes
[2025-10-16T19:49:13.357+0000] {task_command.py:426} INFO - Running <TaskInstance: OpenFlightsDataIngestion.group_routes.cpimport_routes manual__2025-10-16T19:48:49.166871+00:00 [running]> on host e6b42f39be87
[2025-10-16T19:49:13.532+0000] {taskinstance.py:2644} INFO - Exporting env vars: AIRFLOW_CTX_DAG_OWNER='***' AIRFLOW_CTX_DAG_ID='OpenFlightsDataIngestion' AIRFLOW_CTX_TASK_ID='group_routes.cpimport_routes' AIRFLOW_CTX_EXECUTION_DATE='2025-10-16T19:48:49.166871+00:00' AIRFLOW_CTX_TRY_NUMBER='1' AIRFLOW_CTX_DAG_RUN_ID='manual__2025-10-16T19:48:49.166871+00:00'
[2025-10-16T19:49:13.537+0000] {taskinstance.py:430} INFO - ::endgroup::
[2025-10-16T19:49:13.537+0000] {mariadb_cpimport_operator.py:86} INFO - Starting cpimport operation for table: routes
[2025-10-16T19:49:13.538+0000] {mariadb_cpimport_operator.py:87} INFO - Source file: /root/***_ssh/routes.dat
[2025-10-16T19:49:13.539+0000] {mariadb_cpimport_operator.py:95} INFO - Validating ColumnStore engine...
[2025-10-16T19:49:13.555+0000] {base.py:84} INFO - Using connection ID 'maria_db_default' for task execution.
[2025-10-16T19:49:13.557+0000] {mariadb_hook.py:38} INFO - Connecting to MariaDB database: open_flights_data
[2025-10-16T19:49:13.565+0000] {mariadb_hook.py:79} INFO - Table open_flights_data.routes uses engine: Columnstore
[2025-10-16T19:49:13.566+0000] {mariadb_hook.py:86} INFO - ✓ Table open_flights_data.routes uses ColumnStore engine
[2025-10-16T19:49:13.567+0000] {mariadb_cpimport_operator.py:97} INFO - ✓ ColumnStore engine validation passed
[2025-10-16T19:49:13.568+0000] {mariadb_cpimport_operator.py:102} INFO - Executing cpimport command...
[2025-10-16T19:49:13.581+0000] {base.py:84} INFO - Using connection ID 'maria_db_default' for task execution.
[2025-10-16T19:49:13.582+0000] {mariadb_hook.py:38} INFO - Connecting to MariaDB database: open_flights_data
[2025-10-16T19:49:13.587+0000] {mariadb_hook.py:79} INFO - Table open_flights_data.routes uses engine: Columnstore
[2025-10-16T19:49:13.589+0000] {mariadb_hook.py:86} INFO - ✓ Table open_flights_data.routes uses ColumnStore engine
[2025-10-16T19:49:13.603+0000] {base.py:84} INFO - Using connection ID 'mariadb_ssh_connection' for task execution.
[2025-10-16T19:49:13.605+0000] {mariadb_hook.py:156} INFO - Executing cpimport command via SSH: cpimport -s ',' -E \" -n \\N open_flights_data routes /root/***_ssh/routes.dat
[2025-10-16T19:49:13.606+0000] {ssh.py:301} WARNING - No Host Key Verification. This won't protect against Man-In-The-Middle attacks
[2025-10-16T19:49:13.623+0000] {transport.py:1909} INFO - Connected (version 2.0, client OpenSSH_8.0)
[2025-10-16T19:49:13.743+0000] {transport.py:1909} INFO - Authentication (password) successful!
[2025-10-16T19:49:15.129+0000] {mariadb_hook.py:168} INFO - cpimport completed successfully via SSH
[2025-10-16T19:49:15.130+0000] {mariadb_hook.py:170} INFO - Output: Locale = C.UTF-8Column delimiter : ,
Enclosed by Character : "

Using table OID 3245 as the default JOB ID
Input file(s) will be read from : /root
Job description file : /var/log/mariadb/columnstore/data/bulk/tmpjob/3245_D20251016_T194913_S961490_Job_3245.xml
Log file for this job: /var/log/mariadb/columnstore/cpimport/Job_3245.log
2025-10-16 19:49:13 (2763) INFO : successfully loaded job file /var/log/mariadb/columnstore/data/bulk/tmpjob/3245_D20251016_T194913_S961490_Job_3245.xml
2025-10-16 19:49:14 (2763) INFO : Job file loaded, run time for this step : 0.0649259 seconds
2025-10-16 19:49:14 (2763) INFO : PreProcessing check starts
2025-10-16 19:49:14 (2763) INFO : input data file /root/***_ssh/routes.dat
2025-10-16 19:49:14 (2763) INFO : PreProcessing check completed
2025-10-16 19:49:14 (2763) INFO : preProcess completed, run time for this step : 0.11083 seconds
2025-10-16 19:49:14 (2763) INFO : No of Read Threads Spawned = 1
2025-10-16 19:49:14 (2763) INFO : No of Parse Threads Spawned = 3
2025-10-16 19:49:14 (2763) INFO : For table open_flights_data.routes: 67663 rows processed and 67663 rows inserted.
2025-10-16 19:49:15 (2763) INFO : Bulk load completed, total run time : 1.17755 seconds


[2025-10-16T19:49:15.131+0000] {mariadb_cpimport_operator.py:112} INFO - ✅ Successfully imported data into routes
[2025-10-16T19:49:15.131+0000] {taskinstance.py:441} INFO - ::group::Post task execution logs
[2025-10-16T19:49:15.160+0000] {taskinstance.py:1205} INFO - Marking task as SUCCESS. dag_id=OpenFlightsDataIngestion, task_id=group_routes.cpimport_routes, execution_date=20251016T194849, start_date=20251016T194913, end_date=20251016T194915
[2025-10-16T19:49:15.197+0000] {local_task_job_runner.py:240} INFO - Task exited with return code 0
[2025-10-16T19:49:15.232+0000] {taskinstance.py:3482} INFO - 0 downstream tasks scheduled from follow-on schedule check
[2025-10-16T19:49:15.235+0000] {local_task_job_runner.py:222} INFO - ::endgroup::
