[2025-10-13T11:50:33.658+0000] {local_task_job_runner.py:120} INFO - ::group::Pre task execution logs
[2025-10-13T11:50:33.693+0000] {taskinstance.py:2073} INFO - Dependencies all met for dep_context=non-requeueable deps ti=<TaskInstance: OpenFlightsDataIngestion_SFTP.group_routes.download_routes manual__2025-10-13T11:50:29.073841+00:00 [queued]>
[2025-10-13T11:50:33.707+0000] {taskinstance.py:2073} INFO - Dependencies all met for dep_context=requeueable deps ti=<TaskInstance: OpenFlightsDataIngestion_SFTP.group_routes.download_routes manual__2025-10-13T11:50:29.073841+00:00 [queued]>
[2025-10-13T11:50:33.707+0000] {taskinstance.py:2303} INFO - Starting attempt 1 of 4
[2025-10-13T11:50:33.731+0000] {taskinstance.py:2327} INFO - Executing <Task(PythonOperator): group_routes.download_routes> on 2025-10-13 11:50:29.073841+00:00
[2025-10-13T11:50:33.745+0000] {warnings.py:110} WARNING - /home/***/.local/lib/python3.12/site-packages/***/task/task_runner/standard_task_runner.py:61: DeprecationWarning: This process (pid=173) is multi-threaded, use of fork() may lead to deadlocks in the child.
  pid = os.fork()

[2025-10-13T11:50:33.748+0000] {standard_task_runner.py:63} INFO - Started process 187 to run task
[2025-10-13T11:50:33.749+0000] {standard_task_runner.py:90} INFO - Running: ['***', 'tasks', 'run', 'OpenFlightsDataIngestion_SFTP', 'group_routes.download_routes', 'manual__2025-10-13T11:50:29.073841+00:00', '--job-id', '43', '--raw', '--subdir', 'DAGS_FOLDER/openflights_dag.py', '--cfg-path', '/tmp/tmp4ccq52f0']
[2025-10-13T11:50:33.754+0000] {standard_task_runner.py:91} INFO - Job 43: Subtask group_routes.download_routes
[2025-10-13T11:50:33.829+0000] {task_command.py:426} INFO - Running <TaskInstance: OpenFlightsDataIngestion_SFTP.group_routes.download_routes manual__2025-10-13T11:50:29.073841+00:00 [running]> on host 165b2a8d6d15
[2025-10-13T11:50:33.992+0000] {taskinstance.py:2644} INFO - Exporting env vars: AIRFLOW_CTX_DAG_OWNER='***' AIRFLOW_CTX_DAG_ID='OpenFlightsDataIngestion_SFTP' AIRFLOW_CTX_TASK_ID='group_routes.download_routes' AIRFLOW_CTX_EXECUTION_DATE='2025-10-13T11:50:29.073841+00:00' AIRFLOW_CTX_TRY_NUMBER='1' AIRFLOW_CTX_DAG_RUN_ID='manual__2025-10-13T11:50:29.073841+00:00'
[2025-10-13T11:50:33.995+0000] {taskinstance.py:430} INFO - ::endgroup::
[2025-10-13T11:50:34.649+0000] {logging_mixin.py:188} INFO - Downloaded https://raw.githubusercontent.com/jpatokal/openflights/master/data/routes.dat -> /opt/***/dags/data/routes.dat
[2025-10-13T11:50:34.652+0000] {python.py:237} INFO - Done. Returned value was: None
[2025-10-13T11:50:34.653+0000] {taskinstance.py:441} INFO - ::group::Post task execution logs
[2025-10-13T11:50:34.674+0000] {taskinstance.py:1205} INFO - Marking task as SUCCESS. dag_id=OpenFlightsDataIngestion_SFTP, task_id=group_routes.download_routes, execution_date=20251013T115029, start_date=20251013T115033, end_date=20251013T115034
[2025-10-13T11:50:34.709+0000] {local_task_job_runner.py:240} INFO - Task exited with return code 0
[2025-10-13T11:50:34.776+0000] {taskinstance.py:3482} INFO - 1 downstream tasks scheduled from follow-on schedule check
[2025-10-13T11:50:34.778+0000] {local_task_job_runner.py:222} INFO - ::endgroup::
