[2025-10-13T12:18:56.300+0000] {local_task_job_runner.py:120} INFO - ::group::Pre task execution logs
[2025-10-13T12:18:56.336+0000] {taskinstance.py:2073} INFO - Dependencies all met for dep_context=non-requeueable deps ti=<TaskInstance: OpenFlightsDataIngestion_SFTP.group_countries.create_table_countries manual__2025-10-13T12:13:40.789273+00:00 [queued]>
[2025-10-13T12:18:56.348+0000] {taskinstance.py:2073} INFO - Dependencies all met for dep_context=requeueable deps ti=<TaskInstance: OpenFlightsDataIngestion_SFTP.group_countries.create_table_countries manual__2025-10-13T12:13:40.789273+00:00 [queued]>
[2025-10-13T12:18:56.349+0000] {taskinstance.py:2303} INFO - Starting attempt 2 of 2
[2025-10-13T12:18:56.380+0000] {taskinstance.py:2327} INFO - Executing <Task(PythonOperator): group_countries.create_table_countries> on 2025-10-13 12:13:40.789273+00:00
[2025-10-13T12:18:56.389+0000] {warnings.py:110} WARNING - /home/***/.local/lib/python3.12/site-packages/***/task/task_runner/standard_task_runner.py:61: DeprecationWarning: This process (pid=321) is multi-threaded, use of fork() may lead to deadlocks in the child.
  pid = os.fork()

[2025-10-13T12:18:56.392+0000] {standard_task_runner.py:63} INFO - Started process 331 to run task
[2025-10-13T12:18:56.392+0000] {standard_task_runner.py:90} INFO - Running: ['***', 'tasks', 'run', 'OpenFlightsDataIngestion_SFTP', 'group_countries.create_table_countries', 'manual__2025-10-13T12:13:40.789273+00:00', '--job-id', '88', '--raw', '--subdir', 'DAGS_FOLDER/openflights_dag.py', '--cfg-path', '/tmp/tmp_540w250']
[2025-10-13T12:18:56.397+0000] {standard_task_runner.py:91} INFO - Job 88: Subtask group_countries.create_table_countries
[2025-10-13T12:18:56.471+0000] {task_command.py:426} INFO - Running <TaskInstance: OpenFlightsDataIngestion_SFTP.group_countries.create_table_countries manual__2025-10-13T12:13:40.789273+00:00 [running]> on host 165b2a8d6d15
[2025-10-13T12:18:56.622+0000] {taskinstance.py:2644} INFO - Exporting env vars: AIRFLOW_CTX_DAG_OWNER='***' AIRFLOW_CTX_DAG_ID='OpenFlightsDataIngestion_SFTP' AIRFLOW_CTX_TASK_ID='group_countries.create_table_countries' AIRFLOW_CTX_EXECUTION_DATE='2025-10-13T12:13:40.789273+00:00' AIRFLOW_CTX_TRY_NUMBER='2' AIRFLOW_CTX_DAG_RUN_ID='manual__2025-10-13T12:13:40.789273+00:00'
[2025-10-13T12:18:56.625+0000] {taskinstance.py:430} INFO - ::endgroup::
[2025-10-13T12:18:56.642+0000] {base.py:84} INFO - Using connection ID 'maria_db_default' for task execution.
[2025-10-13T12:18:56.642+0000] {mariadb_hook.py:37} INFO - Connecting to MariaDB database: 
[2025-10-13T12:18:56.653+0000] {taskinstance.py:441} INFO - ::group::Post task execution logs
[2025-10-13T12:18:56.654+0000] {taskinstance.py:2890} ERROR - Task failed with exception
Traceback (most recent call last):
  File "/home/airflow/.local/lib/python3.12/site-packages/airflow/models/taskinstance.py", line 465, in _execute_task
    result = _execute_callable(context=context, **execute_callable_kwargs)
             ^^^^^^^^^^^^^^^^^^^^^^^^^^^^^^^^^^^^^^^^^^^^^^^^^^^^^^^^^^^^^
  File "/home/airflow/.local/lib/python3.12/site-packages/airflow/models/taskinstance.py", line 432, in _execute_callable
    return execute_callable(context=context, **execute_callable_kwargs)
           ^^^^^^^^^^^^^^^^^^^^^^^^^^^^^^^^^^^^^^^^^^^^^^^^^^^^^^^^^^^^
  File "/home/airflow/.local/lib/python3.12/site-packages/airflow/models/baseoperator.py", line 400, in wrapper
    return func(self, *args, **kwargs)
           ^^^^^^^^^^^^^^^^^^^^^^^^^^^
  File "/home/airflow/.local/lib/python3.12/site-packages/airflow/operators/python.py", line 235, in execute
    return_value = self.execute_callable()
                   ^^^^^^^^^^^^^^^^^^^^^^^
  File "/home/airflow/.local/lib/python3.12/site-packages/airflow/operators/python.py", line 252, in execute_callable
    return self.python_callable(*self.op_args, **self.op_kwargs)
           ^^^^^^^^^^^^^^^^^^^^^^^^^^^^^^^^^^^^^^^^^^^^^^^^^^^^^
  File "/opt/airflow/dags/openflights_dag.py", line 45, in create_table
    cursor.execute(ddl_content)
  File "/home/airflow/.local/lib/python3.12/site-packages/mariadb/cursors.py", line 351, in execute
    self._readresponse()
mariadb.OperationalError: Internal error: Cannot execute the statement. DBRM is read only!
[2025-10-13T12:18:56.671+0000] {taskinstance.py:1205} INFO - Marking task as FAILED. dag_id=OpenFlightsDataIngestion_SFTP, task_id=group_countries.create_table_countries, execution_date=20251013T121340, start_date=20251013T121856, end_date=20251013T121856
[2025-10-13T12:18:56.692+0000] {standard_task_runner.py:110} ERROR - Failed to execute job 88 for task group_countries.create_table_countries (Internal error: Cannot execute the statement. DBRM is read only!; 331)
[2025-10-13T12:18:56.741+0000] {local_task_job_runner.py:240} INFO - Task exited with return code 1
[2025-10-13T12:18:56.868+0000] {taskinstance.py:3482} INFO - 0 downstream tasks scheduled from follow-on schedule check
[2025-10-13T12:18:56.874+0000] {local_task_job_runner.py:222} INFO - ::endgroup::
