[2025-10-13T11:50:44.686+0000] {local_task_job_runner.py:120} INFO - ::group::Pre task execution logs
[2025-10-13T11:50:44.725+0000] {taskinstance.py:2073} INFO - Dependencies all met for dep_context=non-requeueable deps ti=<TaskInstance: OpenFlightsDataIngestion_SFTP.group_airlines.sftp_upload_airlines manual__2025-10-13T11:50:29.073841+00:00 [queued]>
[2025-10-13T11:50:44.741+0000] {taskinstance.py:2073} INFO - Dependencies all met for dep_context=requeueable deps ti=<TaskInstance: OpenFlightsDataIngestion_SFTP.group_airlines.sftp_upload_airlines manual__2025-10-13T11:50:29.073841+00:00 [queued]>
[2025-10-13T11:50:44.742+0000] {taskinstance.py:2303} INFO - Starting attempt 1 of 2
[2025-10-13T11:50:44.764+0000] {taskinstance.py:2327} INFO - Executing <Task(PythonOperator): group_airlines.sftp_upload_airlines> on 2025-10-13 11:50:29.073841+00:00
[2025-10-13T11:50:44.775+0000] {warnings.py:110} WARNING - /home/***/.local/lib/python3.12/site-packages/***/task/task_runner/standard_task_runner.py:61: DeprecationWarning: This process (pid=221) is multi-threaded, use of fork() may lead to deadlocks in the child.
  pid = os.fork()

[2025-10-13T11:50:44.778+0000] {standard_task_runner.py:63} INFO - Started process 231 to run task
[2025-10-13T11:50:44.779+0000] {standard_task_runner.py:90} INFO - Running: ['***', 'tasks', 'run', 'OpenFlightsDataIngestion_SFTP', 'group_airlines.sftp_upload_airlines', 'manual__2025-10-13T11:50:29.073841+00:00', '--job-id', '57', '--raw', '--subdir', 'DAGS_FOLDER/openflights_dag.py', '--cfg-path', '/tmp/tmp6gxlon86']
[2025-10-13T11:50:44.783+0000] {standard_task_runner.py:91} INFO - Job 57: Subtask group_airlines.sftp_upload_airlines
[2025-10-13T11:50:44.875+0000] {task_command.py:426} INFO - Running <TaskInstance: OpenFlightsDataIngestion_SFTP.group_airlines.sftp_upload_airlines manual__2025-10-13T11:50:29.073841+00:00 [running]> on host 165b2a8d6d15
[2025-10-13T11:50:45.007+0000] {taskinstance.py:2644} INFO - Exporting env vars: AIRFLOW_CTX_DAG_OWNER='***' AIRFLOW_CTX_DAG_ID='OpenFlightsDataIngestion_SFTP' AIRFLOW_CTX_TASK_ID='group_airlines.sftp_upload_airlines' AIRFLOW_CTX_EXECUTION_DATE='2025-10-13T11:50:29.073841+00:00' AIRFLOW_CTX_TRY_NUMBER='1' AIRFLOW_CTX_DAG_RUN_ID='manual__2025-10-13T11:50:29.073841+00:00'
[2025-10-13T11:50:45.011+0000] {taskinstance.py:430} INFO - ::endgroup::
[2025-10-13T11:50:45.027+0000] {base.py:84} INFO - Using connection ID 'mariadb_ssh_connection' for task execution.
[2025-10-13T11:50:45.043+0000] {transport.py:1909} INFO - Connected (version 2.0, client OpenSSH_8.9p1)
[2025-10-13T11:50:45.200+0000] {transport.py:1909} INFO - Authentication (password) successful!
[2025-10-13T11:50:45.274+0000] {sftp.py:169} INFO - [chan 0] Opened sftp connection (server version 3)
[2025-10-13T11:50:45.279+0000] {logging_mixin.py:188} INFO - Uploading /opt/***/dags/data/airlines.dat -> /var/openflights_data/airlines.dat
[2025-10-13T11:50:45.305+0000] {sftp.py:169} INFO - [chan 0] sftp session closed.
[2025-10-13T11:50:45.307+0000] {python.py:237} INFO - Done. Returned value was: None
[2025-10-13T11:50:45.313+0000] {taskinstance.py:441} INFO - ::group::Post task execution logs
[2025-10-13T11:50:45.333+0000] {taskinstance.py:1205} INFO - Marking task as SUCCESS. dag_id=OpenFlightsDataIngestion_SFTP, task_id=group_airlines.sftp_upload_airlines, execution_date=20251013T115029, start_date=20251013T115044, end_date=20251013T115045
[2025-10-13T11:50:45.413+0000] {local_task_job_runner.py:240} INFO - Task exited with return code 0
[2025-10-13T11:50:45.502+0000] {taskinstance.py:3482} INFO - 1 downstream tasks scheduled from follow-on schedule check
[2025-10-13T11:50:45.504+0000] {local_task_job_runner.py:222} INFO - ::endgroup::
