[2025-10-11T17:33:35.425+0000] {local_task_job_runner.py:120} INFO - ::group::Pre task execution logs
[2025-10-11T17:33:35.456+0000] {taskinstance.py:2073} INFO - Dependencies all met for dep_context=non-requeueable deps ti=<TaskInstance: OpenFlightsDataIngestion.group_routes.download_routes manual__2025-10-11T17:33:31.243331+00:00 [queued]>
[2025-10-11T17:33:35.467+0000] {taskinstance.py:2073} INFO - Dependencies all met for dep_context=requeueable deps ti=<TaskInstance: OpenFlightsDataIngestion.group_routes.download_routes manual__2025-10-11T17:33:31.243331+00:00 [queued]>
[2025-10-11T17:33:35.467+0000] {taskinstance.py:2303} INFO - Starting attempt 1 of 1
[2025-10-11T17:33:35.498+0000] {taskinstance.py:2327} INFO - Executing <Task(PythonOperator): group_routes.download_routes> on 2025-10-11 17:33:31.243331+00:00
[2025-10-11T17:33:35.506+0000] {warnings.py:110} WARNING - /home/***/.local/lib/python3.12/site-packages/***/task/task_runner/standard_task_runner.py:61: DeprecationWarning: This process (pid=172) is multi-threaded, use of fork() may lead to deadlocks in the child.
  pid = os.fork()

[2025-10-11T17:33:35.509+0000] {standard_task_runner.py:63} INFO - Started process 185 to run task
[2025-10-11T17:33:35.509+0000] {standard_task_runner.py:90} INFO - Running: ['***', 'tasks', 'run', 'OpenFlightsDataIngestion', 'group_routes.download_routes', 'manual__2025-10-11T17:33:31.243331+00:00', '--job-id', '47', '--raw', '--subdir', 'DAGS_FOLDER/openflights_dag.py', '--cfg-path', '/tmp/tmp7qogp8vg']
[2025-10-11T17:33:35.514+0000] {standard_task_runner.py:91} INFO - Job 47: Subtask group_routes.download_routes
[2025-10-11T17:33:35.612+0000] {task_command.py:426} INFO - Running <TaskInstance: OpenFlightsDataIngestion.group_routes.download_routes manual__2025-10-11T17:33:31.243331+00:00 [running]> on host 57acc0fdfd63
[2025-10-11T17:33:35.763+0000] {taskinstance.py:2644} INFO - Exporting env vars: AIRFLOW_CTX_DAG_OWNER='***' AIRFLOW_CTX_DAG_ID='OpenFlightsDataIngestion' AIRFLOW_CTX_TASK_ID='group_routes.download_routes' AIRFLOW_CTX_EXECUTION_DATE='2025-10-11T17:33:31.243331+00:00' AIRFLOW_CTX_TRY_NUMBER='1' AIRFLOW_CTX_DAG_RUN_ID='manual__2025-10-11T17:33:31.243331+00:00'
[2025-10-11T17:33:35.768+0000] {taskinstance.py:430} INFO - ::endgroup::
[2025-10-11T17:33:36.416+0000] {python.py:237} INFO - Done. Returned value was: None
[2025-10-11T17:33:36.418+0000] {taskinstance.py:441} INFO - ::group::Post task execution logs
[2025-10-11T17:33:36.432+0000] {taskinstance.py:1205} INFO - Marking task as SUCCESS. dag_id=OpenFlightsDataIngestion, task_id=group_routes.download_routes, execution_date=20251011T173331, start_date=20251011T173335, end_date=20251011T173336
[2025-10-11T17:33:36.472+0000] {local_task_job_runner.py:240} INFO - Task exited with return code 0
[2025-10-11T17:33:36.561+0000] {warnings.py:110} WARNING - /home/***/.local/lib/python3.12/site-packages/***/models/baseoperator.py:1296: AirflowProviderDeprecationWarning: Call to deprecated class MariaDBOperator. (Please use `***.providers.common.sql.operators.sql.SQLExecuteQueryOperator`.Also, you can provide `hook_params={'schema': <database>}`.)
  result = cls.__new__(cls)

[2025-10-11T17:33:36.615+0000] {taskinstance.py:3482} INFO - 1 downstream tasks scheduled from follow-on schedule check
[2025-10-11T17:33:36.617+0000] {local_task_job_runner.py:222} INFO - ::endgroup::
