[2025-10-16T18:38:05.771+0000] {local_task_job_runner.py:120} INFO - ::group::Pre task execution logs
[2025-10-16T18:38:05.801+0000] {taskinstance.py:2073} INFO - Dependencies all met for dep_context=non-requeueable deps ti=<TaskInstance: OpenFlightsDataIngestion.group_routes.drop_table_routes manual__2025-10-16T18:37:45.932349+00:00 [queued]>
[2025-10-16T18:38:05.815+0000] {taskinstance.py:2073} INFO - Dependencies all met for dep_context=requeueable deps ti=<TaskInstance: OpenFlightsDataIngestion.group_routes.drop_table_routes manual__2025-10-16T18:37:45.932349+00:00 [queued]>
[2025-10-16T18:38:05.815+0000] {taskinstance.py:2303} INFO - Starting attempt 1 of 1
[2025-10-16T18:38:05.836+0000] {taskinstance.py:2327} INFO - Executing <Task(PythonOperator): group_routes.drop_table_routes> on 2025-10-16 18:37:45.932349+00:00
[2025-10-16T18:38:05.847+0000] {warnings.py:110} WARNING - /home/***/.local/lib/python3.12/site-packages/***/task/task_runner/standard_task_runner.py:61: DeprecationWarning: This process (pid=139) is multi-threaded, use of fork() may lead to deadlocks in the child.
  pid = os.fork()

[2025-10-16T18:38:05.851+0000] {standard_task_runner.py:63} INFO - Started process 203 to run task
[2025-10-16T18:38:05.850+0000] {standard_task_runner.py:90} INFO - Running: ['***', 'tasks', 'run', 'OpenFlightsDataIngestion', 'group_routes.drop_table_routes', 'manual__2025-10-16T18:37:45.932349+00:00', '--job-id', '167', '--raw', '--subdir', 'DAGS_FOLDER/openflights_dag.py', '--cfg-path', '/tmp/tmp15tva21b']
[2025-10-16T18:38:05.854+0000] {standard_task_runner.py:91} INFO - Job 167: Subtask group_routes.drop_table_routes
[2025-10-16T18:38:05.924+0000] {task_command.py:426} INFO - Running <TaskInstance: OpenFlightsDataIngestion.group_routes.drop_table_routes manual__2025-10-16T18:37:45.932349+00:00 [running]> on host e6b42f39be87
[2025-10-16T18:38:06.046+0000] {taskinstance.py:2644} INFO - Exporting env vars: AIRFLOW_CTX_DAG_OWNER='***' AIRFLOW_CTX_DAG_ID='OpenFlightsDataIngestion' AIRFLOW_CTX_TASK_ID='group_routes.drop_table_routes' AIRFLOW_CTX_EXECUTION_DATE='2025-10-16T18:37:45.932349+00:00' AIRFLOW_CTX_TRY_NUMBER='1' AIRFLOW_CTX_DAG_RUN_ID='manual__2025-10-16T18:37:45.932349+00:00'
[2025-10-16T18:38:06.049+0000] {taskinstance.py:430} INFO - ::endgroup::
[2025-10-16T18:38:06.063+0000] {base.py:84} INFO - Using connection ID 'maria_db_default' for task execution.
[2025-10-16T18:38:06.064+0000] {mariadb_hook.py:38} INFO - Connecting to MariaDB database: open_flights_data
[2025-10-16T18:38:06.902+0000] {python.py:237} INFO - Done. Returned value was: None
[2025-10-16T18:38:06.904+0000] {taskinstance.py:441} INFO - ::group::Post task execution logs
[2025-10-16T18:38:06.928+0000] {taskinstance.py:1205} INFO - Marking task as SUCCESS. dag_id=OpenFlightsDataIngestion, task_id=group_routes.drop_table_routes, execution_date=20251016T183745, start_date=20251016T183805, end_date=20251016T183806
[2025-10-16T18:38:06.977+0000] {local_task_job_runner.py:240} INFO - Task exited with return code 0
[2025-10-16T18:38:07.034+0000] {taskinstance.py:3482} INFO - 1 downstream tasks scheduled from follow-on schedule check
[2025-10-16T18:38:07.036+0000] {local_task_job_runner.py:222} INFO - ::endgroup::
