[2025-10-11T14:12:13.597+0000] {local_task_job_runner.py:120} INFO - ::group::Pre task execution logs
[2025-10-11T14:12:13.640+0000] {taskinstance.py:2073} INFO - Dependencies all met for dep_context=non-requeueable deps ti=<TaskInstance: OpenFlightsDataIngestion.group_countries.download_countries manual__2025-10-11T14:12:04.946871+00:00 [queued]>
[2025-10-11T14:12:13.655+0000] {taskinstance.py:2073} INFO - Dependencies all met for dep_context=requeueable deps ti=<TaskInstance: OpenFlightsDataIngestion.group_countries.download_countries manual__2025-10-11T14:12:04.946871+00:00 [queued]>
[2025-10-11T14:12:13.658+0000] {taskinstance.py:2303} INFO - Starting attempt 1 of 1
[2025-10-11T14:12:13.684+0000] {taskinstance.py:2327} INFO - Executing <Task(PythonOperator): group_countries.download_countries> on 2025-10-11 14:12:04.946871+00:00
[2025-10-11T14:12:13.698+0000] {warnings.py:110} WARNING - /home/***/.local/lib/python3.12/site-packages/***/task/task_runner/standard_task_runner.py:61: DeprecationWarning: This process (pid=52) is multi-threaded, use of fork() may lead to deadlocks in the child.
  pid = os.fork()

[2025-10-11T14:12:13.711+0000] {standard_task_runner.py:63} INFO - Started process 67 to run task
[2025-10-11T14:12:13.706+0000] {standard_task_runner.py:90} INFO - Running: ['***', 'tasks', 'run', 'OpenFlightsDataIngestion', 'group_countries.download_countries', 'manual__2025-10-11T14:12:04.946871+00:00', '--job-id', '14', '--raw', '--subdir', 'DAGS_FOLDER/openflights_dag.py', '--cfg-path', '/tmp/tmp26kiqo4j']
[2025-10-11T14:12:13.714+0000] {standard_task_runner.py:91} INFO - Job 14: Subtask group_countries.download_countries
[2025-10-11T14:12:13.829+0000] {task_command.py:426} INFO - Running <TaskInstance: OpenFlightsDataIngestion.group_countries.download_countries manual__2025-10-11T14:12:04.946871+00:00 [running]> on host 74db4dd39b04
[2025-10-11T14:12:13.977+0000] {taskinstance.py:2644} INFO - Exporting env vars: AIRFLOW_CTX_DAG_OWNER='***' AIRFLOW_CTX_DAG_ID='OpenFlightsDataIngestion' AIRFLOW_CTX_TASK_ID='group_countries.download_countries' AIRFLOW_CTX_EXECUTION_DATE='2025-10-11T14:12:04.946871+00:00' AIRFLOW_CTX_TRY_NUMBER='1' AIRFLOW_CTX_DAG_RUN_ID='manual__2025-10-11T14:12:04.946871+00:00'
[2025-10-11T14:12:13.983+0000] {taskinstance.py:430} INFO - ::endgroup::
[2025-10-11T14:12:14.517+0000] {python.py:237} INFO - Done. Returned value was: None
[2025-10-11T14:12:14.520+0000] {taskinstance.py:441} INFO - ::group::Post task execution logs
[2025-10-11T14:12:14.541+0000] {taskinstance.py:1205} INFO - Marking task as SUCCESS. dag_id=OpenFlightsDataIngestion, task_id=group_countries.download_countries, execution_date=20251011T141204, start_date=20251011T141213, end_date=20251011T141214
[2025-10-11T14:12:14.591+0000] {local_task_job_runner.py:240} INFO - Task exited with return code 0
[2025-10-11T14:12:14.648+0000] {warnings.py:110} WARNING - /home/***/.local/lib/python3.12/site-packages/***/models/baseoperator.py:1296: AirflowProviderDeprecationWarning: Call to deprecated class MariaDBOperator. (Please use `***.providers.common.sql.operators.sql.SQLExecuteQueryOperator`.Also, you can provide `hook_params={'schema': <database>}`.)
  result = cls.__new__(cls)

[2025-10-11T14:12:14.689+0000] {taskinstance.py:3482} INFO - 1 downstream tasks scheduled from follow-on schedule check
[2025-10-11T14:12:14.692+0000] {local_task_job_runner.py:222} INFO - ::endgroup::
