[2025-10-16T19:44:13.703+0000] {local_task_job_runner.py:120} INFO - ::group::Pre task execution logs
[2025-10-16T19:44:13.740+0000] {taskinstance.py:2073} INFO - Dependencies all met for dep_context=non-requeueable deps ti=<TaskInstance: OpenFlightsDataIngestion.group_countries.cpimport_countries manual__2025-10-16T19:43:50.755150+00:00 [queued]>
[2025-10-16T19:44:13.757+0000] {taskinstance.py:2073} INFO - Dependencies all met for dep_context=requeueable deps ti=<TaskInstance: OpenFlightsDataIngestion.group_countries.cpimport_countries manual__2025-10-16T19:43:50.755150+00:00 [queued]>
[2025-10-16T19:44:13.758+0000] {taskinstance.py:2303} INFO - Starting attempt 1 of 1
[2025-10-16T19:44:13.786+0000] {taskinstance.py:2327} INFO - Executing <Task(MariaDBCpImportOperator): group_countries.cpimport_countries> on 2025-10-16 19:43:50.755150+00:00
[2025-10-16T19:44:13.796+0000] {warnings.py:110} WARNING - /home/***/.local/lib/python3.12/site-packages/***/task/task_runner/standard_task_runner.py:61: DeprecationWarning: This process (pid=1305) is multi-threaded, use of fork() may lead to deadlocks in the child.
  pid = os.fork()

[2025-10-16T19:44:13.800+0000] {standard_task_runner.py:63} INFO - Started process 1334 to run task
[2025-10-16T19:44:13.801+0000] {standard_task_runner.py:90} INFO - Running: ['***', 'tasks', 'run', 'OpenFlightsDataIngestion', 'group_countries.cpimport_countries', 'manual__2025-10-16T19:43:50.755150+00:00', '--job-id', '246', '--raw', '--subdir', 'DAGS_FOLDER/openflights_dag.py', '--cfg-path', '/tmp/tmp8r55de08']
[2025-10-16T19:44:13.848+0000] {standard_task_runner.py:91} INFO - Job 246: Subtask group_countries.cpimport_countries
[2025-10-16T19:44:13.944+0000] {task_command.py:426} INFO - Running <TaskInstance: OpenFlightsDataIngestion.group_countries.cpimport_countries manual__2025-10-16T19:43:50.755150+00:00 [running]> on host e6b42f39be87
[2025-10-16T19:44:14.095+0000] {taskinstance.py:2644} INFO - Exporting env vars: AIRFLOW_CTX_DAG_OWNER='***' AIRFLOW_CTX_DAG_ID='OpenFlightsDataIngestion' AIRFLOW_CTX_TASK_ID='group_countries.cpimport_countries' AIRFLOW_CTX_EXECUTION_DATE='2025-10-16T19:43:50.755150+00:00' AIRFLOW_CTX_TRY_NUMBER='1' AIRFLOW_CTX_DAG_RUN_ID='manual__2025-10-16T19:43:50.755150+00:00'
[2025-10-16T19:44:14.098+0000] {taskinstance.py:430} INFO - ::endgroup::
[2025-10-16T19:44:14.099+0000] {mariadb_cpimport_operator.py:86} INFO - Starting cpimport operation for table: countries
[2025-10-16T19:44:14.100+0000] {mariadb_cpimport_operator.py:87} INFO - Source file: /home/***_ssh/data_transfer/countries.dat
[2025-10-16T19:44:14.102+0000] {mariadb_cpimport_operator.py:95} INFO - Validating ColumnStore engine...
[2025-10-16T19:44:14.119+0000] {base.py:84} INFO - Using connection ID 'maria_db_default' for task execution.
[2025-10-16T19:44:14.121+0000] {mariadb_hook.py:38} INFO - Connecting to MariaDB database: open_flights_data
[2025-10-16T19:44:14.129+0000] {mariadb_hook.py:79} INFO - Table open_flights_data.countries uses engine: Columnstore
[2025-10-16T19:44:14.130+0000] {mariadb_hook.py:86} INFO - ✓ Table open_flights_data.countries uses ColumnStore engine
[2025-10-16T19:44:14.131+0000] {mariadb_cpimport_operator.py:97} INFO - ✓ ColumnStore engine validation passed
[2025-10-16T19:44:14.131+0000] {mariadb_cpimport_operator.py:102} INFO - Executing cpimport command...
[2025-10-16T19:44:14.141+0000] {base.py:84} INFO - Using connection ID 'maria_db_default' for task execution.
[2025-10-16T19:44:14.142+0000] {mariadb_hook.py:38} INFO - Connecting to MariaDB database: open_flights_data
[2025-10-16T19:44:14.146+0000] {mariadb_hook.py:79} INFO - Table open_flights_data.countries uses engine: Columnstore
[2025-10-16T19:44:14.147+0000] {mariadb_hook.py:86} INFO - ✓ Table open_flights_data.countries uses ColumnStore engine
[2025-10-16T19:44:14.160+0000] {base.py:84} INFO - Using connection ID 'mariadb_ssh_connection' for task execution.
[2025-10-16T19:44:14.161+0000] {mariadb_hook.py:156} INFO - Executing cpimport command via SSH: cpimport -s ',' -E \" -n \\N open_flights_data countries /home/***_ssh/data_transfer/countries.dat
[2025-10-16T19:44:14.163+0000] {ssh.py:301} WARNING - No Host Key Verification. This won't protect against Man-In-The-Middle attacks
[2025-10-16T19:44:14.180+0000] {transport.py:1909} INFO - Connected (version 2.0, client OpenSSH_8.0)
[2025-10-16T19:44:14.301+0000] {transport.py:1909} INFO - Authentication (password) successful!
[2025-10-16T19:44:16.608+0000] {mariadb_hook.py:168} INFO - cpimport completed successfully via SSH
[2025-10-16T19:44:16.609+0000] {mariadb_hook.py:170} INFO - Output: Locale = C.UTF-8Column delimiter : ,
Enclosed by Character : "

Using table OID 3197 as the default JOB ID
Input file(s) will be read from : /root
Job description file : /var/log/mariadb/columnstore/data/bulk/tmpjob/3197_D20251016_T194415_S537956_Job_3197.xml
Log file for this job: /var/log/mariadb/columnstore/cpimport/Job_3197.log
2025-10-16 19:44:15 (2258) INFO : successfully loaded job file /var/log/mariadb/columnstore/data/bulk/tmpjob/3197_D20251016_T194415_S537956_Job_3197.xml
2025-10-16 19:44:15 (2258) INFO : Job file loaded, run time for this step : 1.03822 seconds
2025-10-16 19:44:15 (2258) INFO : PreProcessing check starts
2025-10-16 19:44:15 (2258) INFO : input data file /home/***_ssh/data_transfer/countries.dat
2025-10-16 19:44:15 (2258) INFO : PreProcessing check completed
2025-10-16 19:44:15 (2258) INFO : preProcess completed, run time for this step : 0.0375249 seconds
2025-10-16 19:44:15 (2258) INFO : No of Read Threads Spawned = 1
2025-10-16 19:44:15 (2258) INFO : No of Parse Threads Spawned = 3
2025-10-16 19:44:15 (2258) INFO : For table open_flights_data.countries: 261 rows processed and 261 rows inserted.
2025-10-16 19:44:16 (2258) INFO : Bulk load completed, total run time : 2.07675 seconds


[2025-10-16T19:44:16.610+0000] {mariadb_cpimport_operator.py:112} INFO - ✅ Successfully imported data into countries
[2025-10-16T19:44:16.611+0000] {taskinstance.py:441} INFO - ::group::Post task execution logs
[2025-10-16T19:44:16.641+0000] {taskinstance.py:1205} INFO - Marking task as SUCCESS. dag_id=OpenFlightsDataIngestion, task_id=group_countries.cpimport_countries, execution_date=20251016T194350, start_date=20251016T194413, end_date=20251016T194416
[2025-10-16T19:44:16.696+0000] {local_task_job_runner.py:240} INFO - Task exited with return code 0
[2025-10-16T19:44:16.726+0000] {taskinstance.py:3482} INFO - 0 downstream tasks scheduled from follow-on schedule check
[2025-10-16T19:44:16.727+0000] {local_task_job_runner.py:222} INFO - ::endgroup::
