[2025-10-11T17:33:35.423+0000] {local_task_job_runner.py:120} INFO - ::group::Pre task execution logs
[2025-10-11T17:33:35.453+0000] {taskinstance.py:2073} INFO - Dependencies all met for dep_context=non-requeueable deps ti=<TaskInstance: OpenFlightsDataIngestion.group_planes.download_planes manual__2025-10-11T17:33:31.243331+00:00 [queued]>
[2025-10-11T17:33:35.465+0000] {taskinstance.py:2073} INFO - Dependencies all met for dep_context=requeueable deps ti=<TaskInstance: OpenFlightsDataIngestion.group_planes.download_planes manual__2025-10-11T17:33:31.243331+00:00 [queued]>
[2025-10-11T17:33:35.466+0000] {taskinstance.py:2303} INFO - Starting attempt 1 of 1
[2025-10-11T17:33:35.491+0000] {taskinstance.py:2327} INFO - Executing <Task(PythonOperator): group_planes.download_planes> on 2025-10-11 17:33:31.243331+00:00
[2025-10-11T17:33:35.497+0000] {warnings.py:110} WARNING - /home/***/.local/lib/python3.12/site-packages/***/task/task_runner/standard_task_runner.py:61: DeprecationWarning: This process (pid=175) is multi-threaded, use of fork() may lead to deadlocks in the child.
  pid = os.fork()

[2025-10-11T17:33:35.500+0000] {standard_task_runner.py:63} INFO - Started process 184 to run task
[2025-10-11T17:33:35.500+0000] {standard_task_runner.py:90} INFO - Running: ['***', 'tasks', 'run', 'OpenFlightsDataIngestion', 'group_planes.download_planes', 'manual__2025-10-11T17:33:31.243331+00:00', '--job-id', '43', '--raw', '--subdir', 'DAGS_FOLDER/openflights_dag.py', '--cfg-path', '/tmp/tmph5zke61f']
[2025-10-11T17:33:35.505+0000] {standard_task_runner.py:91} INFO - Job 43: Subtask group_planes.download_planes
[2025-10-11T17:33:35.599+0000] {task_command.py:426} INFO - Running <TaskInstance: OpenFlightsDataIngestion.group_planes.download_planes manual__2025-10-11T17:33:31.243331+00:00 [running]> on host 57acc0fdfd63
[2025-10-11T17:33:35.741+0000] {taskinstance.py:2644} INFO - Exporting env vars: AIRFLOW_CTX_DAG_OWNER='***' AIRFLOW_CTX_DAG_ID='OpenFlightsDataIngestion' AIRFLOW_CTX_TASK_ID='group_planes.download_planes' AIRFLOW_CTX_EXECUTION_DATE='2025-10-11T17:33:31.243331+00:00' AIRFLOW_CTX_TRY_NUMBER='1' AIRFLOW_CTX_DAG_RUN_ID='manual__2025-10-11T17:33:31.243331+00:00'
[2025-10-11T17:33:35.745+0000] {taskinstance.py:430} INFO - ::endgroup::
[2025-10-11T17:33:36.253+0000] {python.py:237} INFO - Done. Returned value was: None
[2025-10-11T17:33:36.254+0000] {taskinstance.py:441} INFO - ::group::Post task execution logs
[2025-10-11T17:33:36.270+0000] {taskinstance.py:1205} INFO - Marking task as SUCCESS. dag_id=OpenFlightsDataIngestion, task_id=group_planes.download_planes, execution_date=20251011T173331, start_date=20251011T173335, end_date=20251011T173336
[2025-10-11T17:33:36.293+0000] {local_task_job_runner.py:240} INFO - Task exited with return code 0
[2025-10-11T17:33:36.307+0000] {warnings.py:110} WARNING - /home/***/.local/lib/python3.12/site-packages/***/models/baseoperator.py:1296: AirflowProviderDeprecationWarning: Call to deprecated class MariaDBOperator. (Please use `***.providers.common.sql.operators.sql.SQLExecuteQueryOperator`.Also, you can provide `hook_params={'schema': <database>}`.)
  result = cls.__new__(cls)

[2025-10-11T17:33:36.343+0000] {taskinstance.py:3482} INFO - 1 downstream tasks scheduled from follow-on schedule check
[2025-10-11T17:33:36.345+0000] {local_task_job_runner.py:222} INFO - ::endgroup::
