[2025-10-11T17:36:25.392+0000] {local_task_job_runner.py:120} INFO - ::group::Pre task execution logs
[2025-10-11T17:36:25.449+0000] {taskinstance.py:2073} INFO - Dependencies all met for dep_context=non-requeueable deps ti=<TaskInstance: OpenFlightsDataIngestion.group_countries.download_countries manual__2025-10-11T17:36:20.120583+00:00 [queued]>
[2025-10-11T17:36:25.471+0000] {taskinstance.py:2073} INFO - Dependencies all met for dep_context=requeueable deps ti=<TaskInstance: OpenFlightsDataIngestion.group_countries.download_countries manual__2025-10-11T17:36:20.120583+00:00 [queued]>
[2025-10-11T17:36:25.472+0000] {taskinstance.py:2303} INFO - Starting attempt 1 of 1
[2025-10-11T17:36:25.520+0000] {taskinstance.py:2327} INFO - Executing <Task(PythonOperator): group_countries.download_countries> on 2025-10-11 17:36:20.120583+00:00
[2025-10-11T17:36:25.537+0000] {warnings.py:110} WARNING - /home/***/.local/lib/python3.12/site-packages/***/task/task_runner/standard_task_runner.py:61: DeprecationWarning: This process (pid=207) is multi-threaded, use of fork() may lead to deadlocks in the child.
  pid = os.fork()

[2025-10-11T17:36:25.546+0000] {standard_task_runner.py:63} INFO - Started process 222 to run task
[2025-10-11T17:36:25.540+0000] {standard_task_runner.py:90} INFO - Running: ['***', 'tasks', 'run', 'OpenFlightsDataIngestion', 'group_countries.download_countries', 'manual__2025-10-11T17:36:20.120583+00:00', '--job-id', '57', '--raw', '--subdir', 'DAGS_FOLDER/openflights_dag.py', '--cfg-path', '/tmp/tmpu757fyga']
[2025-10-11T17:36:25.549+0000] {standard_task_runner.py:91} INFO - Job 57: Subtask group_countries.download_countries
[2025-10-11T17:36:25.741+0000] {task_command.py:426} INFO - Running <TaskInstance: OpenFlightsDataIngestion.group_countries.download_countries manual__2025-10-11T17:36:20.120583+00:00 [running]> on host 57acc0fdfd63
[2025-10-11T17:36:26.065+0000] {taskinstance.py:2644} INFO - Exporting env vars: AIRFLOW_CTX_DAG_OWNER='***' AIRFLOW_CTX_DAG_ID='OpenFlightsDataIngestion' AIRFLOW_CTX_TASK_ID='group_countries.download_countries' AIRFLOW_CTX_EXECUTION_DATE='2025-10-11T17:36:20.120583+00:00' AIRFLOW_CTX_TRY_NUMBER='1' AIRFLOW_CTX_DAG_RUN_ID='manual__2025-10-11T17:36:20.120583+00:00'
[2025-10-11T17:36:26.071+0000] {taskinstance.py:430} INFO - ::endgroup::
[2025-10-11T17:36:26.249+0000] {python.py:237} INFO - Done. Returned value was: None
[2025-10-11T17:36:26.252+0000] {taskinstance.py:441} INFO - ::group::Post task execution logs
[2025-10-11T17:36:26.273+0000] {taskinstance.py:1205} INFO - Marking task as SUCCESS. dag_id=OpenFlightsDataIngestion, task_id=group_countries.download_countries, execution_date=20251011T173620, start_date=20251011T173625, end_date=20251011T173626
[2025-10-11T17:36:26.305+0000] {local_task_job_runner.py:240} INFO - Task exited with return code 0
[2025-10-11T17:36:26.366+0000] {warnings.py:110} WARNING - /home/***/.local/lib/python3.12/site-packages/***/models/baseoperator.py:1296: AirflowProviderDeprecationWarning: Call to deprecated class MariaDBOperator. (Please use `***.providers.common.sql.operators.sql.SQLExecuteQueryOperator`.Also, you can provide `hook_params={'schema': <database>}`.)
  result = cls.__new__(cls)

[2025-10-11T17:36:26.403+0000] {taskinstance.py:3482} INFO - 1 downstream tasks scheduled from follow-on schedule check
[2025-10-11T17:36:26.406+0000] {local_task_job_runner.py:222} INFO - ::endgroup::
