[2025-10-11T18:53:19.168+0000] {local_task_job_runner.py:120} INFO - ::group::Pre task execution logs
[2025-10-11T18:53:19.207+0000] {taskinstance.py:2073} INFO - Dependencies all met for dep_context=non-requeueable deps ti=<TaskInstance: OpenFlightsDataIngestion.group_airlines.truncate_table_airlines manual__2025-10-11T18:53:11.103954+00:00 [queued]>
[2025-10-11T18:53:19.221+0000] {taskinstance.py:2073} INFO - Dependencies all met for dep_context=requeueable deps ti=<TaskInstance: OpenFlightsDataIngestion.group_airlines.truncate_table_airlines manual__2025-10-11T18:53:11.103954+00:00 [queued]>
[2025-10-11T18:53:19.222+0000] {taskinstance.py:2303} INFO - Starting attempt 1 of 1
[2025-10-11T18:53:19.248+0000] {taskinstance.py:2327} INFO - Executing <Task(PythonOperator): group_airlines.truncate_table_airlines> on 2025-10-11 18:53:11.103954+00:00
[2025-10-11T18:53:19.257+0000] {warnings.py:110} WARNING - /home/***/.local/lib/python3.12/site-packages/***/task/task_runner/standard_task_runner.py:61: DeprecationWarning: This process (pid=438) is multi-threaded, use of fork() may lead to deadlocks in the child.
  pid = os.fork()

[2025-10-11T18:53:19.260+0000] {standard_task_runner.py:63} INFO - Started process 452 to run task
[2025-10-11T18:53:19.261+0000] {standard_task_runner.py:90} INFO - Running: ['***', 'tasks', 'run', 'OpenFlightsDataIngestion', 'group_airlines.truncate_table_airlines', 'manual__2025-10-11T18:53:11.103954+00:00', '--job-id', '163', '--raw', '--subdir', 'DAGS_FOLDER/openflights_dag.py', '--cfg-path', '/tmp/tmpdf41h07y']
[2025-10-11T18:53:19.266+0000] {standard_task_runner.py:91} INFO - Job 163: Subtask group_airlines.truncate_table_airlines
[2025-10-11T18:53:19.342+0000] {task_command.py:426} INFO - Running <TaskInstance: OpenFlightsDataIngestion.group_airlines.truncate_table_airlines manual__2025-10-11T18:53:11.103954+00:00 [running]> on host dc3f0ff817bf
[2025-10-11T18:53:19.488+0000] {taskinstance.py:2644} INFO - Exporting env vars: AIRFLOW_CTX_DAG_OWNER='***' AIRFLOW_CTX_DAG_ID='OpenFlightsDataIngestion' AIRFLOW_CTX_TASK_ID='group_airlines.truncate_table_airlines' AIRFLOW_CTX_EXECUTION_DATE='2025-10-11T18:53:11.103954+00:00' AIRFLOW_CTX_TRY_NUMBER='1' AIRFLOW_CTX_DAG_RUN_ID='manual__2025-10-11T18:53:11.103954+00:00'
[2025-10-11T18:53:19.491+0000] {taskinstance.py:430} INFO - ::endgroup::
[2025-10-11T18:53:19.505+0000] {base.py:84} INFO - Using connection ID 'maria_db_default' for task execution.
[2025-10-11T18:53:19.508+0000] {mariadb_hook.py:37} INFO - Connecting to MariaDB database: 
[2025-10-11T18:53:19.514+0000] {sql.py:457} INFO - Running statement: 
        SELECT COUNT(*) 
        FROM information_schema.tables 
        WHERE table_schema = 'open_flights_data' 
          AND table_name = 'airlines';
    , parameters: None
[2025-10-11T18:53:19.516+0000] {sql.py:466} INFO - Rows affected: 1
[2025-10-11T18:53:19.518+0000] {warnings.py:110} WARNING - /home/***/.local/lib/python3.12/site-packages/***/providers/common/sql/hooks/sql.py:407: AirflowProviderDeprecationWarning: Call to deprecated method _make_common_data_structure. (The `_make_serializable` method is deprecated and support will be removed in a future version of the common.sql provider. Please update the DbApiHook's provider to a version based on common.sql >= 1.9.1.)
  result = self._make_common_data_structure(handler(cur))

[2025-10-11T18:53:19.520+0000] {logging_mixin.py:188} INFO - Table `open_flights_data.airlines` does not exist. Skipping truncation.
[2025-10-11T18:53:19.521+0000] {python.py:237} INFO - Done. Returned value was: None
[2025-10-11T18:53:19.522+0000] {taskinstance.py:441} INFO - ::group::Post task execution logs
[2025-10-11T18:53:19.539+0000] {taskinstance.py:1205} INFO - Marking task as SUCCESS. dag_id=OpenFlightsDataIngestion, task_id=group_airlines.truncate_table_airlines, execution_date=20251011T185311, start_date=20251011T185319, end_date=20251011T185319
[2025-10-11T18:53:19.566+0000] {local_task_job_runner.py:240} INFO - Task exited with return code 0
[2025-10-11T18:53:19.764+0000] {taskinstance.py:3482} INFO - 1 downstream tasks scheduled from follow-on schedule check
[2025-10-11T18:53:19.771+0000] {local_task_job_runner.py:222} INFO - ::endgroup::
