[2025-10-26T19:14:28.948+0000] {local_task_job_runner.py:120} INFO - ::group::Pre task execution logs
[2025-10-26T19:14:28.974+0000] {taskinstance.py:2073} INFO - Dependencies all met for dep_context=non-requeueable deps ti=<TaskInstance: Dag_OpenFlightsDataIngestion.group_airports.cpimport_airports manual__2025-10-26T19:14:08.334532+00:00 [queued]>
[2025-10-26T19:14:28.987+0000] {taskinstance.py:2073} INFO - Dependencies all met for dep_context=requeueable deps ti=<TaskInstance: Dag_OpenFlightsDataIngestion.group_airports.cpimport_airports manual__2025-10-26T19:14:08.334532+00:00 [queued]>
[2025-10-26T19:14:28.988+0000] {taskinstance.py:2303} INFO - Starting attempt 1 of 1
[2025-10-26T19:14:29.007+0000] {taskinstance.py:2327} INFO - Executing <Task(MariaDBCpImportOperator): group_airports.cpimport_airports> on 2025-10-26 19:14:08.334532+00:00
[2025-10-26T19:14:29.016+0000] {warnings.py:110} WARNING - /home/***/.local/lib/python3.12/site-packages/***/task/task_runner/standard_task_runner.py:61: DeprecationWarning: This process (pid=671) is multi-threaded, use of fork() may lead to deadlocks in the child.
  pid = os.fork()

[2025-10-26T19:14:29.019+0000] {standard_task_runner.py:63} INFO - Started process 731 to run task
[2025-10-26T19:14:29.019+0000] {standard_task_runner.py:90} INFO - Running: ['***', 'tasks', 'run', 'Dag_OpenFlightsDataIngestion', 'group_airports.cpimport_airports', 'manual__2025-10-26T19:14:08.334532+00:00', '--job-id', '49', '--raw', '--subdir', 'DAGS_FOLDER/openflights_dag.py', '--cfg-path', '/tmp/tmpz49deqra']
[2025-10-26T19:14:29.024+0000] {standard_task_runner.py:91} INFO - Job 49: Subtask group_airports.cpimport_airports
[2025-10-26T19:14:29.091+0000] {task_command.py:426} INFO - Running <TaskInstance: Dag_OpenFlightsDataIngestion.group_airports.cpimport_airports manual__2025-10-26T19:14:08.334532+00:00 [running]> on host c8d58475e5b6
[2025-10-26T19:14:29.211+0000] {taskinstance.py:2644} INFO - Exporting env vars: AIRFLOW_CTX_DAG_OWNER='***' AIRFLOW_CTX_DAG_ID='Dag_OpenFlightsDataIngestion' AIRFLOW_CTX_TASK_ID='group_airports.cpimport_airports' AIRFLOW_CTX_EXECUTION_DATE='2025-10-26T19:14:08.334532+00:00' AIRFLOW_CTX_TRY_NUMBER='1' AIRFLOW_CTX_DAG_RUN_ID='manual__2025-10-26T19:14:08.334532+00:00'
[2025-10-26T19:14:29.215+0000] {taskinstance.py:430} INFO - ::endgroup::
[2025-10-26T19:14:29.216+0000] {cpimport.py:87} INFO - Starting cpimport operation for table: airports
[2025-10-26T19:14:29.217+0000] {cpimport.py:88} INFO - Source file: /root/***_ssh/airports.dat
[2025-10-26T19:14:29.218+0000] {cpimport.py:96} INFO - Validating ColumnStore engine...
[2025-10-26T19:14:29.234+0000] {base.py:84} INFO - Using connection ID 'maria_db_default' for task execution.
[2025-10-26T19:14:29.235+0000] {mariadb.py:94} INFO - Connecting to MariaDB database: 
[2025-10-26T19:14:29.240+0000] {mariadb.py:130} INFO - Table open_flights_data.airports uses engine: Columnstore
[2025-10-26T19:14:29.241+0000] {mariadb.py:140} INFO - ✓ Table open_flights_data.airports uses ColumnStore engine
[2025-10-26T19:14:29.242+0000] {cpimport.py:98} INFO - ✓ ColumnStore engine validation passed
[2025-10-26T19:14:29.243+0000] {cpimport.py:103} INFO - Executing cpimport command...
[2025-10-26T19:14:29.252+0000] {base.py:84} INFO - Using connection ID 'maria_db_default' for task execution.
[2025-10-26T19:14:29.253+0000] {mariadb.py:94} INFO - Connecting to MariaDB database: 
[2025-10-26T19:14:29.259+0000] {mariadb.py:130} INFO - Table open_flights_data.airports uses engine: Columnstore
[2025-10-26T19:14:29.260+0000] {mariadb.py:140} INFO - ✓ Table open_flights_data.airports uses ColumnStore engine
[2025-10-26T19:14:29.269+0000] {base.py:84} INFO - Using connection ID 'mariadb_ssh_connection' for task execution.
[2025-10-26T19:14:29.270+0000] {mariadb.py:217} INFO - Executing cpimport command via SSH: cpimport -s ',' -E \" -n \\N open_flights_data airports /root/***_ssh/airports.dat
[2025-10-26T19:14:29.270+0000] {ssh.py:301} WARNING - No Host Key Verification. This won't protect against Man-In-The-Middle attacks
[2025-10-26T19:14:29.283+0000] {transport.py:1909} INFO - Connected (version 2.0, client OpenSSH_8.0)
[2025-10-26T19:14:29.402+0000] {transport.py:1909} INFO - Authentication (password) successful!
[2025-10-26T19:14:30.806+0000] {mariadb.py:229} INFO - cpimport completed successfully via SSH
[2025-10-26T19:14:30.808+0000] {mariadb.py:231} INFO - Output: Locale = C.UTF-8Column delimiter : ,
Enclosed by Character : "

Using table OID 3376 as the default JOB ID
Input file(s) will be read from : /root
Job description file : /var/log/mariadb/columnstore/data/bulk/tmpjob/3376_D20251026_T191429_S632934_Job_3376.xml
Log file for this job: /var/log/mariadb/columnstore/cpimport/Job_3376.log
2025-10-26 19:14:29 (7861) INFO : successfully loaded job file /var/log/mariadb/columnstore/data/bulk/tmpjob/3376_D20251026_T191429_S632934_Job_3376.xml
2025-10-26 19:14:29 (7861) INFO : Job file loaded, run time for this step : 0.038306 seconds
2025-10-26 19:14:29 (7861) INFO : PreProcessing check starts
2025-10-26 19:14:29 (7861) INFO : input data file /root/***_ssh/airports.dat
2025-10-26 19:14:29 (7861) INFO : PreProcessing check completed
2025-10-26 19:14:29 (7861) INFO : preProcess completed, run time for this step : 0.135965 seconds
2025-10-26 19:14:29 (7861) INFO : No of Read Threads Spawned = 1
2025-10-26 19:14:29 (7861) INFO : No of Parse Threads Spawned = 3
2025-10-26 19:14:29 (7861) INFO : For table open_flights_data.airports: 7698 rows processed and 7698 rows inserted.
2025-10-26 19:14:30 (7861) INFO : Bulk load completed, total run time : 1.17613 seconds


[2025-10-26T19:14:30.808+0000] {cpimport.py:113} INFO - ✅ Successfully imported data into airports
[2025-10-26T19:14:30.809+0000] {taskinstance.py:441} INFO - ::group::Post task execution logs
[2025-10-26T19:14:30.836+0000] {taskinstance.py:1205} INFO - Marking task as SUCCESS. dag_id=Dag_OpenFlightsDataIngestion, task_id=group_airports.cpimport_airports, execution_date=20251026T191408, start_date=20251026T191428, end_date=20251026T191430
[2025-10-26T19:14:30.869+0000] {local_task_job_runner.py:240} INFO - Task exited with return code 0
[2025-10-26T19:14:30.901+0000] {taskinstance.py:3482} INFO - 0 downstream tasks scheduled from follow-on schedule check
[2025-10-26T19:14:30.903+0000] {local_task_job_runner.py:222} INFO - ::endgroup::
