[2025-10-26T18:32:17.230+0000] {processor.py:161} INFO - Started process (PID=64) to work on /home/airflow/.local/lib/python3.12/site-packages/airflow/example_dags/tutorial_dag.py
[2025-10-26T18:32:17.232+0000] {processor.py:830} INFO - Processing file /home/airflow/.local/lib/python3.12/site-packages/airflow/example_dags/tutorial_dag.py for tasks to queue
[2025-10-26T18:32:17.235+0000] {logging_mixin.py:188} INFO - [2025-10-26T18:32:17.234+0000] {dagbag.py:540} INFO - Filling up the DagBag from /home/airflow/.local/lib/python3.12/site-packages/airflow/example_dags/tutorial_dag.py
[2025-10-26T18:32:17.247+0000] {processor.py:840} INFO - DAG(s) 'tutorial_dag' retrieved from /home/airflow/.local/lib/python3.12/site-packages/airflow/example_dags/tutorial_dag.py
[2025-10-26T18:32:17.380+0000] {logging_mixin.py:188} INFO - [2025-10-26T18:32:17.380+0000] {override.py:1829} INFO - Created Permission View: can edit on DAG:tutorial_dag
[2025-10-26T18:32:17.393+0000] {logging_mixin.py:188} INFO - [2025-10-26T18:32:17.393+0000] {override.py:1829} INFO - Created Permission View: can read on DAG:tutorial_dag
[2025-10-26T18:32:17.404+0000] {logging_mixin.py:188} INFO - [2025-10-26T18:32:17.404+0000] {override.py:1829} INFO - Created Permission View: can delete on DAG:tutorial_dag
[2025-10-26T18:32:17.405+0000] {logging_mixin.py:188} INFO - [2025-10-26T18:32:17.405+0000] {dag.py:3096} INFO - Sync 1 DAGs
[2025-10-26T18:32:17.419+0000] {logging_mixin.py:188} INFO - [2025-10-26T18:32:17.419+0000] {dag.py:3118} INFO - Creating ORM DAG for tutorial_dag
[2025-10-26T18:32:17.421+0000] {logging_mixin.py:188} INFO - [2025-10-26T18:32:17.420+0000] {dag.py:3954} INFO - Setting next_dagrun for tutorial_dag to None, run_after=None
[2025-10-26T18:32:17.445+0000] {processor.py:183} INFO - Processing /home/airflow/.local/lib/python3.12/site-packages/airflow/example_dags/tutorial_dag.py took 0.223 seconds
[2025-10-26T18:32:48.518+0000] {processor.py:161} INFO - Started process (PID=120) to work on /home/airflow/.local/lib/python3.12/site-packages/airflow/example_dags/tutorial_dag.py
[2025-10-26T18:32:48.520+0000] {processor.py:830} INFO - Processing file /home/airflow/.local/lib/python3.12/site-packages/airflow/example_dags/tutorial_dag.py for tasks to queue
[2025-10-26T18:32:48.524+0000] {logging_mixin.py:188} INFO - [2025-10-26T18:32:48.523+0000] {dagbag.py:540} INFO - Filling up the DagBag from /home/airflow/.local/lib/python3.12/site-packages/airflow/example_dags/tutorial_dag.py
[2025-10-26T18:32:48.537+0000] {processor.py:840} INFO - DAG(s) 'tutorial_dag' retrieved from /home/airflow/.local/lib/python3.12/site-packages/airflow/example_dags/tutorial_dag.py
[2025-10-26T18:32:48.573+0000] {logging_mixin.py:188} INFO - [2025-10-26T18:32:48.573+0000] {dag.py:3096} INFO - Sync 1 DAGs
[2025-10-26T18:32:48.598+0000] {logging_mixin.py:188} INFO - [2025-10-26T18:32:48.598+0000] {dag.py:3954} INFO - Setting next_dagrun for tutorial_dag to None, run_after=None
[2025-10-26T18:32:48.624+0000] {processor.py:183} INFO - Processing /home/airflow/.local/lib/python3.12/site-packages/airflow/example_dags/tutorial_dag.py took 0.118 seconds
[2025-10-26T18:33:19.373+0000] {processor.py:161} INFO - Started process (PID=176) to work on /home/airflow/.local/lib/python3.12/site-packages/airflow/example_dags/tutorial_dag.py
[2025-10-26T18:33:19.374+0000] {processor.py:830} INFO - Processing file /home/airflow/.local/lib/python3.12/site-packages/airflow/example_dags/tutorial_dag.py for tasks to queue
[2025-10-26T18:33:19.377+0000] {logging_mixin.py:188} INFO - [2025-10-26T18:33:19.376+0000] {dagbag.py:540} INFO - Filling up the DagBag from /home/airflow/.local/lib/python3.12/site-packages/airflow/example_dags/tutorial_dag.py
[2025-10-26T18:33:19.384+0000] {processor.py:840} INFO - DAG(s) 'tutorial_dag' retrieved from /home/airflow/.local/lib/python3.12/site-packages/airflow/example_dags/tutorial_dag.py
[2025-10-26T18:33:19.410+0000] {logging_mixin.py:188} INFO - [2025-10-26T18:33:19.410+0000] {dag.py:3096} INFO - Sync 1 DAGs
[2025-10-26T18:33:19.426+0000] {logging_mixin.py:188} INFO - [2025-10-26T18:33:19.426+0000] {dag.py:3954} INFO - Setting next_dagrun for tutorial_dag to None, run_after=None
[2025-10-26T18:33:19.452+0000] {processor.py:183} INFO - Processing /home/airflow/.local/lib/python3.12/site-packages/airflow/example_dags/tutorial_dag.py took 0.087 seconds
[2025-10-26T18:33:49.526+0000] {processor.py:161} INFO - Started process (PID=232) to work on /home/airflow/.local/lib/python3.12/site-packages/airflow/example_dags/tutorial_dag.py
[2025-10-26T18:33:49.528+0000] {processor.py:830} INFO - Processing file /home/airflow/.local/lib/python3.12/site-packages/airflow/example_dags/tutorial_dag.py for tasks to queue
[2025-10-26T18:33:49.531+0000] {logging_mixin.py:188} INFO - [2025-10-26T18:33:49.531+0000] {dagbag.py:540} INFO - Filling up the DagBag from /home/airflow/.local/lib/python3.12/site-packages/airflow/example_dags/tutorial_dag.py
[2025-10-26T18:33:49.544+0000] {processor.py:840} INFO - DAG(s) 'tutorial_dag' retrieved from /home/airflow/.local/lib/python3.12/site-packages/airflow/example_dags/tutorial_dag.py
[2025-10-26T18:33:49.573+0000] {logging_mixin.py:188} INFO - [2025-10-26T18:33:49.573+0000] {dag.py:3096} INFO - Sync 1 DAGs
[2025-10-26T18:33:49.596+0000] {logging_mixin.py:188} INFO - [2025-10-26T18:33:49.596+0000] {dag.py:3954} INFO - Setting next_dagrun for tutorial_dag to None, run_after=None
[2025-10-26T18:33:49.623+0000] {processor.py:183} INFO - Processing /home/airflow/.local/lib/python3.12/site-packages/airflow/example_dags/tutorial_dag.py took 0.106 seconds
[2025-10-26T18:34:19.808+0000] {processor.py:161} INFO - Started process (PID=288) to work on /home/airflow/.local/lib/python3.12/site-packages/airflow/example_dags/tutorial_dag.py
[2025-10-26T18:34:19.809+0000] {processor.py:830} INFO - Processing file /home/airflow/.local/lib/python3.12/site-packages/airflow/example_dags/tutorial_dag.py for tasks to queue
[2025-10-26T18:34:19.812+0000] {logging_mixin.py:188} INFO - [2025-10-26T18:34:19.811+0000] {dagbag.py:540} INFO - Filling up the DagBag from /home/airflow/.local/lib/python3.12/site-packages/airflow/example_dags/tutorial_dag.py
[2025-10-26T18:34:19.820+0000] {processor.py:840} INFO - DAG(s) 'tutorial_dag' retrieved from /home/airflow/.local/lib/python3.12/site-packages/airflow/example_dags/tutorial_dag.py
[2025-10-26T18:34:19.848+0000] {logging_mixin.py:188} INFO - [2025-10-26T18:34:19.848+0000] {dag.py:3096} INFO - Sync 1 DAGs
[2025-10-26T18:34:19.865+0000] {logging_mixin.py:188} INFO - [2025-10-26T18:34:19.865+0000] {dag.py:3954} INFO - Setting next_dagrun for tutorial_dag to None, run_after=None
[2025-10-26T18:34:19.891+0000] {processor.py:183} INFO - Processing /home/airflow/.local/lib/python3.12/site-packages/airflow/example_dags/tutorial_dag.py took 0.091 seconds
[2025-10-26T18:34:50.947+0000] {processor.py:161} INFO - Started process (PID=344) to work on /home/airflow/.local/lib/python3.12/site-packages/airflow/example_dags/tutorial_dag.py
[2025-10-26T18:34:50.948+0000] {processor.py:830} INFO - Processing file /home/airflow/.local/lib/python3.12/site-packages/airflow/example_dags/tutorial_dag.py for tasks to queue
[2025-10-26T18:34:50.951+0000] {logging_mixin.py:188} INFO - [2025-10-26T18:34:50.950+0000] {dagbag.py:540} INFO - Filling up the DagBag from /home/airflow/.local/lib/python3.12/site-packages/airflow/example_dags/tutorial_dag.py
[2025-10-26T18:34:50.958+0000] {processor.py:840} INFO - DAG(s) 'tutorial_dag' retrieved from /home/airflow/.local/lib/python3.12/site-packages/airflow/example_dags/tutorial_dag.py
[2025-10-26T18:34:50.988+0000] {logging_mixin.py:188} INFO - [2025-10-26T18:34:50.988+0000] {dag.py:3096} INFO - Sync 1 DAGs
[2025-10-26T18:34:51.004+0000] {logging_mixin.py:188} INFO - [2025-10-26T18:34:51.004+0000] {dag.py:3954} INFO - Setting next_dagrun for tutorial_dag to None, run_after=None
[2025-10-26T18:34:51.026+0000] {processor.py:183} INFO - Processing /home/airflow/.local/lib/python3.12/site-packages/airflow/example_dags/tutorial_dag.py took 0.088 seconds
[2025-10-26T18:35:21.334+0000] {processor.py:161} INFO - Started process (PID=400) to work on /home/airflow/.local/lib/python3.12/site-packages/airflow/example_dags/tutorial_dag.py
[2025-10-26T18:35:21.336+0000] {processor.py:830} INFO - Processing file /home/airflow/.local/lib/python3.12/site-packages/airflow/example_dags/tutorial_dag.py for tasks to queue
[2025-10-26T18:35:21.339+0000] {logging_mixin.py:188} INFO - [2025-10-26T18:35:21.338+0000] {dagbag.py:540} INFO - Filling up the DagBag from /home/airflow/.local/lib/python3.12/site-packages/airflow/example_dags/tutorial_dag.py
[2025-10-26T18:35:21.346+0000] {processor.py:840} INFO - DAG(s) 'tutorial_dag' retrieved from /home/airflow/.local/lib/python3.12/site-packages/airflow/example_dags/tutorial_dag.py
[2025-10-26T18:35:21.373+0000] {logging_mixin.py:188} INFO - [2025-10-26T18:35:21.373+0000] {dag.py:3096} INFO - Sync 1 DAGs
[2025-10-26T18:35:21.390+0000] {logging_mixin.py:188} INFO - [2025-10-26T18:35:21.389+0000] {dag.py:3954} INFO - Setting next_dagrun for tutorial_dag to None, run_after=None
[2025-10-26T18:35:21.428+0000] {processor.py:183} INFO - Processing /home/airflow/.local/lib/python3.12/site-packages/airflow/example_dags/tutorial_dag.py took 0.102 seconds
[2025-10-26T18:35:51.786+0000] {processor.py:161} INFO - Started process (PID=456) to work on /home/airflow/.local/lib/python3.12/site-packages/airflow/example_dags/tutorial_dag.py
[2025-10-26T18:35:51.787+0000] {processor.py:830} INFO - Processing file /home/airflow/.local/lib/python3.12/site-packages/airflow/example_dags/tutorial_dag.py for tasks to queue
[2025-10-26T18:35:51.790+0000] {logging_mixin.py:188} INFO - [2025-10-26T18:35:51.790+0000] {dagbag.py:540} INFO - Filling up the DagBag from /home/airflow/.local/lib/python3.12/site-packages/airflow/example_dags/tutorial_dag.py
[2025-10-26T18:35:51.800+0000] {processor.py:840} INFO - DAG(s) 'tutorial_dag' retrieved from /home/airflow/.local/lib/python3.12/site-packages/airflow/example_dags/tutorial_dag.py
[2025-10-26T18:35:51.833+0000] {logging_mixin.py:188} INFO - [2025-10-26T18:35:51.832+0000] {dag.py:3096} INFO - Sync 1 DAGs
[2025-10-26T18:35:51.851+0000] {logging_mixin.py:188} INFO - [2025-10-26T18:35:51.851+0000] {dag.py:3954} INFO - Setting next_dagrun for tutorial_dag to None, run_after=None
[2025-10-26T18:35:51.877+0000] {processor.py:183} INFO - Processing /home/airflow/.local/lib/python3.12/site-packages/airflow/example_dags/tutorial_dag.py took 0.101 seconds
[2025-10-26T18:36:22.263+0000] {processor.py:161} INFO - Started process (PID=512) to work on /home/airflow/.local/lib/python3.12/site-packages/airflow/example_dags/tutorial_dag.py
[2025-10-26T18:36:22.264+0000] {processor.py:830} INFO - Processing file /home/airflow/.local/lib/python3.12/site-packages/airflow/example_dags/tutorial_dag.py for tasks to queue
[2025-10-26T18:36:22.267+0000] {logging_mixin.py:188} INFO - [2025-10-26T18:36:22.266+0000] {dagbag.py:540} INFO - Filling up the DagBag from /home/airflow/.local/lib/python3.12/site-packages/airflow/example_dags/tutorial_dag.py
[2025-10-26T18:36:22.275+0000] {processor.py:840} INFO - DAG(s) 'tutorial_dag' retrieved from /home/airflow/.local/lib/python3.12/site-packages/airflow/example_dags/tutorial_dag.py
[2025-10-26T18:36:22.301+0000] {logging_mixin.py:188} INFO - [2025-10-26T18:36:22.301+0000] {dag.py:3096} INFO - Sync 1 DAGs
[2025-10-26T18:36:22.318+0000] {logging_mixin.py:188} INFO - [2025-10-26T18:36:22.318+0000] {dag.py:3954} INFO - Setting next_dagrun for tutorial_dag to None, run_after=None
[2025-10-26T18:36:22.342+0000] {processor.py:183} INFO - Processing /home/airflow/.local/lib/python3.12/site-packages/airflow/example_dags/tutorial_dag.py took 0.088 seconds
[2025-10-26T18:36:53.305+0000] {processor.py:161} INFO - Started process (PID=568) to work on /home/airflow/.local/lib/python3.12/site-packages/airflow/example_dags/tutorial_dag.py
[2025-10-26T18:36:53.306+0000] {processor.py:830} INFO - Processing file /home/airflow/.local/lib/python3.12/site-packages/airflow/example_dags/tutorial_dag.py for tasks to queue
[2025-10-26T18:36:53.309+0000] {logging_mixin.py:188} INFO - [2025-10-26T18:36:53.309+0000] {dagbag.py:540} INFO - Filling up the DagBag from /home/airflow/.local/lib/python3.12/site-packages/airflow/example_dags/tutorial_dag.py
[2025-10-26T18:36:53.316+0000] {processor.py:840} INFO - DAG(s) 'tutorial_dag' retrieved from /home/airflow/.local/lib/python3.12/site-packages/airflow/example_dags/tutorial_dag.py
[2025-10-26T18:36:53.343+0000] {logging_mixin.py:188} INFO - [2025-10-26T18:36:53.343+0000] {dag.py:3096} INFO - Sync 1 DAGs
[2025-10-26T18:36:53.361+0000] {logging_mixin.py:188} INFO - [2025-10-26T18:36:53.360+0000] {dag.py:3954} INFO - Setting next_dagrun for tutorial_dag to None, run_after=None
[2025-10-26T18:36:53.386+0000] {processor.py:183} INFO - Processing /home/airflow/.local/lib/python3.12/site-packages/airflow/example_dags/tutorial_dag.py took 0.090 seconds
[2025-10-26T18:37:23.493+0000] {processor.py:161} INFO - Started process (PID=624) to work on /home/airflow/.local/lib/python3.12/site-packages/airflow/example_dags/tutorial_dag.py
[2025-10-26T18:37:23.494+0000] {processor.py:830} INFO - Processing file /home/airflow/.local/lib/python3.12/site-packages/airflow/example_dags/tutorial_dag.py for tasks to queue
[2025-10-26T18:37:23.496+0000] {logging_mixin.py:188} INFO - [2025-10-26T18:37:23.496+0000] {dagbag.py:540} INFO - Filling up the DagBag from /home/airflow/.local/lib/python3.12/site-packages/airflow/example_dags/tutorial_dag.py
[2025-10-26T18:37:23.502+0000] {processor.py:840} INFO - DAG(s) 'tutorial_dag' retrieved from /home/airflow/.local/lib/python3.12/site-packages/airflow/example_dags/tutorial_dag.py
[2025-10-26T18:37:23.526+0000] {logging_mixin.py:188} INFO - [2025-10-26T18:37:23.526+0000] {dag.py:3096} INFO - Sync 1 DAGs
[2025-10-26T18:37:23.551+0000] {logging_mixin.py:188} INFO - [2025-10-26T18:37:23.550+0000] {dag.py:3954} INFO - Setting next_dagrun for tutorial_dag to None, run_after=None
[2025-10-26T18:37:23.588+0000] {processor.py:183} INFO - Processing /home/airflow/.local/lib/python3.12/site-packages/airflow/example_dags/tutorial_dag.py took 0.102 seconds
[2025-10-26T18:37:53.796+0000] {processor.py:161} INFO - Started process (PID=680) to work on /home/airflow/.local/lib/python3.12/site-packages/airflow/example_dags/tutorial_dag.py
[2025-10-26T18:37:53.798+0000] {processor.py:830} INFO - Processing file /home/airflow/.local/lib/python3.12/site-packages/airflow/example_dags/tutorial_dag.py for tasks to queue
[2025-10-26T18:37:53.801+0000] {logging_mixin.py:188} INFO - [2025-10-26T18:37:53.800+0000] {dagbag.py:540} INFO - Filling up the DagBag from /home/airflow/.local/lib/python3.12/site-packages/airflow/example_dags/tutorial_dag.py
[2025-10-26T18:37:53.809+0000] {processor.py:840} INFO - DAG(s) 'tutorial_dag' retrieved from /home/airflow/.local/lib/python3.12/site-packages/airflow/example_dags/tutorial_dag.py
[2025-10-26T18:37:53.836+0000] {logging_mixin.py:188} INFO - [2025-10-26T18:37:53.836+0000] {dag.py:3096} INFO - Sync 1 DAGs
[2025-10-26T18:37:53.854+0000] {logging_mixin.py:188} INFO - [2025-10-26T18:37:53.854+0000] {dag.py:3954} INFO - Setting next_dagrun for tutorial_dag to None, run_after=None
[2025-10-26T18:37:53.881+0000] {processor.py:183} INFO - Processing /home/airflow/.local/lib/python3.12/site-packages/airflow/example_dags/tutorial_dag.py took 0.094 seconds
[2025-10-26T18:38:24.726+0000] {processor.py:161} INFO - Started process (PID=736) to work on /home/airflow/.local/lib/python3.12/site-packages/airflow/example_dags/tutorial_dag.py
[2025-10-26T18:38:24.728+0000] {processor.py:830} INFO - Processing file /home/airflow/.local/lib/python3.12/site-packages/airflow/example_dags/tutorial_dag.py for tasks to queue
[2025-10-26T18:38:24.731+0000] {logging_mixin.py:188} INFO - [2025-10-26T18:38:24.730+0000] {dagbag.py:540} INFO - Filling up the DagBag from /home/airflow/.local/lib/python3.12/site-packages/airflow/example_dags/tutorial_dag.py
[2025-10-26T18:38:24.741+0000] {processor.py:840} INFO - DAG(s) 'tutorial_dag' retrieved from /home/airflow/.local/lib/python3.12/site-packages/airflow/example_dags/tutorial_dag.py
[2025-10-26T18:38:24.772+0000] {logging_mixin.py:188} INFO - [2025-10-26T18:38:24.771+0000] {dag.py:3096} INFO - Sync 1 DAGs
[2025-10-26T18:38:24.790+0000] {logging_mixin.py:188} INFO - [2025-10-26T18:38:24.790+0000] {dag.py:3954} INFO - Setting next_dagrun for tutorial_dag to None, run_after=None
[2025-10-26T18:38:24.815+0000] {processor.py:183} INFO - Processing /home/airflow/.local/lib/python3.12/site-packages/airflow/example_dags/tutorial_dag.py took 0.098 seconds
[2025-10-26T18:38:59.446+0000] {processor.py:161} INFO - Started process (PID=64) to work on /home/airflow/.local/lib/python3.12/site-packages/airflow/example_dags/tutorial_dag.py
[2025-10-26T18:38:59.448+0000] {processor.py:830} INFO - Processing file /home/airflow/.local/lib/python3.12/site-packages/airflow/example_dags/tutorial_dag.py for tasks to queue
[2025-10-26T18:38:59.451+0000] {logging_mixin.py:188} INFO - [2025-10-26T18:38:59.450+0000] {dagbag.py:540} INFO - Filling up the DagBag from /home/airflow/.local/lib/python3.12/site-packages/airflow/example_dags/tutorial_dag.py
[2025-10-26T18:38:59.461+0000] {processor.py:840} INFO - DAG(s) 'tutorial_dag' retrieved from /home/airflow/.local/lib/python3.12/site-packages/airflow/example_dags/tutorial_dag.py
[2025-10-26T18:38:59.495+0000] {logging_mixin.py:188} INFO - [2025-10-26T18:38:59.495+0000] {dag.py:3096} INFO - Sync 1 DAGs
[2025-10-26T18:38:59.513+0000] {logging_mixin.py:188} INFO - [2025-10-26T18:38:59.513+0000] {dag.py:3954} INFO - Setting next_dagrun for tutorial_dag to None, run_after=None
[2025-10-26T18:38:59.541+0000] {processor.py:183} INFO - Processing /home/airflow/.local/lib/python3.12/site-packages/airflow/example_dags/tutorial_dag.py took 0.103 seconds
[2025-10-26T18:39:30.500+0000] {processor.py:161} INFO - Started process (PID=120) to work on /home/airflow/.local/lib/python3.12/site-packages/airflow/example_dags/tutorial_dag.py
[2025-10-26T18:39:30.501+0000] {processor.py:830} INFO - Processing file /home/airflow/.local/lib/python3.12/site-packages/airflow/example_dags/tutorial_dag.py for tasks to queue
[2025-10-26T18:39:30.504+0000] {logging_mixin.py:188} INFO - [2025-10-26T18:39:30.503+0000] {dagbag.py:540} INFO - Filling up the DagBag from /home/airflow/.local/lib/python3.12/site-packages/airflow/example_dags/tutorial_dag.py
[2025-10-26T18:39:30.511+0000] {processor.py:840} INFO - DAG(s) 'tutorial_dag' retrieved from /home/airflow/.local/lib/python3.12/site-packages/airflow/example_dags/tutorial_dag.py
[2025-10-26T18:39:30.706+0000] {logging_mixin.py:188} INFO - [2025-10-26T18:39:30.705+0000] {dag.py:3096} INFO - Sync 1 DAGs
[2025-10-26T18:39:30.721+0000] {logging_mixin.py:188} INFO - [2025-10-26T18:39:30.721+0000] {dag.py:3954} INFO - Setting next_dagrun for tutorial_dag to None, run_after=None
[2025-10-26T18:39:30.754+0000] {processor.py:183} INFO - Processing /home/airflow/.local/lib/python3.12/site-packages/airflow/example_dags/tutorial_dag.py took 0.263 seconds
[2025-10-26T18:40:01.363+0000] {processor.py:161} INFO - Started process (PID=176) to work on /home/airflow/.local/lib/python3.12/site-packages/airflow/example_dags/tutorial_dag.py
[2025-10-26T18:40:01.365+0000] {processor.py:830} INFO - Processing file /home/airflow/.local/lib/python3.12/site-packages/airflow/example_dags/tutorial_dag.py for tasks to queue
[2025-10-26T18:40:01.368+0000] {logging_mixin.py:188} INFO - [2025-10-26T18:40:01.367+0000] {dagbag.py:540} INFO - Filling up the DagBag from /home/airflow/.local/lib/python3.12/site-packages/airflow/example_dags/tutorial_dag.py
[2025-10-26T18:40:01.376+0000] {processor.py:840} INFO - DAG(s) 'tutorial_dag' retrieved from /home/airflow/.local/lib/python3.12/site-packages/airflow/example_dags/tutorial_dag.py
[2025-10-26T18:40:01.406+0000] {logging_mixin.py:188} INFO - [2025-10-26T18:40:01.406+0000] {dag.py:3096} INFO - Sync 1 DAGs
[2025-10-26T18:40:01.425+0000] {logging_mixin.py:188} INFO - [2025-10-26T18:40:01.425+0000] {dag.py:3954} INFO - Setting next_dagrun for tutorial_dag to None, run_after=None
[2025-10-26T18:40:01.451+0000] {processor.py:183} INFO - Processing /home/airflow/.local/lib/python3.12/site-packages/airflow/example_dags/tutorial_dag.py took 0.097 seconds
[2025-10-26T18:40:31.609+0000] {processor.py:161} INFO - Started process (PID=232) to work on /home/airflow/.local/lib/python3.12/site-packages/airflow/example_dags/tutorial_dag.py
[2025-10-26T18:40:31.610+0000] {processor.py:830} INFO - Processing file /home/airflow/.local/lib/python3.12/site-packages/airflow/example_dags/tutorial_dag.py for tasks to queue
[2025-10-26T18:40:31.613+0000] {logging_mixin.py:188} INFO - [2025-10-26T18:40:31.612+0000] {dagbag.py:540} INFO - Filling up the DagBag from /home/airflow/.local/lib/python3.12/site-packages/airflow/example_dags/tutorial_dag.py
[2025-10-26T18:40:31.620+0000] {processor.py:840} INFO - DAG(s) 'tutorial_dag' retrieved from /home/airflow/.local/lib/python3.12/site-packages/airflow/example_dags/tutorial_dag.py
[2025-10-26T18:40:31.647+0000] {logging_mixin.py:188} INFO - [2025-10-26T18:40:31.646+0000] {dag.py:3096} INFO - Sync 1 DAGs
[2025-10-26T18:40:31.666+0000] {logging_mixin.py:188} INFO - [2025-10-26T18:40:31.665+0000] {dag.py:3954} INFO - Setting next_dagrun for tutorial_dag to None, run_after=None
[2025-10-26T18:40:31.691+0000] {processor.py:183} INFO - Processing /home/airflow/.local/lib/python3.12/site-packages/airflow/example_dags/tutorial_dag.py took 0.090 seconds
[2025-10-26T18:41:01.910+0000] {processor.py:161} INFO - Started process (PID=288) to work on /home/airflow/.local/lib/python3.12/site-packages/airflow/example_dags/tutorial_dag.py
[2025-10-26T18:41:01.912+0000] {processor.py:830} INFO - Processing file /home/airflow/.local/lib/python3.12/site-packages/airflow/example_dags/tutorial_dag.py for tasks to queue
[2025-10-26T18:41:01.915+0000] {logging_mixin.py:188} INFO - [2025-10-26T18:41:01.914+0000] {dagbag.py:540} INFO - Filling up the DagBag from /home/airflow/.local/lib/python3.12/site-packages/airflow/example_dags/tutorial_dag.py
[2025-10-26T18:41:01.923+0000] {processor.py:840} INFO - DAG(s) 'tutorial_dag' retrieved from /home/airflow/.local/lib/python3.12/site-packages/airflow/example_dags/tutorial_dag.py
[2025-10-26T18:41:01.952+0000] {logging_mixin.py:188} INFO - [2025-10-26T18:41:01.952+0000] {dag.py:3096} INFO - Sync 1 DAGs
[2025-10-26T18:41:01.971+0000] {logging_mixin.py:188} INFO - [2025-10-26T18:41:01.970+0000] {dag.py:3954} INFO - Setting next_dagrun for tutorial_dag to None, run_after=None
[2025-10-26T18:41:01.998+0000] {processor.py:183} INFO - Processing /home/airflow/.local/lib/python3.12/site-packages/airflow/example_dags/tutorial_dag.py took 0.097 seconds
[2025-10-26T18:41:32.269+0000] {processor.py:161} INFO - Started process (PID=344) to work on /home/airflow/.local/lib/python3.12/site-packages/airflow/example_dags/tutorial_dag.py
[2025-10-26T18:41:32.270+0000] {processor.py:830} INFO - Processing file /home/airflow/.local/lib/python3.12/site-packages/airflow/example_dags/tutorial_dag.py for tasks to queue
[2025-10-26T18:41:32.272+0000] {logging_mixin.py:188} INFO - [2025-10-26T18:41:32.272+0000] {dagbag.py:540} INFO - Filling up the DagBag from /home/airflow/.local/lib/python3.12/site-packages/airflow/example_dags/tutorial_dag.py
[2025-10-26T18:41:32.280+0000] {processor.py:840} INFO - DAG(s) 'tutorial_dag' retrieved from /home/airflow/.local/lib/python3.12/site-packages/airflow/example_dags/tutorial_dag.py
[2025-10-26T18:41:32.314+0000] {logging_mixin.py:188} INFO - [2025-10-26T18:41:32.313+0000] {dag.py:3096} INFO - Sync 1 DAGs
[2025-10-26T18:41:32.337+0000] {logging_mixin.py:188} INFO - [2025-10-26T18:41:32.337+0000] {dag.py:3954} INFO - Setting next_dagrun for tutorial_dag to None, run_after=None
[2025-10-26T18:41:32.364+0000] {processor.py:183} INFO - Processing /home/airflow/.local/lib/python3.12/site-packages/airflow/example_dags/tutorial_dag.py took 0.104 seconds
[2025-10-26T18:42:02.566+0000] {processor.py:161} INFO - Started process (PID=400) to work on /home/airflow/.local/lib/python3.12/site-packages/airflow/example_dags/tutorial_dag.py
[2025-10-26T18:42:02.567+0000] {processor.py:830} INFO - Processing file /home/airflow/.local/lib/python3.12/site-packages/airflow/example_dags/tutorial_dag.py for tasks to queue
[2025-10-26T18:42:02.570+0000] {logging_mixin.py:188} INFO - [2025-10-26T18:42:02.570+0000] {dagbag.py:540} INFO - Filling up the DagBag from /home/airflow/.local/lib/python3.12/site-packages/airflow/example_dags/tutorial_dag.py
[2025-10-26T18:42:02.578+0000] {processor.py:840} INFO - DAG(s) 'tutorial_dag' retrieved from /home/airflow/.local/lib/python3.12/site-packages/airflow/example_dags/tutorial_dag.py
[2025-10-26T18:42:02.605+0000] {logging_mixin.py:188} INFO - [2025-10-26T18:42:02.604+0000] {dag.py:3096} INFO - Sync 1 DAGs
[2025-10-26T18:42:02.622+0000] {logging_mixin.py:188} INFO - [2025-10-26T18:42:02.622+0000] {dag.py:3954} INFO - Setting next_dagrun for tutorial_dag to None, run_after=None
[2025-10-26T18:42:02.647+0000] {processor.py:183} INFO - Processing /home/airflow/.local/lib/python3.12/site-packages/airflow/example_dags/tutorial_dag.py took 0.090 seconds
[2025-10-26T18:42:32.859+0000] {processor.py:161} INFO - Started process (PID=456) to work on /home/airflow/.local/lib/python3.12/site-packages/airflow/example_dags/tutorial_dag.py
[2025-10-26T18:42:32.860+0000] {processor.py:830} INFO - Processing file /home/airflow/.local/lib/python3.12/site-packages/airflow/example_dags/tutorial_dag.py for tasks to queue
[2025-10-26T18:42:32.862+0000] {logging_mixin.py:188} INFO - [2025-10-26T18:42:32.862+0000] {dagbag.py:540} INFO - Filling up the DagBag from /home/airflow/.local/lib/python3.12/site-packages/airflow/example_dags/tutorial_dag.py
[2025-10-26T18:42:32.870+0000] {processor.py:840} INFO - DAG(s) 'tutorial_dag' retrieved from /home/airflow/.local/lib/python3.12/site-packages/airflow/example_dags/tutorial_dag.py
[2025-10-26T18:42:32.899+0000] {logging_mixin.py:188} INFO - [2025-10-26T18:42:32.898+0000] {dag.py:3096} INFO - Sync 1 DAGs
[2025-10-26T18:42:32.916+0000] {logging_mixin.py:188} INFO - [2025-10-26T18:42:32.916+0000] {dag.py:3954} INFO - Setting next_dagrun for tutorial_dag to None, run_after=None
[2025-10-26T18:42:32.943+0000] {processor.py:183} INFO - Processing /home/airflow/.local/lib/python3.12/site-packages/airflow/example_dags/tutorial_dag.py took 0.094 seconds
[2025-10-26T18:43:03.041+0000] {processor.py:161} INFO - Started process (PID=512) to work on /home/airflow/.local/lib/python3.12/site-packages/airflow/example_dags/tutorial_dag.py
[2025-10-26T18:43:03.042+0000] {processor.py:830} INFO - Processing file /home/airflow/.local/lib/python3.12/site-packages/airflow/example_dags/tutorial_dag.py for tasks to queue
[2025-10-26T18:43:03.044+0000] {logging_mixin.py:188} INFO - [2025-10-26T18:43:03.044+0000] {dagbag.py:540} INFO - Filling up the DagBag from /home/airflow/.local/lib/python3.12/site-packages/airflow/example_dags/tutorial_dag.py
[2025-10-26T18:43:03.052+0000] {processor.py:840} INFO - DAG(s) 'tutorial_dag' retrieved from /home/airflow/.local/lib/python3.12/site-packages/airflow/example_dags/tutorial_dag.py
[2025-10-26T18:43:03.078+0000] {logging_mixin.py:188} INFO - [2025-10-26T18:43:03.078+0000] {dag.py:3096} INFO - Sync 1 DAGs
[2025-10-26T18:43:03.096+0000] {logging_mixin.py:188} INFO - [2025-10-26T18:43:03.096+0000] {dag.py:3954} INFO - Setting next_dagrun for tutorial_dag to None, run_after=None
[2025-10-26T18:43:03.122+0000] {processor.py:183} INFO - Processing /home/airflow/.local/lib/python3.12/site-packages/airflow/example_dags/tutorial_dag.py took 0.092 seconds
[2025-10-26T18:43:33.380+0000] {processor.py:161} INFO - Started process (PID=568) to work on /home/airflow/.local/lib/python3.12/site-packages/airflow/example_dags/tutorial_dag.py
[2025-10-26T18:43:33.381+0000] {processor.py:830} INFO - Processing file /home/airflow/.local/lib/python3.12/site-packages/airflow/example_dags/tutorial_dag.py for tasks to queue
[2025-10-26T18:43:33.383+0000] {logging_mixin.py:188} INFO - [2025-10-26T18:43:33.383+0000] {dagbag.py:540} INFO - Filling up the DagBag from /home/airflow/.local/lib/python3.12/site-packages/airflow/example_dags/tutorial_dag.py
[2025-10-26T18:43:33.390+0000] {processor.py:840} INFO - DAG(s) 'tutorial_dag' retrieved from /home/airflow/.local/lib/python3.12/site-packages/airflow/example_dags/tutorial_dag.py
[2025-10-26T18:43:33.419+0000] {logging_mixin.py:188} INFO - [2025-10-26T18:43:33.419+0000] {dag.py:3096} INFO - Sync 1 DAGs
[2025-10-26T18:43:33.436+0000] {logging_mixin.py:188} INFO - [2025-10-26T18:43:33.436+0000] {dag.py:3954} INFO - Setting next_dagrun for tutorial_dag to None, run_after=None
[2025-10-26T18:43:33.460+0000] {processor.py:183} INFO - Processing /home/airflow/.local/lib/python3.12/site-packages/airflow/example_dags/tutorial_dag.py took 0.089 seconds
[2025-10-26T18:44:03.628+0000] {processor.py:161} INFO - Started process (PID=624) to work on /home/airflow/.local/lib/python3.12/site-packages/airflow/example_dags/tutorial_dag.py
[2025-10-26T18:44:03.629+0000] {processor.py:830} INFO - Processing file /home/airflow/.local/lib/python3.12/site-packages/airflow/example_dags/tutorial_dag.py for tasks to queue
[2025-10-26T18:44:03.632+0000] {logging_mixin.py:188} INFO - [2025-10-26T18:44:03.631+0000] {dagbag.py:540} INFO - Filling up the DagBag from /home/airflow/.local/lib/python3.12/site-packages/airflow/example_dags/tutorial_dag.py
[2025-10-26T18:44:03.639+0000] {processor.py:840} INFO - DAG(s) 'tutorial_dag' retrieved from /home/airflow/.local/lib/python3.12/site-packages/airflow/example_dags/tutorial_dag.py
[2025-10-26T18:44:03.665+0000] {logging_mixin.py:188} INFO - [2025-10-26T18:44:03.664+0000] {dag.py:3096} INFO - Sync 1 DAGs
[2025-10-26T18:44:03.681+0000] {logging_mixin.py:188} INFO - [2025-10-26T18:44:03.681+0000] {dag.py:3954} INFO - Setting next_dagrun for tutorial_dag to None, run_after=None
[2025-10-26T18:44:03.706+0000] {processor.py:183} INFO - Processing /home/airflow/.local/lib/python3.12/site-packages/airflow/example_dags/tutorial_dag.py took 0.088 seconds
[2025-10-26T18:44:33.898+0000] {processor.py:161} INFO - Started process (PID=680) to work on /home/airflow/.local/lib/python3.12/site-packages/airflow/example_dags/tutorial_dag.py
[2025-10-26T18:44:33.899+0000] {processor.py:830} INFO - Processing file /home/airflow/.local/lib/python3.12/site-packages/airflow/example_dags/tutorial_dag.py for tasks to queue
[2025-10-26T18:44:33.902+0000] {logging_mixin.py:188} INFO - [2025-10-26T18:44:33.901+0000] {dagbag.py:540} INFO - Filling up the DagBag from /home/airflow/.local/lib/python3.12/site-packages/airflow/example_dags/tutorial_dag.py
[2025-10-26T18:44:33.909+0000] {processor.py:840} INFO - DAG(s) 'tutorial_dag' retrieved from /home/airflow/.local/lib/python3.12/site-packages/airflow/example_dags/tutorial_dag.py
[2025-10-26T18:44:33.936+0000] {logging_mixin.py:188} INFO - [2025-10-26T18:44:33.936+0000] {dag.py:3096} INFO - Sync 1 DAGs
[2025-10-26T18:44:33.952+0000] {logging_mixin.py:188} INFO - [2025-10-26T18:44:33.952+0000] {dag.py:3954} INFO - Setting next_dagrun for tutorial_dag to None, run_after=None
[2025-10-26T18:44:33.980+0000] {processor.py:183} INFO - Processing /home/airflow/.local/lib/python3.12/site-packages/airflow/example_dags/tutorial_dag.py took 0.090 seconds
[2025-10-26T18:45:04.190+0000] {processor.py:161} INFO - Started process (PID=736) to work on /home/airflow/.local/lib/python3.12/site-packages/airflow/example_dags/tutorial_dag.py
[2025-10-26T18:45:04.192+0000] {processor.py:830} INFO - Processing file /home/airflow/.local/lib/python3.12/site-packages/airflow/example_dags/tutorial_dag.py for tasks to queue
[2025-10-26T18:45:04.194+0000] {logging_mixin.py:188} INFO - [2025-10-26T18:45:04.194+0000] {dagbag.py:540} INFO - Filling up the DagBag from /home/airflow/.local/lib/python3.12/site-packages/airflow/example_dags/tutorial_dag.py
[2025-10-26T18:45:04.203+0000] {processor.py:840} INFO - DAG(s) 'tutorial_dag' retrieved from /home/airflow/.local/lib/python3.12/site-packages/airflow/example_dags/tutorial_dag.py
[2025-10-26T18:45:04.230+0000] {logging_mixin.py:188} INFO - [2025-10-26T18:45:04.229+0000] {dag.py:3096} INFO - Sync 1 DAGs
[2025-10-26T18:45:04.247+0000] {logging_mixin.py:188} INFO - [2025-10-26T18:45:04.247+0000] {dag.py:3954} INFO - Setting next_dagrun for tutorial_dag to None, run_after=None
[2025-10-26T18:45:04.274+0000] {processor.py:183} INFO - Processing /home/airflow/.local/lib/python3.12/site-packages/airflow/example_dags/tutorial_dag.py took 0.093 seconds
[2025-10-26T18:45:34.468+0000] {processor.py:161} INFO - Started process (PID=792) to work on /home/airflow/.local/lib/python3.12/site-packages/airflow/example_dags/tutorial_dag.py
[2025-10-26T18:45:34.469+0000] {processor.py:830} INFO - Processing file /home/airflow/.local/lib/python3.12/site-packages/airflow/example_dags/tutorial_dag.py for tasks to queue
[2025-10-26T18:45:34.472+0000] {logging_mixin.py:188} INFO - [2025-10-26T18:45:34.471+0000] {dagbag.py:540} INFO - Filling up the DagBag from /home/airflow/.local/lib/python3.12/site-packages/airflow/example_dags/tutorial_dag.py
[2025-10-26T18:45:34.479+0000] {processor.py:840} INFO - DAG(s) 'tutorial_dag' retrieved from /home/airflow/.local/lib/python3.12/site-packages/airflow/example_dags/tutorial_dag.py
[2025-10-26T18:45:34.505+0000] {logging_mixin.py:188} INFO - [2025-10-26T18:45:34.505+0000] {dag.py:3096} INFO - Sync 1 DAGs
[2025-10-26T18:45:34.522+0000] {logging_mixin.py:188} INFO - [2025-10-26T18:45:34.521+0000] {dag.py:3954} INFO - Setting next_dagrun for tutorial_dag to None, run_after=None
[2025-10-26T18:45:34.547+0000] {processor.py:183} INFO - Processing /home/airflow/.local/lib/python3.12/site-packages/airflow/example_dags/tutorial_dag.py took 0.088 seconds
[2025-10-26T18:46:04.719+0000] {processor.py:161} INFO - Started process (PID=848) to work on /home/airflow/.local/lib/python3.12/site-packages/airflow/example_dags/tutorial_dag.py
[2025-10-26T18:46:04.720+0000] {processor.py:830} INFO - Processing file /home/airflow/.local/lib/python3.12/site-packages/airflow/example_dags/tutorial_dag.py for tasks to queue
[2025-10-26T18:46:04.723+0000] {logging_mixin.py:188} INFO - [2025-10-26T18:46:04.723+0000] {dagbag.py:540} INFO - Filling up the DagBag from /home/airflow/.local/lib/python3.12/site-packages/airflow/example_dags/tutorial_dag.py
[2025-10-26T18:46:04.731+0000] {processor.py:840} INFO - DAG(s) 'tutorial_dag' retrieved from /home/airflow/.local/lib/python3.12/site-packages/airflow/example_dags/tutorial_dag.py
[2025-10-26T18:46:04.761+0000] {logging_mixin.py:188} INFO - [2025-10-26T18:46:04.761+0000] {dag.py:3096} INFO - Sync 1 DAGs
[2025-10-26T18:46:04.780+0000] {logging_mixin.py:188} INFO - [2025-10-26T18:46:04.779+0000] {dag.py:3954} INFO - Setting next_dagrun for tutorial_dag to None, run_after=None
[2025-10-26T18:46:04.807+0000] {processor.py:183} INFO - Processing /home/airflow/.local/lib/python3.12/site-packages/airflow/example_dags/tutorial_dag.py took 0.097 seconds
[2025-10-26T18:46:35.017+0000] {processor.py:161} INFO - Started process (PID=904) to work on /home/airflow/.local/lib/python3.12/site-packages/airflow/example_dags/tutorial_dag.py
[2025-10-26T18:46:35.018+0000] {processor.py:830} INFO - Processing file /home/airflow/.local/lib/python3.12/site-packages/airflow/example_dags/tutorial_dag.py for tasks to queue
[2025-10-26T18:46:35.021+0000] {logging_mixin.py:188} INFO - [2025-10-26T18:46:35.020+0000] {dagbag.py:540} INFO - Filling up the DagBag from /home/airflow/.local/lib/python3.12/site-packages/airflow/example_dags/tutorial_dag.py
[2025-10-26T18:46:35.028+0000] {processor.py:840} INFO - DAG(s) 'tutorial_dag' retrieved from /home/airflow/.local/lib/python3.12/site-packages/airflow/example_dags/tutorial_dag.py
[2025-10-26T18:46:35.057+0000] {logging_mixin.py:188} INFO - [2025-10-26T18:46:35.057+0000] {dag.py:3096} INFO - Sync 1 DAGs
[2025-10-26T18:46:35.076+0000] {logging_mixin.py:188} INFO - [2025-10-26T18:46:35.076+0000] {dag.py:3954} INFO - Setting next_dagrun for tutorial_dag to None, run_after=None
[2025-10-26T18:46:35.104+0000] {processor.py:183} INFO - Processing /home/airflow/.local/lib/python3.12/site-packages/airflow/example_dags/tutorial_dag.py took 0.095 seconds
[2025-10-26T18:47:05.168+0000] {processor.py:161} INFO - Started process (PID=960) to work on /home/airflow/.local/lib/python3.12/site-packages/airflow/example_dags/tutorial_dag.py
[2025-10-26T18:47:05.170+0000] {processor.py:830} INFO - Processing file /home/airflow/.local/lib/python3.12/site-packages/airflow/example_dags/tutorial_dag.py for tasks to queue
[2025-10-26T18:47:05.172+0000] {logging_mixin.py:188} INFO - [2025-10-26T18:47:05.172+0000] {dagbag.py:540} INFO - Filling up the DagBag from /home/airflow/.local/lib/python3.12/site-packages/airflow/example_dags/tutorial_dag.py
[2025-10-26T18:47:05.179+0000] {processor.py:840} INFO - DAG(s) 'tutorial_dag' retrieved from /home/airflow/.local/lib/python3.12/site-packages/airflow/example_dags/tutorial_dag.py
[2025-10-26T18:47:05.205+0000] {logging_mixin.py:188} INFO - [2025-10-26T18:47:05.205+0000] {dag.py:3096} INFO - Sync 1 DAGs
[2025-10-26T18:47:05.220+0000] {logging_mixin.py:188} INFO - [2025-10-26T18:47:05.220+0000] {dag.py:3954} INFO - Setting next_dagrun for tutorial_dag to None, run_after=None
[2025-10-26T18:47:05.247+0000] {processor.py:183} INFO - Processing /home/airflow/.local/lib/python3.12/site-packages/airflow/example_dags/tutorial_dag.py took 0.088 seconds
[2025-10-26T18:47:35.372+0000] {processor.py:161} INFO - Started process (PID=1015) to work on /home/airflow/.local/lib/python3.12/site-packages/airflow/example_dags/tutorial_dag.py
[2025-10-26T18:47:35.373+0000] {processor.py:830} INFO - Processing file /home/airflow/.local/lib/python3.12/site-packages/airflow/example_dags/tutorial_dag.py for tasks to queue
[2025-10-26T18:47:35.376+0000] {logging_mixin.py:188} INFO - [2025-10-26T18:47:35.375+0000] {dagbag.py:540} INFO - Filling up the DagBag from /home/airflow/.local/lib/python3.12/site-packages/airflow/example_dags/tutorial_dag.py
[2025-10-26T18:47:35.383+0000] {processor.py:840} INFO - DAG(s) 'tutorial_dag' retrieved from /home/airflow/.local/lib/python3.12/site-packages/airflow/example_dags/tutorial_dag.py
[2025-10-26T18:47:35.409+0000] {logging_mixin.py:188} INFO - [2025-10-26T18:47:35.409+0000] {dag.py:3096} INFO - Sync 1 DAGs
[2025-10-26T18:47:35.428+0000] {logging_mixin.py:188} INFO - [2025-10-26T18:47:35.427+0000] {dag.py:3954} INFO - Setting next_dagrun for tutorial_dag to None, run_after=None
[2025-10-26T18:47:35.454+0000] {processor.py:183} INFO - Processing /home/airflow/.local/lib/python3.12/site-packages/airflow/example_dags/tutorial_dag.py took 0.090 seconds
[2025-10-26T18:48:05.498+0000] {processor.py:161} INFO - Started process (PID=1071) to work on /home/airflow/.local/lib/python3.12/site-packages/airflow/example_dags/tutorial_dag.py
[2025-10-26T18:48:05.499+0000] {processor.py:830} INFO - Processing file /home/airflow/.local/lib/python3.12/site-packages/airflow/example_dags/tutorial_dag.py for tasks to queue
[2025-10-26T18:48:05.502+0000] {logging_mixin.py:188} INFO - [2025-10-26T18:48:05.501+0000] {dagbag.py:540} INFO - Filling up the DagBag from /home/airflow/.local/lib/python3.12/site-packages/airflow/example_dags/tutorial_dag.py
[2025-10-26T18:48:05.508+0000] {processor.py:840} INFO - DAG(s) 'tutorial_dag' retrieved from /home/airflow/.local/lib/python3.12/site-packages/airflow/example_dags/tutorial_dag.py
[2025-10-26T18:48:05.533+0000] {logging_mixin.py:188} INFO - [2025-10-26T18:48:05.533+0000] {dag.py:3096} INFO - Sync 1 DAGs
[2025-10-26T18:48:05.548+0000] {logging_mixin.py:188} INFO - [2025-10-26T18:48:05.548+0000] {dag.py:3954} INFO - Setting next_dagrun for tutorial_dag to None, run_after=None
[2025-10-26T18:48:05.569+0000] {processor.py:183} INFO - Processing /home/airflow/.local/lib/python3.12/site-packages/airflow/example_dags/tutorial_dag.py took 0.079 seconds
[2025-10-26T18:48:35.641+0000] {processor.py:161} INFO - Started process (PID=1127) to work on /home/airflow/.local/lib/python3.12/site-packages/airflow/example_dags/tutorial_dag.py
[2025-10-26T18:48:35.642+0000] {processor.py:830} INFO - Processing file /home/airflow/.local/lib/python3.12/site-packages/airflow/example_dags/tutorial_dag.py for tasks to queue
[2025-10-26T18:48:35.645+0000] {logging_mixin.py:188} INFO - [2025-10-26T18:48:35.644+0000] {dagbag.py:540} INFO - Filling up the DagBag from /home/airflow/.local/lib/python3.12/site-packages/airflow/example_dags/tutorial_dag.py
[2025-10-26T18:48:35.653+0000] {processor.py:840} INFO - DAG(s) 'tutorial_dag' retrieved from /home/airflow/.local/lib/python3.12/site-packages/airflow/example_dags/tutorial_dag.py
[2025-10-26T18:48:35.679+0000] {logging_mixin.py:188} INFO - [2025-10-26T18:48:35.679+0000] {dag.py:3096} INFO - Sync 1 DAGs
[2025-10-26T18:48:35.699+0000] {logging_mixin.py:188} INFO - [2025-10-26T18:48:35.698+0000] {dag.py:3954} INFO - Setting next_dagrun for tutorial_dag to None, run_after=None
[2025-10-26T18:48:35.723+0000] {processor.py:183} INFO - Processing /home/airflow/.local/lib/python3.12/site-packages/airflow/example_dags/tutorial_dag.py took 0.091 seconds
[2025-10-26T18:49:05.998+0000] {processor.py:161} INFO - Started process (PID=1183) to work on /home/airflow/.local/lib/python3.12/site-packages/airflow/example_dags/tutorial_dag.py
[2025-10-26T18:49:06.000+0000] {processor.py:830} INFO - Processing file /home/airflow/.local/lib/python3.12/site-packages/airflow/example_dags/tutorial_dag.py for tasks to queue
[2025-10-26T18:49:06.002+0000] {logging_mixin.py:188} INFO - [2025-10-26T18:49:06.002+0000] {dagbag.py:540} INFO - Filling up the DagBag from /home/airflow/.local/lib/python3.12/site-packages/airflow/example_dags/tutorial_dag.py
[2025-10-26T18:49:06.009+0000] {processor.py:840} INFO - DAG(s) 'tutorial_dag' retrieved from /home/airflow/.local/lib/python3.12/site-packages/airflow/example_dags/tutorial_dag.py
[2025-10-26T18:49:06.036+0000] {logging_mixin.py:188} INFO - [2025-10-26T18:49:06.035+0000] {dag.py:3096} INFO - Sync 1 DAGs
[2025-10-26T18:49:06.051+0000] {logging_mixin.py:188} INFO - [2025-10-26T18:49:06.051+0000] {dag.py:3954} INFO - Setting next_dagrun for tutorial_dag to None, run_after=None
[2025-10-26T18:49:06.077+0000] {processor.py:183} INFO - Processing /home/airflow/.local/lib/python3.12/site-packages/airflow/example_dags/tutorial_dag.py took 0.087 seconds
[2025-10-26T18:49:36.127+0000] {processor.py:161} INFO - Started process (PID=1239) to work on /home/airflow/.local/lib/python3.12/site-packages/airflow/example_dags/tutorial_dag.py
[2025-10-26T18:49:36.128+0000] {processor.py:830} INFO - Processing file /home/airflow/.local/lib/python3.12/site-packages/airflow/example_dags/tutorial_dag.py for tasks to queue
[2025-10-26T18:49:36.131+0000] {logging_mixin.py:188} INFO - [2025-10-26T18:49:36.131+0000] {dagbag.py:540} INFO - Filling up the DagBag from /home/airflow/.local/lib/python3.12/site-packages/airflow/example_dags/tutorial_dag.py
[2025-10-26T18:49:36.138+0000] {processor.py:840} INFO - DAG(s) 'tutorial_dag' retrieved from /home/airflow/.local/lib/python3.12/site-packages/airflow/example_dags/tutorial_dag.py
[2025-10-26T18:49:36.164+0000] {logging_mixin.py:188} INFO - [2025-10-26T18:49:36.163+0000] {dag.py:3096} INFO - Sync 1 DAGs
[2025-10-26T18:49:36.179+0000] {logging_mixin.py:188} INFO - [2025-10-26T18:49:36.178+0000] {dag.py:3954} INFO - Setting next_dagrun for tutorial_dag to None, run_after=None
[2025-10-26T18:49:36.200+0000] {processor.py:183} INFO - Processing /home/airflow/.local/lib/python3.12/site-packages/airflow/example_dags/tutorial_dag.py took 0.081 seconds
[2025-10-26T18:50:06.440+0000] {processor.py:161} INFO - Started process (PID=1295) to work on /home/airflow/.local/lib/python3.12/site-packages/airflow/example_dags/tutorial_dag.py
[2025-10-26T18:50:06.441+0000] {processor.py:830} INFO - Processing file /home/airflow/.local/lib/python3.12/site-packages/airflow/example_dags/tutorial_dag.py for tasks to queue
[2025-10-26T18:50:06.444+0000] {logging_mixin.py:188} INFO - [2025-10-26T18:50:06.443+0000] {dagbag.py:540} INFO - Filling up the DagBag from /home/airflow/.local/lib/python3.12/site-packages/airflow/example_dags/tutorial_dag.py
[2025-10-26T18:50:06.450+0000] {processor.py:840} INFO - DAG(s) 'tutorial_dag' retrieved from /home/airflow/.local/lib/python3.12/site-packages/airflow/example_dags/tutorial_dag.py
[2025-10-26T18:50:06.477+0000] {logging_mixin.py:188} INFO - [2025-10-26T18:50:06.477+0000] {dag.py:3096} INFO - Sync 1 DAGs
[2025-10-26T18:50:06.493+0000] {logging_mixin.py:188} INFO - [2025-10-26T18:50:06.492+0000] {dag.py:3954} INFO - Setting next_dagrun for tutorial_dag to None, run_after=None
[2025-10-26T18:50:06.516+0000] {processor.py:183} INFO - Processing /home/airflow/.local/lib/python3.12/site-packages/airflow/example_dags/tutorial_dag.py took 0.084 seconds
[2025-10-26T18:50:36.718+0000] {processor.py:161} INFO - Started process (PID=1351) to work on /home/airflow/.local/lib/python3.12/site-packages/airflow/example_dags/tutorial_dag.py
[2025-10-26T18:50:36.719+0000] {processor.py:830} INFO - Processing file /home/airflow/.local/lib/python3.12/site-packages/airflow/example_dags/tutorial_dag.py for tasks to queue
[2025-10-26T18:50:36.722+0000] {logging_mixin.py:188} INFO - [2025-10-26T18:50:36.722+0000] {dagbag.py:540} INFO - Filling up the DagBag from /home/airflow/.local/lib/python3.12/site-packages/airflow/example_dags/tutorial_dag.py
[2025-10-26T18:50:36.729+0000] {processor.py:840} INFO - DAG(s) 'tutorial_dag' retrieved from /home/airflow/.local/lib/python3.12/site-packages/airflow/example_dags/tutorial_dag.py
[2025-10-26T18:50:36.757+0000] {logging_mixin.py:188} INFO - [2025-10-26T18:50:36.757+0000] {dag.py:3096} INFO - Sync 1 DAGs
[2025-10-26T18:50:36.775+0000] {logging_mixin.py:188} INFO - [2025-10-26T18:50:36.775+0000] {dag.py:3954} INFO - Setting next_dagrun for tutorial_dag to None, run_after=None
[2025-10-26T18:50:36.800+0000] {processor.py:183} INFO - Processing /home/airflow/.local/lib/python3.12/site-packages/airflow/example_dags/tutorial_dag.py took 0.092 seconds
[2025-10-26T18:51:07.027+0000] {processor.py:161} INFO - Started process (PID=1407) to work on /home/airflow/.local/lib/python3.12/site-packages/airflow/example_dags/tutorial_dag.py
[2025-10-26T18:51:07.028+0000] {processor.py:830} INFO - Processing file /home/airflow/.local/lib/python3.12/site-packages/airflow/example_dags/tutorial_dag.py for tasks to queue
[2025-10-26T18:51:07.031+0000] {logging_mixin.py:188} INFO - [2025-10-26T18:51:07.031+0000] {dagbag.py:540} INFO - Filling up the DagBag from /home/airflow/.local/lib/python3.12/site-packages/airflow/example_dags/tutorial_dag.py
[2025-10-26T18:51:07.039+0000] {processor.py:840} INFO - DAG(s) 'tutorial_dag' retrieved from /home/airflow/.local/lib/python3.12/site-packages/airflow/example_dags/tutorial_dag.py
[2025-10-26T18:51:07.067+0000] {logging_mixin.py:188} INFO - [2025-10-26T18:51:07.066+0000] {dag.py:3096} INFO - Sync 1 DAGs
[2025-10-26T18:51:07.086+0000] {logging_mixin.py:188} INFO - [2025-10-26T18:51:07.085+0000] {dag.py:3954} INFO - Setting next_dagrun for tutorial_dag to None, run_after=None
[2025-10-26T18:51:07.114+0000] {processor.py:183} INFO - Processing /home/airflow/.local/lib/python3.12/site-packages/airflow/example_dags/tutorial_dag.py took 0.096 seconds
[2025-10-26T18:54:40.627+0000] {processor.py:161} INFO - Started process (PID=64) to work on /home/airflow/.local/lib/python3.12/site-packages/airflow/example_dags/tutorial_dag.py
[2025-10-26T18:54:40.628+0000] {processor.py:830} INFO - Processing file /home/airflow/.local/lib/python3.12/site-packages/airflow/example_dags/tutorial_dag.py for tasks to queue
[2025-10-26T18:54:40.632+0000] {logging_mixin.py:188} INFO - [2025-10-26T18:54:40.631+0000] {dagbag.py:540} INFO - Filling up the DagBag from /home/airflow/.local/lib/python3.12/site-packages/airflow/example_dags/tutorial_dag.py
[2025-10-26T18:54:40.645+0000] {processor.py:840} INFO - DAG(s) 'tutorial_dag' retrieved from /home/airflow/.local/lib/python3.12/site-packages/airflow/example_dags/tutorial_dag.py
[2025-10-26T18:54:40.672+0000] {logging_mixin.py:188} INFO - [2025-10-26T18:54:40.672+0000] {dag.py:3096} INFO - Sync 1 DAGs
[2025-10-26T18:54:40.705+0000] {logging_mixin.py:188} INFO - [2025-10-26T18:54:40.704+0000] {dag.py:3954} INFO - Setting next_dagrun for tutorial_dag to None, run_after=None
[2025-10-26T18:54:40.753+0000] {processor.py:183} INFO - Processing /home/airflow/.local/lib/python3.12/site-packages/airflow/example_dags/tutorial_dag.py took 0.141 seconds
[2025-10-26T18:55:11.916+0000] {processor.py:161} INFO - Started process (PID=120) to work on /home/airflow/.local/lib/python3.12/site-packages/airflow/example_dags/tutorial_dag.py
[2025-10-26T18:55:11.918+0000] {processor.py:830} INFO - Processing file /home/airflow/.local/lib/python3.12/site-packages/airflow/example_dags/tutorial_dag.py for tasks to queue
[2025-10-26T18:55:11.921+0000] {logging_mixin.py:188} INFO - [2025-10-26T18:55:11.920+0000] {dagbag.py:540} INFO - Filling up the DagBag from /home/airflow/.local/lib/python3.12/site-packages/airflow/example_dags/tutorial_dag.py
[2025-10-26T18:55:11.929+0000] {processor.py:840} INFO - DAG(s) 'tutorial_dag' retrieved from /home/airflow/.local/lib/python3.12/site-packages/airflow/example_dags/tutorial_dag.py
[2025-10-26T18:55:12.064+0000] {logging_mixin.py:188} INFO - [2025-10-26T18:55:12.064+0000] {dag.py:3096} INFO - Sync 1 DAGs
[2025-10-26T18:55:12.082+0000] {logging_mixin.py:188} INFO - [2025-10-26T18:55:12.081+0000] {dag.py:3954} INFO - Setting next_dagrun for tutorial_dag to None, run_after=None
[2025-10-26T18:55:12.111+0000] {processor.py:183} INFO - Processing /home/airflow/.local/lib/python3.12/site-packages/airflow/example_dags/tutorial_dag.py took 0.203 seconds
[2025-10-26T18:55:42.799+0000] {processor.py:161} INFO - Started process (PID=176) to work on /home/airflow/.local/lib/python3.12/site-packages/airflow/example_dags/tutorial_dag.py
[2025-10-26T18:55:42.802+0000] {processor.py:830} INFO - Processing file /home/airflow/.local/lib/python3.12/site-packages/airflow/example_dags/tutorial_dag.py for tasks to queue
[2025-10-26T18:55:42.805+0000] {logging_mixin.py:188} INFO - [2025-10-26T18:55:42.805+0000] {dagbag.py:540} INFO - Filling up the DagBag from /home/airflow/.local/lib/python3.12/site-packages/airflow/example_dags/tutorial_dag.py
[2025-10-26T18:55:42.815+0000] {processor.py:840} INFO - DAG(s) 'tutorial_dag' retrieved from /home/airflow/.local/lib/python3.12/site-packages/airflow/example_dags/tutorial_dag.py
[2025-10-26T18:55:42.852+0000] {logging_mixin.py:188} INFO - [2025-10-26T18:55:42.851+0000] {dag.py:3096} INFO - Sync 1 DAGs
[2025-10-26T18:55:42.870+0000] {logging_mixin.py:188} INFO - [2025-10-26T18:55:42.870+0000] {dag.py:3954} INFO - Setting next_dagrun for tutorial_dag to None, run_after=None
[2025-10-26T18:55:42.897+0000] {processor.py:183} INFO - Processing /home/airflow/.local/lib/python3.12/site-packages/airflow/example_dags/tutorial_dag.py took 0.106 seconds
[2025-10-26T18:56:13.319+0000] {processor.py:161} INFO - Started process (PID=232) to work on /home/airflow/.local/lib/python3.12/site-packages/airflow/example_dags/tutorial_dag.py
[2025-10-26T18:56:13.320+0000] {processor.py:830} INFO - Processing file /home/airflow/.local/lib/python3.12/site-packages/airflow/example_dags/tutorial_dag.py for tasks to queue
[2025-10-26T18:56:13.324+0000] {logging_mixin.py:188} INFO - [2025-10-26T18:56:13.324+0000] {dagbag.py:540} INFO - Filling up the DagBag from /home/airflow/.local/lib/python3.12/site-packages/airflow/example_dags/tutorial_dag.py
[2025-10-26T18:56:13.332+0000] {processor.py:840} INFO - DAG(s) 'tutorial_dag' retrieved from /home/airflow/.local/lib/python3.12/site-packages/airflow/example_dags/tutorial_dag.py
[2025-10-26T18:56:13.370+0000] {logging_mixin.py:188} INFO - [2025-10-26T18:56:13.369+0000] {dag.py:3096} INFO - Sync 1 DAGs
[2025-10-26T18:56:13.391+0000] {logging_mixin.py:188} INFO - [2025-10-26T18:56:13.391+0000] {dag.py:3954} INFO - Setting next_dagrun for tutorial_dag to None, run_after=None
[2025-10-26T18:56:13.421+0000] {processor.py:183} INFO - Processing /home/airflow/.local/lib/python3.12/site-packages/airflow/example_dags/tutorial_dag.py took 0.110 seconds
[2025-10-26T18:56:44.120+0000] {processor.py:161} INFO - Started process (PID=288) to work on /home/airflow/.local/lib/python3.12/site-packages/airflow/example_dags/tutorial_dag.py
[2025-10-26T18:56:44.122+0000] {processor.py:830} INFO - Processing file /home/airflow/.local/lib/python3.12/site-packages/airflow/example_dags/tutorial_dag.py for tasks to queue
[2025-10-26T18:56:44.124+0000] {logging_mixin.py:188} INFO - [2025-10-26T18:56:44.124+0000] {dagbag.py:540} INFO - Filling up the DagBag from /home/airflow/.local/lib/python3.12/site-packages/airflow/example_dags/tutorial_dag.py
[2025-10-26T18:56:44.136+0000] {processor.py:840} INFO - DAG(s) 'tutorial_dag' retrieved from /home/airflow/.local/lib/python3.12/site-packages/airflow/example_dags/tutorial_dag.py
[2025-10-26T18:56:44.169+0000] {logging_mixin.py:188} INFO - [2025-10-26T18:56:44.169+0000] {dag.py:3096} INFO - Sync 1 DAGs
[2025-10-26T18:56:44.187+0000] {logging_mixin.py:188} INFO - [2025-10-26T18:56:44.187+0000] {dag.py:3954} INFO - Setting next_dagrun for tutorial_dag to None, run_after=None
[2025-10-26T18:56:44.213+0000] {processor.py:183} INFO - Processing /home/airflow/.local/lib/python3.12/site-packages/airflow/example_dags/tutorial_dag.py took 0.101 seconds
[2025-10-26T18:57:14.443+0000] {processor.py:161} INFO - Started process (PID=344) to work on /home/airflow/.local/lib/python3.12/site-packages/airflow/example_dags/tutorial_dag.py
[2025-10-26T18:57:14.445+0000] {processor.py:830} INFO - Processing file /home/airflow/.local/lib/python3.12/site-packages/airflow/example_dags/tutorial_dag.py for tasks to queue
[2025-10-26T18:57:14.447+0000] {logging_mixin.py:188} INFO - [2025-10-26T18:57:14.447+0000] {dagbag.py:540} INFO - Filling up the DagBag from /home/airflow/.local/lib/python3.12/site-packages/airflow/example_dags/tutorial_dag.py
[2025-10-26T18:57:14.455+0000] {processor.py:840} INFO - DAG(s) 'tutorial_dag' retrieved from /home/airflow/.local/lib/python3.12/site-packages/airflow/example_dags/tutorial_dag.py
[2025-10-26T18:57:14.484+0000] {logging_mixin.py:188} INFO - [2025-10-26T18:57:14.484+0000] {dag.py:3096} INFO - Sync 1 DAGs
[2025-10-26T18:57:14.501+0000] {logging_mixin.py:188} INFO - [2025-10-26T18:57:14.501+0000] {dag.py:3954} INFO - Setting next_dagrun for tutorial_dag to None, run_after=None
[2025-10-26T18:57:14.526+0000] {processor.py:183} INFO - Processing /home/airflow/.local/lib/python3.12/site-packages/airflow/example_dags/tutorial_dag.py took 0.092 seconds
[2025-10-26T18:57:45.436+0000] {processor.py:161} INFO - Started process (PID=400) to work on /home/airflow/.local/lib/python3.12/site-packages/airflow/example_dags/tutorial_dag.py
[2025-10-26T18:57:45.437+0000] {processor.py:830} INFO - Processing file /home/airflow/.local/lib/python3.12/site-packages/airflow/example_dags/tutorial_dag.py for tasks to queue
[2025-10-26T18:57:45.439+0000] {logging_mixin.py:188} INFO - [2025-10-26T18:57:45.439+0000] {dagbag.py:540} INFO - Filling up the DagBag from /home/airflow/.local/lib/python3.12/site-packages/airflow/example_dags/tutorial_dag.py
[2025-10-26T18:57:45.446+0000] {processor.py:840} INFO - DAG(s) 'tutorial_dag' retrieved from /home/airflow/.local/lib/python3.12/site-packages/airflow/example_dags/tutorial_dag.py
[2025-10-26T18:57:45.475+0000] {logging_mixin.py:188} INFO - [2025-10-26T18:57:45.475+0000] {dag.py:3096} INFO - Sync 1 DAGs
[2025-10-26T18:57:45.495+0000] {logging_mixin.py:188} INFO - [2025-10-26T18:57:45.494+0000] {dag.py:3954} INFO - Setting next_dagrun for tutorial_dag to None, run_after=None
[2025-10-26T18:57:45.518+0000] {processor.py:183} INFO - Processing /home/airflow/.local/lib/python3.12/site-packages/airflow/example_dags/tutorial_dag.py took 0.090 seconds
[2025-10-26T18:58:15.825+0000] {processor.py:161} INFO - Started process (PID=456) to work on /home/airflow/.local/lib/python3.12/site-packages/airflow/example_dags/tutorial_dag.py
[2025-10-26T18:58:15.826+0000] {processor.py:830} INFO - Processing file /home/airflow/.local/lib/python3.12/site-packages/airflow/example_dags/tutorial_dag.py for tasks to queue
[2025-10-26T18:58:15.828+0000] {logging_mixin.py:188} INFO - [2025-10-26T18:58:15.828+0000] {dagbag.py:540} INFO - Filling up the DagBag from /home/airflow/.local/lib/python3.12/site-packages/airflow/example_dags/tutorial_dag.py
[2025-10-26T18:58:15.836+0000] {processor.py:840} INFO - DAG(s) 'tutorial_dag' retrieved from /home/airflow/.local/lib/python3.12/site-packages/airflow/example_dags/tutorial_dag.py
[2025-10-26T18:58:15.869+0000] {logging_mixin.py:188} INFO - [2025-10-26T18:58:15.868+0000] {dag.py:3096} INFO - Sync 1 DAGs
[2025-10-26T18:58:15.887+0000] {logging_mixin.py:188} INFO - [2025-10-26T18:58:15.886+0000] {dag.py:3954} INFO - Setting next_dagrun for tutorial_dag to None, run_after=None
[2025-10-26T18:58:15.918+0000] {processor.py:183} INFO - Processing /home/airflow/.local/lib/python3.12/site-packages/airflow/example_dags/tutorial_dag.py took 0.102 seconds
[2025-10-26T18:58:46.805+0000] {processor.py:161} INFO - Started process (PID=512) to work on /home/airflow/.local/lib/python3.12/site-packages/airflow/example_dags/tutorial_dag.py
[2025-10-26T18:58:46.806+0000] {processor.py:830} INFO - Processing file /home/airflow/.local/lib/python3.12/site-packages/airflow/example_dags/tutorial_dag.py for tasks to queue
[2025-10-26T18:58:46.809+0000] {logging_mixin.py:188} INFO - [2025-10-26T18:58:46.809+0000] {dagbag.py:540} INFO - Filling up the DagBag from /home/airflow/.local/lib/python3.12/site-packages/airflow/example_dags/tutorial_dag.py
[2025-10-26T18:58:46.816+0000] {processor.py:840} INFO - DAG(s) 'tutorial_dag' retrieved from /home/airflow/.local/lib/python3.12/site-packages/airflow/example_dags/tutorial_dag.py
[2025-10-26T18:58:46.846+0000] {logging_mixin.py:188} INFO - [2025-10-26T18:58:46.846+0000] {dag.py:3096} INFO - Sync 1 DAGs
[2025-10-26T18:58:46.868+0000] {logging_mixin.py:188} INFO - [2025-10-26T18:58:46.868+0000] {dag.py:3954} INFO - Setting next_dagrun for tutorial_dag to None, run_after=None
[2025-10-26T18:58:46.905+0000] {processor.py:183} INFO - Processing /home/airflow/.local/lib/python3.12/site-packages/airflow/example_dags/tutorial_dag.py took 0.108 seconds
[2025-10-26T18:59:17.327+0000] {processor.py:161} INFO - Started process (PID=568) to work on /home/airflow/.local/lib/python3.12/site-packages/airflow/example_dags/tutorial_dag.py
[2025-10-26T18:59:17.328+0000] {processor.py:830} INFO - Processing file /home/airflow/.local/lib/python3.12/site-packages/airflow/example_dags/tutorial_dag.py for tasks to queue
[2025-10-26T18:59:17.332+0000] {logging_mixin.py:188} INFO - [2025-10-26T18:59:17.332+0000] {dagbag.py:540} INFO - Filling up the DagBag from /home/airflow/.local/lib/python3.12/site-packages/airflow/example_dags/tutorial_dag.py
[2025-10-26T18:59:17.340+0000] {processor.py:840} INFO - DAG(s) 'tutorial_dag' retrieved from /home/airflow/.local/lib/python3.12/site-packages/airflow/example_dags/tutorial_dag.py
[2025-10-26T18:59:17.369+0000] {logging_mixin.py:188} INFO - [2025-10-26T18:59:17.369+0000] {dag.py:3096} INFO - Sync 1 DAGs
[2025-10-26T18:59:17.388+0000] {logging_mixin.py:188} INFO - [2025-10-26T18:59:17.388+0000] {dag.py:3954} INFO - Setting next_dagrun for tutorial_dag to None, run_after=None
[2025-10-26T18:59:17.415+0000] {processor.py:183} INFO - Processing /home/airflow/.local/lib/python3.12/site-packages/airflow/example_dags/tutorial_dag.py took 0.096 seconds
[2025-10-26T18:59:47.603+0000] {processor.py:161} INFO - Started process (PID=624) to work on /home/airflow/.local/lib/python3.12/site-packages/airflow/example_dags/tutorial_dag.py
[2025-10-26T18:59:47.604+0000] {processor.py:830} INFO - Processing file /home/airflow/.local/lib/python3.12/site-packages/airflow/example_dags/tutorial_dag.py for tasks to queue
[2025-10-26T18:59:47.607+0000] {logging_mixin.py:188} INFO - [2025-10-26T18:59:47.606+0000] {dagbag.py:540} INFO - Filling up the DagBag from /home/airflow/.local/lib/python3.12/site-packages/airflow/example_dags/tutorial_dag.py
[2025-10-26T18:59:47.615+0000] {processor.py:840} INFO - DAG(s) 'tutorial_dag' retrieved from /home/airflow/.local/lib/python3.12/site-packages/airflow/example_dags/tutorial_dag.py
[2025-10-26T18:59:47.643+0000] {logging_mixin.py:188} INFO - [2025-10-26T18:59:47.643+0000] {dag.py:3096} INFO - Sync 1 DAGs
[2025-10-26T18:59:47.663+0000] {logging_mixin.py:188} INFO - [2025-10-26T18:59:47.663+0000] {dag.py:3954} INFO - Setting next_dagrun for tutorial_dag to None, run_after=None
[2025-10-26T18:59:47.693+0000] {processor.py:183} INFO - Processing /home/airflow/.local/lib/python3.12/site-packages/airflow/example_dags/tutorial_dag.py took 0.098 seconds
[2025-10-26T19:00:18.267+0000] {processor.py:161} INFO - Started process (PID=680) to work on /home/airflow/.local/lib/python3.12/site-packages/airflow/example_dags/tutorial_dag.py
[2025-10-26T19:00:18.268+0000] {processor.py:830} INFO - Processing file /home/airflow/.local/lib/python3.12/site-packages/airflow/example_dags/tutorial_dag.py for tasks to queue
[2025-10-26T19:00:18.273+0000] {logging_mixin.py:188} INFO - [2025-10-26T19:00:18.272+0000] {dagbag.py:540} INFO - Filling up the DagBag from /home/airflow/.local/lib/python3.12/site-packages/airflow/example_dags/tutorial_dag.py
[2025-10-26T19:00:18.283+0000] {processor.py:840} INFO - DAG(s) 'tutorial_dag' retrieved from /home/airflow/.local/lib/python3.12/site-packages/airflow/example_dags/tutorial_dag.py
[2025-10-26T19:00:18.319+0000] {logging_mixin.py:188} INFO - [2025-10-26T19:00:18.318+0000] {dag.py:3096} INFO - Sync 1 DAGs
[2025-10-26T19:00:18.341+0000] {logging_mixin.py:188} INFO - [2025-10-26T19:00:18.341+0000] {dag.py:3954} INFO - Setting next_dagrun for tutorial_dag to None, run_after=None
[2025-10-26T19:00:18.373+0000] {processor.py:183} INFO - Processing /home/airflow/.local/lib/python3.12/site-packages/airflow/example_dags/tutorial_dag.py took 0.118 seconds
[2025-10-26T19:00:48.679+0000] {processor.py:161} INFO - Started process (PID=736) to work on /home/airflow/.local/lib/python3.12/site-packages/airflow/example_dags/tutorial_dag.py
[2025-10-26T19:00:48.680+0000] {processor.py:830} INFO - Processing file /home/airflow/.local/lib/python3.12/site-packages/airflow/example_dags/tutorial_dag.py for tasks to queue
[2025-10-26T19:00:48.683+0000] {logging_mixin.py:188} INFO - [2025-10-26T19:00:48.683+0000] {dagbag.py:540} INFO - Filling up the DagBag from /home/airflow/.local/lib/python3.12/site-packages/airflow/example_dags/tutorial_dag.py
[2025-10-26T19:00:48.693+0000] {processor.py:840} INFO - DAG(s) 'tutorial_dag' retrieved from /home/airflow/.local/lib/python3.12/site-packages/airflow/example_dags/tutorial_dag.py
[2025-10-26T19:00:48.721+0000] {logging_mixin.py:188} INFO - [2025-10-26T19:00:48.721+0000] {dag.py:3096} INFO - Sync 1 DAGs
[2025-10-26T19:00:48.737+0000] {logging_mixin.py:188} INFO - [2025-10-26T19:00:48.737+0000] {dag.py:3954} INFO - Setting next_dagrun for tutorial_dag to None, run_after=None
[2025-10-26T19:00:48.766+0000] {processor.py:183} INFO - Processing /home/airflow/.local/lib/python3.12/site-packages/airflow/example_dags/tutorial_dag.py took 0.095 seconds
[2025-10-26T19:01:19.341+0000] {processor.py:161} INFO - Started process (PID=792) to work on /home/airflow/.local/lib/python3.12/site-packages/airflow/example_dags/tutorial_dag.py
[2025-10-26T19:01:19.342+0000] {processor.py:830} INFO - Processing file /home/airflow/.local/lib/python3.12/site-packages/airflow/example_dags/tutorial_dag.py for tasks to queue
[2025-10-26T19:01:19.344+0000] {logging_mixin.py:188} INFO - [2025-10-26T19:01:19.343+0000] {dagbag.py:540} INFO - Filling up the DagBag from /home/airflow/.local/lib/python3.12/site-packages/airflow/example_dags/tutorial_dag.py
[2025-10-26T19:01:19.351+0000] {processor.py:840} INFO - DAG(s) 'tutorial_dag' retrieved from /home/airflow/.local/lib/python3.12/site-packages/airflow/example_dags/tutorial_dag.py
[2025-10-26T19:01:19.387+0000] {logging_mixin.py:188} INFO - [2025-10-26T19:01:19.386+0000] {dag.py:3096} INFO - Sync 1 DAGs
[2025-10-26T19:01:19.405+0000] {logging_mixin.py:188} INFO - [2025-10-26T19:01:19.405+0000] {dag.py:3954} INFO - Setting next_dagrun for tutorial_dag to None, run_after=None
[2025-10-26T19:01:19.432+0000] {processor.py:183} INFO - Processing /home/airflow/.local/lib/python3.12/site-packages/airflow/example_dags/tutorial_dag.py took 0.100 seconds
[2025-10-26T19:01:49.940+0000] {processor.py:161} INFO - Started process (PID=846) to work on /home/airflow/.local/lib/python3.12/site-packages/airflow/example_dags/tutorial_dag.py
[2025-10-26T19:01:49.942+0000] {processor.py:830} INFO - Processing file /home/airflow/.local/lib/python3.12/site-packages/airflow/example_dags/tutorial_dag.py for tasks to queue
[2025-10-26T19:01:49.943+0000] {logging_mixin.py:188} INFO - [2025-10-26T19:01:49.943+0000] {dagbag.py:540} INFO - Filling up the DagBag from /home/airflow/.local/lib/python3.12/site-packages/airflow/example_dags/tutorial_dag.py
[2025-10-26T19:01:49.950+0000] {processor.py:840} INFO - DAG(s) 'tutorial_dag' retrieved from /home/airflow/.local/lib/python3.12/site-packages/airflow/example_dags/tutorial_dag.py
[2025-10-26T19:01:49.981+0000] {logging_mixin.py:188} INFO - [2025-10-26T19:01:49.981+0000] {dag.py:3096} INFO - Sync 1 DAGs
[2025-10-26T19:01:49.999+0000] {logging_mixin.py:188} INFO - [2025-10-26T19:01:49.999+0000] {dag.py:3954} INFO - Setting next_dagrun for tutorial_dag to None, run_after=None
[2025-10-26T19:01:50.027+0000] {processor.py:183} INFO - Processing /home/airflow/.local/lib/python3.12/site-packages/airflow/example_dags/tutorial_dag.py took 0.095 seconds
[2025-10-26T19:02:20.723+0000] {processor.py:161} INFO - Started process (PID=900) to work on /home/airflow/.local/lib/python3.12/site-packages/airflow/example_dags/tutorial_dag.py
[2025-10-26T19:02:20.724+0000] {processor.py:830} INFO - Processing file /home/airflow/.local/lib/python3.12/site-packages/airflow/example_dags/tutorial_dag.py for tasks to queue
[2025-10-26T19:02:20.725+0000] {logging_mixin.py:188} INFO - [2025-10-26T19:02:20.725+0000] {dagbag.py:540} INFO - Filling up the DagBag from /home/airflow/.local/lib/python3.12/site-packages/airflow/example_dags/tutorial_dag.py
[2025-10-26T19:02:20.733+0000] {processor.py:840} INFO - DAG(s) 'tutorial_dag' retrieved from /home/airflow/.local/lib/python3.12/site-packages/airflow/example_dags/tutorial_dag.py
[2025-10-26T19:02:20.764+0000] {logging_mixin.py:188} INFO - [2025-10-26T19:02:20.764+0000] {dag.py:3096} INFO - Sync 1 DAGs
[2025-10-26T19:02:20.783+0000] {logging_mixin.py:188} INFO - [2025-10-26T19:02:20.782+0000] {dag.py:3954} INFO - Setting next_dagrun for tutorial_dag to None, run_after=None
[2025-10-26T19:02:20.808+0000] {processor.py:183} INFO - Processing /home/airflow/.local/lib/python3.12/site-packages/airflow/example_dags/tutorial_dag.py took 0.093 seconds
[2025-10-26T19:02:51.365+0000] {processor.py:161} INFO - Started process (PID=954) to work on /home/airflow/.local/lib/python3.12/site-packages/airflow/example_dags/tutorial_dag.py
[2025-10-26T19:02:51.367+0000] {processor.py:830} INFO - Processing file /home/airflow/.local/lib/python3.12/site-packages/airflow/example_dags/tutorial_dag.py for tasks to queue
[2025-10-26T19:02:51.369+0000] {logging_mixin.py:188} INFO - [2025-10-26T19:02:51.368+0000] {dagbag.py:540} INFO - Filling up the DagBag from /home/airflow/.local/lib/python3.12/site-packages/airflow/example_dags/tutorial_dag.py
[2025-10-26T19:02:51.378+0000] {processor.py:840} INFO - DAG(s) 'tutorial_dag' retrieved from /home/airflow/.local/lib/python3.12/site-packages/airflow/example_dags/tutorial_dag.py
[2025-10-26T19:02:51.411+0000] {logging_mixin.py:188} INFO - [2025-10-26T19:02:51.410+0000] {dag.py:3096} INFO - Sync 1 DAGs
[2025-10-26T19:02:51.429+0000] {logging_mixin.py:188} INFO - [2025-10-26T19:02:51.428+0000] {dag.py:3954} INFO - Setting next_dagrun for tutorial_dag to None, run_after=None
[2025-10-26T19:02:51.455+0000] {processor.py:183} INFO - Processing /home/airflow/.local/lib/python3.12/site-packages/airflow/example_dags/tutorial_dag.py took 0.100 seconds
[2025-10-26T19:03:22.158+0000] {processor.py:161} INFO - Started process (PID=1008) to work on /home/airflow/.local/lib/python3.12/site-packages/airflow/example_dags/tutorial_dag.py
[2025-10-26T19:03:22.159+0000] {processor.py:830} INFO - Processing file /home/airflow/.local/lib/python3.12/site-packages/airflow/example_dags/tutorial_dag.py for tasks to queue
[2025-10-26T19:03:22.162+0000] {logging_mixin.py:188} INFO - [2025-10-26T19:03:22.161+0000] {dagbag.py:540} INFO - Filling up the DagBag from /home/airflow/.local/lib/python3.12/site-packages/airflow/example_dags/tutorial_dag.py
[2025-10-26T19:03:22.176+0000] {processor.py:840} INFO - DAG(s) 'tutorial_dag' retrieved from /home/airflow/.local/lib/python3.12/site-packages/airflow/example_dags/tutorial_dag.py
[2025-10-26T19:03:22.218+0000] {logging_mixin.py:188} INFO - [2025-10-26T19:03:22.218+0000] {dag.py:3096} INFO - Sync 1 DAGs
[2025-10-26T19:03:22.244+0000] {logging_mixin.py:188} INFO - [2025-10-26T19:03:22.244+0000] {dag.py:3954} INFO - Setting next_dagrun for tutorial_dag to None, run_after=None
[2025-10-26T19:03:22.282+0000] {processor.py:183} INFO - Processing /home/airflow/.local/lib/python3.12/site-packages/airflow/example_dags/tutorial_dag.py took 0.136 seconds
[2025-10-26T19:03:57.499+0000] {processor.py:161} INFO - Started process (PID=62) to work on /home/airflow/.local/lib/python3.12/site-packages/airflow/example_dags/tutorial_dag.py
[2025-10-26T19:03:57.501+0000] {processor.py:830} INFO - Processing file /home/airflow/.local/lib/python3.12/site-packages/airflow/example_dags/tutorial_dag.py for tasks to queue
[2025-10-26T19:03:57.504+0000] {logging_mixin.py:188} INFO - [2025-10-26T19:03:57.503+0000] {dagbag.py:540} INFO - Filling up the DagBag from /home/airflow/.local/lib/python3.12/site-packages/airflow/example_dags/tutorial_dag.py
[2025-10-26T19:03:57.516+0000] {processor.py:840} INFO - DAG(s) 'tutorial_dag' retrieved from /home/airflow/.local/lib/python3.12/site-packages/airflow/example_dags/tutorial_dag.py
[2025-10-26T19:03:57.554+0000] {logging_mixin.py:188} INFO - [2025-10-26T19:03:57.553+0000] {dag.py:3096} INFO - Sync 1 DAGs
[2025-10-26T19:03:57.572+0000] {logging_mixin.py:188} INFO - [2025-10-26T19:03:57.572+0000] {dag.py:3954} INFO - Setting next_dagrun for tutorial_dag to None, run_after=None
[2025-10-26T19:03:57.602+0000] {processor.py:183} INFO - Processing /home/airflow/.local/lib/python3.12/site-packages/airflow/example_dags/tutorial_dag.py took 0.112 seconds
[2025-10-26T19:04:28.357+0000] {processor.py:161} INFO - Started process (PID=116) to work on /home/airflow/.local/lib/python3.12/site-packages/airflow/example_dags/tutorial_dag.py
[2025-10-26T19:04:28.359+0000] {processor.py:830} INFO - Processing file /home/airflow/.local/lib/python3.12/site-packages/airflow/example_dags/tutorial_dag.py for tasks to queue
[2025-10-26T19:04:28.362+0000] {logging_mixin.py:188} INFO - [2025-10-26T19:04:28.361+0000] {dagbag.py:540} INFO - Filling up the DagBag from /home/airflow/.local/lib/python3.12/site-packages/airflow/example_dags/tutorial_dag.py
[2025-10-26T19:04:28.372+0000] {processor.py:840} INFO - DAG(s) 'tutorial_dag' retrieved from /home/airflow/.local/lib/python3.12/site-packages/airflow/example_dags/tutorial_dag.py
[2025-10-26T19:04:28.404+0000] {logging_mixin.py:188} INFO - [2025-10-26T19:04:28.404+0000] {dag.py:3096} INFO - Sync 1 DAGs
[2025-10-26T19:04:28.423+0000] {logging_mixin.py:188} INFO - [2025-10-26T19:04:28.422+0000] {dag.py:3954} INFO - Setting next_dagrun for tutorial_dag to None, run_after=None
[2025-10-26T19:04:28.447+0000] {processor.py:183} INFO - Processing /home/airflow/.local/lib/python3.12/site-packages/airflow/example_dags/tutorial_dag.py took 0.098 seconds
[2025-10-26T19:04:58.824+0000] {processor.py:161} INFO - Started process (PID=170) to work on /home/airflow/.local/lib/python3.12/site-packages/airflow/example_dags/tutorial_dag.py
[2025-10-26T19:04:58.825+0000] {processor.py:830} INFO - Processing file /home/airflow/.local/lib/python3.12/site-packages/airflow/example_dags/tutorial_dag.py for tasks to queue
[2025-10-26T19:04:58.829+0000] {logging_mixin.py:188} INFO - [2025-10-26T19:04:58.829+0000] {dagbag.py:540} INFO - Filling up the DagBag from /home/airflow/.local/lib/python3.12/site-packages/airflow/example_dags/tutorial_dag.py
[2025-10-26T19:04:58.838+0000] {processor.py:840} INFO - DAG(s) 'tutorial_dag' retrieved from /home/airflow/.local/lib/python3.12/site-packages/airflow/example_dags/tutorial_dag.py
[2025-10-26T19:04:58.871+0000] {logging_mixin.py:188} INFO - [2025-10-26T19:04:58.870+0000] {dag.py:3096} INFO - Sync 1 DAGs
[2025-10-26T19:04:58.887+0000] {logging_mixin.py:188} INFO - [2025-10-26T19:04:58.887+0000] {dag.py:3954} INFO - Setting next_dagrun for tutorial_dag to None, run_after=None
[2025-10-26T19:04:58.913+0000] {processor.py:183} INFO - Processing /home/airflow/.local/lib/python3.12/site-packages/airflow/example_dags/tutorial_dag.py took 0.097 seconds
[2025-10-26T19:05:29.847+0000] {processor.py:161} INFO - Started process (PID=224) to work on /home/airflow/.local/lib/python3.12/site-packages/airflow/example_dags/tutorial_dag.py
[2025-10-26T19:05:29.849+0000] {processor.py:830} INFO - Processing file /home/airflow/.local/lib/python3.12/site-packages/airflow/example_dags/tutorial_dag.py for tasks to queue
[2025-10-26T19:05:29.853+0000] {logging_mixin.py:188} INFO - [2025-10-26T19:05:29.852+0000] {dagbag.py:540} INFO - Filling up the DagBag from /home/airflow/.local/lib/python3.12/site-packages/airflow/example_dags/tutorial_dag.py
[2025-10-26T19:05:29.864+0000] {processor.py:840} INFO - DAG(s) 'tutorial_dag' retrieved from /home/airflow/.local/lib/python3.12/site-packages/airflow/example_dags/tutorial_dag.py
[2025-10-26T19:05:29.902+0000] {logging_mixin.py:188} INFO - [2025-10-26T19:05:29.902+0000] {dag.py:3096} INFO - Sync 1 DAGs
[2025-10-26T19:05:29.930+0000] {logging_mixin.py:188} INFO - [2025-10-26T19:05:29.930+0000] {dag.py:3954} INFO - Setting next_dagrun for tutorial_dag to None, run_after=None
[2025-10-26T19:05:29.962+0000] {processor.py:183} INFO - Processing /home/airflow/.local/lib/python3.12/site-packages/airflow/example_dags/tutorial_dag.py took 0.128 seconds
[2025-10-26T19:06:00.312+0000] {processor.py:161} INFO - Started process (PID=278) to work on /home/airflow/.local/lib/python3.12/site-packages/airflow/example_dags/tutorial_dag.py
[2025-10-26T19:06:00.313+0000] {processor.py:830} INFO - Processing file /home/airflow/.local/lib/python3.12/site-packages/airflow/example_dags/tutorial_dag.py for tasks to queue
[2025-10-26T19:06:00.316+0000] {logging_mixin.py:188} INFO - [2025-10-26T19:06:00.315+0000] {dagbag.py:540} INFO - Filling up the DagBag from /home/airflow/.local/lib/python3.12/site-packages/airflow/example_dags/tutorial_dag.py
[2025-10-26T19:06:00.326+0000] {processor.py:840} INFO - DAG(s) 'tutorial_dag' retrieved from /home/airflow/.local/lib/python3.12/site-packages/airflow/example_dags/tutorial_dag.py
[2025-10-26T19:06:00.358+0000] {logging_mixin.py:188} INFO - [2025-10-26T19:06:00.358+0000] {dag.py:3096} INFO - Sync 1 DAGs
[2025-10-26T19:06:00.380+0000] {logging_mixin.py:188} INFO - [2025-10-26T19:06:00.380+0000] {dag.py:3954} INFO - Setting next_dagrun for tutorial_dag to None, run_after=None
[2025-10-26T19:06:00.406+0000] {processor.py:183} INFO - Processing /home/airflow/.local/lib/python3.12/site-packages/airflow/example_dags/tutorial_dag.py took 0.103 seconds
[2025-10-26T19:06:30.628+0000] {processor.py:161} INFO - Started process (PID=332) to work on /home/airflow/.local/lib/python3.12/site-packages/airflow/example_dags/tutorial_dag.py
[2025-10-26T19:06:30.629+0000] {processor.py:830} INFO - Processing file /home/airflow/.local/lib/python3.12/site-packages/airflow/example_dags/tutorial_dag.py for tasks to queue
[2025-10-26T19:06:30.636+0000] {logging_mixin.py:188} INFO - [2025-10-26T19:06:30.635+0000] {dagbag.py:540} INFO - Filling up the DagBag from /home/airflow/.local/lib/python3.12/site-packages/airflow/example_dags/tutorial_dag.py
[2025-10-26T19:06:30.645+0000] {processor.py:840} INFO - DAG(s) 'tutorial_dag' retrieved from /home/airflow/.local/lib/python3.12/site-packages/airflow/example_dags/tutorial_dag.py
[2025-10-26T19:06:30.680+0000] {logging_mixin.py:188} INFO - [2025-10-26T19:06:30.679+0000] {dag.py:3096} INFO - Sync 1 DAGs
[2025-10-26T19:06:30.699+0000] {logging_mixin.py:188} INFO - [2025-10-26T19:06:30.698+0000] {dag.py:3954} INFO - Setting next_dagrun for tutorial_dag to None, run_after=None
[2025-10-26T19:06:30.726+0000] {processor.py:183} INFO - Processing /home/airflow/.local/lib/python3.12/site-packages/airflow/example_dags/tutorial_dag.py took 0.109 seconds
[2025-10-26T19:07:00.970+0000] {processor.py:161} INFO - Started process (PID=386) to work on /home/airflow/.local/lib/python3.12/site-packages/airflow/example_dags/tutorial_dag.py
[2025-10-26T19:07:00.972+0000] {processor.py:830} INFO - Processing file /home/airflow/.local/lib/python3.12/site-packages/airflow/example_dags/tutorial_dag.py for tasks to queue
[2025-10-26T19:07:00.974+0000] {logging_mixin.py:188} INFO - [2025-10-26T19:07:00.974+0000] {dagbag.py:540} INFO - Filling up the DagBag from /home/airflow/.local/lib/python3.12/site-packages/airflow/example_dags/tutorial_dag.py
[2025-10-26T19:07:00.982+0000] {processor.py:840} INFO - DAG(s) 'tutorial_dag' retrieved from /home/airflow/.local/lib/python3.12/site-packages/airflow/example_dags/tutorial_dag.py
[2025-10-26T19:07:01.010+0000] {logging_mixin.py:188} INFO - [2025-10-26T19:07:01.010+0000] {dag.py:3096} INFO - Sync 1 DAGs
[2025-10-26T19:07:01.027+0000] {logging_mixin.py:188} INFO - [2025-10-26T19:07:01.027+0000] {dag.py:3954} INFO - Setting next_dagrun for tutorial_dag to None, run_after=None
[2025-10-26T19:07:01.054+0000] {processor.py:183} INFO - Processing /home/airflow/.local/lib/python3.12/site-packages/airflow/example_dags/tutorial_dag.py took 0.092 seconds
[2025-10-26T19:07:31.608+0000] {processor.py:161} INFO - Started process (PID=440) to work on /home/airflow/.local/lib/python3.12/site-packages/airflow/example_dags/tutorial_dag.py
[2025-10-26T19:07:31.611+0000] {processor.py:830} INFO - Processing file /home/airflow/.local/lib/python3.12/site-packages/airflow/example_dags/tutorial_dag.py for tasks to queue
[2025-10-26T19:07:31.616+0000] {logging_mixin.py:188} INFO - [2025-10-26T19:07:31.615+0000] {dagbag.py:540} INFO - Filling up the DagBag from /home/airflow/.local/lib/python3.12/site-packages/airflow/example_dags/tutorial_dag.py
[2025-10-26T19:07:31.623+0000] {processor.py:840} INFO - DAG(s) 'tutorial_dag' retrieved from /home/airflow/.local/lib/python3.12/site-packages/airflow/example_dags/tutorial_dag.py
[2025-10-26T19:07:31.663+0000] {logging_mixin.py:188} INFO - [2025-10-26T19:07:31.663+0000] {dag.py:3096} INFO - Sync 1 DAGs
[2025-10-26T19:07:31.694+0000] {logging_mixin.py:188} INFO - [2025-10-26T19:07:31.693+0000] {dag.py:3954} INFO - Setting next_dagrun for tutorial_dag to None, run_after=None
[2025-10-26T19:07:31.730+0000] {processor.py:183} INFO - Processing /home/airflow/.local/lib/python3.12/site-packages/airflow/example_dags/tutorial_dag.py took 0.131 seconds
[2025-10-26T19:08:02.339+0000] {processor.py:161} INFO - Started process (PID=494) to work on /home/airflow/.local/lib/python3.12/site-packages/airflow/example_dags/tutorial_dag.py
[2025-10-26T19:08:02.340+0000] {processor.py:830} INFO - Processing file /home/airflow/.local/lib/python3.12/site-packages/airflow/example_dags/tutorial_dag.py for tasks to queue
[2025-10-26T19:08:02.343+0000] {logging_mixin.py:188} INFO - [2025-10-26T19:08:02.342+0000] {dagbag.py:540} INFO - Filling up the DagBag from /home/airflow/.local/lib/python3.12/site-packages/airflow/example_dags/tutorial_dag.py
[2025-10-26T19:08:02.351+0000] {processor.py:840} INFO - DAG(s) 'tutorial_dag' retrieved from /home/airflow/.local/lib/python3.12/site-packages/airflow/example_dags/tutorial_dag.py
[2025-10-26T19:08:02.382+0000] {logging_mixin.py:188} INFO - [2025-10-26T19:08:02.381+0000] {dag.py:3096} INFO - Sync 1 DAGs
[2025-10-26T19:08:02.404+0000] {logging_mixin.py:188} INFO - [2025-10-26T19:08:02.403+0000] {dag.py:3954} INFO - Setting next_dagrun for tutorial_dag to None, run_after=None
[2025-10-26T19:08:02.431+0000] {processor.py:183} INFO - Processing /home/airflow/.local/lib/python3.12/site-packages/airflow/example_dags/tutorial_dag.py took 0.101 seconds
[2025-10-26T19:08:32.979+0000] {processor.py:161} INFO - Started process (PID=548) to work on /home/airflow/.local/lib/python3.12/site-packages/airflow/example_dags/tutorial_dag.py
[2025-10-26T19:08:32.980+0000] {processor.py:830} INFO - Processing file /home/airflow/.local/lib/python3.12/site-packages/airflow/example_dags/tutorial_dag.py for tasks to queue
[2025-10-26T19:08:32.983+0000] {logging_mixin.py:188} INFO - [2025-10-26T19:08:32.983+0000] {dagbag.py:540} INFO - Filling up the DagBag from /home/airflow/.local/lib/python3.12/site-packages/airflow/example_dags/tutorial_dag.py
[2025-10-26T19:08:32.991+0000] {processor.py:840} INFO - DAG(s) 'tutorial_dag' retrieved from /home/airflow/.local/lib/python3.12/site-packages/airflow/example_dags/tutorial_dag.py
[2025-10-26T19:08:33.021+0000] {logging_mixin.py:188} INFO - [2025-10-26T19:08:33.021+0000] {dag.py:3096} INFO - Sync 1 DAGs
[2025-10-26T19:08:33.040+0000] {logging_mixin.py:188} INFO - [2025-10-26T19:08:33.040+0000] {dag.py:3954} INFO - Setting next_dagrun for tutorial_dag to None, run_after=None
[2025-10-26T19:08:33.068+0000] {processor.py:183} INFO - Processing /home/airflow/.local/lib/python3.12/site-packages/airflow/example_dags/tutorial_dag.py took 0.098 seconds
[2025-10-26T19:09:03.346+0000] {processor.py:161} INFO - Started process (PID=602) to work on /home/airflow/.local/lib/python3.12/site-packages/airflow/example_dags/tutorial_dag.py
[2025-10-26T19:09:03.347+0000] {processor.py:830} INFO - Processing file /home/airflow/.local/lib/python3.12/site-packages/airflow/example_dags/tutorial_dag.py for tasks to queue
[2025-10-26T19:09:03.349+0000] {logging_mixin.py:188} INFO - [2025-10-26T19:09:03.349+0000] {dagbag.py:540} INFO - Filling up the DagBag from /home/airflow/.local/lib/python3.12/site-packages/airflow/example_dags/tutorial_dag.py
[2025-10-26T19:09:03.357+0000] {processor.py:840} INFO - DAG(s) 'tutorial_dag' retrieved from /home/airflow/.local/lib/python3.12/site-packages/airflow/example_dags/tutorial_dag.py
[2025-10-26T19:09:03.384+0000] {logging_mixin.py:188} INFO - [2025-10-26T19:09:03.384+0000] {dag.py:3096} INFO - Sync 1 DAGs
[2025-10-26T19:09:03.403+0000] {logging_mixin.py:188} INFO - [2025-10-26T19:09:03.402+0000] {dag.py:3954} INFO - Setting next_dagrun for tutorial_dag to None, run_after=None
[2025-10-26T19:09:03.428+0000] {processor.py:183} INFO - Processing /home/airflow/.local/lib/python3.12/site-packages/airflow/example_dags/tutorial_dag.py took 0.091 seconds
[2025-10-26T19:09:33.773+0000] {processor.py:161} INFO - Started process (PID=656) to work on /home/airflow/.local/lib/python3.12/site-packages/airflow/example_dags/tutorial_dag.py
[2025-10-26T19:09:33.774+0000] {processor.py:830} INFO - Processing file /home/airflow/.local/lib/python3.12/site-packages/airflow/example_dags/tutorial_dag.py for tasks to queue
[2025-10-26T19:09:33.777+0000] {logging_mixin.py:188} INFO - [2025-10-26T19:09:33.776+0000] {dagbag.py:540} INFO - Filling up the DagBag from /home/airflow/.local/lib/python3.12/site-packages/airflow/example_dags/tutorial_dag.py
[2025-10-26T19:09:33.785+0000] {processor.py:840} INFO - DAG(s) 'tutorial_dag' retrieved from /home/airflow/.local/lib/python3.12/site-packages/airflow/example_dags/tutorial_dag.py
[2025-10-26T19:09:33.813+0000] {logging_mixin.py:188} INFO - [2025-10-26T19:09:33.812+0000] {dag.py:3096} INFO - Sync 1 DAGs
[2025-10-26T19:09:33.830+0000] {logging_mixin.py:188} INFO - [2025-10-26T19:09:33.830+0000] {dag.py:3954} INFO - Setting next_dagrun for tutorial_dag to None, run_after=None
[2025-10-26T19:09:33.856+0000] {processor.py:183} INFO - Processing /home/airflow/.local/lib/python3.12/site-packages/airflow/example_dags/tutorial_dag.py took 0.091 seconds
[2025-10-26T19:10:05.021+0000] {processor.py:161} INFO - Started process (PID=710) to work on /home/airflow/.local/lib/python3.12/site-packages/airflow/example_dags/tutorial_dag.py
[2025-10-26T19:10:05.022+0000] {processor.py:830} INFO - Processing file /home/airflow/.local/lib/python3.12/site-packages/airflow/example_dags/tutorial_dag.py for tasks to queue
[2025-10-26T19:10:05.025+0000] {logging_mixin.py:188} INFO - [2025-10-26T19:10:05.025+0000] {dagbag.py:540} INFO - Filling up the DagBag from /home/airflow/.local/lib/python3.12/site-packages/airflow/example_dags/tutorial_dag.py
[2025-10-26T19:10:05.036+0000] {processor.py:840} INFO - DAG(s) 'tutorial_dag' retrieved from /home/airflow/.local/lib/python3.12/site-packages/airflow/example_dags/tutorial_dag.py
[2025-10-26T19:10:05.075+0000] {logging_mixin.py:188} INFO - [2025-10-26T19:10:05.075+0000] {dag.py:3096} INFO - Sync 1 DAGs
[2025-10-26T19:10:05.103+0000] {logging_mixin.py:188} INFO - [2025-10-26T19:10:05.102+0000] {dag.py:3954} INFO - Setting next_dagrun for tutorial_dag to None, run_after=None
[2025-10-26T19:10:05.140+0000] {processor.py:183} INFO - Processing /home/airflow/.local/lib/python3.12/site-packages/airflow/example_dags/tutorial_dag.py took 0.133 seconds
[2025-10-26T19:10:35.516+0000] {processor.py:161} INFO - Started process (PID=790) to work on /home/airflow/.local/lib/python3.12/site-packages/airflow/example_dags/tutorial_dag.py
[2025-10-26T19:10:35.518+0000] {processor.py:830} INFO - Processing file /home/airflow/.local/lib/python3.12/site-packages/airflow/example_dags/tutorial_dag.py for tasks to queue
[2025-10-26T19:10:35.520+0000] {logging_mixin.py:188} INFO - [2025-10-26T19:10:35.520+0000] {dagbag.py:540} INFO - Filling up the DagBag from /home/airflow/.local/lib/python3.12/site-packages/airflow/example_dags/tutorial_dag.py
[2025-10-26T19:10:35.530+0000] {processor.py:840} INFO - DAG(s) 'tutorial_dag' retrieved from /home/airflow/.local/lib/python3.12/site-packages/airflow/example_dags/tutorial_dag.py
[2025-10-26T19:10:35.560+0000] {logging_mixin.py:188} INFO - [2025-10-26T19:10:35.560+0000] {dag.py:3096} INFO - Sync 1 DAGs
[2025-10-26T19:10:35.578+0000] {logging_mixin.py:188} INFO - [2025-10-26T19:10:35.578+0000] {dag.py:3954} INFO - Setting next_dagrun for tutorial_dag to None, run_after=None
[2025-10-26T19:10:35.605+0000] {processor.py:183} INFO - Processing /home/airflow/.local/lib/python3.12/site-packages/airflow/example_dags/tutorial_dag.py took 0.098 seconds
[2025-10-26T19:11:05.713+0000] {processor.py:161} INFO - Started process (PID=844) to work on /home/airflow/.local/lib/python3.12/site-packages/airflow/example_dags/tutorial_dag.py
[2025-10-26T19:11:05.714+0000] {processor.py:830} INFO - Processing file /home/airflow/.local/lib/python3.12/site-packages/airflow/example_dags/tutorial_dag.py for tasks to queue
[2025-10-26T19:11:05.716+0000] {logging_mixin.py:188} INFO - [2025-10-26T19:11:05.716+0000] {dagbag.py:540} INFO - Filling up the DagBag from /home/airflow/.local/lib/python3.12/site-packages/airflow/example_dags/tutorial_dag.py
[2025-10-26T19:11:05.723+0000] {processor.py:840} INFO - DAG(s) 'tutorial_dag' retrieved from /home/airflow/.local/lib/python3.12/site-packages/airflow/example_dags/tutorial_dag.py
[2025-10-26T19:11:05.750+0000] {logging_mixin.py:188} INFO - [2025-10-26T19:11:05.750+0000] {dag.py:3096} INFO - Sync 1 DAGs
[2025-10-26T19:11:05.767+0000] {logging_mixin.py:188} INFO - [2025-10-26T19:11:05.767+0000] {dag.py:3954} INFO - Setting next_dagrun for tutorial_dag to None, run_after=None
[2025-10-26T19:11:05.791+0000] {processor.py:183} INFO - Processing /home/airflow/.local/lib/python3.12/site-packages/airflow/example_dags/tutorial_dag.py took 0.086 seconds
[2025-10-26T19:11:36.089+0000] {processor.py:161} INFO - Started process (PID=898) to work on /home/airflow/.local/lib/python3.12/site-packages/airflow/example_dags/tutorial_dag.py
[2025-10-26T19:11:36.091+0000] {processor.py:830} INFO - Processing file /home/airflow/.local/lib/python3.12/site-packages/airflow/example_dags/tutorial_dag.py for tasks to queue
[2025-10-26T19:11:36.094+0000] {logging_mixin.py:188} INFO - [2025-10-26T19:11:36.093+0000] {dagbag.py:540} INFO - Filling up the DagBag from /home/airflow/.local/lib/python3.12/site-packages/airflow/example_dags/tutorial_dag.py
[2025-10-26T19:11:36.101+0000] {processor.py:840} INFO - DAG(s) 'tutorial_dag' retrieved from /home/airflow/.local/lib/python3.12/site-packages/airflow/example_dags/tutorial_dag.py
[2025-10-26T19:11:36.129+0000] {logging_mixin.py:188} INFO - [2025-10-26T19:11:36.129+0000] {dag.py:3096} INFO - Sync 1 DAGs
[2025-10-26T19:11:36.149+0000] {logging_mixin.py:188} INFO - [2025-10-26T19:11:36.149+0000] {dag.py:3954} INFO - Setting next_dagrun for tutorial_dag to None, run_after=None
[2025-10-26T19:11:36.174+0000] {processor.py:183} INFO - Processing /home/airflow/.local/lib/python3.12/site-packages/airflow/example_dags/tutorial_dag.py took 0.095 seconds
[2025-10-26T19:12:06.558+0000] {processor.py:161} INFO - Started process (PID=952) to work on /home/airflow/.local/lib/python3.12/site-packages/airflow/example_dags/tutorial_dag.py
[2025-10-26T19:12:06.559+0000] {processor.py:830} INFO - Processing file /home/airflow/.local/lib/python3.12/site-packages/airflow/example_dags/tutorial_dag.py for tasks to queue
[2025-10-26T19:12:06.562+0000] {logging_mixin.py:188} INFO - [2025-10-26T19:12:06.561+0000] {dagbag.py:540} INFO - Filling up the DagBag from /home/airflow/.local/lib/python3.12/site-packages/airflow/example_dags/tutorial_dag.py
[2025-10-26T19:12:06.570+0000] {processor.py:840} INFO - DAG(s) 'tutorial_dag' retrieved from /home/airflow/.local/lib/python3.12/site-packages/airflow/example_dags/tutorial_dag.py
[2025-10-26T19:12:06.602+0000] {logging_mixin.py:188} INFO - [2025-10-26T19:12:06.602+0000] {dag.py:3096} INFO - Sync 1 DAGs
[2025-10-26T19:12:06.621+0000] {logging_mixin.py:188} INFO - [2025-10-26T19:12:06.621+0000] {dag.py:3954} INFO - Setting next_dagrun for tutorial_dag to None, run_after=None
[2025-10-26T19:12:06.648+0000] {processor.py:183} INFO - Processing /home/airflow/.local/lib/python3.12/site-packages/airflow/example_dags/tutorial_dag.py took 0.099 seconds
[2025-10-26T19:12:37.420+0000] {processor.py:161} INFO - Started process (PID=1006) to work on /home/airflow/.local/lib/python3.12/site-packages/airflow/example_dags/tutorial_dag.py
[2025-10-26T19:12:37.421+0000] {processor.py:830} INFO - Processing file /home/airflow/.local/lib/python3.12/site-packages/airflow/example_dags/tutorial_dag.py for tasks to queue
[2025-10-26T19:12:37.424+0000] {logging_mixin.py:188} INFO - [2025-10-26T19:12:37.424+0000] {dagbag.py:540} INFO - Filling up the DagBag from /home/airflow/.local/lib/python3.12/site-packages/airflow/example_dags/tutorial_dag.py
[2025-10-26T19:12:37.432+0000] {processor.py:840} INFO - DAG(s) 'tutorial_dag' retrieved from /home/airflow/.local/lib/python3.12/site-packages/airflow/example_dags/tutorial_dag.py
[2025-10-26T19:12:37.467+0000] {logging_mixin.py:188} INFO - [2025-10-26T19:12:37.466+0000] {dag.py:3096} INFO - Sync 1 DAGs
[2025-10-26T19:12:37.488+0000] {logging_mixin.py:188} INFO - [2025-10-26T19:12:37.487+0000] {dag.py:3954} INFO - Setting next_dagrun for tutorial_dag to None, run_after=None
[2025-10-26T19:12:37.513+0000] {processor.py:183} INFO - Processing /home/airflow/.local/lib/python3.12/site-packages/airflow/example_dags/tutorial_dag.py took 0.101 seconds
[2025-10-26T19:13:07.767+0000] {processor.py:161} INFO - Started process (PID=1060) to work on /home/airflow/.local/lib/python3.12/site-packages/airflow/example_dags/tutorial_dag.py
[2025-10-26T19:13:07.768+0000] {processor.py:830} INFO - Processing file /home/airflow/.local/lib/python3.12/site-packages/airflow/example_dags/tutorial_dag.py for tasks to queue
[2025-10-26T19:13:07.771+0000] {logging_mixin.py:188} INFO - [2025-10-26T19:13:07.770+0000] {dagbag.py:540} INFO - Filling up the DagBag from /home/airflow/.local/lib/python3.12/site-packages/airflow/example_dags/tutorial_dag.py
[2025-10-26T19:13:07.779+0000] {processor.py:840} INFO - DAG(s) 'tutorial_dag' retrieved from /home/airflow/.local/lib/python3.12/site-packages/airflow/example_dags/tutorial_dag.py
[2025-10-26T19:13:07.813+0000] {logging_mixin.py:188} INFO - [2025-10-26T19:13:07.813+0000] {dag.py:3096} INFO - Sync 1 DAGs
[2025-10-26T19:13:07.837+0000] {logging_mixin.py:188} INFO - [2025-10-26T19:13:07.837+0000] {dag.py:3954} INFO - Setting next_dagrun for tutorial_dag to None, run_after=None
[2025-10-26T19:13:07.864+0000] {processor.py:183} INFO - Processing /home/airflow/.local/lib/python3.12/site-packages/airflow/example_dags/tutorial_dag.py took 0.106 seconds
[2025-10-26T19:13:38.015+0000] {processor.py:161} INFO - Started process (PID=1114) to work on /home/airflow/.local/lib/python3.12/site-packages/airflow/example_dags/tutorial_dag.py
[2025-10-26T19:13:38.016+0000] {processor.py:830} INFO - Processing file /home/airflow/.local/lib/python3.12/site-packages/airflow/example_dags/tutorial_dag.py for tasks to queue
[2025-10-26T19:13:38.019+0000] {logging_mixin.py:188} INFO - [2025-10-26T19:13:38.019+0000] {dagbag.py:540} INFO - Filling up the DagBag from /home/airflow/.local/lib/python3.12/site-packages/airflow/example_dags/tutorial_dag.py
[2025-10-26T19:13:38.028+0000] {processor.py:840} INFO - DAG(s) 'tutorial_dag' retrieved from /home/airflow/.local/lib/python3.12/site-packages/airflow/example_dags/tutorial_dag.py
[2025-10-26T19:13:38.057+0000] {logging_mixin.py:188} INFO - [2025-10-26T19:13:38.057+0000] {dag.py:3096} INFO - Sync 1 DAGs
[2025-10-26T19:13:38.075+0000] {logging_mixin.py:188} INFO - [2025-10-26T19:13:38.075+0000] {dag.py:3954} INFO - Setting next_dagrun for tutorial_dag to None, run_after=None
[2025-10-26T19:13:38.105+0000] {processor.py:183} INFO - Processing /home/airflow/.local/lib/python3.12/site-packages/airflow/example_dags/tutorial_dag.py took 0.099 seconds
[2025-10-26T19:14:08.343+0000] {processor.py:161} INFO - Started process (PID=1168) to work on /home/airflow/.local/lib/python3.12/site-packages/airflow/example_dags/tutorial_dag.py
[2025-10-26T19:14:08.345+0000] {processor.py:830} INFO - Processing file /home/airflow/.local/lib/python3.12/site-packages/airflow/example_dags/tutorial_dag.py for tasks to queue
[2025-10-26T19:14:08.348+0000] {logging_mixin.py:188} INFO - [2025-10-26T19:14:08.347+0000] {dagbag.py:540} INFO - Filling up the DagBag from /home/airflow/.local/lib/python3.12/site-packages/airflow/example_dags/tutorial_dag.py
[2025-10-26T19:14:08.356+0000] {processor.py:840} INFO - DAG(s) 'tutorial_dag' retrieved from /home/airflow/.local/lib/python3.12/site-packages/airflow/example_dags/tutorial_dag.py
[2025-10-26T19:14:08.387+0000] {logging_mixin.py:188} INFO - [2025-10-26T19:14:08.387+0000] {dag.py:3096} INFO - Sync 1 DAGs
[2025-10-26T19:14:08.408+0000] {logging_mixin.py:188} INFO - [2025-10-26T19:14:08.408+0000] {dag.py:3954} INFO - Setting next_dagrun for tutorial_dag to None, run_after=None
[2025-10-26T19:14:08.435+0000] {processor.py:183} INFO - Processing /home/airflow/.local/lib/python3.12/site-packages/airflow/example_dags/tutorial_dag.py took 0.102 seconds
[2025-10-26T19:14:38.828+0000] {processor.py:161} INFO - Started process (PID=1257) to work on /home/airflow/.local/lib/python3.12/site-packages/airflow/example_dags/tutorial_dag.py
[2025-10-26T19:14:38.829+0000] {processor.py:830} INFO - Processing file /home/airflow/.local/lib/python3.12/site-packages/airflow/example_dags/tutorial_dag.py for tasks to queue
[2025-10-26T19:14:38.832+0000] {logging_mixin.py:188} INFO - [2025-10-26T19:14:38.832+0000] {dagbag.py:540} INFO - Filling up the DagBag from /home/airflow/.local/lib/python3.12/site-packages/airflow/example_dags/tutorial_dag.py
[2025-10-26T19:14:38.840+0000] {processor.py:840} INFO - DAG(s) 'tutorial_dag' retrieved from /home/airflow/.local/lib/python3.12/site-packages/airflow/example_dags/tutorial_dag.py
[2025-10-26T19:14:38.868+0000] {logging_mixin.py:188} INFO - [2025-10-26T19:14:38.868+0000] {dag.py:3096} INFO - Sync 1 DAGs
[2025-10-26T19:14:38.892+0000] {logging_mixin.py:188} INFO - [2025-10-26T19:14:38.892+0000] {dag.py:3954} INFO - Setting next_dagrun for tutorial_dag to None, run_after=None
[2025-10-26T19:14:38.918+0000] {processor.py:183} INFO - Processing /home/airflow/.local/lib/python3.12/site-packages/airflow/example_dags/tutorial_dag.py took 0.099 seconds
[2025-10-26T19:15:09.125+0000] {processor.py:161} INFO - Started process (PID=1311) to work on /home/airflow/.local/lib/python3.12/site-packages/airflow/example_dags/tutorial_dag.py
[2025-10-26T19:15:09.126+0000] {processor.py:830} INFO - Processing file /home/airflow/.local/lib/python3.12/site-packages/airflow/example_dags/tutorial_dag.py for tasks to queue
[2025-10-26T19:15:09.132+0000] {logging_mixin.py:188} INFO - [2025-10-26T19:15:09.132+0000] {dagbag.py:540} INFO - Filling up the DagBag from /home/airflow/.local/lib/python3.12/site-packages/airflow/example_dags/tutorial_dag.py
[2025-10-26T19:15:09.141+0000] {processor.py:840} INFO - DAG(s) 'tutorial_dag' retrieved from /home/airflow/.local/lib/python3.12/site-packages/airflow/example_dags/tutorial_dag.py
[2025-10-26T19:15:09.175+0000] {logging_mixin.py:188} INFO - [2025-10-26T19:15:09.175+0000] {dag.py:3096} INFO - Sync 1 DAGs
[2025-10-26T19:15:09.196+0000] {logging_mixin.py:188} INFO - [2025-10-26T19:15:09.196+0000] {dag.py:3954} INFO - Setting next_dagrun for tutorial_dag to None, run_after=None
[2025-10-26T19:15:09.222+0000] {processor.py:183} INFO - Processing /home/airflow/.local/lib/python3.12/site-packages/airflow/example_dags/tutorial_dag.py took 0.105 seconds
