[2025-10-26T18:32:19.109+0000] {processor.py:161} INFO - Started process (PID=75) to work on /home/airflow/.local/lib/python3.12/site-packages/airflow/example_dags/tutorial.py
[2025-10-26T18:32:19.111+0000] {processor.py:830} INFO - Processing file /home/airflow/.local/lib/python3.12/site-packages/airflow/example_dags/tutorial.py for tasks to queue
[2025-10-26T18:32:19.114+0000] {logging_mixin.py:188} INFO - [2025-10-26T18:32:19.114+0000] {dagbag.py:540} INFO - Filling up the DagBag from /home/airflow/.local/lib/python3.12/site-packages/airflow/example_dags/tutorial.py
[2025-10-26T18:32:19.125+0000] {processor.py:840} INFO - DAG(s) 'tutorial' retrieved from /home/airflow/.local/lib/python3.12/site-packages/airflow/example_dags/tutorial.py
[2025-10-26T18:32:19.271+0000] {logging_mixin.py:188} INFO - [2025-10-26T18:32:19.270+0000] {override.py:1829} INFO - Created Permission View: can edit on DAG:tutorial
[2025-10-26T18:32:19.284+0000] {logging_mixin.py:188} INFO - [2025-10-26T18:32:19.284+0000] {override.py:1829} INFO - Created Permission View: can read on DAG:tutorial
[2025-10-26T18:32:19.294+0000] {logging_mixin.py:188} INFO - [2025-10-26T18:32:19.293+0000] {override.py:1829} INFO - Created Permission View: can delete on DAG:tutorial
[2025-10-26T18:32:19.294+0000] {logging_mixin.py:188} INFO - [2025-10-26T18:32:19.294+0000] {dag.py:3096} INFO - Sync 1 DAGs
[2025-10-26T18:32:19.311+0000] {logging_mixin.py:188} INFO - [2025-10-26T18:32:19.311+0000] {dag.py:3118} INFO - Creating ORM DAG for tutorial
[2025-10-26T18:32:19.326+0000] {logging_mixin.py:188} INFO - [2025-10-26T18:32:19.326+0000] {dag.py:3954} INFO - Setting next_dagrun for tutorial to 2025-10-25 00:00:00+00:00, run_after=2025-10-26 00:00:00+00:00
[2025-10-26T18:32:19.354+0000] {processor.py:183} INFO - Processing /home/airflow/.local/lib/python3.12/site-packages/airflow/example_dags/tutorial.py took 0.253 seconds
[2025-10-26T18:32:49.427+0000] {processor.py:161} INFO - Started process (PID=131) to work on /home/airflow/.local/lib/python3.12/site-packages/airflow/example_dags/tutorial.py
[2025-10-26T18:32:49.428+0000] {processor.py:830} INFO - Processing file /home/airflow/.local/lib/python3.12/site-packages/airflow/example_dags/tutorial.py for tasks to queue
[2025-10-26T18:32:49.433+0000] {logging_mixin.py:188} INFO - [2025-10-26T18:32:49.432+0000] {dagbag.py:540} INFO - Filling up the DagBag from /home/airflow/.local/lib/python3.12/site-packages/airflow/example_dags/tutorial.py
[2025-10-26T18:32:49.442+0000] {processor.py:840} INFO - DAG(s) 'tutorial' retrieved from /home/airflow/.local/lib/python3.12/site-packages/airflow/example_dags/tutorial.py
[2025-10-26T18:32:49.473+0000] {logging_mixin.py:188} INFO - [2025-10-26T18:32:49.473+0000] {dag.py:3096} INFO - Sync 1 DAGs
[2025-10-26T18:32:49.509+0000] {logging_mixin.py:188} INFO - [2025-10-26T18:32:49.508+0000] {dag.py:3954} INFO - Setting next_dagrun for tutorial to 2025-10-25 00:00:00+00:00, run_after=2025-10-26 00:00:00+00:00
[2025-10-26T18:32:49.536+0000] {processor.py:183} INFO - Processing /home/airflow/.local/lib/python3.12/site-packages/airflow/example_dags/tutorial.py took 0.120 seconds
[2025-10-26T18:33:20.385+0000] {processor.py:161} INFO - Started process (PID=187) to work on /home/airflow/.local/lib/python3.12/site-packages/airflow/example_dags/tutorial.py
[2025-10-26T18:33:20.386+0000] {processor.py:830} INFO - Processing file /home/airflow/.local/lib/python3.12/site-packages/airflow/example_dags/tutorial.py for tasks to queue
[2025-10-26T18:33:20.389+0000] {logging_mixin.py:188} INFO - [2025-10-26T18:33:20.388+0000] {dagbag.py:540} INFO - Filling up the DagBag from /home/airflow/.local/lib/python3.12/site-packages/airflow/example_dags/tutorial.py
[2025-10-26T18:33:20.397+0000] {processor.py:840} INFO - DAG(s) 'tutorial' retrieved from /home/airflow/.local/lib/python3.12/site-packages/airflow/example_dags/tutorial.py
[2025-10-26T18:33:20.425+0000] {logging_mixin.py:188} INFO - [2025-10-26T18:33:20.425+0000] {dag.py:3096} INFO - Sync 1 DAGs
[2025-10-26T18:33:20.454+0000] {logging_mixin.py:188} INFO - [2025-10-26T18:33:20.454+0000] {dag.py:3954} INFO - Setting next_dagrun for tutorial to 2025-10-25 00:00:00+00:00, run_after=2025-10-26 00:00:00+00:00
[2025-10-26T18:33:20.478+0000] {processor.py:183} INFO - Processing /home/airflow/.local/lib/python3.12/site-packages/airflow/example_dags/tutorial.py took 0.101 seconds
[2025-10-26T18:33:51.280+0000] {processor.py:161} INFO - Started process (PID=243) to work on /home/airflow/.local/lib/python3.12/site-packages/airflow/example_dags/tutorial.py
[2025-10-26T18:33:51.281+0000] {processor.py:830} INFO - Processing file /home/airflow/.local/lib/python3.12/site-packages/airflow/example_dags/tutorial.py for tasks to queue
[2025-10-26T18:33:51.285+0000] {logging_mixin.py:188} INFO - [2025-10-26T18:33:51.284+0000] {dagbag.py:540} INFO - Filling up the DagBag from /home/airflow/.local/lib/python3.12/site-packages/airflow/example_dags/tutorial.py
[2025-10-26T18:33:51.295+0000] {processor.py:840} INFO - DAG(s) 'tutorial' retrieved from /home/airflow/.local/lib/python3.12/site-packages/airflow/example_dags/tutorial.py
[2025-10-26T18:33:51.324+0000] {logging_mixin.py:188} INFO - [2025-10-26T18:33:51.324+0000] {dag.py:3096} INFO - Sync 1 DAGs
[2025-10-26T18:33:51.351+0000] {logging_mixin.py:188} INFO - [2025-10-26T18:33:51.350+0000] {dag.py:3954} INFO - Setting next_dagrun for tutorial to 2025-10-25 00:00:00+00:00, run_after=2025-10-26 00:00:00+00:00
[2025-10-26T18:33:51.372+0000] {processor.py:183} INFO - Processing /home/airflow/.local/lib/python3.12/site-packages/airflow/example_dags/tutorial.py took 0.102 seconds
[2025-10-26T18:34:21.615+0000] {processor.py:161} INFO - Started process (PID=299) to work on /home/airflow/.local/lib/python3.12/site-packages/airflow/example_dags/tutorial.py
[2025-10-26T18:34:21.616+0000] {processor.py:830} INFO - Processing file /home/airflow/.local/lib/python3.12/site-packages/airflow/example_dags/tutorial.py for tasks to queue
[2025-10-26T18:34:21.618+0000] {logging_mixin.py:188} INFO - [2025-10-26T18:34:21.618+0000] {dagbag.py:540} INFO - Filling up the DagBag from /home/airflow/.local/lib/python3.12/site-packages/airflow/example_dags/tutorial.py
[2025-10-26T18:34:21.627+0000] {processor.py:840} INFO - DAG(s) 'tutorial' retrieved from /home/airflow/.local/lib/python3.12/site-packages/airflow/example_dags/tutorial.py
[2025-10-26T18:34:21.655+0000] {logging_mixin.py:188} INFO - [2025-10-26T18:34:21.654+0000] {dag.py:3096} INFO - Sync 1 DAGs
[2025-10-26T18:34:21.682+0000] {logging_mixin.py:188} INFO - [2025-10-26T18:34:21.682+0000] {dag.py:3954} INFO - Setting next_dagrun for tutorial to 2025-10-25 00:00:00+00:00, run_after=2025-10-26 00:00:00+00:00
[2025-10-26T18:34:21.704+0000] {processor.py:183} INFO - Processing /home/airflow/.local/lib/python3.12/site-packages/airflow/example_dags/tutorial.py took 0.098 seconds
[2025-10-26T18:34:52.730+0000] {processor.py:161} INFO - Started process (PID=355) to work on /home/airflow/.local/lib/python3.12/site-packages/airflow/example_dags/tutorial.py
[2025-10-26T18:34:52.731+0000] {processor.py:830} INFO - Processing file /home/airflow/.local/lib/python3.12/site-packages/airflow/example_dags/tutorial.py for tasks to queue
[2025-10-26T18:34:52.734+0000] {logging_mixin.py:188} INFO - [2025-10-26T18:34:52.733+0000] {dagbag.py:540} INFO - Filling up the DagBag from /home/airflow/.local/lib/python3.12/site-packages/airflow/example_dags/tutorial.py
[2025-10-26T18:34:52.744+0000] {processor.py:840} INFO - DAG(s) 'tutorial' retrieved from /home/airflow/.local/lib/python3.12/site-packages/airflow/example_dags/tutorial.py
[2025-10-26T18:34:52.771+0000] {logging_mixin.py:188} INFO - [2025-10-26T18:34:52.771+0000] {dag.py:3096} INFO - Sync 1 DAGs
[2025-10-26T18:34:52.799+0000] {logging_mixin.py:188} INFO - [2025-10-26T18:34:52.798+0000] {dag.py:3954} INFO - Setting next_dagrun for tutorial to 2025-10-25 00:00:00+00:00, run_after=2025-10-26 00:00:00+00:00
[2025-10-26T18:34:52.824+0000] {processor.py:183} INFO - Processing /home/airflow/.local/lib/python3.12/site-packages/airflow/example_dags/tutorial.py took 0.104 seconds
[2025-10-26T18:35:23.130+0000] {processor.py:161} INFO - Started process (PID=411) to work on /home/airflow/.local/lib/python3.12/site-packages/airflow/example_dags/tutorial.py
[2025-10-26T18:35:23.132+0000] {processor.py:830} INFO - Processing file /home/airflow/.local/lib/python3.12/site-packages/airflow/example_dags/tutorial.py for tasks to queue
[2025-10-26T18:35:23.135+0000] {logging_mixin.py:188} INFO - [2025-10-26T18:35:23.134+0000] {dagbag.py:540} INFO - Filling up the DagBag from /home/airflow/.local/lib/python3.12/site-packages/airflow/example_dags/tutorial.py
[2025-10-26T18:35:23.143+0000] {processor.py:840} INFO - DAG(s) 'tutorial' retrieved from /home/airflow/.local/lib/python3.12/site-packages/airflow/example_dags/tutorial.py
[2025-10-26T18:35:23.174+0000] {logging_mixin.py:188} INFO - [2025-10-26T18:35:23.174+0000] {dag.py:3096} INFO - Sync 1 DAGs
[2025-10-26T18:35:23.205+0000] {logging_mixin.py:188} INFO - [2025-10-26T18:35:23.205+0000] {dag.py:3954} INFO - Setting next_dagrun for tutorial to 2025-10-25 00:00:00+00:00, run_after=2025-10-26 00:00:00+00:00
[2025-10-26T18:35:23.229+0000] {processor.py:183} INFO - Processing /home/airflow/.local/lib/python3.12/site-packages/airflow/example_dags/tutorial.py took 0.108 seconds
[2025-10-26T18:35:53.535+0000] {processor.py:161} INFO - Started process (PID=467) to work on /home/airflow/.local/lib/python3.12/site-packages/airflow/example_dags/tutorial.py
[2025-10-26T18:35:53.536+0000] {processor.py:830} INFO - Processing file /home/airflow/.local/lib/python3.12/site-packages/airflow/example_dags/tutorial.py for tasks to queue
[2025-10-26T18:35:53.539+0000] {logging_mixin.py:188} INFO - [2025-10-26T18:35:53.539+0000] {dagbag.py:540} INFO - Filling up the DagBag from /home/airflow/.local/lib/python3.12/site-packages/airflow/example_dags/tutorial.py
[2025-10-26T18:35:53.547+0000] {processor.py:840} INFO - DAG(s) 'tutorial' retrieved from /home/airflow/.local/lib/python3.12/site-packages/airflow/example_dags/tutorial.py
[2025-10-26T18:35:53.576+0000] {logging_mixin.py:188} INFO - [2025-10-26T18:35:53.576+0000] {dag.py:3096} INFO - Sync 1 DAGs
[2025-10-26T18:35:53.604+0000] {logging_mixin.py:188} INFO - [2025-10-26T18:35:53.604+0000] {dag.py:3954} INFO - Setting next_dagrun for tutorial to 2025-10-25 00:00:00+00:00, run_after=2025-10-26 00:00:00+00:00
[2025-10-26T18:35:53.626+0000] {processor.py:183} INFO - Processing /home/airflow/.local/lib/python3.12/site-packages/airflow/example_dags/tutorial.py took 0.100 seconds
[2025-10-26T18:36:24.067+0000] {processor.py:161} INFO - Started process (PID=523) to work on /home/airflow/.local/lib/python3.12/site-packages/airflow/example_dags/tutorial.py
[2025-10-26T18:36:24.068+0000] {processor.py:830} INFO - Processing file /home/airflow/.local/lib/python3.12/site-packages/airflow/example_dags/tutorial.py for tasks to queue
[2025-10-26T18:36:24.071+0000] {logging_mixin.py:188} INFO - [2025-10-26T18:36:24.070+0000] {dagbag.py:540} INFO - Filling up the DagBag from /home/airflow/.local/lib/python3.12/site-packages/airflow/example_dags/tutorial.py
[2025-10-26T18:36:24.079+0000] {processor.py:840} INFO - DAG(s) 'tutorial' retrieved from /home/airflow/.local/lib/python3.12/site-packages/airflow/example_dags/tutorial.py
[2025-10-26T18:36:24.107+0000] {logging_mixin.py:188} INFO - [2025-10-26T18:36:24.107+0000] {dag.py:3096} INFO - Sync 1 DAGs
[2025-10-26T18:36:24.135+0000] {logging_mixin.py:188} INFO - [2025-10-26T18:36:24.135+0000] {dag.py:3954} INFO - Setting next_dagrun for tutorial to 2025-10-25 00:00:00+00:00, run_after=2025-10-26 00:00:00+00:00
[2025-10-26T18:36:24.157+0000] {processor.py:183} INFO - Processing /home/airflow/.local/lib/python3.12/site-packages/airflow/example_dags/tutorial.py took 0.099 seconds
[2025-10-26T18:36:55.130+0000] {processor.py:161} INFO - Started process (PID=579) to work on /home/airflow/.local/lib/python3.12/site-packages/airflow/example_dags/tutorial.py
[2025-10-26T18:36:55.133+0000] {processor.py:830} INFO - Processing file /home/airflow/.local/lib/python3.12/site-packages/airflow/example_dags/tutorial.py for tasks to queue
[2025-10-26T18:36:55.137+0000] {logging_mixin.py:188} INFO - [2025-10-26T18:36:55.136+0000] {dagbag.py:540} INFO - Filling up the DagBag from /home/airflow/.local/lib/python3.12/site-packages/airflow/example_dags/tutorial.py
[2025-10-26T18:36:55.148+0000] {processor.py:840} INFO - DAG(s) 'tutorial' retrieved from /home/airflow/.local/lib/python3.12/site-packages/airflow/example_dags/tutorial.py
[2025-10-26T18:36:55.182+0000] {logging_mixin.py:188} INFO - [2025-10-26T18:36:55.181+0000] {dag.py:3096} INFO - Sync 1 DAGs
[2025-10-26T18:36:55.221+0000] {logging_mixin.py:188} INFO - [2025-10-26T18:36:55.221+0000] {dag.py:3954} INFO - Setting next_dagrun for tutorial to 2025-10-25 00:00:00+00:00, run_after=2025-10-26 00:00:00+00:00
[2025-10-26T18:36:55.256+0000] {processor.py:183} INFO - Processing /home/airflow/.local/lib/python3.12/site-packages/airflow/example_dags/tutorial.py took 0.146 seconds
[2025-10-26T18:37:25.410+0000] {processor.py:161} INFO - Started process (PID=635) to work on /home/airflow/.local/lib/python3.12/site-packages/airflow/example_dags/tutorial.py
[2025-10-26T18:37:25.411+0000] {processor.py:830} INFO - Processing file /home/airflow/.local/lib/python3.12/site-packages/airflow/example_dags/tutorial.py for tasks to queue
[2025-10-26T18:37:25.414+0000] {logging_mixin.py:188} INFO - [2025-10-26T18:37:25.414+0000] {dagbag.py:540} INFO - Filling up the DagBag from /home/airflow/.local/lib/python3.12/site-packages/airflow/example_dags/tutorial.py
[2025-10-26T18:37:25.424+0000] {processor.py:840} INFO - DAG(s) 'tutorial' retrieved from /home/airflow/.local/lib/python3.12/site-packages/airflow/example_dags/tutorial.py
[2025-10-26T18:37:25.454+0000] {logging_mixin.py:188} INFO - [2025-10-26T18:37:25.453+0000] {dag.py:3096} INFO - Sync 1 DAGs
[2025-10-26T18:37:25.484+0000] {logging_mixin.py:188} INFO - [2025-10-26T18:37:25.484+0000] {dag.py:3954} INFO - Setting next_dagrun for tutorial to 2025-10-25 00:00:00+00:00, run_after=2025-10-26 00:00:00+00:00
[2025-10-26T18:37:25.510+0000] {processor.py:183} INFO - Processing /home/airflow/.local/lib/python3.12/site-packages/airflow/example_dags/tutorial.py took 0.108 seconds
[2025-10-26T18:37:55.587+0000] {processor.py:161} INFO - Started process (PID=691) to work on /home/airflow/.local/lib/python3.12/site-packages/airflow/example_dags/tutorial.py
[2025-10-26T18:37:55.588+0000] {processor.py:830} INFO - Processing file /home/airflow/.local/lib/python3.12/site-packages/airflow/example_dags/tutorial.py for tasks to queue
[2025-10-26T18:37:55.591+0000] {logging_mixin.py:188} INFO - [2025-10-26T18:37:55.590+0000] {dagbag.py:540} INFO - Filling up the DagBag from /home/airflow/.local/lib/python3.12/site-packages/airflow/example_dags/tutorial.py
[2025-10-26T18:37:55.599+0000] {processor.py:840} INFO - DAG(s) 'tutorial' retrieved from /home/airflow/.local/lib/python3.12/site-packages/airflow/example_dags/tutorial.py
[2025-10-26T18:37:55.625+0000] {logging_mixin.py:188} INFO - [2025-10-26T18:37:55.625+0000] {dag.py:3096} INFO - Sync 1 DAGs
[2025-10-26T18:37:55.653+0000] {logging_mixin.py:188} INFO - [2025-10-26T18:37:55.652+0000] {dag.py:3954} INFO - Setting next_dagrun for tutorial to 2025-10-25 00:00:00+00:00, run_after=2025-10-26 00:00:00+00:00
[2025-10-26T18:37:55.675+0000] {processor.py:183} INFO - Processing /home/airflow/.local/lib/python3.12/site-packages/airflow/example_dags/tutorial.py took 0.096 seconds
[2025-10-26T18:38:26.524+0000] {processor.py:161} INFO - Started process (PID=747) to work on /home/airflow/.local/lib/python3.12/site-packages/airflow/example_dags/tutorial.py
[2025-10-26T18:38:26.525+0000] {processor.py:830} INFO - Processing file /home/airflow/.local/lib/python3.12/site-packages/airflow/example_dags/tutorial.py for tasks to queue
[2025-10-26T18:38:26.528+0000] {logging_mixin.py:188} INFO - [2025-10-26T18:38:26.527+0000] {dagbag.py:540} INFO - Filling up the DagBag from /home/airflow/.local/lib/python3.12/site-packages/airflow/example_dags/tutorial.py
[2025-10-26T18:38:26.537+0000] {processor.py:840} INFO - DAG(s) 'tutorial' retrieved from /home/airflow/.local/lib/python3.12/site-packages/airflow/example_dags/tutorial.py
[2025-10-26T18:38:26.569+0000] {logging_mixin.py:188} INFO - [2025-10-26T18:38:26.568+0000] {dag.py:3096} INFO - Sync 1 DAGs
[2025-10-26T18:38:26.603+0000] {logging_mixin.py:188} INFO - [2025-10-26T18:38:26.603+0000] {dag.py:3954} INFO - Setting next_dagrun for tutorial to 2025-10-25 00:00:00+00:00, run_after=2025-10-26 00:00:00+00:00
[2025-10-26T18:38:26.628+0000] {processor.py:183} INFO - Processing /home/airflow/.local/lib/python3.12/site-packages/airflow/example_dags/tutorial.py took 0.113 seconds
[2025-10-26T18:39:00.594+0000] {processor.py:161} INFO - Started process (PID=75) to work on /home/airflow/.local/lib/python3.12/site-packages/airflow/example_dags/tutorial.py
[2025-10-26T18:39:00.595+0000] {processor.py:830} INFO - Processing file /home/airflow/.local/lib/python3.12/site-packages/airflow/example_dags/tutorial.py for tasks to queue
[2025-10-26T18:39:00.598+0000] {logging_mixin.py:188} INFO - [2025-10-26T18:39:00.598+0000] {dagbag.py:540} INFO - Filling up the DagBag from /home/airflow/.local/lib/python3.12/site-packages/airflow/example_dags/tutorial.py
[2025-10-26T18:39:00.606+0000] {processor.py:840} INFO - DAG(s) 'tutorial' retrieved from /home/airflow/.local/lib/python3.12/site-packages/airflow/example_dags/tutorial.py
[2025-10-26T18:39:00.636+0000] {logging_mixin.py:188} INFO - [2025-10-26T18:39:00.636+0000] {dag.py:3096} INFO - Sync 1 DAGs
[2025-10-26T18:39:00.673+0000] {logging_mixin.py:188} INFO - [2025-10-26T18:39:00.672+0000] {dag.py:3954} INFO - Setting next_dagrun for tutorial to 2025-10-25 00:00:00+00:00, run_after=2025-10-26 00:00:00+00:00
[2025-10-26T18:39:00.713+0000] {processor.py:183} INFO - Processing /home/airflow/.local/lib/python3.12/site-packages/airflow/example_dags/tutorial.py took 0.128 seconds
[2025-10-26T18:39:32.284+0000] {processor.py:161} INFO - Started process (PID=131) to work on /home/airflow/.local/lib/python3.12/site-packages/airflow/example_dags/tutorial.py
[2025-10-26T18:39:32.285+0000] {processor.py:830} INFO - Processing file /home/airflow/.local/lib/python3.12/site-packages/airflow/example_dags/tutorial.py for tasks to queue
[2025-10-26T18:39:32.288+0000] {logging_mixin.py:188} INFO - [2025-10-26T18:39:32.287+0000] {dagbag.py:540} INFO - Filling up the DagBag from /home/airflow/.local/lib/python3.12/site-packages/airflow/example_dags/tutorial.py
[2025-10-26T18:39:32.452+0000] {processor.py:840} INFO - DAG(s) 'tutorial' retrieved from /home/airflow/.local/lib/python3.12/site-packages/airflow/example_dags/tutorial.py
[2025-10-26T18:39:32.475+0000] {logging_mixin.py:188} INFO - [2025-10-26T18:39:32.475+0000] {dag.py:3096} INFO - Sync 1 DAGs
[2025-10-26T18:39:32.499+0000] {logging_mixin.py:188} INFO - [2025-10-26T18:39:32.498+0000] {dag.py:3954} INFO - Setting next_dagrun for tutorial to 2025-10-25 00:00:00+00:00, run_after=2025-10-26 00:00:00+00:00
[2025-10-26T18:39:32.521+0000] {processor.py:183} INFO - Processing /home/airflow/.local/lib/python3.12/site-packages/airflow/example_dags/tutorial.py took 0.245 seconds
[2025-10-26T18:40:03.177+0000] {processor.py:161} INFO - Started process (PID=187) to work on /home/airflow/.local/lib/python3.12/site-packages/airflow/example_dags/tutorial.py
[2025-10-26T18:40:03.178+0000] {processor.py:830} INFO - Processing file /home/airflow/.local/lib/python3.12/site-packages/airflow/example_dags/tutorial.py for tasks to queue
[2025-10-26T18:40:03.181+0000] {logging_mixin.py:188} INFO - [2025-10-26T18:40:03.181+0000] {dagbag.py:540} INFO - Filling up the DagBag from /home/airflow/.local/lib/python3.12/site-packages/airflow/example_dags/tutorial.py
[2025-10-26T18:40:03.190+0000] {processor.py:840} INFO - DAG(s) 'tutorial' retrieved from /home/airflow/.local/lib/python3.12/site-packages/airflow/example_dags/tutorial.py
[2025-10-26T18:40:03.220+0000] {logging_mixin.py:188} INFO - [2025-10-26T18:40:03.220+0000] {dag.py:3096} INFO - Sync 1 DAGs
[2025-10-26T18:40:03.248+0000] {logging_mixin.py:188} INFO - [2025-10-26T18:40:03.248+0000] {dag.py:3954} INFO - Setting next_dagrun for tutorial to 2025-10-25 00:00:00+00:00, run_after=2025-10-26 00:00:00+00:00
[2025-10-26T18:40:03.274+0000] {processor.py:183} INFO - Processing /home/airflow/.local/lib/python3.12/site-packages/airflow/example_dags/tutorial.py took 0.106 seconds
[2025-10-26T18:40:33.420+0000] {processor.py:161} INFO - Started process (PID=243) to work on /home/airflow/.local/lib/python3.12/site-packages/airflow/example_dags/tutorial.py
[2025-10-26T18:40:33.421+0000] {processor.py:830} INFO - Processing file /home/airflow/.local/lib/python3.12/site-packages/airflow/example_dags/tutorial.py for tasks to queue
[2025-10-26T18:40:33.424+0000] {logging_mixin.py:188} INFO - [2025-10-26T18:40:33.423+0000] {dagbag.py:540} INFO - Filling up the DagBag from /home/airflow/.local/lib/python3.12/site-packages/airflow/example_dags/tutorial.py
[2025-10-26T18:40:33.432+0000] {processor.py:840} INFO - DAG(s) 'tutorial' retrieved from /home/airflow/.local/lib/python3.12/site-packages/airflow/example_dags/tutorial.py
[2025-10-26T18:40:33.462+0000] {logging_mixin.py:188} INFO - [2025-10-26T18:40:33.462+0000] {dag.py:3096} INFO - Sync 1 DAGs
[2025-10-26T18:40:33.493+0000] {logging_mixin.py:188} INFO - [2025-10-26T18:40:33.492+0000] {dag.py:3954} INFO - Setting next_dagrun for tutorial to 2025-10-25 00:00:00+00:00, run_after=2025-10-26 00:00:00+00:00
[2025-10-26T18:40:33.518+0000] {processor.py:183} INFO - Processing /home/airflow/.local/lib/python3.12/site-packages/airflow/example_dags/tutorial.py took 0.107 seconds
[2025-10-26T18:41:03.725+0000] {processor.py:161} INFO - Started process (PID=299) to work on /home/airflow/.local/lib/python3.12/site-packages/airflow/example_dags/tutorial.py
[2025-10-26T18:41:03.726+0000] {processor.py:830} INFO - Processing file /home/airflow/.local/lib/python3.12/site-packages/airflow/example_dags/tutorial.py for tasks to queue
[2025-10-26T18:41:03.729+0000] {logging_mixin.py:188} INFO - [2025-10-26T18:41:03.728+0000] {dagbag.py:540} INFO - Filling up the DagBag from /home/airflow/.local/lib/python3.12/site-packages/airflow/example_dags/tutorial.py
[2025-10-26T18:41:03.737+0000] {processor.py:840} INFO - DAG(s) 'tutorial' retrieved from /home/airflow/.local/lib/python3.12/site-packages/airflow/example_dags/tutorial.py
[2025-10-26T18:41:03.765+0000] {logging_mixin.py:188} INFO - [2025-10-26T18:41:03.765+0000] {dag.py:3096} INFO - Sync 1 DAGs
[2025-10-26T18:41:03.793+0000] {logging_mixin.py:188} INFO - [2025-10-26T18:41:03.793+0000] {dag.py:3954} INFO - Setting next_dagrun for tutorial to 2025-10-25 00:00:00+00:00, run_after=2025-10-26 00:00:00+00:00
[2025-10-26T18:41:03.818+0000] {processor.py:183} INFO - Processing /home/airflow/.local/lib/python3.12/site-packages/airflow/example_dags/tutorial.py took 0.102 seconds
[2025-10-26T18:41:34.059+0000] {processor.py:161} INFO - Started process (PID=355) to work on /home/airflow/.local/lib/python3.12/site-packages/airflow/example_dags/tutorial.py
[2025-10-26T18:41:34.060+0000] {processor.py:830} INFO - Processing file /home/airflow/.local/lib/python3.12/site-packages/airflow/example_dags/tutorial.py for tasks to queue
[2025-10-26T18:41:34.063+0000] {logging_mixin.py:188} INFO - [2025-10-26T18:41:34.063+0000] {dagbag.py:540} INFO - Filling up the DagBag from /home/airflow/.local/lib/python3.12/site-packages/airflow/example_dags/tutorial.py
[2025-10-26T18:41:34.072+0000] {processor.py:840} INFO - DAG(s) 'tutorial' retrieved from /home/airflow/.local/lib/python3.12/site-packages/airflow/example_dags/tutorial.py
[2025-10-26T18:41:34.101+0000] {logging_mixin.py:188} INFO - [2025-10-26T18:41:34.101+0000] {dag.py:3096} INFO - Sync 1 DAGs
[2025-10-26T18:41:34.132+0000] {logging_mixin.py:188} INFO - [2025-10-26T18:41:34.132+0000] {dag.py:3954} INFO - Setting next_dagrun for tutorial to 2025-10-25 00:00:00+00:00, run_after=2025-10-26 00:00:00+00:00
[2025-10-26T18:41:34.161+0000] {processor.py:183} INFO - Processing /home/airflow/.local/lib/python3.12/site-packages/airflow/example_dags/tutorial.py took 0.110 seconds
[2025-10-26T18:42:04.400+0000] {processor.py:161} INFO - Started process (PID=411) to work on /home/airflow/.local/lib/python3.12/site-packages/airflow/example_dags/tutorial.py
[2025-10-26T18:42:04.405+0000] {processor.py:830} INFO - Processing file /home/airflow/.local/lib/python3.12/site-packages/airflow/example_dags/tutorial.py for tasks to queue
[2025-10-26T18:42:04.408+0000] {logging_mixin.py:188} INFO - [2025-10-26T18:42:04.407+0000] {dagbag.py:540} INFO - Filling up the DagBag from /home/airflow/.local/lib/python3.12/site-packages/airflow/example_dags/tutorial.py
[2025-10-26T18:42:04.419+0000] {processor.py:840} INFO - DAG(s) 'tutorial' retrieved from /home/airflow/.local/lib/python3.12/site-packages/airflow/example_dags/tutorial.py
[2025-10-26T18:42:04.448+0000] {logging_mixin.py:188} INFO - [2025-10-26T18:42:04.448+0000] {dag.py:3096} INFO - Sync 1 DAGs
[2025-10-26T18:42:04.478+0000] {logging_mixin.py:188} INFO - [2025-10-26T18:42:04.477+0000] {dag.py:3954} INFO - Setting next_dagrun for tutorial to 2025-10-25 00:00:00+00:00, run_after=2025-10-26 00:00:00+00:00
[2025-10-26T18:42:04.503+0000] {processor.py:183} INFO - Processing /home/airflow/.local/lib/python3.12/site-packages/airflow/example_dags/tutorial.py took 0.111 seconds
[2025-10-26T18:42:34.854+0000] {processor.py:161} INFO - Started process (PID=467) to work on /home/airflow/.local/lib/python3.12/site-packages/airflow/example_dags/tutorial.py
[2025-10-26T18:42:34.855+0000] {processor.py:830} INFO - Processing file /home/airflow/.local/lib/python3.12/site-packages/airflow/example_dags/tutorial.py for tasks to queue
[2025-10-26T18:42:34.859+0000] {logging_mixin.py:188} INFO - [2025-10-26T18:42:34.859+0000] {dagbag.py:540} INFO - Filling up the DagBag from /home/airflow/.local/lib/python3.12/site-packages/airflow/example_dags/tutorial.py
[2025-10-26T18:42:34.869+0000] {processor.py:840} INFO - DAG(s) 'tutorial' retrieved from /home/airflow/.local/lib/python3.12/site-packages/airflow/example_dags/tutorial.py
[2025-10-26T18:42:34.900+0000] {logging_mixin.py:188} INFO - [2025-10-26T18:42:34.899+0000] {dag.py:3096} INFO - Sync 1 DAGs
[2025-10-26T18:42:34.932+0000] {logging_mixin.py:188} INFO - [2025-10-26T18:42:34.932+0000] {dag.py:3954} INFO - Setting next_dagrun for tutorial to 2025-10-25 00:00:00+00:00, run_after=2025-10-26 00:00:00+00:00
[2025-10-26T18:42:34.963+0000] {processor.py:183} INFO - Processing /home/airflow/.local/lib/python3.12/site-packages/airflow/example_dags/tutorial.py took 0.118 seconds
[2025-10-26T18:43:05.053+0000] {processor.py:161} INFO - Started process (PID=523) to work on /home/airflow/.local/lib/python3.12/site-packages/airflow/example_dags/tutorial.py
[2025-10-26T18:43:05.054+0000] {processor.py:830} INFO - Processing file /home/airflow/.local/lib/python3.12/site-packages/airflow/example_dags/tutorial.py for tasks to queue
[2025-10-26T18:43:05.057+0000] {logging_mixin.py:188} INFO - [2025-10-26T18:43:05.057+0000] {dagbag.py:540} INFO - Filling up the DagBag from /home/airflow/.local/lib/python3.12/site-packages/airflow/example_dags/tutorial.py
[2025-10-26T18:43:05.067+0000] {processor.py:840} INFO - DAG(s) 'tutorial' retrieved from /home/airflow/.local/lib/python3.12/site-packages/airflow/example_dags/tutorial.py
[2025-10-26T18:43:05.094+0000] {logging_mixin.py:188} INFO - [2025-10-26T18:43:05.094+0000] {dag.py:3096} INFO - Sync 1 DAGs
[2025-10-26T18:43:05.125+0000] {logging_mixin.py:188} INFO - [2025-10-26T18:43:05.125+0000] {dag.py:3954} INFO - Setting next_dagrun for tutorial to 2025-10-25 00:00:00+00:00, run_after=2025-10-26 00:00:00+00:00
[2025-10-26T18:43:05.151+0000] {processor.py:183} INFO - Processing /home/airflow/.local/lib/python3.12/site-packages/airflow/example_dags/tutorial.py took 0.107 seconds
[2025-10-26T18:43:35.283+0000] {processor.py:161} INFO - Started process (PID=579) to work on /home/airflow/.local/lib/python3.12/site-packages/airflow/example_dags/tutorial.py
[2025-10-26T18:43:35.284+0000] {processor.py:830} INFO - Processing file /home/airflow/.local/lib/python3.12/site-packages/airflow/example_dags/tutorial.py for tasks to queue
[2025-10-26T18:43:35.287+0000] {logging_mixin.py:188} INFO - [2025-10-26T18:43:35.287+0000] {dagbag.py:540} INFO - Filling up the DagBag from /home/airflow/.local/lib/python3.12/site-packages/airflow/example_dags/tutorial.py
[2025-10-26T18:43:35.296+0000] {processor.py:840} INFO - DAG(s) 'tutorial' retrieved from /home/airflow/.local/lib/python3.12/site-packages/airflow/example_dags/tutorial.py
[2025-10-26T18:43:35.322+0000] {logging_mixin.py:188} INFO - [2025-10-26T18:43:35.322+0000] {dag.py:3096} INFO - Sync 1 DAGs
[2025-10-26T18:43:35.352+0000] {logging_mixin.py:188} INFO - [2025-10-26T18:43:35.352+0000] {dag.py:3954} INFO - Setting next_dagrun for tutorial to 2025-10-25 00:00:00+00:00, run_after=2025-10-26 00:00:00+00:00
[2025-10-26T18:43:35.381+0000] {processor.py:183} INFO - Processing /home/airflow/.local/lib/python3.12/site-packages/airflow/example_dags/tutorial.py took 0.106 seconds
[2025-10-26T18:44:05.520+0000] {processor.py:161} INFO - Started process (PID=635) to work on /home/airflow/.local/lib/python3.12/site-packages/airflow/example_dags/tutorial.py
[2025-10-26T18:44:05.521+0000] {processor.py:830} INFO - Processing file /home/airflow/.local/lib/python3.12/site-packages/airflow/example_dags/tutorial.py for tasks to queue
[2025-10-26T18:44:05.524+0000] {logging_mixin.py:188} INFO - [2025-10-26T18:44:05.523+0000] {dagbag.py:540} INFO - Filling up the DagBag from /home/airflow/.local/lib/python3.12/site-packages/airflow/example_dags/tutorial.py
[2025-10-26T18:44:05.531+0000] {processor.py:840} INFO - DAG(s) 'tutorial' retrieved from /home/airflow/.local/lib/python3.12/site-packages/airflow/example_dags/tutorial.py
[2025-10-26T18:44:05.561+0000] {logging_mixin.py:188} INFO - [2025-10-26T18:44:05.560+0000] {dag.py:3096} INFO - Sync 1 DAGs
[2025-10-26T18:44:05.587+0000] {logging_mixin.py:188} INFO - [2025-10-26T18:44:05.587+0000] {dag.py:3954} INFO - Setting next_dagrun for tutorial to 2025-10-25 00:00:00+00:00, run_after=2025-10-26 00:00:00+00:00
[2025-10-26T18:44:05.611+0000] {processor.py:183} INFO - Processing /home/airflow/.local/lib/python3.12/site-packages/airflow/example_dags/tutorial.py took 0.099 seconds
[2025-10-26T18:44:35.673+0000] {processor.py:161} INFO - Started process (PID=691) to work on /home/airflow/.local/lib/python3.12/site-packages/airflow/example_dags/tutorial.py
[2025-10-26T18:44:35.674+0000] {processor.py:830} INFO - Processing file /home/airflow/.local/lib/python3.12/site-packages/airflow/example_dags/tutorial.py for tasks to queue
[2025-10-26T18:44:35.679+0000] {logging_mixin.py:188} INFO - [2025-10-26T18:44:35.678+0000] {dagbag.py:540} INFO - Filling up the DagBag from /home/airflow/.local/lib/python3.12/site-packages/airflow/example_dags/tutorial.py
[2025-10-26T18:44:35.690+0000] {processor.py:840} INFO - DAG(s) 'tutorial' retrieved from /home/airflow/.local/lib/python3.12/site-packages/airflow/example_dags/tutorial.py
[2025-10-26T18:44:35.720+0000] {logging_mixin.py:188} INFO - [2025-10-26T18:44:35.720+0000] {dag.py:3096} INFO - Sync 1 DAGs
[2025-10-26T18:44:35.749+0000] {logging_mixin.py:188} INFO - [2025-10-26T18:44:35.749+0000] {dag.py:3954} INFO - Setting next_dagrun for tutorial to 2025-10-25 00:00:00+00:00, run_after=2025-10-26 00:00:00+00:00
[2025-10-26T18:44:35.775+0000] {processor.py:183} INFO - Processing /home/airflow/.local/lib/python3.12/site-packages/airflow/example_dags/tutorial.py took 0.110 seconds
[2025-10-26T18:45:05.990+0000] {processor.py:161} INFO - Started process (PID=747) to work on /home/airflow/.local/lib/python3.12/site-packages/airflow/example_dags/tutorial.py
[2025-10-26T18:45:05.991+0000] {processor.py:830} INFO - Processing file /home/airflow/.local/lib/python3.12/site-packages/airflow/example_dags/tutorial.py for tasks to queue
[2025-10-26T18:45:05.994+0000] {logging_mixin.py:188} INFO - [2025-10-26T18:45:05.993+0000] {dagbag.py:540} INFO - Filling up the DagBag from /home/airflow/.local/lib/python3.12/site-packages/airflow/example_dags/tutorial.py
[2025-10-26T18:45:06.002+0000] {processor.py:840} INFO - DAG(s) 'tutorial' retrieved from /home/airflow/.local/lib/python3.12/site-packages/airflow/example_dags/tutorial.py
[2025-10-26T18:45:06.029+0000] {logging_mixin.py:188} INFO - [2025-10-26T18:45:06.029+0000] {dag.py:3096} INFO - Sync 1 DAGs
[2025-10-26T18:45:06.055+0000] {logging_mixin.py:188} INFO - [2025-10-26T18:45:06.055+0000] {dag.py:3954} INFO - Setting next_dagrun for tutorial to 2025-10-25 00:00:00+00:00, run_after=2025-10-26 00:00:00+00:00
[2025-10-26T18:45:06.077+0000] {processor.py:183} INFO - Processing /home/airflow/.local/lib/python3.12/site-packages/airflow/example_dags/tutorial.py took 0.096 seconds
[2025-10-26T18:45:36.330+0000] {processor.py:161} INFO - Started process (PID=803) to work on /home/airflow/.local/lib/python3.12/site-packages/airflow/example_dags/tutorial.py
[2025-10-26T18:45:36.331+0000] {processor.py:830} INFO - Processing file /home/airflow/.local/lib/python3.12/site-packages/airflow/example_dags/tutorial.py for tasks to queue
[2025-10-26T18:45:36.333+0000] {logging_mixin.py:188} INFO - [2025-10-26T18:45:36.333+0000] {dagbag.py:540} INFO - Filling up the DagBag from /home/airflow/.local/lib/python3.12/site-packages/airflow/example_dags/tutorial.py
[2025-10-26T18:45:36.341+0000] {processor.py:840} INFO - DAG(s) 'tutorial' retrieved from /home/airflow/.local/lib/python3.12/site-packages/airflow/example_dags/tutorial.py
[2025-10-26T18:45:36.366+0000] {logging_mixin.py:188} INFO - [2025-10-26T18:45:36.366+0000] {dag.py:3096} INFO - Sync 1 DAGs
[2025-10-26T18:45:36.393+0000] {logging_mixin.py:188} INFO - [2025-10-26T18:45:36.393+0000] {dag.py:3954} INFO - Setting next_dagrun for tutorial to 2025-10-25 00:00:00+00:00, run_after=2025-10-26 00:00:00+00:00
[2025-10-26T18:45:36.421+0000] {processor.py:183} INFO - Processing /home/airflow/.local/lib/python3.12/site-packages/airflow/example_dags/tutorial.py took 0.099 seconds
[2025-10-26T18:46:06.572+0000] {processor.py:161} INFO - Started process (PID=859) to work on /home/airflow/.local/lib/python3.12/site-packages/airflow/example_dags/tutorial.py
[2025-10-26T18:46:06.573+0000] {processor.py:830} INFO - Processing file /home/airflow/.local/lib/python3.12/site-packages/airflow/example_dags/tutorial.py for tasks to queue
[2025-10-26T18:46:06.575+0000] {logging_mixin.py:188} INFO - [2025-10-26T18:46:06.575+0000] {dagbag.py:540} INFO - Filling up the DagBag from /home/airflow/.local/lib/python3.12/site-packages/airflow/example_dags/tutorial.py
[2025-10-26T18:46:06.583+0000] {processor.py:840} INFO - DAG(s) 'tutorial' retrieved from /home/airflow/.local/lib/python3.12/site-packages/airflow/example_dags/tutorial.py
[2025-10-26T18:46:06.609+0000] {logging_mixin.py:188} INFO - [2025-10-26T18:46:06.609+0000] {dag.py:3096} INFO - Sync 1 DAGs
[2025-10-26T18:46:06.635+0000] {logging_mixin.py:188} INFO - [2025-10-26T18:46:06.635+0000] {dag.py:3954} INFO - Setting next_dagrun for tutorial to 2025-10-25 00:00:00+00:00, run_after=2025-10-26 00:00:00+00:00
[2025-10-26T18:46:06.658+0000] {processor.py:183} INFO - Processing /home/airflow/.local/lib/python3.12/site-packages/airflow/example_dags/tutorial.py took 0.094 seconds
[2025-10-26T18:46:36.816+0000] {processor.py:161} INFO - Started process (PID=915) to work on /home/airflow/.local/lib/python3.12/site-packages/airflow/example_dags/tutorial.py
[2025-10-26T18:46:36.817+0000] {processor.py:830} INFO - Processing file /home/airflow/.local/lib/python3.12/site-packages/airflow/example_dags/tutorial.py for tasks to queue
[2025-10-26T18:46:36.820+0000] {logging_mixin.py:188} INFO - [2025-10-26T18:46:36.820+0000] {dagbag.py:540} INFO - Filling up the DagBag from /home/airflow/.local/lib/python3.12/site-packages/airflow/example_dags/tutorial.py
[2025-10-26T18:46:36.829+0000] {processor.py:840} INFO - DAG(s) 'tutorial' retrieved from /home/airflow/.local/lib/python3.12/site-packages/airflow/example_dags/tutorial.py
[2025-10-26T18:46:36.855+0000] {logging_mixin.py:188} INFO - [2025-10-26T18:46:36.855+0000] {dag.py:3096} INFO - Sync 1 DAGs
[2025-10-26T18:46:36.888+0000] {logging_mixin.py:188} INFO - [2025-10-26T18:46:36.887+0000] {dag.py:3954} INFO - Setting next_dagrun for tutorial to 2025-10-25 00:00:00+00:00, run_after=2025-10-26 00:00:00+00:00
[2025-10-26T18:46:36.916+0000] {processor.py:183} INFO - Processing /home/airflow/.local/lib/python3.12/site-packages/airflow/example_dags/tutorial.py took 0.109 seconds
[2025-10-26T18:47:07.172+0000] {processor.py:161} INFO - Started process (PID=971) to work on /home/airflow/.local/lib/python3.12/site-packages/airflow/example_dags/tutorial.py
[2025-10-26T18:47:07.173+0000] {processor.py:830} INFO - Processing file /home/airflow/.local/lib/python3.12/site-packages/airflow/example_dags/tutorial.py for tasks to queue
[2025-10-26T18:47:07.175+0000] {logging_mixin.py:188} INFO - [2025-10-26T18:47:07.175+0000] {dagbag.py:540} INFO - Filling up the DagBag from /home/airflow/.local/lib/python3.12/site-packages/airflow/example_dags/tutorial.py
[2025-10-26T18:47:07.183+0000] {processor.py:840} INFO - DAG(s) 'tutorial' retrieved from /home/airflow/.local/lib/python3.12/site-packages/airflow/example_dags/tutorial.py
[2025-10-26T18:47:07.211+0000] {logging_mixin.py:188} INFO - [2025-10-26T18:47:07.210+0000] {dag.py:3096} INFO - Sync 1 DAGs
[2025-10-26T18:47:07.237+0000] {logging_mixin.py:188} INFO - [2025-10-26T18:47:07.237+0000] {dag.py:3954} INFO - Setting next_dagrun for tutorial to 2025-10-25 00:00:00+00:00, run_after=2025-10-26 00:00:00+00:00
[2025-10-26T18:47:07.262+0000] {processor.py:183} INFO - Processing /home/airflow/.local/lib/python3.12/site-packages/airflow/example_dags/tutorial.py took 0.099 seconds
[2025-10-26T18:47:37.409+0000] {processor.py:161} INFO - Started process (PID=1027) to work on /home/airflow/.local/lib/python3.12/site-packages/airflow/example_dags/tutorial.py
[2025-10-26T18:47:37.410+0000] {processor.py:830} INFO - Processing file /home/airflow/.local/lib/python3.12/site-packages/airflow/example_dags/tutorial.py for tasks to queue
[2025-10-26T18:47:37.413+0000] {logging_mixin.py:188} INFO - [2025-10-26T18:47:37.412+0000] {dagbag.py:540} INFO - Filling up the DagBag from /home/airflow/.local/lib/python3.12/site-packages/airflow/example_dags/tutorial.py
[2025-10-26T18:47:37.421+0000] {processor.py:840} INFO - DAG(s) 'tutorial' retrieved from /home/airflow/.local/lib/python3.12/site-packages/airflow/example_dags/tutorial.py
[2025-10-26T18:47:37.452+0000] {logging_mixin.py:188} INFO - [2025-10-26T18:47:37.452+0000] {dag.py:3096} INFO - Sync 1 DAGs
[2025-10-26T18:47:37.482+0000] {logging_mixin.py:188} INFO - [2025-10-26T18:47:37.481+0000] {dag.py:3954} INFO - Setting next_dagrun for tutorial to 2025-10-25 00:00:00+00:00, run_after=2025-10-26 00:00:00+00:00
[2025-10-26T18:47:37.510+0000] {processor.py:183} INFO - Processing /home/airflow/.local/lib/python3.12/site-packages/airflow/example_dags/tutorial.py took 0.111 seconds
[2025-10-26T18:48:08.401+0000] {processor.py:161} INFO - Started process (PID=1083) to work on /home/airflow/.local/lib/python3.12/site-packages/airflow/example_dags/tutorial.py
[2025-10-26T18:48:08.403+0000] {processor.py:830} INFO - Processing file /home/airflow/.local/lib/python3.12/site-packages/airflow/example_dags/tutorial.py for tasks to queue
[2025-10-26T18:48:08.405+0000] {logging_mixin.py:188} INFO - [2025-10-26T18:48:08.405+0000] {dagbag.py:540} INFO - Filling up the DagBag from /home/airflow/.local/lib/python3.12/site-packages/airflow/example_dags/tutorial.py
[2025-10-26T18:48:08.414+0000] {processor.py:840} INFO - DAG(s) 'tutorial' retrieved from /home/airflow/.local/lib/python3.12/site-packages/airflow/example_dags/tutorial.py
[2025-10-26T18:48:08.445+0000] {logging_mixin.py:188} INFO - [2025-10-26T18:48:08.444+0000] {dag.py:3096} INFO - Sync 1 DAGs
[2025-10-26T18:48:08.472+0000] {logging_mixin.py:188} INFO - [2025-10-26T18:48:08.471+0000] {dag.py:3954} INFO - Setting next_dagrun for tutorial to 2025-10-25 00:00:00+00:00, run_after=2025-10-26 00:00:00+00:00
[2025-10-26T18:48:08.497+0000] {processor.py:183} INFO - Processing /home/airflow/.local/lib/python3.12/site-packages/airflow/example_dags/tutorial.py took 0.105 seconds
[2025-10-26T18:48:38.730+0000] {processor.py:161} INFO - Started process (PID=1139) to work on /home/airflow/.local/lib/python3.12/site-packages/airflow/example_dags/tutorial.py
[2025-10-26T18:48:38.735+0000] {processor.py:830} INFO - Processing file /home/airflow/.local/lib/python3.12/site-packages/airflow/example_dags/tutorial.py for tasks to queue
[2025-10-26T18:48:38.738+0000] {logging_mixin.py:188} INFO - [2025-10-26T18:48:38.737+0000] {dagbag.py:540} INFO - Filling up the DagBag from /home/airflow/.local/lib/python3.12/site-packages/airflow/example_dags/tutorial.py
[2025-10-26T18:48:38.746+0000] {processor.py:840} INFO - DAG(s) 'tutorial' retrieved from /home/airflow/.local/lib/python3.12/site-packages/airflow/example_dags/tutorial.py
[2025-10-26T18:48:38.771+0000] {logging_mixin.py:188} INFO - [2025-10-26T18:48:38.771+0000] {dag.py:3096} INFO - Sync 1 DAGs
[2025-10-26T18:48:38.800+0000] {logging_mixin.py:188} INFO - [2025-10-26T18:48:38.800+0000] {dag.py:3954} INFO - Setting next_dagrun for tutorial to 2025-10-25 00:00:00+00:00, run_after=2025-10-26 00:00:00+00:00
[2025-10-26T18:48:38.829+0000] {processor.py:183} INFO - Processing /home/airflow/.local/lib/python3.12/site-packages/airflow/example_dags/tutorial.py took 0.107 seconds
[2025-10-26T18:49:09.315+0000] {processor.py:161} INFO - Started process (PID=1195) to work on /home/airflow/.local/lib/python3.12/site-packages/airflow/example_dags/tutorial.py
[2025-10-26T18:49:09.317+0000] {processor.py:830} INFO - Processing file /home/airflow/.local/lib/python3.12/site-packages/airflow/example_dags/tutorial.py for tasks to queue
[2025-10-26T18:49:09.319+0000] {logging_mixin.py:188} INFO - [2025-10-26T18:49:09.319+0000] {dagbag.py:540} INFO - Filling up the DagBag from /home/airflow/.local/lib/python3.12/site-packages/airflow/example_dags/tutorial.py
[2025-10-26T18:49:09.328+0000] {processor.py:840} INFO - DAG(s) 'tutorial' retrieved from /home/airflow/.local/lib/python3.12/site-packages/airflow/example_dags/tutorial.py
[2025-10-26T18:49:09.364+0000] {logging_mixin.py:188} INFO - [2025-10-26T18:49:09.364+0000] {dag.py:3096} INFO - Sync 1 DAGs
[2025-10-26T18:49:09.395+0000] {logging_mixin.py:188} INFO - [2025-10-26T18:49:09.395+0000] {dag.py:3954} INFO - Setting next_dagrun for tutorial to 2025-10-25 00:00:00+00:00, run_after=2025-10-26 00:00:00+00:00
[2025-10-26T18:49:09.422+0000] {processor.py:183} INFO - Processing /home/airflow/.local/lib/python3.12/site-packages/airflow/example_dags/tutorial.py took 0.115 seconds
[2025-10-26T18:49:40.026+0000] {processor.py:161} INFO - Started process (PID=1251) to work on /home/airflow/.local/lib/python3.12/site-packages/airflow/example_dags/tutorial.py
[2025-10-26T18:49:40.028+0000] {processor.py:830} INFO - Processing file /home/airflow/.local/lib/python3.12/site-packages/airflow/example_dags/tutorial.py for tasks to queue
[2025-10-26T18:49:40.031+0000] {logging_mixin.py:188} INFO - [2025-10-26T18:49:40.031+0000] {dagbag.py:540} INFO - Filling up the DagBag from /home/airflow/.local/lib/python3.12/site-packages/airflow/example_dags/tutorial.py
[2025-10-26T18:49:40.040+0000] {processor.py:840} INFO - DAG(s) 'tutorial' retrieved from /home/airflow/.local/lib/python3.12/site-packages/airflow/example_dags/tutorial.py
[2025-10-26T18:49:40.066+0000] {logging_mixin.py:188} INFO - [2025-10-26T18:49:40.065+0000] {dag.py:3096} INFO - Sync 1 DAGs
[2025-10-26T18:49:40.095+0000] {logging_mixin.py:188} INFO - [2025-10-26T18:49:40.095+0000] {dag.py:3954} INFO - Setting next_dagrun for tutorial to 2025-10-25 00:00:00+00:00, run_after=2025-10-26 00:00:00+00:00
[2025-10-26T18:49:40.119+0000] {processor.py:183} INFO - Processing /home/airflow/.local/lib/python3.12/site-packages/airflow/example_dags/tutorial.py took 0.101 seconds
[2025-10-26T18:50:10.368+0000] {processor.py:161} INFO - Started process (PID=1307) to work on /home/airflow/.local/lib/python3.12/site-packages/airflow/example_dags/tutorial.py
[2025-10-26T18:50:10.369+0000] {processor.py:830} INFO - Processing file /home/airflow/.local/lib/python3.12/site-packages/airflow/example_dags/tutorial.py for tasks to queue
[2025-10-26T18:50:10.371+0000] {logging_mixin.py:188} INFO - [2025-10-26T18:50:10.371+0000] {dagbag.py:540} INFO - Filling up the DagBag from /home/airflow/.local/lib/python3.12/site-packages/airflow/example_dags/tutorial.py
[2025-10-26T18:50:10.380+0000] {processor.py:840} INFO - DAG(s) 'tutorial' retrieved from /home/airflow/.local/lib/python3.12/site-packages/airflow/example_dags/tutorial.py
[2025-10-26T18:50:10.405+0000] {logging_mixin.py:188} INFO - [2025-10-26T18:50:10.405+0000] {dag.py:3096} INFO - Sync 1 DAGs
[2025-10-26T18:50:10.434+0000] {logging_mixin.py:188} INFO - [2025-10-26T18:50:10.434+0000] {dag.py:3954} INFO - Setting next_dagrun for tutorial to 2025-10-25 00:00:00+00:00, run_after=2025-10-26 00:00:00+00:00
[2025-10-26T18:50:10.459+0000] {processor.py:183} INFO - Processing /home/airflow/.local/lib/python3.12/site-packages/airflow/example_dags/tutorial.py took 0.099 seconds
[2025-10-26T18:50:40.709+0000] {processor.py:161} INFO - Started process (PID=1363) to work on /home/airflow/.local/lib/python3.12/site-packages/airflow/example_dags/tutorial.py
[2025-10-26T18:50:40.710+0000] {processor.py:830} INFO - Processing file /home/airflow/.local/lib/python3.12/site-packages/airflow/example_dags/tutorial.py for tasks to queue
[2025-10-26T18:50:40.713+0000] {logging_mixin.py:188} INFO - [2025-10-26T18:50:40.712+0000] {dagbag.py:540} INFO - Filling up the DagBag from /home/airflow/.local/lib/python3.12/site-packages/airflow/example_dags/tutorial.py
[2025-10-26T18:50:40.722+0000] {processor.py:840} INFO - DAG(s) 'tutorial' retrieved from /home/airflow/.local/lib/python3.12/site-packages/airflow/example_dags/tutorial.py
[2025-10-26T18:50:40.750+0000] {logging_mixin.py:188} INFO - [2025-10-26T18:50:40.749+0000] {dag.py:3096} INFO - Sync 1 DAGs
[2025-10-26T18:50:40.777+0000] {logging_mixin.py:188} INFO - [2025-10-26T18:50:40.777+0000] {dag.py:3954} INFO - Setting next_dagrun for tutorial to 2025-10-25 00:00:00+00:00, run_after=2025-10-26 00:00:00+00:00
[2025-10-26T18:50:40.803+0000] {processor.py:183} INFO - Processing /home/airflow/.local/lib/python3.12/site-packages/airflow/example_dags/tutorial.py took 0.103 seconds
[2025-10-26T18:51:11.000+0000] {processor.py:161} INFO - Started process (PID=1419) to work on /home/airflow/.local/lib/python3.12/site-packages/airflow/example_dags/tutorial.py
[2025-10-26T18:51:11.001+0000] {processor.py:830} INFO - Processing file /home/airflow/.local/lib/python3.12/site-packages/airflow/example_dags/tutorial.py for tasks to queue
[2025-10-26T18:51:11.004+0000] {logging_mixin.py:188} INFO - [2025-10-26T18:51:11.003+0000] {dagbag.py:540} INFO - Filling up the DagBag from /home/airflow/.local/lib/python3.12/site-packages/airflow/example_dags/tutorial.py
[2025-10-26T18:51:11.012+0000] {processor.py:840} INFO - DAG(s) 'tutorial' retrieved from /home/airflow/.local/lib/python3.12/site-packages/airflow/example_dags/tutorial.py
[2025-10-26T18:51:11.039+0000] {logging_mixin.py:188} INFO - [2025-10-26T18:51:11.039+0000] {dag.py:3096} INFO - Sync 1 DAGs
[2025-10-26T18:51:11.067+0000] {logging_mixin.py:188} INFO - [2025-10-26T18:51:11.067+0000] {dag.py:3954} INFO - Setting next_dagrun for tutorial to 2025-10-25 00:00:00+00:00, run_after=2025-10-26 00:00:00+00:00
[2025-10-26T18:51:11.093+0000] {processor.py:183} INFO - Processing /home/airflow/.local/lib/python3.12/site-packages/airflow/example_dags/tutorial.py took 0.102 seconds
[2025-10-26T18:54:41.989+0000] {processor.py:161} INFO - Started process (PID=75) to work on /home/airflow/.local/lib/python3.12/site-packages/airflow/example_dags/tutorial.py
[2025-10-26T18:54:41.993+0000] {processor.py:830} INFO - Processing file /home/airflow/.local/lib/python3.12/site-packages/airflow/example_dags/tutorial.py for tasks to queue
[2025-10-26T18:54:42.000+0000] {logging_mixin.py:188} INFO - [2025-10-26T18:54:41.999+0000] {dagbag.py:540} INFO - Filling up the DagBag from /home/airflow/.local/lib/python3.12/site-packages/airflow/example_dags/tutorial.py
[2025-10-26T18:54:42.022+0000] {processor.py:840} INFO - DAG(s) 'tutorial' retrieved from /home/airflow/.local/lib/python3.12/site-packages/airflow/example_dags/tutorial.py
[2025-10-26T18:54:42.052+0000] {logging_mixin.py:188} INFO - [2025-10-26T18:54:42.051+0000] {dag.py:3096} INFO - Sync 1 DAGs
[2025-10-26T18:54:42.094+0000] {logging_mixin.py:188} INFO - [2025-10-26T18:54:42.094+0000] {dag.py:3954} INFO - Setting next_dagrun for tutorial to 2025-10-25 00:00:00+00:00, run_after=2025-10-26 00:00:00+00:00
[2025-10-26T18:54:42.130+0000] {processor.py:183} INFO - Processing /home/airflow/.local/lib/python3.12/site-packages/airflow/example_dags/tutorial.py took 0.152 seconds
[2025-10-26T18:55:14.400+0000] {processor.py:161} INFO - Started process (PID=131) to work on /home/airflow/.local/lib/python3.12/site-packages/airflow/example_dags/tutorial.py
[2025-10-26T18:55:14.402+0000] {processor.py:830} INFO - Processing file /home/airflow/.local/lib/python3.12/site-packages/airflow/example_dags/tutorial.py for tasks to queue
[2025-10-26T18:55:14.404+0000] {logging_mixin.py:188} INFO - [2025-10-26T18:55:14.404+0000] {dagbag.py:540} INFO - Filling up the DagBag from /home/airflow/.local/lib/python3.12/site-packages/airflow/example_dags/tutorial.py
[2025-10-26T18:55:14.414+0000] {processor.py:840} INFO - DAG(s) 'tutorial' retrieved from /home/airflow/.local/lib/python3.12/site-packages/airflow/example_dags/tutorial.py
[2025-10-26T18:55:14.564+0000] {logging_mixin.py:188} INFO - [2025-10-26T18:55:14.563+0000] {dag.py:3096} INFO - Sync 1 DAGs
[2025-10-26T18:55:14.776+0000] {logging_mixin.py:188} INFO - [2025-10-26T18:55:14.776+0000] {dag.py:3954} INFO - Setting next_dagrun for tutorial to 2025-10-25 00:00:00+00:00, run_after=2025-10-26 00:00:00+00:00
[2025-10-26T18:55:14.802+0000] {processor.py:183} INFO - Processing /home/airflow/.local/lib/python3.12/site-packages/airflow/example_dags/tutorial.py took 0.410 seconds
[2025-10-26T18:55:45.022+0000] {processor.py:161} INFO - Started process (PID=187) to work on /home/airflow/.local/lib/python3.12/site-packages/airflow/example_dags/tutorial.py
[2025-10-26T18:55:45.024+0000] {processor.py:830} INFO - Processing file /home/airflow/.local/lib/python3.12/site-packages/airflow/example_dags/tutorial.py for tasks to queue
[2025-10-26T18:55:45.027+0000] {logging_mixin.py:188} INFO - [2025-10-26T18:55:45.026+0000] {dagbag.py:540} INFO - Filling up the DagBag from /home/airflow/.local/lib/python3.12/site-packages/airflow/example_dags/tutorial.py
[2025-10-26T18:55:45.037+0000] {processor.py:840} INFO - DAG(s) 'tutorial' retrieved from /home/airflow/.local/lib/python3.12/site-packages/airflow/example_dags/tutorial.py
[2025-10-26T18:55:45.065+0000] {logging_mixin.py:188} INFO - [2025-10-26T18:55:45.065+0000] {dag.py:3096} INFO - Sync 1 DAGs
[2025-10-26T18:55:45.095+0000] {logging_mixin.py:188} INFO - [2025-10-26T18:55:45.095+0000] {dag.py:3954} INFO - Setting next_dagrun for tutorial to 2025-10-25 00:00:00+00:00, run_after=2025-10-26 00:00:00+00:00
[2025-10-26T18:55:45.291+0000] {processor.py:183} INFO - Processing /home/airflow/.local/lib/python3.12/site-packages/airflow/example_dags/tutorial.py took 0.277 seconds
[2025-10-26T18:56:15.608+0000] {processor.py:161} INFO - Started process (PID=243) to work on /home/airflow/.local/lib/python3.12/site-packages/airflow/example_dags/tutorial.py
[2025-10-26T18:56:15.610+0000] {processor.py:830} INFO - Processing file /home/airflow/.local/lib/python3.12/site-packages/airflow/example_dags/tutorial.py for tasks to queue
[2025-10-26T18:56:15.615+0000] {logging_mixin.py:188} INFO - [2025-10-26T18:56:15.614+0000] {dagbag.py:540} INFO - Filling up the DagBag from /home/airflow/.local/lib/python3.12/site-packages/airflow/example_dags/tutorial.py
[2025-10-26T18:56:15.624+0000] {processor.py:840} INFO - DAG(s) 'tutorial' retrieved from /home/airflow/.local/lib/python3.12/site-packages/airflow/example_dags/tutorial.py
[2025-10-26T18:56:15.657+0000] {logging_mixin.py:188} INFO - [2025-10-26T18:56:15.656+0000] {dag.py:3096} INFO - Sync 1 DAGs
[2025-10-26T18:56:15.690+0000] {logging_mixin.py:188} INFO - [2025-10-26T18:56:15.689+0000] {dag.py:3954} INFO - Setting next_dagrun for tutorial to 2025-10-25 00:00:00+00:00, run_after=2025-10-26 00:00:00+00:00
[2025-10-26T18:56:15.718+0000] {processor.py:183} INFO - Processing /home/airflow/.local/lib/python3.12/site-packages/airflow/example_dags/tutorial.py took 0.120 seconds
[2025-10-26T18:56:46.178+0000] {processor.py:161} INFO - Started process (PID=299) to work on /home/airflow/.local/lib/python3.12/site-packages/airflow/example_dags/tutorial.py
[2025-10-26T18:56:46.179+0000] {processor.py:830} INFO - Processing file /home/airflow/.local/lib/python3.12/site-packages/airflow/example_dags/tutorial.py for tasks to queue
[2025-10-26T18:56:46.182+0000] {logging_mixin.py:188} INFO - [2025-10-26T18:56:46.182+0000] {dagbag.py:540} INFO - Filling up the DagBag from /home/airflow/.local/lib/python3.12/site-packages/airflow/example_dags/tutorial.py
[2025-10-26T18:56:46.192+0000] {processor.py:840} INFO - DAG(s) 'tutorial' retrieved from /home/airflow/.local/lib/python3.12/site-packages/airflow/example_dags/tutorial.py
[2025-10-26T18:56:46.223+0000] {logging_mixin.py:188} INFO - [2025-10-26T18:56:46.223+0000] {dag.py:3096} INFO - Sync 1 DAGs
[2025-10-26T18:56:46.252+0000] {logging_mixin.py:188} INFO - [2025-10-26T18:56:46.252+0000] {dag.py:3954} INFO - Setting next_dagrun for tutorial to 2025-10-25 00:00:00+00:00, run_after=2025-10-26 00:00:00+00:00
[2025-10-26T18:56:46.277+0000] {processor.py:183} INFO - Processing /home/airflow/.local/lib/python3.12/site-packages/airflow/example_dags/tutorial.py took 0.108 seconds
[2025-10-26T18:57:16.394+0000] {processor.py:161} INFO - Started process (PID=355) to work on /home/airflow/.local/lib/python3.12/site-packages/airflow/example_dags/tutorial.py
[2025-10-26T18:57:16.395+0000] {processor.py:830} INFO - Processing file /home/airflow/.local/lib/python3.12/site-packages/airflow/example_dags/tutorial.py for tasks to queue
[2025-10-26T18:57:16.397+0000] {logging_mixin.py:188} INFO - [2025-10-26T18:57:16.397+0000] {dagbag.py:540} INFO - Filling up the DagBag from /home/airflow/.local/lib/python3.12/site-packages/airflow/example_dags/tutorial.py
[2025-10-26T18:57:16.406+0000] {processor.py:840} INFO - DAG(s) 'tutorial' retrieved from /home/airflow/.local/lib/python3.12/site-packages/airflow/example_dags/tutorial.py
[2025-10-26T18:57:16.446+0000] {logging_mixin.py:188} INFO - [2025-10-26T18:57:16.446+0000] {dag.py:3096} INFO - Sync 1 DAGs
[2025-10-26T18:57:16.476+0000] {logging_mixin.py:188} INFO - [2025-10-26T18:57:16.476+0000] {dag.py:3954} INFO - Setting next_dagrun for tutorial to 2025-10-25 00:00:00+00:00, run_after=2025-10-26 00:00:00+00:00
[2025-10-26T18:57:16.498+0000] {processor.py:183} INFO - Processing /home/airflow/.local/lib/python3.12/site-packages/airflow/example_dags/tutorial.py took 0.153 seconds
[2025-10-26T18:57:47.304+0000] {processor.py:161} INFO - Started process (PID=411) to work on /home/airflow/.local/lib/python3.12/site-packages/airflow/example_dags/tutorial.py
[2025-10-26T18:57:47.305+0000] {processor.py:830} INFO - Processing file /home/airflow/.local/lib/python3.12/site-packages/airflow/example_dags/tutorial.py for tasks to queue
[2025-10-26T18:57:47.307+0000] {logging_mixin.py:188} INFO - [2025-10-26T18:57:47.307+0000] {dagbag.py:540} INFO - Filling up the DagBag from /home/airflow/.local/lib/python3.12/site-packages/airflow/example_dags/tutorial.py
[2025-10-26T18:57:47.315+0000] {processor.py:840} INFO - DAG(s) 'tutorial' retrieved from /home/airflow/.local/lib/python3.12/site-packages/airflow/example_dags/tutorial.py
[2025-10-26T18:57:47.341+0000] {logging_mixin.py:188} INFO - [2025-10-26T18:57:47.341+0000] {dag.py:3096} INFO - Sync 1 DAGs
[2025-10-26T18:57:47.367+0000] {logging_mixin.py:188} INFO - [2025-10-26T18:57:47.366+0000] {dag.py:3954} INFO - Setting next_dagrun for tutorial to 2025-10-25 00:00:00+00:00, run_after=2025-10-26 00:00:00+00:00
[2025-10-26T18:57:47.388+0000] {processor.py:183} INFO - Processing /home/airflow/.local/lib/python3.12/site-packages/airflow/example_dags/tutorial.py took 0.092 seconds
[2025-10-26T18:58:17.755+0000] {processor.py:161} INFO - Started process (PID=467) to work on /home/airflow/.local/lib/python3.12/site-packages/airflow/example_dags/tutorial.py
[2025-10-26T18:58:17.756+0000] {processor.py:830} INFO - Processing file /home/airflow/.local/lib/python3.12/site-packages/airflow/example_dags/tutorial.py for tasks to queue
[2025-10-26T18:58:17.759+0000] {logging_mixin.py:188} INFO - [2025-10-26T18:58:17.758+0000] {dagbag.py:540} INFO - Filling up the DagBag from /home/airflow/.local/lib/python3.12/site-packages/airflow/example_dags/tutorial.py
[2025-10-26T18:58:17.768+0000] {processor.py:840} INFO - DAG(s) 'tutorial' retrieved from /home/airflow/.local/lib/python3.12/site-packages/airflow/example_dags/tutorial.py
[2025-10-26T18:58:17.799+0000] {logging_mixin.py:188} INFO - [2025-10-26T18:58:17.799+0000] {dag.py:3096} INFO - Sync 1 DAGs
[2025-10-26T18:58:17.833+0000] {logging_mixin.py:188} INFO - [2025-10-26T18:58:17.833+0000] {dag.py:3954} INFO - Setting next_dagrun for tutorial to 2025-10-25 00:00:00+00:00, run_after=2025-10-26 00:00:00+00:00
[2025-10-26T18:58:17.864+0000] {processor.py:183} INFO - Processing /home/airflow/.local/lib/python3.12/site-packages/airflow/example_dags/tutorial.py took 0.119 seconds
[2025-10-26T18:58:48.688+0000] {processor.py:161} INFO - Started process (PID=523) to work on /home/airflow/.local/lib/python3.12/site-packages/airflow/example_dags/tutorial.py
[2025-10-26T18:58:48.689+0000] {processor.py:830} INFO - Processing file /home/airflow/.local/lib/python3.12/site-packages/airflow/example_dags/tutorial.py for tasks to queue
[2025-10-26T18:58:48.692+0000] {logging_mixin.py:188} INFO - [2025-10-26T18:58:48.692+0000] {dagbag.py:540} INFO - Filling up the DagBag from /home/airflow/.local/lib/python3.12/site-packages/airflow/example_dags/tutorial.py
[2025-10-26T18:58:48.701+0000] {processor.py:840} INFO - DAG(s) 'tutorial' retrieved from /home/airflow/.local/lib/python3.12/site-packages/airflow/example_dags/tutorial.py
[2025-10-26T18:58:48.730+0000] {logging_mixin.py:188} INFO - [2025-10-26T18:58:48.730+0000] {dag.py:3096} INFO - Sync 1 DAGs
[2025-10-26T18:58:48.759+0000] {logging_mixin.py:188} INFO - [2025-10-26T18:58:48.759+0000] {dag.py:3954} INFO - Setting next_dagrun for tutorial to 2025-10-25 00:00:00+00:00, run_after=2025-10-26 00:00:00+00:00
[2025-10-26T18:58:48.782+0000] {processor.py:183} INFO - Processing /home/airflow/.local/lib/python3.12/site-packages/airflow/example_dags/tutorial.py took 0.102 seconds
[2025-10-26T18:59:19.183+0000] {processor.py:161} INFO - Started process (PID=579) to work on /home/airflow/.local/lib/python3.12/site-packages/airflow/example_dags/tutorial.py
[2025-10-26T18:59:19.184+0000] {processor.py:830} INFO - Processing file /home/airflow/.local/lib/python3.12/site-packages/airflow/example_dags/tutorial.py for tasks to queue
[2025-10-26T18:59:19.187+0000] {logging_mixin.py:188} INFO - [2025-10-26T18:59:19.186+0000] {dagbag.py:540} INFO - Filling up the DagBag from /home/airflow/.local/lib/python3.12/site-packages/airflow/example_dags/tutorial.py
[2025-10-26T18:59:19.195+0000] {processor.py:840} INFO - DAG(s) 'tutorial' retrieved from /home/airflow/.local/lib/python3.12/site-packages/airflow/example_dags/tutorial.py
[2025-10-26T18:59:19.220+0000] {logging_mixin.py:188} INFO - [2025-10-26T18:59:19.219+0000] {dag.py:3096} INFO - Sync 1 DAGs
[2025-10-26T18:59:19.246+0000] {logging_mixin.py:188} INFO - [2025-10-26T18:59:19.245+0000] {dag.py:3954} INFO - Setting next_dagrun for tutorial to 2025-10-25 00:00:00+00:00, run_after=2025-10-26 00:00:00+00:00
[2025-10-26T18:59:19.270+0000] {processor.py:183} INFO - Processing /home/airflow/.local/lib/python3.12/site-packages/airflow/example_dags/tutorial.py took 0.095 seconds
[2025-10-26T18:59:49.555+0000] {processor.py:161} INFO - Started process (PID=635) to work on /home/airflow/.local/lib/python3.12/site-packages/airflow/example_dags/tutorial.py
[2025-10-26T18:59:49.557+0000] {processor.py:830} INFO - Processing file /home/airflow/.local/lib/python3.12/site-packages/airflow/example_dags/tutorial.py for tasks to queue
[2025-10-26T18:59:49.560+0000] {logging_mixin.py:188} INFO - [2025-10-26T18:59:49.559+0000] {dagbag.py:540} INFO - Filling up the DagBag from /home/airflow/.local/lib/python3.12/site-packages/airflow/example_dags/tutorial.py
[2025-10-26T18:59:49.570+0000] {processor.py:840} INFO - DAG(s) 'tutorial' retrieved from /home/airflow/.local/lib/python3.12/site-packages/airflow/example_dags/tutorial.py
[2025-10-26T18:59:49.606+0000] {logging_mixin.py:188} INFO - [2025-10-26T18:59:49.606+0000] {dag.py:3096} INFO - Sync 1 DAGs
[2025-10-26T18:59:49.647+0000] {logging_mixin.py:188} INFO - [2025-10-26T18:59:49.646+0000] {dag.py:3954} INFO - Setting next_dagrun for tutorial to 2025-10-25 00:00:00+00:00, run_after=2025-10-26 00:00:00+00:00
[2025-10-26T18:59:49.775+0000] {processor.py:183} INFO - Processing /home/airflow/.local/lib/python3.12/site-packages/airflow/example_dags/tutorial.py took 0.228 seconds
[2025-10-26T19:00:20.182+0000] {processor.py:161} INFO - Started process (PID=691) to work on /home/airflow/.local/lib/python3.12/site-packages/airflow/example_dags/tutorial.py
[2025-10-26T19:00:20.183+0000] {processor.py:830} INFO - Processing file /home/airflow/.local/lib/python3.12/site-packages/airflow/example_dags/tutorial.py for tasks to queue
[2025-10-26T19:00:20.186+0000] {logging_mixin.py:188} INFO - [2025-10-26T19:00:20.186+0000] {dagbag.py:540} INFO - Filling up the DagBag from /home/airflow/.local/lib/python3.12/site-packages/airflow/example_dags/tutorial.py
[2025-10-26T19:00:20.194+0000] {processor.py:840} INFO - DAG(s) 'tutorial' retrieved from /home/airflow/.local/lib/python3.12/site-packages/airflow/example_dags/tutorial.py
[2025-10-26T19:00:20.222+0000] {logging_mixin.py:188} INFO - [2025-10-26T19:00:20.222+0000] {dag.py:3096} INFO - Sync 1 DAGs
[2025-10-26T19:00:20.253+0000] {logging_mixin.py:188} INFO - [2025-10-26T19:00:20.253+0000] {dag.py:3954} INFO - Setting next_dagrun for tutorial to 2025-10-25 00:00:00+00:00, run_after=2025-10-26 00:00:00+00:00
[2025-10-26T19:00:20.280+0000] {processor.py:183} INFO - Processing /home/airflow/.local/lib/python3.12/site-packages/airflow/example_dags/tutorial.py took 0.106 seconds
[2025-10-26T19:00:50.461+0000] {processor.py:161} INFO - Started process (PID=747) to work on /home/airflow/.local/lib/python3.12/site-packages/airflow/example_dags/tutorial.py
[2025-10-26T19:00:50.462+0000] {processor.py:830} INFO - Processing file /home/airflow/.local/lib/python3.12/site-packages/airflow/example_dags/tutorial.py for tasks to queue
[2025-10-26T19:00:50.465+0000] {logging_mixin.py:188} INFO - [2025-10-26T19:00:50.464+0000] {dagbag.py:540} INFO - Filling up the DagBag from /home/airflow/.local/lib/python3.12/site-packages/airflow/example_dags/tutorial.py
[2025-10-26T19:00:50.473+0000] {processor.py:840} INFO - DAG(s) 'tutorial' retrieved from /home/airflow/.local/lib/python3.12/site-packages/airflow/example_dags/tutorial.py
[2025-10-26T19:00:50.499+0000] {logging_mixin.py:188} INFO - [2025-10-26T19:00:50.499+0000] {dag.py:3096} INFO - Sync 1 DAGs
[2025-10-26T19:00:50.528+0000] {logging_mixin.py:188} INFO - [2025-10-26T19:00:50.528+0000] {dag.py:3954} INFO - Setting next_dagrun for tutorial to 2025-10-25 00:00:00+00:00, run_after=2025-10-26 00:00:00+00:00
[2025-10-26T19:00:50.555+0000] {processor.py:183} INFO - Processing /home/airflow/.local/lib/python3.12/site-packages/airflow/example_dags/tutorial.py took 0.102 seconds
[2025-10-26T19:01:21.435+0000] {processor.py:161} INFO - Started process (PID=804) to work on /home/airflow/.local/lib/python3.12/site-packages/airflow/example_dags/tutorial.py
[2025-10-26T19:01:21.436+0000] {processor.py:830} INFO - Processing file /home/airflow/.local/lib/python3.12/site-packages/airflow/example_dags/tutorial.py for tasks to queue
[2025-10-26T19:01:21.437+0000] {logging_mixin.py:188} INFO - [2025-10-26T19:01:21.437+0000] {dagbag.py:540} INFO - Filling up the DagBag from /home/airflow/.local/lib/python3.12/site-packages/airflow/example_dags/tutorial.py
[2025-10-26T19:01:21.448+0000] {processor.py:840} INFO - DAG(s) 'tutorial' retrieved from /home/airflow/.local/lib/python3.12/site-packages/airflow/example_dags/tutorial.py
[2025-10-26T19:01:21.478+0000] {logging_mixin.py:188} INFO - [2025-10-26T19:01:21.477+0000] {dag.py:3096} INFO - Sync 1 DAGs
[2025-10-26T19:01:21.512+0000] {logging_mixin.py:188} INFO - [2025-10-26T19:01:21.511+0000] {dag.py:3954} INFO - Setting next_dagrun for tutorial to 2025-10-25 00:00:00+00:00, run_after=2025-10-26 00:00:00+00:00
[2025-10-26T19:01:21.540+0000] {processor.py:183} INFO - Processing /home/airflow/.local/lib/python3.12/site-packages/airflow/example_dags/tutorial.py took 0.114 seconds
[2025-10-26T19:01:51.903+0000] {processor.py:161} INFO - Started process (PID=858) to work on /home/airflow/.local/lib/python3.12/site-packages/airflow/example_dags/tutorial.py
[2025-10-26T19:01:51.904+0000] {processor.py:830} INFO - Processing file /home/airflow/.local/lib/python3.12/site-packages/airflow/example_dags/tutorial.py for tasks to queue
[2025-10-26T19:01:51.905+0000] {logging_mixin.py:188} INFO - [2025-10-26T19:01:51.905+0000] {dagbag.py:540} INFO - Filling up the DagBag from /home/airflow/.local/lib/python3.12/site-packages/airflow/example_dags/tutorial.py
[2025-10-26T19:01:51.915+0000] {processor.py:840} INFO - DAG(s) 'tutorial' retrieved from /home/airflow/.local/lib/python3.12/site-packages/airflow/example_dags/tutorial.py
[2025-10-26T19:01:51.945+0000] {logging_mixin.py:188} INFO - [2025-10-26T19:01:51.944+0000] {dag.py:3096} INFO - Sync 1 DAGs
[2025-10-26T19:01:51.974+0000] {logging_mixin.py:188} INFO - [2025-10-26T19:01:51.974+0000] {dag.py:3954} INFO - Setting next_dagrun for tutorial to 2025-10-25 00:00:00+00:00, run_after=2025-10-26 00:00:00+00:00
[2025-10-26T19:01:52.001+0000] {processor.py:183} INFO - Processing /home/airflow/.local/lib/python3.12/site-packages/airflow/example_dags/tutorial.py took 0.106 seconds
[2025-10-26T19:02:22.702+0000] {processor.py:161} INFO - Started process (PID=912) to work on /home/airflow/.local/lib/python3.12/site-packages/airflow/example_dags/tutorial.py
[2025-10-26T19:02:22.703+0000] {processor.py:830} INFO - Processing file /home/airflow/.local/lib/python3.12/site-packages/airflow/example_dags/tutorial.py for tasks to queue
[2025-10-26T19:02:22.705+0000] {logging_mixin.py:188} INFO - [2025-10-26T19:02:22.704+0000] {dagbag.py:540} INFO - Filling up the DagBag from /home/airflow/.local/lib/python3.12/site-packages/airflow/example_dags/tutorial.py
[2025-10-26T19:02:22.714+0000] {processor.py:840} INFO - DAG(s) 'tutorial' retrieved from /home/airflow/.local/lib/python3.12/site-packages/airflow/example_dags/tutorial.py
[2025-10-26T19:02:22.741+0000] {logging_mixin.py:188} INFO - [2025-10-26T19:02:22.740+0000] {dag.py:3096} INFO - Sync 1 DAGs
[2025-10-26T19:02:22.767+0000] {logging_mixin.py:188} INFO - [2025-10-26T19:02:22.767+0000] {dag.py:3954} INFO - Setting next_dagrun for tutorial to 2025-10-25 00:00:00+00:00, run_after=2025-10-26 00:00:00+00:00
[2025-10-26T19:02:22.792+0000] {processor.py:183} INFO - Processing /home/airflow/.local/lib/python3.12/site-packages/airflow/example_dags/tutorial.py took 0.098 seconds
[2025-10-26T19:02:53.343+0000] {processor.py:161} INFO - Started process (PID=967) to work on /home/airflow/.local/lib/python3.12/site-packages/airflow/example_dags/tutorial.py
[2025-10-26T19:02:53.344+0000] {processor.py:830} INFO - Processing file /home/airflow/.local/lib/python3.12/site-packages/airflow/example_dags/tutorial.py for tasks to queue
[2025-10-26T19:02:53.345+0000] {logging_mixin.py:188} INFO - [2025-10-26T19:02:53.345+0000] {dagbag.py:540} INFO - Filling up the DagBag from /home/airflow/.local/lib/python3.12/site-packages/airflow/example_dags/tutorial.py
[2025-10-26T19:02:53.355+0000] {processor.py:840} INFO - DAG(s) 'tutorial' retrieved from /home/airflow/.local/lib/python3.12/site-packages/airflow/example_dags/tutorial.py
[2025-10-26T19:02:53.385+0000] {logging_mixin.py:188} INFO - [2025-10-26T19:02:53.385+0000] {dag.py:3096} INFO - Sync 1 DAGs
[2025-10-26T19:02:53.415+0000] {logging_mixin.py:188} INFO - [2025-10-26T19:02:53.415+0000] {dag.py:3954} INFO - Setting next_dagrun for tutorial to 2025-10-25 00:00:00+00:00, run_after=2025-10-26 00:00:00+00:00
[2025-10-26T19:02:53.440+0000] {processor.py:183} INFO - Processing /home/airflow/.local/lib/python3.12/site-packages/airflow/example_dags/tutorial.py took 0.106 seconds
[2025-10-26T19:03:24.421+0000] {processor.py:161} INFO - Started process (PID=1021) to work on /home/airflow/.local/lib/python3.12/site-packages/airflow/example_dags/tutorial.py
[2025-10-26T19:03:24.423+0000] {processor.py:830} INFO - Processing file /home/airflow/.local/lib/python3.12/site-packages/airflow/example_dags/tutorial.py for tasks to queue
[2025-10-26T19:03:24.424+0000] {logging_mixin.py:188} INFO - [2025-10-26T19:03:24.424+0000] {dagbag.py:540} INFO - Filling up the DagBag from /home/airflow/.local/lib/python3.12/site-packages/airflow/example_dags/tutorial.py
[2025-10-26T19:03:24.435+0000] {processor.py:840} INFO - DAG(s) 'tutorial' retrieved from /home/airflow/.local/lib/python3.12/site-packages/airflow/example_dags/tutorial.py
[2025-10-26T19:03:24.463+0000] {logging_mixin.py:188} INFO - [2025-10-26T19:03:24.463+0000] {dag.py:3096} INFO - Sync 1 DAGs
[2025-10-26T19:03:24.496+0000] {logging_mixin.py:188} INFO - [2025-10-26T19:03:24.496+0000] {dag.py:3954} INFO - Setting next_dagrun for tutorial to 2025-10-25 00:00:00+00:00, run_after=2025-10-26 00:00:00+00:00
[2025-10-26T19:03:24.525+0000] {processor.py:183} INFO - Processing /home/airflow/.local/lib/python3.12/site-packages/airflow/example_dags/tutorial.py took 0.113 seconds
[2025-10-26T19:03:59.076+0000] {processor.py:161} INFO - Started process (PID=73) to work on /home/airflow/.local/lib/python3.12/site-packages/airflow/example_dags/tutorial.py
[2025-10-26T19:03:59.078+0000] {processor.py:830} INFO - Processing file /home/airflow/.local/lib/python3.12/site-packages/airflow/example_dags/tutorial.py for tasks to queue
[2025-10-26T19:03:59.082+0000] {logging_mixin.py:188} INFO - [2025-10-26T19:03:59.081+0000] {dagbag.py:540} INFO - Filling up the DagBag from /home/airflow/.local/lib/python3.12/site-packages/airflow/example_dags/tutorial.py
[2025-10-26T19:03:59.095+0000] {processor.py:840} INFO - DAG(s) 'tutorial' retrieved from /home/airflow/.local/lib/python3.12/site-packages/airflow/example_dags/tutorial.py
[2025-10-26T19:03:59.139+0000] {logging_mixin.py:188} INFO - [2025-10-26T19:03:59.138+0000] {dag.py:3096} INFO - Sync 1 DAGs
[2025-10-26T19:03:59.192+0000] {logging_mixin.py:188} INFO - [2025-10-26T19:03:59.191+0000] {dag.py:3954} INFO - Setting next_dagrun for tutorial to 2025-10-25 00:00:00+00:00, run_after=2025-10-26 00:00:00+00:00
[2025-10-26T19:03:59.232+0000] {processor.py:183} INFO - Processing /home/airflow/.local/lib/python3.12/site-packages/airflow/example_dags/tutorial.py took 0.166 seconds
[2025-10-26T19:04:29.389+0000] {processor.py:161} INFO - Started process (PID=127) to work on /home/airflow/.local/lib/python3.12/site-packages/airflow/example_dags/tutorial.py
[2025-10-26T19:04:29.391+0000] {processor.py:830} INFO - Processing file /home/airflow/.local/lib/python3.12/site-packages/airflow/example_dags/tutorial.py for tasks to queue
[2025-10-26T19:04:29.394+0000] {logging_mixin.py:188} INFO - [2025-10-26T19:04:29.394+0000] {dagbag.py:540} INFO - Filling up the DagBag from /home/airflow/.local/lib/python3.12/site-packages/airflow/example_dags/tutorial.py
[2025-10-26T19:04:29.402+0000] {processor.py:840} INFO - DAG(s) 'tutorial' retrieved from /home/airflow/.local/lib/python3.12/site-packages/airflow/example_dags/tutorial.py
[2025-10-26T19:04:29.430+0000] {logging_mixin.py:188} INFO - [2025-10-26T19:04:29.430+0000] {dag.py:3096} INFO - Sync 1 DAGs
[2025-10-26T19:04:29.459+0000] {logging_mixin.py:188} INFO - [2025-10-26T19:04:29.458+0000] {dag.py:3954} INFO - Setting next_dagrun for tutorial to 2025-10-25 00:00:00+00:00, run_after=2025-10-26 00:00:00+00:00
[2025-10-26T19:04:29.482+0000] {processor.py:183} INFO - Processing /home/airflow/.local/lib/python3.12/site-packages/airflow/example_dags/tutorial.py took 0.100 seconds
[2025-10-26T19:04:59.661+0000] {processor.py:161} INFO - Started process (PID=181) to work on /home/airflow/.local/lib/python3.12/site-packages/airflow/example_dags/tutorial.py
[2025-10-26T19:04:59.664+0000] {processor.py:830} INFO - Processing file /home/airflow/.local/lib/python3.12/site-packages/airflow/example_dags/tutorial.py for tasks to queue
[2025-10-26T19:04:59.667+0000] {logging_mixin.py:188} INFO - [2025-10-26T19:04:59.666+0000] {dagbag.py:540} INFO - Filling up the DagBag from /home/airflow/.local/lib/python3.12/site-packages/airflow/example_dags/tutorial.py
[2025-10-26T19:04:59.677+0000] {processor.py:840} INFO - DAG(s) 'tutorial' retrieved from /home/airflow/.local/lib/python3.12/site-packages/airflow/example_dags/tutorial.py
[2025-10-26T19:04:59.711+0000] {logging_mixin.py:188} INFO - [2025-10-26T19:04:59.711+0000] {dag.py:3096} INFO - Sync 1 DAGs
[2025-10-26T19:04:59.742+0000] {logging_mixin.py:188} INFO - [2025-10-26T19:04:59.742+0000] {dag.py:3954} INFO - Setting next_dagrun for tutorial to 2025-10-25 00:00:00+00:00, run_after=2025-10-26 00:00:00+00:00
[2025-10-26T19:04:59.765+0000] {processor.py:183} INFO - Processing /home/airflow/.local/lib/python3.12/site-packages/airflow/example_dags/tutorial.py took 0.114 seconds
[2025-10-26T19:05:30.774+0000] {processor.py:161} INFO - Started process (PID=235) to work on /home/airflow/.local/lib/python3.12/site-packages/airflow/example_dags/tutorial.py
[2025-10-26T19:05:30.775+0000] {processor.py:830} INFO - Processing file /home/airflow/.local/lib/python3.12/site-packages/airflow/example_dags/tutorial.py for tasks to queue
[2025-10-26T19:05:30.778+0000] {logging_mixin.py:188} INFO - [2025-10-26T19:05:30.778+0000] {dagbag.py:540} INFO - Filling up the DagBag from /home/airflow/.local/lib/python3.12/site-packages/airflow/example_dags/tutorial.py
[2025-10-26T19:05:30.787+0000] {processor.py:840} INFO - DAG(s) 'tutorial' retrieved from /home/airflow/.local/lib/python3.12/site-packages/airflow/example_dags/tutorial.py
[2025-10-26T19:05:30.816+0000] {logging_mixin.py:188} INFO - [2025-10-26T19:05:30.816+0000] {dag.py:3096} INFO - Sync 1 DAGs
[2025-10-26T19:05:30.844+0000] {logging_mixin.py:188} INFO - [2025-10-26T19:05:30.844+0000] {dag.py:3954} INFO - Setting next_dagrun for tutorial to 2025-10-25 00:00:00+00:00, run_after=2025-10-26 00:00:00+00:00
[2025-10-26T19:05:30.866+0000] {processor.py:183} INFO - Processing /home/airflow/.local/lib/python3.12/site-packages/airflow/example_dags/tutorial.py took 0.102 seconds
[2025-10-26T19:06:01.158+0000] {processor.py:161} INFO - Started process (PID=289) to work on /home/airflow/.local/lib/python3.12/site-packages/airflow/example_dags/tutorial.py
[2025-10-26T19:06:01.159+0000] {processor.py:830} INFO - Processing file /home/airflow/.local/lib/python3.12/site-packages/airflow/example_dags/tutorial.py for tasks to queue
[2025-10-26T19:06:01.162+0000] {logging_mixin.py:188} INFO - [2025-10-26T19:06:01.161+0000] {dagbag.py:540} INFO - Filling up the DagBag from /home/airflow/.local/lib/python3.12/site-packages/airflow/example_dags/tutorial.py
[2025-10-26T19:06:01.171+0000] {processor.py:840} INFO - DAG(s) 'tutorial' retrieved from /home/airflow/.local/lib/python3.12/site-packages/airflow/example_dags/tutorial.py
[2025-10-26T19:06:01.200+0000] {logging_mixin.py:188} INFO - [2025-10-26T19:06:01.200+0000] {dag.py:3096} INFO - Sync 1 DAGs
[2025-10-26T19:06:01.230+0000] {logging_mixin.py:188} INFO - [2025-10-26T19:06:01.229+0000] {dag.py:3954} INFO - Setting next_dagrun for tutorial to 2025-10-25 00:00:00+00:00, run_after=2025-10-26 00:00:00+00:00
[2025-10-26T19:06:01.262+0000] {processor.py:183} INFO - Processing /home/airflow/.local/lib/python3.12/site-packages/airflow/example_dags/tutorial.py took 0.111 seconds
[2025-10-26T19:06:31.530+0000] {processor.py:161} INFO - Started process (PID=343) to work on /home/airflow/.local/lib/python3.12/site-packages/airflow/example_dags/tutorial.py
[2025-10-26T19:06:31.532+0000] {processor.py:830} INFO - Processing file /home/airflow/.local/lib/python3.12/site-packages/airflow/example_dags/tutorial.py for tasks to queue
[2025-10-26T19:06:31.535+0000] {logging_mixin.py:188} INFO - [2025-10-26T19:06:31.534+0000] {dagbag.py:540} INFO - Filling up the DagBag from /home/airflow/.local/lib/python3.12/site-packages/airflow/example_dags/tutorial.py
[2025-10-26T19:06:31.543+0000] {processor.py:840} INFO - DAG(s) 'tutorial' retrieved from /home/airflow/.local/lib/python3.12/site-packages/airflow/example_dags/tutorial.py
[2025-10-26T19:06:31.570+0000] {logging_mixin.py:188} INFO - [2025-10-26T19:06:31.570+0000] {dag.py:3096} INFO - Sync 1 DAGs
[2025-10-26T19:06:31.597+0000] {logging_mixin.py:188} INFO - [2025-10-26T19:06:31.597+0000] {dag.py:3954} INFO - Setting next_dagrun for tutorial to 2025-10-25 00:00:00+00:00, run_after=2025-10-26 00:00:00+00:00
[2025-10-26T19:06:31.620+0000] {processor.py:183} INFO - Processing /home/airflow/.local/lib/python3.12/site-packages/airflow/example_dags/tutorial.py took 0.098 seconds
[2025-10-26T19:07:01.806+0000] {processor.py:161} INFO - Started process (PID=397) to work on /home/airflow/.local/lib/python3.12/site-packages/airflow/example_dags/tutorial.py
[2025-10-26T19:07:01.807+0000] {processor.py:830} INFO - Processing file /home/airflow/.local/lib/python3.12/site-packages/airflow/example_dags/tutorial.py for tasks to queue
[2025-10-26T19:07:01.809+0000] {logging_mixin.py:188} INFO - [2025-10-26T19:07:01.809+0000] {dagbag.py:540} INFO - Filling up the DagBag from /home/airflow/.local/lib/python3.12/site-packages/airflow/example_dags/tutorial.py
[2025-10-26T19:07:01.819+0000] {processor.py:840} INFO - DAG(s) 'tutorial' retrieved from /home/airflow/.local/lib/python3.12/site-packages/airflow/example_dags/tutorial.py
[2025-10-26T19:07:01.849+0000] {logging_mixin.py:188} INFO - [2025-10-26T19:07:01.849+0000] {dag.py:3096} INFO - Sync 1 DAGs
[2025-10-26T19:07:01.882+0000] {logging_mixin.py:188} INFO - [2025-10-26T19:07:01.882+0000] {dag.py:3954} INFO - Setting next_dagrun for tutorial to 2025-10-25 00:00:00+00:00, run_after=2025-10-26 00:00:00+00:00
[2025-10-26T19:07:01.915+0000] {processor.py:183} INFO - Processing /home/airflow/.local/lib/python3.12/site-packages/airflow/example_dags/tutorial.py took 0.118 seconds
[2025-10-26T19:07:32.619+0000] {processor.py:161} INFO - Started process (PID=451) to work on /home/airflow/.local/lib/python3.12/site-packages/airflow/example_dags/tutorial.py
[2025-10-26T19:07:32.620+0000] {processor.py:830} INFO - Processing file /home/airflow/.local/lib/python3.12/site-packages/airflow/example_dags/tutorial.py for tasks to queue
[2025-10-26T19:07:32.623+0000] {logging_mixin.py:188} INFO - [2025-10-26T19:07:32.622+0000] {dagbag.py:540} INFO - Filling up the DagBag from /home/airflow/.local/lib/python3.12/site-packages/airflow/example_dags/tutorial.py
[2025-10-26T19:07:32.631+0000] {processor.py:840} INFO - DAG(s) 'tutorial' retrieved from /home/airflow/.local/lib/python3.12/site-packages/airflow/example_dags/tutorial.py
[2025-10-26T19:07:32.660+0000] {logging_mixin.py:188} INFO - [2025-10-26T19:07:32.660+0000] {dag.py:3096} INFO - Sync 1 DAGs
[2025-10-26T19:07:32.694+0000] {logging_mixin.py:188} INFO - [2025-10-26T19:07:32.693+0000] {dag.py:3954} INFO - Setting next_dagrun for tutorial to 2025-10-25 00:00:00+00:00, run_after=2025-10-26 00:00:00+00:00
[2025-10-26T19:07:32.721+0000] {processor.py:183} INFO - Processing /home/airflow/.local/lib/python3.12/site-packages/airflow/example_dags/tutorial.py took 0.110 seconds
[2025-10-26T19:08:03.120+0000] {processor.py:161} INFO - Started process (PID=505) to work on /home/airflow/.local/lib/python3.12/site-packages/airflow/example_dags/tutorial.py
[2025-10-26T19:08:03.122+0000] {processor.py:830} INFO - Processing file /home/airflow/.local/lib/python3.12/site-packages/airflow/example_dags/tutorial.py for tasks to queue
[2025-10-26T19:08:03.124+0000] {logging_mixin.py:188} INFO - [2025-10-26T19:08:03.123+0000] {dagbag.py:540} INFO - Filling up the DagBag from /home/airflow/.local/lib/python3.12/site-packages/airflow/example_dags/tutorial.py
[2025-10-26T19:08:03.132+0000] {processor.py:840} INFO - DAG(s) 'tutorial' retrieved from /home/airflow/.local/lib/python3.12/site-packages/airflow/example_dags/tutorial.py
[2025-10-26T19:08:03.159+0000] {logging_mixin.py:188} INFO - [2025-10-26T19:08:03.158+0000] {dag.py:3096} INFO - Sync 1 DAGs
[2025-10-26T19:08:03.187+0000] {logging_mixin.py:188} INFO - [2025-10-26T19:08:03.187+0000] {dag.py:3954} INFO - Setting next_dagrun for tutorial to 2025-10-25 00:00:00+00:00, run_after=2025-10-26 00:00:00+00:00
[2025-10-26T19:08:03.211+0000] {processor.py:183} INFO - Processing /home/airflow/.local/lib/python3.12/site-packages/airflow/example_dags/tutorial.py took 0.098 seconds
[2025-10-26T19:08:33.815+0000] {processor.py:161} INFO - Started process (PID=559) to work on /home/airflow/.local/lib/python3.12/site-packages/airflow/example_dags/tutorial.py
[2025-10-26T19:08:33.816+0000] {processor.py:830} INFO - Processing file /home/airflow/.local/lib/python3.12/site-packages/airflow/example_dags/tutorial.py for tasks to queue
[2025-10-26T19:08:33.819+0000] {logging_mixin.py:188} INFO - [2025-10-26T19:08:33.818+0000] {dagbag.py:540} INFO - Filling up the DagBag from /home/airflow/.local/lib/python3.12/site-packages/airflow/example_dags/tutorial.py
[2025-10-26T19:08:33.828+0000] {processor.py:840} INFO - DAG(s) 'tutorial' retrieved from /home/airflow/.local/lib/python3.12/site-packages/airflow/example_dags/tutorial.py
[2025-10-26T19:08:33.858+0000] {logging_mixin.py:188} INFO - [2025-10-26T19:08:33.858+0000] {dag.py:3096} INFO - Sync 1 DAGs
[2025-10-26T19:08:33.890+0000] {logging_mixin.py:188} INFO - [2025-10-26T19:08:33.890+0000] {dag.py:3954} INFO - Setting next_dagrun for tutorial to 2025-10-25 00:00:00+00:00, run_after=2025-10-26 00:00:00+00:00
[2025-10-26T19:08:33.917+0000] {processor.py:183} INFO - Processing /home/airflow/.local/lib/python3.12/site-packages/airflow/example_dags/tutorial.py took 0.111 seconds
[2025-10-26T19:09:04.131+0000] {processor.py:161} INFO - Started process (PID=613) to work on /home/airflow/.local/lib/python3.12/site-packages/airflow/example_dags/tutorial.py
[2025-10-26T19:09:04.132+0000] {processor.py:830} INFO - Processing file /home/airflow/.local/lib/python3.12/site-packages/airflow/example_dags/tutorial.py for tasks to queue
[2025-10-26T19:09:04.134+0000] {logging_mixin.py:188} INFO - [2025-10-26T19:09:04.134+0000] {dagbag.py:540} INFO - Filling up the DagBag from /home/airflow/.local/lib/python3.12/site-packages/airflow/example_dags/tutorial.py
[2025-10-26T19:09:04.142+0000] {processor.py:840} INFO - DAG(s) 'tutorial' retrieved from /home/airflow/.local/lib/python3.12/site-packages/airflow/example_dags/tutorial.py
[2025-10-26T19:09:04.171+0000] {logging_mixin.py:188} INFO - [2025-10-26T19:09:04.171+0000] {dag.py:3096} INFO - Sync 1 DAGs
[2025-10-26T19:09:04.200+0000] {logging_mixin.py:188} INFO - [2025-10-26T19:09:04.200+0000] {dag.py:3954} INFO - Setting next_dagrun for tutorial to 2025-10-25 00:00:00+00:00, run_after=2025-10-26 00:00:00+00:00
[2025-10-26T19:09:04.225+0000] {processor.py:183} INFO - Processing /home/airflow/.local/lib/python3.12/site-packages/airflow/example_dags/tutorial.py took 0.103 seconds
[2025-10-26T19:09:34.558+0000] {processor.py:161} INFO - Started process (PID=667) to work on /home/airflow/.local/lib/python3.12/site-packages/airflow/example_dags/tutorial.py
[2025-10-26T19:09:34.559+0000] {processor.py:830} INFO - Processing file /home/airflow/.local/lib/python3.12/site-packages/airflow/example_dags/tutorial.py for tasks to queue
[2025-10-26T19:09:34.562+0000] {logging_mixin.py:188} INFO - [2025-10-26T19:09:34.561+0000] {dagbag.py:540} INFO - Filling up the DagBag from /home/airflow/.local/lib/python3.12/site-packages/airflow/example_dags/tutorial.py
[2025-10-26T19:09:34.570+0000] {processor.py:840} INFO - DAG(s) 'tutorial' retrieved from /home/airflow/.local/lib/python3.12/site-packages/airflow/example_dags/tutorial.py
[2025-10-26T19:09:34.598+0000] {logging_mixin.py:188} INFO - [2025-10-26T19:09:34.598+0000] {dag.py:3096} INFO - Sync 1 DAGs
[2025-10-26T19:09:34.625+0000] {logging_mixin.py:188} INFO - [2025-10-26T19:09:34.624+0000] {dag.py:3954} INFO - Setting next_dagrun for tutorial to 2025-10-25 00:00:00+00:00, run_after=2025-10-26 00:00:00+00:00
[2025-10-26T19:09:34.649+0000] {processor.py:183} INFO - Processing /home/airflow/.local/lib/python3.12/site-packages/airflow/example_dags/tutorial.py took 0.100 seconds
[2025-10-26T19:10:06.002+0000] {processor.py:161} INFO - Started process (PID=721) to work on /home/airflow/.local/lib/python3.12/site-packages/airflow/example_dags/tutorial.py
[2025-10-26T19:10:06.003+0000] {processor.py:830} INFO - Processing file /home/airflow/.local/lib/python3.12/site-packages/airflow/example_dags/tutorial.py for tasks to queue
[2025-10-26T19:10:06.006+0000] {logging_mixin.py:188} INFO - [2025-10-26T19:10:06.005+0000] {dagbag.py:540} INFO - Filling up the DagBag from /home/airflow/.local/lib/python3.12/site-packages/airflow/example_dags/tutorial.py
[2025-10-26T19:10:06.015+0000] {processor.py:840} INFO - DAG(s) 'tutorial' retrieved from /home/airflow/.local/lib/python3.12/site-packages/airflow/example_dags/tutorial.py
[2025-10-26T19:10:06.045+0000] {logging_mixin.py:188} INFO - [2025-10-26T19:10:06.045+0000] {dag.py:3096} INFO - Sync 1 DAGs
[2025-10-26T19:10:06.104+0000] {logging_mixin.py:188} INFO - [2025-10-26T19:10:06.103+0000] {dag.py:3954} INFO - Setting next_dagrun for tutorial to 2025-10-25 00:00:00+00:00, run_after=2025-10-26 00:00:00+00:00
[2025-10-26T19:10:06.145+0000] {processor.py:183} INFO - Processing /home/airflow/.local/lib/python3.12/site-packages/airflow/example_dags/tutorial.py took 0.153 seconds
[2025-10-26T19:10:36.335+0000] {processor.py:161} INFO - Started process (PID=801) to work on /home/airflow/.local/lib/python3.12/site-packages/airflow/example_dags/tutorial.py
[2025-10-26T19:10:36.337+0000] {processor.py:830} INFO - Processing file /home/airflow/.local/lib/python3.12/site-packages/airflow/example_dags/tutorial.py for tasks to queue
[2025-10-26T19:10:36.339+0000] {logging_mixin.py:188} INFO - [2025-10-26T19:10:36.339+0000] {dagbag.py:540} INFO - Filling up the DagBag from /home/airflow/.local/lib/python3.12/site-packages/airflow/example_dags/tutorial.py
[2025-10-26T19:10:36.349+0000] {processor.py:840} INFO - DAG(s) 'tutorial' retrieved from /home/airflow/.local/lib/python3.12/site-packages/airflow/example_dags/tutorial.py
[2025-10-26T19:10:36.380+0000] {logging_mixin.py:188} INFO - [2025-10-26T19:10:36.380+0000] {dag.py:3096} INFO - Sync 1 DAGs
[2025-10-26T19:10:36.410+0000] {logging_mixin.py:188} INFO - [2025-10-26T19:10:36.409+0000] {dag.py:3954} INFO - Setting next_dagrun for tutorial to 2025-10-25 00:00:00+00:00, run_after=2025-10-26 00:00:00+00:00
[2025-10-26T19:10:36.435+0000] {processor.py:183} INFO - Processing /home/airflow/.local/lib/python3.12/site-packages/airflow/example_dags/tutorial.py took 0.109 seconds
[2025-10-26T19:11:06.524+0000] {processor.py:161} INFO - Started process (PID=855) to work on /home/airflow/.local/lib/python3.12/site-packages/airflow/example_dags/tutorial.py
[2025-10-26T19:11:06.525+0000] {processor.py:830} INFO - Processing file /home/airflow/.local/lib/python3.12/site-packages/airflow/example_dags/tutorial.py for tasks to queue
[2025-10-26T19:11:06.528+0000] {logging_mixin.py:188} INFO - [2025-10-26T19:11:06.528+0000] {dagbag.py:540} INFO - Filling up the DagBag from /home/airflow/.local/lib/python3.12/site-packages/airflow/example_dags/tutorial.py
[2025-10-26T19:11:06.536+0000] {processor.py:840} INFO - DAG(s) 'tutorial' retrieved from /home/airflow/.local/lib/python3.12/site-packages/airflow/example_dags/tutorial.py
[2025-10-26T19:11:06.563+0000] {logging_mixin.py:188} INFO - [2025-10-26T19:11:06.563+0000] {dag.py:3096} INFO - Sync 1 DAGs
[2025-10-26T19:11:06.589+0000] {logging_mixin.py:188} INFO - [2025-10-26T19:11:06.589+0000] {dag.py:3954} INFO - Setting next_dagrun for tutorial to 2025-10-25 00:00:00+00:00, run_after=2025-10-26 00:00:00+00:00
[2025-10-26T19:11:06.614+0000] {processor.py:183} INFO - Processing /home/airflow/.local/lib/python3.12/site-packages/airflow/example_dags/tutorial.py took 0.098 seconds
[2025-10-26T19:11:36.913+0000] {processor.py:161} INFO - Started process (PID=909) to work on /home/airflow/.local/lib/python3.12/site-packages/airflow/example_dags/tutorial.py
[2025-10-26T19:11:36.914+0000] {processor.py:830} INFO - Processing file /home/airflow/.local/lib/python3.12/site-packages/airflow/example_dags/tutorial.py for tasks to queue
[2025-10-26T19:11:36.917+0000] {logging_mixin.py:188} INFO - [2025-10-26T19:11:36.916+0000] {dagbag.py:540} INFO - Filling up the DagBag from /home/airflow/.local/lib/python3.12/site-packages/airflow/example_dags/tutorial.py
[2025-10-26T19:11:36.925+0000] {processor.py:840} INFO - DAG(s) 'tutorial' retrieved from /home/airflow/.local/lib/python3.12/site-packages/airflow/example_dags/tutorial.py
[2025-10-26T19:11:36.954+0000] {logging_mixin.py:188} INFO - [2025-10-26T19:11:36.954+0000] {dag.py:3096} INFO - Sync 1 DAGs
[2025-10-26T19:11:36.983+0000] {logging_mixin.py:188} INFO - [2025-10-26T19:11:36.983+0000] {dag.py:3954} INFO - Setting next_dagrun for tutorial to 2025-10-25 00:00:00+00:00, run_after=2025-10-26 00:00:00+00:00
[2025-10-26T19:11:37.007+0000] {processor.py:183} INFO - Processing /home/airflow/.local/lib/python3.12/site-packages/airflow/example_dags/tutorial.py took 0.103 seconds
[2025-10-26T19:12:07.376+0000] {processor.py:161} INFO - Started process (PID=963) to work on /home/airflow/.local/lib/python3.12/site-packages/airflow/example_dags/tutorial.py
[2025-10-26T19:12:07.377+0000] {processor.py:830} INFO - Processing file /home/airflow/.local/lib/python3.12/site-packages/airflow/example_dags/tutorial.py for tasks to queue
[2025-10-26T19:12:07.380+0000] {logging_mixin.py:188} INFO - [2025-10-26T19:12:07.380+0000] {dagbag.py:540} INFO - Filling up the DagBag from /home/airflow/.local/lib/python3.12/site-packages/airflow/example_dags/tutorial.py
[2025-10-26T19:12:07.389+0000] {processor.py:840} INFO - DAG(s) 'tutorial' retrieved from /home/airflow/.local/lib/python3.12/site-packages/airflow/example_dags/tutorial.py
[2025-10-26T19:12:07.415+0000] {logging_mixin.py:188} INFO - [2025-10-26T19:12:07.415+0000] {dag.py:3096} INFO - Sync 1 DAGs
[2025-10-26T19:12:07.443+0000] {logging_mixin.py:188} INFO - [2025-10-26T19:12:07.443+0000] {dag.py:3954} INFO - Setting next_dagrun for tutorial to 2025-10-25 00:00:00+00:00, run_after=2025-10-26 00:00:00+00:00
[2025-10-26T19:12:07.472+0000] {processor.py:183} INFO - Processing /home/airflow/.local/lib/python3.12/site-packages/airflow/example_dags/tutorial.py took 0.104 seconds
[2025-10-26T19:12:38.476+0000] {processor.py:161} INFO - Started process (PID=1017) to work on /home/airflow/.local/lib/python3.12/site-packages/airflow/example_dags/tutorial.py
[2025-10-26T19:12:38.477+0000] {processor.py:830} INFO - Processing file /home/airflow/.local/lib/python3.12/site-packages/airflow/example_dags/tutorial.py for tasks to queue
[2025-10-26T19:12:38.480+0000] {logging_mixin.py:188} INFO - [2025-10-26T19:12:38.479+0000] {dagbag.py:540} INFO - Filling up the DagBag from /home/airflow/.local/lib/python3.12/site-packages/airflow/example_dags/tutorial.py
[2025-10-26T19:12:38.489+0000] {processor.py:840} INFO - DAG(s) 'tutorial' retrieved from /home/airflow/.local/lib/python3.12/site-packages/airflow/example_dags/tutorial.py
[2025-10-26T19:12:38.519+0000] {logging_mixin.py:188} INFO - [2025-10-26T19:12:38.519+0000] {dag.py:3096} INFO - Sync 1 DAGs
[2025-10-26T19:12:38.550+0000] {logging_mixin.py:188} INFO - [2025-10-26T19:12:38.550+0000] {dag.py:3954} INFO - Setting next_dagrun for tutorial to 2025-10-25 00:00:00+00:00, run_after=2025-10-26 00:00:00+00:00
[2025-10-26T19:12:38.577+0000] {processor.py:183} INFO - Processing /home/airflow/.local/lib/python3.12/site-packages/airflow/example_dags/tutorial.py took 0.110 seconds
[2025-10-26T19:13:09.582+0000] {processor.py:161} INFO - Started process (PID=1071) to work on /home/airflow/.local/lib/python3.12/site-packages/airflow/example_dags/tutorial.py
[2025-10-26T19:13:09.584+0000] {processor.py:830} INFO - Processing file /home/airflow/.local/lib/python3.12/site-packages/airflow/example_dags/tutorial.py for tasks to queue
[2025-10-26T19:13:09.587+0000] {logging_mixin.py:188} INFO - [2025-10-26T19:13:09.586+0000] {dagbag.py:540} INFO - Filling up the DagBag from /home/airflow/.local/lib/python3.12/site-packages/airflow/example_dags/tutorial.py
[2025-10-26T19:13:09.597+0000] {processor.py:840} INFO - DAG(s) 'tutorial' retrieved from /home/airflow/.local/lib/python3.12/site-packages/airflow/example_dags/tutorial.py
[2025-10-26T19:13:09.624+0000] {logging_mixin.py:188} INFO - [2025-10-26T19:13:09.624+0000] {dag.py:3096} INFO - Sync 1 DAGs
[2025-10-26T19:13:09.655+0000] {logging_mixin.py:188} INFO - [2025-10-26T19:13:09.655+0000] {dag.py:3954} INFO - Setting next_dagrun for tutorial to 2025-10-25 00:00:00+00:00, run_after=2025-10-26 00:00:00+00:00
[2025-10-26T19:13:09.677+0000] {processor.py:183} INFO - Processing /home/airflow/.local/lib/python3.12/site-packages/airflow/example_dags/tutorial.py took 0.104 seconds
[2025-10-26T19:13:39.845+0000] {processor.py:161} INFO - Started process (PID=1125) to work on /home/airflow/.local/lib/python3.12/site-packages/airflow/example_dags/tutorial.py
[2025-10-26T19:13:39.847+0000] {processor.py:830} INFO - Processing file /home/airflow/.local/lib/python3.12/site-packages/airflow/example_dags/tutorial.py for tasks to queue
[2025-10-26T19:13:39.849+0000] {logging_mixin.py:188} INFO - [2025-10-26T19:13:39.849+0000] {dagbag.py:540} INFO - Filling up the DagBag from /home/airflow/.local/lib/python3.12/site-packages/airflow/example_dags/tutorial.py
[2025-10-26T19:13:39.858+0000] {processor.py:840} INFO - DAG(s) 'tutorial' retrieved from /home/airflow/.local/lib/python3.12/site-packages/airflow/example_dags/tutorial.py
[2025-10-26T19:13:39.889+0000] {logging_mixin.py:188} INFO - [2025-10-26T19:13:39.888+0000] {dag.py:3096} INFO - Sync 1 DAGs
[2025-10-26T19:13:39.915+0000] {logging_mixin.py:188} INFO - [2025-10-26T19:13:39.914+0000] {dag.py:3954} INFO - Setting next_dagrun for tutorial to 2025-10-25 00:00:00+00:00, run_after=2025-10-26 00:00:00+00:00
[2025-10-26T19:13:39.937+0000] {processor.py:183} INFO - Processing /home/airflow/.local/lib/python3.12/site-packages/airflow/example_dags/tutorial.py took 0.101 seconds
[2025-10-26T19:14:10.684+0000] {processor.py:161} INFO - Started process (PID=1179) to work on /home/airflow/.local/lib/python3.12/site-packages/airflow/example_dags/tutorial.py
[2025-10-26T19:14:10.687+0000] {processor.py:830} INFO - Processing file /home/airflow/.local/lib/python3.12/site-packages/airflow/example_dags/tutorial.py for tasks to queue
[2025-10-26T19:14:10.692+0000] {logging_mixin.py:188} INFO - [2025-10-26T19:14:10.691+0000] {dagbag.py:540} INFO - Filling up the DagBag from /home/airflow/.local/lib/python3.12/site-packages/airflow/example_dags/tutorial.py
[2025-10-26T19:14:10.702+0000] {processor.py:840} INFO - DAG(s) 'tutorial' retrieved from /home/airflow/.local/lib/python3.12/site-packages/airflow/example_dags/tutorial.py
[2025-10-26T19:14:10.741+0000] {logging_mixin.py:188} INFO - [2025-10-26T19:14:10.741+0000] {dag.py:3096} INFO - Sync 1 DAGs
[2025-10-26T19:14:10.776+0000] {logging_mixin.py:188} INFO - [2025-10-26T19:14:10.776+0000] {dag.py:3954} INFO - Setting next_dagrun for tutorial to 2025-10-25 00:00:00+00:00, run_after=2025-10-26 00:00:00+00:00
[2025-10-26T19:14:10.805+0000] {processor.py:183} INFO - Processing /home/airflow/.local/lib/python3.12/site-packages/airflow/example_dags/tutorial.py took 0.137 seconds
[2025-10-26T19:14:40.938+0000] {processor.py:161} INFO - Started process (PID=1268) to work on /home/airflow/.local/lib/python3.12/site-packages/airflow/example_dags/tutorial.py
[2025-10-26T19:14:40.940+0000] {processor.py:830} INFO - Processing file /home/airflow/.local/lib/python3.12/site-packages/airflow/example_dags/tutorial.py for tasks to queue
[2025-10-26T19:14:40.944+0000] {logging_mixin.py:188} INFO - [2025-10-26T19:14:40.943+0000] {dagbag.py:540} INFO - Filling up the DagBag from /home/airflow/.local/lib/python3.12/site-packages/airflow/example_dags/tutorial.py
[2025-10-26T19:14:40.954+0000] {processor.py:840} INFO - DAG(s) 'tutorial' retrieved from /home/airflow/.local/lib/python3.12/site-packages/airflow/example_dags/tutorial.py
[2025-10-26T19:14:40.987+0000] {logging_mixin.py:188} INFO - [2025-10-26T19:14:40.986+0000] {dag.py:3096} INFO - Sync 1 DAGs
[2025-10-26T19:14:41.020+0000] {logging_mixin.py:188} INFO - [2025-10-26T19:14:41.019+0000] {dag.py:3954} INFO - Setting next_dagrun for tutorial to 2025-10-25 00:00:00+00:00, run_after=2025-10-26 00:00:00+00:00
[2025-10-26T19:14:41.046+0000] {processor.py:183} INFO - Processing /home/airflow/.local/lib/python3.12/site-packages/airflow/example_dags/tutorial.py took 0.119 seconds
[2025-10-26T19:15:11.196+0000] {processor.py:161} INFO - Started process (PID=1322) to work on /home/airflow/.local/lib/python3.12/site-packages/airflow/example_dags/tutorial.py
[2025-10-26T19:15:11.198+0000] {processor.py:830} INFO - Processing file /home/airflow/.local/lib/python3.12/site-packages/airflow/example_dags/tutorial.py for tasks to queue
[2025-10-26T19:15:11.200+0000] {logging_mixin.py:188} INFO - [2025-10-26T19:15:11.200+0000] {dagbag.py:540} INFO - Filling up the DagBag from /home/airflow/.local/lib/python3.12/site-packages/airflow/example_dags/tutorial.py
[2025-10-26T19:15:11.208+0000] {processor.py:840} INFO - DAG(s) 'tutorial' retrieved from /home/airflow/.local/lib/python3.12/site-packages/airflow/example_dags/tutorial.py
[2025-10-26T19:15:11.237+0000] {logging_mixin.py:188} INFO - [2025-10-26T19:15:11.237+0000] {dag.py:3096} INFO - Sync 1 DAGs
[2025-10-26T19:15:11.265+0000] {logging_mixin.py:188} INFO - [2025-10-26T19:15:11.265+0000] {dag.py:3954} INFO - Setting next_dagrun for tutorial to 2025-10-25 00:00:00+00:00, run_after=2025-10-26 00:00:00+00:00
[2025-10-26T19:15:11.288+0000] {processor.py:183} INFO - Processing /home/airflow/.local/lib/python3.12/site-packages/airflow/example_dags/tutorial.py took 0.100 seconds
