[2025-10-11T18:42:40.794+0000] {local_task_job_runner.py:120} INFO - ::group::Pre task execution logs
[2025-10-11T18:42:40.835+0000] {taskinstance.py:2073} INFO - Dependencies all met for dep_context=non-requeueable deps ti=<TaskInstance: OpenFlightsDataIngestion.group_airports.truncate_table_airports manual__2025-10-11T18:42:33.157168+00:00 [queued]>
[2025-10-11T18:42:40.851+0000] {taskinstance.py:2073} INFO - Dependencies all met for dep_context=requeueable deps ti=<TaskInstance: OpenFlightsDataIngestion.group_airports.truncate_table_airports manual__2025-10-11T18:42:33.157168+00:00 [queued]>
[2025-10-11T18:42:40.852+0000] {taskinstance.py:2303} INFO - Starting attempt 1 of 1
[2025-10-11T18:42:40.870+0000] {taskinstance.py:2327} INFO - Executing <Task(PythonOperator): group_airports.truncate_table_airports> on 2025-10-11 18:42:33.157168+00:00
[2025-10-11T18:42:40.881+0000] {warnings.py:110} WARNING - /home/***/.local/lib/python3.12/site-packages/***/task/task_runner/standard_task_runner.py:61: DeprecationWarning: This process (pid=245) is multi-threaded, use of fork() may lead to deadlocks in the child.
  pid = os.fork()

[2025-10-11T18:42:40.884+0000] {standard_task_runner.py:63} INFO - Started process 252 to run task
[2025-10-11T18:42:40.884+0000] {standard_task_runner.py:90} INFO - Running: ['***', 'tasks', 'run', 'OpenFlightsDataIngestion', 'group_airports.truncate_table_airports', 'manual__2025-10-11T18:42:33.157168+00:00', '--job-id', '121', '--raw', '--subdir', 'DAGS_FOLDER/openflights_dag.py', '--cfg-path', '/tmp/tmp8r1twgyd']
[2025-10-11T18:42:40.888+0000] {standard_task_runner.py:91} INFO - Job 121: Subtask group_airports.truncate_table_airports
[2025-10-11T18:42:40.970+0000] {task_command.py:426} INFO - Running <TaskInstance: OpenFlightsDataIngestion.group_airports.truncate_table_airports manual__2025-10-11T18:42:33.157168+00:00 [running]> on host dc3f0ff817bf
[2025-10-11T18:42:41.110+0000] {taskinstance.py:2644} INFO - Exporting env vars: AIRFLOW_CTX_DAG_OWNER='***' AIRFLOW_CTX_DAG_ID='OpenFlightsDataIngestion' AIRFLOW_CTX_TASK_ID='group_airports.truncate_table_airports' AIRFLOW_CTX_EXECUTION_DATE='2025-10-11T18:42:33.157168+00:00' AIRFLOW_CTX_TRY_NUMBER='1' AIRFLOW_CTX_DAG_RUN_ID='manual__2025-10-11T18:42:33.157168+00:00'
[2025-10-11T18:42:41.113+0000] {taskinstance.py:430} INFO - ::endgroup::
[2025-10-11T18:42:41.130+0000] {base.py:84} INFO - Using connection ID 'maria_db_default' for task execution.
[2025-10-11T18:42:41.131+0000] {mariadb_hook.py:37} INFO - Connecting to MariaDB database: 
[2025-10-11T18:42:41.135+0000] {sql.py:457} INFO - Running statement: 
        SELECT COUNT(*) 
        FROM information_schema.tables 
        WHERE table_schema = 'open_flights_data' 
          AND table_name = 'airports';
    , parameters: None
[2025-10-11T18:42:41.140+0000] {sql.py:466} INFO - Rows affected: 1
[2025-10-11T18:42:41.142+0000] {warnings.py:110} WARNING - /home/***/.local/lib/python3.12/site-packages/***/providers/common/sql/hooks/sql.py:407: AirflowProviderDeprecationWarning: Call to deprecated method _make_common_data_structure. (The `_make_serializable` method is deprecated and support will be removed in a future version of the common.sql provider. Please update the DbApiHook's provider to a version based on common.sql >= 1.9.1.)
  result = self._make_common_data_structure(handler(cur))

[2025-10-11T18:42:41.144+0000] {logging_mixin.py:188} INFO - Table `open_flights_data.airports` does not exist. Skipping truncation.
[2025-10-11T18:42:41.145+0000] {python.py:237} INFO - Done. Returned value was: None
[2025-10-11T18:42:41.146+0000] {taskinstance.py:441} INFO - ::group::Post task execution logs
[2025-10-11T18:42:41.161+0000] {taskinstance.py:1205} INFO - Marking task as SUCCESS. dag_id=OpenFlightsDataIngestion, task_id=group_airports.truncate_table_airports, execution_date=20251011T184233, start_date=20251011T184240, end_date=20251011T184241
[2025-10-11T18:42:41.190+0000] {local_task_job_runner.py:240} INFO - Task exited with return code 0
[2025-10-11T18:42:41.238+0000] {taskinstance.py:3482} INFO - 1 downstream tasks scheduled from follow-on schedule check
[2025-10-11T18:42:41.241+0000] {local_task_job_runner.py:222} INFO - ::endgroup::
