[2025-10-11T18:29:08.720+0000] {local_task_job_runner.py:120} INFO - ::group::Pre task execution logs
[2025-10-11T18:29:08.757+0000] {taskinstance.py:2073} INFO - Dependencies all met for dep_context=non-requeueable deps ti=<TaskInstance: OpenFlightsDataIngestion.group_airlines.truncate_table_airlines manual__2025-10-11T18:28:56.080667+00:00 [queued]>
[2025-10-11T18:29:08.771+0000] {taskinstance.py:2073} INFO - Dependencies all met for dep_context=requeueable deps ti=<TaskInstance: OpenFlightsDataIngestion.group_airlines.truncate_table_airlines manual__2025-10-11T18:28:56.080667+00:00 [queued]>
[2025-10-11T18:29:08.772+0000] {taskinstance.py:2303} INFO - Starting attempt 1 of 1
[2025-10-11T18:29:08.797+0000] {taskinstance.py:2327} INFO - Executing <Task(MariaDBOperator): group_airlines.truncate_table_airlines> on 2025-10-11 18:28:56.080667+00:00
[2025-10-11T18:29:08.812+0000] {warnings.py:110} WARNING - /home/***/.local/lib/python3.12/site-packages/***/task/task_runner/standard_task_runner.py:61: DeprecationWarning: This process (pid=72) is multi-threaded, use of fork() may lead to deadlocks in the child.
  pid = os.fork()

[2025-10-11T18:29:08.815+0000] {standard_task_runner.py:63} INFO - Started process 86 to run task
[2025-10-11T18:29:08.815+0000] {standard_task_runner.py:90} INFO - Running: ['***', 'tasks', 'run', 'OpenFlightsDataIngestion', 'group_airlines.truncate_table_airlines', 'manual__2025-10-11T18:28:56.080667+00:00', '--job-id', '80', '--raw', '--subdir', 'DAGS_FOLDER/openflights_dag.py', '--cfg-path', '/tmp/tmp1v75ij3r']
[2025-10-11T18:29:08.819+0000] {standard_task_runner.py:91} INFO - Job 80: Subtask group_airlines.truncate_table_airlines
[2025-10-11T18:29:08.898+0000] {task_command.py:426} INFO - Running <TaskInstance: OpenFlightsDataIngestion.group_airlines.truncate_table_airlines manual__2025-10-11T18:28:56.080667+00:00 [running]> on host dc3f0ff817bf
[2025-10-11T18:29:09.048+0000] {taskinstance.py:2644} INFO - Exporting env vars: AIRFLOW_CTX_DAG_OWNER='***' AIRFLOW_CTX_DAG_ID='OpenFlightsDataIngestion' AIRFLOW_CTX_TASK_ID='group_airlines.truncate_table_airlines' AIRFLOW_CTX_EXECUTION_DATE='2025-10-11T18:28:56.080667+00:00' AIRFLOW_CTX_TRY_NUMBER='1' AIRFLOW_CTX_DAG_RUN_ID='manual__2025-10-11T18:28:56.080667+00:00'
[2025-10-11T18:29:09.055+0000] {taskinstance.py:430} INFO - ::endgroup::
[2025-10-11T18:29:09.056+0000] {sql.py:276} INFO - Executing: 
            SET @table_exists = (
                SELECT COUNT(*) 
                FROM information_schema.tables 
                WHERE table_schema = 'open_flights_data' 
                AND table_name = 'airlines'
            );

            SET @query = IF(@table_exists > 0, 
                CONCAT('TRUNCATE TABLE open_flights_data.airlines'), 
                'SELECT "Table open_flights_data.airlines does not exist, skipping truncation."');

            PREPARE stmt FROM @query;
            EXECUTE stmt;
            DEALLOCATE PREPARE stmt;
            
[2025-10-11T18:29:09.073+0000] {base.py:84} INFO - Using connection ID 'maria_db_default' for task execution.
[2025-10-11T18:29:09.085+0000] {base.py:84} INFO - Using connection ID 'maria_db_default' for task execution.
[2025-10-11T18:29:09.086+0000] {mariadb_hook.py:37} INFO - Connecting to MariaDB database: 
[2025-10-11T18:29:09.092+0000] {sql.py:457} INFO - Running statement: 
            SET @table_exists = (
                SELECT COUNT(*) 
                FROM information_schema.tables 
                WHERE table_schema = 'open_flights_data' 
                AND table_name = 'airlines'
            );

            SET @query = IF(@table_exists > 0, 
                CONCAT('TRUNCATE TABLE open_flights_data.airlines'), 
                'SELECT "Table open_flights_data.airlines does not exist, skipping truncation."');

            PREPARE stmt FROM @query;
            EXECUTE stmt;
            DEALLOCATE PREPARE stmt;
            , parameters: None
[2025-10-11T18:29:09.094+0000] {taskinstance.py:441} INFO - ::group::Post task execution logs
[2025-10-11T18:29:09.094+0000] {taskinstance.py:2890} ERROR - Task failed with exception
Traceback (most recent call last):
  File "/home/airflow/.local/lib/python3.12/site-packages/airflow/models/taskinstance.py", line 465, in _execute_task
    result = _execute_callable(context=context, **execute_callable_kwargs)
             ^^^^^^^^^^^^^^^^^^^^^^^^^^^^^^^^^^^^^^^^^^^^^^^^^^^^^^^^^^^^^
  File "/home/airflow/.local/lib/python3.12/site-packages/airflow/models/taskinstance.py", line 432, in _execute_callable
    return execute_callable(context=context, **execute_callable_kwargs)
           ^^^^^^^^^^^^^^^^^^^^^^^^^^^^^^^^^^^^^^^^^^^^^^^^^^^^^^^^^^^^
  File "/home/airflow/.local/lib/python3.12/site-packages/airflow/models/baseoperator.py", line 400, in wrapper
    return func(self, *args, **kwargs)
           ^^^^^^^^^^^^^^^^^^^^^^^^^^^
  File "/home/airflow/.local/lib/python3.12/site-packages/airflow/providers/common/sql/operators/sql.py", line 282, in execute
    output = hook.run(
             ^^^^^^^^^
  File "/home/airflow/.local/lib/python3.12/site-packages/airflow/providers/common/sql/hooks/sql.py", line 404, in run
    self._run_command(cur, sql_statement, parameters)
  File "/home/airflow/.local/lib/python3.12/site-packages/airflow/providers/common/sql/hooks/sql.py", line 462, in _run_command
    cur.execute(sql_statement)
  File "/home/airflow/.local/lib/python3.12/site-packages/mariadb/cursors.py", line 351, in execute
    self._readresponse()
mariadb.ProgrammingError: You have an error in your SQL syntax; check the manual that corresponds to your MariaDB server version for the right syntax to use near 'SET @query = IF(@table_exists > 0, 
                CONCAT('TRUNCATE TABLE op...' at line 8
[2025-10-11T18:29:09.111+0000] {taskinstance.py:1205} INFO - Marking task as FAILED. dag_id=OpenFlightsDataIngestion, task_id=group_airlines.truncate_table_airlines, execution_date=20251011T182856, start_date=20251011T182908, end_date=20251011T182909
[2025-10-11T18:29:09.130+0000] {standard_task_runner.py:110} ERROR - Failed to execute job 80 for task group_airlines.truncate_table_airlines (You have an error in your SQL syntax; check the manual that corresponds to your MariaDB server version for the right syntax to use near 'SET @query = IF(@table_exists > 0, 
                CONCAT('TRUNCATE TABLE op...' at line 8; 86)
[2025-10-11T18:29:09.161+0000] {local_task_job_runner.py:240} INFO - Task exited with return code 1
[2025-10-11T18:29:09.307+0000] {warnings.py:110} WARNING - /home/***/.local/lib/python3.12/site-packages/***/models/baseoperator.py:1296: AirflowProviderDeprecationWarning: Call to deprecated class MariaDBOperator. (Please use `***.providers.common.sql.operators.sql.SQLExecuteQueryOperator`.Also, you can provide `hook_params={'schema': <database>}`.)
  result = cls.__new__(cls)

[2025-10-11T18:29:09.344+0000] {taskinstance.py:3482} INFO - 0 downstream tasks scheduled from follow-on schedule check
[2025-10-11T18:29:09.350+0000] {local_task_job_runner.py:222} INFO - ::endgroup::
