[2025-10-26T19:14:23.211+0000] {local_task_job_runner.py:120} INFO - ::group::Pre task execution logs
[2025-10-26T19:14:23.243+0000] {taskinstance.py:2073} INFO - Dependencies all met for dep_context=non-requeueable deps ti=<TaskInstance: Dag_OpenFlightsDataIngestion.group_planes.create_table_planes manual__2025-10-26T19:14:08.334532+00:00 [queued]>
[2025-10-26T19:14:23.257+0000] {taskinstance.py:2073} INFO - Dependencies all met for dep_context=requeueable deps ti=<TaskInstance: Dag_OpenFlightsDataIngestion.group_planes.create_table_planes manual__2025-10-26T19:14:08.334532+00:00 [queued]>
[2025-10-26T19:14:23.258+0000] {taskinstance.py:2303} INFO - Starting attempt 1 of 1
[2025-10-26T19:14:23.277+0000] {taskinstance.py:2327} INFO - Executing <Task(PythonOperator): group_planes.create_table_planes> on 2025-10-26 19:14:08.334532+00:00
[2025-10-26T19:14:23.285+0000] {warnings.py:110} WARNING - /home/***/.local/lib/python3.12/site-packages/***/task/task_runner/standard_task_runner.py:61: DeprecationWarning: This process (pid=553) is multi-threaded, use of fork() may lead to deadlocks in the child.
  pid = os.fork()

[2025-10-26T19:14:23.287+0000] {standard_task_runner.py:63} INFO - Started process 594 to run task
[2025-10-26T19:14:23.288+0000] {standard_task_runner.py:90} INFO - Running: ['***', 'tasks', 'run', 'Dag_OpenFlightsDataIngestion', 'group_planes.create_table_planes', 'manual__2025-10-26T19:14:08.334532+00:00', '--job-id', '40', '--raw', '--subdir', 'DAGS_FOLDER/openflights_dag.py', '--cfg-path', '/tmp/tmpkyz2e09g']
[2025-10-26T19:14:23.292+0000] {standard_task_runner.py:91} INFO - Job 40: Subtask group_planes.create_table_planes
[2025-10-26T19:14:23.366+0000] {task_command.py:426} INFO - Running <TaskInstance: Dag_OpenFlightsDataIngestion.group_planes.create_table_planes manual__2025-10-26T19:14:08.334532+00:00 [running]> on host c8d58475e5b6
[2025-10-26T19:14:23.486+0000] {taskinstance.py:2644} INFO - Exporting env vars: AIRFLOW_CTX_DAG_OWNER='***' AIRFLOW_CTX_DAG_ID='Dag_OpenFlightsDataIngestion' AIRFLOW_CTX_TASK_ID='group_planes.create_table_planes' AIRFLOW_CTX_EXECUTION_DATE='2025-10-26T19:14:08.334532+00:00' AIRFLOW_CTX_TRY_NUMBER='1' AIRFLOW_CTX_DAG_RUN_ID='manual__2025-10-26T19:14:08.334532+00:00'
[2025-10-26T19:14:23.490+0000] {taskinstance.py:430} INFO - ::endgroup::
[2025-10-26T19:14:23.504+0000] {base.py:84} INFO - Using connection ID 'maria_db_default' for task execution.
[2025-10-26T19:14:23.506+0000] {mariadb.py:94} INFO - Connecting to MariaDB database: 
[2025-10-26T19:14:23.874+0000] {python.py:237} INFO - Done. Returned value was: None
[2025-10-26T19:14:23.875+0000] {taskinstance.py:441} INFO - ::group::Post task execution logs
[2025-10-26T19:14:23.889+0000] {taskinstance.py:1205} INFO - Marking task as SUCCESS. dag_id=Dag_OpenFlightsDataIngestion, task_id=group_planes.create_table_planes, execution_date=20251026T191408, start_date=20251026T191423, end_date=20251026T191423
[2025-10-26T19:14:23.920+0000] {local_task_job_runner.py:240} INFO - Task exited with return code 0
[2025-10-26T19:14:23.959+0000] {taskinstance.py:3482} INFO - 1 downstream tasks scheduled from follow-on schedule check
[2025-10-26T19:14:23.961+0000] {local_task_job_runner.py:222} INFO - ::endgroup::
