[2025-10-16T19:49:14.571+0000] {local_task_job_runner.py:120} INFO - ::group::Pre task execution logs
[2025-10-16T19:49:14.597+0000] {taskinstance.py:2073} INFO - Dependencies all met for dep_context=non-requeueable deps ti=<TaskInstance: OpenFlightsDataIngestion.group_airlines.cpimport_airlines manual__2025-10-16T19:48:49.166871+00:00 [queued]>
[2025-10-16T19:49:14.609+0000] {taskinstance.py:2073} INFO - Dependencies all met for dep_context=requeueable deps ti=<TaskInstance: OpenFlightsDataIngestion.group_airlines.cpimport_airlines manual__2025-10-16T19:48:49.166871+00:00 [queued]>
[2025-10-16T19:49:14.610+0000] {taskinstance.py:2303} INFO - Starting attempt 1 of 1
[2025-10-16T19:49:14.629+0000] {taskinstance.py:2327} INFO - Executing <Task(MariaDBCpImportOperator): group_airlines.cpimport_airlines> on 2025-10-16 19:48:49.166871+00:00
[2025-10-16T19:49:14.636+0000] {warnings.py:110} WARNING - /home/***/.local/lib/python3.12/site-packages/***/task/task_runner/standard_task_runner.py:61: DeprecationWarning: This process (pid=1680) is multi-threaded, use of fork() may lead to deadlocks in the child.
  pid = os.fork()

[2025-10-16T19:49:14.639+0000] {standard_task_runner.py:63} INFO - Started process 1718 to run task
[2025-10-16T19:49:14.639+0000] {standard_task_runner.py:90} INFO - Running: ['***', 'tasks', 'run', 'OpenFlightsDataIngestion', 'group_airlines.cpimport_airlines', 'manual__2025-10-16T19:48:49.166871+00:00', '--job-id', '273', '--raw', '--subdir', 'DAGS_FOLDER/openflights_dag.py', '--cfg-path', '/tmp/tmpcpi1xmfv']
[2025-10-16T19:49:14.643+0000] {standard_task_runner.py:91} INFO - Job 273: Subtask group_airlines.cpimport_airlines
[2025-10-16T19:49:14.724+0000] {task_command.py:426} INFO - Running <TaskInstance: OpenFlightsDataIngestion.group_airlines.cpimport_airlines manual__2025-10-16T19:48:49.166871+00:00 [running]> on host e6b42f39be87
[2025-10-16T19:49:14.869+0000] {taskinstance.py:2644} INFO - Exporting env vars: AIRFLOW_CTX_DAG_OWNER='***' AIRFLOW_CTX_DAG_ID='OpenFlightsDataIngestion' AIRFLOW_CTX_TASK_ID='group_airlines.cpimport_airlines' AIRFLOW_CTX_EXECUTION_DATE='2025-10-16T19:48:49.166871+00:00' AIRFLOW_CTX_TRY_NUMBER='1' AIRFLOW_CTX_DAG_RUN_ID='manual__2025-10-16T19:48:49.166871+00:00'
[2025-10-16T19:49:14.873+0000] {taskinstance.py:430} INFO - ::endgroup::
[2025-10-16T19:49:14.874+0000] {mariadb_cpimport_operator.py:86} INFO - Starting cpimport operation for table: airlines
[2025-10-16T19:49:14.875+0000] {mariadb_cpimport_operator.py:87} INFO - Source file: /root/***_ssh/airlines.dat
[2025-10-16T19:49:14.876+0000] {mariadb_cpimport_operator.py:95} INFO - Validating ColumnStore engine...
[2025-10-16T19:49:14.895+0000] {base.py:84} INFO - Using connection ID 'maria_db_default' for task execution.
[2025-10-16T19:49:14.896+0000] {mariadb_hook.py:38} INFO - Connecting to MariaDB database: open_flights_data
[2025-10-16T19:49:14.902+0000] {mariadb_hook.py:79} INFO - Table open_flights_data.airlines uses engine: Columnstore
[2025-10-16T19:49:14.903+0000] {mariadb_hook.py:86} INFO - ✓ Table open_flights_data.airlines uses ColumnStore engine
[2025-10-16T19:49:14.903+0000] {mariadb_cpimport_operator.py:97} INFO - ✓ ColumnStore engine validation passed
[2025-10-16T19:49:14.904+0000] {mariadb_cpimport_operator.py:102} INFO - Executing cpimport command...
[2025-10-16T19:49:14.916+0000] {base.py:84} INFO - Using connection ID 'maria_db_default' for task execution.
[2025-10-16T19:49:14.917+0000] {mariadb_hook.py:38} INFO - Connecting to MariaDB database: open_flights_data
[2025-10-16T19:49:14.921+0000] {mariadb_hook.py:79} INFO - Table open_flights_data.airlines uses engine: Columnstore
[2025-10-16T19:49:14.922+0000] {mariadb_hook.py:86} INFO - ✓ Table open_flights_data.airlines uses ColumnStore engine
[2025-10-16T19:49:14.935+0000] {base.py:84} INFO - Using connection ID 'mariadb_ssh_connection' for task execution.
[2025-10-16T19:49:14.936+0000] {mariadb_hook.py:156} INFO - Executing cpimport command via SSH: cpimport -s ',' -E \" -n \\N open_flights_data airlines /root/***_ssh/airlines.dat
[2025-10-16T19:49:14.937+0000] {ssh.py:301} WARNING - No Host Key Verification. This won't protect against Man-In-The-Middle attacks
[2025-10-16T19:49:14.952+0000] {transport.py:1909} INFO - Connected (version 2.0, client OpenSSH_8.0)
[2025-10-16T19:49:15.070+0000] {transport.py:1909} INFO - Authentication (password) successful!
[2025-10-16T19:49:16.381+0000] {mariadb_hook.py:168} INFO - cpimport completed successfully via SSH
[2025-10-16T19:49:16.381+0000] {mariadb_hook.py:170} INFO - Output: Locale = C.UTF-8Column delimiter : ,
Enclosed by Character : "

Using table OID 3260 as the default JOB ID
Input file(s) will be read from : /root
Job description file : /var/log/mariadb/columnstore/data/bulk/tmpjob/3260_D20251016_T194915_S269064_Job_3260.xml
Log file for this job: /var/log/mariadb/columnstore/cpimport/Job_3260.log
2025-10-16 19:49:15 (2932) INFO : successfully loaded job file /var/log/mariadb/columnstore/data/bulk/tmpjob/3260_D20251016_T194915_S269064_Job_3260.xml
2025-10-16 19:49:15 (2932) INFO : Job file loaded, run time for this step : 0.047683 seconds
2025-10-16 19:49:15 (2932) INFO : PreProcessing check starts
2025-10-16 19:49:15 (2932) INFO : input data file /root/***_ssh/airlines.dat
2025-10-16 19:49:15 (2932) INFO : PreProcessing check completed
2025-10-16 19:49:15 (2932) INFO : preProcess completed, run time for this step : 0.068903 seconds
2025-10-16 19:49:15 (2932) INFO : No of Read Threads Spawned = 1
2025-10-16 19:49:15 (2932) INFO : No of Parse Threads Spawned = 3
2025-10-16 19:49:15 (2932) INFO : For table open_flights_data.airlines: 6162 rows processed and 6162 rows inserted.
2025-10-16 19:49:16 (2932) INFO : Bulk load completed, total run time : 1.11782 seconds


[2025-10-16T19:49:16.382+0000] {mariadb_cpimport_operator.py:112} INFO - ✅ Successfully imported data into airlines
[2025-10-16T19:49:16.382+0000] {taskinstance.py:441} INFO - ::group::Post task execution logs
[2025-10-16T19:49:16.414+0000] {taskinstance.py:1205} INFO - Marking task as SUCCESS. dag_id=OpenFlightsDataIngestion, task_id=group_airlines.cpimport_airlines, execution_date=20251016T194849, start_date=20251016T194914, end_date=20251016T194916
[2025-10-16T19:49:16.458+0000] {local_task_job_runner.py:240} INFO - Task exited with return code 0
[2025-10-16T19:49:16.485+0000] {taskinstance.py:3482} INFO - 0 downstream tasks scheduled from follow-on schedule check
[2025-10-16T19:49:16.488+0000] {local_task_job_runner.py:222} INFO - ::endgroup::
