[2025-10-12T09:24:12.556+0000] {local_task_job_runner.py:120} INFO - ::group::Pre task execution logs
[2025-10-12T09:24:12.582+0000] {taskinstance.py:2073} INFO - Dependencies all met for dep_context=non-requeueable deps ti=<TaskInstance: OpenFlightsDataIngestion_SSH.group_airports.truncate_table_airports manual__2025-10-12T09:24:04.689338+00:00 [queued]>
[2025-10-12T09:24:12.594+0000] {taskinstance.py:2073} INFO - Dependencies all met for dep_context=requeueable deps ti=<TaskInstance: OpenFlightsDataIngestion_SSH.group_airports.truncate_table_airports manual__2025-10-12T09:24:04.689338+00:00 [queued]>
[2025-10-12T09:24:12.595+0000] {taskinstance.py:2303} INFO - Starting attempt 1 of 1
[2025-10-12T09:24:12.620+0000] {taskinstance.py:2327} INFO - Executing <Task(PythonOperator): group_airports.truncate_table_airports> on 2025-10-12 09:24:04.689338+00:00
[2025-10-12T09:24:12.630+0000] {warnings.py:110} WARNING - /home/***/.local/lib/python3.12/site-packages/***/task/task_runner/standard_task_runner.py:61: DeprecationWarning: This process (pid=138) is multi-threaded, use of fork() may lead to deadlocks in the child.
  pid = os.fork()

[2025-10-12T09:24:12.633+0000] {standard_task_runner.py:63} INFO - Started process 150 to run task
[2025-10-12T09:24:12.633+0000] {standard_task_runner.py:90} INFO - Running: ['***', 'tasks', 'run', 'OpenFlightsDataIngestion_SSH', 'group_airports.truncate_table_airports', 'manual__2025-10-12T09:24:04.689338+00:00', '--job-id', '36', '--raw', '--subdir', 'DAGS_FOLDER/openflights_dag.py', '--cfg-path', '/tmp/tmpgr3btnvd']
[2025-10-12T09:24:12.639+0000] {standard_task_runner.py:91} INFO - Job 36: Subtask group_airports.truncate_table_airports
[2025-10-12T09:24:12.725+0000] {task_command.py:426} INFO - Running <TaskInstance: OpenFlightsDataIngestion_SSH.group_airports.truncate_table_airports manual__2025-10-12T09:24:04.689338+00:00 [running]> on host 030cfa6c2cac
[2025-10-12T09:24:12.847+0000] {taskinstance.py:2644} INFO - Exporting env vars: AIRFLOW_CTX_DAG_OWNER='***' AIRFLOW_CTX_DAG_ID='OpenFlightsDataIngestion_SSH' AIRFLOW_CTX_TASK_ID='group_airports.truncate_table_airports' AIRFLOW_CTX_EXECUTION_DATE='2025-10-12T09:24:04.689338+00:00' AIRFLOW_CTX_TRY_NUMBER='1' AIRFLOW_CTX_DAG_RUN_ID='manual__2025-10-12T09:24:04.689338+00:00'
[2025-10-12T09:24:12.852+0000] {taskinstance.py:430} INFO - ::endgroup::
[2025-10-12T09:24:12.865+0000] {base.py:84} INFO - Using connection ID 'maria_db_default' for task execution.
[2025-10-12T09:24:12.865+0000] {mariadb_hook.py:37} INFO - Connecting to MariaDB database: 
[2025-10-12T09:24:12.870+0000] {taskinstance.py:441} INFO - ::group::Post task execution logs
[2025-10-12T09:24:12.871+0000] {taskinstance.py:2890} ERROR - Task failed with exception
Traceback (most recent call last):
  File "/home/airflow/.local/lib/python3.12/site-packages/airflow/models/taskinstance.py", line 465, in _execute_task
    result = _execute_callable(context=context, **execute_callable_kwargs)
             ^^^^^^^^^^^^^^^^^^^^^^^^^^^^^^^^^^^^^^^^^^^^^^^^^^^^^^^^^^^^^
  File "/home/airflow/.local/lib/python3.12/site-packages/airflow/models/taskinstance.py", line 432, in _execute_callable
    return execute_callable(context=context, **execute_callable_kwargs)
           ^^^^^^^^^^^^^^^^^^^^^^^^^^^^^^^^^^^^^^^^^^^^^^^^^^^^^^^^^^^^
  File "/home/airflow/.local/lib/python3.12/site-packages/airflow/models/baseoperator.py", line 400, in wrapper
    return func(self, *args, **kwargs)
           ^^^^^^^^^^^^^^^^^^^^^^^^^^^
  File "/home/airflow/.local/lib/python3.12/site-packages/airflow/operators/python.py", line 235, in execute
    return_value = self.execute_callable()
                   ^^^^^^^^^^^^^^^^^^^^^^^
  File "/home/airflow/.local/lib/python3.12/site-packages/airflow/operators/python.py", line 252, in execute_callable
    return self.python_callable(*self.op_args, **self.op_kwargs)
           ^^^^^^^^^^^^^^^^^^^^^^^^^^^^^^^^^^^^^^^^^^^^^^^^^^^^^
  File "/opt/airflow/dags/openflights_dag.py", line 38, in truncate_table_if_exists
    cursor.execute(f"TRUNCATE TABLE {schema}.{table};")
  File "/home/airflow/.local/lib/python3.12/site-packages/mariadb/cursors.py", line 351, in execute
    self._readresponse()
mariadb.ProgrammingError: Table 'open_flights_data.airports' doesn't exist
[2025-10-12T09:24:12.886+0000] {taskinstance.py:1205} INFO - Marking task as FAILED. dag_id=OpenFlightsDataIngestion_SSH, task_id=group_airports.truncate_table_airports, execution_date=20251012T092404, start_date=20251012T092412, end_date=20251012T092412
[2025-10-12T09:24:12.903+0000] {standard_task_runner.py:110} ERROR - Failed to execute job 36 for task group_airports.truncate_table_airports (Table 'open_flights_data.airports' doesn't exist; 150)
[2025-10-12T09:24:12.940+0000] {local_task_job_runner.py:240} INFO - Task exited with return code 1
[2025-10-12T09:24:13.061+0000] {taskinstance.py:3482} INFO - 0 downstream tasks scheduled from follow-on schedule check
[2025-10-12T09:24:13.066+0000] {local_task_job_runner.py:222} INFO - ::endgroup::
