[2025-10-16T19:41:31.449+0000] {local_task_job_runner.py:120} INFO - ::group::Pre task execution logs
[2025-10-16T19:41:31.484+0000] {taskinstance.py:2073} INFO - Dependencies all met for dep_context=non-requeueable deps ti=<TaskInstance: OpenFlightsDataIngestion.group_countries.drop_table_countries manual__2025-10-16T19:41:20.211787+00:00 [queued]>
[2025-10-16T19:41:31.502+0000] {taskinstance.py:2073} INFO - Dependencies all met for dep_context=requeueable deps ti=<TaskInstance: OpenFlightsDataIngestion.group_countries.drop_table_countries manual__2025-10-16T19:41:20.211787+00:00 [queued]>
[2025-10-16T19:41:31.502+0000] {taskinstance.py:2303} INFO - Starting attempt 1 of 1
[2025-10-16T19:41:31.546+0000] {taskinstance.py:2327} INFO - Executing <Task(PythonOperator): group_countries.drop_table_countries> on 2025-10-16 19:41:20.211787+00:00
[2025-10-16T19:41:31.560+0000] {warnings.py:110} WARNING - /home/***/.local/lib/python3.12/site-packages/***/task/task_runner/standard_task_runner.py:61: DeprecationWarning: This process (pid=779) is multi-threaded, use of fork() may lead to deadlocks in the child.
  pid = os.fork()

[2025-10-16T19:41:31.563+0000] {standard_task_runner.py:63} INFO - Started process 846 to run task
[2025-10-16T19:41:31.564+0000] {standard_task_runner.py:90} INFO - Running: ['***', 'tasks', 'run', 'OpenFlightsDataIngestion', 'group_countries.drop_table_countries', 'manual__2025-10-16T19:41:20.211787+00:00', '--job-id', '210', '--raw', '--subdir', 'DAGS_FOLDER/openflights_dag.py', '--cfg-path', '/tmp/tmph9r32zfc']
[2025-10-16T19:41:31.568+0000] {standard_task_runner.py:91} INFO - Job 210: Subtask group_countries.drop_table_countries
[2025-10-16T19:41:31.658+0000] {task_command.py:426} INFO - Running <TaskInstance: OpenFlightsDataIngestion.group_countries.drop_table_countries manual__2025-10-16T19:41:20.211787+00:00 [running]> on host e6b42f39be87
[2025-10-16T19:41:31.797+0000] {taskinstance.py:2644} INFO - Exporting env vars: AIRFLOW_CTX_DAG_OWNER='***' AIRFLOW_CTX_DAG_ID='OpenFlightsDataIngestion' AIRFLOW_CTX_TASK_ID='group_countries.drop_table_countries' AIRFLOW_CTX_EXECUTION_DATE='2025-10-16T19:41:20.211787+00:00' AIRFLOW_CTX_TRY_NUMBER='1' AIRFLOW_CTX_DAG_RUN_ID='manual__2025-10-16T19:41:20.211787+00:00'
[2025-10-16T19:41:31.803+0000] {taskinstance.py:430} INFO - ::endgroup::
[2025-10-16T19:41:31.818+0000] {base.py:84} INFO - Using connection ID 'maria_db_default' for task execution.
[2025-10-16T19:41:31.819+0000] {mariadb_hook.py:38} INFO - Connecting to MariaDB database: open_flights_data
[2025-10-16T19:41:32.823+0000] {python.py:237} INFO - Done. Returned value was: None
[2025-10-16T19:41:32.824+0000] {taskinstance.py:441} INFO - ::group::Post task execution logs
[2025-10-16T19:41:32.839+0000] {taskinstance.py:1205} INFO - Marking task as SUCCESS. dag_id=OpenFlightsDataIngestion, task_id=group_countries.drop_table_countries, execution_date=20251016T194120, start_date=20251016T194131, end_date=20251016T194132
[2025-10-16T19:41:32.892+0000] {local_task_job_runner.py:240} INFO - Task exited with return code 0
[2025-10-16T19:41:32.951+0000] {taskinstance.py:3482} INFO - 1 downstream tasks scheduled from follow-on schedule check
[2025-10-16T19:41:32.955+0000] {local_task_job_runner.py:222} INFO - ::endgroup::
