[2025-10-11T18:33:53.592+0000] {local_task_job_runner.py:120} INFO - ::group::Pre task execution logs
[2025-10-11T18:33:53.625+0000] {taskinstance.py:2073} INFO - Dependencies all met for dep_context=non-requeueable deps ti=<TaskInstance: OpenFlightsDataIngestion.group_countries.truncate_table_countries manual__2025-10-11T18:33:45.880086+00:00 [queued]>
[2025-10-11T18:33:53.645+0000] {taskinstance.py:2073} INFO - Dependencies all met for dep_context=requeueable deps ti=<TaskInstance: OpenFlightsDataIngestion.group_countries.truncate_table_countries manual__2025-10-11T18:33:45.880086+00:00 [queued]>
[2025-10-11T18:33:53.646+0000] {taskinstance.py:2303} INFO - Starting attempt 1 of 1
[2025-10-11T18:33:53.673+0000] {taskinstance.py:2327} INFO - Executing <Task(PythonOperator): group_countries.truncate_table_countries> on 2025-10-11 18:33:45.880086+00:00
[2025-10-11T18:33:53.682+0000] {warnings.py:110} WARNING - /home/***/.local/lib/python3.12/site-packages/***/task/task_runner/standard_task_runner.py:61: DeprecationWarning: This process (pid=144) is multi-threaded, use of fork() may lead to deadlocks in the child.
  pid = os.fork()

[2025-10-11T18:33:53.685+0000] {standard_task_runner.py:63} INFO - Started process 159 to run task
[2025-10-11T18:33:53.685+0000] {standard_task_runner.py:90} INFO - Running: ['***', 'tasks', 'run', 'OpenFlightsDataIngestion', 'group_countries.truncate_table_countries', 'manual__2025-10-11T18:33:45.880086+00:00', '--job-id', '107', '--raw', '--subdir', 'DAGS_FOLDER/openflights_dag.py', '--cfg-path', '/tmp/tmp4of53fkc']
[2025-10-11T18:33:53.689+0000] {standard_task_runner.py:91} INFO - Job 107: Subtask group_countries.truncate_table_countries
[2025-10-11T18:33:53.764+0000] {task_command.py:426} INFO - Running <TaskInstance: OpenFlightsDataIngestion.group_countries.truncate_table_countries manual__2025-10-11T18:33:45.880086+00:00 [running]> on host dc3f0ff817bf
[2025-10-11T18:33:53.916+0000] {taskinstance.py:2644} INFO - Exporting env vars: AIRFLOW_CTX_DAG_OWNER='***' AIRFLOW_CTX_DAG_ID='OpenFlightsDataIngestion' AIRFLOW_CTX_TASK_ID='group_countries.truncate_table_countries' AIRFLOW_CTX_EXECUTION_DATE='2025-10-11T18:33:45.880086+00:00' AIRFLOW_CTX_TRY_NUMBER='1' AIRFLOW_CTX_DAG_RUN_ID='manual__2025-10-11T18:33:45.880086+00:00'
[2025-10-11T18:33:53.919+0000] {taskinstance.py:430} INFO - ::endgroup::
[2025-10-11T18:33:53.933+0000] {base.py:84} INFO - Using connection ID 'maria_db_default' for task execution.
[2025-10-11T18:33:53.934+0000] {mariadb_hook.py:37} INFO - Connecting to MariaDB database: 
[2025-10-11T18:33:53.938+0000] {python.py:237} INFO - Done. Returned value was: None
[2025-10-11T18:33:53.939+0000] {taskinstance.py:441} INFO - ::group::Post task execution logs
[2025-10-11T18:33:53.952+0000] {taskinstance.py:1205} INFO - Marking task as SUCCESS. dag_id=OpenFlightsDataIngestion, task_id=group_countries.truncate_table_countries, execution_date=20251011T183345, start_date=20251011T183353, end_date=20251011T183353
[2025-10-11T18:33:53.990+0000] {local_task_job_runner.py:240} INFO - Task exited with return code 0
[2025-10-11T18:33:54.036+0000] {taskinstance.py:3482} INFO - 1 downstream tasks scheduled from follow-on schedule check
[2025-10-11T18:33:54.038+0000] {local_task_job_runner.py:222} INFO - ::endgroup::
