[2025-10-16T19:41:34.988+0000] {local_task_job_runner.py:120} INFO - ::group::Pre task execution logs
[2025-10-16T19:41:35.018+0000] {taskinstance.py:2073} INFO - Dependencies all met for dep_context=non-requeueable deps ti=<TaskInstance: OpenFlightsDataIngestion.group_planes.create_table_planes manual__2025-10-16T19:41:20.211787+00:00 [queued]>
[2025-10-16T19:41:35.034+0000] {taskinstance.py:2073} INFO - Dependencies all met for dep_context=requeueable deps ti=<TaskInstance: OpenFlightsDataIngestion.group_planes.create_table_planes manual__2025-10-16T19:41:20.211787+00:00 [queued]>
[2025-10-16T19:41:35.034+0000] {taskinstance.py:2303} INFO - Starting attempt 1 of 1
[2025-10-16T19:41:35.053+0000] {taskinstance.py:2327} INFO - Executing <Task(PythonOperator): group_planes.create_table_planes> on 2025-10-16 19:41:20.211787+00:00
[2025-10-16T19:41:35.063+0000] {warnings.py:110} WARNING - /home/***/.local/lib/python3.12/site-packages/***/task/task_runner/standard_task_runner.py:61: DeprecationWarning: This process (pid=848) is multi-threaded, use of fork() may lead to deadlocks in the child.
  pid = os.fork()

[2025-10-16T19:41:35.066+0000] {standard_task_runner.py:63} INFO - Started process 912 to run task
[2025-10-16T19:41:35.067+0000] {standard_task_runner.py:90} INFO - Running: ['***', 'tasks', 'run', 'OpenFlightsDataIngestion', 'group_planes.create_table_planes', 'manual__2025-10-16T19:41:20.211787+00:00', '--job-id', '215', '--raw', '--subdir', 'DAGS_FOLDER/openflights_dag.py', '--cfg-path', '/tmp/tmpfrcgdp3o']
[2025-10-16T19:41:35.071+0000] {standard_task_runner.py:91} INFO - Job 215: Subtask group_planes.create_table_planes
[2025-10-16T19:41:35.144+0000] {task_command.py:426} INFO - Running <TaskInstance: OpenFlightsDataIngestion.group_planes.create_table_planes manual__2025-10-16T19:41:20.211787+00:00 [running]> on host e6b42f39be87
[2025-10-16T19:41:35.268+0000] {taskinstance.py:2644} INFO - Exporting env vars: AIRFLOW_CTX_DAG_OWNER='***' AIRFLOW_CTX_DAG_ID='OpenFlightsDataIngestion' AIRFLOW_CTX_TASK_ID='group_planes.create_table_planes' AIRFLOW_CTX_EXECUTION_DATE='2025-10-16T19:41:20.211787+00:00' AIRFLOW_CTX_TRY_NUMBER='1' AIRFLOW_CTX_DAG_RUN_ID='manual__2025-10-16T19:41:20.211787+00:00'
[2025-10-16T19:41:35.271+0000] {taskinstance.py:430} INFO - ::endgroup::
[2025-10-16T19:41:35.286+0000] {base.py:84} INFO - Using connection ID 'maria_db_default' for task execution.
[2025-10-16T19:41:35.287+0000] {mariadb_hook.py:38} INFO - Connecting to MariaDB database: open_flights_data
[2025-10-16T19:41:36.025+0000] {python.py:237} INFO - Done. Returned value was: None
[2025-10-16T19:41:36.026+0000] {taskinstance.py:441} INFO - ::group::Post task execution logs
[2025-10-16T19:41:36.042+0000] {taskinstance.py:1205} INFO - Marking task as SUCCESS. dag_id=OpenFlightsDataIngestion, task_id=group_planes.create_table_planes, execution_date=20251016T194120, start_date=20251016T194135, end_date=20251016T194136
[2025-10-16T19:41:36.069+0000] {local_task_job_runner.py:240} INFO - Task exited with return code 0
[2025-10-16T19:41:36.116+0000] {taskinstance.py:3482} INFO - 1 downstream tasks scheduled from follow-on schedule check
[2025-10-16T19:41:36.118+0000] {local_task_job_runner.py:222} INFO - ::endgroup::
