[2025-10-11T18:32:18.280+0000] {local_task_job_runner.py:120} INFO - ::group::Pre task execution logs
[2025-10-11T18:32:18.316+0000] {taskinstance.py:2073} INFO - Dependencies all met for dep_context=non-requeueable deps ti=<TaskInstance: OpenFlightsDataIngestion.group_airlines.truncate_table_airlines manual__2025-10-11T18:32:10.427037+00:00 [queued]>
[2025-10-11T18:32:18.330+0000] {taskinstance.py:2073} INFO - Dependencies all met for dep_context=requeueable deps ti=<TaskInstance: OpenFlightsDataIngestion.group_airlines.truncate_table_airlines manual__2025-10-11T18:32:10.427037+00:00 [queued]>
[2025-10-11T18:32:18.331+0000] {taskinstance.py:2303} INFO - Starting attempt 1 of 1
[2025-10-11T18:32:18.353+0000] {taskinstance.py:2327} INFO - Executing <Task(PythonOperator): group_airlines.truncate_table_airlines> on 2025-10-11 18:32:10.427037+00:00
[2025-10-11T18:32:18.364+0000] {warnings.py:110} WARNING - /home/***/.local/lib/python3.12/site-packages/***/task/task_runner/standard_task_runner.py:61: DeprecationWarning: This process (pid=107) is multi-threaded, use of fork() may lead to deadlocks in the child.
  pid = os.fork()

[2025-10-11T18:32:18.367+0000] {standard_task_runner.py:63} INFO - Started process 120 to run task
[2025-10-11T18:32:18.368+0000] {standard_task_runner.py:90} INFO - Running: ['***', 'tasks', 'run', 'OpenFlightsDataIngestion', 'group_airlines.truncate_table_airlines', 'manual__2025-10-11T18:32:10.427037+00:00', '--job-id', '91', '--raw', '--subdir', 'DAGS_FOLDER/openflights_dag.py', '--cfg-path', '/tmp/tmp8es0jh6o']
[2025-10-11T18:32:18.373+0000] {standard_task_runner.py:91} INFO - Job 91: Subtask group_airlines.truncate_table_airlines
[2025-10-11T18:32:18.453+0000] {task_command.py:426} INFO - Running <TaskInstance: OpenFlightsDataIngestion.group_airlines.truncate_table_airlines manual__2025-10-11T18:32:10.427037+00:00 [running]> on host dc3f0ff817bf
[2025-10-11T18:32:18.602+0000] {taskinstance.py:2644} INFO - Exporting env vars: AIRFLOW_CTX_DAG_OWNER='***' AIRFLOW_CTX_DAG_ID='OpenFlightsDataIngestion' AIRFLOW_CTX_TASK_ID='group_airlines.truncate_table_airlines' AIRFLOW_CTX_EXECUTION_DATE='2025-10-11T18:32:10.427037+00:00' AIRFLOW_CTX_TRY_NUMBER='1' AIRFLOW_CTX_DAG_RUN_ID='manual__2025-10-11T18:32:10.427037+00:00'
[2025-10-11T18:32:18.605+0000] {taskinstance.py:430} INFO - ::endgroup::
[2025-10-11T18:32:18.606+0000] {taskinstance.py:441} INFO - ::group::Post task execution logs
[2025-10-11T18:32:18.607+0000] {taskinstance.py:2890} ERROR - Task failed with exception
Traceback (most recent call last):
  File "/home/airflow/.local/lib/python3.12/site-packages/airflow/models/taskinstance.py", line 465, in _execute_task
    result = _execute_callable(context=context, **execute_callable_kwargs)
             ^^^^^^^^^^^^^^^^^^^^^^^^^^^^^^^^^^^^^^^^^^^^^^^^^^^^^^^^^^^^^
  File "/home/airflow/.local/lib/python3.12/site-packages/airflow/models/taskinstance.py", line 432, in _execute_callable
    return execute_callable(context=context, **execute_callable_kwargs)
           ^^^^^^^^^^^^^^^^^^^^^^^^^^^^^^^^^^^^^^^^^^^^^^^^^^^^^^^^^^^^
  File "/home/airflow/.local/lib/python3.12/site-packages/airflow/models/baseoperator.py", line 400, in wrapper
    return func(self, *args, **kwargs)
           ^^^^^^^^^^^^^^^^^^^^^^^^^^^
  File "/home/airflow/.local/lib/python3.12/site-packages/airflow/operators/python.py", line 235, in execute
    return_value = self.execute_callable()
                   ^^^^^^^^^^^^^^^^^^^^^^^
  File "/home/airflow/.local/lib/python3.12/site-packages/airflow/operators/python.py", line 252, in execute_callable
    return self.python_callable(*self.op_args, **self.op_kwargs)
           ^^^^^^^^^^^^^^^^^^^^^^^^^^^^^^^^^^^^^^^^^^^^^^^^^^^^^
  File "/opt/airflow/dags/openflights_dag.py", line 17, in truncate_if_exists
    hook = MariaDBHook(mariadb_conn_id=mariadb_conn_id)
           ^^^^^^^^^^^
NameError: name 'MariaDBHook' is not defined
[2025-10-11T18:32:18.630+0000] {taskinstance.py:1205} INFO - Marking task as FAILED. dag_id=OpenFlightsDataIngestion, task_id=group_airlines.truncate_table_airlines, execution_date=20251011T183210, start_date=20251011T183218, end_date=20251011T183218
[2025-10-11T18:32:18.651+0000] {standard_task_runner.py:110} ERROR - Failed to execute job 91 for task group_airlines.truncate_table_airlines (name 'MariaDBHook' is not defined; 120)
[2025-10-11T18:32:18.673+0000] {local_task_job_runner.py:240} INFO - Task exited with return code 1
[2025-10-11T18:32:18.773+0000] {taskinstance.py:3482} INFO - 0 downstream tasks scheduled from follow-on schedule check
[2025-10-11T18:32:18.780+0000] {local_task_job_runner.py:222} INFO - ::endgroup::
