[2025-10-26T19:14:28.927+0000] {local_task_job_runner.py:120} INFO - ::group::Pre task execution logs
[2025-10-26T19:14:28.955+0000] {taskinstance.py:2073} INFO - Dependencies all met for dep_context=non-requeueable deps ti=<TaskInstance: Dag_OpenFlightsDataIngestion.group_countries.cpimport_countries manual__2025-10-26T19:14:08.334532+00:00 [queued]>
[2025-10-26T19:14:28.970+0000] {taskinstance.py:2073} INFO - Dependencies all met for dep_context=requeueable deps ti=<TaskInstance: Dag_OpenFlightsDataIngestion.group_countries.cpimport_countries manual__2025-10-26T19:14:08.334532+00:00 [queued]>
[2025-10-26T19:14:28.970+0000] {taskinstance.py:2303} INFO - Starting attempt 1 of 1
[2025-10-26T19:14:28.989+0000] {taskinstance.py:2327} INFO - Executing <Task(MariaDBCpImportOperator): group_countries.cpimport_countries> on 2025-10-26 19:14:08.334532+00:00
[2025-10-26T19:14:28.998+0000] {warnings.py:110} WARNING - /home/***/.local/lib/python3.12/site-packages/***/task/task_runner/standard_task_runner.py:61: DeprecationWarning: This process (pid=670) is multi-threaded, use of fork() may lead to deadlocks in the child.
  pid = os.fork()

[2025-10-26T19:14:29.000+0000] {standard_task_runner.py:63} INFO - Started process 730 to run task
[2025-10-26T19:14:29.000+0000] {standard_task_runner.py:90} INFO - Running: ['***', 'tasks', 'run', 'Dag_OpenFlightsDataIngestion', 'group_countries.cpimport_countries', 'manual__2025-10-26T19:14:08.334532+00:00', '--job-id', '48', '--raw', '--subdir', 'DAGS_FOLDER/openflights_dag.py', '--cfg-path', '/tmp/tmpyutpk15y']
[2025-10-26T19:14:29.004+0000] {standard_task_runner.py:91} INFO - Job 48: Subtask group_countries.cpimport_countries
[2025-10-26T19:14:29.074+0000] {task_command.py:426} INFO - Running <TaskInstance: Dag_OpenFlightsDataIngestion.group_countries.cpimport_countries manual__2025-10-26T19:14:08.334532+00:00 [running]> on host c8d58475e5b6
[2025-10-26T19:14:29.189+0000] {taskinstance.py:2644} INFO - Exporting env vars: AIRFLOW_CTX_DAG_OWNER='***' AIRFLOW_CTX_DAG_ID='Dag_OpenFlightsDataIngestion' AIRFLOW_CTX_TASK_ID='group_countries.cpimport_countries' AIRFLOW_CTX_EXECUTION_DATE='2025-10-26T19:14:08.334532+00:00' AIRFLOW_CTX_TRY_NUMBER='1' AIRFLOW_CTX_DAG_RUN_ID='manual__2025-10-26T19:14:08.334532+00:00'
[2025-10-26T19:14:29.192+0000] {taskinstance.py:430} INFO - ::endgroup::
[2025-10-26T19:14:29.193+0000] {cpimport.py:87} INFO - Starting cpimport operation for table: countries
[2025-10-26T19:14:29.194+0000] {cpimport.py:88} INFO - Source file: /root/***_ssh/countries.dat
[2025-10-26T19:14:29.196+0000] {cpimport.py:96} INFO - Validating ColumnStore engine...
[2025-10-26T19:14:29.209+0000] {base.py:84} INFO - Using connection ID 'maria_db_default' for task execution.
[2025-10-26T19:14:29.210+0000] {mariadb.py:94} INFO - Connecting to MariaDB database: 
[2025-10-26T19:14:29.216+0000] {mariadb.py:130} INFO - Table open_flights_data.countries uses engine: Columnstore
[2025-10-26T19:14:29.217+0000] {mariadb.py:140} INFO - ✓ Table open_flights_data.countries uses ColumnStore engine
[2025-10-26T19:14:29.218+0000] {cpimport.py:98} INFO - ✓ ColumnStore engine validation passed
[2025-10-26T19:14:29.220+0000] {cpimport.py:103} INFO - Executing cpimport command...
[2025-10-26T19:14:29.230+0000] {base.py:84} INFO - Using connection ID 'maria_db_default' for task execution.
[2025-10-26T19:14:29.231+0000] {mariadb.py:94} INFO - Connecting to MariaDB database: 
[2025-10-26T19:14:29.235+0000] {mariadb.py:130} INFO - Table open_flights_data.countries uses engine: Columnstore
[2025-10-26T19:14:29.236+0000] {mariadb.py:140} INFO - ✓ Table open_flights_data.countries uses ColumnStore engine
[2025-10-26T19:14:29.247+0000] {base.py:84} INFO - Using connection ID 'mariadb_ssh_connection' for task execution.
[2025-10-26T19:14:29.248+0000] {mariadb.py:217} INFO - Executing cpimport command via SSH: cpimport -s ',' -E \" -n \\N open_flights_data countries /root/***_ssh/countries.dat
[2025-10-26T19:14:29.249+0000] {ssh.py:301} WARNING - No Host Key Verification. This won't protect against Man-In-The-Middle attacks
[2025-10-26T19:14:29.264+0000] {transport.py:1909} INFO - Connected (version 2.0, client OpenSSH_8.0)
[2025-10-26T19:14:29.381+0000] {transport.py:1909} INFO - Authentication (password) successful!
[2025-10-26T19:14:31.729+0000] {mariadb.py:229} INFO - cpimport completed successfully via SSH
[2025-10-26T19:14:31.730+0000] {mariadb.py:231} INFO - Output: Locale = C.UTF-8Column delimiter : ,
Enclosed by Character : "

Using table OID 3368 as the default JOB ID
Input file(s) will be read from : /root
Job description file : /var/log/mariadb/columnstore/data/bulk/tmpjob/3368_D20251026_T191430_S628345_Job_3368.xml
Log file for this job: /var/log/mariadb/columnstore/cpimport/Job_3368.log
2025-10-26 19:14:30 (7852) INFO : successfully loaded job file /var/log/mariadb/columnstore/data/bulk/tmpjob/3368_D20251026_T191430_S628345_Job_3368.xml
2025-10-26 19:14:30 (7852) INFO : Job file loaded, run time for this step : 1.05571 seconds
2025-10-26 19:14:30 (7852) INFO : PreProcessing check starts
2025-10-26 19:14:30 (7852) INFO : input data file /root/***_ssh/countries.dat
2025-10-26 19:14:30 (7852) INFO : PreProcessing check completed
2025-10-26 19:14:30 (7852) INFO : preProcess completed, run time for this step : 0.0553091 seconds
2025-10-26 19:14:30 (7852) INFO : No of Read Threads Spawned = 1
2025-10-26 19:14:30 (7852) INFO : No of Parse Threads Spawned = 3
2025-10-26 19:14:30 (7852) INFO : For table open_flights_data.countries: 261 rows processed and 261 rows inserted.
2025-10-26 19:14:31 (7852) INFO : Bulk load completed, total run time : 2.113 seconds


[2025-10-26T19:14:31.731+0000] {cpimport.py:113} INFO - ✅ Successfully imported data into countries
[2025-10-26T19:14:31.731+0000] {taskinstance.py:441} INFO - ::group::Post task execution logs
[2025-10-26T19:14:31.760+0000] {taskinstance.py:1205} INFO - Marking task as SUCCESS. dag_id=Dag_OpenFlightsDataIngestion, task_id=group_countries.cpimport_countries, execution_date=20251026T191408, start_date=20251026T191428, end_date=20251026T191431
[2025-10-26T19:14:31.811+0000] {local_task_job_runner.py:240} INFO - Task exited with return code 0
[2025-10-26T19:14:31.844+0000] {taskinstance.py:3482} INFO - 0 downstream tasks scheduled from follow-on schedule check
[2025-10-26T19:14:31.848+0000] {local_task_job_runner.py:222} INFO - ::endgroup::
