[2025-10-26T19:10:21.632+0000] {local_task_job_runner.py:120} INFO - ::group::Pre task execution logs
[2025-10-26T19:10:21.657+0000] {taskinstance.py:2073} INFO - Dependencies all met for dep_context=non-requeueable deps ti=<TaskInstance: Dag_OpenFlightsDataIngestion.group_airports.drop_table_airports manual__2025-10-26T19:10:10.437987+00:00 [queued]>
[2025-10-26T19:10:21.669+0000] {taskinstance.py:2073} INFO - Dependencies all met for dep_context=requeueable deps ti=<TaskInstance: Dag_OpenFlightsDataIngestion.group_airports.drop_table_airports manual__2025-10-26T19:10:10.437987+00:00 [queued]>
[2025-10-26T19:10:21.670+0000] {taskinstance.py:2303} INFO - Starting attempt 1 of 1
[2025-10-26T19:10:21.690+0000] {taskinstance.py:2327} INFO - Executing <Task(PythonOperator): group_airports.drop_table_airports> on 2025-10-26 19:10:10.437987+00:00
[2025-10-26T19:10:21.703+0000] {warnings.py:110} WARNING - /home/***/.local/lib/python3.12/site-packages/***/task/task_runner/standard_task_runner.py:61: DeprecationWarning: This process (pid=154) is multi-threaded, use of fork() may lead to deadlocks in the child.
  pid = os.fork()

[2025-10-26T19:10:21.705+0000] {standard_task_runner.py:63} INFO - Started process 216 to run task
[2025-10-26T19:10:21.705+0000] {standard_task_runner.py:90} INFO - Running: ['***', 'tasks', 'run', 'Dag_OpenFlightsDataIngestion', 'group_airports.drop_table_airports', 'manual__2025-10-26T19:10:10.437987+00:00', '--job-id', '13', '--raw', '--subdir', 'DAGS_FOLDER/openflights_dag.py', '--cfg-path', '/tmp/tmp0741w02c']
[2025-10-26T19:10:21.710+0000] {standard_task_runner.py:91} INFO - Job 13: Subtask group_airports.drop_table_airports
[2025-10-26T19:10:21.813+0000] {task_command.py:426} INFO - Running <TaskInstance: Dag_OpenFlightsDataIngestion.group_airports.drop_table_airports manual__2025-10-26T19:10:10.437987+00:00 [running]> on host c8d58475e5b6
[2025-10-26T19:10:21.980+0000] {taskinstance.py:2644} INFO - Exporting env vars: AIRFLOW_CTX_DAG_OWNER='***' AIRFLOW_CTX_DAG_ID='Dag_OpenFlightsDataIngestion' AIRFLOW_CTX_TASK_ID='group_airports.drop_table_airports' AIRFLOW_CTX_EXECUTION_DATE='2025-10-26T19:10:10.437987+00:00' AIRFLOW_CTX_TRY_NUMBER='1' AIRFLOW_CTX_DAG_RUN_ID='manual__2025-10-26T19:10:10.437987+00:00'
[2025-10-26T19:10:21.984+0000] {taskinstance.py:430} INFO - ::endgroup::
[2025-10-26T19:10:21.999+0000] {base.py:84} INFO - Using connection ID 'maria_db_default' for task execution.
[2025-10-26T19:10:22.000+0000] {mariadb.py:94} INFO - Connecting to MariaDB database: 
[2025-10-26T19:10:23.759+0000] {python.py:237} INFO - Done. Returned value was: None
[2025-10-26T19:10:23.760+0000] {taskinstance.py:441} INFO - ::group::Post task execution logs
[2025-10-26T19:10:23.771+0000] {taskinstance.py:1205} INFO - Marking task as SUCCESS. dag_id=Dag_OpenFlightsDataIngestion, task_id=group_airports.drop_table_airports, execution_date=20251026T191010, start_date=20251026T191021, end_date=20251026T191023
[2025-10-26T19:10:23.817+0000] {local_task_job_runner.py:240} INFO - Task exited with return code 0
[2025-10-26T19:10:23.851+0000] {taskinstance.py:3482} INFO - 1 downstream tasks scheduled from follow-on schedule check
[2025-10-26T19:10:23.853+0000] {local_task_job_runner.py:222} INFO - ::endgroup::
