[2025-10-26T19:10:26.719+0000] {local_task_job_runner.py:120} INFO - ::group::Pre task execution logs
[2025-10-26T19:10:26.746+0000] {taskinstance.py:2073} INFO - Dependencies all met for dep_context=non-requeueable deps ti=<TaskInstance: Dag_OpenFlightsDataIngestion.group_countries.create_table_countries manual__2025-10-26T19:10:10.437987+00:00 [queued]>
[2025-10-26T19:10:26.762+0000] {taskinstance.py:2073} INFO - Dependencies all met for dep_context=requeueable deps ti=<TaskInstance: Dag_OpenFlightsDataIngestion.group_countries.create_table_countries manual__2025-10-26T19:10:10.437987+00:00 [queued]>
[2025-10-26T19:10:26.763+0000] {taskinstance.py:2303} INFO - Starting attempt 1 of 1
[2025-10-26T19:10:26.782+0000] {taskinstance.py:2327} INFO - Executing <Task(PythonOperator): group_countries.create_table_countries> on 2025-10-26 19:10:10.437987+00:00
[2025-10-26T19:10:26.794+0000] {warnings.py:110} WARNING - /home/***/.local/lib/python3.12/site-packages/***/task/task_runner/standard_task_runner.py:61: DeprecationWarning: This process (pid=220) is multi-threaded, use of fork() may lead to deadlocks in the child.
  pid = os.fork()

[2025-10-26T19:10:26.797+0000] {standard_task_runner.py:63} INFO - Started process 285 to run task
[2025-10-26T19:10:26.799+0000] {standard_task_runner.py:90} INFO - Running: ['***', 'tasks', 'run', 'Dag_OpenFlightsDataIngestion', 'group_countries.create_table_countries', 'manual__2025-10-26T19:10:10.437987+00:00', '--job-id', '16', '--raw', '--subdir', 'DAGS_FOLDER/openflights_dag.py', '--cfg-path', '/tmp/tmptonzgrgn']
[2025-10-26T19:10:26.803+0000] {standard_task_runner.py:91} INFO - Job 16: Subtask group_countries.create_table_countries
[2025-10-26T19:10:26.877+0000] {task_command.py:426} INFO - Running <TaskInstance: Dag_OpenFlightsDataIngestion.group_countries.create_table_countries manual__2025-10-26T19:10:10.437987+00:00 [running]> on host c8d58475e5b6
[2025-10-26T19:10:27.006+0000] {taskinstance.py:2644} INFO - Exporting env vars: AIRFLOW_CTX_DAG_OWNER='***' AIRFLOW_CTX_DAG_ID='Dag_OpenFlightsDataIngestion' AIRFLOW_CTX_TASK_ID='group_countries.create_table_countries' AIRFLOW_CTX_EXECUTION_DATE='2025-10-26T19:10:10.437987+00:00' AIRFLOW_CTX_TRY_NUMBER='1' AIRFLOW_CTX_DAG_RUN_ID='manual__2025-10-26T19:10:10.437987+00:00'
[2025-10-26T19:10:27.009+0000] {taskinstance.py:430} INFO - ::endgroup::
[2025-10-26T19:10:27.028+0000] {base.py:84} INFO - Using connection ID 'maria_db_default' for task execution.
[2025-10-26T19:10:27.029+0000] {mariadb.py:94} INFO - Connecting to MariaDB database: 
[2025-10-26T19:10:27.331+0000] {python.py:237} INFO - Done. Returned value was: None
[2025-10-26T19:10:27.332+0000] {taskinstance.py:441} INFO - ::group::Post task execution logs
[2025-10-26T19:10:27.345+0000] {taskinstance.py:1205} INFO - Marking task as SUCCESS. dag_id=Dag_OpenFlightsDataIngestion, task_id=group_countries.create_table_countries, execution_date=20251026T191010, start_date=20251026T191026, end_date=20251026T191027
[2025-10-26T19:10:27.433+0000] {local_task_job_runner.py:240} INFO - Task exited with return code 0
[2025-10-26T19:10:27.482+0000] {taskinstance.py:3482} INFO - 1 downstream tasks scheduled from follow-on schedule check
[2025-10-26T19:10:27.483+0000] {local_task_job_runner.py:222} INFO - ::endgroup::
