[2025-10-11T17:36:25.294+0000] {local_task_job_runner.py:120} INFO - ::group::Pre task execution logs
[2025-10-11T17:36:25.332+0000] {taskinstance.py:2073} INFO - Dependencies all met for dep_context=non-requeueable deps ti=<TaskInstance: OpenFlightsDataIngestion.group_routes.download_routes manual__2025-10-11T17:36:20.120583+00:00 [queued]>
[2025-10-11T17:36:25.346+0000] {taskinstance.py:2073} INFO - Dependencies all met for dep_context=requeueable deps ti=<TaskInstance: OpenFlightsDataIngestion.group_routes.download_routes manual__2025-10-11T17:36:20.120583+00:00 [queued]>
[2025-10-11T17:36:25.347+0000] {taskinstance.py:2303} INFO - Starting attempt 1 of 1
[2025-10-11T17:36:25.377+0000] {taskinstance.py:2327} INFO - Executing <Task(PythonOperator): group_routes.download_routes> on 2025-10-11 17:36:20.120583+00:00
[2025-10-11T17:36:25.389+0000] {warnings.py:110} WARNING - /home/***/.local/lib/python3.12/site-packages/***/task/task_runner/standard_task_runner.py:61: DeprecationWarning: This process (pid=210) is multi-threaded, use of fork() may lead to deadlocks in the child.
  pid = os.fork()

[2025-10-11T17:36:25.395+0000] {standard_task_runner.py:63} INFO - Started process 220 to run task
[2025-10-11T17:36:25.395+0000] {standard_task_runner.py:90} INFO - Running: ['***', 'tasks', 'run', 'OpenFlightsDataIngestion', 'group_routes.download_routes', 'manual__2025-10-11T17:36:20.120583+00:00', '--job-id', '54', '--raw', '--subdir', 'DAGS_FOLDER/openflights_dag.py', '--cfg-path', '/tmp/tmpfz7gmbnk']
[2025-10-11T17:36:25.405+0000] {standard_task_runner.py:91} INFO - Job 54: Subtask group_routes.download_routes
[2025-10-11T17:36:25.593+0000] {task_command.py:426} INFO - Running <TaskInstance: OpenFlightsDataIngestion.group_routes.download_routes manual__2025-10-11T17:36:20.120583+00:00 [running]> on host 57acc0fdfd63
[2025-10-11T17:36:25.984+0000] {taskinstance.py:2644} INFO - Exporting env vars: AIRFLOW_CTX_DAG_OWNER='***' AIRFLOW_CTX_DAG_ID='OpenFlightsDataIngestion' AIRFLOW_CTX_TASK_ID='group_routes.download_routes' AIRFLOW_CTX_EXECUTION_DATE='2025-10-11T17:36:20.120583+00:00' AIRFLOW_CTX_TRY_NUMBER='1' AIRFLOW_CTX_DAG_RUN_ID='manual__2025-10-11T17:36:20.120583+00:00'
[2025-10-11T17:36:25.990+0000] {taskinstance.py:430} INFO - ::endgroup::
[2025-10-11T17:36:26.225+0000] {python.py:237} INFO - Done. Returned value was: None
[2025-10-11T17:36:26.228+0000] {taskinstance.py:441} INFO - ::group::Post task execution logs
[2025-10-11T17:36:26.249+0000] {taskinstance.py:1205} INFO - Marking task as SUCCESS. dag_id=OpenFlightsDataIngestion, task_id=group_routes.download_routes, execution_date=20251011T173620, start_date=20251011T173625, end_date=20251011T173626
[2025-10-11T17:36:26.290+0000] {local_task_job_runner.py:240} INFO - Task exited with return code 0
[2025-10-11T17:36:26.329+0000] {warnings.py:110} WARNING - /home/***/.local/lib/python3.12/site-packages/***/models/baseoperator.py:1296: AirflowProviderDeprecationWarning: Call to deprecated class MariaDBOperator. (Please use `***.providers.common.sql.operators.sql.SQLExecuteQueryOperator`.Also, you can provide `hook_params={'schema': <database>}`.)
  result = cls.__new__(cls)

[2025-10-11T17:36:26.362+0000] {taskinstance.py:3482} INFO - 1 downstream tasks scheduled from follow-on schedule check
[2025-10-11T17:36:26.364+0000] {local_task_job_runner.py:222} INFO - ::endgroup::
