[2025-10-12T09:20:32.617+0000] {local_task_job_runner.py:120} INFO - ::group::Pre task execution logs
[2025-10-12T09:20:32.640+0000] {taskinstance.py:2073} INFO - Dependencies all met for dep_context=non-requeueable deps ti=<TaskInstance: OpenFlightsDataIngestion_SSH.group_routes.truncate_table_routes manual__2025-10-12T09:20:19.614355+00:00 [queued]>
[2025-10-12T09:20:32.652+0000] {taskinstance.py:2073} INFO - Dependencies all met for dep_context=requeueable deps ti=<TaskInstance: OpenFlightsDataIngestion_SSH.group_routes.truncate_table_routes manual__2025-10-12T09:20:19.614355+00:00 [queued]>
[2025-10-12T09:20:32.655+0000] {taskinstance.py:2303} INFO - Starting attempt 1 of 1
[2025-10-12T09:20:32.673+0000] {taskinstance.py:2327} INFO - Executing <Task(PythonOperator): group_routes.truncate_table_routes> on 2025-10-12 09:20:19.614355+00:00
[2025-10-12T09:20:32.683+0000] {warnings.py:110} WARNING - /home/***/.local/lib/python3.12/site-packages/***/task/task_runner/standard_task_runner.py:61: DeprecationWarning: This process (pid=74) is multi-threaded, use of fork() may lead to deadlocks in the child.
  pid = os.fork()

[2025-10-12T09:20:32.685+0000] {standard_task_runner.py:63} INFO - Started process 82 to run task
[2025-10-12T09:20:32.686+0000] {standard_task_runner.py:90} INFO - Running: ['***', 'tasks', 'run', 'OpenFlightsDataIngestion_SSH', 'group_routes.truncate_table_routes', 'manual__2025-10-12T09:20:19.614355+00:00', '--job-id', '13', '--raw', '--subdir', 'DAGS_FOLDER/openflights_dag.py', '--cfg-path', '/tmp/tmpwo34dm7m']
[2025-10-12T09:20:32.690+0000] {standard_task_runner.py:91} INFO - Job 13: Subtask group_routes.truncate_table_routes
[2025-10-12T09:20:32.759+0000] {task_command.py:426} INFO - Running <TaskInstance: OpenFlightsDataIngestion_SSH.group_routes.truncate_table_routes manual__2025-10-12T09:20:19.614355+00:00 [running]> on host 030cfa6c2cac
[2025-10-12T09:20:32.881+0000] {taskinstance.py:2644} INFO - Exporting env vars: AIRFLOW_CTX_DAG_OWNER='***' AIRFLOW_CTX_DAG_ID='OpenFlightsDataIngestion_SSH' AIRFLOW_CTX_TASK_ID='group_routes.truncate_table_routes' AIRFLOW_CTX_EXECUTION_DATE='2025-10-12T09:20:19.614355+00:00' AIRFLOW_CTX_TRY_NUMBER='1' AIRFLOW_CTX_DAG_RUN_ID='manual__2025-10-12T09:20:19.614355+00:00'
[2025-10-12T09:20:32.884+0000] {taskinstance.py:430} INFO - ::endgroup::
[2025-10-12T09:20:32.897+0000] {base.py:84} INFO - Using connection ID 'maria_db_default' for task execution.
[2025-10-12T09:20:32.898+0000] {mariadb_hook.py:37} INFO - Connecting to MariaDB database: 
[2025-10-12T09:20:32.903+0000] {mariadb_hook.py:41} ERROR - Error connecting to MariaDB: Access denied for user 'myuser'@'172.18.0.6' (using password: YES)
[2025-10-12T09:20:32.904+0000] {taskinstance.py:441} INFO - ::group::Post task execution logs
[2025-10-12T09:20:32.905+0000] {taskinstance.py:2890} ERROR - Task failed with exception
Traceback (most recent call last):
  File "/home/airflow/.local/lib/python3.12/site-packages/airflow/models/taskinstance.py", line 465, in _execute_task
    result = _execute_callable(context=context, **execute_callable_kwargs)
             ^^^^^^^^^^^^^^^^^^^^^^^^^^^^^^^^^^^^^^^^^^^^^^^^^^^^^^^^^^^^^
  File "/home/airflow/.local/lib/python3.12/site-packages/airflow/models/taskinstance.py", line 432, in _execute_callable
    return execute_callable(context=context, **execute_callable_kwargs)
           ^^^^^^^^^^^^^^^^^^^^^^^^^^^^^^^^^^^^^^^^^^^^^^^^^^^^^^^^^^^^
  File "/home/airflow/.local/lib/python3.12/site-packages/airflow/models/baseoperator.py", line 400, in wrapper
    return func(self, *args, **kwargs)
           ^^^^^^^^^^^^^^^^^^^^^^^^^^^
  File "/home/airflow/.local/lib/python3.12/site-packages/airflow/operators/python.py", line 235, in execute
    return_value = self.execute_callable()
                   ^^^^^^^^^^^^^^^^^^^^^^^
  File "/home/airflow/.local/lib/python3.12/site-packages/airflow/operators/python.py", line 252, in execute_callable
    return self.python_callable(*self.op_args, **self.op_kwargs)
           ^^^^^^^^^^^^^^^^^^^^^^^^^^^^^^^^^^^^^^^^^^^^^^^^^^^^^
  File "/opt/airflow/dags/openflights_dag.py", line 36, in truncate_table_if_exists
    conn = hook.get_conn()
           ^^^^^^^^^^^^^^^
  File "/opt/airflow/.local/src/airflow-mariadb-provider/airflow_mariadb_provider/hooks/mariadb_hook.py", line 42, in get_conn
    raise e
  File "/opt/airflow/.local/src/airflow-mariadb-provider/airflow_mariadb_provider/hooks/mariadb_hook.py", line 39, in get_conn
    return mariadb.connect(**conn_config)
           ^^^^^^^^^^^^^^^^^^^^^^^^^^^^^^
  File "/home/airflow/.local/lib/python3.12/site-packages/mariadb/__init__.py", line 147, in connect
    connection = connectionclass(*args, **kwargs)
                 ^^^^^^^^^^^^^^^^^^^^^^^^^^^^^^^^
  File "/home/airflow/.local/lib/python3.12/site-packages/mariadb/connections.py", line 85, in __init__
    super().__init__(*args, **kwargs)
mariadb.OperationalError: Access denied for user 'myuser'@'172.18.0.6' (using password: YES)
[2025-10-12T09:20:32.919+0000] {taskinstance.py:1205} INFO - Marking task as FAILED. dag_id=OpenFlightsDataIngestion_SSH, task_id=group_routes.truncate_table_routes, execution_date=20251012T092019, start_date=20251012T092032, end_date=20251012T092032
[2025-10-12T09:20:32.936+0000] {standard_task_runner.py:110} ERROR - Failed to execute job 13 for task group_routes.truncate_table_routes (Access denied for user 'myuser'@'172.18.0.6' (using password: YES); 82)
[2025-10-12T09:20:32.950+0000] {local_task_job_runner.py:240} INFO - Task exited with return code 1
[2025-10-12T09:20:33.009+0000] {taskinstance.py:3482} INFO - 0 downstream tasks scheduled from follow-on schedule check
[2025-10-12T09:20:33.014+0000] {local_task_job_runner.py:222} INFO - ::endgroup::
