[2025-10-11T15:50:05.790+0000] {local_task_job_runner.py:120} INFO - ::group::Pre task execution logs
[2025-10-11T15:50:05.844+0000] {taskinstance.py:2073} INFO - Dependencies all met for dep_context=non-requeueable deps ti=<TaskInstance: OpenFlightsDataIngestion.group_airport_extended.download_airport_extended manual__2025-10-11T15:50:01.525016+00:00 [queued]>
[2025-10-11T15:50:05.861+0000] {taskinstance.py:2073} INFO - Dependencies all met for dep_context=requeueable deps ti=<TaskInstance: OpenFlightsDataIngestion.group_airport_extended.download_airport_extended manual__2025-10-11T15:50:01.525016+00:00 [queued]>
[2025-10-11T15:50:05.862+0000] {taskinstance.py:2303} INFO - Starting attempt 1 of 1
[2025-10-11T15:50:05.891+0000] {taskinstance.py:2327} INFO - Executing <Task(PythonOperator): group_airport_extended.download_airport_extended> on 2025-10-11 15:50:01.525016+00:00
[2025-10-11T15:50:05.902+0000] {warnings.py:110} WARNING - /home/***/.local/lib/python3.12/site-packages/***/task/task_runner/standard_task_runner.py:61: DeprecationWarning: This process (pid=130) is multi-threaded, use of fork() may lead to deadlocks in the child.
  pid = os.fork()

[2025-10-11T15:50:05.905+0000] {standard_task_runner.py:63} INFO - Started process 140 to run task
[2025-10-11T15:50:05.906+0000] {standard_task_runner.py:90} INFO - Running: ['***', 'tasks', 'run', 'OpenFlightsDataIngestion', 'group_airport_extended.download_airport_extended', 'manual__2025-10-11T15:50:01.525016+00:00', '--job-id', '38', '--raw', '--subdir', 'DAGS_FOLDER/openflights_dag.py', '--cfg-path', '/tmp/tmpbpq98dxy']
[2025-10-11T15:50:05.911+0000] {standard_task_runner.py:91} INFO - Job 38: Subtask group_airport_extended.download_airport_extended
[2025-10-11T15:50:06.019+0000] {task_command.py:426} INFO - Running <TaskInstance: OpenFlightsDataIngestion.group_airport_extended.download_airport_extended manual__2025-10-11T15:50:01.525016+00:00 [running]> on host 74db4dd39b04
[2025-10-11T15:50:06.205+0000] {taskinstance.py:2644} INFO - Exporting env vars: AIRFLOW_CTX_DAG_OWNER='***' AIRFLOW_CTX_DAG_ID='OpenFlightsDataIngestion' AIRFLOW_CTX_TASK_ID='group_airport_extended.download_airport_extended' AIRFLOW_CTX_EXECUTION_DATE='2025-10-11T15:50:01.525016+00:00' AIRFLOW_CTX_TRY_NUMBER='1' AIRFLOW_CTX_DAG_RUN_ID='manual__2025-10-11T15:50:01.525016+00:00'
[2025-10-11T15:50:06.210+0000] {taskinstance.py:430} INFO - ::endgroup::
[2025-10-11T15:50:06.779+0000] {python.py:237} INFO - Done. Returned value was: None
[2025-10-11T15:50:06.782+0000] {taskinstance.py:441} INFO - ::group::Post task execution logs
[2025-10-11T15:50:06.796+0000] {taskinstance.py:1205} INFO - Marking task as SUCCESS. dag_id=OpenFlightsDataIngestion, task_id=group_airport_extended.download_airport_extended, execution_date=20251011T155001, start_date=20251011T155005, end_date=20251011T155006
[2025-10-11T15:50:06.838+0000] {local_task_job_runner.py:240} INFO - Task exited with return code 0
[2025-10-11T15:50:06.859+0000] {warnings.py:110} WARNING - /home/***/.local/lib/python3.12/site-packages/***/models/baseoperator.py:1296: AirflowProviderDeprecationWarning: Call to deprecated class MariaDBOperator. (Please use `***.providers.common.sql.operators.sql.SQLExecuteQueryOperator`.Also, you can provide `hook_params={'schema': <database>}`.)
  result = cls.__new__(cls)

[2025-10-11T15:50:06.914+0000] {taskinstance.py:3482} INFO - 1 downstream tasks scheduled from follow-on schedule check
[2025-10-11T15:50:06.917+0000] {local_task_job_runner.py:222} INFO - ::endgroup::
