[2025-10-26T18:32:13.967+0000] {processor.py:161} INFO - Started process (PID=48) to work on /opt/airflow/dags/cp_import_dag.py
[2025-10-26T18:32:13.968+0000] {processor.py:830} INFO - Processing file /opt/airflow/dags/cp_import_dag.py for tasks to queue
[2025-10-26T18:32:13.971+0000] {logging_mixin.py:188} INFO - [2025-10-26T18:32:13.970+0000] {dagbag.py:540} INFO - Filling up the DagBag from /opt/airflow/dags/cp_import_dag.py
[2025-10-26T18:32:13.981+0000] {logging_mixin.py:188} INFO - [2025-10-26T18:32:13.978+0000] {dagbag.py:350} ERROR - Failed to import: /opt/airflow/dags/cp_import_dag.py
Traceback (most recent call last):
  File "/home/airflow/.local/lib/python3.12/site-packages/airflow/models/dagbag.py", line 346, in parse
    loader.exec_module(new_module)
  File "<frozen importlib._bootstrap_external>", line 995, in exec_module
  File "<frozen importlib._bootstrap>", line 488, in _call_with_frames_removed
  File "/opt/airflow/dags/cp_import_dag.py", line 10, in <module>
    from airflow_mariadb_provider.operators.mariadb_operator import MariaDBOperator
ModuleNotFoundError: No module named 'airflow_mariadb_provider'
[2025-10-26T18:32:13.984+0000] {processor.py:842} WARNING - No viable dags retrieved from /opt/airflow/dags/cp_import_dag.py
[2025-10-26T18:32:14.020+0000] {processor.py:183} INFO - Processing /opt/airflow/dags/cp_import_dag.py took 0.063 seconds
[2025-10-26T18:32:44.332+0000] {processor.py:161} INFO - Started process (PID=104) to work on /opt/airflow/dags/cp_import_dag.py
[2025-10-26T18:32:44.333+0000] {processor.py:830} INFO - Processing file /opt/airflow/dags/cp_import_dag.py for tasks to queue
[2025-10-26T18:32:44.336+0000] {logging_mixin.py:188} INFO - [2025-10-26T18:32:44.336+0000] {dagbag.py:540} INFO - Filling up the DagBag from /opt/airflow/dags/cp_import_dag.py
[2025-10-26T18:32:44.343+0000] {logging_mixin.py:188} INFO - [2025-10-26T18:32:44.341+0000] {dagbag.py:350} ERROR - Failed to import: /opt/airflow/dags/cp_import_dag.py
Traceback (most recent call last):
  File "/home/airflow/.local/lib/python3.12/site-packages/airflow/models/dagbag.py", line 346, in parse
    loader.exec_module(new_module)
  File "<frozen importlib._bootstrap_external>", line 995, in exec_module
  File "<frozen importlib._bootstrap>", line 488, in _call_with_frames_removed
  File "/opt/airflow/dags/cp_import_dag.py", line 10, in <module>
    from airflow_mariadb_provider.operators.mariadb_operator import MariaDBOperator
ModuleNotFoundError: No module named 'airflow_mariadb_provider'
[2025-10-26T18:32:44.344+0000] {processor.py:842} WARNING - No viable dags retrieved from /opt/airflow/dags/cp_import_dag.py
[2025-10-26T18:32:44.371+0000] {processor.py:183} INFO - Processing /opt/airflow/dags/cp_import_dag.py took 0.047 seconds
[2025-10-26T18:33:14.855+0000] {processor.py:161} INFO - Started process (PID=160) to work on /opt/airflow/dags/cp_import_dag.py
[2025-10-26T18:33:14.856+0000] {processor.py:830} INFO - Processing file /opt/airflow/dags/cp_import_dag.py for tasks to queue
[2025-10-26T18:33:14.859+0000] {logging_mixin.py:188} INFO - [2025-10-26T18:33:14.859+0000] {dagbag.py:540} INFO - Filling up the DagBag from /opt/airflow/dags/cp_import_dag.py
[2025-10-26T18:33:14.867+0000] {logging_mixin.py:188} INFO - [2025-10-26T18:33:14.865+0000] {dagbag.py:350} ERROR - Failed to import: /opt/airflow/dags/cp_import_dag.py
Traceback (most recent call last):
  File "/home/airflow/.local/lib/python3.12/site-packages/airflow/models/dagbag.py", line 346, in parse
    loader.exec_module(new_module)
  File "<frozen importlib._bootstrap_external>", line 995, in exec_module
  File "<frozen importlib._bootstrap>", line 488, in _call_with_frames_removed
  File "/opt/airflow/dags/cp_import_dag.py", line 10, in <module>
    from airflow_mariadb_provider.operators.mariadb_operator import MariaDBOperator
ModuleNotFoundError: No module named 'airflow_mariadb_provider'
[2025-10-26T18:33:14.868+0000] {processor.py:842} WARNING - No viable dags retrieved from /opt/airflow/dags/cp_import_dag.py
[2025-10-26T18:33:14.895+0000] {processor.py:183} INFO - Processing /opt/airflow/dags/cp_import_dag.py took 0.048 seconds
[2025-10-26T18:33:45.403+0000] {processor.py:161} INFO - Started process (PID=216) to work on /opt/airflow/dags/cp_import_dag.py
[2025-10-26T18:33:45.404+0000] {processor.py:830} INFO - Processing file /opt/airflow/dags/cp_import_dag.py for tasks to queue
[2025-10-26T18:33:45.407+0000] {logging_mixin.py:188} INFO - [2025-10-26T18:33:45.406+0000] {dagbag.py:540} INFO - Filling up the DagBag from /opt/airflow/dags/cp_import_dag.py
[2025-10-26T18:33:45.413+0000] {logging_mixin.py:188} INFO - [2025-10-26T18:33:45.411+0000] {dagbag.py:350} ERROR - Failed to import: /opt/airflow/dags/cp_import_dag.py
Traceback (most recent call last):
  File "/home/airflow/.local/lib/python3.12/site-packages/airflow/models/dagbag.py", line 346, in parse
    loader.exec_module(new_module)
  File "<frozen importlib._bootstrap_external>", line 995, in exec_module
  File "<frozen importlib._bootstrap>", line 488, in _call_with_frames_removed
  File "/opt/airflow/dags/cp_import_dag.py", line 10, in <module>
    from airflow_mariadb_provider.operators.mariadb_operator import MariaDBOperator
ModuleNotFoundError: No module named 'airflow_mariadb_provider'
[2025-10-26T18:33:45.414+0000] {processor.py:842} WARNING - No viable dags retrieved from /opt/airflow/dags/cp_import_dag.py
[2025-10-26T18:33:45.437+0000] {processor.py:183} INFO - Processing /opt/airflow/dags/cp_import_dag.py took 0.041 seconds
[2025-10-26T18:34:15.604+0000] {processor.py:161} INFO - Started process (PID=272) to work on /opt/airflow/dags/cp_import_dag.py
[2025-10-26T18:34:15.606+0000] {processor.py:830} INFO - Processing file /opt/airflow/dags/cp_import_dag.py for tasks to queue
[2025-10-26T18:34:15.609+0000] {logging_mixin.py:188} INFO - [2025-10-26T18:34:15.608+0000] {dagbag.py:540} INFO - Filling up the DagBag from /opt/airflow/dags/cp_import_dag.py
[2025-10-26T18:34:15.616+0000] {logging_mixin.py:188} INFO - [2025-10-26T18:34:15.614+0000] {dagbag.py:350} ERROR - Failed to import: /opt/airflow/dags/cp_import_dag.py
Traceback (most recent call last):
  File "/home/airflow/.local/lib/python3.12/site-packages/airflow/models/dagbag.py", line 346, in parse
    loader.exec_module(new_module)
  File "<frozen importlib._bootstrap_external>", line 995, in exec_module
  File "<frozen importlib._bootstrap>", line 488, in _call_with_frames_removed
  File "/opt/airflow/dags/cp_import_dag.py", line 10, in <module>
    from airflow_mariadb_provider.operators.mariadb_operator import MariaDBOperator
ModuleNotFoundError: No module named 'airflow_mariadb_provider'
[2025-10-26T18:34:15.617+0000] {processor.py:842} WARNING - No viable dags retrieved from /opt/airflow/dags/cp_import_dag.py
[2025-10-26T18:34:15.675+0000] {processor.py:183} INFO - Processing /opt/airflow/dags/cp_import_dag.py took 0.080 seconds
[2025-10-26T18:34:45.761+0000] {processor.py:161} INFO - Started process (PID=328) to work on /opt/airflow/dags/cp_import_dag.py
[2025-10-26T18:34:45.763+0000] {processor.py:830} INFO - Processing file /opt/airflow/dags/cp_import_dag.py for tasks to queue
[2025-10-26T18:34:45.765+0000] {logging_mixin.py:188} INFO - [2025-10-26T18:34:45.765+0000] {dagbag.py:540} INFO - Filling up the DagBag from /opt/airflow/dags/cp_import_dag.py
[2025-10-26T18:34:45.773+0000] {logging_mixin.py:188} INFO - [2025-10-26T18:34:45.771+0000] {dagbag.py:350} ERROR - Failed to import: /opt/airflow/dags/cp_import_dag.py
Traceback (most recent call last):
  File "/home/airflow/.local/lib/python3.12/site-packages/airflow/models/dagbag.py", line 346, in parse
    loader.exec_module(new_module)
  File "<frozen importlib._bootstrap_external>", line 995, in exec_module
  File "<frozen importlib._bootstrap>", line 488, in _call_with_frames_removed
  File "/opt/airflow/dags/cp_import_dag.py", line 10, in <module>
    from airflow_mariadb_provider.operators.mariadb_operator import MariaDBOperator
ModuleNotFoundError: No module named 'airflow_mariadb_provider'
[2025-10-26T18:34:45.774+0000] {processor.py:842} WARNING - No viable dags retrieved from /opt/airflow/dags/cp_import_dag.py
[2025-10-26T18:34:45.800+0000] {processor.py:183} INFO - Processing /opt/airflow/dags/cp_import_dag.py took 0.048 seconds
[2025-10-26T18:35:16.137+0000] {processor.py:161} INFO - Started process (PID=384) to work on /opt/airflow/dags/cp_import_dag.py
[2025-10-26T18:35:16.138+0000] {processor.py:830} INFO - Processing file /opt/airflow/dags/cp_import_dag.py for tasks to queue
[2025-10-26T18:35:16.140+0000] {logging_mixin.py:188} INFO - [2025-10-26T18:35:16.140+0000] {dagbag.py:540} INFO - Filling up the DagBag from /opt/airflow/dags/cp_import_dag.py
[2025-10-26T18:35:16.147+0000] {logging_mixin.py:188} INFO - [2025-10-26T18:35:16.145+0000] {dagbag.py:350} ERROR - Failed to import: /opt/airflow/dags/cp_import_dag.py
Traceback (most recent call last):
  File "/home/airflow/.local/lib/python3.12/site-packages/airflow/models/dagbag.py", line 346, in parse
    loader.exec_module(new_module)
  File "<frozen importlib._bootstrap_external>", line 995, in exec_module
  File "<frozen importlib._bootstrap>", line 488, in _call_with_frames_removed
  File "/opt/airflow/dags/cp_import_dag.py", line 10, in <module>
    from airflow_mariadb_provider.operators.mariadb_operator import MariaDBOperator
ModuleNotFoundError: No module named 'airflow_mariadb_provider'
[2025-10-26T18:35:16.148+0000] {processor.py:842} WARNING - No viable dags retrieved from /opt/airflow/dags/cp_import_dag.py
[2025-10-26T18:35:16.171+0000] {processor.py:183} INFO - Processing /opt/airflow/dags/cp_import_dag.py took 0.043 seconds
[2025-10-26T18:35:46.379+0000] {processor.py:161} INFO - Started process (PID=440) to work on /opt/airflow/dags/cp_import_dag.py
[2025-10-26T18:35:46.380+0000] {processor.py:830} INFO - Processing file /opt/airflow/dags/cp_import_dag.py for tasks to queue
[2025-10-26T18:35:46.382+0000] {logging_mixin.py:188} INFO - [2025-10-26T18:35:46.382+0000] {dagbag.py:540} INFO - Filling up the DagBag from /opt/airflow/dags/cp_import_dag.py
[2025-10-26T18:35:46.390+0000] {logging_mixin.py:188} INFO - [2025-10-26T18:35:46.388+0000] {dagbag.py:350} ERROR - Failed to import: /opt/airflow/dags/cp_import_dag.py
Traceback (most recent call last):
  File "/home/airflow/.local/lib/python3.12/site-packages/airflow/models/dagbag.py", line 346, in parse
    loader.exec_module(new_module)
  File "<frozen importlib._bootstrap_external>", line 995, in exec_module
  File "<frozen importlib._bootstrap>", line 488, in _call_with_frames_removed
  File "/opt/airflow/dags/cp_import_dag.py", line 10, in <module>
    from airflow_mariadb_provider.operators.mariadb_operator import MariaDBOperator
ModuleNotFoundError: No module named 'airflow_mariadb_provider'
[2025-10-26T18:35:46.390+0000] {processor.py:842} WARNING - No viable dags retrieved from /opt/airflow/dags/cp_import_dag.py
[2025-10-26T18:35:46.415+0000] {processor.py:183} INFO - Processing /opt/airflow/dags/cp_import_dag.py took 0.046 seconds
[2025-10-26T18:36:16.568+0000] {processor.py:161} INFO - Started process (PID=496) to work on /opt/airflow/dags/cp_import_dag.py
[2025-10-26T18:36:16.569+0000] {processor.py:830} INFO - Processing file /opt/airflow/dags/cp_import_dag.py for tasks to queue
[2025-10-26T18:36:16.572+0000] {logging_mixin.py:188} INFO - [2025-10-26T18:36:16.571+0000] {dagbag.py:540} INFO - Filling up the DagBag from /opt/airflow/dags/cp_import_dag.py
[2025-10-26T18:36:16.581+0000] {logging_mixin.py:188} INFO - [2025-10-26T18:36:16.578+0000] {dagbag.py:350} ERROR - Failed to import: /opt/airflow/dags/cp_import_dag.py
Traceback (most recent call last):
  File "/home/airflow/.local/lib/python3.12/site-packages/airflow/models/dagbag.py", line 346, in parse
    loader.exec_module(new_module)
  File "<frozen importlib._bootstrap_external>", line 995, in exec_module
  File "<frozen importlib._bootstrap>", line 488, in _call_with_frames_removed
  File "/opt/airflow/dags/cp_import_dag.py", line 10, in <module>
    from airflow_mariadb_provider.operators.mariadb_operator import MariaDBOperator
ModuleNotFoundError: No module named 'airflow_mariadb_provider'
[2025-10-26T18:36:16.582+0000] {processor.py:842} WARNING - No viable dags retrieved from /opt/airflow/dags/cp_import_dag.py
[2025-10-26T18:36:16.612+0000] {processor.py:183} INFO - Processing /opt/airflow/dags/cp_import_dag.py took 0.054 seconds
[2025-10-26T18:36:46.907+0000] {processor.py:161} INFO - Started process (PID=552) to work on /opt/airflow/dags/cp_import_dag.py
[2025-10-26T18:36:46.908+0000] {processor.py:830} INFO - Processing file /opt/airflow/dags/cp_import_dag.py for tasks to queue
[2025-10-26T18:36:46.910+0000] {logging_mixin.py:188} INFO - [2025-10-26T18:36:46.910+0000] {dagbag.py:540} INFO - Filling up the DagBag from /opt/airflow/dags/cp_import_dag.py
[2025-10-26T18:36:46.918+0000] {logging_mixin.py:188} INFO - [2025-10-26T18:36:46.916+0000] {dagbag.py:350} ERROR - Failed to import: /opt/airflow/dags/cp_import_dag.py
Traceback (most recent call last):
  File "/home/airflow/.local/lib/python3.12/site-packages/airflow/models/dagbag.py", line 346, in parse
    loader.exec_module(new_module)
  File "<frozen importlib._bootstrap_external>", line 995, in exec_module
  File "<frozen importlib._bootstrap>", line 488, in _call_with_frames_removed
  File "/opt/airflow/dags/cp_import_dag.py", line 10, in <module>
    from airflow_mariadb_provider.operators.mariadb_operator import MariaDBOperator
ModuleNotFoundError: No module named 'airflow_mariadb_provider'
[2025-10-26T18:36:46.919+0000] {processor.py:842} WARNING - No viable dags retrieved from /opt/airflow/dags/cp_import_dag.py
[2025-10-26T18:36:46.947+0000] {processor.py:183} INFO - Processing /opt/airflow/dags/cp_import_dag.py took 0.049 seconds
[2025-10-26T18:37:17.850+0000] {processor.py:161} INFO - Started process (PID=608) to work on /opt/airflow/dags/cp_import_dag.py
[2025-10-26T18:37:17.851+0000] {processor.py:830} INFO - Processing file /opt/airflow/dags/cp_import_dag.py for tasks to queue
[2025-10-26T18:37:17.853+0000] {logging_mixin.py:188} INFO - [2025-10-26T18:37:17.853+0000] {dagbag.py:540} INFO - Filling up the DagBag from /opt/airflow/dags/cp_import_dag.py
[2025-10-26T18:37:17.859+0000] {logging_mixin.py:188} INFO - [2025-10-26T18:37:17.857+0000] {dagbag.py:350} ERROR - Failed to import: /opt/airflow/dags/cp_import_dag.py
Traceback (most recent call last):
  File "/home/airflow/.local/lib/python3.12/site-packages/airflow/models/dagbag.py", line 346, in parse
    loader.exec_module(new_module)
  File "<frozen importlib._bootstrap_external>", line 995, in exec_module
  File "<frozen importlib._bootstrap>", line 488, in _call_with_frames_removed
  File "/opt/airflow/dags/cp_import_dag.py", line 10, in <module>
    from airflow_mariadb_provider.operators.mariadb_operator import MariaDBOperator
ModuleNotFoundError: No module named 'airflow_mariadb_provider'
[2025-10-26T18:37:17.860+0000] {processor.py:842} WARNING - No viable dags retrieved from /opt/airflow/dags/cp_import_dag.py
[2025-10-26T18:37:17.896+0000] {processor.py:183} INFO - Processing /opt/airflow/dags/cp_import_dag.py took 0.054 seconds
[2025-10-26T18:37:48.476+0000] {processor.py:161} INFO - Started process (PID=664) to work on /opt/airflow/dags/cp_import_dag.py
[2025-10-26T18:37:48.477+0000] {processor.py:830} INFO - Processing file /opt/airflow/dags/cp_import_dag.py for tasks to queue
[2025-10-26T18:37:48.480+0000] {logging_mixin.py:188} INFO - [2025-10-26T18:37:48.479+0000] {dagbag.py:540} INFO - Filling up the DagBag from /opt/airflow/dags/cp_import_dag.py
[2025-10-26T18:37:48.487+0000] {logging_mixin.py:188} INFO - [2025-10-26T18:37:48.485+0000] {dagbag.py:350} ERROR - Failed to import: /opt/airflow/dags/cp_import_dag.py
Traceback (most recent call last):
  File "/home/airflow/.local/lib/python3.12/site-packages/airflow/models/dagbag.py", line 346, in parse
    loader.exec_module(new_module)
  File "<frozen importlib._bootstrap_external>", line 995, in exec_module
  File "<frozen importlib._bootstrap>", line 488, in _call_with_frames_removed
  File "/opt/airflow/dags/cp_import_dag.py", line 10, in <module>
    from airflow_mariadb_provider.operators.mariadb_operator import MariaDBOperator
ModuleNotFoundError: No module named 'airflow_mariadb_provider'
[2025-10-26T18:37:48.488+0000] {processor.py:842} WARNING - No viable dags retrieved from /opt/airflow/dags/cp_import_dag.py
[2025-10-26T18:37:48.516+0000] {processor.py:183} INFO - Processing /opt/airflow/dags/cp_import_dag.py took 0.048 seconds
[2025-10-26T18:38:18.655+0000] {processor.py:161} INFO - Started process (PID=720) to work on /opt/airflow/dags/cp_import_dag.py
[2025-10-26T18:38:18.656+0000] {processor.py:830} INFO - Processing file /opt/airflow/dags/cp_import_dag.py for tasks to queue
[2025-10-26T18:38:18.659+0000] {logging_mixin.py:188} INFO - [2025-10-26T18:38:18.659+0000] {dagbag.py:540} INFO - Filling up the DagBag from /opt/airflow/dags/cp_import_dag.py
[2025-10-26T18:38:18.668+0000] {logging_mixin.py:188} INFO - [2025-10-26T18:38:18.666+0000] {dagbag.py:350} ERROR - Failed to import: /opt/airflow/dags/cp_import_dag.py
Traceback (most recent call last):
  File "/home/airflow/.local/lib/python3.12/site-packages/airflow/models/dagbag.py", line 346, in parse
    loader.exec_module(new_module)
  File "<frozen importlib._bootstrap_external>", line 995, in exec_module
  File "<frozen importlib._bootstrap>", line 488, in _call_with_frames_removed
  File "/opt/airflow/dags/cp_import_dag.py", line 10, in <module>
    from airflow_mariadb_provider.operators.mariadb_operator import MariaDBOperator
ModuleNotFoundError: No module named 'airflow_mariadb_provider'
[2025-10-26T18:38:18.669+0000] {processor.py:842} WARNING - No viable dags retrieved from /opt/airflow/dags/cp_import_dag.py
[2025-10-26T18:38:18.698+0000] {processor.py:183} INFO - Processing /opt/airflow/dags/cp_import_dag.py took 0.053 seconds
[2025-10-26T18:38:57.703+0000] {processor.py:161} INFO - Started process (PID=48) to work on /opt/airflow/dags/cp_import_dag.py
[2025-10-26T18:38:57.704+0000] {processor.py:830} INFO - Processing file /opt/airflow/dags/cp_import_dag.py for tasks to queue
[2025-10-26T18:38:57.706+0000] {logging_mixin.py:188} INFO - [2025-10-26T18:38:57.706+0000] {dagbag.py:540} INFO - Filling up the DagBag from /opt/airflow/dags/cp_import_dag.py
[2025-10-26T18:38:57.715+0000] {logging_mixin.py:188} INFO - [2025-10-26T18:38:57.712+0000] {dagbag.py:350} ERROR - Failed to import: /opt/airflow/dags/cp_import_dag.py
Traceback (most recent call last):
  File "/home/airflow/.local/lib/python3.12/site-packages/airflow/models/dagbag.py", line 346, in parse
    loader.exec_module(new_module)
  File "<frozen importlib._bootstrap_external>", line 995, in exec_module
  File "<frozen importlib._bootstrap>", line 488, in _call_with_frames_removed
  File "/opt/airflow/dags/cp_import_dag.py", line 10, in <module>
    from airflow_mariadb_provider.operators.mariadb_operator import MariaDBOperator
ModuleNotFoundError: No module named 'airflow_mariadb_provider'
[2025-10-26T18:38:57.716+0000] {processor.py:842} WARNING - No viable dags retrieved from /opt/airflow/dags/cp_import_dag.py
[2025-10-26T18:38:57.745+0000] {processor.py:183} INFO - Processing /opt/airflow/dags/cp_import_dag.py took 0.056 seconds
[2025-10-26T18:39:28.182+0000] {processor.py:161} INFO - Started process (PID=104) to work on /opt/airflow/dags/cp_import_dag.py
[2025-10-26T18:39:28.184+0000] {processor.py:830} INFO - Processing file /opt/airflow/dags/cp_import_dag.py for tasks to queue
[2025-10-26T18:39:28.186+0000] {logging_mixin.py:188} INFO - [2025-10-26T18:39:28.186+0000] {dagbag.py:540} INFO - Filling up the DagBag from /opt/airflow/dags/cp_import_dag.py
[2025-10-26T18:39:28.196+0000] {logging_mixin.py:188} INFO - [2025-10-26T18:39:28.192+0000] {dagbag.py:350} ERROR - Failed to import: /opt/airflow/dags/cp_import_dag.py
Traceback (most recent call last):
  File "/home/airflow/.local/lib/python3.12/site-packages/airflow/models/dagbag.py", line 346, in parse
    loader.exec_module(new_module)
  File "<frozen importlib._bootstrap_external>", line 995, in exec_module
  File "<frozen importlib._bootstrap>", line 488, in _call_with_frames_removed
  File "/opt/airflow/dags/cp_import_dag.py", line 10, in <module>
    from airflow_mariadb_provider.operators.mariadb_operator import MariaDBOperator
ModuleNotFoundError: No module named 'airflow_mariadb_provider'
[2025-10-26T18:39:28.197+0000] {processor.py:842} WARNING - No viable dags retrieved from /opt/airflow/dags/cp_import_dag.py
[2025-10-26T18:39:28.231+0000] {processor.py:183} INFO - Processing /opt/airflow/dags/cp_import_dag.py took 0.057 seconds
[2025-10-26T18:39:58.282+0000] {processor.py:161} INFO - Started process (PID=160) to work on /opt/airflow/dags/cp_import_dag.py
[2025-10-26T18:39:58.283+0000] {processor.py:830} INFO - Processing file /opt/airflow/dags/cp_import_dag.py for tasks to queue
[2025-10-26T18:39:58.286+0000] {logging_mixin.py:188} INFO - [2025-10-26T18:39:58.285+0000] {dagbag.py:540} INFO - Filling up the DagBag from /opt/airflow/dags/cp_import_dag.py
[2025-10-26T18:39:58.293+0000] {logging_mixin.py:188} INFO - [2025-10-26T18:39:58.291+0000] {dagbag.py:350} ERROR - Failed to import: /opt/airflow/dags/cp_import_dag.py
Traceback (most recent call last):
  File "/home/airflow/.local/lib/python3.12/site-packages/airflow/models/dagbag.py", line 346, in parse
    loader.exec_module(new_module)
  File "<frozen importlib._bootstrap_external>", line 995, in exec_module
  File "<frozen importlib._bootstrap>", line 488, in _call_with_frames_removed
  File "/opt/airflow/dags/cp_import_dag.py", line 10, in <module>
    from airflow_mariadb_provider.operators.mariadb_operator import MariaDBOperator
ModuleNotFoundError: No module named 'airflow_mariadb_provider'
[2025-10-26T18:39:58.294+0000] {processor.py:842} WARNING - No viable dags retrieved from /opt/airflow/dags/cp_import_dag.py
[2025-10-26T18:39:58.319+0000] {processor.py:183} INFO - Processing /opt/airflow/dags/cp_import_dag.py took 0.046 seconds
[2025-10-26T18:40:28.563+0000] {processor.py:161} INFO - Started process (PID=216) to work on /opt/airflow/dags/cp_import_dag.py
[2025-10-26T18:40:28.564+0000] {processor.py:830} INFO - Processing file /opt/airflow/dags/cp_import_dag.py for tasks to queue
[2025-10-26T18:40:28.566+0000] {logging_mixin.py:188} INFO - [2025-10-26T18:40:28.566+0000] {dagbag.py:540} INFO - Filling up the DagBag from /opt/airflow/dags/cp_import_dag.py
[2025-10-26T18:40:28.573+0000] {logging_mixin.py:188} INFO - [2025-10-26T18:40:28.571+0000] {dagbag.py:350} ERROR - Failed to import: /opt/airflow/dags/cp_import_dag.py
Traceback (most recent call last):
  File "/home/airflow/.local/lib/python3.12/site-packages/airflow/models/dagbag.py", line 346, in parse
    loader.exec_module(new_module)
  File "<frozen importlib._bootstrap_external>", line 995, in exec_module
  File "<frozen importlib._bootstrap>", line 488, in _call_with_frames_removed
  File "/opt/airflow/dags/cp_import_dag.py", line 10, in <module>
    from airflow_mariadb_provider.operators.mariadb_operator import MariaDBOperator
ModuleNotFoundError: No module named 'airflow_mariadb_provider'
[2025-10-26T18:40:28.574+0000] {processor.py:842} WARNING - No viable dags retrieved from /opt/airflow/dags/cp_import_dag.py
[2025-10-26T18:40:28.612+0000] {processor.py:183} INFO - Processing /opt/airflow/dags/cp_import_dag.py took 0.058 seconds
[2025-10-26T18:40:58.804+0000] {processor.py:161} INFO - Started process (PID=272) to work on /opt/airflow/dags/cp_import_dag.py
[2025-10-26T18:40:58.805+0000] {processor.py:830} INFO - Processing file /opt/airflow/dags/cp_import_dag.py for tasks to queue
[2025-10-26T18:40:58.808+0000] {logging_mixin.py:188} INFO - [2025-10-26T18:40:58.808+0000] {dagbag.py:540} INFO - Filling up the DagBag from /opt/airflow/dags/cp_import_dag.py
[2025-10-26T18:40:58.816+0000] {logging_mixin.py:188} INFO - [2025-10-26T18:40:58.813+0000] {dagbag.py:350} ERROR - Failed to import: /opt/airflow/dags/cp_import_dag.py
Traceback (most recent call last):
  File "/home/airflow/.local/lib/python3.12/site-packages/airflow/models/dagbag.py", line 346, in parse
    loader.exec_module(new_module)
  File "<frozen importlib._bootstrap_external>", line 995, in exec_module
  File "<frozen importlib._bootstrap>", line 488, in _call_with_frames_removed
  File "/opt/airflow/dags/cp_import_dag.py", line 10, in <module>
    from airflow_mariadb_provider.operators.mariadb_operator import MariaDBOperator
ModuleNotFoundError: No module named 'airflow_mariadb_provider'
[2025-10-26T18:40:58.817+0000] {processor.py:842} WARNING - No viable dags retrieved from /opt/airflow/dags/cp_import_dag.py
[2025-10-26T18:40:58.842+0000] {processor.py:183} INFO - Processing /opt/airflow/dags/cp_import_dag.py took 0.047 seconds
[2025-10-26T18:41:29.158+0000] {processor.py:161} INFO - Started process (PID=328) to work on /opt/airflow/dags/cp_import_dag.py
[2025-10-26T18:41:29.159+0000] {processor.py:830} INFO - Processing file /opt/airflow/dags/cp_import_dag.py for tasks to queue
[2025-10-26T18:41:29.161+0000] {logging_mixin.py:188} INFO - [2025-10-26T18:41:29.161+0000] {dagbag.py:540} INFO - Filling up the DagBag from /opt/airflow/dags/cp_import_dag.py
[2025-10-26T18:41:29.168+0000] {logging_mixin.py:188} INFO - [2025-10-26T18:41:29.166+0000] {dagbag.py:350} ERROR - Failed to import: /opt/airflow/dags/cp_import_dag.py
Traceback (most recent call last):
  File "/home/airflow/.local/lib/python3.12/site-packages/airflow/models/dagbag.py", line 346, in parse
    loader.exec_module(new_module)
  File "<frozen importlib._bootstrap_external>", line 995, in exec_module
  File "<frozen importlib._bootstrap>", line 488, in _call_with_frames_removed
  File "/opt/airflow/dags/cp_import_dag.py", line 10, in <module>
    from airflow_mariadb_provider.operators.mariadb_operator import MariaDBOperator
ModuleNotFoundError: No module named 'airflow_mariadb_provider'
[2025-10-26T18:41:29.169+0000] {processor.py:842} WARNING - No viable dags retrieved from /opt/airflow/dags/cp_import_dag.py
[2025-10-26T18:41:29.192+0000] {processor.py:183} INFO - Processing /opt/airflow/dags/cp_import_dag.py took 0.044 seconds
[2025-10-26T18:41:59.329+0000] {processor.py:161} INFO - Started process (PID=384) to work on /opt/airflow/dags/cp_import_dag.py
[2025-10-26T18:41:59.330+0000] {processor.py:830} INFO - Processing file /opt/airflow/dags/cp_import_dag.py for tasks to queue
[2025-10-26T18:41:59.332+0000] {logging_mixin.py:188} INFO - [2025-10-26T18:41:59.332+0000] {dagbag.py:540} INFO - Filling up the DagBag from /opt/airflow/dags/cp_import_dag.py
[2025-10-26T18:41:59.340+0000] {logging_mixin.py:188} INFO - [2025-10-26T18:41:59.338+0000] {dagbag.py:350} ERROR - Failed to import: /opt/airflow/dags/cp_import_dag.py
Traceback (most recent call last):
  File "/home/airflow/.local/lib/python3.12/site-packages/airflow/models/dagbag.py", line 346, in parse
    loader.exec_module(new_module)
  File "<frozen importlib._bootstrap_external>", line 995, in exec_module
  File "<frozen importlib._bootstrap>", line 488, in _call_with_frames_removed
  File "/opt/airflow/dags/cp_import_dag.py", line 10, in <module>
    from airflow_mariadb_provider.operators.mariadb_operator import MariaDBOperator
ModuleNotFoundError: No module named 'airflow_mariadb_provider'
[2025-10-26T18:41:59.341+0000] {processor.py:842} WARNING - No viable dags retrieved from /opt/airflow/dags/cp_import_dag.py
[2025-10-26T18:41:59.368+0000] {processor.py:183} INFO - Processing /opt/airflow/dags/cp_import_dag.py took 0.048 seconds
[2025-10-26T18:42:29.485+0000] {processor.py:161} INFO - Started process (PID=440) to work on /opt/airflow/dags/cp_import_dag.py
[2025-10-26T18:42:29.487+0000] {processor.py:830} INFO - Processing file /opt/airflow/dags/cp_import_dag.py for tasks to queue
[2025-10-26T18:42:29.490+0000] {logging_mixin.py:188} INFO - [2025-10-26T18:42:29.489+0000] {dagbag.py:540} INFO - Filling up the DagBag from /opt/airflow/dags/cp_import_dag.py
[2025-10-26T18:42:29.499+0000] {logging_mixin.py:188} INFO - [2025-10-26T18:42:29.496+0000] {dagbag.py:350} ERROR - Failed to import: /opt/airflow/dags/cp_import_dag.py
Traceback (most recent call last):
  File "/home/airflow/.local/lib/python3.12/site-packages/airflow/models/dagbag.py", line 346, in parse
    loader.exec_module(new_module)
  File "<frozen importlib._bootstrap_external>", line 995, in exec_module
  File "<frozen importlib._bootstrap>", line 488, in _call_with_frames_removed
  File "/opt/airflow/dags/cp_import_dag.py", line 10, in <module>
    from airflow_mariadb_provider.operators.mariadb_operator import MariaDBOperator
ModuleNotFoundError: No module named 'airflow_mariadb_provider'
[2025-10-26T18:42:29.500+0000] {processor.py:842} WARNING - No viable dags retrieved from /opt/airflow/dags/cp_import_dag.py
[2025-10-26T18:42:29.532+0000] {processor.py:183} INFO - Processing /opt/airflow/dags/cp_import_dag.py took 0.058 seconds
[2025-10-26T18:42:59.986+0000] {processor.py:161} INFO - Started process (PID=496) to work on /opt/airflow/dags/cp_import_dag.py
[2025-10-26T18:42:59.987+0000] {processor.py:830} INFO - Processing file /opt/airflow/dags/cp_import_dag.py for tasks to queue
[2025-10-26T18:42:59.990+0000] {logging_mixin.py:188} INFO - [2025-10-26T18:42:59.990+0000] {dagbag.py:540} INFO - Filling up the DagBag from /opt/airflow/dags/cp_import_dag.py
[2025-10-26T18:42:59.999+0000] {logging_mixin.py:188} INFO - [2025-10-26T18:42:59.995+0000] {dagbag.py:350} ERROR - Failed to import: /opt/airflow/dags/cp_import_dag.py
Traceback (most recent call last):
  File "/home/airflow/.local/lib/python3.12/site-packages/airflow/models/dagbag.py", line 346, in parse
    loader.exec_module(new_module)
  File "<frozen importlib._bootstrap_external>", line 995, in exec_module
  File "<frozen importlib._bootstrap>", line 488, in _call_with_frames_removed
  File "/opt/airflow/dags/cp_import_dag.py", line 10, in <module>
    from airflow_mariadb_provider.operators.mariadb_operator import MariaDBOperator
ModuleNotFoundError: No module named 'airflow_mariadb_provider'
[2025-10-26T18:43:00.000+0000] {processor.py:842} WARNING - No viable dags retrieved from /opt/airflow/dags/cp_import_dag.py
[2025-10-26T18:43:00.026+0000] {processor.py:183} INFO - Processing /opt/airflow/dags/cp_import_dag.py took 0.049 seconds
[2025-10-26T18:43:30.247+0000] {processor.py:161} INFO - Started process (PID=552) to work on /opt/airflow/dags/cp_import_dag.py
[2025-10-26T18:43:30.249+0000] {processor.py:830} INFO - Processing file /opt/airflow/dags/cp_import_dag.py for tasks to queue
[2025-10-26T18:43:30.251+0000] {logging_mixin.py:188} INFO - [2025-10-26T18:43:30.251+0000] {dagbag.py:540} INFO - Filling up the DagBag from /opt/airflow/dags/cp_import_dag.py
[2025-10-26T18:43:30.260+0000] {logging_mixin.py:188} INFO - [2025-10-26T18:43:30.257+0000] {dagbag.py:350} ERROR - Failed to import: /opt/airflow/dags/cp_import_dag.py
Traceback (most recent call last):
  File "/home/airflow/.local/lib/python3.12/site-packages/airflow/models/dagbag.py", line 346, in parse
    loader.exec_module(new_module)
  File "<frozen importlib._bootstrap_external>", line 995, in exec_module
  File "<frozen importlib._bootstrap>", line 488, in _call_with_frames_removed
  File "/opt/airflow/dags/cp_import_dag.py", line 10, in <module>
    from airflow_mariadb_provider.operators.mariadb_operator import MariaDBOperator
ModuleNotFoundError: No module named 'airflow_mariadb_provider'
[2025-10-26T18:43:30.261+0000] {processor.py:842} WARNING - No viable dags retrieved from /opt/airflow/dags/cp_import_dag.py
[2025-10-26T18:43:30.291+0000] {processor.py:183} INFO - Processing /opt/airflow/dags/cp_import_dag.py took 0.054 seconds
[2025-10-26T18:44:00.495+0000] {processor.py:161} INFO - Started process (PID=608) to work on /opt/airflow/dags/cp_import_dag.py
[2025-10-26T18:44:00.496+0000] {processor.py:830} INFO - Processing file /opt/airflow/dags/cp_import_dag.py for tasks to queue
[2025-10-26T18:44:00.499+0000] {logging_mixin.py:188} INFO - [2025-10-26T18:44:00.498+0000] {dagbag.py:540} INFO - Filling up the DagBag from /opt/airflow/dags/cp_import_dag.py
[2025-10-26T18:44:00.507+0000] {logging_mixin.py:188} INFO - [2025-10-26T18:44:00.504+0000] {dagbag.py:350} ERROR - Failed to import: /opt/airflow/dags/cp_import_dag.py
Traceback (most recent call last):
  File "/home/airflow/.local/lib/python3.12/site-packages/airflow/models/dagbag.py", line 346, in parse
    loader.exec_module(new_module)
  File "<frozen importlib._bootstrap_external>", line 995, in exec_module
  File "<frozen importlib._bootstrap>", line 488, in _call_with_frames_removed
  File "/opt/airflow/dags/cp_import_dag.py", line 10, in <module>
    from airflow_mariadb_provider.operators.mariadb_operator import MariaDBOperator
ModuleNotFoundError: No module named 'airflow_mariadb_provider'
[2025-10-26T18:44:00.508+0000] {processor.py:842} WARNING - No viable dags retrieved from /opt/airflow/dags/cp_import_dag.py
[2025-10-26T18:44:00.534+0000] {processor.py:183} INFO - Processing /opt/airflow/dags/cp_import_dag.py took 0.047 seconds
[2025-10-26T18:44:30.734+0000] {processor.py:161} INFO - Started process (PID=664) to work on /opt/airflow/dags/cp_import_dag.py
[2025-10-26T18:44:30.735+0000] {processor.py:830} INFO - Processing file /opt/airflow/dags/cp_import_dag.py for tasks to queue
[2025-10-26T18:44:30.738+0000] {logging_mixin.py:188} INFO - [2025-10-26T18:44:30.737+0000] {dagbag.py:540} INFO - Filling up the DagBag from /opt/airflow/dags/cp_import_dag.py
[2025-10-26T18:44:30.746+0000] {logging_mixin.py:188} INFO - [2025-10-26T18:44:30.743+0000] {dagbag.py:350} ERROR - Failed to import: /opt/airflow/dags/cp_import_dag.py
Traceback (most recent call last):
  File "/home/airflow/.local/lib/python3.12/site-packages/airflow/models/dagbag.py", line 346, in parse
    loader.exec_module(new_module)
  File "<frozen importlib._bootstrap_external>", line 995, in exec_module
  File "<frozen importlib._bootstrap>", line 488, in _call_with_frames_removed
  File "/opt/airflow/dags/cp_import_dag.py", line 10, in <module>
    from airflow_mariadb_provider.operators.mariadb_operator import MariaDBOperator
ModuleNotFoundError: No module named 'airflow_mariadb_provider'
[2025-10-26T18:44:30.747+0000] {processor.py:842} WARNING - No viable dags retrieved from /opt/airflow/dags/cp_import_dag.py
[2025-10-26T18:44:30.773+0000] {processor.py:183} INFO - Processing /opt/airflow/dags/cp_import_dag.py took 0.049 seconds
[2025-10-26T18:45:00.850+0000] {processor.py:161} INFO - Started process (PID=720) to work on /opt/airflow/dags/cp_import_dag.py
[2025-10-26T18:45:00.851+0000] {processor.py:830} INFO - Processing file /opt/airflow/dags/cp_import_dag.py for tasks to queue
[2025-10-26T18:45:00.853+0000] {logging_mixin.py:188} INFO - [2025-10-26T18:45:00.853+0000] {dagbag.py:540} INFO - Filling up the DagBag from /opt/airflow/dags/cp_import_dag.py
[2025-10-26T18:45:00.860+0000] {logging_mixin.py:188} INFO - [2025-10-26T18:45:00.858+0000] {dagbag.py:350} ERROR - Failed to import: /opt/airflow/dags/cp_import_dag.py
Traceback (most recent call last):
  File "/home/airflow/.local/lib/python3.12/site-packages/airflow/models/dagbag.py", line 346, in parse
    loader.exec_module(new_module)
  File "<frozen importlib._bootstrap_external>", line 995, in exec_module
  File "<frozen importlib._bootstrap>", line 488, in _call_with_frames_removed
  File "/opt/airflow/dags/cp_import_dag.py", line 10, in <module>
    from airflow_mariadb_provider.operators.mariadb_operator import MariaDBOperator
ModuleNotFoundError: No module named 'airflow_mariadb_provider'
[2025-10-26T18:45:00.861+0000] {processor.py:842} WARNING - No viable dags retrieved from /opt/airflow/dags/cp_import_dag.py
[2025-10-26T18:45:00.883+0000] {processor.py:183} INFO - Processing /opt/airflow/dags/cp_import_dag.py took 0.042 seconds
[2025-10-26T18:45:31.062+0000] {processor.py:161} INFO - Started process (PID=776) to work on /opt/airflow/dags/cp_import_dag.py
[2025-10-26T18:45:31.063+0000] {processor.py:830} INFO - Processing file /opt/airflow/dags/cp_import_dag.py for tasks to queue
[2025-10-26T18:45:31.065+0000] {logging_mixin.py:188} INFO - [2025-10-26T18:45:31.065+0000] {dagbag.py:540} INFO - Filling up the DagBag from /opt/airflow/dags/cp_import_dag.py
[2025-10-26T18:45:31.072+0000] {logging_mixin.py:188} INFO - [2025-10-26T18:45:31.070+0000] {dagbag.py:350} ERROR - Failed to import: /opt/airflow/dags/cp_import_dag.py
Traceback (most recent call last):
  File "/home/airflow/.local/lib/python3.12/site-packages/airflow/models/dagbag.py", line 346, in parse
    loader.exec_module(new_module)
  File "<frozen importlib._bootstrap_external>", line 995, in exec_module
  File "<frozen importlib._bootstrap>", line 488, in _call_with_frames_removed
  File "/opt/airflow/dags/cp_import_dag.py", line 10, in <module>
    from airflow_mariadb_provider.operators.mariadb_operator import MariaDBOperator
ModuleNotFoundError: No module named 'airflow_mariadb_provider'
[2025-10-26T18:45:31.073+0000] {processor.py:842} WARNING - No viable dags retrieved from /opt/airflow/dags/cp_import_dag.py
[2025-10-26T18:45:31.095+0000] {processor.py:183} INFO - Processing /opt/airflow/dags/cp_import_dag.py took 0.042 seconds
[2025-10-26T18:46:01.194+0000] {processor.py:161} INFO - Started process (PID=832) to work on /opt/airflow/dags/cp_import_dag.py
[2025-10-26T18:46:01.195+0000] {processor.py:830} INFO - Processing file /opt/airflow/dags/cp_import_dag.py for tasks to queue
[2025-10-26T18:46:01.198+0000] {logging_mixin.py:188} INFO - [2025-10-26T18:46:01.197+0000] {dagbag.py:540} INFO - Filling up the DagBag from /opt/airflow/dags/cp_import_dag.py
[2025-10-26T18:46:01.205+0000] {logging_mixin.py:188} INFO - [2025-10-26T18:46:01.203+0000] {dagbag.py:350} ERROR - Failed to import: /opt/airflow/dags/cp_import_dag.py
Traceback (most recent call last):
  File "/home/airflow/.local/lib/python3.12/site-packages/airflow/models/dagbag.py", line 346, in parse
    loader.exec_module(new_module)
  File "<frozen importlib._bootstrap_external>", line 995, in exec_module
  File "<frozen importlib._bootstrap>", line 488, in _call_with_frames_removed
  File "/opt/airflow/dags/cp_import_dag.py", line 10, in <module>
    from airflow_mariadb_provider.operators.mariadb_operator import MariaDBOperator
ModuleNotFoundError: No module named 'airflow_mariadb_provider'
[2025-10-26T18:46:01.206+0000] {processor.py:842} WARNING - No viable dags retrieved from /opt/airflow/dags/cp_import_dag.py
[2025-10-26T18:46:01.231+0000] {processor.py:183} INFO - Processing /opt/airflow/dags/cp_import_dag.py took 0.046 seconds
[2025-10-26T18:46:31.453+0000] {processor.py:161} INFO - Started process (PID=888) to work on /opt/airflow/dags/cp_import_dag.py
[2025-10-26T18:46:31.455+0000] {processor.py:830} INFO - Processing file /opt/airflow/dags/cp_import_dag.py for tasks to queue
[2025-10-26T18:46:31.458+0000] {logging_mixin.py:188} INFO - [2025-10-26T18:46:31.457+0000] {dagbag.py:540} INFO - Filling up the DagBag from /opt/airflow/dags/cp_import_dag.py
[2025-10-26T18:46:31.465+0000] {logging_mixin.py:188} INFO - [2025-10-26T18:46:31.463+0000] {dagbag.py:350} ERROR - Failed to import: /opt/airflow/dags/cp_import_dag.py
Traceback (most recent call last):
  File "/home/airflow/.local/lib/python3.12/site-packages/airflow/models/dagbag.py", line 346, in parse
    loader.exec_module(new_module)
  File "<frozen importlib._bootstrap_external>", line 995, in exec_module
  File "<frozen importlib._bootstrap>", line 488, in _call_with_frames_removed
  File "/opt/airflow/dags/cp_import_dag.py", line 10, in <module>
    from airflow_mariadb_provider.operators.mariadb_operator import MariaDBOperator
ModuleNotFoundError: No module named 'airflow_mariadb_provider'
[2025-10-26T18:46:31.466+0000] {processor.py:842} WARNING - No viable dags retrieved from /opt/airflow/dags/cp_import_dag.py
[2025-10-26T18:46:31.494+0000] {processor.py:183} INFO - Processing /opt/airflow/dags/cp_import_dag.py took 0.051 seconds
[2025-10-26T18:47:01.732+0000] {processor.py:161} INFO - Started process (PID=944) to work on /opt/airflow/dags/cp_import_dag.py
[2025-10-26T18:47:01.734+0000] {processor.py:830} INFO - Processing file /opt/airflow/dags/cp_import_dag.py for tasks to queue
[2025-10-26T18:47:01.736+0000] {logging_mixin.py:188} INFO - [2025-10-26T18:47:01.736+0000] {dagbag.py:540} INFO - Filling up the DagBag from /opt/airflow/dags/cp_import_dag.py
[2025-10-26T18:47:01.744+0000] {logging_mixin.py:188} INFO - [2025-10-26T18:47:01.742+0000] {dagbag.py:350} ERROR - Failed to import: /opt/airflow/dags/cp_import_dag.py
Traceback (most recent call last):
  File "/home/airflow/.local/lib/python3.12/site-packages/airflow/models/dagbag.py", line 346, in parse
    loader.exec_module(new_module)
  File "<frozen importlib._bootstrap_external>", line 995, in exec_module
  File "<frozen importlib._bootstrap>", line 488, in _call_with_frames_removed
  File "/opt/airflow/dags/cp_import_dag.py", line 10, in <module>
    from airflow_mariadb_provider.operators.mariadb_operator import MariaDBOperator
ModuleNotFoundError: No module named 'airflow_mariadb_provider'
[2025-10-26T18:47:01.745+0000] {processor.py:842} WARNING - No viable dags retrieved from /opt/airflow/dags/cp_import_dag.py
[2025-10-26T18:47:01.770+0000] {processor.py:183} INFO - Processing /opt/airflow/dags/cp_import_dag.py took 0.048 seconds
[2025-10-26T18:47:32.089+0000] {processor.py:161} INFO - Started process (PID=1000) to work on /opt/airflow/dags/cp_import_dag.py
[2025-10-26T18:47:32.090+0000] {processor.py:830} INFO - Processing file /opt/airflow/dags/cp_import_dag.py for tasks to queue
[2025-10-26T18:47:32.093+0000] {logging_mixin.py:188} INFO - [2025-10-26T18:47:32.093+0000] {dagbag.py:540} INFO - Filling up the DagBag from /opt/airflow/dags/cp_import_dag.py
[2025-10-26T18:47:32.102+0000] {logging_mixin.py:188} INFO - [2025-10-26T18:47:32.099+0000] {dagbag.py:350} ERROR - Failed to import: /opt/airflow/dags/cp_import_dag.py
Traceback (most recent call last):
  File "/home/airflow/.local/lib/python3.12/site-packages/airflow/models/dagbag.py", line 346, in parse
    loader.exec_module(new_module)
  File "<frozen importlib._bootstrap_external>", line 995, in exec_module
  File "<frozen importlib._bootstrap>", line 488, in _call_with_frames_removed
  File "/opt/airflow/dags/cp_import_dag.py", line 10, in <module>
    from airflow_mariadb_provider.operators.mariadb_operator import MariaDBOperator
ModuleNotFoundError: No module named 'airflow_mariadb_provider'
[2025-10-26T18:47:32.103+0000] {processor.py:842} WARNING - No viable dags retrieved from /opt/airflow/dags/cp_import_dag.py
[2025-10-26T18:47:32.129+0000] {processor.py:183} INFO - Processing /opt/airflow/dags/cp_import_dag.py took 0.049 seconds
[2025-10-26T18:48:02.369+0000] {processor.py:161} INFO - Started process (PID=1056) to work on /opt/airflow/dags/cp_import_dag.py
[2025-10-26T18:48:02.371+0000] {processor.py:830} INFO - Processing file /opt/airflow/dags/cp_import_dag.py for tasks to queue
[2025-10-26T18:48:02.373+0000] {logging_mixin.py:188} INFO - [2025-10-26T18:48:02.373+0000] {dagbag.py:540} INFO - Filling up the DagBag from /opt/airflow/dags/cp_import_dag.py
[2025-10-26T18:48:02.383+0000] {logging_mixin.py:188} INFO - [2025-10-26T18:48:02.380+0000] {dagbag.py:350} ERROR - Failed to import: /opt/airflow/dags/cp_import_dag.py
Traceback (most recent call last):
  File "/home/airflow/.local/lib/python3.12/site-packages/airflow/models/dagbag.py", line 346, in parse
    loader.exec_module(new_module)
  File "<frozen importlib._bootstrap_external>", line 995, in exec_module
  File "<frozen importlib._bootstrap>", line 488, in _call_with_frames_removed
  File "/opt/airflow/dags/cp_import_dag.py", line 10, in <module>
    from airflow_mariadb_provider.operators.mariadb_operator import MariaDBOperator
ModuleNotFoundError: No module named 'airflow_mariadb_provider'
[2025-10-26T18:48:02.383+0000] {processor.py:842} WARNING - No viable dags retrieved from /opt/airflow/dags/cp_import_dag.py
[2025-10-26T18:48:02.414+0000] {processor.py:183} INFO - Processing /opt/airflow/dags/cp_import_dag.py took 0.054 seconds
[2025-10-26T18:48:32.519+0000] {processor.py:161} INFO - Started process (PID=1112) to work on /opt/airflow/dags/cp_import_dag.py
[2025-10-26T18:48:32.520+0000] {processor.py:830} INFO - Processing file /opt/airflow/dags/cp_import_dag.py for tasks to queue
[2025-10-26T18:48:32.523+0000] {logging_mixin.py:188} INFO - [2025-10-26T18:48:32.522+0000] {dagbag.py:540} INFO - Filling up the DagBag from /opt/airflow/dags/cp_import_dag.py
[2025-10-26T18:48:32.530+0000] {logging_mixin.py:188} INFO - [2025-10-26T18:48:32.528+0000] {dagbag.py:350} ERROR - Failed to import: /opt/airflow/dags/cp_import_dag.py
Traceback (most recent call last):
  File "/home/airflow/.local/lib/python3.12/site-packages/airflow/models/dagbag.py", line 346, in parse
    loader.exec_module(new_module)
  File "<frozen importlib._bootstrap_external>", line 995, in exec_module
  File "<frozen importlib._bootstrap>", line 488, in _call_with_frames_removed
  File "/opt/airflow/dags/cp_import_dag.py", line 10, in <module>
    from airflow_mariadb_provider.operators.mariadb_operator import MariaDBOperator
ModuleNotFoundError: No module named 'airflow_mariadb_provider'
[2025-10-26T18:48:32.531+0000] {processor.py:842} WARNING - No viable dags retrieved from /opt/airflow/dags/cp_import_dag.py
[2025-10-26T18:48:32.555+0000] {processor.py:183} INFO - Processing /opt/airflow/dags/cp_import_dag.py took 0.045 seconds
[2025-10-26T18:49:02.845+0000] {processor.py:161} INFO - Started process (PID=1168) to work on /opt/airflow/dags/cp_import_dag.py
[2025-10-26T18:49:02.847+0000] {processor.py:830} INFO - Processing file /opt/airflow/dags/cp_import_dag.py for tasks to queue
[2025-10-26T18:49:02.849+0000] {logging_mixin.py:188} INFO - [2025-10-26T18:49:02.849+0000] {dagbag.py:540} INFO - Filling up the DagBag from /opt/airflow/dags/cp_import_dag.py
[2025-10-26T18:49:02.857+0000] {logging_mixin.py:188} INFO - [2025-10-26T18:49:02.854+0000] {dagbag.py:350} ERROR - Failed to import: /opt/airflow/dags/cp_import_dag.py
Traceback (most recent call last):
  File "/home/airflow/.local/lib/python3.12/site-packages/airflow/models/dagbag.py", line 346, in parse
    loader.exec_module(new_module)
  File "<frozen importlib._bootstrap_external>", line 995, in exec_module
  File "<frozen importlib._bootstrap>", line 488, in _call_with_frames_removed
  File "/opt/airflow/dags/cp_import_dag.py", line 10, in <module>
    from airflow_mariadb_provider.operators.mariadb_operator import MariaDBOperator
ModuleNotFoundError: No module named 'airflow_mariadb_provider'
[2025-10-26T18:49:02.858+0000] {processor.py:842} WARNING - No viable dags retrieved from /opt/airflow/dags/cp_import_dag.py
[2025-10-26T18:49:02.884+0000] {processor.py:183} INFO - Processing /opt/airflow/dags/cp_import_dag.py took 0.048 seconds
[2025-10-26T18:49:33.014+0000] {processor.py:161} INFO - Started process (PID=1224) to work on /opt/airflow/dags/cp_import_dag.py
[2025-10-26T18:49:33.015+0000] {processor.py:830} INFO - Processing file /opt/airflow/dags/cp_import_dag.py for tasks to queue
[2025-10-26T18:49:33.018+0000] {logging_mixin.py:188} INFO - [2025-10-26T18:49:33.017+0000] {dagbag.py:540} INFO - Filling up the DagBag from /opt/airflow/dags/cp_import_dag.py
[2025-10-26T18:49:33.029+0000] {logging_mixin.py:188} INFO - [2025-10-26T18:49:33.027+0000] {dagbag.py:350} ERROR - Failed to import: /opt/airflow/dags/cp_import_dag.py
Traceback (most recent call last):
  File "/home/airflow/.local/lib/python3.12/site-packages/airflow/models/dagbag.py", line 346, in parse
    loader.exec_module(new_module)
  File "<frozen importlib._bootstrap_external>", line 995, in exec_module
  File "<frozen importlib._bootstrap>", line 488, in _call_with_frames_removed
  File "/opt/airflow/dags/cp_import_dag.py", line 10, in <module>
    from airflow_mariadb_provider.operators.mariadb_operator import MariaDBOperator
ModuleNotFoundError: No module named 'airflow_mariadb_provider'
[2025-10-26T18:49:33.030+0000] {processor.py:842} WARNING - No viable dags retrieved from /opt/airflow/dags/cp_import_dag.py
[2025-10-26T18:49:33.054+0000] {processor.py:183} INFO - Processing /opt/airflow/dags/cp_import_dag.py took 0.049 seconds
[2025-10-26T18:50:03.252+0000] {processor.py:161} INFO - Started process (PID=1280) to work on /opt/airflow/dags/cp_import_dag.py
[2025-10-26T18:50:03.253+0000] {processor.py:830} INFO - Processing file /opt/airflow/dags/cp_import_dag.py for tasks to queue
[2025-10-26T18:50:03.256+0000] {logging_mixin.py:188} INFO - [2025-10-26T18:50:03.255+0000] {dagbag.py:540} INFO - Filling up the DagBag from /opt/airflow/dags/cp_import_dag.py
[2025-10-26T18:50:03.265+0000] {logging_mixin.py:188} INFO - [2025-10-26T18:50:03.262+0000] {dagbag.py:350} ERROR - Failed to import: /opt/airflow/dags/cp_import_dag.py
Traceback (most recent call last):
  File "/home/airflow/.local/lib/python3.12/site-packages/airflow/models/dagbag.py", line 346, in parse
    loader.exec_module(new_module)
  File "<frozen importlib._bootstrap_external>", line 995, in exec_module
  File "<frozen importlib._bootstrap>", line 488, in _call_with_frames_removed
  File "/opt/airflow/dags/cp_import_dag.py", line 10, in <module>
    from airflow_mariadb_provider.operators.mariadb_operator import MariaDBOperator
ModuleNotFoundError: No module named 'airflow_mariadb_provider'
[2025-10-26T18:50:03.266+0000] {processor.py:842} WARNING - No viable dags retrieved from /opt/airflow/dags/cp_import_dag.py
[2025-10-26T18:50:03.291+0000] {processor.py:183} INFO - Processing /opt/airflow/dags/cp_import_dag.py took 0.049 seconds
[2025-10-26T18:50:33.673+0000] {processor.py:161} INFO - Started process (PID=1336) to work on /opt/airflow/dags/cp_import_dag.py
[2025-10-26T18:50:33.674+0000] {processor.py:830} INFO - Processing file /opt/airflow/dags/cp_import_dag.py for tasks to queue
[2025-10-26T18:50:33.676+0000] {logging_mixin.py:188} INFO - [2025-10-26T18:50:33.676+0000] {dagbag.py:540} INFO - Filling up the DagBag from /opt/airflow/dags/cp_import_dag.py
[2025-10-26T18:50:33.683+0000] {logging_mixin.py:188} INFO - [2025-10-26T18:50:33.681+0000] {dagbag.py:350} ERROR - Failed to import: /opt/airflow/dags/cp_import_dag.py
Traceback (most recent call last):
  File "/home/airflow/.local/lib/python3.12/site-packages/airflow/models/dagbag.py", line 346, in parse
    loader.exec_module(new_module)
  File "<frozen importlib._bootstrap_external>", line 995, in exec_module
  File "<frozen importlib._bootstrap>", line 488, in _call_with_frames_removed
  File "/opt/airflow/dags/cp_import_dag.py", line 10, in <module>
    from airflow_mariadb_provider.operators.mariadb_operator import MariaDBOperator
ModuleNotFoundError: No module named 'airflow_mariadb_provider'
[2025-10-26T18:50:33.684+0000] {processor.py:842} WARNING - No viable dags retrieved from /opt/airflow/dags/cp_import_dag.py
[2025-10-26T18:50:33.714+0000] {processor.py:183} INFO - Processing /opt/airflow/dags/cp_import_dag.py took 0.049 seconds
[2025-10-26T18:51:03.795+0000] {processor.py:161} INFO - Started process (PID=1392) to work on /opt/airflow/dags/cp_import_dag.py
[2025-10-26T18:51:03.796+0000] {processor.py:830} INFO - Processing file /opt/airflow/dags/cp_import_dag.py for tasks to queue
[2025-10-26T18:51:03.799+0000] {logging_mixin.py:188} INFO - [2025-10-26T18:51:03.798+0000] {dagbag.py:540} INFO - Filling up the DagBag from /opt/airflow/dags/cp_import_dag.py
[2025-10-26T18:51:03.808+0000] {logging_mixin.py:188} INFO - [2025-10-26T18:51:03.806+0000] {dagbag.py:350} ERROR - Failed to import: /opt/airflow/dags/cp_import_dag.py
Traceback (most recent call last):
  File "/home/airflow/.local/lib/python3.12/site-packages/airflow/models/dagbag.py", line 346, in parse
    loader.exec_module(new_module)
  File "<frozen importlib._bootstrap_external>", line 995, in exec_module
  File "<frozen importlib._bootstrap>", line 488, in _call_with_frames_removed
  File "/opt/airflow/dags/cp_import_dag.py", line 10, in <module>
    from airflow_mariadb_provider.operators.mariadb_operator import MariaDBOperator
ModuleNotFoundError: No module named 'airflow_mariadb_provider'
[2025-10-26T18:51:03.809+0000] {processor.py:842} WARNING - No viable dags retrieved from /opt/airflow/dags/cp_import_dag.py
[2025-10-26T18:51:03.837+0000] {processor.py:183} INFO - Processing /opt/airflow/dags/cp_import_dag.py took 0.051 seconds
[2025-10-26T18:54:38.811+0000] {processor.py:161} INFO - Started process (PID=48) to work on /opt/airflow/dags/cp_import_dag.py
[2025-10-26T18:54:38.813+0000] {processor.py:830} INFO - Processing file /opt/airflow/dags/cp_import_dag.py for tasks to queue
[2025-10-26T18:54:38.817+0000] {logging_mixin.py:188} INFO - [2025-10-26T18:54:38.817+0000] {dagbag.py:540} INFO - Filling up the DagBag from /opt/airflow/dags/cp_import_dag.py
[2025-10-26T18:54:38.830+0000] {logging_mixin.py:188} INFO - [2025-10-26T18:54:38.827+0000] {dagbag.py:350} ERROR - Failed to import: /opt/airflow/dags/cp_import_dag.py
Traceback (most recent call last):
  File "/home/airflow/.local/lib/python3.12/site-packages/airflow/models/dagbag.py", line 346, in parse
    loader.exec_module(new_module)
  File "<frozen importlib._bootstrap_external>", line 995, in exec_module
  File "<frozen importlib._bootstrap>", line 488, in _call_with_frames_removed
  File "/opt/airflow/dags/cp_import_dag.py", line 10, in <module>
    from airflow_mariadb_provider.operators.mariadb_operator import MariaDBOperator
ModuleNotFoundError: No module named 'airflow_mariadb_provider'
[2025-10-26T18:54:38.831+0000] {processor.py:842} WARNING - No viable dags retrieved from /opt/airflow/dags/cp_import_dag.py
[2025-10-26T18:54:38.877+0000] {processor.py:183} INFO - Processing /opt/airflow/dags/cp_import_dag.py took 0.078 seconds
[2025-10-26T18:55:09.344+0000] {processor.py:161} INFO - Started process (PID=104) to work on /opt/airflow/dags/cp_import_dag.py
[2025-10-26T18:55:09.345+0000] {processor.py:830} INFO - Processing file /opt/airflow/dags/cp_import_dag.py for tasks to queue
[2025-10-26T18:55:09.348+0000] {logging_mixin.py:188} INFO - [2025-10-26T18:55:09.347+0000] {dagbag.py:540} INFO - Filling up the DagBag from /opt/airflow/dags/cp_import_dag.py
[2025-10-26T18:55:09.357+0000] {logging_mixin.py:188} INFO - [2025-10-26T18:55:09.353+0000] {dagbag.py:350} ERROR - Failed to import: /opt/airflow/dags/cp_import_dag.py
Traceback (most recent call last):
  File "/home/airflow/.local/lib/python3.12/site-packages/airflow/models/dagbag.py", line 346, in parse
    loader.exec_module(new_module)
  File "<frozen importlib._bootstrap_external>", line 995, in exec_module
  File "<frozen importlib._bootstrap>", line 488, in _call_with_frames_removed
  File "/opt/airflow/dags/cp_import_dag.py", line 10, in <module>
    from airflow_mariadb_provider.operators.mariadb_operator import MariaDBOperator
ModuleNotFoundError: No module named 'airflow_mariadb_provider'
[2025-10-26T18:55:09.358+0000] {processor.py:842} WARNING - No viable dags retrieved from /opt/airflow/dags/cp_import_dag.py
[2025-10-26T18:55:09.390+0000] {processor.py:183} INFO - Processing /opt/airflow/dags/cp_import_dag.py took 0.055 seconds
[2025-10-26T18:55:39.453+0000] {processor.py:161} INFO - Started process (PID=160) to work on /opt/airflow/dags/cp_import_dag.py
[2025-10-26T18:55:39.455+0000] {processor.py:830} INFO - Processing file /opt/airflow/dags/cp_import_dag.py for tasks to queue
[2025-10-26T18:55:39.457+0000] {logging_mixin.py:188} INFO - [2025-10-26T18:55:39.457+0000] {dagbag.py:540} INFO - Filling up the DagBag from /opt/airflow/dags/cp_import_dag.py
[2025-10-26T18:55:39.464+0000] {logging_mixin.py:188} INFO - [2025-10-26T18:55:39.462+0000] {dagbag.py:350} ERROR - Failed to import: /opt/airflow/dags/cp_import_dag.py
Traceback (most recent call last):
  File "/home/airflow/.local/lib/python3.12/site-packages/airflow/models/dagbag.py", line 346, in parse
    loader.exec_module(new_module)
  File "<frozen importlib._bootstrap_external>", line 995, in exec_module
  File "<frozen importlib._bootstrap>", line 488, in _call_with_frames_removed
  File "/opt/airflow/dags/cp_import_dag.py", line 10, in <module>
    from airflow_mariadb_provider.operators.mariadb_operator import MariaDBOperator
ModuleNotFoundError: No module named 'airflow_mariadb_provider'
[2025-10-26T18:55:39.465+0000] {processor.py:842} WARNING - No viable dags retrieved from /opt/airflow/dags/cp_import_dag.py
[2025-10-26T18:55:39.490+0000] {processor.py:183} INFO - Processing /opt/airflow/dags/cp_import_dag.py took 0.044 seconds
[2025-10-26T18:56:09.978+0000] {processor.py:161} INFO - Started process (PID=216) to work on /opt/airflow/dags/cp_import_dag.py
[2025-10-26T18:56:09.979+0000] {processor.py:830} INFO - Processing file /opt/airflow/dags/cp_import_dag.py for tasks to queue
[2025-10-26T18:56:09.982+0000] {logging_mixin.py:188} INFO - [2025-10-26T18:56:09.982+0000] {dagbag.py:540} INFO - Filling up the DagBag from /opt/airflow/dags/cp_import_dag.py
[2025-10-26T18:56:09.991+0000] {logging_mixin.py:188} INFO - [2025-10-26T18:56:09.988+0000] {dagbag.py:350} ERROR - Failed to import: /opt/airflow/dags/cp_import_dag.py
Traceback (most recent call last):
  File "/home/airflow/.local/lib/python3.12/site-packages/airflow/models/dagbag.py", line 346, in parse
    loader.exec_module(new_module)
  File "<frozen importlib._bootstrap_external>", line 995, in exec_module
  File "<frozen importlib._bootstrap>", line 488, in _call_with_frames_removed
  File "/opt/airflow/dags/cp_import_dag.py", line 10, in <module>
    from airflow_mariadb_provider.operators.mariadb_operator import MariaDBOperator
ModuleNotFoundError: No module named 'airflow_mariadb_provider'
[2025-10-26T18:56:09.993+0000] {processor.py:842} WARNING - No viable dags retrieved from /opt/airflow/dags/cp_import_dag.py
[2025-10-26T18:56:10.019+0000] {processor.py:183} INFO - Processing /opt/airflow/dags/cp_import_dag.py took 0.049 seconds
[2025-10-26T18:56:40.810+0000] {processor.py:161} INFO - Started process (PID=272) to work on /opt/airflow/dags/cp_import_dag.py
[2025-10-26T18:56:40.812+0000] {processor.py:830} INFO - Processing file /opt/airflow/dags/cp_import_dag.py for tasks to queue
[2025-10-26T18:56:40.815+0000] {logging_mixin.py:188} INFO - [2025-10-26T18:56:40.814+0000] {dagbag.py:540} INFO - Filling up the DagBag from /opt/airflow/dags/cp_import_dag.py
[2025-10-26T18:56:40.822+0000] {logging_mixin.py:188} INFO - [2025-10-26T18:56:40.820+0000] {dagbag.py:350} ERROR - Failed to import: /opt/airflow/dags/cp_import_dag.py
Traceback (most recent call last):
  File "/home/airflow/.local/lib/python3.12/site-packages/airflow/models/dagbag.py", line 346, in parse
    loader.exec_module(new_module)
  File "<frozen importlib._bootstrap_external>", line 995, in exec_module
  File "<frozen importlib._bootstrap>", line 488, in _call_with_frames_removed
  File "/opt/airflow/dags/cp_import_dag.py", line 10, in <module>
    from airflow_mariadb_provider.operators.mariadb_operator import MariaDBOperator
ModuleNotFoundError: No module named 'airflow_mariadb_provider'
[2025-10-26T18:56:40.823+0000] {processor.py:842} WARNING - No viable dags retrieved from /opt/airflow/dags/cp_import_dag.py
[2025-10-26T18:56:40.849+0000] {processor.py:183} INFO - Processing /opt/airflow/dags/cp_import_dag.py took 0.047 seconds
[2025-10-26T18:57:11.093+0000] {processor.py:161} INFO - Started process (PID=328) to work on /opt/airflow/dags/cp_import_dag.py
[2025-10-26T18:57:11.095+0000] {processor.py:830} INFO - Processing file /opt/airflow/dags/cp_import_dag.py for tasks to queue
[2025-10-26T18:57:11.099+0000] {logging_mixin.py:188} INFO - [2025-10-26T18:57:11.098+0000] {dagbag.py:540} INFO - Filling up the DagBag from /opt/airflow/dags/cp_import_dag.py
[2025-10-26T18:57:11.107+0000] {logging_mixin.py:188} INFO - [2025-10-26T18:57:11.105+0000] {dagbag.py:350} ERROR - Failed to import: /opt/airflow/dags/cp_import_dag.py
Traceback (most recent call last):
  File "/home/airflow/.local/lib/python3.12/site-packages/airflow/models/dagbag.py", line 346, in parse
    loader.exec_module(new_module)
  File "<frozen importlib._bootstrap_external>", line 995, in exec_module
  File "<frozen importlib._bootstrap>", line 488, in _call_with_frames_removed
  File "/opt/airflow/dags/cp_import_dag.py", line 10, in <module>
    from airflow_mariadb_provider.operators.mariadb_operator import MariaDBOperator
ModuleNotFoundError: No module named 'airflow_mariadb_provider'
[2025-10-26T18:57:11.108+0000] {processor.py:842} WARNING - No viable dags retrieved from /opt/airflow/dags/cp_import_dag.py
[2025-10-26T18:57:11.135+0000] {processor.py:183} INFO - Processing /opt/airflow/dags/cp_import_dag.py took 0.054 seconds
[2025-10-26T18:57:41.288+0000] {processor.py:161} INFO - Started process (PID=384) to work on /opt/airflow/dags/cp_import_dag.py
[2025-10-26T18:57:41.289+0000] {processor.py:830} INFO - Processing file /opt/airflow/dags/cp_import_dag.py for tasks to queue
[2025-10-26T18:57:41.291+0000] {logging_mixin.py:188} INFO - [2025-10-26T18:57:41.291+0000] {dagbag.py:540} INFO - Filling up the DagBag from /opt/airflow/dags/cp_import_dag.py
[2025-10-26T18:57:41.299+0000] {logging_mixin.py:188} INFO - [2025-10-26T18:57:41.297+0000] {dagbag.py:350} ERROR - Failed to import: /opt/airflow/dags/cp_import_dag.py
Traceback (most recent call last):
  File "/home/airflow/.local/lib/python3.12/site-packages/airflow/models/dagbag.py", line 346, in parse
    loader.exec_module(new_module)
  File "<frozen importlib._bootstrap_external>", line 995, in exec_module
  File "<frozen importlib._bootstrap>", line 488, in _call_with_frames_removed
  File "/opt/airflow/dags/cp_import_dag.py", line 10, in <module>
    from airflow_mariadb_provider.operators.mariadb_operator import MariaDBOperator
ModuleNotFoundError: No module named 'airflow_mariadb_provider'
[2025-10-26T18:57:41.299+0000] {processor.py:842} WARNING - No viable dags retrieved from /opt/airflow/dags/cp_import_dag.py
[2025-10-26T18:57:41.322+0000] {processor.py:183} INFO - Processing /opt/airflow/dags/cp_import_dag.py took 0.042 seconds
[2025-10-26T18:58:11.408+0000] {processor.py:161} INFO - Started process (PID=440) to work on /opt/airflow/dags/cp_import_dag.py
[2025-10-26T18:58:11.409+0000] {processor.py:830} INFO - Processing file /opt/airflow/dags/cp_import_dag.py for tasks to queue
[2025-10-26T18:58:11.412+0000] {logging_mixin.py:188} INFO - [2025-10-26T18:58:11.411+0000] {dagbag.py:540} INFO - Filling up the DagBag from /opt/airflow/dags/cp_import_dag.py
[2025-10-26T18:58:11.419+0000] {logging_mixin.py:188} INFO - [2025-10-26T18:58:11.417+0000] {dagbag.py:350} ERROR - Failed to import: /opt/airflow/dags/cp_import_dag.py
Traceback (most recent call last):
  File "/home/airflow/.local/lib/python3.12/site-packages/airflow/models/dagbag.py", line 346, in parse
    loader.exec_module(new_module)
  File "<frozen importlib._bootstrap_external>", line 995, in exec_module
  File "<frozen importlib._bootstrap>", line 488, in _call_with_frames_removed
  File "/opt/airflow/dags/cp_import_dag.py", line 10, in <module>
    from airflow_mariadb_provider.operators.mariadb_operator import MariaDBOperator
ModuleNotFoundError: No module named 'airflow_mariadb_provider'
[2025-10-26T18:58:11.420+0000] {processor.py:842} WARNING - No viable dags retrieved from /opt/airflow/dags/cp_import_dag.py
[2025-10-26T18:58:11.444+0000] {processor.py:183} INFO - Processing /opt/airflow/dags/cp_import_dag.py took 0.044 seconds
[2025-10-26T18:58:41.650+0000] {processor.py:161} INFO - Started process (PID=496) to work on /opt/airflow/dags/cp_import_dag.py
[2025-10-26T18:58:41.652+0000] {processor.py:830} INFO - Processing file /opt/airflow/dags/cp_import_dag.py for tasks to queue
[2025-10-26T18:58:41.654+0000] {logging_mixin.py:188} INFO - [2025-10-26T18:58:41.654+0000] {dagbag.py:540} INFO - Filling up the DagBag from /opt/airflow/dags/cp_import_dag.py
[2025-10-26T18:58:41.662+0000] {logging_mixin.py:188} INFO - [2025-10-26T18:58:41.660+0000] {dagbag.py:350} ERROR - Failed to import: /opt/airflow/dags/cp_import_dag.py
Traceback (most recent call last):
  File "/home/airflow/.local/lib/python3.12/site-packages/airflow/models/dagbag.py", line 346, in parse
    loader.exec_module(new_module)
  File "<frozen importlib._bootstrap_external>", line 995, in exec_module
  File "<frozen importlib._bootstrap>", line 488, in _call_with_frames_removed
  File "/opt/airflow/dags/cp_import_dag.py", line 10, in <module>
    from airflow_mariadb_provider.operators.mariadb_operator import MariaDBOperator
ModuleNotFoundError: No module named 'airflow_mariadb_provider'
[2025-10-26T18:58:41.663+0000] {processor.py:842} WARNING - No viable dags retrieved from /opt/airflow/dags/cp_import_dag.py
[2025-10-26T18:58:41.693+0000] {processor.py:183} INFO - Processing /opt/airflow/dags/cp_import_dag.py took 0.052 seconds
[2025-10-26T18:59:11.922+0000] {processor.py:161} INFO - Started process (PID=552) to work on /opt/airflow/dags/cp_import_dag.py
[2025-10-26T18:59:11.924+0000] {processor.py:830} INFO - Processing file /opt/airflow/dags/cp_import_dag.py for tasks to queue
[2025-10-26T18:59:11.927+0000] {logging_mixin.py:188} INFO - [2025-10-26T18:59:11.926+0000] {dagbag.py:540} INFO - Filling up the DagBag from /opt/airflow/dags/cp_import_dag.py
[2025-10-26T18:59:11.934+0000] {logging_mixin.py:188} INFO - [2025-10-26T18:59:11.932+0000] {dagbag.py:350} ERROR - Failed to import: /opt/airflow/dags/cp_import_dag.py
Traceback (most recent call last):
  File "/home/airflow/.local/lib/python3.12/site-packages/airflow/models/dagbag.py", line 346, in parse
    loader.exec_module(new_module)
  File "<frozen importlib._bootstrap_external>", line 995, in exec_module
  File "<frozen importlib._bootstrap>", line 488, in _call_with_frames_removed
  File "/opt/airflow/dags/cp_import_dag.py", line 10, in <module>
    from airflow_mariadb_provider.operators.mariadb_operator import MariaDBOperator
ModuleNotFoundError: No module named 'airflow_mariadb_provider'
[2025-10-26T18:59:11.935+0000] {processor.py:842} WARNING - No viable dags retrieved from /opt/airflow/dags/cp_import_dag.py
[2025-10-26T18:59:11.962+0000] {processor.py:183} INFO - Processing /opt/airflow/dags/cp_import_dag.py took 0.049 seconds
[2025-10-26T18:59:42.476+0000] {processor.py:161} INFO - Started process (PID=608) to work on /opt/airflow/dags/cp_import_dag.py
[2025-10-26T18:59:42.477+0000] {processor.py:830} INFO - Processing file /opt/airflow/dags/cp_import_dag.py for tasks to queue
[2025-10-26T18:59:42.480+0000] {logging_mixin.py:188} INFO - [2025-10-26T18:59:42.480+0000] {dagbag.py:540} INFO - Filling up the DagBag from /opt/airflow/dags/cp_import_dag.py
[2025-10-26T18:59:42.487+0000] {logging_mixin.py:188} INFO - [2025-10-26T18:59:42.485+0000] {dagbag.py:350} ERROR - Failed to import: /opt/airflow/dags/cp_import_dag.py
Traceback (most recent call last):
  File "/home/airflow/.local/lib/python3.12/site-packages/airflow/models/dagbag.py", line 346, in parse
    loader.exec_module(new_module)
  File "<frozen importlib._bootstrap_external>", line 995, in exec_module
  File "<frozen importlib._bootstrap>", line 488, in _call_with_frames_removed
  File "/opt/airflow/dags/cp_import_dag.py", line 10, in <module>
    from airflow_mariadb_provider.operators.mariadb_operator import MariaDBOperator
ModuleNotFoundError: No module named 'airflow_mariadb_provider'
[2025-10-26T18:59:42.488+0000] {processor.py:842} WARNING - No viable dags retrieved from /opt/airflow/dags/cp_import_dag.py
[2025-10-26T18:59:42.512+0000] {processor.py:183} INFO - Processing /opt/airflow/dags/cp_import_dag.py took 0.045 seconds
[2025-10-26T19:00:12.943+0000] {processor.py:161} INFO - Started process (PID=664) to work on /opt/airflow/dags/cp_import_dag.py
[2025-10-26T19:00:12.944+0000] {processor.py:830} INFO - Processing file /opt/airflow/dags/cp_import_dag.py for tasks to queue
[2025-10-26T19:00:12.947+0000] {logging_mixin.py:188} INFO - [2025-10-26T19:00:12.946+0000] {dagbag.py:540} INFO - Filling up the DagBag from /opt/airflow/dags/cp_import_dag.py
[2025-10-26T19:00:12.954+0000] {logging_mixin.py:188} INFO - [2025-10-26T19:00:12.952+0000] {dagbag.py:350} ERROR - Failed to import: /opt/airflow/dags/cp_import_dag.py
Traceback (most recent call last):
  File "/home/airflow/.local/lib/python3.12/site-packages/airflow/models/dagbag.py", line 346, in parse
    loader.exec_module(new_module)
  File "<frozen importlib._bootstrap_external>", line 995, in exec_module
  File "<frozen importlib._bootstrap>", line 488, in _call_with_frames_removed
  File "/opt/airflow/dags/cp_import_dag.py", line 10, in <module>
    from airflow_mariadb_provider.operators.mariadb_operator import MariaDBOperator
ModuleNotFoundError: No module named 'airflow_mariadb_provider'
[2025-10-26T19:00:12.955+0000] {processor.py:842} WARNING - No viable dags retrieved from /opt/airflow/dags/cp_import_dag.py
[2025-10-26T19:00:12.980+0000] {processor.py:183} INFO - Processing /opt/airflow/dags/cp_import_dag.py took 0.045 seconds
[2025-10-26T19:00:43.520+0000] {processor.py:161} INFO - Started process (PID=720) to work on /opt/airflow/dags/cp_import_dag.py
[2025-10-26T19:00:43.522+0000] {processor.py:830} INFO - Processing file /opt/airflow/dags/cp_import_dag.py for tasks to queue
[2025-10-26T19:00:43.525+0000] {logging_mixin.py:188} INFO - [2025-10-26T19:00:43.525+0000] {dagbag.py:540} INFO - Filling up the DagBag from /opt/airflow/dags/cp_import_dag.py
[2025-10-26T19:00:43.534+0000] {logging_mixin.py:188} INFO - [2025-10-26T19:00:43.532+0000] {dagbag.py:350} ERROR - Failed to import: /opt/airflow/dags/cp_import_dag.py
Traceback (most recent call last):
  File "/home/airflow/.local/lib/python3.12/site-packages/airflow/models/dagbag.py", line 346, in parse
    loader.exec_module(new_module)
  File "<frozen importlib._bootstrap_external>", line 995, in exec_module
  File "<frozen importlib._bootstrap>", line 488, in _call_with_frames_removed
  File "/opt/airflow/dags/cp_import_dag.py", line 10, in <module>
    from airflow_mariadb_provider.operators.mariadb_operator import MariaDBOperator
ModuleNotFoundError: No module named 'airflow_mariadb_provider'
[2025-10-26T19:00:43.535+0000] {processor.py:842} WARNING - No viable dags retrieved from /opt/airflow/dags/cp_import_dag.py
[2025-10-26T19:00:43.568+0000] {processor.py:183} INFO - Processing /opt/airflow/dags/cp_import_dag.py took 0.058 seconds
