[2025-10-16T17:33:10.418+0000] {local_task_job_runner.py:120} INFO - ::group::Pre task execution logs
[2025-10-16T17:33:10.482+0000] {taskinstance.py:2073} INFO - Dependencies all met for dep_context=non-requeueable deps ti=<TaskInstance: OpenFlightsDataIngestion.group_countries.drop_table_countries manual__2025-10-16T17:32:57.571753+00:00 [queued]>
[2025-10-16T17:33:10.502+0000] {taskinstance.py:2073} INFO - Dependencies all met for dep_context=requeueable deps ti=<TaskInstance: OpenFlightsDataIngestion.group_countries.drop_table_countries manual__2025-10-16T17:32:57.571753+00:00 [queued]>
[2025-10-16T17:33:10.503+0000] {taskinstance.py:2303} INFO - Starting attempt 1 of 1
[2025-10-16T17:33:10.536+0000] {taskinstance.py:2327} INFO - Executing <Task(PythonOperator): group_countries.drop_table_countries> on 2025-10-16 17:32:57.571753+00:00
[2025-10-16T17:33:10.552+0000] {warnings.py:110} WARNING - /home/***/.local/lib/python3.12/site-packages/***/task/task_runner/standard_task_runner.py:61: DeprecationWarning: This process (pid=137) is multi-threaded, use of fork() may lead to deadlocks in the child.
  pid = os.fork()

[2025-10-16T17:33:10.558+0000] {standard_task_runner.py:63} INFO - Started process 199 to run task
[2025-10-16T17:33:10.558+0000] {standard_task_runner.py:90} INFO - Running: ['***', 'tasks', 'run', 'OpenFlightsDataIngestion', 'group_countries.drop_table_countries', 'manual__2025-10-16T17:32:57.571753+00:00', '--job-id', '102', '--raw', '--subdir', 'DAGS_FOLDER/openflights_dag.py', '--cfg-path', '/tmp/tmpwmgxi9xc']
[2025-10-16T17:33:10.564+0000] {standard_task_runner.py:91} INFO - Job 102: Subtask group_countries.drop_table_countries
[2025-10-16T17:33:10.659+0000] {task_command.py:426} INFO - Running <TaskInstance: OpenFlightsDataIngestion.group_countries.drop_table_countries manual__2025-10-16T17:32:57.571753+00:00 [running]> on host e6b42f39be87
[2025-10-16T17:33:10.822+0000] {taskinstance.py:2644} INFO - Exporting env vars: AIRFLOW_CTX_DAG_OWNER='***' AIRFLOW_CTX_DAG_ID='OpenFlightsDataIngestion' AIRFLOW_CTX_TASK_ID='group_countries.drop_table_countries' AIRFLOW_CTX_EXECUTION_DATE='2025-10-16T17:32:57.571753+00:00' AIRFLOW_CTX_TRY_NUMBER='1' AIRFLOW_CTX_DAG_RUN_ID='manual__2025-10-16T17:32:57.571753+00:00'
[2025-10-16T17:33:10.830+0000] {taskinstance.py:430} INFO - ::endgroup::
[2025-10-16T17:33:10.848+0000] {base.py:84} INFO - Using connection ID 'maria_db_default' for task execution.
[2025-10-16T17:33:10.851+0000] {mariadb_hook.py:38} INFO - Connecting to MariaDB database: open_flights_data
[2025-10-16T17:33:11.223+0000] {python.py:237} INFO - Done. Returned value was: None
[2025-10-16T17:33:11.225+0000] {taskinstance.py:441} INFO - ::group::Post task execution logs
[2025-10-16T17:33:11.246+0000] {taskinstance.py:1205} INFO - Marking task as SUCCESS. dag_id=OpenFlightsDataIngestion, task_id=group_countries.drop_table_countries, execution_date=20251016T173257, start_date=20251016T173310, end_date=20251016T173311
[2025-10-16T17:33:11.319+0000] {local_task_job_runner.py:240} INFO - Task exited with return code 0
[2025-10-16T17:33:11.377+0000] {taskinstance.py:3482} INFO - 1 downstream tasks scheduled from follow-on schedule check
[2025-10-16T17:33:11.381+0000] {local_task_job_runner.py:222} INFO - ::endgroup::
