[2025-10-16T19:39:12.984+0000] {local_task_job_runner.py:120} INFO - ::group::Pre task execution logs
[2025-10-16T19:39:13.031+0000] {taskinstance.py:2073} INFO - Dependencies all met for dep_context=non-requeueable deps ti=<TaskInstance: OpenFlightsDataIngestion.group_countries.create_table_countries manual__2025-10-16T19:38:58.167139+00:00 [queued]>
[2025-10-16T19:39:13.049+0000] {taskinstance.py:2073} INFO - Dependencies all met for dep_context=requeueable deps ti=<TaskInstance: OpenFlightsDataIngestion.group_countries.create_table_countries manual__2025-10-16T19:38:58.167139+00:00 [queued]>
[2025-10-16T19:39:13.050+0000] {taskinstance.py:2303} INFO - Starting attempt 1 of 1
[2025-10-16T19:39:13.082+0000] {taskinstance.py:2327} INFO - Executing <Task(PythonOperator): group_countries.create_table_countries> on 2025-10-16 19:38:58.167139+00:00
[2025-10-16T19:39:13.097+0000] {warnings.py:110} WARNING - /home/***/.local/lib/python3.12/site-packages/***/task/task_runner/standard_task_runner.py:61: DeprecationWarning: This process (pid=554) is multi-threaded, use of fork() may lead to deadlocks in the child.
  pid = os.fork()

[2025-10-16T19:39:13.100+0000] {standard_task_runner.py:63} INFO - Started process 620 to run task
[2025-10-16T19:39:13.102+0000] {standard_task_runner.py:90} INFO - Running: ['***', 'tasks', 'run', 'OpenFlightsDataIngestion', 'group_countries.create_table_countries', 'manual__2025-10-16T19:38:58.167139+00:00', '--job-id', '194', '--raw', '--subdir', 'DAGS_FOLDER/openflights_dag.py', '--cfg-path', '/tmp/tmpjw6rda11']
[2025-10-16T19:39:13.107+0000] {standard_task_runner.py:91} INFO - Job 194: Subtask group_countries.create_table_countries
[2025-10-16T19:39:13.206+0000] {task_command.py:426} INFO - Running <TaskInstance: OpenFlightsDataIngestion.group_countries.create_table_countries manual__2025-10-16T19:38:58.167139+00:00 [running]> on host e6b42f39be87
[2025-10-16T19:39:13.392+0000] {taskinstance.py:2644} INFO - Exporting env vars: AIRFLOW_CTX_DAG_OWNER='***' AIRFLOW_CTX_DAG_ID='OpenFlightsDataIngestion' AIRFLOW_CTX_TASK_ID='group_countries.create_table_countries' AIRFLOW_CTX_EXECUTION_DATE='2025-10-16T19:38:58.167139+00:00' AIRFLOW_CTX_TRY_NUMBER='1' AIRFLOW_CTX_DAG_RUN_ID='manual__2025-10-16T19:38:58.167139+00:00'
[2025-10-16T19:39:13.397+0000] {taskinstance.py:430} INFO - ::endgroup::
[2025-10-16T19:39:13.415+0000] {base.py:84} INFO - Using connection ID 'maria_db_default' for task execution.
[2025-10-16T19:39:13.417+0000] {mariadb_hook.py:38} INFO - Connecting to MariaDB database: open_flights_data
[2025-10-16T19:39:14.163+0000] {python.py:237} INFO - Done. Returned value was: None
[2025-10-16T19:39:14.164+0000] {taskinstance.py:441} INFO - ::group::Post task execution logs
[2025-10-16T19:39:14.178+0000] {taskinstance.py:1205} INFO - Marking task as SUCCESS. dag_id=OpenFlightsDataIngestion, task_id=group_countries.create_table_countries, execution_date=20251016T193858, start_date=20251016T193913, end_date=20251016T193914
[2025-10-16T19:39:14.230+0000] {local_task_job_runner.py:240} INFO - Task exited with return code 0
[2025-10-16T19:39:14.275+0000] {taskinstance.py:3482} INFO - 1 downstream tasks scheduled from follow-on schedule check
[2025-10-16T19:39:14.278+0000] {local_task_job_runner.py:222} INFO - ::endgroup::
