[2025-10-16T18:38:09.693+0000] {local_task_job_runner.py:120} INFO - ::group::Pre task execution logs
[2025-10-16T18:38:09.726+0000] {taskinstance.py:2073} INFO - Dependencies all met for dep_context=non-requeueable deps ti=<TaskInstance: OpenFlightsDataIngestion.group_airports.create_table_airports manual__2025-10-16T18:37:45.932349+00:00 [queued]>
[2025-10-16T18:38:09.741+0000] {taskinstance.py:2073} INFO - Dependencies all met for dep_context=requeueable deps ti=<TaskInstance: OpenFlightsDataIngestion.group_airports.create_table_airports manual__2025-10-16T18:37:45.932349+00:00 [queued]>
[2025-10-16T18:38:09.742+0000] {taskinstance.py:2303} INFO - Starting attempt 1 of 1
[2025-10-16T18:38:09.763+0000] {taskinstance.py:2327} INFO - Executing <Task(PythonOperator): group_airports.create_table_airports> on 2025-10-16 18:37:45.932349+00:00
[2025-10-16T18:38:09.778+0000] {warnings.py:110} WARNING - /home/***/.local/lib/python3.12/site-packages/***/task/task_runner/standard_task_runner.py:61: DeprecationWarning: This process (pid=206) is multi-threaded, use of fork() may lead to deadlocks in the child.
  pid = os.fork()

[2025-10-16T18:38:09.781+0000] {standard_task_runner.py:63} INFO - Started process 268 to run task
[2025-10-16T18:38:09.781+0000] {standard_task_runner.py:90} INFO - Running: ['***', 'tasks', 'run', 'OpenFlightsDataIngestion', 'group_airports.create_table_airports', 'manual__2025-10-16T18:37:45.932349+00:00', '--job-id', '170', '--raw', '--subdir', 'DAGS_FOLDER/openflights_dag.py', '--cfg-path', '/tmp/tmp48pvdcrc']
[2025-10-16T18:38:09.787+0000] {standard_task_runner.py:91} INFO - Job 170: Subtask group_airports.create_table_airports
[2025-10-16T18:38:09.889+0000] {task_command.py:426} INFO - Running <TaskInstance: OpenFlightsDataIngestion.group_airports.create_table_airports manual__2025-10-16T18:37:45.932349+00:00 [running]> on host e6b42f39be87
[2025-10-16T18:38:10.083+0000] {taskinstance.py:2644} INFO - Exporting env vars: AIRFLOW_CTX_DAG_OWNER='***' AIRFLOW_CTX_DAG_ID='OpenFlightsDataIngestion' AIRFLOW_CTX_TASK_ID='group_airports.create_table_airports' AIRFLOW_CTX_EXECUTION_DATE='2025-10-16T18:37:45.932349+00:00' AIRFLOW_CTX_TRY_NUMBER='1' AIRFLOW_CTX_DAG_RUN_ID='manual__2025-10-16T18:37:45.932349+00:00'
[2025-10-16T18:38:10.087+0000] {taskinstance.py:430} INFO - ::endgroup::
[2025-10-16T18:38:10.102+0000] {base.py:84} INFO - Using connection ID 'maria_db_default' for task execution.
[2025-10-16T18:38:10.103+0000] {mariadb_hook.py:38} INFO - Connecting to MariaDB database: open_flights_data
[2025-10-16T18:38:10.675+0000] {python.py:237} INFO - Done. Returned value was: None
[2025-10-16T18:38:10.676+0000] {taskinstance.py:441} INFO - ::group::Post task execution logs
[2025-10-16T18:38:10.691+0000] {taskinstance.py:1205} INFO - Marking task as SUCCESS. dag_id=OpenFlightsDataIngestion, task_id=group_airports.create_table_airports, execution_date=20251016T183745, start_date=20251016T183809, end_date=20251016T183810
[2025-10-16T18:38:10.746+0000] {local_task_job_runner.py:240} INFO - Task exited with return code 0
[2025-10-16T18:38:10.791+0000] {taskinstance.py:3482} INFO - 1 downstream tasks scheduled from follow-on schedule check
[2025-10-16T18:38:10.794+0000] {local_task_job_runner.py:222} INFO - ::endgroup::
