[2025-10-16T19:49:14.605+0000] {local_task_job_runner.py:120} INFO - ::group::Pre task execution logs
[2025-10-16T19:49:14.633+0000] {taskinstance.py:2073} INFO - Dependencies all met for dep_context=non-requeueable deps ti=<TaskInstance: OpenFlightsDataIngestion.group_planes.cpimport_planes manual__2025-10-16T19:48:49.166871+00:00 [queued]>
[2025-10-16T19:49:14.646+0000] {taskinstance.py:2073} INFO - Dependencies all met for dep_context=requeueable deps ti=<TaskInstance: OpenFlightsDataIngestion.group_planes.cpimport_planes manual__2025-10-16T19:48:49.166871+00:00 [queued]>
[2025-10-16T19:49:14.647+0000] {taskinstance.py:2303} INFO - Starting attempt 1 of 1
[2025-10-16T19:49:14.671+0000] {taskinstance.py:2327} INFO - Executing <Task(MariaDBCpImportOperator): group_planes.cpimport_planes> on 2025-10-16 19:48:49.166871+00:00
[2025-10-16T19:49:14.680+0000] {warnings.py:110} WARNING - /home/***/.local/lib/python3.12/site-packages/***/task/task_runner/standard_task_runner.py:61: DeprecationWarning: This process (pid=1681) is multi-threaded, use of fork() may lead to deadlocks in the child.
  pid = os.fork()

[2025-10-16T19:49:14.683+0000] {standard_task_runner.py:63} INFO - Started process 1719 to run task
[2025-10-16T19:49:14.684+0000] {standard_task_runner.py:90} INFO - Running: ['***', 'tasks', 'run', 'OpenFlightsDataIngestion', 'group_planes.cpimport_planes', 'manual__2025-10-16T19:48:49.166871+00:00', '--job-id', '274', '--raw', '--subdir', 'DAGS_FOLDER/openflights_dag.py', '--cfg-path', '/tmp/tmp23m7ran3']
[2025-10-16T19:49:14.689+0000] {standard_task_runner.py:91} INFO - Job 274: Subtask group_planes.cpimport_planes
[2025-10-16T19:49:14.764+0000] {task_command.py:426} INFO - Running <TaskInstance: OpenFlightsDataIngestion.group_planes.cpimport_planes manual__2025-10-16T19:48:49.166871+00:00 [running]> on host e6b42f39be87
[2025-10-16T19:49:14.915+0000] {taskinstance.py:2644} INFO - Exporting env vars: AIRFLOW_CTX_DAG_OWNER='***' AIRFLOW_CTX_DAG_ID='OpenFlightsDataIngestion' AIRFLOW_CTX_TASK_ID='group_planes.cpimport_planes' AIRFLOW_CTX_EXECUTION_DATE='2025-10-16T19:48:49.166871+00:00' AIRFLOW_CTX_TRY_NUMBER='1' AIRFLOW_CTX_DAG_RUN_ID='manual__2025-10-16T19:48:49.166871+00:00'
[2025-10-16T19:49:14.919+0000] {taskinstance.py:430} INFO - ::endgroup::
[2025-10-16T19:49:14.920+0000] {mariadb_cpimport_operator.py:86} INFO - Starting cpimport operation for table: planes
[2025-10-16T19:49:14.921+0000] {mariadb_cpimport_operator.py:87} INFO - Source file: /root/***_ssh/planes.dat
[2025-10-16T19:49:14.922+0000] {mariadb_cpimport_operator.py:95} INFO - Validating ColumnStore engine...
[2025-10-16T19:49:14.938+0000] {base.py:84} INFO - Using connection ID 'maria_db_default' for task execution.
[2025-10-16T19:49:14.940+0000] {mariadb_hook.py:38} INFO - Connecting to MariaDB database: open_flights_data
[2025-10-16T19:49:14.946+0000] {mariadb_hook.py:79} INFO - Table open_flights_data.planes uses engine: Columnstore
[2025-10-16T19:49:14.947+0000] {mariadb_hook.py:86} INFO - ✓ Table open_flights_data.planes uses ColumnStore engine
[2025-10-16T19:49:14.948+0000] {mariadb_cpimport_operator.py:97} INFO - ✓ ColumnStore engine validation passed
[2025-10-16T19:49:14.949+0000] {mariadb_cpimport_operator.py:102} INFO - Executing cpimport command...
[2025-10-16T19:49:14.963+0000] {base.py:84} INFO - Using connection ID 'maria_db_default' for task execution.
[2025-10-16T19:49:14.964+0000] {mariadb_hook.py:38} INFO - Connecting to MariaDB database: open_flights_data
[2025-10-16T19:49:14.968+0000] {mariadb_hook.py:79} INFO - Table open_flights_data.planes uses engine: Columnstore
[2025-10-16T19:49:14.969+0000] {mariadb_hook.py:86} INFO - ✓ Table open_flights_data.planes uses ColumnStore engine
[2025-10-16T19:49:14.980+0000] {base.py:84} INFO - Using connection ID 'mariadb_ssh_connection' for task execution.
[2025-10-16T19:49:14.981+0000] {mariadb_hook.py:156} INFO - Executing cpimport command via SSH: cpimport -s ',' -E \" -n \\N open_flights_data planes /root/***_ssh/planes.dat
[2025-10-16T19:49:14.982+0000] {ssh.py:301} WARNING - No Host Key Verification. This won't protect against Man-In-The-Middle attacks
[2025-10-16T19:49:14.995+0000] {transport.py:1909} INFO - Connected (version 2.0, client OpenSSH_8.0)
[2025-10-16T19:49:15.115+0000] {transport.py:1909} INFO - Authentication (password) successful!
[2025-10-16T19:49:16.391+0000] {mariadb_hook.py:168} INFO - cpimport completed successfully via SSH
[2025-10-16T19:49:16.392+0000] {mariadb_hook.py:170} INFO - Output: Locale = C.UTF-8Column delimiter : ,
Enclosed by Character : "

Using table OID 3275 as the default JOB ID
Input file(s) will be read from : /root
Job description file : /var/log/mariadb/columnstore/data/bulk/tmpjob/3275_D20251016_T194915_S321332_Job_3275.xml
Log file for this job: /var/log/mariadb/columnstore/cpimport/Job_3275.log
2025-10-16 19:49:15 (2949) INFO : successfully loaded job file /var/log/mariadb/columnstore/data/bulk/tmpjob/3275_D20251016_T194915_S321332_Job_3275.xml
2025-10-16 19:49:15 (2949) INFO : Job file loaded, run time for this step : 0.0406451 seconds
2025-10-16 19:49:15 (2949) INFO : PreProcessing check starts
2025-10-16 19:49:15 (2949) INFO : input data file /root/***_ssh/planes.dat
2025-10-16 19:49:15 (2949) INFO : PreProcessing check completed
2025-10-16 19:49:15 (2949) INFO : preProcess completed, run time for this step : 0.034888 seconds
2025-10-16 19:49:15 (2949) INFO : No of Read Threads Spawned = 1
2025-10-16 19:49:15 (2949) INFO : No of Parse Threads Spawned = 3
2025-10-16 19:49:15 (2949) INFO : For table open_flights_data.planes: 246 rows processed and 246 rows inserted.
2025-10-16 19:49:16 (2949) INFO : Bulk load completed, total run time : 1.07673 seconds


[2025-10-16T19:49:16.393+0000] {mariadb_cpimport_operator.py:112} INFO - ✅ Successfully imported data into planes
[2025-10-16T19:49:16.394+0000] {taskinstance.py:441} INFO - ::group::Post task execution logs
[2025-10-16T19:49:16.422+0000] {taskinstance.py:1205} INFO - Marking task as SUCCESS. dag_id=OpenFlightsDataIngestion, task_id=group_planes.cpimport_planes, execution_date=20251016T194849, start_date=20251016T194914, end_date=20251016T194916
[2025-10-16T19:49:16.465+0000] {local_task_job_runner.py:240} INFO - Task exited with return code 0
[2025-10-16T19:49:16.505+0000] {taskinstance.py:3482} INFO - 0 downstream tasks scheduled from follow-on schedule check
[2025-10-16T19:49:16.533+0000] {local_task_job_runner.py:222} INFO - ::endgroup::
