[2025-10-16T19:44:01.226+0000] {local_task_job_runner.py:120} INFO - ::group::Pre task execution logs
[2025-10-16T19:44:01.255+0000] {taskinstance.py:2073} INFO - Dependencies all met for dep_context=non-requeueable deps ti=<TaskInstance: OpenFlightsDataIngestion.group_planes.drop_table_planes manual__2025-10-16T19:43:50.755150+00:00 [queued]>
[2025-10-16T19:44:01.269+0000] {taskinstance.py:2073} INFO - Dependencies all met for dep_context=requeueable deps ti=<TaskInstance: OpenFlightsDataIngestion.group_planes.drop_table_planes manual__2025-10-16T19:43:50.755150+00:00 [queued]>
[2025-10-16T19:44:01.270+0000] {taskinstance.py:2303} INFO - Starting attempt 1 of 1
[2025-10-16T19:44:01.305+0000] {taskinstance.py:2327} INFO - Executing <Task(PythonOperator): group_planes.drop_table_planes> on 2025-10-16 19:43:50.755150+00:00
[2025-10-16T19:44:01.317+0000] {warnings.py:110} WARNING - /home/***/.local/lib/python3.12/site-packages/***/task/task_runner/standard_task_runner.py:61: DeprecationWarning: This process (pid=1073) is multi-threaded, use of fork() may lead to deadlocks in the child.
  pid = os.fork()

[2025-10-16T19:44:01.320+0000] {standard_task_runner.py:63} INFO - Started process 1141 to run task
[2025-10-16T19:44:01.320+0000] {standard_task_runner.py:90} INFO - Running: ['***', 'tasks', 'run', 'OpenFlightsDataIngestion', 'group_planes.drop_table_planes', 'manual__2025-10-16T19:43:50.755150+00:00', '--job-id', '234', '--raw', '--subdir', 'DAGS_FOLDER/openflights_dag.py', '--cfg-path', '/tmp/tmphxcwg8bm']
[2025-10-16T19:44:01.325+0000] {standard_task_runner.py:91} INFO - Job 234: Subtask group_planes.drop_table_planes
[2025-10-16T19:44:01.395+0000] {task_command.py:426} INFO - Running <TaskInstance: OpenFlightsDataIngestion.group_planes.drop_table_planes manual__2025-10-16T19:43:50.755150+00:00 [running]> on host e6b42f39be87
[2025-10-16T19:44:01.549+0000] {taskinstance.py:2644} INFO - Exporting env vars: AIRFLOW_CTX_DAG_OWNER='***' AIRFLOW_CTX_DAG_ID='OpenFlightsDataIngestion' AIRFLOW_CTX_TASK_ID='group_planes.drop_table_planes' AIRFLOW_CTX_EXECUTION_DATE='2025-10-16T19:43:50.755150+00:00' AIRFLOW_CTX_TRY_NUMBER='1' AIRFLOW_CTX_DAG_RUN_ID='manual__2025-10-16T19:43:50.755150+00:00'
[2025-10-16T19:44:01.553+0000] {taskinstance.py:430} INFO - ::endgroup::
[2025-10-16T19:44:01.567+0000] {base.py:84} INFO - Using connection ID 'maria_db_default' for task execution.
[2025-10-16T19:44:01.568+0000] {mariadb_hook.py:38} INFO - Connecting to MariaDB database: open_flights_data
[2025-10-16T19:44:02.685+0000] {python.py:237} INFO - Done. Returned value was: None
[2025-10-16T19:44:02.689+0000] {taskinstance.py:441} INFO - ::group::Post task execution logs
[2025-10-16T19:44:02.703+0000] {taskinstance.py:1205} INFO - Marking task as SUCCESS. dag_id=OpenFlightsDataIngestion, task_id=group_planes.drop_table_planes, execution_date=20251016T194350, start_date=20251016T194401, end_date=20251016T194402
[2025-10-16T19:44:02.731+0000] {local_task_job_runner.py:240} INFO - Task exited with return code 0
[2025-10-16T19:44:02.779+0000] {taskinstance.py:3482} INFO - 1 downstream tasks scheduled from follow-on schedule check
[2025-10-16T19:44:02.782+0000] {local_task_job_runner.py:222} INFO - ::endgroup::
