[2025-10-26T19:14:18.096+0000] {local_task_job_runner.py:120} INFO - ::group::Pre task execution logs
[2025-10-26T19:14:18.123+0000] {taskinstance.py:2073} INFO - Dependencies all met for dep_context=non-requeueable deps ti=<TaskInstance: Dag_OpenFlightsDataIngestion.group_planes.drop_table_planes manual__2025-10-26T19:14:08.334532+00:00 [queued]>
[2025-10-26T19:14:18.142+0000] {taskinstance.py:2073} INFO - Dependencies all met for dep_context=requeueable deps ti=<TaskInstance: Dag_OpenFlightsDataIngestion.group_planes.drop_table_planes manual__2025-10-26T19:14:08.334532+00:00 [queued]>
[2025-10-26T19:14:18.145+0000] {taskinstance.py:2303} INFO - Starting attempt 1 of 1
[2025-10-26T19:14:18.172+0000] {taskinstance.py:2327} INFO - Executing <Task(PythonOperator): group_planes.drop_table_planes> on 2025-10-26 19:14:08.334532+00:00
[2025-10-26T19:14:18.182+0000] {warnings.py:110} WARNING - /home/***/.local/lib/python3.12/site-packages/***/task/task_runner/standard_task_runner.py:61: DeprecationWarning: This process (pid=446) is multi-threaded, use of fork() may lead to deadlocks in the child.
  pid = os.fork()

[2025-10-26T19:14:18.185+0000] {standard_task_runner.py:63} INFO - Started process 513 to run task
[2025-10-26T19:14:18.186+0000] {standard_task_runner.py:90} INFO - Running: ['***', 'tasks', 'run', 'Dag_OpenFlightsDataIngestion', 'group_planes.drop_table_planes', 'manual__2025-10-26T19:14:08.334532+00:00', '--job-id', '36', '--raw', '--subdir', 'DAGS_FOLDER/openflights_dag.py', '--cfg-path', '/tmp/tmpowlho04f']
[2025-10-26T19:14:18.192+0000] {standard_task_runner.py:91} INFO - Job 36: Subtask group_planes.drop_table_planes
[2025-10-26T19:14:18.278+0000] {task_command.py:426} INFO - Running <TaskInstance: Dag_OpenFlightsDataIngestion.group_planes.drop_table_planes manual__2025-10-26T19:14:08.334532+00:00 [running]> on host c8d58475e5b6
[2025-10-26T19:14:18.418+0000] {taskinstance.py:2644} INFO - Exporting env vars: AIRFLOW_CTX_DAG_OWNER='***' AIRFLOW_CTX_DAG_ID='Dag_OpenFlightsDataIngestion' AIRFLOW_CTX_TASK_ID='group_planes.drop_table_planes' AIRFLOW_CTX_EXECUTION_DATE='2025-10-26T19:14:08.334532+00:00' AIRFLOW_CTX_TRY_NUMBER='1' AIRFLOW_CTX_DAG_RUN_ID='manual__2025-10-26T19:14:08.334532+00:00'
[2025-10-26T19:14:18.421+0000] {taskinstance.py:430} INFO - ::endgroup::
[2025-10-26T19:14:18.434+0000] {base.py:84} INFO - Using connection ID 'maria_db_default' for task execution.
[2025-10-26T19:14:18.434+0000] {mariadb.py:94} INFO - Connecting to MariaDB database: 
[2025-10-26T19:14:20.549+0000] {python.py:237} INFO - Done. Returned value was: None
[2025-10-26T19:14:20.550+0000] {taskinstance.py:441} INFO - ::group::Post task execution logs
[2025-10-26T19:14:20.562+0000] {taskinstance.py:1205} INFO - Marking task as SUCCESS. dag_id=Dag_OpenFlightsDataIngestion, task_id=group_planes.drop_table_planes, execution_date=20251026T191408, start_date=20251026T191418, end_date=20251026T191420
[2025-10-26T19:14:20.583+0000] {local_task_job_runner.py:240} INFO - Task exited with return code 0
[2025-10-26T19:14:20.619+0000] {taskinstance.py:3482} INFO - 1 downstream tasks scheduled from follow-on schedule check
[2025-10-26T19:14:20.621+0000] {local_task_job_runner.py:222} INFO - ::endgroup::
