[2025-10-11T17:28:12.543+0000] {local_task_job_runner.py:120} INFO - ::group::Pre task execution logs
[2025-10-11T17:28:12.598+0000] {taskinstance.py:2073} INFO - Dependencies all met for dep_context=non-requeueable deps ti=<TaskInstance: OpenFlightsDataIngestion.group_countries.download_countries manual__2025-10-11T17:28:08.845122+00:00 [queued]>
[2025-10-11T17:28:12.614+0000] {taskinstance.py:2073} INFO - Dependencies all met for dep_context=requeueable deps ti=<TaskInstance: OpenFlightsDataIngestion.group_countries.download_countries manual__2025-10-11T17:28:08.845122+00:00 [queued]>
[2025-10-11T17:28:12.615+0000] {taskinstance.py:2303} INFO - Starting attempt 1 of 1
[2025-10-11T17:28:12.648+0000] {taskinstance.py:2327} INFO - Executing <Task(PythonOperator): group_countries.download_countries> on 2025-10-11 17:28:08.845122+00:00
[2025-10-11T17:28:12.660+0000] {warnings.py:110} WARNING - /home/***/.local/lib/python3.12/site-packages/***/task/task_runner/standard_task_runner.py:61: DeprecationWarning: This process (pid=136) is multi-threaded, use of fork() may lead to deadlocks in the child.
  pid = os.fork()

[2025-10-11T17:28:12.667+0000] {standard_task_runner.py:63} INFO - Started process 150 to run task
[2025-10-11T17:28:12.674+0000] {standard_task_runner.py:90} INFO - Running: ['***', 'tasks', 'run', 'OpenFlightsDataIngestion', 'group_countries.download_countries', 'manual__2025-10-11T17:28:08.845122+00:00', '--job-id', '33', '--raw', '--subdir', 'DAGS_FOLDER/openflights_dag.py', '--cfg-path', '/tmp/tmpq9g0igh9']
[2025-10-11T17:28:12.687+0000] {standard_task_runner.py:91} INFO - Job 33: Subtask group_countries.download_countries
[2025-10-11T17:28:12.829+0000] {task_command.py:426} INFO - Running <TaskInstance: OpenFlightsDataIngestion.group_countries.download_countries manual__2025-10-11T17:28:08.845122+00:00 [running]> on host 57acc0fdfd63
[2025-10-11T17:28:13.027+0000] {taskinstance.py:2644} INFO - Exporting env vars: AIRFLOW_CTX_DAG_OWNER='***' AIRFLOW_CTX_DAG_ID='OpenFlightsDataIngestion' AIRFLOW_CTX_TASK_ID='group_countries.download_countries' AIRFLOW_CTX_EXECUTION_DATE='2025-10-11T17:28:08.845122+00:00' AIRFLOW_CTX_TRY_NUMBER='1' AIRFLOW_CTX_DAG_RUN_ID='manual__2025-10-11T17:28:08.845122+00:00'
[2025-10-11T17:28:13.031+0000] {taskinstance.py:430} INFO - ::endgroup::
[2025-10-11T17:28:13.488+0000] {python.py:237} INFO - Done. Returned value was: None
[2025-10-11T17:28:13.490+0000] {taskinstance.py:441} INFO - ::group::Post task execution logs
[2025-10-11T17:28:13.506+0000] {taskinstance.py:1205} INFO - Marking task as SUCCESS. dag_id=OpenFlightsDataIngestion, task_id=group_countries.download_countries, execution_date=20251011T172808, start_date=20251011T172812, end_date=20251011T172813
[2025-10-11T17:28:13.550+0000] {local_task_job_runner.py:240} INFO - Task exited with return code 0
[2025-10-11T17:28:13.569+0000] {warnings.py:110} WARNING - /home/***/.local/lib/python3.12/site-packages/***/models/baseoperator.py:1296: AirflowProviderDeprecationWarning: Call to deprecated class MariaDBOperator. (Please use `***.providers.common.sql.operators.sql.SQLExecuteQueryOperator`.Also, you can provide `hook_params={'schema': <database>}`.)
  result = cls.__new__(cls)

[2025-10-11T17:28:13.640+0000] {taskinstance.py:3482} INFO - 1 downstream tasks scheduled from follow-on schedule check
[2025-10-11T17:28:13.642+0000] {local_task_job_runner.py:222} INFO - ::endgroup::
