[2025-10-11T18:29:08.713+0000] {local_task_job_runner.py:120} INFO - ::group::Pre task execution logs
[2025-10-11T18:29:08.752+0000] {taskinstance.py:2073} INFO - Dependencies all met for dep_context=non-requeueable deps ti=<TaskInstance: OpenFlightsDataIngestion.group_airports.truncate_table_airports manual__2025-10-11T18:28:56.080667+00:00 [queued]>
[2025-10-11T18:29:08.766+0000] {taskinstance.py:2073} INFO - Dependencies all met for dep_context=requeueable deps ti=<TaskInstance: OpenFlightsDataIngestion.group_airports.truncate_table_airports manual__2025-10-11T18:28:56.080667+00:00 [queued]>
[2025-10-11T18:29:08.767+0000] {taskinstance.py:2303} INFO - Starting attempt 1 of 1
[2025-10-11T18:29:08.790+0000] {taskinstance.py:2327} INFO - Executing <Task(MariaDBOperator): group_airports.truncate_table_airports> on 2025-10-11 18:28:56.080667+00:00
[2025-10-11T18:29:08.800+0000] {warnings.py:110} WARNING - /home/***/.local/lib/python3.12/site-packages/***/task/task_runner/standard_task_runner.py:61: DeprecationWarning: This process (pid=73) is multi-threaded, use of fork() may lead to deadlocks in the child.
  pid = os.fork()

[2025-10-11T18:29:08.803+0000] {standard_task_runner.py:63} INFO - Started process 85 to run task
[2025-10-11T18:29:08.804+0000] {standard_task_runner.py:90} INFO - Running: ['***', 'tasks', 'run', 'OpenFlightsDataIngestion', 'group_airports.truncate_table_airports', 'manual__2025-10-11T18:28:56.080667+00:00', '--job-id', '78', '--raw', '--subdir', 'DAGS_FOLDER/openflights_dag.py', '--cfg-path', '/tmp/tmpa49w6bax']
[2025-10-11T18:29:08.809+0000] {standard_task_runner.py:91} INFO - Job 78: Subtask group_airports.truncate_table_airports
[2025-10-11T18:29:08.880+0000] {task_command.py:426} INFO - Running <TaskInstance: OpenFlightsDataIngestion.group_airports.truncate_table_airports manual__2025-10-11T18:28:56.080667+00:00 [running]> on host dc3f0ff817bf
[2025-10-11T18:29:09.026+0000] {taskinstance.py:2644} INFO - Exporting env vars: AIRFLOW_CTX_DAG_OWNER='***' AIRFLOW_CTX_DAG_ID='OpenFlightsDataIngestion' AIRFLOW_CTX_TASK_ID='group_airports.truncate_table_airports' AIRFLOW_CTX_EXECUTION_DATE='2025-10-11T18:28:56.080667+00:00' AIRFLOW_CTX_TRY_NUMBER='1' AIRFLOW_CTX_DAG_RUN_ID='manual__2025-10-11T18:28:56.080667+00:00'
[2025-10-11T18:29:09.029+0000] {taskinstance.py:430} INFO - ::endgroup::
[2025-10-11T18:29:09.030+0000] {sql.py:276} INFO - Executing: 
            SET @table_exists = (
                SELECT COUNT(*) 
                FROM information_schema.tables 
                WHERE table_schema = 'open_flights_data' 
                AND table_name = 'airports'
            );

            SET @query = IF(@table_exists > 0, 
                CONCAT('TRUNCATE TABLE open_flights_data.airports'), 
                'SELECT "Table open_flights_data.airports does not exist, skipping truncation."');

            PREPARE stmt FROM @query;
            EXECUTE stmt;
            DEALLOCATE PREPARE stmt;
            
[2025-10-11T18:29:09.050+0000] {base.py:84} INFO - Using connection ID 'maria_db_default' for task execution.
[2025-10-11T18:29:09.065+0000] {base.py:84} INFO - Using connection ID 'maria_db_default' for task execution.
[2025-10-11T18:29:09.066+0000] {mariadb_hook.py:37} INFO - Connecting to MariaDB database: 
[2025-10-11T18:29:09.071+0000] {sql.py:457} INFO - Running statement: 
            SET @table_exists = (
                SELECT COUNT(*) 
                FROM information_schema.tables 
                WHERE table_schema = 'open_flights_data' 
                AND table_name = 'airports'
            );

            SET @query = IF(@table_exists > 0, 
                CONCAT('TRUNCATE TABLE open_flights_data.airports'), 
                'SELECT "Table open_flights_data.airports does not exist, skipping truncation."');

            PREPARE stmt FROM @query;
            EXECUTE stmt;
            DEALLOCATE PREPARE stmt;
            , parameters: None
[2025-10-11T18:29:09.072+0000] {taskinstance.py:441} INFO - ::group::Post task execution logs
[2025-10-11T18:29:09.074+0000] {taskinstance.py:2890} ERROR - Task failed with exception
Traceback (most recent call last):
  File "/home/airflow/.local/lib/python3.12/site-packages/airflow/models/taskinstance.py", line 465, in _execute_task
    result = _execute_callable(context=context, **execute_callable_kwargs)
             ^^^^^^^^^^^^^^^^^^^^^^^^^^^^^^^^^^^^^^^^^^^^^^^^^^^^^^^^^^^^^
  File "/home/airflow/.local/lib/python3.12/site-packages/airflow/models/taskinstance.py", line 432, in _execute_callable
    return execute_callable(context=context, **execute_callable_kwargs)
           ^^^^^^^^^^^^^^^^^^^^^^^^^^^^^^^^^^^^^^^^^^^^^^^^^^^^^^^^^^^^
  File "/home/airflow/.local/lib/python3.12/site-packages/airflow/models/baseoperator.py", line 400, in wrapper
    return func(self, *args, **kwargs)
           ^^^^^^^^^^^^^^^^^^^^^^^^^^^
  File "/home/airflow/.local/lib/python3.12/site-packages/airflow/providers/common/sql/operators/sql.py", line 282, in execute
    output = hook.run(
             ^^^^^^^^^
  File "/home/airflow/.local/lib/python3.12/site-packages/airflow/providers/common/sql/hooks/sql.py", line 404, in run
    self._run_command(cur, sql_statement, parameters)
  File "/home/airflow/.local/lib/python3.12/site-packages/airflow/providers/common/sql/hooks/sql.py", line 462, in _run_command
    cur.execute(sql_statement)
  File "/home/airflow/.local/lib/python3.12/site-packages/mariadb/cursors.py", line 351, in execute
    self._readresponse()
mariadb.ProgrammingError: You have an error in your SQL syntax; check the manual that corresponds to your MariaDB server version for the right syntax to use near 'SET @query = IF(@table_exists > 0, 
                CONCAT('TRUNCATE TABLE op...' at line 8
[2025-10-11T18:29:09.093+0000] {taskinstance.py:1205} INFO - Marking task as FAILED. dag_id=OpenFlightsDataIngestion, task_id=group_airports.truncate_table_airports, execution_date=20251011T182856, start_date=20251011T182908, end_date=20251011T182909
[2025-10-11T18:29:09.128+0000] {standard_task_runner.py:110} ERROR - Failed to execute job 78 for task group_airports.truncate_table_airports (You have an error in your SQL syntax; check the manual that corresponds to your MariaDB server version for the right syntax to use near 'SET @query = IF(@table_exists > 0, 
                CONCAT('TRUNCATE TABLE op...' at line 8; 85)
[2025-10-11T18:29:09.150+0000] {local_task_job_runner.py:240} INFO - Task exited with return code 1
[2025-10-11T18:29:09.261+0000] {warnings.py:110} WARNING - /home/***/.local/lib/python3.12/site-packages/***/models/baseoperator.py:1296: AirflowProviderDeprecationWarning: Call to deprecated class MariaDBOperator. (Please use `***.providers.common.sql.operators.sql.SQLExecuteQueryOperator`.Also, you can provide `hook_params={'schema': <database>}`.)
  result = cls.__new__(cls)

[2025-10-11T18:29:09.295+0000] {taskinstance.py:3482} INFO - 0 downstream tasks scheduled from follow-on schedule check
[2025-10-11T18:29:09.303+0000] {local_task_job_runner.py:222} INFO - ::endgroup::
