[2025-10-12T09:26:39.615+0000] {local_task_job_runner.py:120} INFO - ::group::Pre task execution logs
[2025-10-12T09:26:39.641+0000] {taskinstance.py:2073} INFO - Dependencies all met for dep_context=non-requeueable deps ti=<TaskInstance: OpenFlightsDataIngestion_SSH.group_countries.truncate_table_countries manual__2025-10-12T09:26:32.270673+00:00 [queued]>
[2025-10-12T09:26:39.653+0000] {taskinstance.py:2073} INFO - Dependencies all met for dep_context=requeueable deps ti=<TaskInstance: OpenFlightsDataIngestion_SSH.group_countries.truncate_table_countries manual__2025-10-12T09:26:32.270673+00:00 [queued]>
[2025-10-12T09:26:39.654+0000] {taskinstance.py:2303} INFO - Starting attempt 1 of 1
[2025-10-12T09:26:39.679+0000] {taskinstance.py:2327} INFO - Executing <Task(PythonOperator): group_countries.truncate_table_countries> on 2025-10-12 09:26:32.270673+00:00
[2025-10-12T09:26:39.691+0000] {warnings.py:110} WARNING - /home/***/.local/lib/python3.12/site-packages/***/task/task_runner/standard_task_runner.py:61: DeprecationWarning: This process (pid=172) is multi-threaded, use of fork() may lead to deadlocks in the child.
  pid = os.fork()

[2025-10-12T09:26:39.693+0000] {standard_task_runner.py:63} INFO - Started process 182 to run task
[2025-10-12T09:26:39.693+0000] {standard_task_runner.py:90} INFO - Running: ['***', 'tasks', 'run', 'OpenFlightsDataIngestion_SSH', 'group_countries.truncate_table_countries', 'manual__2025-10-12T09:26:32.270673+00:00', '--job-id', '46', '--raw', '--subdir', 'DAGS_FOLDER/openflights_dag.py', '--cfg-path', '/tmp/tmpgvjqt38e']
[2025-10-12T09:26:39.698+0000] {standard_task_runner.py:91} INFO - Job 46: Subtask group_countries.truncate_table_countries
[2025-10-12T09:26:39.789+0000] {task_command.py:426} INFO - Running <TaskInstance: OpenFlightsDataIngestion_SSH.group_countries.truncate_table_countries manual__2025-10-12T09:26:32.270673+00:00 [running]> on host 030cfa6c2cac
[2025-10-12T09:26:39.927+0000] {taskinstance.py:2644} INFO - Exporting env vars: AIRFLOW_CTX_DAG_OWNER='***' AIRFLOW_CTX_DAG_ID='OpenFlightsDataIngestion_SSH' AIRFLOW_CTX_TASK_ID='group_countries.truncate_table_countries' AIRFLOW_CTX_EXECUTION_DATE='2025-10-12T09:26:32.270673+00:00' AIRFLOW_CTX_TRY_NUMBER='1' AIRFLOW_CTX_DAG_RUN_ID='manual__2025-10-12T09:26:32.270673+00:00'
[2025-10-12T09:26:39.930+0000] {taskinstance.py:430} INFO - ::endgroup::
[2025-10-12T09:26:39.945+0000] {base.py:84} INFO - Using connection ID 'maria_db_default' for task execution.
[2025-10-12T09:26:39.946+0000] {mariadb_hook.py:37} INFO - Connecting to MariaDB database: 
[2025-10-12T09:26:39.951+0000] {logging_mixin.py:188} INFO - Table open_flights_data.countries does not exist, skipping truncation.
[2025-10-12T09:26:39.952+0000] {python.py:237} INFO - Done. Returned value was: None
[2025-10-12T09:26:39.954+0000] {taskinstance.py:441} INFO - ::group::Post task execution logs
[2025-10-12T09:26:39.971+0000] {taskinstance.py:1205} INFO - Marking task as SUCCESS. dag_id=OpenFlightsDataIngestion_SSH, task_id=group_countries.truncate_table_countries, execution_date=20251012T092632, start_date=20251012T092639, end_date=20251012T092639
[2025-10-12T09:26:40.039+0000] {local_task_job_runner.py:240} INFO - Task exited with return code 0
[2025-10-12T09:26:40.152+0000] {taskinstance.py:3482} INFO - 1 downstream tasks scheduled from follow-on schedule check
[2025-10-12T09:26:40.154+0000] {local_task_job_runner.py:222} INFO - ::endgroup::
