[2025-10-13T11:50:44.681+0000] {local_task_job_runner.py:120} INFO - ::group::Pre task execution logs
[2025-10-13T11:50:44.719+0000] {taskinstance.py:2073} INFO - Dependencies all met for dep_context=non-requeueable deps ti=<TaskInstance: OpenFlightsDataIngestion_SFTP.group_countries.sftp_upload_countries manual__2025-10-13T11:50:29.073841+00:00 [queued]>
[2025-10-13T11:50:44.733+0000] {taskinstance.py:2073} INFO - Dependencies all met for dep_context=requeueable deps ti=<TaskInstance: OpenFlightsDataIngestion_SFTP.group_countries.sftp_upload_countries manual__2025-10-13T11:50:29.073841+00:00 [queued]>
[2025-10-13T11:50:44.734+0000] {taskinstance.py:2303} INFO - Starting attempt 1 of 2
[2025-10-13T11:50:44.756+0000] {taskinstance.py:2327} INFO - Executing <Task(PythonOperator): group_countries.sftp_upload_countries> on 2025-10-13 11:50:29.073841+00:00
[2025-10-13T11:50:44.764+0000] {warnings.py:110} WARNING - /home/***/.local/lib/python3.12/site-packages/***/task/task_runner/standard_task_runner.py:61: DeprecationWarning: This process (pid=219) is multi-threaded, use of fork() may lead to deadlocks in the child.
  pid = os.fork()

[2025-10-13T11:50:44.768+0000] {standard_task_runner.py:63} INFO - Started process 229 to run task
[2025-10-13T11:50:44.771+0000] {standard_task_runner.py:90} INFO - Running: ['***', 'tasks', 'run', 'OpenFlightsDataIngestion_SFTP', 'group_countries.sftp_upload_countries', 'manual__2025-10-13T11:50:29.073841+00:00', '--job-id', '55', '--raw', '--subdir', 'DAGS_FOLDER/openflights_dag.py', '--cfg-path', '/tmp/tmpuenvno4w']
[2025-10-13T11:50:44.775+0000] {standard_task_runner.py:91} INFO - Job 55: Subtask group_countries.sftp_upload_countries
[2025-10-13T11:50:44.867+0000] {task_command.py:426} INFO - Running <TaskInstance: OpenFlightsDataIngestion_SFTP.group_countries.sftp_upload_countries manual__2025-10-13T11:50:29.073841+00:00 [running]> on host 165b2a8d6d15
[2025-10-13T11:50:45.006+0000] {taskinstance.py:2644} INFO - Exporting env vars: AIRFLOW_CTX_DAG_OWNER='***' AIRFLOW_CTX_DAG_ID='OpenFlightsDataIngestion_SFTP' AIRFLOW_CTX_TASK_ID='group_countries.sftp_upload_countries' AIRFLOW_CTX_EXECUTION_DATE='2025-10-13T11:50:29.073841+00:00' AIRFLOW_CTX_TRY_NUMBER='1' AIRFLOW_CTX_DAG_RUN_ID='manual__2025-10-13T11:50:29.073841+00:00'
[2025-10-13T11:50:45.011+0000] {taskinstance.py:430} INFO - ::endgroup::
[2025-10-13T11:50:45.025+0000] {base.py:84} INFO - Using connection ID 'mariadb_ssh_connection' for task execution.
[2025-10-13T11:50:45.040+0000] {transport.py:1909} INFO - Connected (version 2.0, client OpenSSH_8.9p1)
[2025-10-13T11:50:45.198+0000] {transport.py:1909} INFO - Authentication (password) successful!
[2025-10-13T11:50:45.274+0000] {sftp.py:169} INFO - [chan 0] Opened sftp connection (server version 3)
[2025-10-13T11:50:45.279+0000] {logging_mixin.py:188} INFO - Uploading /opt/***/dags/data/countries.dat -> /var/openflights_data/countries.dat
[2025-10-13T11:50:45.293+0000] {sftp.py:169} INFO - [chan 0] sftp session closed.
[2025-10-13T11:50:45.294+0000] {python.py:237} INFO - Done. Returned value was: None
[2025-10-13T11:50:45.298+0000] {taskinstance.py:441} INFO - ::group::Post task execution logs
[2025-10-13T11:50:45.321+0000] {taskinstance.py:1205} INFO - Marking task as SUCCESS. dag_id=OpenFlightsDataIngestion_SFTP, task_id=group_countries.sftp_upload_countries, execution_date=20251013T115029, start_date=20251013T115044, end_date=20251013T115045
[2025-10-13T11:50:45.402+0000] {local_task_job_runner.py:240} INFO - Task exited with return code 0
[2025-10-13T11:50:45.440+0000] {taskinstance.py:3482} INFO - 1 downstream tasks scheduled from follow-on schedule check
[2025-10-13T11:50:45.443+0000] {local_task_job_runner.py:222} INFO - ::endgroup::
