[2025-10-16T19:49:13.164+0000] {local_task_job_runner.py:120} INFO - ::group::Pre task execution logs
[2025-10-16T19:49:13.212+0000] {taskinstance.py:2073} INFO - Dependencies all met for dep_context=non-requeueable deps ti=<TaskInstance: OpenFlightsDataIngestion.group_countries.cpimport_countries manual__2025-10-16T19:48:49.166871+00:00 [queued]>
[2025-10-16T19:49:13.241+0000] {taskinstance.py:2073} INFO - Dependencies all met for dep_context=requeueable deps ti=<TaskInstance: OpenFlightsDataIngestion.group_countries.cpimport_countries manual__2025-10-16T19:48:49.166871+00:00 [queued]>
[2025-10-16T19:49:13.242+0000] {taskinstance.py:2303} INFO - Starting attempt 1 of 1
[2025-10-16T19:49:13.272+0000] {taskinstance.py:2327} INFO - Executing <Task(MariaDBCpImportOperator): group_countries.cpimport_countries> on 2025-10-16 19:48:49.166871+00:00
[2025-10-16T19:49:13.287+0000] {warnings.py:110} WARNING - /home/***/.local/lib/python3.12/site-packages/***/task/task_runner/standard_task_runner.py:61: DeprecationWarning: This process (pid=1638) is multi-threaded, use of fork() may lead to deadlocks in the child.
  pid = os.fork()

[2025-10-16T19:49:13.290+0000] {standard_task_runner.py:63} INFO - Started process 1708 to run task
[2025-10-16T19:49:13.291+0000] {standard_task_runner.py:90} INFO - Running: ['***', 'tasks', 'run', 'OpenFlightsDataIngestion', 'group_countries.cpimport_countries', 'manual__2025-10-16T19:48:49.166871+00:00', '--job-id', '272', '--raw', '--subdir', 'DAGS_FOLDER/openflights_dag.py', '--cfg-path', '/tmp/tmpjc0btbgo']
[2025-10-16T19:49:13.296+0000] {standard_task_runner.py:91} INFO - Job 272: Subtask group_countries.cpimport_countries
[2025-10-16T19:49:13.400+0000] {task_command.py:426} INFO - Running <TaskInstance: OpenFlightsDataIngestion.group_countries.cpimport_countries manual__2025-10-16T19:48:49.166871+00:00 [running]> on host e6b42f39be87
[2025-10-16T19:49:13.576+0000] {taskinstance.py:2644} INFO - Exporting env vars: AIRFLOW_CTX_DAG_OWNER='***' AIRFLOW_CTX_DAG_ID='OpenFlightsDataIngestion' AIRFLOW_CTX_TASK_ID='group_countries.cpimport_countries' AIRFLOW_CTX_EXECUTION_DATE='2025-10-16T19:48:49.166871+00:00' AIRFLOW_CTX_TRY_NUMBER='1' AIRFLOW_CTX_DAG_RUN_ID='manual__2025-10-16T19:48:49.166871+00:00'
[2025-10-16T19:49:13.581+0000] {taskinstance.py:430} INFO - ::endgroup::
[2025-10-16T19:49:13.582+0000] {mariadb_cpimport_operator.py:86} INFO - Starting cpimport operation for table: countries
[2025-10-16T19:49:13.583+0000] {mariadb_cpimport_operator.py:87} INFO - Source file: /root/***_ssh/countries.dat
[2025-10-16T19:49:13.584+0000] {mariadb_cpimport_operator.py:95} INFO - Validating ColumnStore engine...
[2025-10-16T19:49:13.603+0000] {base.py:84} INFO - Using connection ID 'maria_db_default' for task execution.
[2025-10-16T19:49:13.604+0000] {mariadb_hook.py:38} INFO - Connecting to MariaDB database: open_flights_data
[2025-10-16T19:49:13.610+0000] {mariadb_hook.py:79} INFO - Table open_flights_data.countries uses engine: Columnstore
[2025-10-16T19:49:13.611+0000] {mariadb_hook.py:86} INFO - ✓ Table open_flights_data.countries uses ColumnStore engine
[2025-10-16T19:49:13.612+0000] {mariadb_cpimport_operator.py:97} INFO - ✓ ColumnStore engine validation passed
[2025-10-16T19:49:13.613+0000] {mariadb_cpimport_operator.py:102} INFO - Executing cpimport command...
[2025-10-16T19:49:13.625+0000] {base.py:84} INFO - Using connection ID 'maria_db_default' for task execution.
[2025-10-16T19:49:13.627+0000] {mariadb_hook.py:38} INFO - Connecting to MariaDB database: open_flights_data
[2025-10-16T19:49:13.631+0000] {mariadb_hook.py:79} INFO - Table open_flights_data.countries uses engine: Columnstore
[2025-10-16T19:49:13.632+0000] {mariadb_hook.py:86} INFO - ✓ Table open_flights_data.countries uses ColumnStore engine
[2025-10-16T19:49:13.645+0000] {base.py:84} INFO - Using connection ID 'mariadb_ssh_connection' for task execution.
[2025-10-16T19:49:13.647+0000] {mariadb_hook.py:156} INFO - Executing cpimport command via SSH: cpimport -s ',' -E \" -n \\N open_flights_data countries /root/***_ssh/countries.dat
[2025-10-16T19:49:13.648+0000] {ssh.py:301} WARNING - No Host Key Verification. This won't protect against Man-In-The-Middle attacks
[2025-10-16T19:49:13.660+0000] {transport.py:1909} INFO - Connected (version 2.0, client OpenSSH_8.0)
[2025-10-16T19:49:13.765+0000] {transport.py:1909} INFO - Authentication (password) successful!
[2025-10-16T19:49:15.078+0000] {mariadb_hook.py:168} INFO - cpimport completed successfully via SSH
[2025-10-16T19:49:15.078+0000] {mariadb_hook.py:170} INFO - Output: Locale = C.UTF-8Column delimiter : ,
Enclosed by Character : "

Using table OID 3213 as the default JOB ID
Input file(s) will be read from : /root
Job description file : /var/log/mariadb/columnstore/data/bulk/tmpjob/3213_D20251016_T194913_S988129_Job_3213.xml
Log file for this job: /var/log/mariadb/columnstore/cpimport/Job_3213.log
2025-10-16 19:49:14 (2773) INFO : successfully loaded job file /var/log/mariadb/columnstore/data/bulk/tmpjob/3213_D20251016_T194913_S988129_Job_3213.xml
2025-10-16 19:49:14 (2773) INFO : Job file loaded, run time for this step : 0.052129 seconds
2025-10-16 19:49:14 (2773) INFO : PreProcessing check starts
2025-10-16 19:49:14 (2773) INFO : input data file /root/***_ssh/countries.dat
2025-10-16 19:49:14 (2773) INFO : PreProcessing check completed
2025-10-16 19:49:14 (2773) INFO : preProcess completed, run time for this step : 0.0486281 seconds
2025-10-16 19:49:14 (2773) INFO : No of Read Threads Spawned = 1
2025-10-16 19:49:14 (2773) INFO : No of Parse Threads Spawned = 3
2025-10-16 19:49:14 (2773) INFO : For table open_flights_data.countries: 261 rows processed and 261 rows inserted.
2025-10-16 19:49:15 (2773) INFO : Bulk load completed, total run time : 1.10206 seconds


[2025-10-16T19:49:15.079+0000] {mariadb_cpimport_operator.py:112} INFO - ✅ Successfully imported data into countries
[2025-10-16T19:49:15.079+0000] {taskinstance.py:441} INFO - ::group::Post task execution logs
[2025-10-16T19:49:15.105+0000] {taskinstance.py:1205} INFO - Marking task as SUCCESS. dag_id=OpenFlightsDataIngestion, task_id=group_countries.cpimport_countries, execution_date=20251016T194849, start_date=20251016T194913, end_date=20251016T194915
[2025-10-16T19:49:15.153+0000] {local_task_job_runner.py:240} INFO - Task exited with return code 0
[2025-10-16T19:49:15.190+0000] {taskinstance.py:3482} INFO - 0 downstream tasks scheduled from follow-on schedule check
[2025-10-16T19:49:15.192+0000] {local_task_job_runner.py:222} INFO - ::endgroup::
